<Report ReportKind="OverprintReport">
  <Pages>
    <Page Background="" IsGrayBackground="true" Width="241" Height="114.3">
      <OrderFields />
      <Elements>
        <TextElement Text="凭证标题" FieldKind="Master" LeftLineVisible="false" TopLineVisible="false" RightLineVisible="false" BottomLineVisible="false" TextHAlign="Center" BandKind="PageBodyHeader" X="78.2020822525024" Y="2.76458326180776" Width="70" Height="9" FontSize="22" BoldFont="true" BackColor="" />
        <TextElement Text="制作单位" FieldKind="Master" LeftLineVisible="false" TopLineVisible="false" RightLineVisible="false" BottomLineVisible="false" BandKind="PageBodyHeader" X="43.2687494277954" Y="21.1479159037272" Width="90" Height="5" BackColor="" />
        <TextElement Text="本币名称：人民币" LeftLineVisible="false" TopLineVisible="false" RightLineVisible="false" BottomLineVisible="false" BandKind="PageBodyHeader" X="171.681252034505" Y="5.47083361148834" Width="38" Height="5" FontSize="10" BackColor="" />
        <TextElement Text="凭证号" FieldKind="Master" LeftLineVisible="false" TopLineVisible="false" RightLineVisible="false" BottomLineVisible="false" BandKind="PageBodyHeader" X="171.681252034505" Y="13.1979166666667" Width="13" Height="5" FontSize="10" BackColor="" />
        <TextElement Text="—" LeftLineVisible="false" TopLineVisible="false" RightLineVisible="false" BottomLineVisible="false" BandKind="PageBodyHeader" X="184.708333206177" Y="13.4625" Width="3" Height="5" FontSize="10" BackColor="" />
        <TextElement Text="总页码" FieldKind="System" LeftLineVisible="false" TopLineVisible="false" RightLineVisible="false" BottomLineVisible="false" BandKind="PageBodyHeader" X="187.681244405111" Y="13.1979166666667" Width="22" Height="5" FontSize="10" BackColor="" />
        <TextElement Text="记账" FieldKind="Master" LeftLineVisible="false" TopLineVisible="false" RightLineVisible="false" BottomLineVisible="false" BandKind="PageBodyHeader" X="74.2687467575073" Y="93.354163869222" Width="28.2020838896433" Height="5.0000001390775" BackColor="" />
        <TextElement Text="审核" FieldKind="Master" LeftLineVisible="false" TopLineVisible="false" RightLineVisible="false" BottomLineVisible="false" BandKind="PageBodyHeader" X="112.268752861023" Y="93.354163869222" Width="45.135415204366" Height="5.0000001390775" BackColor="" />
        <TextElement Text="制单" FieldKind="Master" LeftLineVisible="false" TopLineVisible="false" RightLineVisible="false" BottomLineVisible="false" BandKind="PageBodyHeader" X="168.381243515015" Y="93.354163869222" Width="15.5020838896433" Height="5.0000001390775" BackColor="" />
        <TableElement X="25.2989583333333" Y="27.4708342234294" Width="184.5" Height="63.592706712087">
          <Rows>
            <Row X="25.2989583333333" Y="27.4708342234294" Width="184.5" Height="7">
              <Cells>
                <Cell OrigWidth="29.5" OrigHeight="7" LeftLineVisible="false" TopLineVisible="false" RightLineVisible="false" BottomLineVisible="false" X="25.2989583333333" Y="27.4708342234294" Width="29.5" Height="7" FontSize="8" />
                <Cell OrigWidth="61.5" OrigHeight="7" LeftLineVisible="false" TopLineVisible="false" RightLineVisible="false" BottomLineVisible="false" X="54.7989583333333" Y="27.4708342234294" Width="61.5" Height="7" FontSize="8" />
                <Cell OrigWidth="24.5" OrigHeight="7" LeftLineVisible="false" TopLineVisible="false" RightLineVisible="false" BottomLineVisible="false" X="116.298958333333" Y="27.4708342234294" Width="24.5" Height="7" FontSize="8" />
                <Cell OrigWidth="20" OrigHeight="7" LeftLineVisible="false" TopLineVisible="false" RightLineVisible="false" BottomLineVisible="false" X="140.798958333333" Y="27.4708342234294" Width="20" Height="7" FontSize="8" />
                <Cell OrigWidth="24" OrigHeight="7" LeftLineVisible="false" TopLineVisible="false" RightLineVisible="false" BottomLineVisible="false" X="160.798958333333" Y="27.4708342234294" Width="24" Height="7" FontSize="8" />
                <Cell OrigWidth="25" OrigHeight="7" LeftLineVisible="false" TopLineVisible="false" RightLineVisible="false" BottomLineVisible="false" X="184.798958333333" Y="27.4708342234294" Width="25" Height="7" FontSize="8" />
              </Cells>
            </Row>
            <Row X="25.2989583333333" Y="34.4708342234294" Width="184.5" Height="10">
              <Cells>
                <Cell OrigWidth="29.5" OrigHeight="10" Text="摘要" FieldKind="Detail" LeftLineVisible="false" TopLineVisible="false" RightLineVisible="false" BottomLineVisible="false" WordWrap="true" X="25.2989583333333" Y="34.4708342234294" Width="29.5" Height="10" FontSize="8" />
                <Cell OrigWidth="61.5" OrigHeight="10" Text="科目" FieldKind="Detail" LeftLineVisible="false" TopLineVisible="false" RightLineVisible="false" BottomLineVisible="false" X="54.7989583333333" Y="34.4708342234294" Width="61.5" Height="10" FontSize="8" />
                <Cell OrigWidth="24.5" OrigHeight="10" Text="原币数量" FieldKind="Detail" LeftLineVisible="false" TopLineVisible="false" RightLineVisible="false" BottomLineVisible="false" TextHAlign="Right" X="116.298958333333" Y="34.4708342234294" Width="24.5" Height="10" FontSize="8" />
                <Cell OrigWidth="20" OrigHeight="10" Text="汇率单价" FieldKind="Detail" LeftLineVisible="false" TopLineVisible="false" RightLineVisible="false" BottomLineVisible="false" TextHAlign="Right" X="140.798958333333" Y="34.4708342234294" Width="20" Height="10" FontSize="8" />
                <Cell OrigWidth="24" OrigHeight="10" Text="借方金额" FieldKind="Detail" LeftLineVisible="false" TopLineVisible="false" RightLineVisible="false" BottomLineVisible="false" TextHAlign="Right" TextFormat="AccountFormat" X="160.798958333333" Y="34.4708342234294" Width="24" Height="10" FontSize="8" />
                <Cell OrigWidth="25" OrigHeight="10" Text="贷方金额" FieldKind="Detail" LeftLineVisible="false" TopLineVisible="false" RightLineVisible="false" BottomLineVisible="false" TextHAlign="Right" TextFormat="AccountFormat" X="184.798958333333" Y="34.4708342234294" Width="25" Height="10" FontSize="8" />
              </Cells>
            </Row>
            <Row IsDashRow="true" X="25.2989583333333" Y="44.4708342234294" Width="184.5" Height="10">
              <Cells>
                <Cell OrigWidth="29.5" OrigHeight="10" Text="" FieldKind="Detail" LeftLineVisible="false" LeftLineKind="Dash" LeftLineColor="green" TopLineVisible="false" TopLineColor="black" RightLineVisible="false" RightLineKind="Dash" RightLineColor="green" BottomLineVisible="false" BottomLineKind="Dash" BottomLineColor="green" WordWrap="true" X="25.2989583333333" Y="44.4708342234294" Width="29.5" Height="10" FontSize="8" />
                <Cell OrigWidth="61.5" OrigHeight="10" Text="" FieldKind="Detail" LeftLineVisible="false" LeftLineKind="Dash" LeftLineColor="green" TopLineVisible="false" TopLineColor="black" RightLineVisible="false" RightLineKind="Dash" RightLineColor="green" BottomLineVisible="false" BottomLineKind="Dash" BottomLineColor="green" X="54.7989583333333" Y="44.4708342234294" Width="61.5" Height="10" FontSize="8" />
                <Cell OrigWidth="24.5" OrigHeight="10" Text="" FieldKind="Detail" LeftLineVisible="false" LeftLineKind="Dash" LeftLineColor="green" TopLineVisible="false" TopLineColor="black" RightLineVisible="false" RightLineKind="Dash" RightLineColor="green" BottomLineVisible="false" BottomLineKind="Dash" BottomLineColor="green" TextHAlign="Right" X="116.298958333333" Y="44.4708342234294" Width="24.5" Height="10" FontSize="8" />
                <Cell OrigWidth="20" OrigHeight="10" Text="" FieldKind="Detail" LeftLineVisible="false" LeftLineKind="Dash" LeftLineColor="green" TopLineVisible="false" TopLineColor="black" RightLineVisible="false" RightLineKind="Dash" RightLineColor="green" BottomLineVisible="false" BottomLineKind="Dash" BottomLineColor="green" TextHAlign="Right" X="140.798958333333" Y="44.4708342234294" Width="20" Height="10" FontSize="8" />
                <Cell OrigWidth="24" OrigHeight="10" Text="" FieldKind="Detail" LeftLineVisible="false" LeftLineKind="Dash" LeftLineColor="green" TopLineVisible="false" TopLineColor="black" RightLineVisible="false" RightLineKind="Dash" RightLineColor="green" BottomLineVisible="false" BottomLineKind="Dash" BottomLineColor="green" TextHAlign="Right" TextFormat="AccountFormat" X="160.798958333333" Y="44.4708342234294" Width="24" Height="10" FontSize="8" />
                <Cell OrigWidth="25" OrigHeight="10" Text="" FieldKind="Detail" LeftLineVisible="false" LeftLineKind="Dash" LeftLineColor="green" TopLineVisible="false" TopLineColor="black" RightLineVisible="false" RightLineKind="Dash" RightLineColor="green" BottomLineVisible="false" BottomLineKind="Dash" BottomLineColor="green" TextHAlign="Right" TextFormat="AccountFormat" X="184.798958333333" Y="44.4708342234294" Width="25" Height="10" FontSize="8" />
              </Cells>
            </Row>
            <Row IsDashRow="true" X="25.2989583333333" Y="54.4708342234294" Width="184.5" Height="10">
              <Cells>
                <Cell OrigWidth="29.5" OrigHeight="10" Text="" FieldKind="Detail" LeftLineVisible="false" LeftLineKind="Dash" LeftLineColor="green" TopLineVisible="false" TopLineKind="Dash" TopLineColor="green" RightLineVisible="false" RightLineKind="Dash" RightLineColor="green" BottomLineVisible="false" BottomLineKind="Dash" BottomLineColor="green" WordWrap="true" X="25.2989583333333" Y="54.4708342234294" Width="29.5" Height="10" FontSize="8" />
                <Cell OrigWidth="61.5" OrigHeight="10" Text="" FieldKind="Detail" LeftLineVisible="false" LeftLineKind="Dash" LeftLineColor="green" TopLineVisible="false" TopLineKind="Dash" TopLineColor="green" RightLineVisible="false" RightLineKind="Dash" RightLineColor="green" BottomLineVisible="false" BottomLineKind="Dash" BottomLineColor="green" X="54.7989583333333" Y="54.4708342234294" Width="61.5" Height="10" FontSize="8" />
                <Cell OrigWidth="24.5" OrigHeight="10" Text="" FieldKind="Detail" LeftLineVisible="false" LeftLineKind="Dash" LeftLineColor="green" TopLineVisible="false" TopLineKind="Dash" TopLineColor="green" RightLineVisible="false" RightLineKind="Dash" RightLineColor="green" BottomLineVisible="false" BottomLineKind="Dash" BottomLineColor="green" TextHAlign="Right" X="116.298958333333" Y="54.4708342234294" Width="24.5" Height="10" FontSize="8" />
                <Cell OrigWidth="20" OrigHeight="10" Text="" FieldKind="Detail" LeftLineVisible="false" LeftLineKind="Dash" LeftLineColor="green" TopLineVisible="false" TopLineKind="Dash" TopLineColor="green" RightLineVisible="false" RightLineKind="Dash" RightLineColor="green" BottomLineVisible="false" BottomLineKind="Dash" BottomLineColor="green" TextHAlign="Right" X="140.798958333333" Y="54.4708342234294" Width="20" Height="10" FontSize="8" />
                <Cell OrigWidth="24" OrigHeight="10" Text="" FieldKind="Detail" LeftLineVisible="false" LeftLineKind="Dash" LeftLineColor="green" TopLineVisible="false" TopLineKind="Dash" TopLineColor="green" RightLineVisible="false" RightLineKind="Dash" RightLineColor="green" BottomLineVisible="false" BottomLineKind="Dash" BottomLineColor="green" TextHAlign="Right" TextFormat="AccountFormat" X="160.798958333333" Y="54.4708342234294" Width="24" Height="10" FontSize="8" />
                <Cell OrigWidth="25" OrigHeight="10" Text="" FieldKind="Detail" LeftLineVisible="false" LeftLineKind="Dash" LeftLineColor="green" TopLineVisible="false" TopLineKind="Dash" TopLineColor="green" RightLineVisible="false" RightLineKind="Dash" RightLineColor="green" BottomLineVisible="false" BottomLineKind="Dash" BottomLineColor="green" TextHAlign="Right" TextFormat="AccountFormat" X="184.798958333333" Y="54.4708342234294" Width="25" Height="10" FontSize="8" />
              </Cells>
            </Row>
            <Row IsDashRow="true" X="25.2989583333333" Y="64.4708342234294" Width="184.5" Height="10">
              <Cells>
                <Cell OrigWidth="29.5" OrigHeight="10" Text="" FieldKind="Detail" LeftLineVisible="false" LeftLineKind="Dash" LeftLineColor="green" TopLineVisible="false" TopLineKind="Dash" TopLineColor="green" RightLineVisible="false" RightLineKind="Dash" RightLineColor="green" BottomLineVisible="false" BottomLineKind="Dash" BottomLineColor="green" WordWrap="true" X="25.2989583333333" Y="64.4708342234294" Width="29.5" Height="10" FontSize="8" />
                <Cell OrigWidth="61.5" OrigHeight="10" Text="" FieldKind="Detail" LeftLineVisible="false" LeftLineKind="Dash" LeftLineColor="green" TopLineVisible="false" TopLineKind="Dash" TopLineColor="green" RightLineVisible="false" RightLineKind="Dash" RightLineColor="green" BottomLineVisible="false" BottomLineKind="Dash" BottomLineColor="green" X="54.7989583333333" Y="64.4708342234294" Width="61.5" Height="10" FontSize="8" />
                <Cell OrigWidth="24.5" OrigHeight="10" Text="" FieldKind="Detail" LeftLineVisible="false" LeftLineKind="Dash" LeftLineColor="green" TopLineVisible="false" TopLineKind="Dash" TopLineColor="green" RightLineVisible="false" RightLineKind="Dash" RightLineColor="green" BottomLineVisible="false" BottomLineKind="Dash" BottomLineColor="green" TextHAlign="Right" X="116.298958333333" Y="64.4708342234294" Width="24.5" Height="10" FontSize="8" />
                <Cell OrigWidth="20" OrigHeight="10" Text="" FieldKind="Detail" LeftLineVisible="false" LeftLineKind="Dash" LeftLineColor="green" TopLineVisible="false" TopLineKind="Dash" TopLineColor="green" RightLineVisible="false" RightLineKind="Dash" RightLineColor="green" BottomLineVisible="false" BottomLineKind="Dash" BottomLineColor="green" TextHAlign="Right" X="140.798958333333" Y="64.4708342234294" Width="20" Height="10" FontSize="8" />
                <Cell OrigWidth="24" OrigHeight="10" Text="" FieldKind="Detail" LeftLineVisible="false" LeftLineKind="Dash" LeftLineColor="green" TopLineVisible="false" TopLineKind="Dash" TopLineColor="green" RightLineVisible="false" RightLineKind="Dash" RightLineColor="green" BottomLineVisible="false" BottomLineKind="Dash" BottomLineColor="green" TextHAlign="Right" TextFormat="AccountFormat" X="160.798958333333" Y="64.4708342234294" Width="24" Height="10" FontSize="8" />
                <Cell OrigWidth="25" OrigHeight="10" Text="" FieldKind="Detail" LeftLineVisible="false" LeftLineKind="Dash" LeftLineColor="green" TopLineVisible="false" TopLineKind="Dash" TopLineColor="green" RightLineVisible="false" RightLineKind="Dash" RightLineColor="green" BottomLineVisible="false" BottomLineKind="Dash" BottomLineColor="green" TextHAlign="Right" TextFormat="AccountFormat" X="184.798958333333" Y="64.4708342234294" Width="25" Height="10" FontSize="8" />
              </Cells>
            </Row>
            <Row IsDashRow="true" X="25.2989583333333" Y="74.4708342234294" Width="184.5" Height="10">
              <Cells>
                <Cell OrigWidth="29.5" OrigHeight="10" Text="" FieldKind="Detail" LeftLineVisible="false" LeftLineKind="Dash" LeftLineColor="green" TopLineVisible="false" TopLineKind="Dash" TopLineColor="green" RightLineVisible="false" RightLineKind="Dash" RightLineColor="green" BottomLineVisible="false" BottomLineKind="Dash" BottomLineColor="green" WordWrap="true" X="25.2989583333333" Y="74.4708342234294" Width="29.5" Height="10" FontSize="8" />
                <Cell OrigWidth="61.5" OrigHeight="10" Text="" FieldKind="Detail" LeftLineVisible="false" LeftLineKind="Dash" LeftLineColor="green" TopLineVisible="false" TopLineKind="Dash" TopLineColor="green" RightLineVisible="false" RightLineKind="Dash" RightLineColor="green" BottomLineVisible="false" BottomLineKind="Dash" BottomLineColor="green" X="54.7989583333333" Y="74.4708342234294" Width="61.5" Height="10" FontSize="8" />
                <Cell OrigWidth="24.5" OrigHeight="10" Text="" FieldKind="Detail" LeftLineVisible="false" LeftLineKind="Dash" LeftLineColor="green" TopLineVisible="false" TopLineKind="Dash" TopLineColor="green" RightLineVisible="false" RightLineKind="Dash" RightLineColor="green" BottomLineVisible="false" BottomLineKind="Dash" BottomLineColor="green" TextHAlign="Right" X="116.298958333333" Y="74.4708342234294" Width="24.5" Height="10" FontSize="8" />
                <Cell OrigWidth="20" OrigHeight="10" Text="" FieldKind="Detail" LeftLineVisible="false" LeftLineKind="Dash" LeftLineColor="green" TopLineVisible="false" TopLineKind="Dash" TopLineColor="green" RightLineVisible="false" RightLineKind="Dash" RightLineColor="green" BottomLineVisible="false" BottomLineKind="Dash" BottomLineColor="green" TextHAlign="Right" X="140.798958333333" Y="74.4708342234294" Width="20" Height="10" FontSize="8" />
                <Cell OrigWidth="24" OrigHeight="10" Text="" FieldKind="Detail" LeftLineVisible="false" LeftLineKind="Dash" LeftLineColor="green" TopLineVisible="false" TopLineKind="Dash" TopLineColor="green" RightLineVisible="false" RightLineKind="Dash" RightLineColor="green" BottomLineVisible="false" BottomLineKind="Dash" BottomLineColor="green" TextHAlign="Right" TextFormat="AccountFormat" X="160.798958333333" Y="74.4708342234294" Width="24" Height="10" FontSize="8" />
                <Cell OrigWidth="25" OrigHeight="10" Text="" FieldKind="Detail" LeftLineVisible="false" LeftLineKind="Dash" LeftLineColor="green" TopLineVisible="false" TopLineKind="Dash" TopLineColor="green" RightLineVisible="false" RightLineKind="Dash" RightLineColor="green" BottomLineVisible="false" BottomLineKind="Dash" BottomLineColor="green" TextHAlign="Right" TextFormat="AccountFormat" X="184.798958333333" Y="74.4708342234294" Width="25" Height="10" FontSize="8" />
              </Cells>
            </Row>
            <Row X="25.2989583333333" Y="84.4708342234294" Width="184.5" Height="6.59270744323733">
              <Cells>
                <Cell OrigWidth="29.5" OrigHeight="6.59270744323733" Text="" LeftLineVisible="false" TopLineVisible="false" RightLineVisible="false" BottomLineVisible="false" X="25.2989583333333" Y="84.4708342234294" Width="29.5" Height="6.59270744323733" FontSize="8" />
                <Cell OrigWidth="106" OrigHeight="6.59270744323733" Text="借方金额" FieldKind="Total" LeftLineVisible="false" TopLineVisible="false" RightLineVisible="false" BottomLineVisible="false" TextFormat="MoneyToUpper" X="54.7989583333333" Y="84.4708342234294" Width="106" Height="6.59270744323733" FontSize="8" />
                <Cell OrigWidth="24" OrigHeight="6.59270744323733" Text="借方金额" FieldKind="ToCurPageSum" LeftLineVisible="false" TopLineVisible="false" RightLineVisible="false" BottomLineVisible="false" TextHAlign="Right" X="160.798958333333" Y="84.4708342234294" Width="24" Height="6.59270744323733" FontSize="8" />
                <Cell OrigWidth="25" OrigHeight="6.59270744323733" Text="贷方金额" FieldKind="ToCurPageSum" LeftLineVisible="false" TopLineVisible="false" RightLineVisible="false" BottomLineVisible="false" TextHAlign="Right" X="184.798958333333" Y="84.4708342234294" Width="25" Height="6.59270744323733" FontSize="8" />
              </Cells>
            </Row>
          </Rows>
        </TableElement>
        <TextElement Text="录单日期" FieldKind="Master" LeftLineVisible="false" TopLineVisible="false" RightLineVisible="false" BottomLineVisible="false" TextHAlign="Center" TextFormat="DateToChn" BandKind="PageBodyHeader" X="78.2020822525024" Y="13.470832824707" Width="70" Height="5" FontSize="10" BackColor="" />
        <TextElement Text="核算单位：" LeftLineVisible="false" TopLineVisible="false" RightLineVisible="false" BottomLineVisible="false" BandKind="PageBodyHeader" X="25.7395827929179" Y="21.1479159037272" Width="15.5291665792465" Height="5.0000001390775" BackColor="" />
        <TextElement Text="财务主管：" LeftLineVisible="false" TopLineVisible="false" RightLineVisible="false" BottomLineVisible="false" BandKind="PageBodyHeader" X="26.2687494595846" Y="93.354163869222" Width="15" Height="5" BackColor="" />
        <TextElement Text="记账：" LeftLineVisible="false" TopLineVisible="false" RightLineVisible="false" BottomLineVisible="false" BandKind="PageBodyHeader" X="65.2687470118205" Y="93.354163869222" Width="9.32291688919067" Height="5.0000001390775" BackColor="" />
        <TextElement Text="复核：" LeftLineVisible="false" TopLineVisible="false" RightLineVisible="false" BottomLineVisible="false" BandKind="PageBodyHeader" X="103.268753115336" Y="93.354163869222" Width="8.52916688919067" Height="5.0000001390775" BackColor="" />
        <TextElement Text="制单：" LeftLineVisible="false" TopLineVisible="false" RightLineVisible="false" BottomLineVisible="false" BandKind="PageBodyHeader" X="158.058327102661" Y="93.354163869222" Width="9.05833355585734" Height="5.0000001390775" BackColor="" />
        <TextElement Text="经办人：" LeftLineVisible="false" TopLineVisible="false" RightLineVisible="false" BottomLineVisible="false" BandKind="PageBodyHeader" X="184.972914886475" Y="93.354163869222" Width="13.0583336671193" Height="5.0000001390775" BackColor="" />
        <TextElement Text="会计主管" FieldKind="Master" LeftLineVisible="false" TopLineVisible="false" RightLineVisible="false" BottomLineVisible="false" BandKind="PageBodyHeader" X="41.4854159355164" Y="93.354163869222" Width="23.96875055631" Height="5.0000001390775" BackColor="" />
        <TextElement Text="经办人" FieldKind="Master" LeftLineVisible="false" TopLineVisible="false" RightLineVisible="false" BottomLineVisible="false" BandKind="PageBodyHeader" X="198.204164759318" Y="93.354163869222" Width="13.3854172229767" Height="5.0000001390775" BackColor="" />
        <TextElement Text="附单据数" LeftLineVisible="false" TopLineVisible="false" RightLineVisible="false" BottomLineVisible="false" BandKind="PageBodyHeader" X="25.2104161262512" Y="85.1062535603841" Width="12.85625055631" Height="5.0000001390775" FontSize="8" BackColor="" />
        <TextElement Text="附件" FieldKind="Master" LeftLineVisible="false" TopLineVisible="false" RightLineVisible="false" BottomLineVisible="false" TextHAlign="Center" BandKind="PageBodyHeader" X="37.5645837148031" Y="85.1062535603841" Width="9.15208388964335" Height="5.0000001390775" FontSize="8" BackColor="" />
        <TextElement Text="张" LeftLineVisible="false" TopLineVisible="false" RightLineVisible="false" BottomLineVisible="false" BandKind="PageBodyHeader" X="46.5645815531413" Y="85.1062535603841" Width="4.91875055631002" Height="5.0000001390775" FontSize="8" BackColor="" />
      </Elements>
      <Bands>
        <Band IsVisible="false" />
        <Band BandKind="PageHeader" />
        <Band IsVisible="false" BandKind="ReportHeader" />
        <Band IsVisible="false" BandKind="PageBodyHeader" />
        <Band BandKind="PageDetail" Height="114.3" />
        <Band IsVisible="false" BandKind="PageBodyFooter" />
        <Band IsVisible="false" BandKind="ReportFooter" />
        <Band BandKind="PageFooter" Y="114.3" />
      </Bands>
    </Page>
  </Pages>
  <PageSettings PrinterName="默认打印机" PaperTypeName="自定义纸张" PaperSizeIndex="113" PageWidth="241" PageHeight="114.3" IsFixedRowCount="true" IsFixedRowHeigt="true" MaxRowCount="5" PaperBinIndex="-1" />
  <ExpressionFields />
</Report>