<Report>
  <Pages>
    <Page Width="210" Height="297">
      <OrderFields />
      <Elements>
        <TextElement Text="表名" FieldKind="Master" LeftLineVisible="false" TopLineVisible="false" RightLineVisible="false" BottomLineVisible="false" TextHAlign="Center" BandKind="ReportHeader" X="9.32917054494222" Y="22.1979163010915" Width="190.541664123535" Height="10.000000278155" FontSize="20" BoldFont="true" />
        <TableElement X="10" Y="40" Width="189.628125" Height="236.422923660278">
          <Rows>
            <Row X="10" Y="40" Width="189.628125" Height="5">
              <Cells>
                <Cell OrigWidth="37.228125" OrigHeight="5" Text="客户编号" WordWrap="true" X="10" Y="40" Width="37.228125" Height="5" />
                <Cell OrigWidth="38.1" OrigHeight="5" Text="客户全名" WordWrap="true" X="47.228125" Y="40" Width="38.1" Height="5" />
                <Cell OrigWidth="41.5395833333333" OrigHeight="5" Text="期初应收金额" WordWrap="true" X="85.328125" Y="40" Width="41.5395833333333" Height="5" />
                <Cell OrigWidth="40.2166666666667" OrigHeight="5" Text="期初预收金额" WordWrap="true" X="126.867708333333" Y="40" Width="40.2166666666667" Height="5" />
                <Cell OrigWidth="32.54375" OrigHeight="5" Text="合计" WordWrap="true" X="167.084375" Y="40" Width="32.54375" Height="5" />
              </Cells>
            </Row>
            <Row X="10" Y="45" Width="189.628125" Height="5">
              <Cells>
                <Cell OrigWidth="37.228125" OrigHeight="5" Text="客户编号" FieldKind="Detail" WordWrap="true" X="10" Y="45" Width="37.228125" Height="5" />
                <Cell OrigWidth="38.1" OrigHeight="5" Text="客户全名" FieldKind="Detail" WordWrap="true" X="47.228125" Y="45" Width="38.1" Height="5" />
                <Cell OrigWidth="41.5395833333333" OrigHeight="5" Text="期初应收金额" FieldKind="Detail" WordWrap="true" X="85.328125" Y="45" Width="41.5395833333333" Height="5" />
                <Cell OrigWidth="40.2166666666667" OrigHeight="5" Text="期初预收金额" FieldKind="Detail" WordWrap="true" X="126.867708333333" Y="45" Width="40.2166666666667" Height="5" />
                <Cell OrigWidth="32.54375" OrigHeight="5" Text="合计" FieldKind="Detail" WordWrap="true" X="167.084375" Y="45" Width="32.54375" Height="5" />
              </Cells>
            </Row>
            <Row X="10" Y="50" Width="189.628125" Height="5">
              <Cells>
                <Cell OrigWidth="75.328125" OrigHeight="5" Text="合计：" TextHAlign="Center" WordWrap="true" X="10" Y="50" Width="75.328125" Height="5" />
                <Cell OrigWidth="41.5395833333333" OrigHeight="5" Text="期初应收金额" FieldKind="ToCurPageSum" WordWrap="true" X="85.328125" Y="50" Width="41.5395833333333" Height="5" />
                <Cell OrigWidth="40.2166666666667" OrigHeight="5" Text="期初预收金额" FieldKind="ToCurPageSum" WordWrap="true" X="126.867708333333" Y="50" Width="40.2166666666667" Height="5" />
                <Cell OrigWidth="32.54375" OrigHeight="5" Text="合计" FieldKind="ToCurPageSum" WordWrap="true" X="167.084375" Y="50" Width="32.54375" Height="5" />
              </Cells>
            </Row>
            <Row X="10" Y="55" Width="189.628125" Height="5">
              <Cells>
                <Cell OrigWidth="37.228125" OrigHeight="5" Text="核算数量：" LeftLineVisible="false" RightLineVisible="false" BottomLineVisible="false" WordWrap="true" X="10" Y="55" Width="37.228125" Height="5" TextColor="black" />
                <Cell OrigWidth="38.1" OrigHeight="5" Text="" LeftLineVisible="false" RightLineVisible="false" BottomLineVisible="false" WordWrap="true" X="47.228125" Y="55" Width="38.1" Height="5" TextColor="black" />
                <Cell OrigWidth="41.5395833333333" OrigHeight="5" Text="制单人：" LeftLineVisible="false" RightLineVisible="false" BottomLineVisible="false" WordWrap="true" X="85.328125" Y="55" Width="41.5395833333333" Height="5" TextColor="black" />
                <Cell OrigWidth="40.2166666666667" OrigHeight="5" Text="打印时间：" LeftLineVisible="false" RightLineVisible="false" BottomLineVisible="false" TextHAlign="Right" WordWrap="true" X="126.867708333333" Y="55" Width="40.2166666666667" Height="5" TextColor="black" />
                <Cell OrigWidth="32.54375" OrigHeight="5" Text="日期" FieldKind="System" LeftLineVisible="false" RightLineVisible="false" BottomLineVisible="false" TextHAlign="Right" WordWrap="true" X="167.084375" Y="55" Width="32.54375" Height="5" TextColor="black" />
              </Cells>
            </Row>
            <Row X="10" Y="60" Width="189.628125" Height="5">
              <Cells>
                <Cell OrigWidth="37.228125" OrigHeight="5" Text="" LeftLineVisible="false" TopLineVisible="false" RightLineVisible="false" BottomLineVisible="false" WordWrap="true" X="10" Y="60" Width="37.228125" Height="5" TextColor="black" />
                <Cell OrigWidth="38.1" OrigHeight="5" Text="" LeftLineVisible="false" TopLineVisible="false" RightLineVisible="false" BottomLineVisible="false" WordWrap="true" X="47.228125" Y="60" Width="38.1" Height="5" TextColor="black" />
                <Cell OrigWidth="41.5395833333333" OrigHeight="5" Text="" LeftLineVisible="false" TopLineVisible="false" RightLineVisible="false" BottomLineVisible="false" WordWrap="true" X="85.328125" Y="60" Width="41.5395833333333" Height="5" TextColor="black" />
                <Cell OrigWidth="40.2166666666667" OrigHeight="5" Text="" LeftLineVisible="false" TopLineVisible="false" RightLineVisible="false" BottomLineVisible="false" WordWrap="true" X="126.867708333333" Y="60" Width="40.2166666666667" Height="5" TextColor="black" />
                <Cell OrigWidth="32.54375" OrigHeight="5" Text="[管家婆软件]" LeftLineVisible="false" TopLineVisible="false" RightLineVisible="false" BottomLineVisible="false" TextHAlign="Right" WordWrap="true" X="167.084375" Y="60" Width="32.54375" Height="5" TextColor="black" />
              </Cells>
            </Row>
          </Rows>
        </TableElement>
        <TextElement Text="总页码" FieldKind="System" LeftLineVisible="false" TopLineVisible="false" RightLineVisible="false" BottomLineVisible="false" TextHAlign="Right" BandKind="PageHeader" X="179.870834112167" Y="14.4937495231628" Width="20" Height="5" />
      </Elements>
      <Bands>
        <Band IsVisible="false" />
        <Band BandKind="PageHeader" Height="20" />
        <Band BandKind="ReportHeader" Y="19.84375" Height="20" />
        <Band IsVisible="false" BandKind="PageBodyHeader" />
        <Band BandKind="PageDetail" Y="39.9520833333333" Height="237" />
        <Band IsVisible="false" BandKind="PageBodyFooter" />
        <Band IsVisible="false" BandKind="ReportFooter" />
        <Band BandKind="PageFooter" Y="276.754166666667" Height="20" />
      </Bands>
    </Page>
  </Pages>
  <PageSettings MarginLeft="10" MarginTop="20" MarginRight="10" MarginBottom="20" PageWidth="210" PageHeight="297" />
  <ExpressionFields />
</Report>