<Report MaxRowCount="0">
  <Pages>
    <Page Width="210" Height="297">
      <OrderFields />
      <Elements>
        <TextElement Text="表名" FieldKind="Master" LeftLineVisible="false" TopLineVisible="false" RightLineVisible="false" BottomLineVisible="false" TextHAlign="Center" BandKind="ReportHeader" X="9.06458721160889" Y="21.9333329677582" Width="190.643757375081" Height="10.000000278155" FontSize="20" BoldFont="true" />
        <TableElement X="9.65729166666667" Y="42.9302082379659" Width="189.970833333333" Height="232.69895846049">
          <Rows>
            <Row X="9.65729166666667" Y="42.9302082379659" Width="189.970833333333" Height="5">
              <Cells>
                <Cell RowSpan="2" OrigWidth="17.9916666666667" OrigHeight="5" Text="日期" WordWrap="true" X="9.65729166666667" Y="42.9302082379659" Width="17.9916666666667" Height="10" TextColor="black" />
                <Cell RowSpan="2" OrigWidth="17.1979166666667" OrigHeight="5" Text="单据编号" WordWrap="true" X="27.6489583333334" Y="42.9302082379659" Width="17.1979166666667" Height="10" TextColor="black" />
                <Cell RowSpan="2" OrigWidth="14.653125" OrigHeight="5" Text="单据类型" WordWrap="true" X="44.8468750000001" Y="42.9302082379659" Width="14.653125" Height="10" TextColor="black" />
                <Cell OrigWidth="44.878125" OrigHeight="5" Text="委托" TextHAlign="Center" WordWrap="true" X="59.5000000000001" Y="42.9302082379659" Width="44.878125" Height="5" TextColor="black" />
                <Cell OrigWidth="46.83125" OrigHeight="5" Text="结算" TextHAlign="Center" WordWrap="true" X="104.378125" Y="42.9302082379659" Width="46.83125" Height="5" TextColor="black" />
                <Cell OrigWidth="48.41875" OrigHeight="5" Text="未结算" TextHAlign="Center" WordWrap="true" X="151.209375" Y="42.9302082379659" Width="48.41875" Height="5" TextColor="black" />
              </Cells>
            </Row>
            <Row X="9.65729166666667" Y="47.9302082379659" Width="189.970833333333" Height="5">
              <Cells>
                <Cell OrigWidth="17.9916666666667" OrigHeight="5" Text="" WordWrap="true" X="9.65729166666667" Y="47.9302082379659" Width="17.9916666666667" Height="5" />
                <Cell OrigWidth="17.1979166666667" OrigHeight="5" Text="" WordWrap="true" X="27.6489583333334" Y="47.9302082379659" Width="17.1979166666667" Height="5" />
                <Cell OrigWidth="14.653125" OrigHeight="5" Text="" WordWrap="true" X="44.8468750000001" Y="47.9302082379659" Width="14.653125" Height="5" />
                <Cell OrigWidth="13.921875" OrigHeight="5" Text="数量" WordWrap="true" X="59.5000000000001" Y="47.9302082379659" Width="13.921875" Height="5" />
                <Cell OrigWidth="15.08125" OrigHeight="5" Text="单价" WordWrap="true" X="73.4218750000001" Y="47.9302082379659" Width="15.08125" Height="5" />
                <Cell OrigWidth="15.875" OrigHeight="5" Text="金额" WordWrap="true" X="88.5031250000001" Y="47.9302082379659" Width="15.875" Height="5" />
                <Cell OrigWidth="16.4041666666667" OrigHeight="5" Text="数量" WordWrap="true" X="104.378125" Y="47.9302082379659" Width="16.4041666666667" Height="5" />
                <Cell OrigWidth="15.875" OrigHeight="5" Text="单价" WordWrap="true" X="120.782291666667" Y="47.9302082379659" Width="15.875" Height="5" />
                <Cell OrigWidth="14.5520833333333" OrigHeight="5" Text="金额" WordWrap="true" X="136.657291666667" Y="47.9302082379659" Width="14.5520833333333" Height="5" />
                <Cell OrigWidth="17.7270833333333" OrigHeight="5" Text="数量" WordWrap="true" X="151.209375" Y="47.9302082379659" Width="17.7270833333333" Height="5" />
                <Cell OrigWidth="14.0229166666667" OrigHeight="5" Text="单价" WordWrap="true" X="168.936458333333" Y="47.9302082379659" Width="14.0229166666667" Height="5" />
                <Cell OrigWidth="16.66875" OrigHeight="5" Text="金额" WordWrap="true" X="182.959375" Y="47.9302082379659" Width="16.66875" Height="5" />
              </Cells>
            </Row>
            <Row X="9.65729166666667" Y="52.9302082379659" Width="189.970833333333" Height="5">
              <Cells>
                <Cell OrigWidth="17.9916666666667" OrigHeight="5" Text="日期" FieldKind="Detail" WordWrap="true" X="9.65729166666667" Y="52.9302082379659" Width="17.9916666666667" Height="5" />
                <Cell OrigWidth="17.1979166666667" OrigHeight="5" Text="单据编号" FieldKind="Detail" WordWrap="true" X="27.6489583333334" Y="52.9302082379659" Width="17.1979166666667" Height="5" />
                <Cell OrigWidth="14.653125" OrigHeight="5" Text="单据类型" FieldKind="Detail" WordWrap="true" X="44.8468750000001" Y="52.9302082379659" Width="14.653125" Height="5" />
                <Cell OrigWidth="13.921875" OrigHeight="5" Text="委托金额数量" FieldKind="Detail" WordWrap="true" X="59.5000000000001" Y="52.9302082379659" Width="13.921875" Height="5" />
                <Cell OrigWidth="15.08125" OrigHeight="5" Text="委托金额单价" FieldKind="Detail" WordWrap="true" X="73.4218750000001" Y="52.9302082379659" Width="15.08125" Height="5" />
                <Cell OrigWidth="15.875" OrigHeight="5" Text="委托金额金额" FieldKind="Detail" WordWrap="true" X="88.5031250000001" Y="52.9302082379659" Width="15.875" Height="5" />
                <Cell OrigWidth="16.4041666666667" OrigHeight="5" Text="结算金额数量" FieldKind="Detail" WordWrap="true" X="104.378125" Y="52.9302082379659" Width="16.4041666666667" Height="5" />
                <Cell OrigWidth="15.875" OrigHeight="5" Text="结算金额单价" FieldKind="Detail" WordWrap="true" X="120.782291666667" Y="52.9302082379659" Width="15.875" Height="5" />
                <Cell OrigWidth="14.5520833333333" OrigHeight="5" Text="结算金额金额" FieldKind="Detail" WordWrap="true" X="136.657291666667" Y="52.9302082379659" Width="14.5520833333333" Height="5" />
                <Cell OrigWidth="17.7270833333333" OrigHeight="5" Text="未结算金额数量" FieldKind="Detail" WordWrap="true" X="151.209375" Y="52.9302082379659" Width="17.7270833333333" Height="5" />
                <Cell OrigWidth="14.0229166666667" OrigHeight="5" Text="未结算金额单价" FieldKind="Detail" WordWrap="true" X="168.936458333333" Y="52.9302082379659" Width="14.0229166666667" Height="5" />
                <Cell OrigWidth="16.66875" OrigHeight="5" Text="未结算金额金额" FieldKind="Detail" WordWrap="true" X="182.959375" Y="52.9302082379659" Width="16.66875" Height="5" />
              </Cells>
            </Row>
            <Row X="9.65729166666667" Y="57.9302082379659" Width="189.970833333333" Height="5">
              <Cells>
                <Cell OrigWidth="17.9916666666667" OrigHeight="5" Text="核算单位：" LeftLineVisible="false" RightLineVisible="false" BottomLineVisible="false" WordWrap="true" X="9.65729166666667" Y="57.9302082379659" Width="17.9916666666667" Height="5" />
                <Cell OrigWidth="17.1979166666667" OrigHeight="5" Text="" LeftLineVisible="false" RightLineVisible="false" BottomLineVisible="false" WordWrap="true" X="27.6489583333334" Y="57.9302082379659" Width="17.1979166666667" Height="5" />
                <Cell OrigWidth="14.653125" OrigHeight="5" Text="" LeftLineVisible="false" RightLineVisible="false" BottomLineVisible="false" WordWrap="true" X="44.8468750000001" Y="57.9302082379659" Width="14.653125" Height="5" />
                <Cell OrigWidth="13.921875" OrigHeight="5" Text="制表人：" LeftLineVisible="false" RightLineVisible="false" BottomLineVisible="false" WordWrap="true" X="59.5000000000001" Y="57.9302082379659" Width="13.921875" Height="5" />
                <Cell OrigWidth="15.08125" OrigHeight="5" Text="" LeftLineVisible="false" RightLineVisible="false" BottomLineVisible="false" WordWrap="true" X="73.4218750000001" Y="57.9302082379659" Width="15.08125" Height="5" />
                <Cell OrigWidth="15.875" OrigHeight="5" Text="" LeftLineVisible="false" RightLineVisible="false" BottomLineVisible="false" WordWrap="true" X="88.5031250000001" Y="57.9302082379659" Width="15.875" Height="5" />
                <Cell OrigWidth="16.4041666666667" OrigHeight="5" Text="" LeftLineVisible="false" RightLineVisible="false" BottomLineVisible="false" WordWrap="true" X="104.378125" Y="57.9302082379659" Width="16.4041666666667" Height="5" />
                <Cell OrigWidth="15.875" OrigHeight="5" Text="" LeftLineVisible="false" RightLineVisible="false" BottomLineVisible="false" WordWrap="true" X="120.782291666667" Y="57.9302082379659" Width="15.875" Height="5" />
                <Cell OrigWidth="14.5520833333333" OrigHeight="5" Text="" LeftLineVisible="false" RightLineVisible="false" BottomLineVisible="false" WordWrap="true" X="136.657291666667" Y="57.9302082379659" Width="14.5520833333333" Height="5" />
                <Cell OrigWidth="17.7270833333333" OrigHeight="5" Text="打印时间：" LeftLineVisible="false" RightLineVisible="false" BottomLineVisible="false" WordWrap="true" X="151.209375" Y="57.9302082379659" Width="17.7270833333333" Height="5" />
                <Cell OrigWidth="30.6916666666667" OrigHeight="5" Text="日期" FieldKind="System" LeftLineVisible="false" RightLineVisible="false" BottomLineVisible="false" TextHAlign="Right" WordWrap="true" X="168.936458333333" Y="57.9302082379659" Width="30.6916666666667" Height="5" />
              </Cells>
            </Row>
            <Row X="9.65729166666667" Y="62.9302082379659" Width="189.970833333333" Height="5">
              <Cells>
                <Cell OrigWidth="17.9916666666667" OrigHeight="5" Text="" LeftLineVisible="false" TopLineVisible="false" RightLineVisible="false" BottomLineVisible="false" WordWrap="true" X="9.65729166666667" Y="62.9302082379659" Width="17.9916666666667" Height="5" TextColor="black" />
                <Cell OrigWidth="17.1979166666667" OrigHeight="5" Text="" LeftLineVisible="false" TopLineVisible="false" RightLineVisible="false" BottomLineVisible="false" WordWrap="true" X="27.6489583333334" Y="62.9302082379659" Width="17.1979166666667" Height="5" TextColor="black" />
                <Cell OrigWidth="14.653125" OrigHeight="5" Text="" LeftLineVisible="false" TopLineVisible="false" RightLineVisible="false" BottomLineVisible="false" WordWrap="true" X="44.8468750000001" Y="62.9302082379659" Width="14.653125" Height="5" TextColor="black" />
                <Cell OrigWidth="13.921875" OrigHeight="5" Text="" LeftLineVisible="false" TopLineVisible="false" RightLineVisible="false" BottomLineVisible="false" WordWrap="true" X="59.5000000000001" Y="62.9302082379659" Width="13.921875" Height="5" TextColor="black" />
                <Cell OrigWidth="15.08125" OrigHeight="5" Text="" LeftLineVisible="false" TopLineVisible="false" RightLineVisible="false" BottomLineVisible="false" WordWrap="true" X="73.4218750000001" Y="62.9302082379659" Width="15.08125" Height="5" TextColor="black" />
                <Cell OrigWidth="15.875" OrigHeight="5" Text="" LeftLineVisible="false" TopLineVisible="false" RightLineVisible="false" BottomLineVisible="false" WordWrap="true" X="88.5031250000001" Y="62.9302082379659" Width="15.875" Height="5" TextColor="black" />
                <Cell OrigWidth="16.4041666666667" OrigHeight="5" Text="" LeftLineVisible="false" TopLineVisible="false" RightLineVisible="false" BottomLineVisible="false" WordWrap="true" X="104.378125" Y="62.9302082379659" Width="16.4041666666667" Height="5" TextColor="black" />
                <Cell OrigWidth="15.875" OrigHeight="5" Text="" LeftLineVisible="false" TopLineVisible="false" RightLineVisible="false" BottomLineVisible="false" WordWrap="true" X="120.782291666667" Y="62.9302082379659" Width="15.875" Height="5" TextColor="black" />
                <Cell OrigWidth="14.5520833333333" OrigHeight="5" Text="" LeftLineVisible="false" TopLineVisible="false" RightLineVisible="false" BottomLineVisible="false" WordWrap="true" X="136.657291666667" Y="62.9302082379659" Width="14.5520833333333" Height="5" TextColor="black" />
                <Cell OrigWidth="17.7270833333333" OrigHeight="5" Text="" LeftLineVisible="false" TopLineVisible="false" RightLineVisible="false" BottomLineVisible="false" WordWrap="true" X="151.209375" Y="62.9302082379659" Width="17.7270833333333" Height="5" TextColor="black" />
                <Cell OrigWidth="30.6916666666667" OrigHeight="5" Text="[管家婆软件]" LeftLineVisible="false" TopLineVisible="false" RightLineVisible="false" BottomLineVisible="false" TextHAlign="Right" WordWrap="true" X="168.936458333333" Y="62.9302082379659" Width="30.6916666666667" Height="5" TextColor="black" />
              </Cells>
            </Row>
          </Rows>
        </TableElement>
        <TextElement Text="总页码" FieldKind="System" LeftLineVisible="false" TopLineVisible="false" RightLineVisible="false" BottomLineVisible="false" TextHAlign="Right" BandKind="PageHeader" X="179.70834403038" Y="14.7583328564962" Width="20" Height="5" />
        <TextElement Text="至" LeftLineVisible="false" TopLineVisible="false" RightLineVisible="false" BottomLineVisible="false" BandKind="ReportHeader" X="30.3729159355164" Y="35.1312495231628" Width="9.15208388964335" Height="5.0000001390775" />
        <TextElement Text="结束日期" FieldKind="Master" LeftLineVisible="false" TopLineVisible="false" RightLineVisible="false" BottomLineVisible="false" BandKind="ReportHeader" X="39.633332602183" Y="35.1312495231628" Width="20" Height="5" />
        <TextElement Text="开始日期" FieldKind="Master" LeftLineVisible="false" TopLineVisible="false" RightLineVisible="false" BottomLineVisible="false" BandKind="ReportHeader" X="10.000000278155" Y="35.1312495231628" Width="20" Height="5" />
        <TextElement Text="客    户" FieldKind="Master" LeftLineVisible="false" TopLineVisible="false" RightLineVisible="false" BottomLineVisible="false" BandKind="ReportHeader" X="74.0291699727376" Y="35.1312495231628" Width="20" Height="5" />
      </Elements>
      <Bands>
        <Band IsVisible="false" />
        <Band BandKind="PageHeader" Height="20" />
        <Band BandKind="ReportHeader" Y="19.84375" Height="22.621875" />
        <Band IsVisible="false" BandKind="PageBodyHeader" />
        <Band BandKind="PageDetail" Y="42.465625" Height="234.486458333333" />
        <Band IsVisible="false" BandKind="PageBodyFooter" />
        <Band IsVisible="false" BandKind="ReportFooter" />
        <Band BandKind="PageFooter" Y="276.754166666667" Height="20" />
      </Bands>
    </Page>
  </Pages>
  <PageSettings MarginLeft="10" MarginTop="20" MarginBottom="20" PageWidth="210" PageHeight="297" />
  <ExpressionFields />
</Report>