<Report MaxRowCount="0">
  <Pages>
    <Page Width="210" Height="297" TextVAlign="Center">
      <OrderFields />
      <Elements>
        <TextElement Text="表名" FieldKind="Master" LeftLineWidth="3" LeftLineColor="#FFFFFF" TopLineVisible="false" TopLineWidth="0" TopLineColor="#FFFFFF" RightLineVisible="false" RightLineWidth="0" RightLineColor="#FFFFFF" BottomLineVisible="false" BottomLineWidth="0" BottomLineColor="#FFFFFF" DecimalDigits="0" BandKind="ReportHeader" X="9.32917054494222" Y="20.3458329677582" Width="191.012501017253" Height="19.2604159355164" FontSize="20" BoldFont="true" TextHAlign="Center" TextVAlign="Center" />
        <TableElement X="10" Y="40" Width="190" Height="236.314580790202" TextVAlign="Center">
          <Rows>
            <Row X="10" Y="40" Width="190" Height="5.37604166666666" TextVAlign="Center">
              <Cells>
                <Cell OrigWidth="15.4079202464267" OrigHeight="5.37604166666666" AccounttantLineVisble="true" Text="单据日期" DecimalDigits="0" X="10" Y="40" Width="15.4079202464267" Height="5.37604166666666" TextHAlign="Center" TextVAlign="Center" WordWrap="true" />
                <Cell OrigWidth="19.17437142024" OrigHeight="5.37604166666666" AccounttantLineVisble="true" Text="委外完工验收单号" DecimalDigits="0" X="25.4079202464267" Y="40" Width="19.17437142024" Height="5.37604166666666" TextHAlign="Center" TextVAlign="Center" WordWrap="true" />
                <Cell OrigWidth="18.25625" OrigHeight="5.37604166666666" AccounttantLineVisble="true" Text="委外加工单号" DecimalDigits="0" X="44.5822916666667" Y="40" Width="18.25625" Height="5.37604166666666" TextHAlign="Center" TextVAlign="Center" WordWrap="true" />
                <Cell OrigWidth="15.6104166666667" OrigHeight="5" AccounttantLineVisble="true" Text="加工单位" DecimalDigits="0" X="62.8385416666667" Y="40" Width="15.6104166666667" Height="5.37604166666666" TextHAlign="Center" TextVAlign="Center" WordWrap="true" />
                <Cell OrigWidth="11.2628232862494" OrigHeight="5.37604166666666" AccounttantLineVisble="true" Text="存货" DecimalDigits="0" X="78.4489583333334" Y="40" Width="11.2628232862494" Height="5.37604166666666" TextHAlign="Center" TextVAlign="Center" WordWrap="true" />
                <Cell OrigWidth="12.5983075343326" OrigHeight="5" AccounttantLineVisble="true" Text="检验项目" DecimalDigits="0" X="89.7117816195828" Y="40" Width="12.5983075343326" Height="5.37604166666666" TextHAlign="Center" TextVAlign="Center" WordWrap="true" />
                <Cell OrigWidth="12.8607722746311" OrigHeight="5" AccounttantLineVisble="true" Text="检验标准" DecimalDigits="0" X="102.310089153915" Y="40" Width="12.8607722746311" Height="5.37604166666666" TextHAlign="Center" TextVAlign="Center" WordWrap="true" />
                <Cell OrigWidth="13.5489302381202" OrigHeight="5.37604166666666" AccounttantLineVisble="true" Text="验收数量" DecimalDigits="0" X="115.170861428547" Y="40" Width="13.5489302381202" Height="5.37604166666666" TextHAlign="Center" TextVAlign="Center" WordWrap="true" />
                <Cell OrigWidth="12.9645833333333" OrigHeight="5" AccounttantLineVisble="true" Text="合格数量" DecimalDigits="0" X="128.719791666667" Y="40" Width="12.9645833333333" Height="5.37604166666666" TextHAlign="Center" TextVAlign="Center" WordWrap="true" />
                <Cell OrigWidth="13.2291666666667" OrigHeight="5.37604166666666" AccounttantLineVisble="true" Text="不合格数量" DecimalDigits="0" X="141.684375" Y="40" Width="13.2291666666667" Height="5.37604166666666" TextHAlign="Center" TextVAlign="Center" WordWrap="true" />
                <Cell OrigWidth="16.9333333333333" OrigHeight="5.37604166666666" AccounttantLineVisble="true" Text="不合格原因" DecimalDigits="0" X="154.913541666667" Y="40" Width="16.9333333333333" Height="5.37604166666666" TextHAlign="Center" TextVAlign="Center" WordWrap="true" />
                <Cell OrigWidth="12.4354166666667" OrigHeight="5.37604166666666" AccounttantLineVisble="true" Text="检验员" DecimalDigits="0" X="171.846875" Y="40" Width="12.4354166666667" Height="5.37604166666666" TextHAlign="Center" TextVAlign="Center" WordWrap="true" />
                <Cell OrigWidth="15.7177083333333" OrigHeight="5.37604166666666" AccounttantLineVisble="true" Text="行摘要" DecimalDigits="0" X="184.282291666667" Y="40" Width="15.7177083333333" Height="5.37604166666666" TextHAlign="Center" TextVAlign="Center" WordWrap="true" />
              </Cells>
            </Row>
            <Row X="10" Y="45.3760416666667" Width="190" Height="5.29166666666667" TextVAlign="Center">
              <Cells>
                <Cell OrigWidth="15.4079202464267" OrigHeight="5.29166666666667" AccounttantLineVisble="true" Text="单据日期" FieldKind="Detail" DecimalDigits="0" X="10" Y="45.3760416666667" Width="15.4079202464267" Height="5.29166666666667" TextVAlign="Center" WordWrap="true" />
                <Cell OrigWidth="19.17437142024" OrigHeight="5.29166666666667" AccounttantLineVisble="true" Text="委外完工验收单号" FieldKind="Detail" DecimalDigits="0" X="25.4079202464267" Y="45.3760416666667" Width="19.17437142024" Height="5.29166666666667" TextVAlign="Center" WordWrap="true" />
                <Cell OrigWidth="18.25625" OrigHeight="5.29166666666667" AccounttantLineVisble="true" Text="委外加工单号" FieldKind="Detail" DecimalDigits="0" X="44.5822916666667" Y="45.3760416666667" Width="18.25625" Height="5.29166666666667" TextVAlign="Center" WordWrap="true" />
                <Cell OrigWidth="15.6104166666667" OrigHeight="5" AccounttantLineVisble="true" Text="加工单位全名" FieldKind="Detail" DecimalDigits="0" X="62.8385416666667" Y="45.3760416666667" Width="15.6104166666667" Height="5.29166666666667" TextVAlign="Center" WordWrap="true" />
                <Cell OrigWidth="11.2628232862494" OrigHeight="5.29166666666667" AccounttantLineVisble="true" Text="存货全名" FieldKind="Detail" DecimalDigits="0" X="78.4489583333334" Y="45.3760416666667" Width="11.2628232862494" Height="5.29166666666667" TextVAlign="Center" WordWrap="true" />
                <Cell OrigWidth="12.5983075343326" OrigHeight="5" AccounttantLineVisble="true" Text="检验项目全名" FieldKind="Detail" DecimalDigits="0" X="89.7117816195828" Y="45.3760416666667" Width="12.5983075343326" Height="5.29166666666667" TextVAlign="Center" WordWrap="true" />
                <Cell OrigWidth="12.8607722746311" OrigHeight="5" AccounttantLineVisble="true" Text="检验标准" FieldKind="Detail" DecimalDigits="0" X="102.310089153915" Y="45.3760416666667" Width="12.8607722746311" Height="5.29166666666667" TextVAlign="Center" WordWrap="true" />
                <Cell OrigWidth="13.5489302381202" OrigHeight="5.29166666666667" AccounttantLineVisble="true" Text="验收数量" FieldKind="Detail" DecimalDigits="0" X="115.170861428547" Y="45.3760416666667" Width="13.5489302381202" Height="5.29166666666667" TextVAlign="Center" WordWrap="true" />
                <Cell OrigWidth="12.9645833333333" OrigHeight="5" AccounttantLineVisble="true" Text="合格数量" FieldKind="Detail" DecimalDigits="0" X="128.719791666667" Y="45.3760416666667" Width="12.9645833333333" Height="5.29166666666667" TextVAlign="Center" WordWrap="true" />
                <Cell OrigWidth="13.2291666666667" OrigHeight="5.29166666666667" AccounttantLineVisble="true" Text="不合格数量" FieldKind="Detail" DecimalDigits="0" X="141.684375" Y="45.3760416666667" Width="13.2291666666667" Height="5.29166666666667" TextVAlign="Center" WordWrap="true" />
                <Cell OrigWidth="16.9333333333333" OrigHeight="5.29166666666667" AccounttantLineVisble="true" Text="不合格原因" FieldKind="Detail" DecimalDigits="0" X="154.913541666667" Y="45.3760416666667" Width="16.9333333333333" Height="5.29166666666667" TextVAlign="Center" WordWrap="true" />
                <Cell OrigWidth="12.4354166666667" OrigHeight="5.29166666666667" AccounttantLineVisble="true" Text="检验员全名" FieldKind="Detail" DecimalDigits="0" X="171.846875" Y="45.3760416666667" Width="12.4354166666667" Height="5.29166666666667" TextVAlign="Center" WordWrap="true" />
                <Cell OrigWidth="15.7177083333333" OrigHeight="5.29166666666667" AccounttantLineVisble="true" Text="行摘要" FieldKind="Detail" DecimalDigits="0" X="184.282291666667" Y="45.3760416666667" Width="15.7177083333333" Height="5.29166666666667" TextVAlign="Center" WordWrap="true" />
              </Cells>
            </Row>
            <Row X="10" Y="50.6677083333333" Width="190" Height="5" TextVAlign="Center">
              <Cells>
                <Cell OrigWidth="15.4079202464267" OrigHeight="5" AccounttantLineVisble="true" Text="合计" DecimalDigits="0" X="10" Y="50.6677083333333" Width="15.4079202464267" Height="5" TextColor="black" TextHAlign="Center" TextVAlign="Center" />
                <Cell OrigWidth="19.17437142024" OrigHeight="5" AccounttantLineVisble="true" Text="" DecimalDigits="0" X="25.4079202464267" Y="50.6677083333333" Width="19.17437142024" Height="5" TextColor="black" TextVAlign="Center" WordWrap="true" />
                <Cell OrigWidth="18.25625" OrigHeight="5" AccounttantLineVisble="true" Text="" DecimalDigits="0" X="44.5822916666667" Y="50.6677083333333" Width="18.25625" Height="5" TextColor="black" TextVAlign="Center" WordWrap="true" />
                <Cell OrigWidth="15.6104166666667" OrigHeight="5" AccounttantLineVisble="true" Text="" DecimalDigits="0" X="62.8385416666667" Y="50.6677083333333" Width="15.6104166666667" Height="5" TextColor="black" TextVAlign="Center" WordWrap="true" />
                <Cell OrigWidth="11.2628232862494" OrigHeight="5" AccounttantLineVisble="true" Text="" DecimalDigits="0" X="78.4489583333334" Y="50.6677083333333" Width="11.2628232862494" Height="5" TextColor="black" TextVAlign="Center" WordWrap="true" />
                <Cell OrigWidth="12.5983075343326" OrigHeight="5" AccounttantLineVisble="true" Text="" DecimalDigits="0" X="89.7117816195828" Y="50.6677083333333" Width="12.5983075343326" Height="5" TextColor="black" TextVAlign="Center" WordWrap="true" />
                <Cell OrigWidth="12.8607722746311" OrigHeight="5" AccounttantLineVisble="true" Text="" DecimalDigits="0" X="102.310089153915" Y="50.6677083333333" Width="12.8607722746311" Height="5" TextColor="black" TextVAlign="Center" WordWrap="true" />
                <Cell OrigWidth="13.5489302381202" OrigHeight="5" AccounttantLineVisble="true" Text="验收数量" FieldKind="ToCurPageSum" DecimalDigits="0" X="115.170861428547" Y="50.6677083333333" Width="13.5489302381202" Height="5" TextColor="black" TextVAlign="Center" WordWrap="true" />
                <Cell OrigWidth="12.9645833333333" OrigHeight="5" AccounttantLineVisble="true" Text="合格数量" FieldKind="ToCurPageSum" DecimalDigits="0" X="128.719791666667" Y="50.6677083333333" Width="12.9645833333333" Height="5" TextColor="black" TextVAlign="Center" WordWrap="true" />
                <Cell OrigWidth="13.2291666666667" OrigHeight="5" AccounttantLineVisble="true" Text="不合格数量" FieldKind="ToCurPageSum" DecimalDigits="0" X="141.684375" Y="50.6677083333333" Width="13.2291666666667" Height="5" TextColor="black" TextVAlign="Center" WordWrap="true" />
                <Cell OrigWidth="16.9333333333333" OrigHeight="5" AccounttantLineVisble="true" Text="" BottomLineVisible="false" DecimalDigits="0" X="154.913541666667" Y="50.6677083333333" Width="16.9333333333333" Height="5" TextColor="black" TextVAlign="Center" WordWrap="true" />
                <Cell OrigWidth="12.4354166666667" OrigHeight="5" AccounttantLineVisble="true" Text="" DecimalDigits="0" X="171.846875" Y="50.6677083333333" Width="12.4354166666667" Height="5" TextColor="black" TextVAlign="Center" WordWrap="true" />
                <Cell OrigWidth="15.7177083333334" OrigHeight="5" AccounttantLineVisble="true" Text="" DecimalDigits="0" X="184.282291666667" Y="50.6677083333333" Width="15.7177083333334" Height="5" TextColor="black" TextVAlign="Center" WordWrap="true" />
              </Cells>
            </Row>
            <Row X="10" Y="55.6677083333333" Width="189.892708333334" Height="5" TextVAlign="Center">
              <Cells>
                <Cell OrigWidth="15.4079202464267" OrigHeight="5" AccounttantLineVisble="true" Text="" LeftLineVisible="false" LeftLineWidth="0" RightLineVisible="false" BottomLineVisible="false" DecimalDigits="0" X="10" Y="55.6677083333333" Width="15.4079202464267" Height="5" TextVAlign="Center" />
                <Cell OrigWidth="19.17437142024" OrigHeight="5" AccounttantLineVisble="true" Text="" LeftLineVisible="false" RightLineVisible="false" BottomLineVisible="false" DecimalDigits="0" X="25.4079202464267" Y="55.6677083333333" Width="19.17437142024" Height="5" TextVAlign="Center" />
                <Cell OrigWidth="18.25625" OrigHeight="5" AccounttantLineVisble="true" Text="" LeftLineVisible="false" RightLineVisible="false" BottomLineVisible="false" DecimalDigits="0" X="44.5822916666667" Y="55.6677083333333" Width="18.25625" Height="5" TextVAlign="Center" />
                <Cell OrigWidth="15.6104166666667" OrigHeight="5" AccounttantLineVisble="true" Text="" LeftLineVisible="false" RightLineVisible="false" BottomLineVisible="false" DecimalDigits="0" X="62.8385416666667" Y="55.6677083333333" Width="15.6104166666667" Height="5" TextVAlign="Center" />
                <Cell OrigWidth="11.2628232862494" OrigHeight="5" AccounttantLineVisble="true" Text="" LeftLineVisible="false" RightLineVisible="false" RightLineWidth="0" BottomLineVisible="false" DecimalDigits="0" X="78.4489583333334" Y="55.6677083333333" Width="11.2628232862494" Height="5" TextVAlign="Center" />
                <Cell OrigWidth="12.5983075343326" OrigHeight="5" AccounttantLineVisble="true" LeftLineVisible="false" LeftLineWidth="0" RightLineVisible="false" BottomLineVisible="false" DecimalDigits="0" X="89.7117816195828" Y="55.6677083333333" Width="12.5983075343326" Height="5" TextVAlign="Center" />
                <Cell OrigWidth="12.8607722746311" OrigHeight="5" AccounttantLineVisble="true" Text="" LeftLineVisible="false" RightLineVisible="false" BottomLineVisible="false" DecimalDigits="0" X="102.310089153915" Y="55.6677083333333" Width="12.8607722746311" Height="5" TextVAlign="Center" />
                <Cell OrigWidth="13.5489302381202" OrigHeight="5" AccounttantLineVisble="true" Text="" LeftLineVisible="false" RightLineVisible="false" BottomLineVisible="false" BottomLineWidth="0" DecimalDigits="0" X="115.170861428547" Y="55.6677083333333" Width="13.5489302381202" Height="5" TextColor="black" TextVAlign="Center" WordWrap="true" />
                <Cell OrigWidth="12.9645833333333" OrigHeight="5" AccounttantLineVisble="true" Text="" LeftLineVisible="false" RightLineVisible="false" BottomLineVisible="false" DecimalDigits="0" X="128.719791666667" Y="55.6677083333333" Width="12.9645833333333" Height="5" TextVAlign="Center" />
                <Cell OrigWidth="13.2291666666667" OrigHeight="5" AccounttantLineVisble="true" Text="" LeftLineVisible="false" RightLineVisible="false" BottomLineVisible="false" BottomLineWidth="0" DecimalDigits="0" X="141.684375" Y="55.6677083333333" Width="13.2291666666667" Height="5" TextColor="black" TextVAlign="Center" WordWrap="true" />
                <Cell OrigWidth="9.78958333333335" OrigHeight="5" AccounttantLineVisble="true" Text="" LeftLineVisible="false" RightLineVisible="false" BottomLineVisible="false" DecimalDigits="0" X="154.913541666667" Y="55.6677083333333" Width="9.78958333333335" Height="5" TextVAlign="Center" />
                <Cell OrigWidth="17.4625" OrigHeight="5" AccounttantLineVisble="true" Text="打印时间：" LeftLineVisible="false" RightLineVisible="false" BottomLineVisible="false" BottomLineWidth="0" DecimalDigits="0" X="164.703125" Y="55.6677083333333" Width="17.4625" Height="5" TextColor="black" TextVAlign="Center" WordWrap="true" />
                <Cell OrigWidth="17.7270833333334" OrigHeight="5" AccounttantLineVisble="true" Text="日期" FieldKind="System" LeftLineVisible="false" RightLineVisible="false" RightLineWidth="0" BottomLineWidth="0" DecimalDigits="0" X="182.165625" Y="55.6677083333333" Width="17.7270833333334" Height="5" TextColor="black" TextHAlign="Right" TextVAlign="Center" WordWrap="true" />
              </Cells>
            </Row>
            <Row X="10" Y="60.6677083333333" Width="189.892708333333" Height="5.05416666666666" TextVAlign="Center">
              <Cells>
                <Cell OrigWidth="15.4079202464267" OrigHeight="5.05416666666666" AccounttantLineVisble="true" LeftLineWidth="0" TopLineVisible="false" TopLineWidth="0" RightLineVisible="false" BottomLineVisible="false" DecimalDigits="0" X="10" Y="60.6677083333333" Width="15.4079202464267" Height="5.05416666666666" TextVAlign="Center" />
                <Cell OrigWidth="19.17437142024" OrigHeight="5.05416666666666" AccounttantLineVisble="true" Text="" LeftLineVisible="false" TopLineVisible="false" TopLineWidth="0" RightLineVisible="false" BottomLineVisible="false" DecimalDigits="0" X="25.4079202464267" Y="60.6677083333333" Width="19.17437142024" Height="5.05416666666666" TextVAlign="Center" />
                <Cell OrigWidth="18.25625" OrigHeight="5.05416666666666" AccounttantLineVisble="true" LeftLineVisible="false" TopLineVisible="false" TopLineWidth="0" RightLineVisible="false" BottomLineVisible="false" DecimalDigits="0" X="44.5822916666667" Y="60.6677083333333" Width="18.25625" Height="5.05416666666666" TextVAlign="Center" />
                <Cell OrigWidth="15.6104166666667" OrigHeight="5.05416666666666" AccounttantLineVisble="true" Text="" LeftLineVisible="false" TopLineVisible="false" TopLineWidth="0" RightLineVisible="false" BottomLineVisible="false" DecimalDigits="0" X="62.8385416666667" Y="60.6677083333333" Width="15.6104166666667" Height="5.05416666666666" TextVAlign="Center" />
                <Cell OrigWidth="11.2628232862494" OrigHeight="5.05416666666666" AccounttantLineVisble="true" Text="" LeftLineVisible="false" TopLineVisible="false" TopLineWidth="0" RightLineVisible="false" RightLineWidth="0" BottomLineVisible="false" DecimalDigits="0" X="78.4489583333334" Y="60.6677083333333" Width="11.2628232862494" Height="5.05416666666666" TextVAlign="Center" />
                <Cell OrigWidth="12.5983075343326" OrigHeight="5.05416666666666" AccounttantLineVisble="true" Text="" LeftLineVisible="false" TopLineVisible="false" TopLineWidth="0" RightLineVisible="false" BottomLineVisible="false" DecimalDigits="0" X="89.7117816195828" Y="60.6677083333333" Width="12.5983075343326" Height="5.05416666666666" TextVAlign="Center" />
                <Cell OrigWidth="12.8607722746311" OrigHeight="5.05416666666666" AccounttantLineVisble="true" Text="" LeftLineVisible="false" TopLineVisible="false" TopLineWidth="0" RightLineVisible="false" BottomLineVisible="false" DecimalDigits="0" X="102.310089153915" Y="60.6677083333333" Width="12.8607722746311" Height="5.05416666666666" TextVAlign="Center" />
                <Cell OrigWidth="13.5489302381202" OrigHeight="5.05416666666666" AccounttantLineVisble="true" Text="" LeftLineVisible="false" TopLineWidth="0" RightLineVisible="false" RightLineWidth="0" BottomLineVisible="false" BottomLineWidth="0" DecimalDigits="0" X="115.170861428547" Y="60.6677083333333" Width="13.5489302381202" Height="5.05416666666666" TextColor="black" TextVAlign="Center" />
                <Cell OrigWidth="12.9645833333333" OrigHeight="5.05416666666666" AccounttantLineVisble="true" LeftLineWidth="0" TopLineVisible="false" BottomLineVisible="false" DecimalDigits="0" X="128.719791666667" Y="60.6677083333333" Width="12.9645833333333" Height="5.05416666666666" TextVAlign="Center" />
                <Cell OrigWidth="13.2291666666667" OrigHeight="5.05416666666666" AccounttantLineVisble="true" Text="" LeftLineVisible="false" TopLineWidth="0" RightLineVisible="false" BottomLineVisible="false" BottomLineWidth="0" DecimalDigits="0" X="141.684375" Y="60.6677083333333" Width="13.2291666666667" Height="5.05416666666666" TextColor="black" TextVAlign="Center" WordWrap="true" />
                <Cell OrigWidth="16.9333333333333" OrigHeight="5.05416666666666" AccounttantLineVisble="true" Text="" LeftLineVisible="false" TopLineVisible="false" RightLineVisible="false" BottomLineVisible="false" DecimalDigits="0" X="154.913541666667" Y="60.6677083333333" Width="16.9333333333333" Height="5.05416666666666" TextVAlign="Center" />
                <Cell OrigWidth="38.3641757702428" OrigHeight="5.05416666666666" AccounttantLineVisble="true" Text="[管家婆软件]" LeftLineVisible="false" TopLineWidth="0" RightLineVisible="false" RightLineWidth="0" BottomLineVisible="false" BottomLineWidth="0" DecimalDigits="0" X="171.846875" Y="60.6677083333333" Width="38.3641757702428" Height="5.05416666666666" TextColor="black" TextHAlign="Right" TextVAlign="Center" WordWrap="true" />
                <Cell OrigWidth="-10.3183424369094" OrigHeight="5.05416666666666" AccounttantLineVisble="true" Text="" LeftLineVisible="false" TopLineWidth="0" RightLineVisible="false" BottomLineVisible="false" BottomLineWidth="0" DecimalDigits="0" X="210.211050770243" Y="60.6677083333333" Height="5.05416666666666" TextColor="black" TextVAlign="Center" WordWrap="true" />
              </Cells>
            </Row>
            <Row X="10" Y="65.721875" Width="190" Height="5" TextVAlign="Center">
              <Cells>
                <Cell OrigWidth="15.4079202464267" OrigHeight="5" AccounttantLineVisble="true" Text="" LeftLineVisible="false" LeftLineWidth="0" TopLineVisible="false" RightLineVisible="false" BottomLineVisible="false" BottomLineWidth="0" DecimalDigits="0" X="10" Y="65.721875" Width="15.4079202464267" Height="5" TextVAlign="Center" />
                <Cell OrigWidth="19.17437142024" OrigHeight="5" AccounttantLineVisble="true" LeftLineVisible="false" TopLineVisible="false" RightLineVisible="false" BottomLineWidth="0" DecimalDigits="0" X="25.4079202464267" Y="65.721875" Width="19.17437142024" Height="5" TextVAlign="Center" />
                <Cell OrigWidth="18.25625" OrigHeight="5" AccounttantLineVisble="true" Text="" LeftLineVisible="false" TopLineVisible="false" RightLineVisible="false" BottomLineVisible="false" BottomLineWidth="0" DecimalDigits="0" X="44.5822916666667" Y="65.721875" Width="18.25625" Height="5" TextVAlign="Center" />
                <Cell OrigWidth="15.6104166666667" OrigHeight="5" AccounttantLineVisble="true" LeftLineVisible="false" TopLineVisible="false" BottomLineWidth="0" DecimalDigits="0" X="62.8385416666667" Y="65.721875" Width="15.6104166666667" Height="5" TextVAlign="Center" />
                <Cell OrigWidth="11.2628232862494" OrigHeight="5" AccounttantLineVisble="true" LeftLineVisible="false" TopLineVisible="false" RightLineVisible="false" RightLineWidth="0" BottomLineWidth="0" DecimalDigits="0" X="78.4489583333334" Y="65.721875" Width="11.2628232862494" Height="5" TextVAlign="Center" />
                <Cell OrigWidth="12.5983075343326" OrigHeight="5" AccounttantLineVisble="true" Text="" LeftLineVisible="false" TopLineVisible="false" RightLineVisible="false" BottomLineVisible="false" BottomLineWidth="0" DecimalDigits="0" X="89.7117816195828" Y="65.721875" Width="12.5983075343326" Height="5" TextVAlign="Center" />
                <Cell OrigWidth="12.8607722746311" OrigHeight="5" AccounttantLineVisble="true" LeftLineVisible="false" TopLineVisible="false" BottomLineWidth="0" DecimalDigits="0" X="102.310089153915" Y="65.721875" Width="12.8607722746311" Height="5" TextVAlign="Center" />
                <Cell OrigWidth="13.5489302381202" OrigHeight="5" AccounttantLineVisble="true" Text="" LeftLineVisible="false" LeftLineWidth="0" TopLineWidth="0" RightLineVisible="false" RightLineWidth="0" BottomLineVisible="false" BottomLineWidth="0" DecimalDigits="0" X="115.170861428547" Y="65.721875" Width="13.5489302381202" Height="5" TextColor="black" TextVAlign="Center" />
                <Cell OrigWidth="12.9645833333333" OrigHeight="5" AccounttantLineVisble="true" Text="" LeftLineVisible="false" LeftLineWidth="0" TopLineVisible="false" RightLineVisible="false" BottomLineVisible="false" DecimalDigits="0" X="128.719791666667" Y="65.721875" Width="12.9645833333333" Height="5" TextVAlign="Center" />
                <Cell OrigWidth="13.2291666666667" OrigHeight="5" AccounttantLineVisble="true" Text="" LeftLineVisible="false" TopLineWidth="0" RightLineVisible="false" BottomLineVisible="false" DecimalDigits="0" X="141.684375" Y="65.721875" Width="13.2291666666667" Height="5" TextColor="black" TextVAlign="Center" WordWrap="true" />
                <Cell OrigWidth="16.9333333333333" OrigHeight="5" AccounttantLineVisble="true" Text="" LeftLineVisible="false" TopLineVisible="false" RightLineVisible="false" BottomLineVisible="false" DecimalDigits="0" X="154.913541666667" Y="65.721875" Width="16.9333333333333" Height="5" TextVAlign="Center" />
                <Cell OrigWidth="12.4354166666667" OrigHeight="5" AccounttantLineVisble="true" Text="" LeftLineVisible="false" TopLineWidth="0" RightLineVisible="false" BottomLineVisible="false" DecimalDigits="0" X="171.846875" Y="65.721875" Width="12.4354166666667" Height="5" TextColor="black" TextVAlign="Center" WordWrap="true" />
                <Cell OrigWidth="15.7177083333333" OrigHeight="5" AccounttantLineVisble="true" Text="" LeftLineVisible="false" TopLineVisible="false" TopLineWidth="0" RightLineVisible="false" BottomLineVisible="false" DecimalDigits="0" X="184.282291666667" Y="65.721875" Width="15.7177083333333" Height="5" TextColor="black" TextVAlign="Center" WordWrap="true" />
              </Cells>
            </Row>
          </Rows>
        </TableElement>
        <TextElement Text="总页码" FieldKind="System" LeftLineVisible="false" TopLineVisible="false" RightLineVisible="false" BottomLineVisible="false" DecimalDigits="0" BandKind="PageHeader" X="170.816673024495" Y="14.5520833333333" Width="29.52500055631" Height="5.0000001390775" TextHAlign="Right" TextVAlign="Center" />
      </Elements>
      <Bands>
        <Band IsVisible="false" TextVAlign="Center" />
        <Band BandKind="PageHeader" Height="20" TextVAlign="Center" />
        <Band BandKind="ReportHeader" Y="19.84375" Height="20.1083333333333" TextVAlign="Center" />
        <Band IsVisible="false" BandKind="PageBodyHeader" TextVAlign="Center" />
        <Band BandKind="PageDetail" Y="39.9520833333333" Height="236.891666666667" TextVAlign="Center" />
        <Band IsVisible="false" BandKind="PageBodyFooter" TextVAlign="Center" />
        <Band IsVisible="false" BandKind="ReportFooter" TextVAlign="Center" />
        <Band BandKind="PageFooter" Y="276.754166666667" Height="20" TextVAlign="Center" />
      </Bands>
    </Page>
  </Pages>
  <PageSettings MarginLeft="10" MarginTop="20" MarginRight="10" MarginBottom="20" PageWidth="210" PageHeight="297" MaxRowCount="0" />
  <ExpressionFields />
</Report>