<Report IsRemoveEmptyRows="true">
  <Pages>
    <Page Width="210" Height="297">
      <OrderFields />
      <Elements>
        <TextElement Text="表名" FieldKind="Master" LeftLineVisible="false" TopLineVisible="false" RightLineVisible="false" BottomLineVisible="false" TextHAlign="Center" BandKind="ReportHeader" X="72.8291705449422" Y="24.3145829677582" Width="80" Height="10" FontSize="20" BoldFont="true" />
        <TableElement X="10" Y="40" Width="189.628125" Height="236.422923660278">
          <Rows>
            <Row X="10" Y="40" Width="189.628125" Height="5">
              <Cells>
                <Cell OrigWidth="24.528125" OrigHeight="5" Text="行号" TextHAlign="Center" WordWrap="true" X="10" Y="40" Width="24.528125" Height="5" />
                <Cell OrigWidth="19.84375" OrigHeight="5" Text="工序编号" TextHAlign="Center" WordWrap="true" X="34.528125" Y="40" Width="19.84375" Height="5" />
                <Cell OrigWidth="32.2791666666667" OrigHeight="5" Text="工序全名" TextHAlign="Center" WordWrap="true" X="54.371875" Y="40" Width="32.2791666666667" Height="5" />
                <Cell OrigWidth="32.54375" OrigHeight="5" Text="工序数量" TextHAlign="Center" WordWrap="true" X="86.6510416666667" Y="40" Width="32.54375" Height="5" />
                <Cell OrigWidth="36.7770833333333" OrigHeight="5" Text="单位工资" TextHAlign="Center" WordWrap="true" X="119.194791666667" Y="40" Width="36.7770833333333" Height="5" />
                <Cell OrigWidth="43.65625" OrigHeight="5" Text="应计工资合计" TextHAlign="Center" WordWrap="true" X="155.971875" Y="40" Width="43.65625" Height="5" />
              </Cells>
            </Row>
            <Row X="10" Y="45" Width="189.628125" Height="5">
              <Cells>
                <Cell OrigWidth="24.528125" OrigHeight="5" Text="行号" FieldKind="Detail" TextHAlign="Center" WordWrap="true" X="10" Y="45" Width="24.528125" Height="5" />
                <Cell OrigWidth="19.84375" OrigHeight="5" Text="工序编号" FieldKind="Detail" TextHAlign="Center" WordWrap="true" X="34.528125" Y="45" Width="19.84375" Height="5" />
                <Cell OrigWidth="32.2791666666667" OrigHeight="5" Text="工序全名" FieldKind="Detail" TextHAlign="Center" WordWrap="true" X="54.371875" Y="45" Width="32.2791666666667" Height="5" />
                <Cell OrigWidth="32.54375" OrigHeight="5" Text="工序数量" FieldKind="Detail" TextHAlign="Center" WordWrap="true" X="86.6510416666667" Y="45" Width="32.54375" Height="5" />
                <Cell OrigWidth="36.7770833333333" OrigHeight="5" Text="单位工资" FieldKind="Detail" TextHAlign="Center" WordWrap="true" X="119.194791666667" Y="45" Width="36.7770833333333" Height="5" />
                <Cell OrigWidth="43.65625" OrigHeight="5" Text="应计工资合计" FieldKind="Detail" TextHAlign="Center" WordWrap="true" X="155.971875" Y="45" Width="43.65625" Height="5" />
              </Cells>
            </Row>
            <Row X="10" Y="50" Width="189.628125" Height="5">
              <Cells>
                <Cell OrigWidth="76.6510416666667" OrigHeight="5" Text="合计" TextHAlign="Center" WordWrap="true" X="10" Y="50" Width="76.6510416666667" Height="5" />
                <Cell OrigWidth="32.54375" OrigHeight="5" Text="工序数量" FieldKind="ToCurPageSum" TextHAlign="Right" WordWrap="true" X="86.6510416666667" Y="50" Width="32.54375" Height="5" />
                <Cell OrigWidth="36.7770833333333" OrigHeight="5" Text="" TextHAlign="Right" WordWrap="true" X="119.194791666667" Y="50" Width="36.7770833333333" Height="5" />
                <Cell OrigWidth="43.65625" OrigHeight="5" Text="应计工资合计" FieldKind="ToCurPageSum" TextHAlign="Right" WordWrap="true" X="155.971875" Y="50" Width="43.65625" Height="5" />
              </Cells>
            </Row>
            <Row X="10" Y="55" Width="189.628125" Height="5">
              <Cells>
                <Cell OrigWidth="109.194791666667" OrigHeight="5" Text="" LeftLineVisible="false" RightLineVisible="false" BottomLineVisible="false" TextHAlign="Center" WordWrap="true" X="10" Y="55" Width="109.194791666667" Height="5" TextColor="black" />
                <Cell OrigWidth="36.7770833333333" OrigHeight="5" Text="打印时间：" LeftLineVisible="false" RightLineVisible="false" BottomLineVisible="false" TextHAlign="Center" WordWrap="true" X="119.194791666667" Y="55" Width="36.7770833333333" Height="5" TextColor="black" />
                <Cell OrigWidth="43.65625" OrigHeight="5" Text="日期" FieldKind="System" LeftLineVisible="false" RightLineVisible="false" BottomLineVisible="false" TextHAlign="Center" WordWrap="true" X="155.971875" Y="55" Width="43.65625" Height="5" TextColor="black" />
              </Cells>
            </Row>
            <Row X="10" Y="60" Width="189.628125" Height="5">
              <Cells>
                <Cell OrigWidth="109.194791666667" OrigHeight="5" Text="" LeftLineVisible="false" TopLineVisible="false" RightLineVisible="false" BottomLineVisible="false" TextHAlign="Center" WordWrap="true" X="10" Y="60" Width="109.194791666667" Height="5" TextColor="black" />
                <Cell OrigWidth="36.7770833333333" OrigHeight="5" Text="" LeftLineVisible="false" TopLineVisible="false" RightLineVisible="false" BottomLineVisible="false" TextHAlign="Center" WordWrap="true" X="119.194791666667" Y="60" Width="36.7770833333333" Height="5" TextColor="black" />
                <Cell OrigWidth="43.65625" OrigHeight="5" Text="[管家婆软件]" LeftLineVisible="false" TopLineVisible="false" RightLineVisible="false" BottomLineVisible="false" TextHAlign="Right" WordWrap="true" X="155.971875" Y="60" Width="43.65625" Height="5" TextColor="black" />
              </Cells>
            </Row>
            <Row X="10" Y="65" Width="1" Height="5">
              <Cells>
                <Cell OrigWidth="1" OrigHeight="5" Text=" " LeftLineVisible="false" TopLineVisible="false" RightLineVisible="false" BottomLineVisible="false" WordWrap="true" X="10" Y="65" Width="1" Height="5" />
              </Cells>
            </Row>
          </Rows>
        </TableElement>
        <TextElement Text="总页码" FieldKind="System" LeftLineVisible="false" TopLineVisible="false" RightLineVisible="false" BottomLineVisible="false" TextHAlign="Right" BandKind="PageHeader" X="171.925003306071" Y="11.8479161898295" Width="20" Height="5" />
      </Elements>
      <Bands>
        <Band IsVisible="false" />
        <Band BandKind="PageHeader" Height="20" />
        <Band BandKind="ReportHeader" Y="19.84375" Height="20" />
        <Band IsVisible="false" BandKind="PageBodyHeader" />
        <Band BandKind="PageDetail" Y="39.9520833333333" Height="237" />
        <Band IsVisible="false" BandKind="PageBodyFooter" />
        <Band IsVisible="false" BandKind="ReportFooter" />
        <Band BandKind="PageFooter" Y="276.754166666667" Height="20" />
      </Bands>
    </Page>
  </Pages>
  <PageSettings MarginLeft="10" MarginTop="20" MarginRight="10" MarginBottom="20" PageWidth="210" PageHeight="297" />
  <ExpressionFields />
</Report>