<Report IsRemoveEmptyRows="true">
  <Pages>
    <Page Width="210" Height="297">
      <OrderFields />
      <Elements>
        <TextElement Text="表名" FieldKind="Master" LeftLineVisible="false" TopLineVisible="false" RightLineVisible="false" BottomLineVisible="false" TextHAlign="Center" BandKind="ReportHeader" X="9.32917054494222" Y="20.3458329677582" Width="191.335414123535" Height="23.2291659355164" FontSize="20" BoldFont="true" />
        <TableElement X="10.000000278155" Y="52.1906249046326" Width="190.951041666667" Height="221.875006739298">
          <Rows>
            <Row X="10.000000278155" Y="52.1906249046326" Width="190.951041666667" Height="5">
              <Cells>
                <Cell OrigWidth="14.4739583333333" OrigHeight="5" Text="日期" WordWrap="true" X="10.000000278155" Y="52.1906249046326" Width="14.4739583333333" Height="5" />
                <Cell OrigWidth="20.6375" OrigHeight="5" Text="派工单编号" WordWrap="true" X="24.4739586114883" Y="52.1906249046326" Width="20.6375" Height="5" />
                <Cell OrigWidth="18.5208333333333" OrigHeight="5" Text="任务单编号" WordWrap="true" X="45.1114586114883" Y="52.1906249046326" Width="18.5208333333333" Height="5" />
                <Cell OrigWidth="14.8166666666667" OrigHeight="5" Text="派工号" WordWrap="true" X="63.6322919448216" Y="52.1906249046326" Width="14.8166666666667" Height="5" />
                <Cell OrigWidth="19.3145833333333" OrigHeight="5" Text="存货全名" WordWrap="true" X="78.4489586114883" Y="52.1906249046326" Width="19.3145833333333" Height="5" />
                <Cell OrigWidth="17.9916666666667" OrigHeight="5" Text="工序全名" WordWrap="true" X="97.7635419448216" Y="52.1906249046326" Width="17.9916666666667" Height="5" />
                <Cell OrigWidth="18.5208333333333" OrigHeight="5" Text="加工顺序" WordWrap="true" X="115.755208611488" Y="52.1906249046326" Width="18.5208333333333" Height="5" />
                <Cell OrigWidth="21.43125" OrigHeight="5" Text="下一工序全名" WordWrap="true" X="134.276041944822" Y="52.1906249046326" Width="21.43125" Height="5" />
                <Cell OrigWidth="14.5520833333333" OrigHeight="5" Text="车间全名" WordWrap="true" X="155.707291944822" Y="52.1906249046326" Width="14.5520833333333" Height="5" />
                <Cell OrigWidth="17.7270833333333" OrigHeight="5" Text="工作组全名" WordWrap="true" X="170.259375278155" Y="52.1906249046326" Width="17.7270833333333" Height="5" />
                <Cell OrigWidth="12.9645833333333" OrigHeight="5" Text="数量" WordWrap="true" X="187.986458611488" Y="52.1906249046326" Width="12.9645833333333" Height="5" />
              </Cells>
            </Row>
            <Row X="10.000000278155" Y="57.1906249046326" Width="190.951041666667" Height="5">
              <Cells>
                <Cell OrigWidth="14.4739583333333" OrigHeight="5" Text="日期" FieldKind="Detail" WordWrap="true" X="10.000000278155" Y="57.1906249046326" Width="14.4739583333333" Height="5" />
                <Cell OrigWidth="20.6375" OrigHeight="5" Text="派工单编号" FieldKind="Detail" WordWrap="true" X="24.4739586114883" Y="57.1906249046326" Width="20.6375" Height="5" />
                <Cell OrigWidth="18.5208333333333" OrigHeight="5" Text="任务单编号" FieldKind="Detail" WordWrap="true" X="45.1114586114883" Y="57.1906249046326" Width="18.5208333333333" Height="5" />
                <Cell OrigWidth="14.8166666666667" OrigHeight="5" Text="派工号" FieldKind="Detail" WordWrap="true" X="63.6322919448216" Y="57.1906249046326" Width="14.8166666666667" Height="5" />
                <Cell OrigWidth="19.3145833333333" OrigHeight="5" Text="存货全名" FieldKind="Detail" WordWrap="true" X="78.4489586114883" Y="57.1906249046326" Width="19.3145833333333" Height="5" />
                <Cell OrigWidth="17.9916666666667" OrigHeight="5" Text="工序全名" FieldKind="Detail" WordWrap="true" X="97.7635419448216" Y="57.1906249046326" Width="17.9916666666667" Height="5" />
                <Cell OrigWidth="18.5208333333333" OrigHeight="5" Text="加工顺序" FieldKind="Detail" WordWrap="true" X="115.755208611488" Y="57.1906249046326" Width="18.5208333333333" Height="5" />
                <Cell OrigWidth="21.43125" OrigHeight="5" Text="下一工序全名" FieldKind="Detail" WordWrap="true" X="134.276041944822" Y="57.1906249046326" Width="21.43125" Height="5" />
                <Cell OrigWidth="14.5520833333333" OrigHeight="5" Text="车间全名" FieldKind="Detail" WordWrap="true" X="155.707291944822" Y="57.1906249046326" Width="14.5520833333333" Height="5" />
                <Cell OrigWidth="17.7270833333333" OrigHeight="5" Text="工作组全名" FieldKind="Detail" WordWrap="true" X="170.259375278155" Y="57.1906249046326" Width="17.7270833333333" Height="5" />
                <Cell OrigWidth="12.9645833333333" OrigHeight="5" Text="数量" FieldKind="Detail" WordWrap="true" X="187.986458611488" Y="57.1906249046326" Width="12.9645833333333" Height="5" />
              </Cells>
            </Row>
            <Row X="10.000000278155" Y="62.1906249046326" Width="190.951041666667" Height="5">
              <Cells>
                <Cell OrigWidth="14.4739583333333" OrigHeight="5" Text="合计：" WordWrap="true" X="10.000000278155" Y="62.1906249046326" Width="14.4739583333333" Height="5" />
                <Cell OrigWidth="20.6375" OrigHeight="5" Text="" WordWrap="true" X="24.4739586114883" Y="62.1906249046326" Width="20.6375" Height="5" />
                <Cell OrigWidth="18.5208333333333" OrigHeight="5" Text="" WordWrap="true" X="45.1114586114883" Y="62.1906249046326" Width="18.5208333333333" Height="5" />
                <Cell OrigWidth="14.8166666666667" OrigHeight="5" Text="" WordWrap="true" X="63.6322919448216" Y="62.1906249046326" Width="14.8166666666667" Height="5" />
                <Cell OrigWidth="19.3145833333333" OrigHeight="5" Text="" WordWrap="true" X="78.4489586114883" Y="62.1906249046326" Width="19.3145833333333" Height="5" />
                <Cell OrigWidth="17.9916666666667" OrigHeight="5" Text="" WordWrap="true" X="97.7635419448216" Y="62.1906249046326" Width="17.9916666666667" Height="5" />
                <Cell OrigWidth="18.5208333333333" OrigHeight="5" Text="" WordWrap="true" X="115.755208611488" Y="62.1906249046326" Width="18.5208333333333" Height="5" />
                <Cell OrigWidth="21.43125" OrigHeight="5" Text="" WordWrap="true" X="134.276041944822" Y="62.1906249046326" Width="21.43125" Height="5" />
                <Cell OrigWidth="14.5520833333333" OrigHeight="5" Text="" WordWrap="true" X="155.707291944822" Y="62.1906249046326" Width="14.5520833333333" Height="5" />
                <Cell OrigWidth="17.7270833333333" OrigHeight="5" Text="" WordWrap="true" X="170.259375278155" Y="62.1906249046326" Width="17.7270833333333" Height="5" />
                <Cell OrigWidth="12.9645833333333" OrigHeight="5" Text="数量" FieldKind="ToCurPageSum" WordWrap="true" X="187.986458611488" Y="62.1906249046326" Width="12.9645833333333" Height="5" />
              </Cells>
            </Row>
            <Row X="10.000000278155" Y="67.1906249046326" Width="190.951041666667" Height="5">
              <Cells>
                <Cell OrigWidth="14.4739583333333" OrigHeight="5" Text="" LeftLineVisible="false" RightLineVisible="false" BottomLineVisible="false" WordWrap="true" X="10.000000278155" Y="67.1906249046326" Width="14.4739583333333" Height="5" TextColor="black" />
                <Cell OrigWidth="20.6375" OrigHeight="5" Text="" LeftLineVisible="false" RightLineVisible="false" BottomLineVisible="false" WordWrap="true" X="24.4739586114883" Y="67.1906249046326" Width="20.6375" Height="5" TextColor="black" />
                <Cell OrigWidth="18.5208333333333" OrigHeight="5" Text="" LeftLineVisible="false" RightLineVisible="false" BottomLineVisible="false" WordWrap="true" X="45.1114586114883" Y="67.1906249046326" Width="18.5208333333333" Height="5" TextColor="black" />
                <Cell OrigWidth="14.8166666666667" OrigHeight="5" Text="" LeftLineVisible="false" RightLineVisible="false" BottomLineVisible="false" WordWrap="true" X="63.6322919448216" Y="67.1906249046326" Width="14.8166666666667" Height="5" TextColor="black" />
                <Cell OrigWidth="19.3145833333333" OrigHeight="5" Text="" LeftLineVisible="false" RightLineVisible="false" BottomLineVisible="false" WordWrap="true" X="78.4489586114883" Y="67.1906249046326" Width="19.3145833333333" Height="5" TextColor="black" />
                <Cell OrigWidth="17.9916666666667" OrigHeight="5" Text="" LeftLineVisible="false" RightLineVisible="false" BottomLineVisible="false" WordWrap="true" X="97.7635419448216" Y="67.1906249046326" Width="17.9916666666667" Height="5" TextColor="black" />
                <Cell OrigWidth="18.5208333333333" OrigHeight="5" Text="" LeftLineVisible="false" RightLineVisible="false" BottomLineVisible="false" WordWrap="true" X="115.755208611488" Y="67.1906249046326" Width="18.5208333333333" Height="5" TextColor="black" />
                <Cell OrigWidth="35.9833333333333" OrigHeight="5" Text="打印时间：" LeftLineVisible="false" RightLineVisible="false" BottomLineVisible="false" TextHAlign="Right" WordWrap="true" X="134.276041944822" Y="67.1906249046326" Width="35.9833333333333" Height="5" TextColor="black" />
                <Cell OrigWidth="30.6916666666667" OrigHeight="5" Text="日期" FieldKind="System" LeftLineVisible="false" RightLineVisible="false" BottomLineVisible="false" TextHAlign="Right" WordWrap="true" X="170.259375278155" Y="67.1906249046326" Width="30.6916666666667" Height="5" TextColor="black" />
              </Cells>
            </Row>
            <Row X="10.000000278155" Y="72.1906249046326" Width="190.951041666667" Height="5">
              <Cells>
                <Cell OrigWidth="14.4739583333333" OrigHeight="5" Text="" LeftLineVisible="false" TopLineVisible="false" RightLineVisible="false" BottomLineVisible="false" WordWrap="true" X="10.000000278155" Y="72.1906249046326" Width="14.4739583333333" Height="5" TextColor="black" />
                <Cell OrigWidth="20.6375" OrigHeight="5" Text="" LeftLineVisible="false" TopLineVisible="false" RightLineVisible="false" BottomLineVisible="false" WordWrap="true" X="24.4739586114883" Y="72.1906249046326" Width="20.6375" Height="5" TextColor="black" />
                <Cell OrigWidth="18.5208333333333" OrigHeight="5" Text="" LeftLineVisible="false" TopLineVisible="false" RightLineVisible="false" BottomLineVisible="false" WordWrap="true" X="45.1114586114883" Y="72.1906249046326" Width="18.5208333333333" Height="5" TextColor="black" />
                <Cell OrigWidth="14.8166666666667" OrigHeight="5" Text="" LeftLineVisible="false" TopLineVisible="false" RightLineVisible="false" BottomLineVisible="false" WordWrap="true" X="63.6322919448216" Y="72.1906249046326" Width="14.8166666666667" Height="5" TextColor="black" />
                <Cell OrigWidth="19.3145833333333" OrigHeight="5" Text="" LeftLineVisible="false" TopLineVisible="false" RightLineVisible="false" BottomLineVisible="false" WordWrap="true" X="78.4489586114883" Y="72.1906249046326" Width="19.3145833333333" Height="5" TextColor="black" />
                <Cell OrigWidth="17.9916666666667" OrigHeight="5" Text="" LeftLineVisible="false" TopLineVisible="false" RightLineVisible="false" BottomLineVisible="false" WordWrap="true" X="97.7635419448216" Y="72.1906249046326" Width="17.9916666666667" Height="5" TextColor="black" />
                <Cell OrigWidth="18.5208333333333" OrigHeight="5" Text="" LeftLineVisible="false" TopLineVisible="false" RightLineVisible="false" BottomLineVisible="false" WordWrap="true" X="115.755208611488" Y="72.1906249046326" Width="18.5208333333333" Height="5" TextColor="black" />
                <Cell OrigWidth="21.43125" OrigHeight="5" Text="" LeftLineVisible="false" TopLineVisible="false" RightLineVisible="false" BottomLineVisible="false" WordWrap="true" X="134.276041944822" Y="72.1906249046326" Width="21.43125" Height="5" TextColor="black" />
                <Cell OrigWidth="14.5520833333333" OrigHeight="5" Text="" LeftLineVisible="false" TopLineVisible="false" RightLineVisible="false" BottomLineVisible="false" WordWrap="true" X="155.707291944822" Y="72.1906249046326" Width="14.5520833333333" Height="5" TextColor="black" />
                <Cell OrigWidth="30.6916666666667" OrigHeight="5" Text="[管家婆软件]" LeftLineVisible="false" TopLineVisible="false" RightLineVisible="false" BottomLineVisible="false" TextHAlign="Right" WordWrap="true" X="170.259375278155" Y="72.1906249046326" Width="30.6916666666667" Height="5" TextColor="black" />
              </Cells>
            </Row>
          </Rows>
        </TableElement>
        <TextElement Text="总页码" FieldKind="System" LeftLineVisible="false" TopLineVisible="false" RightLineVisible="false" BottomLineVisible="false" TextHAlign="Right" BandKind="PageHeader" X="179.068753306071" Y="13.9645828564962" Width="20" Height="5" />
      </Elements>
      <Bands>
        <Band IsVisible="false" />
        <Band BandKind="PageHeader" Height="20" />
        <Band BandKind="ReportHeader" Y="19.84375" Height="25.003125" />
        <Band IsVisible="false" BandKind="PageBodyHeader" />
        <Band BandKind="PageDetail" Y="44.9791666666667" Height="231.996875" />
        <Band IsVisible="false" BandKind="PageBodyFooter" />
        <Band IsVisible="false" BandKind="ReportFooter" />
        <Band BandKind="PageFooter" Y="276.754166666667" Height="20" />
      </Bands>
    </Page>
  </Pages>
  <PageSettings MarginLeft="10" MarginTop="20" MarginBottom="20" PageWidth="210" PageHeight="297" />
  <ExpressionFields />
</Report>