<Report MaxRowCount="0">
  <Pages>
    <Page Width="210" Height="297" TextVAlign="Center">
      <OrderFields />
      <Elements>
        <TextElement Text="表名" FieldKind="Master" LeftLineVisible="false" TopLineVisible="false" RightLineVisible="false" BottomLineVisible="false" BandKind="ReportHeader" X="9.85833721160889" Y="21.9333349863688" Width="189.856240844727" Height="10.000000278155" FontSize="20" BoldFont="true" TextHAlign="Center" TextVAlign="Center" />
        <TableElement X="10.1864583333333" Y="54.8364622751872" Width="190" Height="208.397922388713" TextVAlign="Center">
          <Rows>
            <Row X="10.1864583333333" Y="54.8364622751872" Width="190" Height="5" TextVAlign="Center">
              <Cells>
                <Cell CellWidth="3.4" OrigWidth="22.7541666666667" OrigHeight="5" Text="产成品编号" DecimalDigits="0" X="10.1864583333333" Y="54.8364622751872" Width="22.7541666666667" Height="5" TextVAlign="Center" />
                <Cell CellWidth="3.4" OrigWidth="24.3416666666667" OrigHeight="5" Text="产成品全名" DecimalDigits="0" X="32.940625" Y="54.8364622751872" Width="24.3416666666667" Height="5" TextVAlign="Center" />
                <Cell CellWidth="3.4" OrigWidth="22.4895833333333" OrigHeight="5" Text="存货编号" X="57.2822916666667" Y="54.8364622751872" Width="22.4895833333333" Height="5" TextVAlign="Center" WordWrap="true" />
                <Cell CellWidth="3.4" OrigWidth="25.4" OrigHeight="5" Text="存货全名" X="79.771875" Y="54.8364622751872" Width="25.4" Height="5" TextVAlign="Center" WordWrap="true" />
                <Cell CellWidth="3.4" OrigWidth="19.84375" OrigHeight="5" Text="单位" X="105.171875" Y="54.8364622751872" Width="19.84375" Height="5" TextVAlign="Center" WordWrap="true" />
                <Cell CellWidth="3.4" OrigWidth="16.1395833333333" OrigHeight="5" Text="批号" DecimalDigits="0" X="125.015625" Y="54.8364622751872" Width="16.1395833333333" Height="5" TextVAlign="Center" />
                <Cell CellWidth="3.4" OrigWidth="14.8166666666667" OrigHeight="5" Text="数量" X="141.155208333333" Y="54.8364622751872" Width="14.8166666666667" Height="5" TextVAlign="Center" WordWrap="true" />
                <Cell CellWidth="3.4" OrigWidth="18.25625" OrigHeight="5" Text="单价" X="155.971875" Y="54.8364622751872" Width="18.25625" Height="5" TextVAlign="Center" WordWrap="true" />
                <Cell CellWidth="3.4" OrigWidth="25.9583333333331" OrigHeight="5" Text="金额" X="174.228125" Y="54.8364622751872" Width="25.9583333333331" Height="5" TextVAlign="Center" WordWrap="true" />
              </Cells>
            </Row>
            <Row X="10.1864583333333" Y="59.8364622751872" Width="190" Height="5" TextVAlign="Center">
              <Cells>
                <Cell CellWidth="3.4" OrigWidth="22.7541666666667" OrigHeight="5" Text="产成品编号" FieldKind="Detail" DecimalDigits="0" X="10.1864583333333" Y="59.8364622751872" Width="22.7541666666667" Height="5" TextVAlign="Center" />
                <Cell CellWidth="3.4" OrigWidth="24.3416666666667" OrigHeight="5" Text="产成品全名" FieldKind="Detail" DecimalDigits="0" X="32.940625" Y="59.8364622751872" Width="24.3416666666667" Height="5" TextVAlign="Center" />
                <Cell CellWidth="3.4" OrigWidth="22.4895833333333" OrigHeight="5" Text="存货编号" FieldKind="Detail" X="57.2822916666667" Y="59.8364622751872" Width="22.4895833333333" Height="5" TextVAlign="Center" WordWrap="true" />
                <Cell CellWidth="3.4" OrigWidth="25.4" OrigHeight="5" Text="存货全名" FieldKind="Detail" X="79.771875" Y="59.8364622751872" Width="25.4" Height="5" TextVAlign="Center" WordWrap="true" />
                <Cell CellWidth="3.4" OrigWidth="19.84375" OrigHeight="5" Text="单位" FieldKind="Detail" X="105.171875" Y="59.8364622751872" Width="19.84375" Height="5" TextVAlign="Center" WordWrap="true" />
                <Cell CellWidth="3.4" OrigWidth="16.1395833333333" OrigHeight="5" Text="批号" FieldKind="Detail" DecimalDigits="0" X="125.015625" Y="59.8364622751872" Width="16.1395833333333" Height="5" TextVAlign="Center" />
                <Cell CellWidth="3.4" OrigWidth="14.8166666666667" OrigHeight="5" Text="数量" FieldKind="Detail" X="141.155208333333" Y="59.8364622751872" Width="14.8166666666667" Height="5" TextVAlign="Center" WordWrap="true" />
                <Cell CellWidth="3.4" OrigWidth="18.25625" OrigHeight="5" Text="单价" FieldKind="Detail" X="155.971875" Y="59.8364622751872" Width="18.25625" Height="5" TextVAlign="Center" WordWrap="true" />
                <Cell CellWidth="3.4" OrigWidth="25.9583333333331" OrigHeight="5" Text="金额" FieldKind="Detail" X="174.228125" Y="59.8364622751872" Width="25.9583333333331" Height="5" TextVAlign="Center" WordWrap="true" />
              </Cells>
            </Row>
            <Row X="10.1864583333333" Y="64.8364622751872" Width="190" Height="5" TextVAlign="Center">
              <Cells>
                <Cell CellWidth="3.4" OrigWidth="22.7541666666667" OrigHeight="5" Text="合计：" DecimalDigits="0" X="10.1864583333333" Y="64.8364622751872" Width="22.7541666666667" Height="5" TextVAlign="Center" />
                <Cell CellWidth="3.4" OrigWidth="24.3416666666667" OrigHeight="5" DecimalDigits="0" X="32.940625" Y="64.8364622751872" Width="24.3416666666667" Height="5" TextVAlign="Center" />
                <Cell CellWidth="3.4" OrigWidth="22.4895833333333" OrigHeight="5" Text="" X="57.2822916666667" Y="64.8364622751872" Width="22.4895833333333" Height="5" TextVAlign="Center" WordWrap="true" />
                <Cell CellWidth="3.4" OrigWidth="25.4" OrigHeight="5" Text="" X="79.771875" Y="64.8364622751872" Width="25.4" Height="5" TextVAlign="Center" WordWrap="true" />
                <Cell CellWidth="3.4" OrigWidth="19.84375" OrigHeight="5" Text="" X="105.171875" Y="64.8364622751872" Width="19.84375" Height="5" TextVAlign="Center" WordWrap="true" />
                <Cell CellWidth="3.4" OrigWidth="16.1395833333333" OrigHeight="5" DecimalDigits="0" X="125.015625" Y="64.8364622751872" Width="16.1395833333333" Height="5" TextVAlign="Center" />
                <Cell CellWidth="3.4" OrigWidth="14.8166666666667" OrigHeight="5" Text="数量" FieldKind="ToCurPageSum" X="141.155208333333" Y="64.8364622751872" Width="14.8166666666667" Height="5" TextVAlign="Center" WordWrap="true" />
                <Cell CellWidth="3.4" OrigWidth="18.25625" OrigHeight="5" Text="" X="155.971875" Y="64.8364622751872" Width="18.25625" Height="5" TextVAlign="Center" WordWrap="true" />
                <Cell CellWidth="3.4" OrigWidth="25.9583333333331" OrigHeight="5" Text="金额" FieldKind="ToCurPageSum" X="174.228125" Y="64.8364622751872" Width="25.9583333333331" Height="5" TextVAlign="Center" WordWrap="true" />
              </Cells>
            </Row>
            <Row X="10.1864583333333" Y="69.8364622751872" Width="190" Height="5" TextVAlign="Center">
              <Cells>
                <Cell CellWidth="3.4" OrigWidth="22.7541666666667" OrigHeight="5" Text="" LeftLineVisible="false" RightLineVisible="false" BottomLineVisible="false" DecimalDigits="0" X="10.1864583333333" Y="69.8364622751872" Width="22.7541666666667" Height="5" TextVAlign="Center" />
                <Cell CellWidth="3.4" OrigWidth="24.3416666666667" OrigHeight="5" LeftLineVisible="false" BottomLineVisible="false" DecimalDigits="0" X="32.940625" Y="69.8364622751872" Width="24.3416666666667" Height="5" TextVAlign="Center" />
                <Cell CellWidth="3.4" OrigWidth="22.4895833333333" OrigHeight="4.64374999999995" Text="" LeftLineVisible="false" RightLineVisible="false" BottomLineVisible="false" X="57.2822916666667" Y="69.8364622751872" Width="22.4895833333333" Height="5" TextColor="black" TextVAlign="Center" WordWrap="true" />
                <Cell CellWidth="3.4" OrigWidth="25.4" OrigHeight="4.64374999999995" Text="" LeftLineVisible="false" RightLineVisible="false" BottomLineVisible="false" X="79.771875" Y="69.8364622751872" Width="25.4" Height="5" TextColor="black" TextVAlign="Center" WordWrap="true" />
                <Cell CellWidth="3.4" OrigWidth="19.84375" OrigHeight="4.64374999999995" Text="" LeftLineVisible="false" RightLineVisible="false" BottomLineVisible="false" X="105.171875" Y="69.8364622751872" Width="19.84375" Height="5" TextColor="black" TextVAlign="Center" WordWrap="true" />
                <Cell CellWidth="3.4" OrigWidth="16.1395833333333" OrigHeight="5" Text="" LeftLineVisible="false" RightLineVisible="false" BottomLineVisible="false" DecimalDigits="0" X="125.015625" Y="69.8364622751872" Width="16.1395833333333" Height="5" TextVAlign="Center" />
                <Cell CellWidth="3.4" OrigWidth="14.8166666666667" OrigHeight="4.64374999999995" Text="" LeftLineVisible="false" RightLineVisible="false" BottomLineVisible="false" X="141.155208333333" Y="69.8364622751872" Width="14.8166666666667" Height="5" TextColor="black" TextVAlign="Center" WordWrap="true" />
                <Cell CellWidth="3.4" OrigWidth="21.7016565548224" OrigHeight="4.64374999999995" Text="打印时间：" LeftLineVisible="false" RightLineVisible="false" BottomLineVisible="false" X="155.971875" Y="69.8364622751872" Width="21.7016565548224" Height="5" TextColor="black" TextHAlign="Right" TextVAlign="Center" WordWrap="true" />
                <Cell CellWidth="3.4" OrigWidth="22.5129267785108" OrigHeight="4.64374999999995" Text="日期" FieldKind="System" LeftLineVisible="false" RightLineVisible="false" BottomLineVisible="false" X="177.673531554822" Y="69.8364622751872" Width="22.5129267785108" Height="5" TextColor="black" TextHAlign="Right" TextVAlign="Center" WordWrap="true" />
              </Cells>
            </Row>
            <Row X="10.1864583333333" Y="74.8364622751872" Width="190" Height="5" TextVAlign="Center">
              <Cells>
                <Cell CellWidth="3.4" OrigWidth="22.7541666666667" OrigHeight="5" Text="" LeftLineVisible="false" TopLineVisible="false" RightLineVisible="false" BottomLineVisible="false" DecimalDigits="0" X="10.1864583333333" Y="74.8364622751872" Width="22.7541666666667" Height="5" TextVAlign="Center" />
                <Cell CellWidth="3.4" OrigWidth="24.3416666666667" OrigHeight="5" Text="" LeftLineVisible="false" TopLineVisible="false" RightLineVisible="false" BottomLineVisible="false" DecimalDigits="0" X="32.940625" Y="74.8364622751872" Width="24.3416666666667" Height="5" TextVAlign="Center" />
                <Cell CellWidth="3.4" OrigWidth="22.4895833333333" OrigHeight="5" Text="" LeftLineVisible="false" TopLineVisible="false" RightLineVisible="false" BottomLineVisible="false" X="57.2822916666667" Y="74.8364622751872" Width="22.4895833333333" Height="5" TextColor="black" TextVAlign="Center" WordWrap="true" />
                <Cell CellWidth="3.4" OrigWidth="25.4" OrigHeight="5" Text="" LeftLineVisible="false" TopLineVisible="false" RightLineVisible="false" BottomLineVisible="false" X="79.771875" Y="74.8364622751872" Width="25.4" Height="5" TextColor="black" TextVAlign="Center" WordWrap="true" />
                <Cell CellWidth="3.4" OrigWidth="19.84375" OrigHeight="5" Text="" LeftLineVisible="false" TopLineVisible="false" RightLineVisible="false" BottomLineVisible="false" X="105.171875" Y="74.8364622751872" Width="19.84375" Height="5" TextColor="black" TextVAlign="Center" WordWrap="true" />
                <Cell CellWidth="3.4" OrigWidth="16.1395833333333" OrigHeight="5" Text="" LeftLineVisible="false" TopLineVisible="false" RightLineVisible="false" BottomLineVisible="false" DecimalDigits="0" X="125.015625" Y="74.8364622751872" Width="16.1395833333333" Height="5" TextVAlign="Center" />
                <Cell CellWidth="3.4" OrigWidth="14.8166666666667" OrigHeight="5" Text="" LeftLineVisible="false" TopLineVisible="false" RightLineVisible="false" BottomLineVisible="false" X="141.155208333333" Y="74.8364622751872" Width="14.8166666666667" Height="5" TextColor="black" TextVAlign="Center" WordWrap="true" />
                <Cell CellWidth="3.4" OrigWidth="18.25625" OrigHeight="5" Text="" LeftLineVisible="false" TopLineVisible="false" RightLineVisible="false" BottomLineVisible="false" X="155.971875" Y="74.8364622751872" Width="18.25625" Height="5" TextColor="black" TextVAlign="Center" WordWrap="true" />
                <Cell CellWidth="3.4" OrigWidth="1.32291666666666" OrigHeight="5" Text="" LeftLineVisible="false" TopLineVisible="false" RightLineVisible="false" BottomLineVisible="false" X="174.228125" Y="74.8364622751872" Width="1.32291666666666" Height="5" TextColor="black" TextVAlign="Center" WordWrap="true" />
                <Cell CellWidth="3.4" OrigWidth="2.11666666666667" OrigHeight="5" Text="" LeftLineVisible="false" TopLineVisible="false" RightLineVisible="false" BottomLineVisible="false" X="175.551041666667" Y="74.8364622751872" Width="2.11666666666667" Height="5" TextColor="black" TextHAlign="Right" TextVAlign="Center" WordWrap="true" />
                <Cell CellWidth="3.4" OrigWidth="22.5187499999997" OrigHeight="5" Text="[管家婆软件]" LeftLineVisible="false" TopLineVisible="false" RightLineVisible="false" BottomLineVisible="false" X="177.667708333333" Y="74.8364622751872" Width="22.5187499999997" Height="5" TextColor="black" TextHAlign="Right" TextVAlign="Center" WordWrap="true" />
              </Cells>
            </Row>
          </Rows>
        </TableElement>
        <TextElement Text="总页码" FieldKind="System" LeftLineVisible="false" TopLineVisible="false" RightLineVisible="false" BottomLineVisible="false" BandKind="PageHeader" X="167.956253306071" Y="15.0000004172325" Width="32.4354172229767" Height="5.0000001390775" TextHAlign="Right" TextVAlign="Center" />
        <TextElement Text="制单日期" FieldKind="Master" LeftLineVisible="false" TopLineVisible="false" RightLineVisible="false" BottomLineVisible="false" BandKind="ReportHeader" X="91.4916699727376" Y="35.3958328564962" Width="20" Height="5" TextVAlign="Center" />
        <TextElement Text="录单日期：" LeftLineVisible="false" TopLineVisible="false" RightLineVisible="false" BottomLineVisible="false" BandKind="ReportHeader" X="71.118753306071" Y="35.3958328564962" Width="20.00000055631" Height="5.0000001390775" TextVAlign="Center" />
        <TextElement Text="制单人" FieldKind="Master" LeftLineVisible="false" TopLineVisible="false" RightLineVisible="false" BottomLineVisible="false" BandKind="ReportHeader" X="30.6374992688497" Y="35.3958328564962" Width="20" Height="5" TextVAlign="Center" />
        <TextElement Text="制 单 人：" LeftLineVisible="false" TopLineVisible="false" RightLineVisible="false" BottomLineVisible="false" BandKind="ReportHeader" X="10.793750278155" Y="35.3958328564962" Width="20" Height="5" TextVAlign="Center" />
        <TextElement Text="单据编号" FieldKind="Master" LeftLineVisible="false" TopLineVisible="false" RightLineVisible="false" BottomLineVisible="false" BandKind="ReportHeader" X="151.022919972738" Y="35.3958328564962" Width="48.5749985376994" Height="5.0000001390775" TextVAlign="Center" />
        <TextElement Text="单据编号：" LeftLineVisible="false" TopLineVisible="false" RightLineVisible="false" BottomLineVisible="false" BandKind="ReportHeader" X="131.179169972738" Y="35.3958328564962" Width="20" Height="5" TextVAlign="Center" />
        <TextElement Text="发 料 人" FieldKind="Master" LeftLineVisible="false" TopLineVisible="false" RightLineVisible="false" BottomLineVisible="false" BandKind="ReportHeader" X="31.2270866394043" Y="40.6874995231628" Width="20" Height="5" TextVAlign="Center" />
        <TextElement Text="发 料 人：" LeftLineVisible="false" TopLineVisible="false" RightLineVisible="false" BottomLineVisible="false" BandKind="ReportHeader" X="11.2270860830943" Y="40.3958345095317" Width="20" Height="5" TextVAlign="Center" />
        <TextElement Text="加工单号" FieldKind="Master" LeftLineVisible="false" TopLineVisible="false" RightLineVisible="false" BottomLineVisible="false" BandKind="ReportHeader" X="91.022919972738" Y="40.3958345095317" Width="48.5749985376994" Height="5.0000001390775" TextVAlign="Center" />
        <TextElement Text="加工单号：" LeftLineVisible="false" TopLineVisible="false" RightLineVisible="false" BottomLineVisible="false" BandKind="ReportHeader" X="70.914586639404" Y="40.3958329955737" Width="20" Height="5" TextVAlign="Center" />
        <TextElement Text="摘    要" FieldKind="Master" LeftLineVisible="false" TopLineVisible="false" RightLineVisible="false" BottomLineVisible="false" BandKind="ReportHeader" X="30.6374992688497" Y="45.7145828564962" Width="108.635415204366" Height="5.0000001390775" TextVAlign="Center" />
        <TextElement Text="摘    要：" LeftLineVisible="false" TopLineVisible="false" RightLineVisible="false" BottomLineVisible="false" BandKind="ReportHeader" X="10.793750278155" Y="45.7145828564962" Width="20" Height="5" TextVAlign="Center" />
      </Elements>
      <Bands>
        <Band IsVisible="false" TextVAlign="Center" />
        <Band BandKind="PageHeader" Height="20" TextVAlign="Center" />
        <Band BandKind="ReportHeader" Y="19.84375" Height="34.2635416666667" TextVAlign="Center" />
        <Band IsVisible="false" BandKind="PageBodyHeader" TextVAlign="Center" />
        <Band BandKind="PageDetail" Y="54.2395833333333" Height="222.736458333333" TextVAlign="Center" />
        <Band IsVisible="false" BandKind="PageBodyFooter" TextVAlign="Center" />
        <Band IsVisible="false" BandKind="ReportFooter" TextVAlign="Center" />
        <Band BandKind="PageFooter" Y="276.754166666667" Height="20" TextVAlign="Center" />
      </Bands>
    </Page>
  </Pages>
  <PageSettings MarginLeft="10" MarginTop="20" MarginRight="10" MarginBottom="20" PageWidth="210" PageHeight="297" />
  <ExpressionFields />
</Report>