<Report MaxRowCount="0">
  <Pages>
    <Page Width="210" Height="297" TextVAlign="Center">
      <OrderFields />
      <Elements>
        <TextElement Text="表名" FieldKind="Master" LeftLineVisible="false" TopLineVisible="false" RightLineVisible="false" BottomLineVisible="false" BandKind="ReportHeader" X="9.59375387827555" Y="21.2958335240682" Width="189.964583714803" Height="16.614582602183" FontSize="25" BoldFont="true" TextHAlign="Center" TextVAlign="Center" />
        <TableElement X="10" Y="40" Width="152.586458333333" Height="236.579164123535" TextVAlign="Center">
          <Rows>
            <Row X="10" Y="40" Width="142.719630256294" Height="13.4666653951009" TextVAlign="Center">
              <Cells>
                <Cell TextColor="black" TextHAlign="Center" TextVAlign="Center" WordWrap="true" CellWidth="3.4" OrigWidth="18.0848958333333" OrigHeight="13.4666653951009" Text="会计科目：" LeftLineVisible="false" TopLineVisible="false" RightLineVisible="false" X="10" Y="40" Width="18.0848958333333" Height="13.4666653951009" />
                <Cell TextColor="black" TextHAlign="Center" TextVAlign="Center" WordWrap="true" CellWidth="3.4" OrigWidth="18.0848958333333" OrigHeight="13.4666653951009" Text="会计科目" FieldKind="Master" LeftLineVisible="false" TopLineVisible="false" RightLineVisible="false" DecimalDigits="0" X="28.0848958333333" Y="40" Width="18.0848958333333" Height="13.4666653951009" />
                <Cell TextColor="black" TextVAlign="Center" WordWrap="true" CellWidth="3.4" OrigWidth="21.1666666666667" OrigHeight="13.4666653951009" Text="供应商名称：" LeftLineVisible="false" TopLineVisible="false" RightLineVisible="false" X="46.1697916666667" Y="40" Width="21.1666666666667" Height="13.4666653951009" />
                <Cell TextColor="black" TextVAlign="Center" WordWrap="true" CellWidth="3.4" OrigWidth="24.9421387354533" OrigHeight="13.4666653951009" Text="供应商名称" FieldKind="Master" LeftLineVisible="false" TopLineVisible="false" RightLineVisible="false" X="67.3364583333333" Y="40" Width="24.9421387354533" Height="13.4666653951009" />
                <Cell TextColor="black" TextVAlign="Center" WordWrap="true" CellWidth="3.4" OrigWidth="17.6110455195109" OrigHeight="13.4666653951009" Text="开始日期" FieldKind="Master" LeftLineVisible="false" TopLineVisible="false" RightLineVisible="false" X="92.2785970687866" Y="40" Width="17.6110455195109" Height="13.4666653951009" />
                <Cell TextColor="black" TextVAlign="Center" WordWrap="true" CellWidth="3.4" OrigWidth="9.07010205586751" OrigHeight="13.4666653951009" Text="至" LeftLineVisible="false" TopLineVisible="false" RightLineVisible="false" X="109.889642588298" Y="40" Width="9.07010205586751" Height="13.4666653951009" />
                <Cell TextColor="black" TextVAlign="Center" WordWrap="true" CellWidth="3.4" OrigWidth="33.7598856121286" OrigHeight="13.4666653951009" Text="结束日期" FieldKind="Master" LeftLineVisible="false" TopLineVisible="false" RightLineVisible="false" X="118.959744644165" Y="40" Width="33.7598856121286" Height="13.4666653951009" />
              </Cells>
            </Row>
            <Row X="10" Y="53.4666653951009" Width="152.586458333333" Height="6.27343813578288" TextVAlign="Center">
              <Cells>
                <Cell TextColor="black" TextHAlign="Center" TextVAlign="Center" WordWrap="true" CellWidth="3.4" OrigWidth="20.0302083333333" OrigHeight="6.27343813578288" Text="日期" X="10" Y="53.4666653951009" Width="20.0302083333333" Height="6.27343813578288" />
                <Cell TextColor="black" TextHAlign="Center" TextVAlign="Center" WordWrap="true" RowSpan="2" CellWidth="3.4" OrigWidth="27.78125" OrigHeight="6.27343813578288" Text="摘要" X="30.0302083333333" Y="53.4666653951009" Width="27.78125" Height="12.5468762715658" />
                <Cell TextColor="black" TextHAlign="Center" TextVAlign="Center" WordWrap="true" RowSpan="2" CellWidth="3.4" OrigWidth="30.1625" OrigHeight="6.27343813578288" Text="借方" X="57.8114583333333" Y="53.4666653951009" Width="30.1625" Height="12.5468762715658" />
                <Cell TextColor="black" TextHAlign="Center" TextVAlign="Center" WordWrap="true" RowSpan="2" CellWidth="3.4" OrigWidth="30.6081404135005" OrigHeight="6.27343813578288" Text="贷方" X="87.9739583333333" Y="53.4666653951009" Width="30.6081404135005" Height="12.5468762715658" />
                <Cell TextColor="black" TextHAlign="Center" TextVAlign="Center" WordWrap="true" RowSpan="2" CellWidth="3.4" OrigWidth="10.2016861041572" OrigHeight="6.27343813578288" Text="方向" X="118.582098746834" Y="53.4666653951009" Width="10.2016861041572" Height="12.5468762715658" />
                <Cell TextHAlign="Center" TextVAlign="Center" RowSpan="2" CellWidth="3.4" OrigWidth="33.8026734823422" OrigHeight="6.27343813578288" Text="余额" X="128.783784850991" Y="53.4666653951009" Width="33.8026734823422" Height="12.5468762715658" />
              </Cells>
            </Row>
            <Row X="10" Y="59.7401035308838" Width="152.586458333333" Height="6.27343813578288" TextVAlign="Center">
              <Cells>
                <Cell TextColor="black" TextHAlign="Center" TextVAlign="Center" WordWrap="true" CellWidth="3.4" OrigWidth="10.0151041666666" OrigHeight="6.27343813578288" Text="年" DecimalDigits="0" X="10" Y="59.7401035308838" Width="10.0151041666666" Height="6.27343813578288" />
                <Cell TextColor="black" TextHAlign="Center" TextVAlign="Center" WordWrap="true" CellWidth="3.4" OrigWidth="10.0151041666666" OrigHeight="6.27343813578288" Text="月" DecimalDigits="0" X="20.0151041666666" Y="59.7401035308838" Width="10.0151041666666" Height="6.27343813578288" />
                <Cell TextColor="black" TextHAlign="Center" TextVAlign="Center" WordWrap="true" CellWidth="3.4" OrigWidth="27.78125" OrigHeight="6.27343813578288" Text="" DecimalDigits="0" X="30.0302083333332" Y="59.7401035308838" Width="27.78125" Height="6.27343813578288" />
                <Cell TextColor="black" TextHAlign="Center" TextVAlign="Center" WordWrap="true" CellWidth="3.4" OrigWidth="30.1625" OrigHeight="6.27343813578288" Text="" DecimalDigits="0" X="57.8114583333332" Y="59.7401035308838" Width="30.1625" Height="6.27343813578288" />
                <Cell TextColor="black" TextHAlign="Center" TextVAlign="Center" WordWrap="true" CellWidth="3.4" OrigWidth="30.6081404135005" OrigHeight="6.27343813578288" Text="" DecimalDigits="0" X="87.9739583333332" Y="59.7401035308838" Width="30.6081404135005" Height="6.27343813578288" />
                <Cell TextColor="black" TextHAlign="Center" TextVAlign="Center" WordWrap="true" CellWidth="3.4" OrigWidth="10.2016861041572" OrigHeight="6.27343813578288" Text="" DecimalDigits="0" X="118.582098746834" Y="59.7401035308838" Width="10.2016861041572" Height="6.27343813578288" />
                <Cell TextColor="black" TextHAlign="Center" TextVAlign="Center" CellWidth="3.4" OrigWidth="33.8026734823422" OrigHeight="6.27343813578288" Text="" DecimalDigits="0" X="128.783784850991" Y="59.7401035308838" Width="33.8026734823422" Height="6.27343813578288" />
              </Cells>
            </Row>
            <Row X="10" Y="66.0135416666667" Width="152.586458333333" Height="4.92812499999999" TextVAlign="Center">
              <Cells>
                <Cell TextVAlign="Center" WordWrap="true" CellWidth="3.4" OrigWidth="10.0151041666666" OrigHeight="4.92812499999999" Text="年" FieldKind="Detail" X="10" Y="66.0135416666667" Width="10.0151041666666" Height="4.92812499999999" />
                <Cell TextVAlign="Center" WordWrap="true" CellWidth="3.4" OrigWidth="10.0151041666666" OrigHeight="4.92812499999999" Text="月" FieldKind="Detail" DecimalDigits="0" X="20.0151041666666" Y="66.0135416666667" Width="10.0151041666666" Height="4.92812499999999" />
                <Cell TextVAlign="Center" WordWrap="true" CellWidth="3.4" OrigWidth="27.78125" OrigHeight="4.92812499999999" Text="摘要" FieldKind="Detail" X="30.0302083333332" Y="66.0135416666667" Width="27.78125" Height="4.92812499999999" />
                <Cell TextVAlign="Center" WordWrap="true" CellWidth="3.4" OrigWidth="30.1625" OrigHeight="4.92812499999999" Text="借方" FieldKind="Detail" X="57.8114583333332" Y="66.0135416666667" Width="30.1625" Height="4.92812499999999" />
                <Cell TextVAlign="Center" WordWrap="true" CellWidth="3.4" OrigWidth="30.6081404135005" OrigHeight="4.92812499999999" Text="贷方" FieldKind="Detail" X="87.9739583333332" Y="66.0135416666667" Width="30.6081404135005" Height="4.92812499999999" />
                <Cell TextHAlign="Center" TextVAlign="Center" WordWrap="true" CellWidth="3.4" OrigWidth="10.2016861041572" OrigHeight="4.92812499999999" Text="方向" FieldKind="Detail" X="118.582098746834" Y="66.0135416666667" Width="10.2016861041572" Height="4.92812499999999" />
                <Cell TextHAlign="Right" TextVAlign="Center" CellWidth="3.4" OrigWidth="33.8026734823423" OrigHeight="4.92812499999999" Text="余额" FieldKind="Detail" X="128.783784850991" Y="66.0135416666667" Width="33.8026734823423" Height="4.92812499999999" />
              </Cells>
            </Row>
            <Row X="10" Y="70.9416666666667" Width="152.586458333333" Height="5" TextVAlign="Center">
              <Cells>
                <Cell TextColor="black" TextVAlign="Center" WordWrap="true" CellWidth="3.4" OrigWidth="20.0302083333333" OrigHeight="5" Text="" LeftLineVisible="false" RightLineVisible="false" BottomLineVisible="false" X="10" Y="70.9416666666667" Width="20.0302083333333" Height="5" />
                <Cell TextColor="black" TextVAlign="Center" WordWrap="true" CellWidth="3.4" OrigWidth="27.78125" OrigHeight="5" Text="" LeftLineVisible="false" RightLineVisible="false" BottomLineVisible="false" X="30.0302083333333" Y="70.9416666666667" Width="27.78125" Height="5" />
                <Cell TextColor="black" TextVAlign="Center" WordWrap="true" CellWidth="3.4" OrigWidth="36.7484511022373" OrigHeight="5" Text="" LeftLineVisible="false" RightLineVisible="false" BottomLineVisible="false" X="57.8114583333333" Y="70.9416666666667" Width="36.7484511022373" Height="5" />
                <Cell TextColor="black" TextVAlign="Center" WordWrap="true" CellWidth="3.4" OrigWidth="24.0221893112633" OrigHeight="5" Text="" LeftLineVisible="false" RightLineVisible="false" BottomLineVisible="false" X="94.5599094355706" Y="70.9416666666667" Width="24.0221893112633" Height="5" />
                <Cell TextVAlign="Center" CellWidth="3.4" OrigWidth="20.200823419199" OrigHeight="5" Text="打印时间：" LeftLineVisible="false" RightLineVisible="false" BottomLineVisible="false" X="118.582098746834" Y="70.9416666666667" Width="20.200823419199" Height="5" />
                <Cell TextHAlign="Right" TextVAlign="Center" CellWidth="3.4" OrigWidth="23.8035361673004" OrigHeight="5" Text="日期" FieldKind="System" LeftLineVisible="false" RightLineVisible="false" BottomLineVisible="false" X="138.782922166033" Y="70.9416666666667" Width="23.8035361673004" Height="5" />
              </Cells>
            </Row>
            <Row X="10" Y="75.9416666666667" Width="152.586458333333" Height="5" TextVAlign="Center">
              <Cells>
                <Cell TextColor="black" TextVAlign="Center" WordWrap="true" CellWidth="3.4" OrigWidth="7.42344674259339" OrigHeight="5" Text="" LeftLineVisible="false" TopLineVisible="false" RightLineVisible="false" BottomLineVisible="false" X="10" Y="75.9416666666667" Width="7.42344674259339" Height="5" />
                <Cell TextColor="black" TextVAlign="Center" WordWrap="true" CellWidth="3.4" OrigWidth="9.31010794325524" OrigHeight="5" Text="" LeftLineVisible="false" TopLineVisible="false" RightLineVisible="false" BottomLineVisible="false" X="17.4234467425934" Y="75.9416666666667" Width="9.31010794325524" Height="5" />
                <Cell TextColor="black" TextVAlign="Center" WordWrap="true" CellWidth="3.4" OrigWidth="3.29665364748467" OrigHeight="5" Text="" LeftLineVisible="false" TopLineVisible="false" RightLineVisible="false" BottomLineVisible="false" X="26.7335546858486" Y="75.9416666666667" Width="3.29665364748467" Height="5" />
                <Cell TextColor="black" TextVAlign="Center" WordWrap="true" CellWidth="3.4" OrigWidth="27.78125" OrigHeight="5" Text="" LeftLineVisible="false" TopLineVisible="false" RightLineVisible="false" BottomLineVisible="false" X="30.0302083333333" Y="75.9416666666667" Width="27.78125" Height="5" />
                <Cell TextColor="black" TextVAlign="Center" WordWrap="true" CellWidth="3.4" OrigWidth="60.7706404135007" OrigHeight="5" Text="" LeftLineVisible="false" TopLineVisible="false" RightLineVisible="false" BottomLineVisible="false" X="57.8114583333333" Y="75.9416666666667" Width="60.7706404135007" Height="5" />
                <Cell TextHAlign="Right" TextVAlign="Center" CellWidth="3.4" OrigWidth="44.0043595864994" OrigHeight="5" Text="[管家婆软件]" LeftLineVisible="false" TopLineVisible="false" RightLineVisible="false" BottomLineVisible="false" X="118.582098746834" Y="75.9416666666667" Width="44.0043595864994" Height="5" />
              </Cells>
            </Row>
            <Row X="10" Y="80.9416666666667" Width="2" TextVAlign="Center">
              <Cells>
                <Cell TextVAlign="Center" WordWrap="true" CellWidth="3.4" OrigWidth="2" OrigHeight="-70" Text=" " LeftLineVisible="false" TopLineVisible="false" RightLineVisible="false" BottomLineVisible="false" X="10" Y="80.9416666666667" Width="2" />
              </Cells>
            </Row>
          </Rows>
        </TableElement>
        <TextElement Text="总页码" FieldKind="System" LeftLineVisible="false" TopLineVisible="false" RightLineVisible="false" BottomLineVisible="false" BandKind="PageHeader" X="156.843753306071" Y="14.4937495231628" Width="42.7541692415873" Height="5.0000001390775" TextHAlign="Right" TextVAlign="Center" />
      </Elements>
      <Bands>
        <Band IsVisible="false" TextVAlign="Center" />
        <Band BandKind="PageHeader" Height="20" TextVAlign="Center" />
        <Band BandKind="ReportHeader" Y="19.84375" Height="19.84375" TextVAlign="Center" />
        <Band IsVisible="false" BandKind="PageBodyHeader" TextVAlign="Center" />
        <Band BandKind="PageDetail" Y="39.6875" Height="237.15625" TextVAlign="Center" />
        <Band IsVisible="false" BandKind="PageBodyFooter" TextVAlign="Center" />
        <Band IsVisible="false" BandKind="ReportFooter" TextVAlign="Center" />
        <Band BandKind="PageFooter" Y="276.754166666667" Height="20" TextVAlign="Center" />
      </Bands>
    </Page>
  </Pages>
  <PageSettings MarginLeft="10" MarginTop="20" MarginRight="10" MarginBottom="20" PageWidth="210" PageHeight="297" />
  <ExpressionFields />
</Report>