<Report IsAssociateDataSet="true">
  <Pages>
    <Page Width="210" Height="297" TextVAlign="Center">
      <OrderFields />
      <Elements>
        <TextElement Text="凭证标题" FieldKind="Master" LeftLineVisible="false" TopLineVisible="false" RightLineVisible="false" BottomLineVisible="false" BandKind="ReportHeader" X="9.36875953674316" Y="24.7354168574015" Width="190.758333714803" Height="10.000000278155" FontSize="25" BoldFont="true" TextHAlign="Center" TextVAlign="Center" />
        <TableElement X="10" Y="40" Width="189.892708333333" Height="231.664573923747" TextVAlign="Center">
          <Rows>
            <Row X="10" Y="40" Width="189.892708333333" Height="5.37604166666666" TextVAlign="Center">
              <Cells>
                <Cell OrigWidth="20.8630208333333" OrigHeight="5.37604166666666" AccounttantLineVisble="true" Text="核算单位：" LeftLineVisible="false" TopLineVisible="false" RightLineVisible="false" X="10" Y="40" Width="20.8630208333333" Height="5.37604166666666" TextColor="black" TextHAlign="Center" TextVAlign="Center" WordWrap="true" />
                <Cell OrigWidth="20.8630208333333" OrigHeight="5.37604166666666" AccounttantLineVisble="true" Text="制作单位" FieldKind="Master" LeftLineVisible="false" TopLineVisible="false" RightLineVisible="false" X="30.8630208333333" Y="40" Width="20.8630208333333" Height="5.37604166666666" TextColor="black" TextHAlign="Center" TextVAlign="Center" WordWrap="true" />
                <Cell OrigWidth="12.7000000000001" OrigHeight="5.37604166666666" AccounttantLineVisble="true" Text="" LeftLineVisible="false" TopLineVisible="false" RightLineVisible="false" X="51.7260416666666" Y="40" Width="12.7000000000001" Height="5.37604166666666" TextColor="black" TextVAlign="Center" WordWrap="true" />
                <Cell OrigWidth="19.3145833333333" OrigHeight="5.37604166666666" AccounttantLineVisble="true" Text="" LeftLineVisible="false" TopLineVisible="false" RightLineVisible="false" X="64.4260416666667" Y="40" Width="19.3145833333333" Height="5.37604166666666" TextColor="black" TextVAlign="Center" WordWrap="true" />
                <Cell OrigWidth="42.0687499999999" OrigHeight="5.37604166666666" AccounttantLineVisble="true" Text="录单日期" FieldKind="Master" LeftLineVisible="false" TopLineVisible="false" RightLineVisible="false" X="83.740625" Y="40" Width="42.0687499999999" Height="5.37604166666666" TextColor="black" TextVAlign="Center" WordWrap="true" />
                <Cell OrigWidth="34.1312500000001" OrigHeight="5.37604166666666" AccounttantLineVisble="true" Text="凭证类型" FieldKind="Master" LeftLineVisible="false" TopLineVisible="false" RightLineVisible="false" X="125.809375" Y="40" Width="34.1312500000001" Height="5.37604166666666" TextColor="black" TextVAlign="Center" WordWrap="true" />
                <Cell OrigWidth="15.2576388888887" OrigHeight="5.37604166666666" AccounttantLineVisble="true" Text="凭证号：" LeftLineVisible="false" TopLineVisible="false" RightLineVisible="false" X="159.940625" Y="40" Width="15.2576388888887" Height="5.37604166666666" TextColor="black" TextHAlign="Center" TextVAlign="Center" WordWrap="true" />
                <Cell OrigWidth="24.6944444444444" OrigHeight="5.37604166666666" AccounttantLineVisble="true" Text="凭证号" FieldKind="Master" LeftLineVisible="false" TopLineVisible="false" RightLineVisible="false" X="175.198263888889" Y="40" Width="24.6944444444444" Height="5.37604166666666" TextColor="black" TextHAlign="Center" TextVAlign="Center" WordWrap="true" />
              </Cells>
            </Row>
            <Row X="10" Y="45.3760416666667" Width="189.892708333333" Height="10" TextVAlign="Center">
              <Cells>
                <Cell OrigWidth="41.7260416666667" OrigHeight="10" AccounttantLineVisble="true" Text="摘要" X="10" Y="45.3760416666667" Width="41.7260416666667" Height="10" TextColor="black" TextHAlign="Center" TextVAlign="Center" WordWrap="true" />
                <Cell OrigWidth="74.0833333333333" OrigHeight="10" AccounttantLineVisble="true" Text="科目名称" X="51.7260416666667" Y="45.3760416666667" Width="74.0833333333333" Height="10" TextColor="black" TextHAlign="Center" TextVAlign="Center" WordWrap="true" />
                <Cell OrigWidth="37.30625" OrigHeight="10" AccounttantLineVisble="true" Text="借方金额" X="125.809375" Y="45.3760416666667" Width="37.30625" Height="10" TextColor="black" TextHAlign="Center" TextVAlign="Center" WordWrap="true" />
                <Cell OrigWidth="36.7770833333331" OrigHeight="10" AccounttantLineVisble="true" Text="贷方金额" X="163.115625" Y="45.3760416666667" Width="36.7770833333331" Height="10" TextColor="black" TextHAlign="Center" TextVAlign="Center" WordWrap="true" />
              </Cells>
            </Row>
            <Row X="10" Y="55.3760416666667" Width="189.892708333333" Height="5" TextVAlign="Center">
              <Cells>
                <Cell OrigWidth="41.7260416666667" OrigHeight="5" AccounttantLineVisble="true" Text="凭证摘要" FieldKind="Detail" X="10" Y="55.3760416666667" Width="41.7260416666667" Height="5" TextVAlign="Center" WordWrap="true" />
                <Cell OrigWidth="74.0833333333333" OrigHeight="5" AccounttantLineVisble="true" Text="科目全名" FieldKind="Detail" X="51.7260416666667" Y="55.3760416666667" Width="74.0833333333333" Height="5" TextVAlign="Center" WordWrap="true" />
                <Cell OrigWidth="37.30625" OrigHeight="5" AccounttantLineVisble="true" Text="借方金额" FieldKind="Detail" X="125.809375" Y="55.3760416666667" Width="37.30625" Height="5" TextHAlign="Right" TextVAlign="Center" WordWrap="true" />
                <Cell OrigWidth="36.7770833333331" OrigHeight="5" AccounttantLineVisble="true" Text="贷方金额" FieldKind="Detail" X="163.115625" Y="55.3760416666667" Width="36.7770833333331" Height="5" TextHAlign="Right" TextVAlign="Center" WordWrap="true" />
              </Cells>
            </Row>
            <Row X="10" Y="60.3760416666667" Width="189.892708333333" Height="5" TextVAlign="Center">
              <Cells>
                <Cell OrigWidth="15.5322916666667" OrigHeight="5" AccounttantLineVisble="true" Text="附件数：" RightLineVisible="false" X="10" Y="60.3760416666667" Width="15.5322916666667" Height="5" TextColor="black" TextVAlign="Center" WordWrap="true" />
                <Cell OrigWidth="14.8166666666667" OrigHeight="5" AccounttantLineVisble="true" Text="附件" FieldKind="Master" LeftLineVisible="false" RightLineVisible="false" X="25.5322916666667" Y="60.3760416666667" Width="14.8166666666667" Height="5" TextColor="black" TextVAlign="Center" WordWrap="true" />
                <Cell OrigWidth="11.3770833333333" OrigHeight="5" AccounttantLineVisble="true" Text="张" LeftLineVisible="false" X="40.3489583333334" Y="60.3760416666667" Width="11.3770833333333" Height="5" TextColor="black" TextVAlign="Center" WordWrap="true" />
                <Cell OrigWidth="14.5520833333333" OrigHeight="5" AccounttantLineVisble="true" Text="合计：" X="51.7260416666667" Y="60.3760416666667" Width="14.5520833333333" Height="5" TextColor="black" TextVAlign="Center" WordWrap="true" />
                <Cell OrigWidth="59.53125" OrigHeight="5" AccounttantLineVisble="true" Text="借方金额" FieldKind="Total" TextFormat="MoneyToUpper" X="66.278125" Y="60.3760416666667" Width="59.53125" Height="5" TextColor="black" TextHAlign="Right" TextVAlign="Center" WordWrap="true" />
                <Cell OrigWidth="37.30625" OrigHeight="5" AccounttantLineVisble="true" Text="借方金额" FieldKind="Total" X="125.809375" Y="60.3760416666667" Width="37.30625" Height="5" TextColor="black" TextHAlign="Right" TextVAlign="Center" WordWrap="true" />
                <Cell OrigWidth="36.7770833333331" OrigHeight="5" AccounttantLineVisble="true" Text="贷方金额" FieldKind="Total" X="163.115625" Y="60.3760416666667" Width="36.7770833333331" Height="5" TextColor="black" TextHAlign="Right" TextVAlign="Center" WordWrap="true" />
              </Cells>
            </Row>
            <Row X="10" Y="65.3760416666667" Width="189.892708333333" Height="5" TextVAlign="Center">
              <Cells>
                <Cell OrigWidth="17.6489583333333" OrigHeight="5" AccounttantLineVisble="true" Text="财务主管：" LeftLineVisible="false" RightLineVisible="false" BottomLineVisible="false" X="10" Y="65.3760416666667" Width="17.6489583333333" Height="5" TextColor="black" TextVAlign="Center" WordWrap="true" />
                <Cell OrigWidth="20.3729166666667" OrigHeight="5" AccounttantLineVisble="true" Text="会计主管" FieldKind="Master" LeftLineVisible="false" RightLineVisible="false" BottomLineVisible="false" X="27.6489583333333" Y="65.3760416666667" Width="20.3729166666667" Height="5" TextColor="black" TextVAlign="Center" WordWrap="true" />
                <Cell OrigWidth="10.5833333333333" OrigHeight="5" AccounttantLineVisble="true" Text="记账：" LeftLineVisible="false" RightLineVisible="false" BottomLineVisible="false" X="48.021875" Y="65.3760416666667" Width="10.5833333333333" Height="5" TextColor="black" TextVAlign="Center" WordWrap="true" />
                <Cell OrigWidth="16.9333333333333" OrigHeight="5" AccounttantLineVisble="true" Text="记账" FieldKind="Master" LeftLineVisible="false" RightLineVisible="false" BottomLineVisible="false" X="58.6052083333333" Y="65.3760416666667" Width="16.9333333333333" Height="5" TextColor="black" TextVAlign="Center" WordWrap="true" />
                <Cell OrigWidth="10.5833333333333" OrigHeight="5" AccounttantLineVisble="true" Text="复核：" LeftLineVisible="false" RightLineVisible="false" BottomLineVisible="false" X="75.5385416666666" Y="65.3760416666667" Width="10.5833333333333" Height="5" TextColor="black" TextVAlign="Center" WordWrap="true" />
                <Cell OrigWidth="15.3458333333333" OrigHeight="5" AccounttantLineVisble="true" Text="审核" FieldKind="Master" LeftLineVisible="false" RightLineVisible="false" BottomLineVisible="false" X="86.1218749999999" Y="65.3760416666667" Width="15.3458333333333" Height="5" TextColor="black" TextVAlign="Center" WordWrap="true" />
                <Cell OrigWidth="11.90625" OrigHeight="5" AccounttantLineVisble="true" Text="出纳：" LeftLineVisible="false" RightLineVisible="false" BottomLineVisible="false" X="101.467708333333" Y="65.3760416666667" Width="11.90625" Height="5" TextColor="black" TextVAlign="Center" WordWrap="true" />
                <Cell OrigWidth="17.1979166666667" OrigHeight="5" AccounttantLineVisble="true" Text="出纳" FieldKind="Master" LeftLineVisible="false" RightLineVisible="false" BottomLineVisible="false" X="113.373958333333" Y="65.3760416666667" Width="17.1979166666667" Height="5" TextColor="black" TextVAlign="Center" WordWrap="true" />
                <Cell OrigWidth="12.4354166666666" OrigHeight="5" AccounttantLineVisble="true" Text="制单：" LeftLineVisible="false" RightLineVisible="false" BottomLineVisible="false" X="130.571875" Y="65.3760416666667" Width="12.4354166666666" Height="5" TextColor="black" TextVAlign="Center" WordWrap="true" />
                <Cell OrigWidth="23.01875" OrigHeight="5" AccounttantLineVisble="true" Text="制单" FieldKind="Master" LeftLineVisible="false" RightLineVisible="false" BottomLineVisible="false" X="143.007291666667" Y="65.3760416666667" Width="23.01875" Height="5" TextColor="black" TextVAlign="Center" WordWrap="true" />
                <Cell OrigWidth="15.3458333333334" OrigHeight="5" AccounttantLineVisble="true" Text="经办人：" LeftLineVisible="false" RightLineVisible="false" BottomLineVisible="false" X="166.026041666667" Y="65.3760416666667" Width="15.3458333333334" Height="5" TextColor="black" TextHAlign="Right" TextVAlign="Center" WordWrap="true" />
                <Cell OrigWidth="18.520833333333" OrigHeight="5" AccounttantLineVisble="true" Text="经办人" FieldKind="Master" LeftLineVisible="false" RightLineVisible="false" BottomLineVisible="false" X="181.371875" Y="65.3760416666667" Width="18.520833333333" Height="5" TextColor="black" TextHAlign="Right" TextVAlign="Center" WordWrap="true" />
              </Cells>
            </Row>
            <Row X="10" Y="70.3760416666667" Width="189.892708333333" Height="5" TextVAlign="Center">
              <Cells>
                <Cell OrigWidth="189.892708333333" OrigHeight="5" AccounttantLineVisble="true" Text="[管家婆软件]" LeftLineVisible="false" TopLineVisible="false" RightLineVisible="false" BottomLineVisible="false" X="10" Y="70.3760416666667" Width="189.892708333333" Height="5" TextColor="black" TextHAlign="Right" TextVAlign="Center" WordWrap="true" />
              </Cells>
            </Row>
          </Rows>
        </TableElement>
        <TextElement Text="总页码" FieldKind="System" LeftLineVisible="false" TopLineVisible="false" RightLineVisible="false" BottomLineVisible="false" BandKind="PageHeader" X="156.314586639404" Y="15.5520828564962" Width="43.8125066121419" Height="5.0000001390775" TextHAlign="Right" TextVAlign="Center" />
        <TextElement Text="本币：人民币  单位：元" LeftLineVisible="false" TopLineVisible="false" RightLineVisible="false" BottomLineVisible="false" BandKind="ReportHeader" X="162.625005722046" Y="34.3374995231628" Width="37.7270818710327" Height="5.0000001390775" TextVAlign="Center" />
      </Elements>
      <Bands>
        <Band IsVisible="false" TextVAlign="Center" />
        <Band BandKind="PageHeader" Height="20" TextVAlign="Center" />
        <Band BandKind="ReportHeader" Y="19.84375" Height="19.84375" TextVAlign="Center" />
        <Band IsVisible="false" BandKind="PageBodyHeader" TextVAlign="Center" />
        <Band BandKind="PageDetail" Y="39.6875" Height="237.15625" TextVAlign="Center" />
        <Band IsVisible="false" BandKind="PageBodyFooter" TextVAlign="Center" />
        <Band IsVisible="false" BandKind="ReportFooter" TextVAlign="Center" />
        <Band BandKind="PageFooter" Y="276.754166666667" Height="20" TextVAlign="Center" />
      </Bands>
    </Page>
  </Pages>
  <PageSettings PrinterName="默认打印机" MarginLeft="10" MarginTop="20" MarginRight="10" MarginBottom="20" PaperSizeIndex="3" PageWidth="210" PageHeight="297" PaperBinIndex="-1" />
  <ExpressionFields />
</Report>