<Report MaxRowCount="0">
  <Pages>
    <Page Width="210" Height="297" TextVAlign="Center">
      <OrderFields />
      <Elements>
        <TextElement Text="表名" FieldKind="Master" LeftLineVisible="false" TopLineVisible="false" RightLineVisible="false" BottomLineVisible="false" BandKind="ReportHeader" X="9.32917054494222" Y="24.7354168574015" Width="190.758333714803" Height="10.000000278155" FontSize="25" BoldFont="true" TextHAlign="Center" TextVAlign="Center" />
        <TableElement TextVAlign="Center" X="10" Y="40" Width="189.892708333333" Height="236.023949305216">
          <Rows>
            <Row X="10" Y="40" Width="189.892708333333" Height="10" TextVAlign="Center">
              <Cells>
                <Cell TextColor="black" TextHAlign="Center" TextVAlign="Center" WordWrap="true" OrigWidth="20.2947916666667" OrigHeight="10" AccounttantLineVisble="true" Text="开始日期" FieldKind="Master" LeftLineVisible="false" TopLineVisible="false" RightLineVisible="false" BottomLineVisible="false" X="10" Y="40" Width="20.2947916666667" Height="10" />
                <Cell TextColor="black" TextHAlign="Center" TextVAlign="Center" WordWrap="true" OrigWidth="9.26041666666667" OrigHeight="10" AccounttantLineVisble="true" Text="至" LeftLineVisible="false" TopLineVisible="false" RightLineVisible="false" BottomLineVisible="false" X="30.2947916666667" Y="40" Width="9.26041666666667" Height="10" />
                <Cell TextColor="black" TextHAlign="Center" TextVAlign="Center" WordWrap="true" OrigWidth="19.84375" OrigHeight="10" AccounttantLineVisble="true" Text="结束日期" FieldKind="Master" LeftLineVisible="false" TopLineVisible="false" RightLineVisible="false" BottomLineVisible="false" X="39.5552083333334" Y="40" Width="19.84375" Height="10" />
                <Cell TextColor="black" TextHAlign="Center" TextVAlign="Center" WordWrap="true" OrigWidth="19.84375" OrigHeight="10" AccounttantLineVisble="true" Text="" LeftLineVisible="false" TopLineVisible="false" RightLineVisible="false" BottomLineVisible="false" X="59.3989583333334" Y="40" Width="19.84375" Height="10" />
                <Cell TextColor="black" TextHAlign="Center" TextVAlign="Center" WordWrap="true" OrigWidth="25.003125" OrigHeight="10" AccounttantLineVisble="true" Text="存货:" LeftLineVisible="false" TopLineVisible="false" RightLineVisible="false" BottomLineVisible="false" X="79.2427083333334" Y="40" Width="25.003125" Height="10" />
                <Cell TextColor="black" TextHAlign="Center" TextVAlign="Center" WordWrap="true" OrigWidth="25.003125" OrigHeight="10" AccounttantLineVisble="true" Text="存    货" FieldKind="Master" LeftLineVisible="false" TopLineVisible="false" RightLineVisible="false" BottomLineVisible="false" X="104.245833333333" Y="40" Width="25.003125" Height="10" />
                <Cell TextColor="black" TextHAlign="Center" TextVAlign="Center" WordWrap="true" OrigWidth="20.3729166666667" OrigHeight="10" AccounttantLineVisble="true" Text="" LeftLineVisible="false" TopLineVisible="false" RightLineVisible="false" BottomLineVisible="false" X="129.248958333333" Y="40" Width="20.3729166666667" Height="10" />
                <Cell TextColor="black" TextHAlign="Center" TextVAlign="Center" WordWrap="true" OrigWidth="25.1354166666665" OrigHeight="10" AccounttantLineVisble="true" Text="车间:" LeftLineVisible="false" TopLineVisible="false" RightLineVisible="false" BottomLineVisible="false" X="149.621875" Y="40" Width="25.1354166666665" Height="10" />
                <Cell TextColor="black" TextHAlign="Center" TextVAlign="Center" WordWrap="true" OrigWidth="25.1354166666665" OrigHeight="10" AccounttantLineVisble="true" Text="车    间" FieldKind="Master" LeftLineVisible="false" TopLineVisible="false" RightLineVisible="false" BottomLineVisible="false" X="174.757291666667" Y="40" Width="25.1354166666665" Height="10" />
              </Cells>
            </Row>
            <Row X="10" Y="50" Width="189.892708333333" Height="10" TextVAlign="Center">
              <Cells>
                <Cell TextColor="black" TextHAlign="Center" TextVAlign="Center" WordWrap="true" OrigWidth="23.7365885416666" OrigHeight="10" AccounttantLineVisble="true" Text="日期" X="10" Y="50" Width="23.7365885416666" Height="10" />
                <Cell TextColor="black" TextHAlign="Center" TextVAlign="Center" WordWrap="true" OrigWidth="23.7365885416666" OrigHeight="10" AccounttantLineVisble="true" Text="单据号" X="33.7365885416666" Y="50" Width="23.7365885416666" Height="10" />
                <Cell TextColor="black" TextHAlign="Center" TextVAlign="Center" WordWrap="true" OrigWidth="23.7365885416666" OrigHeight="10" AccounttantLineVisble="true" Text="摘要" X="57.4731770833332" Y="50" Width="23.7365885416666" Height="10" />
                <Cell TextColor="black" TextHAlign="Center" TextVAlign="Center" WordWrap="true" OrigWidth="23.7365885416666" OrigHeight="10" AccounttantLineVisble="true" Text="任务单号" X="81.2097656249998" Y="50" Width="23.7365885416666" Height="10" />
                <Cell TextColor="black" TextHAlign="Center" TextVAlign="Center" WordWrap="true" OrigWidth="23.7365885416666" OrigHeight="10" AccounttantLineVisble="true" Text="存货全名" X="104.946354166666" Y="50" Width="23.7365885416666" Height="10" />
                <Cell TextColor="black" TextHAlign="Center" TextVAlign="Center" WordWrap="true" OrigWidth="23.7365885416666" OrigHeight="10" AccounttantLineVisble="true" Text="本期增加" X="128.682942708333" Y="50" Width="23.7365885416666" Height="10" />
                <Cell TextColor="black" TextHAlign="Center" TextVAlign="Center" WordWrap="true" OrigWidth="23.7365885416666" OrigHeight="10" AccounttantLineVisble="true" Text="本期减少" X="152.41953125" Y="50" Width="23.7365885416666" Height="10" />
                <Cell TextColor="black" TextHAlign="Center" TextVAlign="Center" WordWrap="true" OrigWidth="23.7365885416666" OrigHeight="10" AccounttantLineVisble="true" Text="期末在产数量" X="176.156119791666" Y="50" Width="23.7365885416666" Height="10" />
              </Cells>
            </Row>
            <Row X="10" Y="60" Width="189.892708333333" Height="5" TextVAlign="Center">
              <Cells>
                <Cell TextVAlign="Center" WordWrap="true" OrigWidth="23.7365885416666" OrigHeight="5" AccounttantLineVisble="true" Text="日期" FieldKind="Detail" X="10" Y="60" Width="23.7365885416666" Height="5" />
                <Cell TextVAlign="Center" WordWrap="true" OrigWidth="23.7365885416666" OrigHeight="5" AccounttantLineVisble="true" Text="单据号" FieldKind="Detail" X="33.7365885416666" Y="60" Width="23.7365885416666" Height="5" />
                <Cell TextVAlign="Center" WordWrap="true" OrigWidth="23.7365885416666" OrigHeight="5" AccounttantLineVisble="true" Text="摘要" FieldKind="Detail" X="57.4731770833332" Y="60" Width="23.7365885416666" Height="5" />
                <Cell TextVAlign="Center" WordWrap="true" OrigWidth="23.7365885416666" OrigHeight="5" AccounttantLineVisble="true" Text="任务单号" FieldKind="Detail" X="81.2097656249998" Y="60" Width="23.7365885416666" Height="5" />
                <Cell TextVAlign="Center" WordWrap="true" OrigWidth="23.7365885416666" OrigHeight="5" AccounttantLineVisble="true" Text="存货全名" FieldKind="Detail" X="104.946354166666" Y="60" Width="23.7365885416666" Height="5" />
                <Cell TextVAlign="Center" WordWrap="true" OrigWidth="23.7365885416666" OrigHeight="5" AccounttantLineVisble="true" Text="本期增加数量" FieldKind="Detail" X="128.682942708333" Y="60" Width="23.7365885416666" Height="5" />
                <Cell TextVAlign="Center" WordWrap="true" OrigWidth="23.7365885416666" OrigHeight="5" AccounttantLineVisble="true" Text="本期减少数量" FieldKind="Detail" X="152.41953125" Y="60" Width="23.7365885416666" Height="5" />
                <Cell TextVAlign="Center" WordWrap="true" OrigWidth="23.7365885416666" OrigHeight="5" AccounttantLineVisble="true" Text="期末在产数量" FieldKind="Detail" X="176.156119791666" Y="60" Width="23.7365885416666" Height="5" />
              </Cells>
            </Row>
            <Row X="10" Y="65" Width="189.892708333333" Height="5" TextVAlign="Center">
              <Cells>
                <Cell TextColor="black" TextVAlign="Center" WordWrap="true" OrigWidth="19.765625" OrigHeight="5" AccounttantLineVisble="true" Text="审核单位:" LeftLineVisible="false" RightLineVisible="false" BottomLineVisible="false" X="10" Y="65" Width="19.765625" Height="5" />
                <Cell TextColor="black" TextVAlign="Center" WordWrap="true" OrigWidth="29.6333333333333" OrigHeight="5" AccounttantLineVisble="true" Text="" LeftLineVisible="false" RightLineVisible="false" BottomLineVisible="false" X="29.765625" Y="65" Width="29.6333333333333" Height="5" />
                <Cell TextColor="black" TextVAlign="Center" WordWrap="true" OrigWidth="20.6375" OrigHeight="5" AccounttantLineVisble="true" Text="" LeftLineVisible="false" RightLineVisible="false" BottomLineVisible="false" X="59.3989583333333" Y="65" Width="20.6375" Height="5" />
                <Cell TextColor="black" TextVAlign="Center" WordWrap="true" OrigWidth="19.3145833333333" OrigHeight="5" AccounttantLineVisble="true" Text="制表人:" LeftLineVisible="false" RightLineVisible="false" BottomLineVisible="false" X="80.0364583333333" Y="65" Width="19.3145833333333" Height="5" />
                <Cell TextColor="black" TextVAlign="Center" WordWrap="true" OrigWidth="30.1625" OrigHeight="5" AccounttantLineVisble="true" Text="" LeftLineVisible="false" RightLineVisible="false" BottomLineVisible="false" X="99.3510416666666" Y="65" Width="30.1625" Height="5" />
                <Cell TextColor="black" TextVAlign="Center" WordWrap="true" OrigWidth="20.3729166666666" OrigHeight="5" AccounttantLineVisble="true" Text="" LeftLineVisible="false" RightLineVisible="false" BottomLineVisible="false" X="129.513541666667" Y="65" Width="20.3729166666666" Height="5" />
                <Cell TextColor="black" TextVAlign="Center" WordWrap="true" OrigWidth="19.5791666666667" OrigHeight="5" AccounttantLineVisble="true" Text="打印时间:" LeftLineVisible="false" RightLineVisible="false" BottomLineVisible="false" X="149.886458333333" Y="65" Width="19.5791666666667" Height="5" />
                <Cell TextColor="black" TextVAlign="Center" WordWrap="true" OrigWidth="30.427083333333" OrigHeight="5" AccounttantLineVisble="true" Text="日期" FieldKind="System" LeftLineVisible="false" RightLineVisible="false" BottomLineVisible="false" X="169.465625" Y="65" Width="30.427083333333" Height="5" />
              </Cells>
            </Row>
            <Row X="10" Y="70" Width="189.892708333333" Height="5" TextVAlign="Center">
              <Cells>
                <Cell TextColor="black" TextHAlign="Right" TextVAlign="Center" WordWrap="true" OrigWidth="189.892708333333" OrigHeight="5" AccounttantLineVisble="true" Text="[管家婆软件]" LeftLineVisible="false" TopLineVisible="false" RightLineVisible="false" BottomLineVisible="false" X="10" Y="70" Width="189.892708333333" Height="5" />
              </Cells>
            </Row>
          </Rows>
        </TableElement>
        <TextElement Text="总页码" FieldKind="System" LeftLineVisible="false" TopLineVisible="false" RightLineVisible="false" BottomLineVisible="false" BandKind="PageHeader" X="156.314586639404" Y="15.5520828564962" Width="43.8125066121419" Height="5.0000001390775" TextHAlign="Right" TextVAlign="Center" />
      </Elements>
      <Bands>
        <Band IsVisible="false" TextVAlign="Center" />
        <Band BandKind="PageHeader" Height="20" TextVAlign="Center" />
        <Band BandKind="ReportHeader" Y="19.84375" Height="19.84375" TextVAlign="Center" />
        <Band IsVisible="false" BandKind="PageBodyHeader" TextVAlign="Center" />
        <Band BandKind="PageDetail" Y="39.6875" Height="237.15625" TextVAlign="Center" />
        <Band IsVisible="false" BandKind="PageBodyFooter" TextVAlign="Center" />
        <Band IsVisible="false" BandKind="ReportFooter" TextVAlign="Center" />
        <Band BandKind="PageFooter" Y="276.754166666667" Height="20" TextVAlign="Center" />
      </Bands>
    </Page>
  </Pages>
  <PageSettings MarginLeft="10" MarginTop="20" MarginRight="10" MarginBottom="20" PageWidth="210" PageHeight="297" />
  <ExpressionFields />
</Report>