<Report MaxRowCount="0">
  <Pages>
    <Page Width="210" Height="297" TextVAlign="Center">
      <OrderFields />
      <Elements>
        <TextElement Text="表名" FieldKind="Master" LeftLineVisible="false" TopLineVisible="false" RightLineVisible="false" BottomLineVisible="false" BandKind="ReportHeader" X="9.32917054494222" Y="24.7354168574015" Width="190.758333714803" Height="10.000000278155" FontSize="25" BoldFont="true" TextHAlign="Center" TextVAlign="Center" />
        <TableElement X="10" Y="40" Width="189.892708333334" Height="206.735410817464" TextVAlign="Center">
          <Rows>
            <Row X="10" Y="40" Width="189.892708333334" Height="6.25" TextVAlign="Center">
              <Cells>
                <Cell CellWidth="3.4" OrigWidth="47.4731770833334" OrigHeight="6.25" Text="项目" X="10" Y="40" Width="47.4731770833334" Height="6.25" TextColor="black" TextHAlign="Center" TextVAlign="Center" WordWrap="true" />
                <Cell CellWidth="3.4" OrigWidth="47.4731770833334" OrigHeight="6.25" Text="部门一" X="57.4731770833334" Y="40" Width="47.4731770833334" Height="6.25" TextColor="black" TextHAlign="Center" TextVAlign="Center" WordWrap="true" />
                <Cell CellWidth="3.4" OrigWidth="47.4731770833334" OrigHeight="6.25" Text="部门二" X="104.946354166667" Y="40" Width="47.4731770833334" Height="6.25" TextColor="black" TextHAlign="Center" TextVAlign="Center" WordWrap="true" />
                <Cell CellWidth="3.4" OrigWidth="47.4731770833334" OrigHeight="6.25" Text="合计" X="152.41953125" Y="40" Width="47.4731770833334" Height="6.25" TextColor="black" TextHAlign="Center" TextVAlign="Center" WordWrap="true" />
              </Cells>
            </Row>
            <Row X="10" Y="46.25" Width="189.892708333334" Height="6.25" TextVAlign="Center">
              <Cells>
                <Cell CellWidth="3.4" OrigWidth="47.4731770833334" OrigHeight="6.25" Text="科目全名" FieldKind="Detail" X="10" Y="46.25" Width="47.4731770833334" Height="6.25" TextColor="black" TextHAlign="Center" TextVAlign="Center" WordWrap="true" />
                <Cell CellWidth="3.4" OrigWidth="47.4731770833334" OrigHeight="6.25" Text="1" FieldKind="Detail" X="57.4731770833334" Y="46.25" Width="47.4731770833334" Height="6.25" TextColor="black" TextHAlign="Center" TextVAlign="Center" WordWrap="true" />
                <Cell CellWidth="3.4" OrigWidth="47.4731770833334" OrigHeight="6.25" Text="2" FieldKind="Detail" X="104.946354166667" Y="46.25" Width="47.4731770833334" Height="6.25" TextColor="black" TextHAlign="Center" TextVAlign="Center" WordWrap="true" />
                <Cell CellWidth="3.4" OrigWidth="47.4731770833334" OrigHeight="6.25" Text="合计" FieldKind="Detail" X="152.41953125" Y="46.25" Width="47.4731770833334" Height="6.25" TextColor="black" TextHAlign="Center" TextVAlign="Center" WordWrap="true" />
              </Cells>
            </Row>
            <Row X="10" Y="52.5" Width="189.892708333333" Height="5" TextVAlign="Center">
              <Cells>
                <Cell CellWidth="3.4" OrigWidth="17.1197916666667" OrigHeight="5" Text="核算单位：" LeftLineVisible="false" RightLineVisible="false" BottomLineVisible="false" X="10" Y="52.5" Width="17.1197916666667" Height="5" TextColor="black" TextVAlign="Center" WordWrap="true" />
                <Cell CellWidth="3.4" OrigWidth="37.0416666666667" OrigHeight="5" Text="" LeftLineVisible="false" RightLineVisible="false" BottomLineVisible="false" X="27.1197916666667" Y="52.5" Width="37.0416666666667" Height="5" TextColor="black" TextVAlign="Center" WordWrap="true" />
                <Cell CellWidth="3.4" OrigWidth="13.7583333333333" OrigHeight="5" Text="" LeftLineVisible="false" RightLineVisible="false" BottomLineVisible="false" X="64.1614583333334" Y="52.5" Width="13.7583333333333" Height="5" TextColor="black" TextVAlign="Center" WordWrap="true" />
                <Cell CellWidth="3.4" OrigWidth="12.4354166666667" OrigHeight="5" Text="" LeftLineVisible="false" RightLineVisible="false" BottomLineVisible="false" X="77.9197916666667" Y="52.5" Width="12.4354166666667" Height="5" TextColor="black" TextVAlign="Center" WordWrap="true" />
                <Cell CellWidth="3.4" OrigWidth="14.0229166666667" OrigHeight="5" Text="制表人：" LeftLineVisible="false" RightLineVisible="false" BottomLineVisible="false" X="90.3552083333334" Y="52.5" Width="14.0229166666667" Height="5" TextColor="black" TextHAlign="Right" TextVAlign="Center" WordWrap="true" />
                <Cell CellWidth="3.4" OrigWidth="30.4270833333333" OrigHeight="5" Text="" LeftLineVisible="false" RightLineVisible="false" BottomLineVisible="false" X="104.378125" Y="52.5" Width="30.4270833333333" Height="5" TextColor="black" TextVAlign="Center" WordWrap="true" />
                <Cell CellWidth="3.4" OrigWidth="32.54375" OrigHeight="5" Text="打印时间：" LeftLineVisible="false" RightLineVisible="false" BottomLineVisible="false" X="134.805208333333" Y="52.5" Width="32.54375" Height="5" TextColor="black" TextHAlign="Right" TextVAlign="Center" WordWrap="true" />
                <Cell CellWidth="3.4" OrigWidth="32.54375" OrigHeight="5" Text="日期" FieldKind="System" LeftLineVisible="false" RightLineVisible="false" BottomLineVisible="false" X="167.348958333333" Y="52.5" Width="32.54375" Height="5" TextColor="black" TextHAlign="Right" TextVAlign="Center" WordWrap="true" />
              </Cells>
            </Row>
            <Row X="10" Y="57.5" Width="189.892708333333" Height="5" TextVAlign="Center">
              <Cells>
                <Cell CellWidth="3.4" OrigWidth="17.1197916666667" OrigHeight="5" Text="" LeftLineVisible="false" TopLineVisible="false" RightLineVisible="false" BottomLineVisible="false" X="10" Y="57.5" Width="17.1197916666667" Height="5" TextColor="black" TextVAlign="Center" WordWrap="true" />
                <Cell CellWidth="3.4" OrigWidth="37.0416666666667" OrigHeight="5" Text="" LeftLineVisible="false" TopLineVisible="false" RightLineVisible="false" BottomLineVisible="false" X="27.1197916666667" Y="57.5" Width="37.0416666666667" Height="5" TextColor="black" TextVAlign="Center" WordWrap="true" />
                <Cell CellWidth="3.4" OrigWidth="13.7583333333333" OrigHeight="5" Text="" LeftLineVisible="false" TopLineVisible="false" RightLineVisible="false" BottomLineVisible="false" X="64.1614583333334" Y="57.5" Width="13.7583333333333" Height="5" TextColor="black" TextVAlign="Center" WordWrap="true" />
                <Cell CellWidth="3.4" OrigWidth="12.4354166666667" OrigHeight="5" Text="" LeftLineVisible="false" TopLineVisible="false" RightLineVisible="false" BottomLineVisible="false" X="77.9197916666667" Y="57.5" Width="12.4354166666667" Height="5" TextColor="black" TextVAlign="Center" WordWrap="true" />
                <Cell CellWidth="3.4" OrigWidth="14.0229166666667" OrigHeight="5" Text="" LeftLineVisible="false" TopLineVisible="false" RightLineVisible="false" BottomLineVisible="false" X="90.3552083333334" Y="57.5" Width="14.0229166666667" Height="5" TextColor="black" TextHAlign="Right" TextVAlign="Center" WordWrap="true" />
                <Cell CellWidth="3.4" OrigWidth="30.4270833333333" OrigHeight="5" Text="" LeftLineVisible="false" TopLineVisible="false" RightLineVisible="false" BottomLineVisible="false" X="104.378125" Y="57.5" Width="30.4270833333333" Height="5" TextColor="black" TextVAlign="Center" WordWrap="true" />
                <Cell CellWidth="3.4" OrigWidth="32.54375" OrigHeight="5" Text="" LeftLineVisible="false" TopLineVisible="false" RightLineVisible="false" BottomLineVisible="false" X="134.805208333333" Y="57.5" Width="32.54375" Height="5" TextColor="black" TextHAlign="Right" TextVAlign="Center" WordWrap="true" />
                <Cell CellWidth="3.4" OrigWidth="32.54375" OrigHeight="5" Text="[管家婆软件]" LeftLineVisible="false" TopLineVisible="false" RightLineVisible="false" BottomLineVisible="false" X="167.348958333333" Y="57.5" Width="32.54375" Height="5" TextColor="black" TextHAlign="Right" TextVAlign="Center" WordWrap="true" />
              </Cells>
            </Row>
            <Row X="10" Y="62.5" Width="167.138541666667" Height="5.21979166666667" TextVAlign="Center">
              <Cells>
                <Cell CellWidth="3.4" OrigWidth="17.1197916666667" OrigHeight="5.21979166666667" Text="" LeftLineVisible="false" TopLineVisible="false" RightLineVisible="false" BottomLineVisible="false" X="10" Y="62.5" Width="17.1197916666667" Height="5.21979166666667" TextColor="black" TextVAlign="Center" WordWrap="true" />
                <Cell CellWidth="3.4" OrigWidth="37.0416666666667" OrigHeight="5.21979166666667" Text="" LeftLineVisible="false" TopLineVisible="false" RightLineVisible="false" BottomLineVisible="false" X="27.1197916666667" Y="62.5" Width="37.0416666666667" Height="5.21979166666667" TextColor="black" TextVAlign="Center" WordWrap="true" />
                <Cell CellWidth="3.4" OrigWidth="13.7583333333333" OrigHeight="5.21979166666667" Text="" LeftLineVisible="false" TopLineVisible="false" RightLineVisible="false" BottomLineVisible="false" X="64.1614583333334" Y="62.5" Width="13.7583333333333" Height="5.21979166666667" TextColor="black" TextVAlign="Center" WordWrap="true" />
                <Cell CellWidth="3.4" OrigWidth="12.4354166666667" OrigHeight="5.21979166666667" Text="" LeftLineVisible="false" TopLineVisible="false" RightLineVisible="false" BottomLineVisible="false" X="77.9197916666667" Y="62.5" Width="12.4354166666667" Height="5.21979166666667" TextColor="black" TextVAlign="Center" WordWrap="true" />
                <Cell CellWidth="3.4" OrigWidth="14.0229166666667" OrigHeight="5.21979166666667" Text="" LeftLineVisible="false" TopLineVisible="false" RightLineVisible="false" BottomLineVisible="false" X="90.3552083333334" Y="62.5" Width="14.0229166666667" Height="5.21979166666667" TextColor="black" TextVAlign="Center" WordWrap="true" />
                <Cell CellWidth="3.4" OrigWidth="30.4270833333333" OrigHeight="5.21979166666667" Text="" LeftLineVisible="false" TopLineVisible="false" RightLineVisible="false" BottomLineVisible="false" X="104.378125" Y="62.5" Width="30.4270833333333" Height="5.21979166666667" TextColor="black" TextVAlign="Center" WordWrap="true" />
                <Cell CellWidth="3.4" OrigWidth="20.6375000000002" OrigHeight="5.21979166666667" Text="" LeftLineVisible="false" TopLineVisible="false" RightLineVisible="false" BottomLineVisible="false" X="134.805208333333" Y="62.5" Width="20.6375000000002" Height="5.21979166666667" TextColor="black" TextVAlign="Center" WordWrap="true" />
                <Cell CellWidth="3.4" OrigWidth="21.6958333333333" OrigHeight="5.21979166666667" Text="" LeftLineVisible="false" TopLineVisible="false" RightLineVisible="false" BottomLineVisible="false" X="155.442708333334" Y="62.5" Width="21.6958333333333" Height="5.21979166666667" TextColor="black" TextVAlign="Center" WordWrap="true" />
              </Cells>
            </Row>
          </Rows>
        </TableElement>
        <TextElement Text="总页码" FieldKind="System" LeftLineVisible="false" TopLineVisible="false" RightLineVisible="false" BottomLineVisible="false" BandKind="PageHeader" X="156.314586639404" Y="15.5520828564962" Width="43.8125066121419" Height="5.0000001390775" TextHAlign="Right" TextVAlign="Center" />
      </Elements>
      <Bands>
        <Band IsVisible="false" TextVAlign="Center" />
        <Band BandKind="PageHeader" Height="20" TextVAlign="Center" />
        <Band BandKind="ReportHeader" Y="19.84375" Height="19.84375" TextVAlign="Center" />
        <Band IsVisible="false" BandKind="PageBodyHeader" TextVAlign="Center" />
        <Band BandKind="PageDetail" Y="39.6875" Height="237.15625" TextVAlign="Center" />
        <Band IsVisible="false" BandKind="PageBodyFooter" TextVAlign="Center" />
        <Band IsVisible="false" BandKind="ReportFooter" TextVAlign="Center" />
        <Band BandKind="PageFooter" Y="276.754166666667" Height="20" TextVAlign="Center" />
      </Bands>
    </Page>
  </Pages>
  <PageSettings MarginLeft="10" MarginTop="20" MarginRight="10" MarginBottom="20" PageWidth="210" PageHeight="297" />
  <ExpressionFields />
</Report>