<Report MaxRowCount="0">
  <Pages>
    <Page Width="210" Height="297" TextVAlign="Center">
      <OrderFields />
      <Elements>
        <TextElement Text="库存分布情况表" LeftLineWidth="3" LeftLineColor="#FFFFFF" TopLineVisible="false" TopLineWidth="0" TopLineColor="#FFFFFF" RightLineVisible="false" RightLineWidth="0" RightLineColor="#FFFFFF" BottomLineVisible="false" BottomLineWidth="0" BottomLineColor="#FFFFFF" DecimalDigits="0" BandKind="PageHeader" X="41.6083372116089" Y="6.05833347241084" Width="133" Height="10" FontSize="20" BoldFont="true" TextHAlign="Center" TextVAlign="Top" />
        <TableElement X="10" Y="40" Width="192.327088165283" Height="236.422923660278" TextVAlign="Center">
          <Rows>
            <Row X="10" Y="40" Width="192.327088165283" Height="5" TextVAlign="Center">
              <Cells>
                <Cell CellWidth="3.4" OrigWidth="31.9695719384373" OrigHeight="5" Text="行号" DecimalDigits="0" X="10" Y="40" Width="31.9695719384373" Height="5" TextVAlign="Center" WordWrap="true" />
                <Cell CellWidth="3.4" OrigWidth="31.9695719384373" OrigHeight="5" Text="存货编号" DecimalDigits="0" X="41.9695719384373" Y="40" Width="31.9695719384373" Height="5" TextVAlign="Center" WordWrap="true" />
                <Cell CellWidth="3.4" OrigWidth="23.605003402464" OrigHeight="5" Text="存货全名" DecimalDigits="0" X="73.9391438768746" Y="40" Width="23.605003402464" Height="5" TextVAlign="Center" WordWrap="true" />
                <Cell CellWidth="3.4" OrigWidth="23.7588651870921" OrigHeight="5" Text="合计数量" DecimalDigits="0" X="97.5441472793386" Y="40" Width="23.7588651870921" Height="5" TextVAlign="Center" />
                <Cell CellWidth="3.4" OrigWidth="25.6109528859457" OrigHeight="5" Text="合计单位成本" DecimalDigits="0" X="121.303012466431" Y="40" Width="25.6109528859457" Height="5" TextVAlign="Center" WordWrap="true" />
                <Cell CellWidth="3.4" OrigWidth="26.1190614064534" OrigHeight="5" Text="合计金额" DecimalDigits="0" X="146.913965352376" Y="40" Width="26.1190614064534" Height="5" TextVAlign="Center" WordWrap="true" />
                <Cell CellWidth="3.4" OrigWidth="29.2940614064535" OrigHeight="5" Text="合计副单位数量" DecimalDigits="0" X="173.03302675883" Y="40" Width="29.2940614064535" Height="5" TextVAlign="Center" />
              </Cells>
            </Row>
            <Row X="10" Y="45" Width="192.327088165283" Height="5" TextVAlign="Center">
              <Cells>
                <Cell CellWidth="3.4" OrigWidth="31.9695719384373" OrigHeight="5" Text="行号" FieldKind="Detail" DecimalDigits="0" X="10" Y="45" Width="31.9695719384373" Height="5" TextVAlign="Center" WordWrap="true" />
                <Cell CellWidth="3.4" OrigWidth="31.9695719384373" OrigHeight="5" Text="存货编号" FieldKind="Detail" DecimalDigits="0" X="41.9695719384373" Y="45" Width="31.9695719384373" Height="5" TextVAlign="Center" WordWrap="true" />
                <Cell CellWidth="3.4" OrigWidth="23.605003402464" OrigHeight="5" Text="存货全名" FieldKind="Detail" DecimalDigits="0" X="73.9391438768746" Y="45" Width="23.605003402464" Height="5" TextVAlign="Center" WordWrap="true" />
                <Cell CellWidth="3.4" OrigWidth="23.7588651870921" OrigHeight="5" Text="合计数量" FieldKind="Detail" DecimalDigits="0" X="97.5441472793386" Y="45" Width="23.7588651870921" Height="5" TextVAlign="Center" />
                <Cell CellWidth="3.4" OrigWidth="25.6109528859457" OrigHeight="5" Text="合计单位成本" FieldKind="Detail" DecimalDigits="0" X="121.303012466431" Y="45" Width="25.6109528859457" Height="5" TextVAlign="Center" WordWrap="true" />
                <Cell CellWidth="3.4" OrigWidth="26.1190614064534" OrigHeight="5" Text="合计金额" FieldKind="Detail" DecimalDigits="0" X="146.913965352376" Y="45" Width="26.1190614064534" Height="5" TextVAlign="Center" WordWrap="true" />
                <Cell CellWidth="3.4" OrigWidth="29.2940614064535" OrigHeight="5" Text="合计副单位数量" FieldKind="Detail" DecimalDigits="0" X="173.03302675883" Y="45" Width="29.2940614064535" Height="5" TextVAlign="Center" />
              </Cells>
            </Row>
            <Row X="10" Y="50" Width="192.327088165283" Height="5" TextVAlign="Center">
              <Cells>
                <Cell CellWidth="3.4" OrigWidth="31.9695719384373" OrigHeight="5" Text="合计" DecimalDigits="0" X="10" Y="50" Width="31.9695719384373" Height="5" TextVAlign="Center" WordWrap="true" />
                <Cell CellWidth="3.4" OrigWidth="31.9695719384373" OrigHeight="5" Text="" DecimalDigits="0" X="41.9695719384373" Y="50" Width="31.9695719384373" Height="5" TextVAlign="Center" WordWrap="true" />
                <Cell CellWidth="3.4" OrigWidth="23.605003402464" OrigHeight="5" Text="" DecimalDigits="0" X="73.9391438768746" Y="50" Width="23.605003402464" Height="5" TextVAlign="Center" WordWrap="true" />
                <Cell CellWidth="3.4" OrigWidth="23.7588651870921" OrigHeight="5" Text="合计数量" FieldKind="ToCurPageSum" DecimalDigits="0" X="97.5441472793386" Y="50" Width="23.7588651870921" Height="5" TextVAlign="Center" />
                <Cell CellWidth="3.4" OrigWidth="25.6109528859457" OrigHeight="5" Text="合计单位成本" FieldKind="ToCurPageSum" DecimalDigits="0" X="121.303012466431" Y="50" Width="25.6109528859457" Height="5" TextVAlign="Center" WordWrap="true" />
                <Cell CellWidth="3.4" OrigWidth="26.1190614064534" OrigHeight="5" Text="合计金额" FieldKind="ToCurPageSum" DecimalDigits="0" X="146.913965352376" Y="50" Width="26.1190614064534" Height="5" TextVAlign="Center" WordWrap="true" />
                <Cell CellWidth="3.4" OrigWidth="29.2940614064535" OrigHeight="5" Text="合计副单位数量" FieldKind="ToCurPageSum" DecimalDigits="0" X="173.03302675883" Y="50" Width="29.2940614064535" Height="5" TextVAlign="Center" />
              </Cells>
            </Row>
          </Rows>
        </TableElement>
      </Elements>
      <Bands>
        <Band IsVisible="false" TextVAlign="Center" />
        <Band BandKind="PageHeader" Height="20" TextVAlign="Center" />
        <Band BandKind="ReportHeader" Y="19.84375" Height="20" TextVAlign="Center" />
        <Band IsVisible="false" BandKind="PageBodyHeader" TextVAlign="Center" />
        <Band BandKind="PageDetail" Y="39.9520833333333" Height="237" TextVAlign="Center" />
        <Band IsVisible="false" BandKind="PageBodyFooter" TextVAlign="Center" />
        <Band IsVisible="false" BandKind="ReportFooter" TextVAlign="Center" />
        <Band BandKind="PageFooter" Y="276.754166666667" Height="20" TextVAlign="Center" />
      </Bands>
    </Page>
  </Pages>
  <PageSettings MarginLeft="10" MarginTop="20" MarginBottom="20" PageWidth="210" PageHeight="297" MaxRowCount="0" />
  <ExpressionFields />
</Report>