<Report MaxRowCount="0">
  <Pages>
    <Page Width="210" Height="297">
      <OrderFields />
      <Elements>
        <TextElement Text="表名" FieldKind="Master" LeftLineVisible="false" TopLineVisible="false" RightLineVisible="false" BottomLineVisible="false" TextHAlign="Center" BandKind="ReportHeader" X="9.85833721160889" Y="21.9333349863688" Width="189.856240844727" Height="10.000000278155" FontSize="20" BoldFont="true" />
        <TableElement X="10.1864583333333" Y="54.8364622751872" Width="188" Height="117.142704391479">
          <Rows>
            <Row X="10.1864583333333" Y="54.8364622751872" Width="188" Height="5">
              <Cells>
                <Cell OrigWidth="39.2211404728789" OrigHeight="5" Text="出库存货编号" WordWrap="true" X="10.1864583333333" Y="54.8364622751872" Width="39.2211404728789" Height="5" />
                <Cell OrigWidth="40.2670375521557" OrigHeight="5" Text="出库存货全名" WordWrap="true" X="49.4075988062122" Y="54.8364622751872" Width="40.2670375521557" Height="5" />
                <Cell OrigWidth="26.4089012517385" OrigHeight="5" Text="单位" WordWrap="true" X="89.6746363583679" Y="54.8364622751872" Width="26.4089012517385" Height="5" />
                <Cell OrigWidth="26.6703755215577" OrigHeight="5" Text="数量" WordWrap="true" X="116.083537610106" Y="54.8364622751872" Width="26.6703755215577" Height="5" />
                <Cell OrigWidth="26.6703755215577" OrigHeight="5" Text="单位成本" WordWrap="true" X="142.753913131664" Y="54.8364622751872" Width="26.6703755215577" Height="5" />
                <Cell OrigWidth="28.7621696801112" OrigHeight="5" Text="金额" WordWrap="true" X="169.424288653222" Y="54.8364622751872" Width="28.7621696801112" Height="5" />
              </Cells>
            </Row>
            <Row X="10.1864583333333" Y="59.8364622751872" Width="188" Height="5">
              <Cells>
                <Cell OrigWidth="39.2211404728789" OrigHeight="5" Text="存货编号" FieldKind="Detail" WordWrap="true" X="10.1864583333333" Y="59.8364622751872" Width="39.2211404728789" Height="5" />
                <Cell OrigWidth="40.2670375521557" OrigHeight="5" Text="存货全名" FieldKind="Detail" WordWrap="true" X="49.4075988062122" Y="59.8364622751872" Width="40.2670375521557" Height="5" />
                <Cell OrigWidth="26.4089012517385" OrigHeight="5" Text="单位" FieldKind="Detail" WordWrap="true" X="89.6746363583679" Y="59.8364622751872" Width="26.4089012517385" Height="5" />
                <Cell OrigWidth="26.6703755215577" OrigHeight="5" Text="数量" FieldKind="Detail" WordWrap="true" X="116.083537610106" Y="59.8364622751872" Width="26.6703755215577" Height="5" />
                <Cell OrigWidth="26.6703755215577" OrigHeight="5" Text="单位成本" FieldKind="Detail" WordWrap="true" X="142.753913131664" Y="59.8364622751872" Width="26.6703755215577" Height="5" />
                <Cell OrigWidth="28.7621696801112" OrigHeight="5" Text="金额" FieldKind="Detail" WordWrap="true" X="169.424288653222" Y="59.8364622751872" Width="28.7621696801112" Height="5" />
              </Cells>
            </Row>
            <Row X="10.1864583333333" Y="64.8364622751872" Width="188" Height="5">
              <Cells>
                <Cell OrigWidth="39.2211404728789" OrigHeight="5" Text="合计" TextHAlign="Center" WordWrap="true" X="10.1864583333333" Y="64.8364622751872" Width="39.2211404728789" Height="5" TextColor="black" />
                <Cell OrigWidth="40.2670375521557" OrigHeight="5" Text="" WordWrap="true" X="49.4075988062122" Y="64.8364622751872" Width="40.2670375521557" Height="5" TextColor="black" />
                <Cell OrigWidth="26.4089012517385" OrigHeight="5" Text="" WordWrap="true" X="89.6746363583679" Y="64.8364622751872" Width="26.4089012517385" Height="5" TextColor="black" />
                <Cell OrigWidth="26.6703755215577" OrigHeight="5" Text="数量" FieldKind="ToCurPageSum" WordWrap="true" X="116.083537610106" Y="64.8364622751872" Width="26.6703755215577" Height="5" TextColor="black" />
                <Cell OrigWidth="26.6703755215577" OrigHeight="5" Text="" WordWrap="true" X="142.753913131664" Y="64.8364622751872" Width="26.6703755215577" Height="5" TextColor="black" />
                <Cell OrigWidth="28.7621696801112" OrigHeight="5" Text="金额" FieldKind="ToCurPageSum" WordWrap="true" X="169.424288653222" Y="64.8364622751872" Width="28.7621696801112" Height="5" TextColor="black" />
              </Cells>
            </Row>
            <Row X="10.1864583333333" Y="69.8364622751872" Width="188" Height="4.64374999999995">
              <Cells>
                <Cell OrigWidth="39.2211404728789" OrigHeight="4.64374999999995" Text="" LeftLineVisible="false" RightLineVisible="false" BottomLineVisible="false" WordWrap="true" X="10.1864583333333" Y="69.8364622751872" Width="39.2211404728789" Height="4.64374999999995" TextColor="black" />
                <Cell OrigWidth="40.2670375521557" OrigHeight="4.64374999999995" Text="" LeftLineVisible="false" RightLineVisible="false" BottomLineVisible="false" WordWrap="true" X="49.4075988062122" Y="69.8364622751872" Width="40.2670375521557" Height="4.64374999999995" TextColor="black" />
                <Cell OrigWidth="26.4089012517385" OrigHeight="4.64374999999995" Text="" LeftLineVisible="false" RightLineVisible="false" BottomLineVisible="false" WordWrap="true" X="89.6746363583679" Y="69.8364622751872" Width="26.4089012517385" Height="4.64374999999995" TextColor="black" />
                <Cell OrigWidth="26.6703755215577" OrigHeight="4.64374999999995" Text="" LeftLineVisible="false" RightLineVisible="false" BottomLineVisible="false" WordWrap="true" X="116.083537610106" Y="69.8364622751872" Width="26.6703755215577" Height="4.64374999999995" TextColor="black" />
                <Cell OrigWidth="26.6703755215577" OrigHeight="4.64374999999995" Text="打印时间：" LeftLineVisible="false" RightLineVisible="false" BottomLineVisible="false" WordWrap="true" X="142.753913131664" Y="69.8364622751872" Width="26.6703755215577" Height="4.64374999999995" TextColor="black" />
                <Cell OrigWidth="28.7621696801112" OrigHeight="4.64374999999995" Text="日期" FieldKind="System" LeftLineVisible="false" RightLineVisible="false" BottomLineVisible="false" TextHAlign="Right" WordWrap="true" X="169.424288653222" Y="69.8364622751872" Width="28.7621696801112" Height="4.64374999999995" TextColor="black" />
              </Cells>
            </Row>
            <Row X="10.1864583333333" Y="74.4802122751872" Width="188" Height="5">
              <Cells>
                <Cell OrigWidth="39.2211404728789" OrigHeight="5" Text="" LeftLineVisible="false" TopLineVisible="false" RightLineVisible="false" BottomLineVisible="false" WordWrap="true" X="10.1864583333333" Y="74.4802122751872" Width="39.2211404728789" Height="5" TextColor="black" />
                <Cell OrigWidth="40.2670375521557" OrigHeight="5" Text="" LeftLineVisible="false" TopLineVisible="false" RightLineVisible="false" BottomLineVisible="false" WordWrap="true" X="49.4075988062122" Y="74.4802122751872" Width="40.2670375521557" Height="5" TextColor="black" />
                <Cell OrigWidth="26.4089012517385" OrigHeight="5" Text="" LeftLineVisible="false" TopLineVisible="false" RightLineVisible="false" BottomLineVisible="false" WordWrap="true" X="89.6746363583679" Y="74.4802122751872" Width="26.4089012517385" Height="5" TextColor="black" />
                <Cell OrigWidth="26.6703755215577" OrigHeight="5" Text="" LeftLineVisible="false" TopLineVisible="false" RightLineVisible="false" BottomLineVisible="false" WordWrap="true" X="116.083537610106" Y="74.4802122751872" Width="26.6703755215577" Height="5" TextColor="black" />
                <Cell OrigWidth="26.6703755215577" OrigHeight="5" Text="" LeftLineVisible="false" TopLineVisible="false" RightLineVisible="false" BottomLineVisible="false" WordWrap="true" X="142.753913131664" Y="74.4802122751872" Width="26.6703755215577" Height="5" TextColor="black" />
                <Cell OrigWidth="28.7621696801112" OrigHeight="5" Text="[管家婆软件]" LeftLineVisible="false" TopLineVisible="false" RightLineVisible="false" BottomLineVisible="false" TextHAlign="Right" WordWrap="true" X="169.424288653222" Y="74.4802122751872" Width="28.7621696801112" Height="5" TextColor="black" />
              </Cells>
            </Row>
          </Rows>
        </TableElement>
        <TextElement Text="总页码" FieldKind="System" LeftLineVisible="false" TopLineVisible="false" RightLineVisible="false" BottomLineVisible="false" TextHAlign="Right" BandKind="PageHeader" X="167.956253306071" Y="15.0000004172325" Width="32.4354172229767" Height="5.0000001390775" />
        <TextElement Text="制单日期" FieldKind="Master" LeftLineVisible="false" TopLineVisible="false" RightLineVisible="false" BottomLineVisible="false" WordWrap="true" BandKind="ReportHeader" X="91.4916699727376" Y="35.3958328564962" Width="35.8749985376994" Height="5.0000001390775" />
        <TextElement Text="录单日期：" LeftLineVisible="false" TopLineVisible="false" RightLineVisible="false" BottomLineVisible="false" BandKind="ReportHeader" X="71.118753306071" Y="35.3958328564962" Width="20.00000055631" Height="5.0000001390775" />
        <TextElement Text="制单人" FieldKind="Master" LeftLineVisible="false" TopLineVisible="false" RightLineVisible="false" BottomLineVisible="false" WordWrap="true" BandKind="ReportHeader" X="30.6374992688497" Y="35.3958328564962" Width="37.7270818710327" Height="5.0000001390775" />
        <TextElement Text="制 单 人：" LeftLineVisible="false" TopLineVisible="false" RightLineVisible="false" BottomLineVisible="false" BandKind="ReportHeader" X="10.793750278155" Y="35.3958328564962" Width="20" Height="5" />
        <TextElement Text="单据编号" FieldKind="Master" LeftLineVisible="false" TopLineVisible="false" RightLineVisible="false" BottomLineVisible="false" WordWrap="true" BandKind="ReportHeader" X="151.022919972738" Y="35.3958328564962" Width="47.516665204366" Height="5.0000001390775" />
        <TextElement Text="单据编号：" LeftLineVisible="false" TopLineVisible="false" RightLineVisible="false" BottomLineVisible="false" BandKind="ReportHeader" X="131.179169972738" Y="35.3958328564962" Width="20" Height="5" />
        <TextElement Text="入库仓库" FieldKind="Master" LeftLineVisible="false" TopLineVisible="false" RightLineVisible="false" BottomLineVisible="false" WordWrap="true" BandKind="ReportHeader" X="30.6374992688497" Y="45.1854161898295" Width="37.4624985376994" Height="5.0000001390775" />
        <TextElement Text="入货仓库：" LeftLineVisible="false" TopLineVisible="false" RightLineVisible="false" BottomLineVisible="false" BandKind="ReportHeader" X="10.793750278155" Y="45.4499995231628" Width="20.00000055631" Height="5.0000001390775" />
        <TextElement Text="经 办 人" FieldKind="Master" LeftLineVisible="false" TopLineVisible="false" RightLineVisible="false" BottomLineVisible="false" WordWrap="true" BandKind="ReportHeader" X="30.902082602183" Y="40.3958345095317" Width="37.4624985376994" Height="5.0000001390775" />
        <TextElement Text="经 办 人：" LeftLineVisible="false" TopLineVisible="false" RightLineVisible="false" BottomLineVisible="false" BandKind="ReportHeader" X="10.793750278155" Y="40.3958345095317" Width="20" Height="5" />
        <TextElement Text="部    门" FieldKind="Master" LeftLineVisible="false" TopLineVisible="false" RightLineVisible="false" BottomLineVisible="false" WordWrap="true" BandKind="ReportHeader" X="91.2270866394043" Y="40.6874995231628" Width="36.1395818710327" Height="5.0000001390775" />
        <TextElement Text="部    门：" LeftLineVisible="false" TopLineVisible="false" RightLineVisible="false" BottomLineVisible="false" BandKind="ReportHeader" X="71.2270860830943" Y="40.3958345095317" Width="20" Height="5" />
        <TextElement Text="出库仓库" FieldKind="Master" LeftLineVisible="false" TopLineVisible="false" RightLineVisible="false" BottomLineVisible="false" WordWrap="true" BandKind="ReportHeader" X="151.022919972738" Y="40.3958345095317" Width="47.7812485376994" Height="5.0000001390775" />
        <TextElement Text="出货仓库：" LeftLineVisible="false" TopLineVisible="false" RightLineVisible="false" BottomLineVisible="false" BandKind="ReportHeader" X="130.914586639404" Y="40.3958329955737" Width="20" Height="5" />
        <TextElement Text="摘    要" FieldKind="Master" LeftLineVisible="false" TopLineVisible="false" RightLineVisible="false" BottomLineVisible="false" BandKind="ReportHeader" X="91.0791628519694" Y="45.7145828564962" Width="106.783331871033" Height="5.0000001390775" />
        <TextElement Text="摘    要：" LeftLineVisible="false" TopLineVisible="false" RightLineVisible="false" BottomLineVisible="false" BandKind="ReportHeader" X="71.118753306071" Y="45.7145828564962" Width="20" Height="5" />
      </Elements>
      <Bands>
        <Band IsVisible="false" />
        <Band BandKind="PageHeader" Height="20" />
        <Band BandKind="ReportHeader" Y="19.84375" Height="34.2635416666667" />
        <Band IsVisible="false" BandKind="PageBodyHeader" />
        <Band BandKind="PageDetail" Y="54.2395833333333" Height="222.736458333333" />
        <Band IsVisible="false" BandKind="PageBodyFooter" />
        <Band IsVisible="false" BandKind="ReportFooter" />
        <Band BandKind="PageFooter" Y="276.754166666667" Height="20" />
      </Bands>
    </Page>
    <Page Width="210" Height="297">
      <OrderFields />
      <Elements>
        <TableElement X="9.921875" Y="40.2843749046326" Width="189.70625" Height="132.027083333333">
          <Rows>
            <Row X="9.921875" Y="40.2843749046326" Width="189.70625" Height="10">
              <Cells>
                <Cell OrigWidth="31.6177083333333" OrigHeight="10" Text="入库存货编号" TextHAlign="Center" WordWrap="true" X="9.921875" Y="40.2843749046326" Width="31.6177083333333" Height="10" />
                <Cell OrigWidth="31.6177083333333" OrigHeight="10" Text="入库存货全名" TextHAlign="Center" WordWrap="true" X="41.5395833333333" Y="40.2843749046326" Width="31.6177083333333" Height="10" />
                <Cell OrigWidth="31.6177083333333" OrigHeight="10" Text="单位" TextHAlign="Center" WordWrap="true" X="73.1572916666666" Y="40.2843749046326" Width="31.6177083333333" Height="10" />
                <Cell OrigWidth="31.6177083333333" OrigHeight="10" Text="数量" TextHAlign="Center" WordWrap="true" X="104.775" Y="40.2843749046326" Width="31.6177083333333" Height="10" />
                <Cell OrigWidth="31.6177083333333" OrigHeight="10" Text="单位成本" TextHAlign="Center" WordWrap="true" X="136.392708333333" Y="40.2843749046326" Width="31.6177083333333" Height="10" />
                <Cell OrigWidth="31.6177083333333" OrigHeight="10" Text="金额" TextHAlign="Center" WordWrap="true" X="168.010416666666" Y="40.2843749046326" Width="31.6177083333333" Height="10" />
              </Cells>
            </Row>
            <Row X="9.921875" Y="50.2843749046326" Width="189.70625" Height="5">
              <Cells>
                <Cell OrigWidth="31.6177083333333" OrigHeight="5" Text="存货编号" FieldKind="Detail" WordWrap="true" X="9.921875" Y="50.2843749046326" Width="31.6177083333333" Height="5" />
                <Cell OrigWidth="31.6177083333333" OrigHeight="5" Text="存货全名" FieldKind="Detail" WordWrap="true" X="41.5395833333333" Y="50.2843749046326" Width="31.6177083333333" Height="5" />
                <Cell OrigWidth="31.6177083333333" OrigHeight="5" Text="单位" FieldKind="Detail" WordWrap="true" X="73.1572916666666" Y="50.2843749046326" Width="31.6177083333333" Height="5" />
                <Cell OrigWidth="31.6177083333333" OrigHeight="5" Text="数量" FieldKind="Detail" WordWrap="true" X="104.775" Y="50.2843749046326" Width="31.6177083333333" Height="5" />
                <Cell OrigWidth="31.6177083333333" OrigHeight="5" Text="单位成本" FieldKind="Detail" WordWrap="true" X="136.392708333333" Y="50.2843749046326" Width="31.6177083333333" Height="5" />
                <Cell OrigWidth="31.6177083333333" OrigHeight="5" Text="金额" FieldKind="Detail" WordWrap="true" X="168.010416666666" Y="50.2843749046326" Width="31.6177083333333" Height="5" />
              </Cells>
            </Row>
            <Row X="9.921875" Y="55.2843749046326" Width="189.70625" Height="5">
              <Cells>
                <Cell OrigWidth="31.6177083333333" OrigHeight="5" Text="合计" TextHAlign="Center" WordWrap="true" X="9.921875" Y="55.2843749046326" Width="31.6177083333333" Height="5" TextColor="black" />
                <Cell OrigWidth="31.6177083333333" OrigHeight="5" Text="" WordWrap="true" X="41.5395833333333" Y="55.2843749046326" Width="31.6177083333333" Height="5" TextColor="black" />
                <Cell OrigWidth="31.6177083333333" OrigHeight="5" Text="" WordWrap="true" X="73.1572916666666" Y="55.2843749046326" Width="31.6177083333333" Height="5" TextColor="black" />
                <Cell OrigWidth="31.6177083333333" OrigHeight="5" Text="数量" FieldKind="ToCurPageSum" WordWrap="true" X="104.775" Y="55.2843749046326" Width="31.6177083333333" Height="5" TextColor="black" />
                <Cell OrigWidth="31.6177083333333" OrigHeight="5" Text="" WordWrap="true" X="136.392708333333" Y="55.2843749046326" Width="31.6177083333333" Height="5" TextColor="black" />
                <Cell OrigWidth="31.6177083333333" OrigHeight="5" Text="金额" FieldKind="ToCurPageSum" WordWrap="true" X="168.010416666666" Y="55.2843749046326" Width="31.6177083333333" Height="5" TextColor="black" />
              </Cells>
            </Row>
            <Row X="9.921875" Y="60.2843749046326" Width="189.70625" Height="5">
              <Cells>
                <Cell OrigWidth="19.84375" OrigHeight="5" Text="审核单位：" LeftLineVisible="false" RightLineVisible="false" BottomLineVisible="false" WordWrap="true" X="9.921875" Y="60.2843749046326" Width="19.84375" Height="5" TextColor="black" />
                <Cell OrigWidth="29.8979166666667" OrigHeight="5" Text="" LeftLineVisible="false" RightLineVisible="false" BottomLineVisible="false" WordWrap="true" X="29.765625" Y="60.2843749046326" Width="29.8979166666667" Height="5" TextColor="black" />
                <Cell OrigWidth="20.1083333333333" OrigHeight="5" Text="" LeftLineVisible="false" RightLineVisible="false" BottomLineVisible="false" WordWrap="true" X="59.6635416666667" Y="60.2843749046326" Width="20.1083333333333" Height="5" TextColor="black" />
                <Cell OrigWidth="19.84375" OrigHeight="5" Text="制表人：" LeftLineVisible="false" RightLineVisible="false" BottomLineVisible="false" WordWrap="true" X="79.771875" Y="60.2843749046326" Width="19.84375" Height="5" TextColor="black" />
                <Cell OrigWidth="29.8979166666667" OrigHeight="5" Text="" LeftLineVisible="false" RightLineVisible="false" BottomLineVisible="false" WordWrap="true" X="99.615625" Y="60.2843749046326" Width="29.8979166666667" Height="5" TextColor="black" />
                <Cell OrigWidth="20.1083333333333" OrigHeight="5" Text="" LeftLineVisible="false" RightLineVisible="false" BottomLineVisible="false" WordWrap="true" X="129.513541666667" Y="60.2843749046326" Width="20.1083333333333" Height="5" TextColor="black" />
                <Cell OrigWidth="19.84375" OrigHeight="5" Text="打印时间：" LeftLineVisible="false" RightLineVisible="false" BottomLineVisible="false" WordWrap="true" X="149.621875" Y="60.2843749046326" Width="19.84375" Height="5" TextColor="black" />
                <Cell OrigWidth="30.1625" OrigHeight="5" Text="日期" FieldKind="System" LeftLineVisible="false" RightLineVisible="false" BottomLineVisible="false" WordWrap="true" X="169.465625" Y="60.2843749046326" Width="30.1625" Height="5" TextColor="black" />
              </Cells>
            </Row>
            <Row X="9.921875" Y="65.2843749046326" Width="189.70625" Height="5">
              <Cells>
                <Cell OrigWidth="19.84375" OrigHeight="5" Text="" LeftLineVisible="false" TopLineVisible="false" RightLineVisible="false" BottomLineVisible="false" WordWrap="true" X="9.921875" Y="65.2843749046326" Width="19.84375" Height="5" TextColor="black" />
                <Cell OrigWidth="29.8979166666667" OrigHeight="5" Text="" LeftLineVisible="false" TopLineVisible="false" RightLineVisible="false" BottomLineVisible="false" WordWrap="true" X="29.765625" Y="65.2843749046326" Width="29.8979166666667" Height="5" TextColor="black" />
                <Cell OrigWidth="20.1083333333333" OrigHeight="5" Text="" LeftLineVisible="false" TopLineVisible="false" RightLineVisible="false" BottomLineVisible="false" WordWrap="true" X="59.6635416666667" Y="65.2843749046326" Width="20.1083333333333" Height="5" TextColor="black" />
                <Cell OrigWidth="19.84375" OrigHeight="5" Text="" LeftLineVisible="false" TopLineVisible="false" RightLineVisible="false" BottomLineVisible="false" WordWrap="true" X="79.771875" Y="65.2843749046326" Width="19.84375" Height="5" TextColor="black" />
                <Cell OrigWidth="29.8979166666667" OrigHeight="5" Text="" LeftLineVisible="false" TopLineVisible="false" RightLineVisible="false" BottomLineVisible="false" WordWrap="true" X="99.615625" Y="65.2843749046326" Width="29.8979166666667" Height="5" TextColor="black" />
                <Cell OrigWidth="20.1083333333333" OrigHeight="5" Text="" LeftLineVisible="false" TopLineVisible="false" RightLineVisible="false" BottomLineVisible="false" WordWrap="true" X="129.513541666667" Y="65.2843749046326" Width="20.1083333333333" Height="5" TextColor="black" />
                <Cell OrigWidth="19.84375" OrigHeight="5" Text="" LeftLineVisible="false" TopLineVisible="false" RightLineVisible="false" BottomLineVisible="false" WordWrap="true" X="149.621875" Y="65.2843749046326" Width="19.84375" Height="5" TextColor="black" />
                <Cell OrigWidth="30.1625" OrigHeight="5" Text="[管家婆软件]" LeftLineVisible="false" TopLineVisible="false" RightLineVisible="false" BottomLineVisible="false" TextHAlign="Right" WordWrap="true" X="169.465625" Y="65.2843749046326" Width="30.1625" Height="5" TextColor="black" />
              </Cells>
            </Row>
          </Rows>
        </TableElement>
        <TextElement Text="总页码" FieldKind="System" LeftLineVisible="false" TopLineVisible="false" RightLineVisible="false" BottomLineVisible="false" X="179.714577500025" Y="14.2291661898295" Width="20" Height="5" />
      </Elements>
      <Bands>
        <Band IsVisible="false" />
        <Band BandKind="PageHeader" Height="20" />
        <Band BandKind="ReportHeader" Y="19.84375" Height="19.9760416666667" />
        <Band IsVisible="false" BandKind="PageBodyHeader" />
        <Band BandKind="PageDetail" Y="39.6875" Height="206.789583333334" />
        <Band IsVisible="false" BandKind="PageBodyFooter" />
        <Band IsVisible="false" BandKind="ReportFooter" />
        <Band BandKind="PageFooter" Y="276.754166666667" Height="20" />
      </Bands>
    </Page>
  </Pages>
  <PageSettings MarginLeft="10" MarginTop="20" MarginRight="10" MarginBottom="20" PageWidth="210" PageHeight="297" />
  <ExpressionFields />
</Report>