<Report MaxRowCount="0">
  <Pages>
    <Page Width="210" Height="297">
      <OrderFields />
      <Elements>
        <TextElement Text="表名" FieldKind="Master" LeftLineVisible="false" TopLineVisible="false" RightLineVisible="false" BottomLineVisible="false" TextHAlign="Center" BandKind="ReportHeader" X="47.4291705449422" Y="26.6916685740153" Width="100" Height="10" FontSize="20" BoldFont="true" />
        <TableElement X="9.921875" Y="43.459375" Width="185.89375" Height="233.228125127157">
          <Rows>
            <Row X="9.921875" Y="43.459375" Width="185.89375" Height="5.11432291666667">
              <Cells>
                <Cell OrigWidth="27.78125" OrigHeight="5.11432291666667" Text="存货编号" TextHAlign="Center" WordWrap="true" X="9.921875" Y="43.459375" Width="27.78125" Height="5.11432291666667" />
                <Cell OrigWidth="23.8125" OrigHeight="5.11432291666667" Text="存货全名" TextHAlign="Center" WordWrap="true" X="37.703125" Y="43.459375" Width="23.8125" Height="5.11432291666667" />
                <Cell OrigWidth="27.2520833333333" OrigHeight="5.11432291666667" Text="本期估入数量" TextHAlign="Center" WordWrap="true" X="61.515625" Y="43.459375" Width="27.2520833333333" Height="5.11432291666667" />
                <Cell OrigWidth="20.9020833333334" OrigHeight="5.11432291666667" Text="本期估入金额" TextHAlign="Center" WordWrap="true" X="88.7677083333333" Y="43.459375" Width="20.9020833333334" Height="5.11432291666667" />
                <Cell OrigWidth="23.8125" OrigHeight="5.11432291666667" Text="本期冲回数量" TextHAlign="Center" WordWrap="true" X="109.669791666667" Y="43.459375" Width="23.8125" Height="5.11432291666667" />
                <Cell OrigWidth="22.4895833333333" OrigHeight="5.11432291666667" Text="本期冲回金额" TextHAlign="Center" WordWrap="true" X="133.482291666667" Y="43.459375" Width="22.4895833333333" Height="5.11432291666667" />
                <Cell OrigWidth="19.84375" OrigHeight="5.11432291666667" Text="结存数量" TextHAlign="Center" WordWrap="true" X="155.971875" Y="43.459375" Width="19.84375" Height="5.11432291666667" />
                <Cell OrigWidth="20" OrigHeight="5" Text="结存金额" X="175.815625" Y="43.459375" Width="20" Height="5.11432291666667" />
              </Cells>
            </Row>
            <Row X="9.921875" Y="48.5736979166667" Width="185.89375" Height="5.11432291666667">
              <Cells>
                <Cell OrigWidth="27.78125" OrigHeight="5.11432291666667" Text="存货编号" FieldKind="Detail" TextHAlign="Center" WordWrap="true" X="9.921875" Y="48.5736979166667" Width="27.78125" Height="5.11432291666667" TextColor="black" />
                <Cell OrigWidth="23.8125" OrigHeight="5.11432291666667" Text="存货全名" FieldKind="Detail" TextHAlign="Center" WordWrap="true" X="37.703125" Y="48.5736979166667" Width="23.8125" Height="5.11432291666667" TextColor="black" />
                <Cell OrigWidth="27.2520833333333" OrigHeight="5.11432291666667" Text="本期估入数量" FieldKind="Detail" TextHAlign="Center" WordWrap="true" X="61.515625" Y="48.5736979166667" Width="27.2520833333333" Height="5.11432291666667" TextColor="black" />
                <Cell OrigWidth="20.9020833333334" OrigHeight="5.11432291666667" Text="本期估入金额" FieldKind="Detail" TextHAlign="Center" WordWrap="true" X="88.7677083333333" Y="48.5736979166667" Width="20.9020833333334" Height="5.11432291666667" TextColor="black" />
                <Cell OrigWidth="23.8125" OrigHeight="5.11432291666667" Text="本期冲回数量" FieldKind="Detail" TextHAlign="Center" WordWrap="true" X="109.669791666667" Y="48.5736979166667" Width="23.8125" Height="5.11432291666667" TextColor="black" />
                <Cell OrigWidth="22.4895833333333" OrigHeight="5.11432291666667" Text="本期冲回金额" FieldKind="Detail" TextHAlign="Center" WordWrap="true" X="133.482291666667" Y="48.5736979166667" Width="22.4895833333333" Height="5.11432291666667" TextColor="black" />
                <Cell OrigWidth="19.84375" OrigHeight="5.11432291666667" Text="结存数量" FieldKind="Detail" TextHAlign="Center" WordWrap="true" X="155.971875" Y="48.5736979166667" Width="19.84375" Height="5.11432291666667" TextColor="black" />
                <Cell OrigWidth="20" OrigHeight="5" Text="结存金额" FieldKind="Detail" X="175.815625" Y="48.5736979166667" Width="20" Height="5.11432291666667" />
              </Cells>
            </Row>
            <Row X="9.921875" Y="53.6880208333333" Width="185.89375" Height="5">
              <Cells>
                <Cell OrigWidth="24.60625" OrigHeight="5" Text="" LeftLineVisible="false" RightLineVisible="false" BottomLineVisible="false" WordWrap="true" X="9.921875" Y="53.6880208333333" Width="24.60625" Height="5" TextColor="black" />
                <Cell OrigWidth="24.60625" OrigHeight="5" Text="" LeftLineVisible="false" RightLineVisible="false" BottomLineVisible="false" TextHAlign="Center" WordWrap="true" X="34.528125" Y="53.6880208333333" Width="24.60625" Height="5" TextColor="black" />
                <Cell OrigWidth="39.9520833333334" OrigHeight="5" Text="" LeftLineVisible="false" RightLineVisible="false" BottomLineVisible="false" TextHAlign="Center" WordWrap="true" X="59.134375" Y="53.6880208333333" Width="39.9520833333334" Height="5" TextColor="black" />
                <Cell OrigWidth="37.3062499999999" OrigHeight="5" Text="" LeftLineVisible="false" RightLineVisible="false" BottomLineVisible="false" TextHAlign="Center" WordWrap="true" X="99.0864583333334" Y="53.6880208333333" Width="37.3062499999999" Height="5" TextColor="black" />
                <Cell OrigWidth="35.71875" OrigHeight="5" Text="打印时间：" LeftLineVisible="false" RightLineVisible="false" BottomLineVisible="false" TextHAlign="Center" WordWrap="true" X="136.392708333333" Y="53.6880208333333" Width="35.71875" Height="5" TextColor="black" />
                <Cell OrigWidth="23.7041666666667" OrigHeight="5" Text="日期" FieldKind="System" LeftLineVisible="false" RightLineVisible="false" BottomLineVisible="false" TextHAlign="Center" WordWrap="true" X="172.111458333333" Y="53.6880208333333" Width="23.7041666666667" Height="5" TextColor="black" />
              </Cells>
            </Row>
            <Row X="9.921875" Y="58.6880208333333" Width="185.89375" Height="5">
              <Cells>
                <Cell OrigWidth="24.60625" OrigHeight="5" Text="" LeftLineVisible="false" TopLineVisible="false" RightLineVisible="false" BottomLineVisible="false" TextHAlign="Center" WordWrap="true" X="9.921875" Y="58.6880208333333" Width="24.60625" Height="5" TextColor="black" />
                <Cell OrigWidth="24.60625" OrigHeight="5" Text="" LeftLineVisible="false" TopLineVisible="false" RightLineVisible="false" BottomLineVisible="false" TextHAlign="Center" WordWrap="true" X="34.528125" Y="58.6880208333333" Width="24.60625" Height="5" TextColor="black" />
                <Cell OrigWidth="39.9520833333334" OrigHeight="5" Text="" LeftLineVisible="false" TopLineVisible="false" RightLineVisible="false" BottomLineVisible="false" TextHAlign="Center" WordWrap="true" X="59.134375" Y="58.6880208333333" Width="39.9520833333334" Height="5" TextColor="black" />
                <Cell OrigWidth="37.3062499999999" OrigHeight="5" Text="" LeftLineVisible="false" TopLineVisible="false" RightLineVisible="false" BottomLineVisible="false" TextHAlign="Center" WordWrap="true" X="99.0864583333334" Y="58.6880208333333" Width="37.3062499999999" Height="5" TextColor="black" />
                <Cell OrigWidth="59.4229166666667" OrigHeight="5" Text="[管家婆软件]" LeftLineVisible="false" TopLineVisible="false" RightLineVisible="false" BottomLineVisible="false" TextHAlign="Right" WordWrap="true" X="136.392708333333" Y="58.6880208333333" Width="59.4229166666667" Height="5" TextColor="black" />
              </Cells>
            </Row>
          </Rows>
        </TableElement>
        <TextElement Text="总页码" FieldKind="System" LeftLineVisible="false" TopLineVisible="false" RightLineVisible="false" BottomLineVisible="false" TextHAlign="Right" BandKind="PageHeader" X="175.629169972738" Y="11.5833328564962" Width="20" Height="5" />
        <TextElement Text="开始日期" FieldKind="Master" LeftLineVisible="false" TopLineVisible="false" RightLineVisible="false" BottomLineVisible="false" X="9.99999926884969" Y="38.3062495231628" Width="20" Height="5" />
        <TextElement Text="结束日期" FieldKind="Master" LeftLineVisible="false" TopLineVisible="false" RightLineVisible="false" BottomLineVisible="false" X="36.9874992688497" Y="38.3062495231628" Width="20" Height="5" />
        <TextElement Text="至" LeftLineVisible="false" TopLineVisible="false" RightLineVisible="false" BottomLineVisible="false" X="29.8437492688497" Y="38.3062495231628" Width="6.77083388964335" Height="5.0000001390775" />
      </Elements>
      <Bands>
        <Band IsVisible="false" />
        <Band BandKind="PageHeader" Height="20" />
        <Band BandKind="ReportHeader" Y="19.84375" Height="23.415625" />
        <Band IsVisible="false" BandKind="PageBodyHeader" />
        <Band BandKind="PageDetail" Y="43.259375" Height="233.692708333333" />
        <Band IsVisible="false" BandKind="PageBodyFooter" />
        <Band IsVisible="false" BandKind="ReportFooter" />
        <Band BandKind="PageFooter" Y="276.754166666667" Height="20" />
      </Bands>
    </Page>
  </Pages>
  <PageSettings MarginLeft="10" MarginTop="20" MarginRight="10" MarginBottom="20" PageWidth="210" PageHeight="297" />
  <ExpressionFields />
</Report>