<Report MaxRowCount="0">
  <Pages>
    <Page Width="210" Height="297" TextVAlign="Center">
      <OrderFields />
      <Elements>
        <TextElement Text="表名" FieldKind="Master" LeftLineVisible="false" TopLineVisible="false" RightLineVisible="false" BottomLineVisible="false" BandKind="ReportHeader" X="47.4291705449422" Y="26.6916685740153" Width="100" Height="10" FontSize="20" BoldFont="true" TextHAlign="Center" TextVAlign="Center" />
        <TableElement X="9.921875" Y="40" Width="189.70625" Height="236.422923660278" TextVAlign="Center">
          <Rows>
            <Row X="9.921875" Y="40" Width="189.70625" Height="5.11432291666667" TextVAlign="Center">
              <Cells>
                <Cell TextColor="black" TextHAlign="Center" TextVAlign="Center" WordWrap="true" CellWidth="3.4" OrigWidth="23.8125" OrigHeight="5.11432291666667" Text="" LeftLineVisible="false" TopLineVisible="false" RightLineVisible="false" X="9.921875" Y="40" Width="23.8125" Height="5.11432291666667" />
                <Cell TextColor="black" TextHAlign="Center" TextVAlign="Center" WordWrap="true" CellWidth="3.4" OrigWidth="22.4895833333333" OrigHeight="5.11432291666667" Text="存    货" FieldKind="Master" LeftLineVisible="false" TopLineVisible="false" RightLineVisible="false" X="33.734375" Y="40" Width="22.4895833333333" Height="5.11432291666667" />
                <Cell TextVAlign="Center" CellWidth="3.4" OrigWidth="20" OrigHeight="5" LeftLineVisible="false" TopLineVisible="false" X="56.2239583333333" Y="40" Width="20" Height="5.11432291666667" />
                <Cell TextColor="black" TextHAlign="Center" TextVAlign="Center" WordWrap="true" CellWidth="3.4" OrigWidth="19.6875" OrigHeight="5.11432291666667" Text="" LeftLineVisible="false" TopLineVisible="false" RightLineVisible="false" X="76.2239583333333" Y="40" Width="19.6875" Height="5.11432291666667" />
                <Cell TextColor="black" TextHAlign="Center" TextVAlign="Center" WordWrap="true" CellWidth="3.4" OrigWidth="19.5791666666667" OrigHeight="5.11432291666667" Text="" LeftLineVisible="false" TopLineVisible="false" RightLineVisible="false" X="95.9114583333333" Y="40" Width="19.5791666666667" Height="5.11432291666667" />
                <Cell TextColor="black" TextHAlign="Center" TextVAlign="Center" WordWrap="true" CellWidth="3.4" OrigWidth="16.9333333333333" OrigHeight="5.11432291666667" Text="" LeftLineVisible="false" TopLineVisible="false" RightLineVisible="false" X="115.490625" Y="40" Width="16.9333333333333" Height="5.11432291666667" />
                <Cell TextColor="black" TextHAlign="Right" TextVAlign="Center" WordWrap="true" CellWidth="3.4" OrigWidth="27.2520833333333" OrigHeight="5.11432291666667" Text="开始日期" FieldKind="Master" LeftLineVisible="false" TopLineVisible="false" RightLineVisible="false" X="132.423958333333" Y="40" Width="27.2520833333333" Height="5.11432291666667" />
                <Cell TextColor="black" TextHAlign="Center" TextVAlign="Center" WordWrap="true" CellWidth="3.4" OrigWidth="20.3729166666667" OrigHeight="5.11432291666667" Text="至" LeftLineVisible="false" TopLineVisible="false" RightLineVisible="false" X="159.676041666667" Y="40" Width="20.3729166666667" Height="5.11432291666667" />
                <Cell TextColor="black" TextVAlign="Center" CellWidth="3.4" OrigWidth="19.5791666666667" OrigHeight="5" Text="结束日期" FieldKind="Master" LeftLineVisible="false" TopLineVisible="false" RightLineVisible="false" X="180.048958333333" Y="40" Width="19.5791666666667" Height="5.11432291666667" />
              </Cells>
            </Row>
            <Row X="9.921875" Y="45.1143229166667" Width="189.70625" Height="5.11432291666667" TextVAlign="Center">
              <Cells>
                <Cell TextHAlign="Center" TextVAlign="Center" WordWrap="true" CellWidth="3.4" OrigWidth="23.8125" OrigHeight="5.11432291666667" Text="发货单位编码" X="9.921875" Y="45.1143229166667" Width="23.8125" Height="5.11432291666667" />
                <Cell TextHAlign="Center" TextVAlign="Center" WordWrap="true" CellWidth="3.4" OrigWidth="22.4895833333333" OrigHeight="5.11432291666667" Text="发货单位全名" X="33.734375" Y="45.1143229166667" Width="22.4895833333333" Height="5.11432291666667" />
                <Cell TextVAlign="Center" CellWidth="3.4" OrigWidth="20" OrigHeight="5" Text="单据日期" X="56.2239583333333" Y="45.1143229166667" Width="20" Height="5.11432291666667" />
                <Cell TextHAlign="Center" TextVAlign="Center" WordWrap="true" CellWidth="3.4" OrigWidth="19.6875" OrigHeight="5.11432291666667" Text="估入数量" X="76.2239583333333" Y="45.1143229166667" Width="19.6875" Height="5.11432291666667" />
                <Cell TextHAlign="Center" TextVAlign="Center" WordWrap="true" CellWidth="3.4" OrigWidth="19.5791666666667" OrigHeight="5.11432291666667" Text="估入金额" X="95.9114583333333" Y="45.1143229166667" Width="19.5791666666667" Height="5.11432291666667" />
                <Cell TextHAlign="Center" TextVAlign="Center" WordWrap="true" CellWidth="3.4" OrigWidth="16.9333333333333" OrigHeight="5.11432291666667" Text="冲回数量" X="115.490625" Y="45.1143229166667" Width="16.9333333333333" Height="5.11432291666667" />
                <Cell TextHAlign="Center" TextVAlign="Center" WordWrap="true" CellWidth="3.4" OrigWidth="27.2520833333333" OrigHeight="5.11432291666667" Text="冲回金额" X="132.423958333333" Y="45.1143229166667" Width="27.2520833333333" Height="5.11432291666667" />
                <Cell TextHAlign="Center" TextVAlign="Center" WordWrap="true" CellWidth="3.4" OrigWidth="20.3729166666667" OrigHeight="5.11432291666667" Text="结存数量" X="159.676041666667" Y="45.1143229166667" Width="20.3729166666667" Height="5.11432291666667" />
                <Cell TextVAlign="Center" CellWidth="3.4" OrigWidth="19.5791666666667" OrigHeight="5" Text="结存金额" X="180.048958333333" Y="45.1143229166667" Width="19.5791666666667" Height="5.11432291666667" />
              </Cells>
            </Row>
            <Row X="9.921875" Y="50.2286458333333" Width="189.70625" Height="5.11432291666667" TextVAlign="Center">
              <Cells>
                <Cell TextColor="black" TextHAlign="Center" TextVAlign="Center" WordWrap="true" CellWidth="3.4" OrigWidth="23.8125" OrigHeight="5.11432291666667" Text="发货单位编码" FieldKind="Detail" X="9.921875" Y="50.2286458333333" Width="23.8125" Height="5.11432291666667" />
                <Cell TextColor="black" TextHAlign="Center" TextVAlign="Center" WordWrap="true" CellWidth="3.4" OrigWidth="22.4895833333333" OrigHeight="5.11432291666667" Text="发货单位全名" FieldKind="Detail" X="33.734375" Y="50.2286458333333" Width="22.4895833333333" Height="5.11432291666667" />
                <Cell TextVAlign="Center" CellWidth="3.4" OrigWidth="20" OrigHeight="5" Text="单据日期" FieldKind="Detail" X="56.2239583333333" Y="50.2286458333333" Width="20" Height="5.11432291666667" />
                <Cell TextColor="black" TextHAlign="Center" TextVAlign="Center" WordWrap="true" CellWidth="3.4" OrigWidth="19.6875" OrigHeight="5.11432291666667" Text="估入数量" FieldKind="Detail" X="76.2239583333333" Y="50.2286458333333" Width="19.6875" Height="5.11432291666667" />
                <Cell TextColor="black" TextHAlign="Center" TextVAlign="Center" WordWrap="true" CellWidth="3.4" OrigWidth="19.5791666666667" OrigHeight="5.11432291666667" Text="估入金额" FieldKind="Detail" X="95.9114583333333" Y="50.2286458333333" Width="19.5791666666667" Height="5.11432291666667" />
                <Cell TextColor="black" TextHAlign="Center" TextVAlign="Center" WordWrap="true" CellWidth="3.4" OrigWidth="16.9333333333333" OrigHeight="5.11432291666667" Text="冲回数量" FieldKind="Detail" X="115.490625" Y="50.2286458333333" Width="16.9333333333333" Height="5.11432291666667" />
                <Cell TextColor="black" TextHAlign="Center" TextVAlign="Center" WordWrap="true" CellWidth="3.4" OrigWidth="27.2520833333333" OrigHeight="5.11432291666667" Text="冲回金额" FieldKind="Detail" X="132.423958333333" Y="50.2286458333333" Width="27.2520833333333" Height="5.11432291666667" />
                <Cell TextColor="black" TextHAlign="Center" TextVAlign="Center" WordWrap="true" CellWidth="3.4" OrigWidth="20.3729166666667" OrigHeight="5.11432291666667" Text="结存数量" FieldKind="Detail" X="159.676041666667" Y="50.2286458333333" Width="20.3729166666667" Height="5.11432291666667" />
                <Cell TextVAlign="Center" CellWidth="3.4" OrigWidth="19.5791666666667" OrigHeight="5" Text="结存金额" FieldKind="Detail" X="180.048958333333" Y="50.2286458333333" Width="19.5791666666667" Height="5.11432291666667" />
              </Cells>
            </Row>
            <Row X="9.921875" Y="55.34296875" Width="189.70625" Height="5" TextVAlign="Center">
              <Cells>
                <Cell TextColor="black" TextVAlign="Center" WordWrap="true" CellWidth="3.4" OrigWidth="24.60625" OrigHeight="5" Text="" LeftLineVisible="false" RightLineVisible="false" BottomLineVisible="false" X="9.921875" Y="55.34296875" Width="24.60625" Height="5" />
                <Cell TextColor="black" TextHAlign="Center" TextVAlign="Center" WordWrap="true" CellWidth="3.4" OrigWidth="24.60625" OrigHeight="5" Text="" LeftLineVisible="false" RightLineVisible="false" BottomLineVisible="false" X="34.528125" Y="55.34296875" Width="24.60625" Height="5" />
                <Cell TextVAlign="Center" CellWidth="3.4" OrigWidth="20" OrigHeight="5" LeftLineVisible="false" BottomLineVisible="false" X="59.134375" Y="55.34296875" Width="20" Height="5" />
                <Cell TextColor="black" TextHAlign="Center" TextVAlign="Center" WordWrap="true" CellWidth="3.4" OrigWidth="39.9520833333334" OrigHeight="5" Text="" LeftLineVisible="false" RightLineVisible="false" BottomLineVisible="false" X="79.134375" Y="55.34296875" Width="39.9520833333334" Height="5" />
                <Cell TextColor="black" TextHAlign="Center" TextVAlign="Center" WordWrap="true" CellWidth="3.4" OrigWidth="37.3062499999999" OrigHeight="5" Text="" LeftLineVisible="false" RightLineVisible="false" BottomLineVisible="false" X="119.086458333333" Y="55.34296875" Width="37.3062499999999" Height="5" />
                <Cell TextColor="black" TextHAlign="Center" TextVAlign="Center" WordWrap="true" CellWidth="3.4" OrigWidth="24.45" OrigHeight="5" Text="打印时间：" LeftLineVisible="false" RightLineVisible="false" BottomLineVisible="false" X="156.392708333333" Y="55.34296875" Width="24.45" Height="5" />
                <Cell TextColor="black" TextHAlign="Center" TextVAlign="Center" WordWrap="true" CellWidth="3.4" OrigWidth="18.7854166666667" OrigHeight="5" Text="日期" FieldKind="System" LeftLineVisible="false" RightLineVisible="false" BottomLineVisible="false" X="180.842708333333" Y="55.34296875" Width="18.7854166666667" Height="5" />
              </Cells>
            </Row>
            <Row X="9.921875" Y="60.34296875" Width="189.70625" Height="5" TextVAlign="Center">
              <Cells>
                <Cell TextColor="black" TextHAlign="Center" TextVAlign="Center" WordWrap="true" CellWidth="3.4" OrigWidth="24.60625" OrigHeight="5" Text="" LeftLineVisible="false" TopLineVisible="false" RightLineVisible="false" BottomLineVisible="false" X="9.921875" Y="60.34296875" Width="24.60625" Height="5" />
                <Cell TextColor="black" TextHAlign="Center" TextVAlign="Center" WordWrap="true" CellWidth="3.4" OrigWidth="24.60625" OrigHeight="5" Text="" LeftLineVisible="false" TopLineVisible="false" RightLineVisible="false" BottomLineVisible="false" X="34.528125" Y="60.34296875" Width="24.60625" Height="5" />
                <Cell TextVAlign="Center" CellWidth="3.4" OrigWidth="20" OrigHeight="5" LeftLineVisible="false" TopLineVisible="false" BottomLineVisible="false" X="59.134375" Y="60.34296875" Width="20" Height="5" />
                <Cell TextColor="black" TextHAlign="Center" TextVAlign="Center" WordWrap="true" CellWidth="3.4" OrigWidth="39.9520833333334" OrigHeight="5" Text="" LeftLineVisible="false" TopLineVisible="false" RightLineVisible="false" BottomLineVisible="false" X="79.134375" Y="60.34296875" Width="39.9520833333334" Height="5" />
                <Cell TextColor="black" TextHAlign="Center" TextVAlign="Center" WordWrap="true" CellWidth="3.4" OrigWidth="37.3062499999999" OrigHeight="5" Text="" LeftLineVisible="false" TopLineVisible="false" RightLineVisible="false" BottomLineVisible="false" X="119.086458333333" Y="60.34296875" Width="37.3062499999999" Height="5" />
                <Cell TextColor="black" TextHAlign="Right" TextVAlign="Center" WordWrap="true" CellWidth="3.4" OrigWidth="43.2354166666667" OrigHeight="5" Text="[管家婆软件]" LeftLineVisible="false" TopLineVisible="false" RightLineVisible="false" BottomLineVisible="false" X="156.392708333333" Y="60.34296875" Width="43.2354166666667" Height="5" />
              </Cells>
            </Row>
          </Rows>
        </TableElement>
        <TextElement Text="总页码" FieldKind="System" LeftLineVisible="false" TopLineVisible="false" RightLineVisible="false" BottomLineVisible="false" BandKind="PageHeader" X="175.629169972738" Y="11.5833328564962" Width="20" Height="5" TextHAlign="Right" TextVAlign="Center" />
      </Elements>
      <Bands>
        <Band IsVisible="false" TextVAlign="Center" />
        <Band BandKind="PageHeader" Height="20" TextVAlign="Center" />
        <Band BandKind="ReportHeader" Y="19.84375" Height="20" TextVAlign="Center" />
        <Band IsVisible="false" BandKind="PageBodyHeader" TextVAlign="Center" />
        <Band BandKind="PageDetail" Y="39.9520833333333" Height="237" TextVAlign="Center" />
        <Band IsVisible="false" BandKind="PageBodyFooter" TextVAlign="Center" />
        <Band IsVisible="false" BandKind="ReportFooter" TextVAlign="Center" />
        <Band BandKind="PageFooter" Y="276.754166666667" Height="20" TextVAlign="Center" />
      </Bands>
    </Page>
  </Pages>
  <PageSettings MarginLeft="10" MarginTop="20" MarginRight="10" MarginBottom="20" PageWidth="210" PageHeight="297" />
  <ExpressionFields />
</Report>