<Report MaxRowCount="0">
  <Pages>
    <Page Width="210" Height="297" TextVAlign="Center">
      <OrderFields />
      <Elements>
        <TextElement Text="表名" FieldKind="Master" LeftLineVisible="false" TopLineVisible="false" RightLineVisible="false" BottomLineVisible="false" BandKind="ReportHeader" X="9.59375387827555" Y="21.2958335240682" Width="189.964583714803" Height="16.614582602183" FontSize="25" BoldFont="true" TextHAlign="Center" TextVAlign="Center" />
        <TableElement X="10" Y="40" Width="152.586458333333" Height="236.579164123535" TextVAlign="Center">
          <Rows>
            <Row X="10" Y="40" Width="142.719630256294" Height="11.6145820617676" TextVAlign="Center">
              <Cells>
                <Cell TextColor="black" TextHAlign="Center" TextVAlign="Center" WordWrap="true" CellWidth="3.4" OrigWidth="19.0109371344248" OrigHeight="11.6145820617676" Text="会计科目：" LeftLineVisible="false" TopLineVisible="false" RightLineVisible="false" X="10" Y="40" Width="19.0109371344248" Height="11.6145820617676" />
                <Cell TextColor="black" TextHAlign="Center" TextVAlign="Center" WordWrap="true" CellWidth="3.4" OrigWidth="25.8901045322418" OrigHeight="11.6145820617676" Text="会计科目" FieldKind="Master" LeftLineVisible="false" TopLineVisible="false" RightLineVisible="false" DecimalDigits="0" X="29.0109371344248" Y="40" Width="25.8901045322418" Height="11.6145820617676" />
                <Cell TextColor="black" TextVAlign="Center" WordWrap="true" CellWidth="3.4" OrigWidth="17.4625" OrigHeight="11.6145820617676" Text="客户名称：" LeftLineVisible="false" TopLineVisible="false" RightLineVisible="false" X="54.9010416666667" Y="40" Width="17.4625" Height="11.6145820617676" />
                <Cell TextColor="black" TextVAlign="Center" WordWrap="true" CellWidth="3.4" OrigWidth="23.6192220687866" OrigHeight="11.6145820617676" Text="客户名称" FieldKind="Master" LeftLineVisible="false" TopLineVisible="false" RightLineVisible="false" X="72.3635416666667" Y="40" Width="23.6192220687866" Height="11.6145820617676" />
                <Cell TextColor="black" TextVAlign="Center" WordWrap="true" CellWidth="3.4" OrigWidth="18.1402121861776" OrigHeight="11.6145820617676" Text="开始日期" FieldKind="Master" LeftLineVisible="false" TopLineVisible="false" RightLineVisible="false" X="95.9827637354533" Y="40" Width="18.1402121861776" Height="11.6145820617676" />
                <Cell TextColor="black" TextVAlign="Center" WordWrap="true" CellWidth="3.4" OrigWidth="10.6576020558675" OrigHeight="11.6145820617676" Text="至" LeftLineVisible="false" TopLineVisible="false" RightLineVisible="false" X="114.122975921631" Y="40" Width="10.6576020558675" Height="11.6145820617676" />
                <Cell TextColor="black" TextVAlign="Center" WordWrap="true" CellWidth="3.4" OrigWidth="27.9390522787953" OrigHeight="11.6145820617676" Text="结束日期" FieldKind="Master" LeftLineVisible="false" TopLineVisible="false" RightLineVisible="false" X="124.780577977498" Y="40" Width="27.9390522787953" Height="11.6145820617676" />
              </Cells>
            </Row>
            <Row X="10" Y="51.6145820617676" Width="152.586458333333" Height="7.59635416666667" TextVAlign="Center">
              <Cells>
                <Cell TextColor="black" TextHAlign="Center" TextVAlign="Center" WordWrap="true" CellWidth="3.4" OrigWidth="20.0302083333333" OrigHeight="7.59635416666667" Text="日期" X="10" Y="51.6145820617676" Width="20.0302083333333" Height="7.59635416666667" />
                <Cell TextColor="black" TextHAlign="Center" TextVAlign="Center" WordWrap="true" RowSpan="2" CellWidth="3.4" OrigWidth="27.78125" OrigHeight="7.59635416666667" Text="摘要" X="30.0302083333333" Y="51.6145820617676" Width="27.78125" Height="15.1927083333333" />
                <Cell TextColor="black" TextHAlign="Center" TextVAlign="Center" WordWrap="true" RowSpan="2" CellWidth="3.4" OrigWidth="30.1625" OrigHeight="7.59635416666667" Text="借方" X="57.8114583333333" Y="51.6145820617676" Width="30.1625" Height="15.1927083333333" />
                <Cell TextColor="black" TextHAlign="Center" TextVAlign="Center" WordWrap="true" RowSpan="2" CellWidth="3.4" OrigWidth="30.6081404135005" OrigHeight="7.59635416666667" Text="贷方" X="87.9739583333333" Y="51.6145820617676" Width="30.6081404135005" Height="15.1927083333333" />
                <Cell TextColor="black" TextHAlign="Center" TextVAlign="Center" WordWrap="true" RowSpan="2" CellWidth="3.4" OrigWidth="10.2016861041572" OrigHeight="7.59635416666667" Text="方向" X="118.582098746834" Y="51.6145820617676" Width="10.2016861041572" Height="15.1927083333333" />
                <Cell TextHAlign="Center" TextVAlign="Center" RowSpan="2" CellWidth="3.4" OrigWidth="33.8026734823422" OrigHeight="7.59635416666667" Text="余额" X="128.783784850991" Y="51.6145820617676" Width="33.8026734823422" Height="15.1927083333333" />
              </Cells>
            </Row>
            <Row X="10" Y="59.2109362284343" Width="152.586458333333" Height="7.59635416666667" TextVAlign="Center">
              <Cells>
                <Cell TextColor="black" TextHAlign="Center" TextVAlign="Center" WordWrap="true" CellWidth="3.4" OrigWidth="10.0151041666666" OrigHeight="7.59635416666667" Text="年" DecimalDigits="0" X="10" Y="59.2109362284343" Width="10.0151041666666" Height="7.59635416666667" />
                <Cell TextColor="black" TextHAlign="Center" TextVAlign="Center" WordWrap="true" CellWidth="3.4" OrigWidth="10.0151041666666" OrigHeight="7.59635416666667" Text="月" DecimalDigits="0" X="20.0151041666666" Y="59.2109362284343" Width="10.0151041666666" Height="7.59635416666667" />
                <Cell TextColor="black" TextHAlign="Center" TextVAlign="Center" WordWrap="true" CellWidth="3.4" OrigWidth="27.78125" OrigHeight="7.59635416666667" Text="" DecimalDigits="0" X="30.0302083333332" Y="59.2109362284343" Width="27.78125" Height="7.59635416666667" />
                <Cell TextColor="black" TextHAlign="Center" TextVAlign="Center" WordWrap="true" CellWidth="3.4" OrigWidth="30.1625" OrigHeight="7.59635416666667" Text="" DecimalDigits="0" X="57.8114583333332" Y="59.2109362284343" Width="30.1625" Height="7.59635416666667" />
                <Cell TextColor="black" TextHAlign="Center" TextVAlign="Center" WordWrap="true" CellWidth="3.4" OrigWidth="30.6081404135005" OrigHeight="7.59635416666667" Text="" DecimalDigits="0" X="87.9739583333332" Y="59.2109362284343" Width="30.6081404135005" Height="7.59635416666667" />
                <Cell TextColor="black" TextHAlign="Center" TextVAlign="Center" WordWrap="true" CellWidth="3.4" OrigWidth="10.2016861041572" OrigHeight="7.59635416666667" Text="" DecimalDigits="0" X="118.582098746834" Y="59.2109362284343" Width="10.2016861041572" Height="7.59635416666667" />
                <Cell TextColor="black" TextHAlign="Center" TextVAlign="Center" CellWidth="3.4" OrigWidth="33.8026734823422" OrigHeight="7.59635416666667" Text="" DecimalDigits="0" X="128.783784850991" Y="59.2109362284343" Width="33.8026734823422" Height="7.59635416666667" />
              </Cells>
            </Row>
            <Row X="10" Y="66.8072903951009" Width="152.586458333333" Height="4.92812499999999" TextVAlign="Center">
              <Cells>
                <Cell TextVAlign="Center" WordWrap="true" CellWidth="3.4" OrigWidth="10.0151041666666" OrigHeight="4.92812499999999" Text="年" FieldKind="Detail" X="10" Y="66.8072903951009" Width="10.0151041666666" Height="4.92812499999999" />
                <Cell TextVAlign="Center" WordWrap="true" CellWidth="3.4" OrigWidth="10.0151041666666" OrigHeight="4.92812499999999" Text="月" FieldKind="Detail" DecimalDigits="0" X="20.0151041666666" Y="66.8072903951009" Width="10.0151041666666" Height="4.92812499999999" />
                <Cell TextVAlign="Center" WordWrap="true" CellWidth="3.4" OrigWidth="27.78125" OrigHeight="4.92812499999999" Text="摘要" FieldKind="Detail" X="30.0302083333332" Y="66.8072903951009" Width="27.78125" Height="4.92812499999999" />
                <Cell TextVAlign="Center" WordWrap="true" CellWidth="3.4" OrigWidth="30.1625" OrigHeight="4.92812499999999" Text="借方" FieldKind="Detail" X="57.8114583333332" Y="66.8072903951009" Width="30.1625" Height="4.92812499999999" />
                <Cell TextVAlign="Center" WordWrap="true" CellWidth="3.4" OrigWidth="30.6081404135005" OrigHeight="4.92812499999999" Text="贷方" FieldKind="Detail" X="87.9739583333332" Y="66.8072903951009" Width="30.6081404135005" Height="4.92812499999999" />
                <Cell TextHAlign="Center" TextVAlign="Center" WordWrap="true" CellWidth="3.4" OrigWidth="10.2016861041572" OrigHeight="4.92812499999999" Text="方向" FieldKind="Detail" X="118.582098746834" Y="66.8072903951009" Width="10.2016861041572" Height="4.92812499999999" />
                <Cell TextHAlign="Right" TextVAlign="Center" CellWidth="3.4" OrigWidth="33.8026734823423" OrigHeight="4.92812499999999" Text="余额" FieldKind="Detail" X="128.783784850991" Y="66.8072903951009" Width="33.8026734823423" Height="4.92812499999999" />
              </Cells>
            </Row>
            <Row X="10" Y="71.7354153951009" Width="152.586458333333" Height="5" TextVAlign="Center">
              <Cells>
                <Cell TextColor="black" TextVAlign="Center" WordWrap="true" CellWidth="3.4" OrigWidth="20.0302083333333" OrigHeight="5" Text="" LeftLineVisible="false" RightLineVisible="false" BottomLineVisible="false" X="10" Y="71.7354153951009" Width="20.0302083333333" Height="5" />
                <Cell TextColor="black" TextVAlign="Center" WordWrap="true" CellWidth="3.4" OrigWidth="27.78125" OrigHeight="5" Text="" LeftLineVisible="false" RightLineVisible="false" BottomLineVisible="false" X="30.0302083333333" Y="71.7354153951009" Width="27.78125" Height="5" />
                <Cell TextColor="black" TextVAlign="Center" WordWrap="true" CellWidth="3.4" OrigWidth="36.7484511022373" OrigHeight="5" Text="" LeftLineVisible="false" RightLineVisible="false" BottomLineVisible="false" X="57.8114583333333" Y="71.7354153951009" Width="36.7484511022373" Height="5" />
                <Cell TextColor="black" TextVAlign="Center" WordWrap="true" CellWidth="3.4" OrigWidth="24.0221893112633" OrigHeight="5" Text="" LeftLineVisible="false" RightLineVisible="false" BottomLineVisible="false" X="94.5599094355706" Y="71.7354153951009" Width="24.0221893112633" Height="5" />
                <Cell TextVAlign="Center" CellWidth="3.4" OrigWidth="20.200823419199" OrigHeight="5" Text="打印时间：" LeftLineVisible="false" RightLineVisible="false" BottomLineVisible="false" X="118.582098746834" Y="71.7354153951009" Width="20.200823419199" Height="5" />
                <Cell TextHAlign="Right" TextVAlign="Center" CellWidth="3.4" OrigWidth="23.8035361673004" OrigHeight="5" Text="日期" FieldKind="System" LeftLineVisible="false" RightLineVisible="false" BottomLineVisible="false" X="138.782922166033" Y="71.7354153951009" Width="23.8035361673004" Height="5" />
              </Cells>
            </Row>
            <Row X="10" Y="76.7354153951009" Width="152.586458333333" Height="5" TextVAlign="Center">
              <Cells>
                <Cell TextColor="black" TextVAlign="Center" WordWrap="true" CellWidth="3.4" OrigWidth="7.42344674259339" OrigHeight="5" Text="" LeftLineVisible="false" TopLineVisible="false" RightLineVisible="false" BottomLineVisible="false" X="10" Y="76.7354153951009" Width="7.42344674259339" Height="5" />
                <Cell TextColor="black" TextVAlign="Center" WordWrap="true" CellWidth="3.4" OrigWidth="9.31010794325524" OrigHeight="5" Text="" LeftLineVisible="false" TopLineVisible="false" RightLineVisible="false" BottomLineVisible="false" X="17.4234467425934" Y="76.7354153951009" Width="9.31010794325524" Height="5" />
                <Cell TextColor="black" TextVAlign="Center" WordWrap="true" CellWidth="3.4" OrigWidth="3.29665364748467" OrigHeight="5" Text="" LeftLineVisible="false" TopLineVisible="false" RightLineVisible="false" BottomLineVisible="false" X="26.7335546858486" Y="76.7354153951009" Width="3.29665364748467" Height="5" />
                <Cell TextColor="black" TextVAlign="Center" WordWrap="true" CellWidth="3.4" OrigWidth="27.78125" OrigHeight="5" Text="" LeftLineVisible="false" TopLineVisible="false" RightLineVisible="false" BottomLineVisible="false" X="30.0302083333333" Y="76.7354153951009" Width="27.78125" Height="5" />
                <Cell TextColor="black" TextVAlign="Center" WordWrap="true" CellWidth="3.4" OrigWidth="60.7706404135007" OrigHeight="5" Text="" LeftLineVisible="false" TopLineVisible="false" RightLineVisible="false" BottomLineVisible="false" X="57.8114583333333" Y="76.7354153951009" Width="60.7706404135007" Height="5" />
                <Cell TextHAlign="Right" TextVAlign="Center" CellWidth="3.4" OrigWidth="44.0043595864994" OrigHeight="5" Text="[管家婆软件]" LeftLineVisible="false" TopLineVisible="false" RightLineVisible="false" BottomLineVisible="false" X="118.582098746834" Y="76.7354153951009" Width="44.0043595864994" Height="5" />
              </Cells>
            </Row>
            <Row X="10" Y="81.7354153951009" Width="2" TextVAlign="Center">
              <Cells>
                <Cell TextVAlign="Center" WordWrap="true" CellWidth="3.4" OrigWidth="2" OrigHeight="-70" Text=" " LeftLineVisible="false" TopLineVisible="false" RightLineVisible="false" BottomLineVisible="false" X="10" Y="81.7354153951009" Width="2" />
              </Cells>
            </Row>
          </Rows>
        </TableElement>
        <TextElement Text="总页码" FieldKind="System" LeftLineVisible="false" TopLineVisible="false" RightLineVisible="false" BottomLineVisible="false" BandKind="PageHeader" X="156.843753306071" Y="14.4937495231628" Width="42.7541692415873" Height="5.0000001390775" TextHAlign="Right" TextVAlign="Center" />
      </Elements>
      <Bands>
        <Band IsVisible="false" TextVAlign="Center" />
        <Band BandKind="PageHeader" Height="20" TextVAlign="Center" />
        <Band BandKind="ReportHeader" Y="19.84375" Height="19.84375" TextVAlign="Center" />
        <Band IsVisible="false" BandKind="PageBodyHeader" TextVAlign="Center" />
        <Band BandKind="PageDetail" Y="39.6875" Height="237.15625" TextVAlign="Center" />
        <Band IsVisible="false" BandKind="PageBodyFooter" TextVAlign="Center" />
        <Band IsVisible="false" BandKind="ReportFooter" TextVAlign="Center" />
        <Band BandKind="PageFooter" Y="276.754166666667" Height="20" TextVAlign="Center" />
      </Bands>
    </Page>
  </Pages>
  <PageSettings MarginLeft="10" MarginTop="20" MarginRight="10" MarginBottom="20" PageWidth="210" PageHeight="297" />
  <ExpressionFields />
</Report>