<Report MaxRowCount="0">
  <Pages>
    <Page Width="210" Height="297" TextVAlign="Center">
      <OrderFields />
      <Elements>
        <TextElement Text="表名" FieldKind="Master" LeftLineWidth="3" LeftLineColor="#FFFFFF" TopLineVisible="false" TopLineWidth="0" TopLineColor="#FFFFFF" RightLineVisible="false" RightLineWidth="0" RightLineColor="#FFFFFF" BottomLineVisible="false" BottomLineWidth="0" BottomLineColor="#FFFFFF" DecimalDigits="0" BandKind="ReportHeader" X="9.32917054494222" Y="20.3458329677582" Width="191.012501017253" Height="19.2604159355164" FontSize="20" BoldFont="true" TextHAlign="Center" TextVAlign="Center" />
        <TableElement X="9.921875" Y="40" Width="189.970833333333" Height="236.579164123535" TextVAlign="Center">
          <Rows>
            <Row X="9.921875" Y="40" Width="189.970833333333" Height="5.37604166666666" TextVAlign="Center">
              <Cells>
                <Cell OrigWidth="30.4270833333333" OrigHeight="5.37604166666666" AccounttantLineVisble="true" Text="消息类型" DecimalDigits="0" X="9.921875" Y="40" Width="30.4270833333333" Height="5.37604166666666" TextHAlign="Center" TextVAlign="Center" WordWrap="true" />
                <Cell OrigWidth="29.36875" OrigHeight="5.37604166666666" AccounttantLineVisble="true" Text="发送时间" DecimalDigits="0" X="40.3489583333333" Y="40" Width="29.36875" Height="5.37604166666666" TextHAlign="Center" TextVAlign="Center" WordWrap="true" />
                <Cell OrigWidth="28.3104166666667" OrigHeight="5.37604166666666" AccounttantLineVisble="true" Text="发送人" DecimalDigits="0" X="69.7177083333333" Y="40" Width="28.3104166666667" Height="5.37604166666666" TextHAlign="Center" TextVAlign="Center" WordWrap="true" />
                <Cell OrigWidth="28.0458333333333" OrigHeight="5.37604166666666" AccounttantLineVisble="true" Text="接收人" DecimalDigits="0" X="98.028125" Y="40" Width="28.0458333333333" Height="5.37604166666666" TextHAlign="Center" TextVAlign="Center" WordWrap="true" />
                <Cell OrigWidth="50.5354166666667" OrigHeight="5.37604166666666" AccounttantLineVisble="true" Text="消息内容" DecimalDigits="0" X="126.073958333333" Y="40" Width="50.5354166666667" Height="5.37604166666666" TextHAlign="Center" TextVAlign="Center" WordWrap="true" />
                <Cell OrigWidth="23.2833333333333" OrigHeight="5.37604166666666" AccounttantLineVisble="true" Text="状态" DecimalDigits="0" X="176.609375" Y="40" Width="23.2833333333333" Height="5.37604166666666" TextHAlign="Center" TextVAlign="Center" WordWrap="true" />
              </Cells>
            </Row>
            <Row X="9.921875" Y="45.3760416666667" Width="189.970833333333" Height="5.29166666666667" TextVAlign="Center">
              <Cells>
                <Cell OrigWidth="30.4270833333333" OrigHeight="5.29166666666667" AccounttantLineVisble="true" Text="消息类型" FieldKind="Detail" DecimalDigits="0" X="9.921875" Y="45.3760416666667" Width="30.4270833333333" Height="5.29166666666667" TextVAlign="Center" WordWrap="true" />
                <Cell OrigWidth="29.36875" OrigHeight="5.29166666666667" AccounttantLineVisble="true" Text="发送时间" FieldKind="Detail" DecimalDigits="0" X="40.3489583333333" Y="45.3760416666667" Width="29.36875" Height="5.29166666666667" TextVAlign="Center" WordWrap="true" />
                <Cell OrigWidth="28.3104166666667" OrigHeight="5.29166666666667" AccounttantLineVisble="true" Text="发送人" FieldKind="Detail" DecimalDigits="0" X="69.7177083333333" Y="45.3760416666667" Width="28.3104166666667" Height="5.29166666666667" TextVAlign="Center" WordWrap="true" />
                <Cell OrigWidth="28.0458333333333" OrigHeight="5.29166666666667" AccounttantLineVisble="true" Text="接收人" FieldKind="Detail" DecimalDigits="0" X="98.028125" Y="45.3760416666667" Width="28.0458333333333" Height="5.29166666666667" TextVAlign="Center" WordWrap="true" />
                <Cell OrigWidth="50.5354166666667" OrigHeight="5.29166666666667" AccounttantLineVisble="true" Text="消息内容" FieldKind="Detail" DecimalDigits="0" X="126.073958333333" Y="45.3760416666667" Width="50.5354166666667" Height="5.29166666666667" TextVAlign="Center" WordWrap="true" />
                <Cell OrigWidth="23.2833333333333" OrigHeight="5.29166666666667" AccounttantLineVisble="true" Text="状态" FieldKind="Detail" DecimalDigits="0" X="176.609375" Y="45.3760416666667" Width="23.2833333333333" Height="5.29166666666667" TextVAlign="Center" WordWrap="true" />
              </Cells>
            </Row>
            <Row X="9.921875" Y="50.6677083333333" Width="189.970833333333" Height="5" TextVAlign="Center">
              <Cells>
                <Cell OrigWidth="30.4270833333333" OrigHeight="5" AccounttantLineVisble="true" Text="" LeftLineVisible="false" LeftLineWidth="0" RightLineVisible="false" BottomLineVisible="false" DecimalDigits="0" X="9.921875" Y="50.6677083333333" Width="30.4270833333333" Height="5" TextVAlign="Center" />
                <Cell OrigWidth="29.36875" OrigHeight="5" AccounttantLineVisble="true" Text="" LeftLineVisible="false" RightLineVisible="false" BottomLineVisible="false" DecimalDigits="0" X="40.3489583333333" Y="50.6677083333333" Width="29.36875" Height="5" TextVAlign="Center" />
                <Cell OrigWidth="28.3104166666667" OrigHeight="5" AccounttantLineVisble="true" Text="" LeftLineVisible="false" RightLineVisible="false" BottomLineVisible="false" DecimalDigits="0" X="69.7177083333333" Y="50.6677083333333" Width="28.3104166666667" Height="5" TextVAlign="Center" />
                <Cell OrigWidth="28.0458333333333" OrigHeight="5" AccounttantLineVisble="true" Text="" LeftLineVisible="false" RightLineVisible="false" RightLineWidth="0" BottomLineVisible="false" DecimalDigits="0" X="98.028125" Y="50.6677083333333" Width="28.0458333333333" Height="5" TextVAlign="Center" />
                <Cell OrigWidth="30.6916666666667" OrigHeight="5" AccounttantLineVisble="true" Text="" LeftLineVisible="false" RightLineVisible="false" BottomLineVisible="false" BottomLineWidth="0" DecimalDigits="0" X="126.073958333333" Y="50.6677083333333" Width="30.6916666666667" Height="5" TextColor="black" TextVAlign="Center" WordWrap="true" />
                <Cell OrigWidth="19.84375" OrigHeight="5" AccounttantLineVisble="true" Text="打印时间：" LeftLineVisible="false" RightLineVisible="false" BottomLineVisible="false" BottomLineWidth="0" DecimalDigits="0" X="156.765625" Y="50.6677083333333" Width="19.84375" Height="5" TextColor="black" TextVAlign="Center" WordWrap="true" />
                <Cell OrigWidth="23.2833333333333" OrigHeight="5" AccounttantLineVisble="true" Text="日期" FieldKind="System" LeftLineVisible="false" RightLineVisible="false" RightLineWidth="0" BottomLineWidth="0" DecimalDigits="0" X="176.609375" Y="50.6677083333333" Width="23.2833333333333" Height="5" TextColor="black" TextHAlign="Right" TextVAlign="Center" WordWrap="true" />
              </Cells>
            </Row>
            <Row X="9.921875" Y="55.6677083333333" Width="189.970833333333" Height="5" TextVAlign="Center">
              <Cells>
                <Cell OrigWidth="30.4270833333333" OrigHeight="5" AccounttantLineVisble="true" LeftLineWidth="0" TopLineVisible="false" TopLineWidth="0" RightLineVisible="false" BottomLineVisible="false" DecimalDigits="0" X="9.921875" Y="55.6677083333333" Width="30.4270833333333" Height="5" TextVAlign="Center" />
                <Cell OrigWidth="29.36875" OrigHeight="5" AccounttantLineVisble="true" Text="" LeftLineVisible="false" TopLineVisible="false" TopLineWidth="0" RightLineVisible="false" BottomLineVisible="false" DecimalDigits="0" X="40.3489583333333" Y="55.6677083333333" Width="29.36875" Height="5" TextVAlign="Center" />
                <Cell OrigWidth="28.3104166666667" OrigHeight="5" AccounttantLineVisble="true" LeftLineVisible="false" TopLineVisible="false" TopLineWidth="0" RightLineVisible="false" BottomLineVisible="false" DecimalDigits="0" X="69.7177083333333" Y="55.6677083333333" Width="28.3104166666667" Height="5" TextVAlign="Center" />
                <Cell OrigWidth="28.0458333333333" OrigHeight="5" AccounttantLineVisble="true" Text="" LeftLineVisible="false" TopLineVisible="false" TopLineWidth="0" RightLineVisible="false" RightLineWidth="0" BottomLineVisible="false" DecimalDigits="0" X="98.028125" Y="55.6677083333333" Width="28.0458333333333" Height="5" TextVAlign="Center" />
                <Cell OrigWidth="73.81875" OrigHeight="5" AccounttantLineVisble="true" Text="[管家婆软件]" LeftLineVisible="false" TopLineWidth="0" RightLineVisible="false" RightLineWidth="0" BottomLineVisible="false" BottomLineWidth="0" DecimalDigits="0" X="126.073958333333" Y="55.6677083333333" Width="73.81875" Height="5" TextColor="black" TextHAlign="Right" TextVAlign="Center" WordWrap="true" />
              </Cells>
            </Row>
            <Row X="9.921875" Y="60.6677083333333" Width="189.970833333333" Height="5" TextVAlign="Center">
              <Cells>
                <Cell OrigWidth="30.4270833333333" OrigHeight="5" AccounttantLineVisble="true" Text="" LeftLineVisible="false" LeftLineWidth="0" TopLineVisible="false" RightLineVisible="false" BottomLineVisible="false" BottomLineWidth="0" DecimalDigits="0" X="9.921875" Y="60.6677083333333" Width="30.4270833333333" Height="5" TextVAlign="Center" />
                <Cell OrigWidth="29.36875" OrigHeight="5" AccounttantLineVisble="true" LeftLineVisible="false" TopLineVisible="false" RightLineVisible="false" BottomLineWidth="0" DecimalDigits="0" X="40.3489583333333" Y="60.6677083333333" Width="29.36875" Height="5" TextVAlign="Center" />
                <Cell OrigWidth="28.3104166666667" OrigHeight="5" AccounttantLineVisble="true" Text="" LeftLineVisible="false" TopLineVisible="false" RightLineVisible="false" BottomLineVisible="false" BottomLineWidth="0" DecimalDigits="0" X="69.7177083333333" Y="60.6677083333333" Width="28.3104166666667" Height="5" TextVAlign="Center" />
                <Cell OrigWidth="28.0458333333333" OrigHeight="5" AccounttantLineVisble="true" LeftLineVisible="false" TopLineVisible="false" RightLineWidth="0" BottomLineWidth="0" DecimalDigits="0" X="98.028125" Y="60.6677083333333" Width="28.0458333333333" Height="5" TextVAlign="Center" />
                <Cell OrigWidth="50.5354166666667" OrigHeight="5" AccounttantLineVisble="true" Text="" LeftLineVisible="false" TopLineWidth="0" RightLineVisible="false" BottomLineVisible="false" DecimalDigits="0" X="126.073958333333" Y="60.6677083333333" Width="50.5354166666667" Height="5" TextColor="black" TextVAlign="Center" WordWrap="true" />
                <Cell OrigWidth="23.2833333333333" OrigHeight="5" AccounttantLineVisble="true" Text="" LeftLineVisible="false" TopLineVisible="false" TopLineWidth="0" RightLineVisible="false" BottomLineVisible="false" DecimalDigits="0" X="176.609375" Y="60.6677083333333" Width="23.2833333333333" Height="5" TextColor="black" TextVAlign="Center" WordWrap="true" />
              </Cells>
            </Row>
          </Rows>
        </TableElement>
        <TextElement Text="总页码" FieldKind="System" LeftLineVisible="false" TopLineVisible="false" RightLineVisible="false" BottomLineVisible="false" DecimalDigits="0" BandKind="PageHeader" X="170.816673024495" Y="14.5520833333333" Width="29.52500055631" Height="5.0000001390775" TextHAlign="Right" TextVAlign="Center" />
      </Elements>
      <Bands>
        <Band IsVisible="false" TextVAlign="Center" />
        <Band BandKind="PageHeader" Height="20" TextVAlign="Center" />
        <Band BandKind="ReportHeader" Y="19.84375" Height="19.84375" TextVAlign="Center" />
        <Band IsVisible="false" BandKind="PageBodyHeader" TextVAlign="Center" />
        <Band BandKind="PageDetail" Y="39.6875" Height="237.15625" TextVAlign="Center" />
        <Band IsVisible="false" BandKind="PageBodyFooter" TextVAlign="Center" />
        <Band IsVisible="false" BandKind="ReportFooter" TextVAlign="Center" />
        <Band BandKind="PageFooter" Y="276.754166666667" Height="20" TextVAlign="Center" />
      </Bands>
    </Page>
  </Pages>
  <PageSettings MarginLeft="10" MarginTop="20" MarginRight="10" MarginBottom="20" PageWidth="210" PageHeight="297" MaxRowCount="0" />
  <ExpressionFields />
</Report>