<Report MaxRowCount="0">
  <Pages>
    <Page Width="210" Height="297">
      <OrderFields />
      <Elements>
        <TextElement Text="表名" FieldKind="Master" LeftLineVisible="false" TopLineVisible="false" RightLineVisible="false" BottomLineVisible="false" TextHAlign="Center" BandKind="ReportHeader" X="9.32917054494222" Y="21.1395829677582" Width="191.443740844727" Height="10.000000278155" FontSize="20" BoldFont="true" />
        <TableElement X="10" Y="40" Width="189.628125" Height="236.422923660278">
          <Rows>
            <Row X="10" Y="40" Width="189.628125" Height="5">
              <Cells>
                <Cell OrigWidth="23.2052083333333" OrigHeight="5" Text="行号" WordWrap="true" X="10" Y="40" Width="23.2052083333333" Height="5" />
                <Cell OrigWidth="31.75" OrigHeight="5" Text="日期" WordWrap="true" X="33.2052083333333" Y="40" Width="31.75" Height="5" />
                <Cell OrigWidth="41.0104166666667" OrigHeight="5" Text="计算机名" WordWrap="true" X="64.9552083333333" Y="40" Width="41.0104166666667" Height="5" />
                <Cell OrigWidth="37.0416666666667" OrigHeight="5" Text="操作员" WordWrap="true" X="105.965625" Y="40" Width="37.0416666666667" Height="5" />
                <Cell OrigWidth="56.6208333333333" OrigHeight="5" Text="事件" WordWrap="true" X="143.007291666667" Y="40" Width="56.6208333333333" Height="5" />
              </Cells>
            </Row>
            <Row X="10" Y="45" Width="189.628125" Height="5">
              <Cells>
                <Cell OrigWidth="23.2052083333333" OrigHeight="5" Text="行号" FieldKind="Detail" WordWrap="true" X="10" Y="45" Width="23.2052083333333" Height="5" />
                <Cell OrigWidth="31.75" OrigHeight="5" Text="日期" FieldKind="Detail" WordWrap="true" X="33.2052083333333" Y="45" Width="31.75" Height="5" />
                <Cell OrigWidth="41.0104166666667" OrigHeight="5" Text="计算机名" FieldKind="Detail" WordWrap="true" X="64.9552083333333" Y="45" Width="41.0104166666667" Height="5" />
                <Cell OrigWidth="37.0416666666667" OrigHeight="5" Text="操作员" FieldKind="Detail" WordWrap="true" X="105.965625" Y="45" Width="37.0416666666667" Height="5" />
                <Cell OrigWidth="56.6208333333333" OrigHeight="5" Text="事件" FieldKind="Detail" WordWrap="true" X="143.007291666667" Y="45" Width="56.6208333333333" Height="5" />
              </Cells>
            </Row>
            <Row X="10" Y="50" Width="189.628125" Height="5">
              <Cells>
                <Cell OrigWidth="23.2052083333333" OrigHeight="5" Text="核算单位：" LeftLineVisible="false" RightLineVisible="false" BottomLineVisible="false" WordWrap="true" X="10" Y="50" Width="23.2052083333333" Height="5" />
                <Cell OrigWidth="31.75" OrigHeight="5" Text="" LeftLineVisible="false" RightLineVisible="false" BottomLineVisible="false" WordWrap="true" X="33.2052083333333" Y="50" Width="31.75" Height="5" />
                <Cell OrigWidth="41.0104166666667" OrigHeight="5" Text="制表人：" LeftLineVisible="false" RightLineVisible="false" BottomLineVisible="false" WordWrap="true" X="64.9552083333333" Y="50" Width="41.0104166666667" Height="5" />
                <Cell OrigWidth="37.0416666666667" OrigHeight="5" Text="打印时间：" LeftLineVisible="false" RightLineVisible="false" BottomLineVisible="false" WordWrap="true" X="105.965625" Y="50" Width="37.0416666666667" Height="5" />
                <Cell OrigWidth="56.6208333333333" OrigHeight="5" Text="日期" FieldKind="System" LeftLineVisible="false" RightLineVisible="false" BottomLineVisible="false" TextHAlign="Right" WordWrap="true" X="143.007291666667" Y="50" Width="56.6208333333333" Height="5" />
              </Cells>
            </Row>
            <Row X="10" Y="55" Width="189.628125" Height="5">
              <Cells>
                <Cell OrigWidth="23.2052083333333" OrigHeight="5" Text="" LeftLineVisible="false" TopLineVisible="false" RightLineVisible="false" BottomLineVisible="false" WordWrap="true" X="10" Y="55" Width="23.2052083333333" Height="5" TextColor="black" />
                <Cell OrigWidth="31.75" OrigHeight="5" Text="" LeftLineVisible="false" TopLineVisible="false" RightLineVisible="false" BottomLineVisible="false" WordWrap="true" X="33.2052083333333" Y="55" Width="31.75" Height="5" TextColor="black" />
                <Cell OrigWidth="41.0104166666667" OrigHeight="5" Text="" LeftLineVisible="false" TopLineVisible="false" RightLineVisible="false" BottomLineVisible="false" WordWrap="true" X="64.9552083333333" Y="55" Width="41.0104166666667" Height="5" TextColor="black" />
                <Cell OrigWidth="37.0416666666667" OrigHeight="5" Text="" LeftLineVisible="false" TopLineVisible="false" RightLineVisible="false" BottomLineVisible="false" WordWrap="true" X="105.965625" Y="55" Width="37.0416666666667" Height="5" TextColor="black" />
                <Cell OrigWidth="56.6208333333333" OrigHeight="5" Text="[管家婆软件]" LeftLineVisible="false" TopLineVisible="false" RightLineVisible="false" BottomLineVisible="false" TextHAlign="Right" WordWrap="true" X="143.007291666667" Y="55" Width="56.6208333333333" Height="5" TextColor="black" />
              </Cells>
            </Row>
            <Row X="10" Y="60" Width="1" Height="5">
              <Cells>
                <Cell OrigWidth="1" OrigHeight="5" Text=" " LeftLineVisible="false" TopLineVisible="false" RightLineVisible="false" BottomLineVisible="false" WordWrap="true" X="10" Y="60" Width="1" Height="5" />
              </Cells>
            </Row>
          </Rows>
        </TableElement>
        <TextElement Text="总页码" FieldKind="System" LeftLineVisible="false" TopLineVisible="false" RightLineVisible="false" BottomLineVisible="false" TextHAlign="Right" BandKind="PageHeader" X="179.862503306071" Y="14.4937495231628" Width="20" Height="5" />
      </Elements>
      <Bands>
        <Band IsVisible="false" />
        <Band BandKind="PageHeader" Height="20" />
        <Band BandKind="ReportHeader" Y="19.84375" Height="20" />
        <Band IsVisible="false" BandKind="PageBodyHeader" />
        <Band BandKind="PageDetail" Y="39.6875" Height="237" />
        <Band IsVisible="false" BandKind="PageBodyFooter" />
        <Band IsVisible="false" BandKind="ReportFooter" />
        <Band BandKind="PageFooter" Y="276.754166666667" Height="20" />
      </Bands>
    </Page>
  </Pages>
  <PageSettings MarginLeft="10" MarginTop="20" MarginRight="10" MarginBottom="20" PageWidth="210" PageHeight="297" />
  <ExpressionFields />
</Report>