<Report MaxRowCount="0">
  <Pages>
    <Page Width="210" Height="297">
      <OrderFields />
      <Elements>
        <TextElement Text="表名" FieldKind="Master" LeftLineVisible="false" TopLineVisible="false" RightLineVisible="false" BottomLineVisible="false" TextHAlign="Center" BandKind="ReportHeader" X="9.32917054494222" Y="21.4041663010915" Width="190.541664123535" Height="10.000000278155" FontSize="20" BoldFont="true" />
        <TableElement X="10" Y="40" Width="189.628125" Height="236.422923660278">
          <Rows>
            <Row X="10" Y="40" Width="189.628125" Height="5">
              <Cells>
                <Cell OrigWidth="26.6447916666666" OrigHeight="5" Text="日期" WordWrap="true" X="10" Y="40" Width="26.6447916666666" Height="5" />
                <Cell OrigWidth="35.1895833333333" OrigHeight="5" Text="单据编号" WordWrap="true" X="36.6447916666666" Y="40" Width="35.1895833333333" Height="5" />
                <Cell OrigWidth="41.8041666666667" OrigHeight="5" Text="单据类型" WordWrap="true" X="71.8343749999999" Y="40" Width="41.8041666666667" Height="5" />
                <Cell OrigWidth="32.2791666666667" OrigHeight="5" Text="摘要" WordWrap="true" X="113.638541666667" Y="40" Width="32.2791666666667" Height="5" />
                <Cell OrigWidth="26.4583333333333" OrigHeight="5" Text="审核级次" WordWrap="true" X="145.917708333333" Y="40" Width="26.4583333333333" Height="5" />
                <Cell OrigWidth="27.2520833333333" OrigHeight="5" Text="已通过级次" WordWrap="true" X="172.376041666667" Y="40" Width="27.2520833333333" Height="5" />
              </Cells>
            </Row>
            <Row X="10" Y="45" Width="189.628125" Height="5">
              <Cells>
                <Cell OrigWidth="26.6447916666666" OrigHeight="5" Text="日期" FieldKind="Detail" WordWrap="true" X="10" Y="45" Width="26.6447916666666" Height="5" />
                <Cell OrigWidth="35.1895833333333" OrigHeight="5" Text="单据编号" FieldKind="Detail" WordWrap="true" X="36.6447916666666" Y="45" Width="35.1895833333333" Height="5" />
                <Cell OrigWidth="41.8041666666667" OrigHeight="5" Text="单据类型" FieldKind="Detail" WordWrap="true" X="71.8343749999999" Y="45" Width="41.8041666666667" Height="5" />
                <Cell OrigWidth="32.2791666666667" OrigHeight="5" Text="摘要" FieldKind="Detail" WordWrap="true" X="113.638541666667" Y="45" Width="32.2791666666667" Height="5" />
                <Cell OrigWidth="26.4583333333333" OrigHeight="5" Text="审核级次" FieldKind="Detail" WordWrap="true" X="145.917708333333" Y="45" Width="26.4583333333333" Height="5" />
                <Cell OrigWidth="27.2520833333333" OrigHeight="5" Text="已通过级次" FieldKind="Detail" WordWrap="true" X="172.376041666667" Y="45" Width="27.2520833333333" Height="5" />
              </Cells>
            </Row>
            <Row X="10" Y="50" Width="189.628125" Height="5">
              <Cells>
                <Cell OrigWidth="26.6447916666667" OrigHeight="5" Text="核算单位：" LeftLineVisible="false" RightLineVisible="false" BottomLineVisible="false" WordWrap="true" X="10" Y="50" Width="26.6447916666667" Height="5" />
                <Cell OrigWidth="35.1895833333333" OrigHeight="5" Text="" LeftLineVisible="false" RightLineVisible="false" BottomLineVisible="false" WordWrap="true" X="36.6447916666667" Y="50" Width="35.1895833333333" Height="5" />
                <Cell OrigWidth="41.8041666666667" OrigHeight="5" Text="制表人：" LeftLineVisible="false" RightLineVisible="false" BottomLineVisible="false" WordWrap="true" X="71.834375" Y="50" Width="41.8041666666667" Height="5" />
                <Cell OrigWidth="32.2791666666667" OrigHeight="5" Text="" LeftLineVisible="false" RightLineVisible="false" BottomLineVisible="false" WordWrap="true" X="113.638541666667" Y="50" Width="32.2791666666667" Height="5" />
                <Cell OrigWidth="26.4583333333333" OrigHeight="5" Text="打印时间：" LeftLineVisible="false" RightLineVisible="false" BottomLineVisible="false" WordWrap="true" X="145.917708333333" Y="50" Width="26.4583333333333" Height="5" />
                <Cell OrigWidth="27.2520833333333" OrigHeight="5" Text="日期" FieldKind="System" LeftLineVisible="false" RightLineVisible="false" BottomLineVisible="false" TextHAlign="Right" WordWrap="true" X="172.376041666667" Y="50" Width="27.2520833333333" Height="5" />
              </Cells>
            </Row>
            <Row X="10" Y="55" Width="189.628125" Height="5">
              <Cells>
                <Cell OrigWidth="11.2989583333333" OrigHeight="5" Text="" LeftLineVisible="false" TopLineVisible="false" RightLineVisible="false" BottomLineVisible="false" WordWrap="true" X="10" Y="55" Width="11.2989583333333" Height="5" TextColor="black" />
                <Cell OrigWidth="15.3458333333333" OrigHeight="5" Text="" LeftLineVisible="false" TopLineVisible="false" RightLineVisible="false" BottomLineVisible="false" WordWrap="true" X="21.2989583333333" Y="55" Width="15.3458333333333" Height="5" TextColor="black" />
                <Cell OrigWidth="35.1895833333333" OrigHeight="5" Text="" LeftLineVisible="false" TopLineVisible="false" RightLineVisible="false" BottomLineVisible="false" WordWrap="true" X="36.6447916666666" Y="55" Width="35.1895833333333" Height="5" TextColor="black" />
                <Cell OrigWidth="41.8041666666667" OrigHeight="5" Text="" LeftLineVisible="false" TopLineVisible="false" RightLineVisible="false" BottomLineVisible="false" WordWrap="true" X="71.8343749999999" Y="55" Width="41.8041666666667" Height="5" TextColor="black" />
                <Cell OrigWidth="32.2791666666667" OrigHeight="5" Text="" LeftLineVisible="false" TopLineVisible="false" RightLineVisible="false" BottomLineVisible="false" WordWrap="true" X="113.638541666667" Y="55" Width="32.2791666666667" Height="5" TextColor="black" />
                <Cell OrigWidth="26.4583333333333" OrigHeight="5" Text="" LeftLineVisible="false" TopLineVisible="false" RightLineVisible="false" BottomLineVisible="false" WordWrap="true" X="145.917708333333" Y="55" Width="26.4583333333333" Height="5" TextColor="black" />
                <Cell OrigWidth="27.2520833333333" OrigHeight="5" Text="[管家婆软件]" LeftLineVisible="false" TopLineVisible="false" RightLineVisible="false" BottomLineVisible="false" TextHAlign="Right" WordWrap="true" X="172.376041666667" Y="55" Width="27.2520833333333" Height="5" TextColor="black" />
              </Cells>
            </Row>
          </Rows>
        </TableElement>
        <TextElement Text="开始日期" FieldKind="Master" LeftLineVisible="false" TopLineVisible="false" RightLineVisible="false" BottomLineVisible="false" BandKind="ReportHeader" X="29.314582602183" Y="33.8083328564962" Width="33.7583338896433" Height="5.0000001390775" />
        <TextElement Text="开始日期：" LeftLineVisible="false" TopLineVisible="false" RightLineVisible="false" BottomLineVisible="false" BandKind="ReportHeader" X="9.32917054494222" Y="33.8083328564962" Width="20" Height="5" />
        <TextElement Text="结束日期" FieldKind="Master" LeftLineVisible="false" TopLineVisible="false" RightLineVisible="false" BottomLineVisible="false" BandKind="ReportHeader" X="87.5229199727376" Y="33.8083328564962" Width="40.9020818710327" Height="5.0000001390775" />
        <TextElement Text="结束日期：" LeftLineVisible="false" TopLineVisible="false" RightLineVisible="false" BottomLineVisible="false" BandKind="ReportHeader" X="67.6791699727376" Y="33.8083328564962" Width="20" Height="5" />
        <TextElement Text="总页码" FieldKind="System" LeftLineVisible="false" TopLineVisible="false" RightLineVisible="false" BottomLineVisible="false" TextHAlign="Right" BandKind="PageHeader" X="179.870834112167" Y="13.9645828564962" Width="20" Height="5" />
      </Elements>
      <Bands>
        <Band IsVisible="false" />
        <Band BandKind="PageHeader" Height="20" />
        <Band BandKind="ReportHeader" Y="19.84375" Height="20" />
        <Band IsVisible="false" BandKind="PageBodyHeader" />
        <Band BandKind="PageDetail" Y="39.6875" Height="237" />
        <Band IsVisible="false" BandKind="PageBodyFooter" />
        <Band IsVisible="false" BandKind="ReportFooter" />
        <Band BandKind="PageFooter" Y="276.754166666667" Height="20" />
      </Bands>
    </Page>
    <Page Width="210" Height="297">
      <OrderFields />
      <Elements />
      <Bands>
        <Band IsVisible="false" />
        <Band BandKind="PageHeader" Height="20" />
        <Band IsVisible="false" BandKind="ReportHeader" />
        <Band IsVisible="false" BandKind="PageBodyHeader" />
        <Band BandKind="PageDetail" Y="19.84375" Height="257" />
        <Band IsVisible="false" BandKind="PageBodyFooter" />
        <Band IsVisible="false" BandKind="ReportFooter" />
        <Band BandKind="PageFooter" Y="276.754166666667" Height="20" />
      </Bands>
    </Page>
  </Pages>
  <PageSettings MarginLeft="10" MarginTop="20" MarginBottom="20" PageWidth="210" PageHeight="297" ContinuousPrintPages="true" />
  <ExpressionFields />
</Report>