<Report IsRemoveEmptyRows="true">
  <Pages>
    <Page Width="210" Height="297">
      <OrderFields />
      <Elements>
        <TextElement Text="表名" FieldKind="Master" LeftLineVisible="false" TopLineVisible="false" RightLineVisible="false" BottomLineVisible="false" TextHAlign="Center" BandKind="ReportHeader" X="46.6354205449422" Y="25.633335240682" Width="100" Height="10" FontSize="20" BoldFont="true" />
        <TableElement X="9.921875" Y="40" Width="189.970833333333" Height="236.422923660278">
          <Rows>
            <Row X="9.921875" Y="40" Width="189.970833333333" Height="5">
              <Cells>
                <Cell OrigWidth="47.8895833333333" OrigHeight="5" Text="部门编号" TextHAlign="Center" WordWrap="true" X="9.921875" Y="40" Width="47.8895833333333" Height="5" />
                <Cell OrigWidth="51.3291666666667" OrigHeight="5" Text="部门全名" TextHAlign="Center" WordWrap="true" X="57.8114583333333" Y="40" Width="51.3291666666667" Height="5" />
                <Cell OrigWidth="90.7520833333333" OrigHeight="5" Text="年度合计" TextHAlign="Center" WordWrap="true" X="109.140625" Y="40" Width="90.7520833333333" Height="5" />
              </Cells>
            </Row>
            <Row X="9.921875" Y="45" Width="189.970833333333" Height="5">
              <Cells>
                <Cell OrigWidth="47.8895833333333" OrigHeight="5" Text="部门编号" FieldKind="Detail" TextHAlign="Center" WordWrap="true" X="9.921875" Y="45" Width="47.8895833333333" Height="5" />
                <Cell OrigWidth="51.3291666666667" OrigHeight="5" Text="部门全名" FieldKind="Detail" TextHAlign="Center" WordWrap="true" X="57.8114583333333" Y="45" Width="51.3291666666667" Height="5" />
                <Cell OrigWidth="90.7520833333333" OrigHeight="5" Text="年度合计" FieldKind="Detail" TextHAlign="Center" WordWrap="true" X="109.140625" Y="45" Width="90.7520833333333" Height="5" />
              </Cells>
            </Row>
            <Row X="9.921875" Y="50" Width="189.970833333333" Height="5">
              <Cells>
                <Cell OrigWidth="99.21875" OrigHeight="5" Text="合计" TextHAlign="Center" WordWrap="true" X="9.921875" Y="50" Width="99.21875" Height="5" TextColor="black" />
                <Cell OrigWidth="90.7520833333333" OrigHeight="5" Text="年度合计" FieldKind="ToCurPageSum" TextHAlign="Center" WordWrap="true" X="109.140625" Y="50" Width="90.7520833333333" Height="5" TextColor="black" />
              </Cells>
            </Row>
            <Row X="9.921875" Y="55" Width="189.970833333333" Height="5">
              <Cells>
                <Cell OrigWidth="29.1041666666667" OrigHeight="5" Text="" LeftLineVisible="false" RightLineVisible="false" BottomLineVisible="false" WordWrap="true" X="9.921875" Y="55" Width="29.1041666666667" Height="5" />
                <Cell OrigWidth="70.1145833333333" OrigHeight="5" Text="" LeftLineVisible="false" RightLineVisible="false" BottomLineVisible="false" WordWrap="true" X="39.0260416666667" Y="55" Width="70.1145833333333" Height="5" />
                <Cell OrigWidth="47.6250000000001" OrigHeight="5" Text="打印时间：" LeftLineVisible="false" RightLineVisible="false" BottomLineVisible="false" TextHAlign="Right" WordWrap="true" X="109.140625" Y="55" Width="47.6250000000001" Height="5" />
                <Cell OrigWidth="43.1270833333332" OrigHeight="5" Text="日期" FieldKind="System" LeftLineVisible="false" RightLineVisible="false" BottomLineVisible="false" TextHAlign="Center" WordWrap="true" X="156.765625" Y="55" Width="43.1270833333332" Height="5" />
              </Cells>
            </Row>
            <Row X="9.921875" Y="60" Width="189.970833333333" Height="5">
              <Cells>
                <Cell OrigWidth="29.1041666666667" OrigHeight="5" Text="" LeftLineVisible="false" TopLineVisible="false" RightLineVisible="false" BottomLineVisible="false" WordWrap="true" X="9.921875" Y="60" Width="29.1041666666667" Height="5" TextColor="black" />
                <Cell OrigWidth="70.1145833333333" OrigHeight="5" Text="" LeftLineVisible="false" TopLineVisible="false" RightLineVisible="false" BottomLineVisible="false" WordWrap="true" X="39.0260416666667" Y="60" Width="70.1145833333333" Height="5" TextColor="black" />
                <Cell OrigWidth="90.7520833333333" OrigHeight="5" Text="[管家婆软件]" LeftLineVisible="false" TopLineVisible="false" RightLineVisible="false" BottomLineVisible="false" TextHAlign="Right" WordWrap="true" X="109.140625" Y="60" Width="90.7520833333333" Height="5" TextColor="black" />
              </Cells>
            </Row>
            <Row X="9.921875" Y="65" Width="1.078125" Height="5">
              <Cells>
                <Cell OrigWidth="1.078125" OrigHeight="5" Text=" " LeftLineVisible="false" TopLineVisible="false" RightLineVisible="false" BottomLineVisible="false" WordWrap="true" X="9.921875" Y="65" Width="1.078125" Height="5" />
              </Cells>
            </Row>
          </Rows>
        </TableElement>
        <TextElement Text="总页码" FieldKind="System" LeftLineVisible="false" TopLineVisible="false" RightLineVisible="false" BottomLineVisible="false" TextHAlign="Right" BandKind="PageHeader" X="175.629169972738" Y="11.5833328564962" Width="20" Height="5" />
      </Elements>
      <Bands>
        <Band IsVisible="false" />
        <Band BandKind="PageHeader" Height="20" />
        <Band BandKind="ReportHeader" Y="19.84375" Height="20" />
        <Band IsVisible="false" BandKind="PageBodyHeader" />
        <Band BandKind="PageDetail" Y="39.9520833333333" Height="237" />
        <Band IsVisible="false" BandKind="PageBodyFooter" />
        <Band IsVisible="false" BandKind="ReportFooter" />
        <Band BandKind="PageFooter" Y="276.754166666667" Height="20" />
      </Bands>
    </Page>
  </Pages>
  <PageSettings MarginLeft="10" MarginTop="20" MarginRight="10" MarginBottom="20" PageWidth="210" PageHeight="297" />
  <ExpressionFields />
</Report>