<Report MaxRowCount="0">
  <Pages>
    <Page Width="210" Height="297" TextVAlign="Center">
      <OrderFields />
      <Elements>
        <TableElement X="10" Y="42.5346292813619" Width="190" Height="243.934900538127" TextVAlign="Center">
          <Rows>
            <Row X="10" Y="42.5346292813619" Width="190" Height="5" TextVAlign="Center">
              <Cells>
                <Cell CellWidth="3.4" OrigWidth="7.60361691645198" OrigHeight="5" Text="行号" DecimalDigits="0" X="10" Y="42.5346292813619" Width="7.60361691645198" Height="5" TextVAlign="Center" />
                <Cell CellWidth="3.4" OrigWidth="19.5878710316478" OrigHeight="5" Text="客户编号" DecimalDigits="0" X="17.603616916452" Y="42.5346292813619" Width="19.5878710316478" Height="5" TextVAlign="Center" />
                <Cell CellWidth="3.4" OrigWidth="21.3500103229797" OrigHeight="5" Text="客户全名" DecimalDigits="0" X="37.1914879480998" Y="42.5346292813619" Width="21.3500103229797" Height="5" TextVAlign="Center" />
                <Cell CellWidth="3.4" OrigWidth="17.9776054528829" OrigHeight="5" Text="销售数量" DecimalDigits="0" X="58.5414982710795" Y="42.5346292813619" Width="17.9776054528829" Height="5" TextVAlign="Center" />
                <Cell CellWidth="3.4" OrigWidth="19.8110046475499" OrigHeight="5" Text="销售金额" DecimalDigits="0" X="76.5191037239624" Y="42.5346292813619" Width="19.8110046475499" Height="5" TextVAlign="Center" />
                <Cell CellWidth="3.4" OrigWidth="28.3981387140379" OrigHeight="5" Text="价税合计" DecimalDigits="0" X="96.3301083715123" Y="42.5346292813619" Width="28.3981387140379" Height="5" TextVAlign="Center" />
                <Cell CellWidth="3.4" OrigWidth="22.1032921671527" OrigHeight="5" Text="赠品数量" DecimalDigits="0" X="124.72824708555" Y="42.5346292813619" Width="22.1032921671527" Height="5" TextVAlign="Center" />
                <Cell CellWidth="3.4" OrigWidth="53.168460747297" OrigHeight="5" Text="赠品零售额" DecimalDigits="0" X="146.831539252703" Y="42.5346292813619" Width="53.168460747297" Height="5" TextVAlign="Center" />
              </Cells>
            </Row>
            <Row X="10" Y="47.5346292813619" Width="190" Height="5" TextVAlign="Center">
              <Cells>
                <Cell CellWidth="3.4" OrigWidth="7.60361691645198" OrigHeight="5" Text="行号" FieldKind="Detail" DecimalDigits="0" X="10" Y="47.5346292813619" Width="7.60361691645198" Height="5" TextVAlign="Center" />
                <Cell CellWidth="3.4" OrigWidth="19.5878710316478" OrigHeight="5" Text="客户编号" FieldKind="Detail" DecimalDigits="0" X="17.603616916452" Y="47.5346292813619" Width="19.5878710316478" Height="5" TextVAlign="Center" />
                <Cell CellWidth="3.4" OrigWidth="21.3500103229797" OrigHeight="5" Text="客户全名" FieldKind="Detail" DecimalDigits="0" X="37.1914879480998" Y="47.5346292813619" Width="21.3500103229797" Height="5" TextVAlign="Center" />
                <Cell CellWidth="3.4" OrigWidth="17.9776054528829" OrigHeight="5" Text="销售数量" FieldKind="Detail" DecimalDigits="0" X="58.5414982710795" Y="47.5346292813619" Width="17.9776054528829" Height="5" TextVAlign="Center" />
                <Cell CellWidth="3.4" OrigWidth="19.8110046475499" OrigHeight="5" Text="折后金额" FieldKind="Detail" DecimalDigits="0" X="76.5191037239624" Y="47.5346292813619" Width="19.8110046475499" Height="5" TextVAlign="Center" />
                <Cell CellWidth="3.4" OrigWidth="28.3981387140379" OrigHeight="5" Text="价税合计" FieldKind="Detail" DecimalDigits="0" X="96.3301083715123" Y="47.5346292813619" Width="28.3981387140379" Height="5" TextVAlign="Center" />
                <Cell CellWidth="3.4" OrigWidth="22.1032921671527" OrigHeight="5" Text="赠品数量" FieldKind="Detail" DecimalDigits="0" X="124.72824708555" Y="47.5346292813619" Width="22.1032921671527" Height="5" TextVAlign="Center" />
                <Cell CellWidth="3.4" OrigWidth="53.168460747297" OrigHeight="5" Text="赠品零售额" FieldKind="Detail" DecimalDigits="0" X="146.831539252703" Y="47.5346292813619" Width="53.168460747297" Height="5" TextVAlign="Center" />
              </Cells>
            </Row>
            <Row X="10" Y="52.5346292813619" Width="190" Height="5.26458415985107" TextVAlign="Center">
              <Cells>
                <Cell CellWidth="3.4" OrigWidth="7.60361691645198" OrigHeight="5.26458415985107" Text="合计" DecimalDigits="0" X="10" Y="52.5346292813619" Width="7.60361691645198" Height="5.26458415985107" TextVAlign="Center" />
                <Cell CellWidth="3.4" OrigWidth="19.5878710316478" OrigHeight="5.26458415985107" DecimalDigits="0" X="17.603616916452" Y="52.5346292813619" Width="19.5878710316478" Height="5.26458415985107" TextVAlign="Center" />
                <Cell CellWidth="3.4" OrigWidth="21.3500103229797" OrigHeight="5.26458415985107" DecimalDigits="0" X="37.1914879480998" Y="52.5346292813619" Width="21.3500103229797" Height="5.26458415985107" TextVAlign="Center" />
                <Cell CellWidth="3.4" OrigWidth="17.9776054528829" OrigHeight="5.26458415985107" Text="销售数量" FieldKind="ToCurPageSum" DecimalDigits="0" X="58.5414982710795" Y="52.5346292813619" Width="17.9776054528829" Height="5.26458415985107" TextVAlign="Center" />
                <Cell CellWidth="3.4" OrigWidth="19.8110046475499" OrigHeight="5" Text="折后金额" FieldKind="ToCurPageSum" DecimalDigits="0" X="76.5191037239624" Y="52.5346292813619" Width="19.8110046475499" Height="5.26458415985107" TextVAlign="Center" />
                <Cell CellWidth="3.4" OrigWidth="28.3981387140379" OrigHeight="5.26458415985107" Text="价税合计" FieldKind="ToCurPageSum" DecimalDigits="0" X="96.3301083715123" Y="52.5346292813619" Width="28.3981387140379" Height="5.26458415985107" TextVAlign="Center" />
                <Cell CellWidth="3.4" OrigWidth="22.1032921671527" OrigHeight="5.26458415985107" Text="赠品数量" FieldKind="ToCurPageSum" DecimalDigits="0" X="124.72824708555" Y="52.5346292813619" Width="22.1032921671527" Height="5.26458415985107" TextVAlign="Center" />
                <Cell CellWidth="3.4" OrigWidth="53.168460747297" OrigHeight="5.26458415985107" Text="赠品零售额" FieldKind="ToCurPageSum" DecimalDigits="0" X="146.831539252703" Y="52.5346292813619" Width="53.168460747297" Height="5.26458415985107" TextVAlign="Center" />
              </Cells>
            </Row>
            <Row X="10" Y="57.799213441213" Width="190" Height="5" TextVAlign="Center">
              <Cells>
                <Cell CellWidth="3.4" OrigWidth="7.60361691645198" OrigHeight="5" Text="" LeftLineVisible="false" RightLineVisible="false" BottomLineVisible="false" DecimalDigits="0" X="10" Y="57.799213441213" Width="7.60361691645198" Height="5" TextColor="black" TextVAlign="Center" />
                <Cell CellWidth="3.4" OrigWidth="19.5878710316478" OrigHeight="5" Text="" LeftLineVisible="false" RightLineVisible="false" BottomLineVisible="false" DecimalDigits="0" X="17.603616916452" Y="57.799213441213" Width="19.5878710316478" Height="5" TextColor="black" TextVAlign="Center" />
                <Cell CellWidth="3.4" OrigWidth="21.3500103229797" OrigHeight="5" Text="" LeftLineVisible="false" RightLineVisible="false" BottomLineVisible="false" DecimalDigits="0" X="37.1914879480998" Y="57.799213441213" Width="21.3500103229797" Height="5" TextColor="black" TextVAlign="Center" />
                <Cell CellWidth="3.4" OrigWidth="17.9776054528829" OrigHeight="5" Text="" LeftLineVisible="false" RightLineVisible="false" BottomLineVisible="false" DecimalDigits="0" X="58.5414982710795" Y="57.799213441213" Width="17.9776054528829" Height="5" TextColor="black" TextVAlign="Center" />
                <Cell CellWidth="3.4" OrigWidth="19.8110046475499" OrigHeight="5" LeftLineVisible="false" RightLineVisible="false" BottomLineVisible="false" DecimalDigits="0" X="76.5191037239624" Y="57.799213441213" Width="19.8110046475499" Height="5" TextVAlign="Center" />
                <Cell CellWidth="3.4" OrigWidth="28.3981387140379" OrigHeight="5" Text="" LeftLineVisible="false" RightLineVisible="false" BottomLineVisible="false" DecimalDigits="0" X="96.3301083715123" Y="57.799213441213" Width="28.3981387140379" Height="5" TextColor="black" TextVAlign="Center" />
                <Cell CellWidth="3.4" OrigWidth="22.1032921671527" OrigHeight="5" Text="打印时间：" LeftLineVisible="false" RightLineVisible="false" BottomLineVisible="false" DecimalDigits="0" X="124.72824708555" Y="57.799213441213" Width="22.1032921671527" Height="5" TextColor="black" TextVAlign="Center" />
                <Cell CellWidth="3.4" OrigWidth="53.168460747297" OrigHeight="5" Text="日期" FieldKind="System" LeftLineVisible="false" RightLineVisible="false" BottomLineVisible="false" DecimalDigits="0" X="146.831539252703" Y="57.799213441213" Width="53.168460747297" Height="5" TextColor="black" TextVAlign="Center" />
              </Cells>
            </Row>
            <Row X="10" Y="62.799213441213" Width="190" Height="5" TextVAlign="Center">
              <Cells>
                <Cell CellWidth="3.4" OrigWidth="7.60361691645198" OrigHeight="5" Text="" LeftLineVisible="false" TopLineVisible="false" RightLineVisible="false" BottomLineVisible="false" DecimalDigits="0" X="10" Y="62.799213441213" Width="7.60361691645198" Height="5" TextColor="black" TextVAlign="Center" />
                <Cell CellWidth="3.4" OrigWidth="19.5878710316478" OrigHeight="5" Text="" LeftLineVisible="false" TopLineVisible="false" RightLineVisible="false" BottomLineVisible="false" DecimalDigits="0" X="17.603616916452" Y="62.799213441213" Width="19.5878710316478" Height="5" TextColor="black" TextVAlign="Center" />
                <Cell CellWidth="3.4" OrigWidth="21.3500103229797" OrigHeight="5" Text="" LeftLineVisible="false" TopLineVisible="false" RightLineVisible="false" BottomLineVisible="false" DecimalDigits="0" X="37.1914879480998" Y="62.799213441213" Width="21.3500103229797" Height="5" TextColor="black" TextVAlign="Center" />
                <Cell CellWidth="3.4" OrigWidth="17.9776054528829" OrigHeight="5" Text="" LeftLineVisible="false" TopLineVisible="false" RightLineVisible="false" BottomLineVisible="false" DecimalDigits="0" X="58.5414982710795" Y="62.799213441213" Width="17.9776054528829" Height="5" TextColor="black" TextVAlign="Center" />
                <Cell CellWidth="3.4" OrigWidth="19.8110046475499" OrigHeight="5" LeftLineVisible="false" TopLineVisible="false" RightLineVisible="false" BottomLineVisible="false" DecimalDigits="0" X="76.5191037239624" Y="62.799213441213" Width="19.8110046475499" Height="5" TextVAlign="Center" />
                <Cell CellWidth="3.4" OrigWidth="28.3981387140379" OrigHeight="5" Text="" LeftLineVisible="false" TopLineVisible="false" RightLineVisible="false" BottomLineVisible="false" DecimalDigits="0" X="96.3301083715123" Y="62.799213441213" Width="28.3981387140379" Height="5" TextColor="black" TextVAlign="Center" />
                <Cell CellWidth="3.4" OrigWidth="22.1032921671527" OrigHeight="5" Text="" LeftLineVisible="false" TopLineVisible="false" RightLineVisible="false" BottomLineVisible="false" DecimalDigits="0" X="124.72824708555" Y="62.799213441213" Width="22.1032921671527" Height="5" TextColor="black" TextVAlign="Center" />
                <Cell CellWidth="3.4" OrigWidth="53.168460747297" OrigHeight="5" Text="[管家婆软件]" LeftLineVisible="false" TopLineVisible="false" RightLineVisible="false" BottomLineVisible="false" DecimalDigits="0" X="146.831539252703" Y="62.799213441213" Width="53.168460747297" Height="5" TextColor="black" TextVAlign="Center" />
              </Cells>
            </Row>
          </Rows>
        </TableElement>
        <TextElement Text="表名" FieldKind="Master" LeftLineVisible="false" TopLineVisible="false" RightLineVisible="false" BottomLineVisible="false" DecimalDigits="0" BandKind="ReportHeader" X="58.4729166666667" Y="20.1083333333333" Width="92.4958318710327" Height="12.6729163010915" FontSize="20" BoldFont="true" TextHAlign="Center" TextVAlign="Center" />
        <TextElement Text="开始日期" FieldKind="Master" LeftLineVisible="false" TopLineVisible="false" RightLineVisible="false" BottomLineVisible="false" DecimalDigits="0" BandKind="ReportHeader" X="151.870833333333" Y="34.6604166666667" Width="20" Height="5" TextVAlign="Center" />
        <TextElement Text="结束日期" FieldKind="Master" LeftLineVisible="false" TopLineVisible="false" RightLineVisible="false" BottomLineVisible="false" DecimalDigits="0" BandKind="ReportHeader" X="179.916666666667" Y="34.6604166666667" Width="20" Height="5" TextVAlign="Center" />
        <TextElement Text="至" LeftLineVisible="false" TopLineVisible="false" RightLineVisible="false" BottomLineVisible="false" DecimalDigits="0" BandKind="ReportHeader" X="173.302083333333" Y="34.6604166666667" Width="5.44791722297668" Height="5.0000001390775" TextVAlign="Center" />
      </Elements>
      <Bands>
        <Band IsVisible="false" TextVAlign="Center" />
        <Band BandKind="PageHeader" Height="10" TextVAlign="Center" />
        <Band BandKind="ReportHeader" Y="9.78958333333333" Height="32.3346303501946" TextVAlign="Center" />
        <Band IsVisible="false" BandKind="PageBodyHeader" TextVAlign="Center" />
        <Band BandKind="PageDetail" Y="42.3333333333333" Height="244.665369649805" TextVAlign="Center" />
        <Band IsVisible="false" BandKind="PageBodyFooter" TextVAlign="Center" />
        <Band IsVisible="false" BandKind="ReportFooter" TextVAlign="Center" />
        <Band BandKind="PageFooter" Y="286.808333333333" Height="10" TextVAlign="Center" />
      </Bands>
    </Page>
  </Pages>
  <PageSettings MarginLeft="10" MarginTop="10" MarginRight="10" MarginBottom="10" PageWidth="210" PageHeight="297" MaxRowCount="0" />
  <ExpressionFields />
</Report>