<Report MaxRowCount="0">
  <Pages>
    <Page Width="210" Height="297" TextVAlign="Center">
      <OrderFields />
      <Elements>
        <TextElement Text="表名" FieldKind="Master" LeftLineWidth="3" LeftLineColor="#FFFFFF" TopLineVisible="false" TopLineWidth="0" TopLineColor="#FFFFFF" RightLineVisible="false" RightLineWidth="0" RightLineColor="#FFFFFF" BottomLineVisible="false" BottomLineWidth="0" BottomLineColor="#FFFFFF" DecimalDigits="0" BandKind="ReportHeader" X="9.85833721160889" Y="23.7854163010915" Width="190.679155731201" Height="10.000000278155" FontSize="20" BoldFont="true" TextHAlign="Center" TextVAlign="Top" />
        <TableElement X="10" Y="40" Width="184.350798543294" Height="236.422923660278" TextVAlign="Center">
          <Rows>
            <Row X="10" Y="40" Width="184.350798543294" Height="5" TextVAlign="Center">
              <Cells>
                <Cell CellWidth="3.4" OrigWidth="7.97628283500671" OrigHeight="5" Text="行号" DecimalDigits="0" X="10" Y="40" Width="7.97628283500671" Height="5" TextVAlign="Center" WordWrap="true" />
                <Cell CellWidth="3.4" OrigWidth="13.5325295289358" OrigHeight="5" Text="存货编号" DecimalDigits="0" X="17.9762828350067" Y="40" Width="13.5325295289358" Height="5" TextVAlign="Center" WordWrap="true" />
                <Cell CellWidth="3.4" OrigWidth="14.0617022514343" OrigHeight="5" Text="存货全名" DecimalDigits="0" X="31.5088123639425" Y="40" Width="14.0617022514343" Height="5" TextVAlign="Center" WordWrap="true" />
                <Cell CellWidth="3.4" OrigWidth="20.4116982142131" OrigHeight="5" Text="加工单位编号" DecimalDigits="0" X="45.5705146153768" Y="40" Width="20.4116982142131" Height="5" TextVAlign="Center" WordWrap="true" />
                <Cell CellWidth="3.4" OrigWidth="16.1783648808796" OrigHeight="5" Text="加工单位全名" DecimalDigits="0" X="65.9822128295899" Y="40" Width="16.1783648808796" Height="5" TextVAlign="Center" WordWrap="true" />
                <Cell CellWidth="3.4" OrigWidth="18.0304482142131" OrigHeight="5" Text="计划开工时间" DecimalDigits="0" X="82.1605777104695" Y="40" Width="18.0304482142131" Height="5" TextVAlign="Center" WordWrap="true" />
                <Cell CellWidth="3.4" OrigWidth="16.1783648808797" OrigHeight="5" Text="计划完工时间" DecimalDigits="0" X="100.191025924683" Y="40" Width="16.1783648808797" Height="5" TextVAlign="Center" WordWrap="true" />
                <Cell CellWidth="3.4" OrigWidth="13.2679482142131" OrigHeight="5" Text="销售订单号" DecimalDigits="0" X="116.369390805562" Y="40" Width="13.2679482142131" Height="5" TextVAlign="Center" WordWrap="true" />
                <Cell CellWidth="3.4" OrigWidth="13.5325396219889" OrigHeight="5" Text="委外生产计划单号" DecimalDigits="0" X="129.637339019775" Y="40" Width="13.5325396219889" Height="5" TextVAlign="Center" WordWrap="true" />
                <Cell CellWidth="3.4" OrigWidth="8.50544013977051" OrigHeight="5" Text="数量" DecimalDigits="0" X="143.169878641764" Y="40" Width="8.50544013977051" Height="5" TextVAlign="Center" WordWrap="true" />
                <Cell CellWidth="3.4" OrigWidth="16.4429562886556" OrigHeight="5" Text="已下达数量" DecimalDigits="0" X="151.675318781535" Y="40" Width="16.4429562886556" Height="5" TextVAlign="Center" WordWrap="true" />
                <Cell CellWidth="3.4" OrigWidth="13.2679401397705" OrigHeight="5" Text="加工单号" DecimalDigits="0" X="168.11827507019" Y="40" Width="13.2679401397705" Height="5" TextVAlign="Center" WordWrap="true" />
                <Cell CellWidth="3.4" OrigWidth="12.9645833333333" OrigHeight="5" Text="原单数量" DecimalDigits="0" X="181.386215209961" Y="40" Width="12.9645833333333" Height="5" TextVAlign="Center" WordWrap="true" />
              </Cells>
            </Row>
            <Row X="10" Y="45" Width="184.350798543294" Height="5" TextVAlign="Center">
              <Cells>
                <Cell CellWidth="3.4" OrigWidth="7.97628283500671" OrigHeight="5" Text="行号" FieldKind="Detail" DecimalDigits="0" X="10" Y="45" Width="7.97628283500671" Height="5" TextVAlign="Center" WordWrap="true" />
                <Cell CellWidth="3.4" OrigWidth="13.5325295289358" OrigHeight="5" Text="存货编号" FieldKind="Detail" DecimalDigits="0" X="17.9762828350067" Y="45" Width="13.5325295289358" Height="5" TextVAlign="Center" WordWrap="true" />
                <Cell CellWidth="3.4" OrigWidth="14.0617022514343" OrigHeight="5" Text="存货全名" FieldKind="Detail" DecimalDigits="0" X="31.5088123639425" Y="45" Width="14.0617022514343" Height="5" TextVAlign="Center" WordWrap="true" />
                <Cell CellWidth="3.4" OrigWidth="20.4116982142131" OrigHeight="5" Text="加工单位编号" FieldKind="Detail" DecimalDigits="0" X="45.5705146153768" Y="45" Width="20.4116982142131" Height="5" TextVAlign="Center" WordWrap="true" />
                <Cell CellWidth="3.4" OrigWidth="16.1783648808796" OrigHeight="5" Text="加工单位全名" FieldKind="Detail" DecimalDigits="0" X="65.9822128295899" Y="45" Width="16.1783648808796" Height="5" TextVAlign="Center" WordWrap="true" />
                <Cell CellWidth="3.4" OrigWidth="18.0304482142131" OrigHeight="5" Text="计划开工时间" FieldKind="Detail" DecimalDigits="0" X="82.1605777104695" Y="45" Width="18.0304482142131" Height="5" TextVAlign="Center" WordWrap="true" />
                <Cell CellWidth="3.4" OrigWidth="16.1783648808797" OrigHeight="5" Text="计划完工时间" FieldKind="Detail" DecimalDigits="0" X="100.191025924683" Y="45" Width="16.1783648808797" Height="5" TextVAlign="Center" WordWrap="true" />
                <Cell CellWidth="3.4" OrigWidth="13.2679482142131" OrigHeight="5" Text="销售订单号" FieldKind="Detail" DecimalDigits="0" X="116.369390805562" Y="45" Width="13.2679482142131" Height="5" TextVAlign="Center" WordWrap="true" />
                <Cell CellWidth="3.4" OrigWidth="13.5325396219889" OrigHeight="5" Text="委外生产计划单号" FieldKind="Detail" DecimalDigits="0" X="129.637339019775" Y="45" Width="13.5325396219889" Height="5" TextVAlign="Center" WordWrap="true" />
                <Cell CellWidth="3.4" OrigWidth="8.50544013977051" OrigHeight="5" Text="数量" FieldKind="Detail" DecimalDigits="0" X="143.169878641764" Y="45" Width="8.50544013977051" Height="5" TextVAlign="Center" WordWrap="true" />
                <Cell CellWidth="3.4" OrigWidth="16.4429562886556" OrigHeight="5" Text="已下达数量" FieldKind="Detail" DecimalDigits="0" X="151.675318781535" Y="45" Width="16.4429562886556" Height="5" TextVAlign="Center" WordWrap="true" />
                <Cell CellWidth="3.4" OrigWidth="13.2679401397705" OrigHeight="5" Text="加工单号" FieldKind="Detail" DecimalDigits="0" X="168.11827507019" Y="45" Width="13.2679401397705" Height="5" TextVAlign="Center" WordWrap="true" />
                <Cell CellWidth="3.4" OrigWidth="12.9645833333333" OrigHeight="5" Text="原单数量" FieldKind="Detail" DecimalDigits="0" X="181.386215209961" Y="45" Width="12.9645833333333" Height="5" TextVAlign="Center" WordWrap="true" />
              </Cells>
            </Row>
          </Rows>
        </TableElement>
        <TextElement Text="总页码" FieldKind="System" LeftLineVisible="false" TopLineVisible="false" RightLineVisible="false" BottomLineVisible="false" DecimalDigits="0" BandKind="PageHeader" X="180.5374923865" Y="14.2875" Width="20" Height="5" TextVAlign="Center" />
      </Elements>
      <Bands>
        <Band IsVisible="false" TextVAlign="Center" />
        <Band BandKind="PageHeader" Height="20" TextVAlign="Center" />
        <Band BandKind="ReportHeader" Y="19.84375" Height="20" TextVAlign="Center" />
        <Band IsVisible="false" BandKind="PageBodyHeader" TextVAlign="Center" />
        <Band BandKind="PageDetail" Y="39.6875" Height="237" TextVAlign="Center" />
        <Band IsVisible="false" BandKind="PageBodyFooter" TextVAlign="Center" />
        <Band IsVisible="false" BandKind="ReportFooter" TextVAlign="Center" />
        <Band BandKind="PageFooter" Y="276.754166666667" Height="20" TextVAlign="Center" />
      </Bands>
    </Page>
  </Pages>
  <PageSettings MarginLeft="10" MarginTop="20" MarginBottom="20" PageWidth="210" PageHeight="297" MaxRowCount="0" />
  <ExpressionFields />
</Report>