<Report MaxRowCount="0">
  <Pages>
    <Page Width="210" Height="297" TextVAlign="Center">
      <OrderFields />
      <Elements>
        <TextElement Text="表名" FieldKind="Master" LeftLineVisible="false" TopLineVisible="false" RightLineVisible="false" BottomLineVisible="false" BandKind="ReportHeader" X="9.32917054494222" Y="24.7354168574015" Width="190.758333714803" Height="10.000000278155" FontSize="25" BoldFont="true" TextHAlign="Center" TextVAlign="Center" />
        <TableElement X="9.921875" Y="40" Width="189.970833333333" Height="236.579164123535" TextVAlign="Center">
          <Rows>
            <Row X="9.921875" Y="40" Width="189.970833333333" Height="5.90520833333333" TextVAlign="Center">
              <Cells>
                <Cell OrigWidth="26.7229166666667" OrigHeight="5.90520833333333" AccounttantLineVisble="true" Text="开始日期" FieldKind="Master" LeftLineVisible="false" TopLineVisible="false" RightLineVisible="false" BottomLineVisible="false" X="9.921875" Y="40" Width="26.7229166666667" Height="5.90520833333333" TextColor="black" TextHAlign="Center" TextVAlign="Center" WordWrap="true" />
                <Cell OrigWidth="7.14375" OrigHeight="5.90520833333333" AccounttantLineVisble="true" Text="至" LeftLineVisible="false" TopLineVisible="false" RightLineVisible="false" BottomLineVisible="false" X="36.6447916666667" Y="40" Width="7.14375" Height="5.90520833333333" TextColor="black" TextVAlign="Center" WordWrap="true" />
                <Cell OrigWidth="30.1625" OrigHeight="5.90520833333333" AccounttantLineVisble="true" Text="结束日期" FieldKind="Master" LeftLineVisible="false" TopLineVisible="false" RightLineVisible="false" BottomLineVisible="false" X="43.7885416666667" Y="40" Width="30.1625" Height="5.90520833333333" TextColor="black" TextVAlign="Center" WordWrap="true" />
                <Cell OrigWidth="19.5791666666666" OrigHeight="5.90520833333333" AccounttantLineVisble="true" Text="结算单位：" LeftLineVisible="false" TopLineVisible="false" RightLineVisible="false" BottomLineVisible="false" X="73.9510416666667" Y="40" Width="19.5791666666666" Height="5.90520833333333" TextColor="black" TextHAlign="Center" TextVAlign="Center" WordWrap="true" />
                <Cell OrigWidth="44.7145833333333" OrigHeight="5.90520833333333" AccounttantLineVisble="true" Text="结算单位" FieldKind="Master" LeftLineVisible="false" TopLineVisible="false" RightLineVisible="false" BottomLineVisible="false" X="93.5302083333333" Y="40" Width="44.7145833333333" Height="5.90520833333333" TextColor="black" TextVAlign="Center" WordWrap="true" />
                <Cell OrigWidth="20.9020833333333" OrigHeight="5.90520833333333" AccounttantLineVisble="true" Text="" LeftLineVisible="false" TopLineVisible="false" RightLineVisible="false" X="138.244791666667" Y="40" Width="20.9020833333333" Height="5.90520833333333" TextColor="black" TextHAlign="Center" TextVAlign="Center" WordWrap="true" />
                <Cell OrigWidth="40.745833333333" OrigHeight="5.90520833333333" AccounttantLineVisble="true" Text="" LeftLineVisible="false" TopLineVisible="false" RightLineVisible="false" BottomLineVisible="false" X="159.146875" Y="40" Width="40.745833333333" Height="5.90520833333333" TextColor="black" TextHAlign="Center" TextVAlign="Center" WordWrap="true" />
              </Cells>
            </Row>
            <Row X="9.921875" Y="45.9052083333333" Width="189.970833333333" Height="5" TextVAlign="Center">
              <Cells>
                <Cell OrigWidth="19.3145833333333" OrigHeight="5" AccounttantLineVisble="true" Text="单据类型" X="9.921875" Y="45.9052083333333" Width="19.3145833333333" Height="5" TextColor="black" TextHAlign="Center" TextVAlign="Center" WordWrap="true" />
                <Cell OrigWidth="17.4625" OrigHeight="5" AccounttantLineVisble="true" Text="单据日期" X="29.2364583333333" Y="45.9052083333333" Width="17.4625" Height="5" TextColor="black" TextHAlign="Center" TextVAlign="Center" WordWrap="true" />
                <Cell OrigWidth="34.5108072916665" OrigHeight="5" AccounttantLineVisble="true" Text="单据编号" X="46.6989583333333" Y="45.9052083333333" Width="34.5108072916665" Height="5" TextColor="black" TextHAlign="Center" TextVAlign="Center" WordWrap="true" />
                <Cell OrigWidth="39.3079427083335" OrigHeight="5" AccounttantLineVisble="true" Text="摘要" X="81.2097656249998" Y="45.9052083333333" Width="39.3079427083335" Height="5" TextColor="black" TextHAlign="Center" TextVAlign="Center" WordWrap="true" />
                <Cell OrigWidth="24.8708333333333" OrigHeight="5" AccounttantLineVisble="true" Text="金额" X="120.517708333333" Y="45.9052083333333" Width="24.8708333333333" Height="5" TextColor="black" TextHAlign="Center" TextVAlign="Center" WordWrap="true" />
                <Cell OrigWidth="27.5166666666667" OrigHeight="5" AccounttantLineVisble="true" Text="已结算金额" X="145.388541666667" Y="45.9052083333333" Width="27.5166666666667" Height="5" TextColor="black" TextHAlign="Center" TextVAlign="Center" WordWrap="true" />
                <Cell OrigWidth="26.9874999999995" OrigHeight="5" AccounttantLineVisble="true" Text="未结算金额" X="172.905208333333" Y="45.9052083333333" Width="26.9874999999995" Height="5" TextColor="black" TextHAlign="Center" TextVAlign="Center" WordWrap="true" />
              </Cells>
            </Row>
            <Row X="9.921875" Y="50.9052083333333" Width="189.970833333333" Height="5" TextVAlign="Center">
              <Cells>
                <Cell OrigWidth="19.3145833333333" OrigHeight="5" AccounttantLineVisble="true" Text="单据类型" FieldKind="Detail" X="9.921875" Y="50.9052083333333" Width="19.3145833333333" Height="5" TextVAlign="Center" WordWrap="true" />
                <Cell OrigWidth="17.4625" OrigHeight="5" AccounttantLineVisble="true" Text="日期" FieldKind="Detail" X="29.2364583333333" Y="50.9052083333333" Width="17.4625" Height="5" TextVAlign="Center" WordWrap="true" />
                <Cell OrigWidth="34.5108072916665" OrigHeight="5" AccounttantLineVisble="true" Text="单据编号" FieldKind="Detail" X="46.6989583333333" Y="50.9052083333333" Width="34.5108072916665" Height="5" TextVAlign="Center" WordWrap="true" />
                <Cell OrigWidth="39.3079427083335" OrigHeight="5" AccounttantLineVisble="true" Text="单据摘要" FieldKind="Detail" X="81.2097656249998" Y="50.9052083333333" Width="39.3079427083335" Height="5" TextVAlign="Center" WordWrap="true" />
                <Cell OrigWidth="24.8708333333333" OrigHeight="5" AccounttantLineVisble="true" Text="金额" FieldKind="Detail" X="120.517708333333" Y="50.9052083333333" Width="24.8708333333333" Height="5" TextVAlign="Center" WordWrap="true" />
                <Cell OrigWidth="27.5166666666667" OrigHeight="5" AccounttantLineVisble="true" Text="已结算金额" FieldKind="Detail" X="145.388541666667" Y="50.9052083333333" Width="27.5166666666667" Height="5" TextVAlign="Center" WordWrap="true" />
                <Cell OrigWidth="26.9874999999995" OrigHeight="5" AccounttantLineVisble="true" Text="未结算金额" FieldKind="Detail" X="172.905208333333" Y="50.9052083333333" Width="26.9874999999995" Height="5" TextVAlign="Center" WordWrap="true" />
              </Cells>
            </Row>
            <Row X="9.921875" Y="55.9052083333333" Width="189.970833333333" Height="5" TextVAlign="Center">
              <Cells>
                <Cell OrigWidth="19.3145833333333" OrigHeight="5" AccounttantLineVisble="true" Text="合计：" DecimalDigits="0" X="9.921875" Y="55.9052083333333" Width="19.3145833333333" Height="5" TextColor="black" TextVAlign="Center" WordWrap="true" />
                <Cell OrigWidth="17.4625" OrigHeight="5" AccounttantLineVisble="true" Text="" DecimalDigits="0" X="29.2364583333333" Y="55.9052083333333" Width="17.4625" Height="5" TextColor="black" TextVAlign="Center" WordWrap="true" />
                <Cell OrigWidth="34.5108072916665" OrigHeight="5" AccounttantLineVisble="true" Text="" DecimalDigits="0" X="46.6989583333333" Y="55.9052083333333" Width="34.5108072916665" Height="5" TextColor="black" TextVAlign="Center" WordWrap="true" />
                <Cell OrigWidth="39.3079427083335" OrigHeight="5" AccounttantLineVisble="true" Text="" DecimalDigits="0" X="81.2097656249998" Y="55.9052083333333" Width="39.3079427083335" Height="5" TextColor="black" TextVAlign="Center" WordWrap="true" />
                <Cell OrigWidth="24.8708333333333" OrigHeight="5" AccounttantLineVisble="true" Text="金额" FieldKind="ToCurPageSum" DecimalDigits="0" X="120.517708333333" Y="55.9052083333333" Width="24.8708333333333" Height="5" TextColor="black" TextVAlign="Center" WordWrap="true" />
                <Cell OrigWidth="27.5166666666667" OrigHeight="5" AccounttantLineVisble="true" Text="已结算金额" FieldKind="ToCurPageSum" DecimalDigits="0" X="145.388541666667" Y="55.9052083333333" Width="27.5166666666667" Height="5" TextColor="black" TextVAlign="Center" WordWrap="true" />
                <Cell OrigWidth="26.9874999999995" OrigHeight="5" AccounttantLineVisble="true" Text="未结算金额" FieldKind="ToCurPageSum" DecimalDigits="0" X="172.905208333333" Y="55.9052083333333" Width="26.9874999999995" Height="5" TextColor="black" TextVAlign="Center" WordWrap="true" />
              </Cells>
            </Row>
            <Row X="9.921875" Y="60.9052083333333" Width="189.970833333333" Height="5" TextVAlign="Center">
              <Cells>
                <Cell OrigWidth="19.84375" OrigHeight="5" AccounttantLineVisble="true" Text="审核单位:" LeftLineVisible="false" RightLineVisible="false" BottomLineVisible="false" X="9.921875" Y="60.9052083333333" Width="19.84375" Height="5" TextColor="black" TextVAlign="Center" WordWrap="true" />
                <Cell OrigWidth="29.6333333333333" OrigHeight="5" AccounttantLineVisble="true" Text="" LeftLineVisible="false" RightLineVisible="false" BottomLineVisible="false" X="29.765625" Y="60.9052083333333" Width="29.6333333333333" Height="5" TextColor="black" TextVAlign="Center" WordWrap="true" />
                <Cell OrigWidth="20.6375" OrigHeight="5" AccounttantLineVisble="true" Text="" LeftLineVisible="false" RightLineVisible="false" BottomLineVisible="false" X="59.3989583333333" Y="60.9052083333333" Width="20.6375" Height="5" TextColor="black" TextVAlign="Center" WordWrap="true" />
                <Cell OrigWidth="19.3145833333333" OrigHeight="5" AccounttantLineVisble="true" Text="制表人:" LeftLineVisible="false" RightLineVisible="false" BottomLineVisible="false" X="80.0364583333333" Y="60.9052083333333" Width="19.3145833333333" Height="5" TextColor="black" TextVAlign="Center" WordWrap="true" />
                <Cell OrigWidth="30.1625" OrigHeight="5" AccounttantLineVisble="true" Text="" LeftLineVisible="false" RightLineVisible="false" BottomLineVisible="false" X="99.3510416666666" Y="60.9052083333333" Width="30.1625" Height="5" TextColor="black" TextVAlign="Center" WordWrap="true" />
                <Cell OrigWidth="20.3729166666666" OrigHeight="5" AccounttantLineVisble="true" Text="" LeftLineVisible="false" RightLineVisible="false" BottomLineVisible="false" X="129.513541666667" Y="60.9052083333333" Width="20.3729166666666" Height="5" TextColor="black" TextVAlign="Center" WordWrap="true" />
                <Cell OrigWidth="19.5791666666667" OrigHeight="5" AccounttantLineVisble="true" Text="打印时间:" LeftLineVisible="false" RightLineVisible="false" BottomLineVisible="false" X="149.886458333333" Y="60.9052083333333" Width="19.5791666666667" Height="5" TextColor="black" TextVAlign="Center" WordWrap="true" />
                <Cell OrigWidth="30.427083333333" OrigHeight="5" AccounttantLineVisble="true" Text="日期" FieldKind="System" LeftLineVisible="false" RightLineVisible="false" BottomLineVisible="false" X="169.465625" Y="60.9052083333333" Width="30.427083333333" Height="5" TextColor="black" TextVAlign="Center" WordWrap="true" />
              </Cells>
            </Row>
            <Row X="9.921875" Y="65.9052083333333" Width="189.970833333333" Height="4.07708333333335" TextVAlign="Center">
              <Cells>
                <Cell OrigWidth="189.970833333333" OrigHeight="4.07708333333335" AccounttantLineVisble="true" Text="[管家婆软件]" LeftLineVisible="false" TopLineVisible="false" RightLineVisible="false" BottomLineVisible="false" X="9.921875" Y="65.9052083333333" Width="189.970833333333" Height="4.07708333333335" TextColor="black" TextHAlign="Right" TextVAlign="Center" WordWrap="true" />
              </Cells>
            </Row>
          </Rows>
        </TableElement>
        <TextElement Text="总页码" FieldKind="System" LeftLineVisible="false" TopLineVisible="false" RightLineVisible="false" BottomLineVisible="false" BandKind="PageHeader" X="156.314586639404" Y="15.5520828564962" Width="43.8125066121419" Height="5.0000001390775" TextHAlign="Right" TextVAlign="Center" />
      </Elements>
      <Bands>
        <Band IsVisible="false" TextVAlign="Center" />
        <Band BandKind="PageHeader" Height="20" TextVAlign="Center" />
        <Band BandKind="ReportHeader" Y="19.84375" Height="19.84375" TextVAlign="Center" />
        <Band IsVisible="false" BandKind="PageBodyHeader" TextVAlign="Center" />
        <Band BandKind="PageDetail" Y="39.6875" Height="237.15625" TextVAlign="Center" />
        <Band IsVisible="false" BandKind="PageBodyFooter" TextVAlign="Center" />
        <Band IsVisible="false" BandKind="ReportFooter" TextVAlign="Center" />
        <Band BandKind="PageFooter" Y="276.754166666667" Height="20" TextVAlign="Center" />
      </Bands>
    </Page>
  </Pages>
  <PageSettings MarginLeft="10" MarginTop="20" MarginRight="10" MarginBottom="20" PageWidth="210" PageHeight="297" />
  <ExpressionFields />
</Report>