<Report MaxRowCount="0">
  <Pages>
    <Page Width="210" Height="297" TextVAlign="Center">
      <OrderFields />
      <Elements>
        <TextElement Text="表名" FieldKind="Master" LeftLineWidth="3" LeftLineColor="#FFFFFF" TopLineVisible="false" TopLineWidth="0" TopLineColor="#FFFFFF" RightLineVisible="false" RightLineWidth="0" RightLineColor="#FFFFFF" BottomLineVisible="false" BottomLineWidth="0" BottomLineColor="#FFFFFF" DecimalDigits="0" BandKind="ReportHeader" X="9.32917054494222" Y="20.3458329677582" Width="191.012501017253" Height="19.2604159355164" FontSize="20" BoldFont="true" TextHAlign="Center" TextVAlign="Center" />
        <TableElement X="10" Y="40" Width="190.000096561321" Height="236.314580790202" TextVAlign="Center">
          <Rows>
            <Row X="10" Y="40" Width="188.36308936975" Height="5.37604166666666" TextVAlign="Center">
              <Cells>
                <Cell CellWidth="3.4" OrigWidth="15.398476017502" OrigHeight="5.37604166666666" Text="单据日期" DecimalDigits="0" X="10" Y="40" Width="15.398476017502" Height="5.37604166666666" TextHAlign="Center" TextVAlign="Center" WordWrap="true" />
                <Cell CellWidth="3.4" OrigWidth="16.7874472631286" OrigHeight="5.37604166666666" Text="送检单号" DecimalDigits="0" X="25.398476017502" Y="40" Width="16.7874472631286" Height="5.37604166666666" TextHAlign="Center" TextVAlign="Center" WordWrap="true" />
                <Cell CellWidth="3.4" OrigWidth="15.4759279456968" OrigHeight="5.37604166666666" Text="检验单号" DecimalDigits="0" X="42.1859232806306" Y="40" Width="15.4759279456968" Height="5.37604166666666" TextHAlign="Center" TextVAlign="Center" WordWrap="true" />
                <Cell CellWidth="3.4" OrigWidth="16.7874472631286" OrigHeight="5" Text="订单编号" DecimalDigits="0" X="57.6618512263274" Y="40" Width="16.7874472631286" Height="5.37604166666666" TextHAlign="Center" TextVAlign="Center" WordWrap="true" />
                <Cell CellWidth="3.4" OrigWidth="17.0497511266151" OrigHeight="5" Text="单位全名" DecimalDigits="0" X="74.449298489456" Y="40" Width="17.0497511266151" Height="5.37604166666666" TextHAlign="Center" TextVAlign="Center" WordWrap="true" />
                <Cell CellWidth="3.4" OrigWidth="14.951320218724" OrigHeight="5.37604166666666" Text="存货全名" DecimalDigits="0" X="91.4990496160711" Y="40" Width="14.951320218724" Height="5.37604166666666" TextHAlign="Center" TextVAlign="Center" WordWrap="true" />
                <Cell CellWidth="3.4" OrigWidth="12.5905854473464" OrigHeight="5" Text="检验项目" DecimalDigits="0" X="106.450369834795" Y="40" Width="12.5905854473464" Height="5.37604166666666" TextHAlign="Center" TextVAlign="Center" WordWrap="true" />
                <Cell CellWidth="3.4" OrigWidth="12.8528893108328" OrigHeight="5" Text="检验标准" DecimalDigits="0" X="119.040955282141" Y="40" Width="12.8528893108328" Height="5.37604166666666" TextHAlign="Center" TextVAlign="Center" WordWrap="true" />
                <Cell CellWidth="3.4" OrigWidth="10.4921545394553" OrigHeight="5.37604166666666" Text="检验数量" DecimalDigits="0" X="131.893844592974" Y="40" Width="10.4921545394553" Height="5.37604166666666" TextHAlign="Center" TextVAlign="Center" WordWrap="true" />
                <Cell CellWidth="3.4" OrigWidth="9.34569930384033" OrigHeight="5" Text="合格数量" DecimalDigits="0" X="142.38599913243" Y="40" Width="9.34569930384033" Height="5.37604166666666" TextHAlign="Center" TextVAlign="Center" WordWrap="true" />
                <Cell CellWidth="3.4" OrigWidth="9.27787500369303" OrigHeight="5.37604166666666" Text="不合格数量" DecimalDigits="0" X="151.73169843627" Y="40" Width="9.27787500369303" Height="5.37604166666666" TextHAlign="Center" TextVAlign="Center" WordWrap="true" />
                <Cell CellWidth="3.4" OrigWidth="15.2136240822102" OrigHeight="5.37604166666666" Text="不合格原因" DecimalDigits="0" X="161.009573439963" Y="40" Width="15.2136240822102" Height="5.37604166666666" TextHAlign="Center" TextVAlign="Center" WordWrap="true" />
                <Cell CellWidth="3.4" OrigWidth="11.1219137159643" OrigHeight="5.37604166666666" Text="检验员" DecimalDigits="0" X="176.223197522173" Y="40" Width="11.1219137159643" Height="5.37604166666666" TextHAlign="Center" TextVAlign="Center" WordWrap="true" />
                <Cell CellWidth="3.4" OrigWidth="11.017978131613" OrigHeight="5.37604166666666" Text="备注" DecimalDigits="0" X="187.345111238137" Y="40" Width="11.017978131613" Height="5.37604166666666" TextHAlign="Center" TextVAlign="Center" WordWrap="true" />
              </Cells>
            </Row>
            <Row X="10" Y="45.3760416666667" Width="188.36308936975" Height="5.29166666666667" TextVAlign="Center">
              <Cells>
                <Cell CellWidth="3.4" OrigWidth="15.398476017502" OrigHeight="5.29166666666667" Text="检验单日期" FieldKind="Detail" DecimalDigits="0" X="10" Y="45.3760416666667" Width="15.398476017502" Height="5.29166666666667" TextVAlign="Center" WordWrap="true" />
                <Cell CellWidth="3.4" OrigWidth="16.7874472631286" OrigHeight="5.29166666666667" Text="送检单编号" FieldKind="Detail" DecimalDigits="0" X="25.398476017502" Y="45.3760416666667" Width="16.7874472631286" Height="5.29166666666667" TextVAlign="Center" WordWrap="true" />
                <Cell CellWidth="3.4" OrigWidth="15.4759279456968" OrigHeight="5.29166666666667" Text="检验单编号" FieldKind="Detail" DecimalDigits="0" X="42.1859232806306" Y="45.3760416666667" Width="15.4759279456968" Height="5.29166666666667" TextVAlign="Center" WordWrap="true" />
                <Cell CellWidth="3.4" OrigWidth="16.7874472631286" OrigHeight="5" Text="进货订单编号" FieldKind="Detail" DecimalDigits="0" X="57.6618512263274" Y="45.3760416666667" Width="16.7874472631286" Height="5.29166666666667" TextVAlign="Center" WordWrap="true" />
                <Cell CellWidth="3.4" OrigWidth="17.0497511266151" OrigHeight="5" Text="单位全名" FieldKind="Detail" DecimalDigits="0" X="74.449298489456" Y="45.3760416666667" Width="17.0497511266151" Height="5.29166666666667" TextVAlign="Center" WordWrap="true" />
                <Cell CellWidth="3.4" OrigWidth="14.951320218724" OrigHeight="5.29166666666667" Text="存货全名" FieldKind="Detail" DecimalDigits="0" X="91.4990496160711" Y="45.3760416666667" Width="14.951320218724" Height="5.29166666666667" TextVAlign="Center" WordWrap="true" />
                <Cell CellWidth="3.4" OrigWidth="12.5905854473464" OrigHeight="5" Text="检验项目全名" FieldKind="Detail" DecimalDigits="0" X="106.450369834795" Y="45.3760416666667" Width="12.5905854473464" Height="5.29166666666667" TextVAlign="Center" WordWrap="true" />
                <Cell CellWidth="3.4" OrigWidth="12.8528893108328" OrigHeight="5" Text="检验标准" FieldKind="Detail" DecimalDigits="0" X="119.040955282141" Y="45.3760416666667" Width="12.8528893108328" Height="5.29166666666667" TextVAlign="Center" WordWrap="true" />
                <Cell CellWidth="3.4" OrigWidth="10.4921545394553" OrigHeight="5.29166666666667" Text="检验数量" FieldKind="Detail" DecimalDigits="0" X="131.893844592974" Y="45.3760416666667" Width="10.4921545394553" Height="5.29166666666667" TextVAlign="Center" WordWrap="true" />
                <Cell CellWidth="3.4" OrigWidth="9.34569930384033" OrigHeight="5" Text="合格数量" FieldKind="Detail" DecimalDigits="0" X="142.38599913243" Y="45.3760416666667" Width="9.34569930384033" Height="5.29166666666667" TextVAlign="Center" WordWrap="true" />
                <Cell CellWidth="3.4" OrigWidth="9.27787500369303" OrigHeight="5.29166666666667" Text="不合格数量" FieldKind="Detail" DecimalDigits="0" X="151.73169843627" Y="45.3760416666667" Width="9.27787500369303" Height="5.29166666666667" TextVAlign="Center" WordWrap="true" />
                <Cell CellWidth="3.4" OrigWidth="15.2136240822102" OrigHeight="5.29166666666667" Text="不合格原因" FieldKind="Detail" DecimalDigits="0" X="161.009573439963" Y="45.3760416666667" Width="15.2136240822102" Height="5.29166666666667" TextVAlign="Center" WordWrap="true" />
                <Cell CellWidth="3.4" OrigWidth="11.1219137159643" OrigHeight="5.29166666666667" Text="检验员全名" FieldKind="Detail" DecimalDigits="0" X="176.223197522173" Y="45.3760416666667" Width="11.1219137159643" Height="5.29166666666667" TextVAlign="Center" WordWrap="true" />
                <Cell CellWidth="3.4" OrigWidth="11.017978131613" OrigHeight="5.29166666666667" Text="备注" FieldKind="Detail" DecimalDigits="0" X="187.345111238137" Y="45.3760416666667" Width="11.017978131613" Height="5.29166666666667" TextVAlign="Center" WordWrap="true" />
              </Cells>
            </Row>
            <Row X="10" Y="50.6677083333333" Width="188.36308936975" Height="5" TextVAlign="Center">
              <Cells>
                <Cell CellWidth="3.4" OrigWidth="15.398476017502" OrigHeight="5" Text="合计" DecimalDigits="0" X="10" Y="50.6677083333333" Width="15.398476017502" Height="5" TextColor="black" TextHAlign="Center" TextVAlign="Center" />
                <Cell CellWidth="3.4" OrigWidth="16.7874472631286" OrigHeight="5" Text="" DecimalDigits="0" X="25.398476017502" Y="50.6677083333333" Width="16.7874472631286" Height="5" TextColor="black" TextVAlign="Center" WordWrap="true" />
                <Cell CellWidth="3.4" OrigWidth="15.4759279456968" OrigHeight="5" Text="" DecimalDigits="0" X="42.1859232806306" Y="50.6677083333333" Width="15.4759279456968" Height="5" TextColor="black" TextVAlign="Center" WordWrap="true" />
                <Cell CellWidth="3.4" OrigWidth="16.7874472631286" OrigHeight="5" Text="" DecimalDigits="0" X="57.6618512263274" Y="50.6677083333333" Width="16.7874472631286" Height="5" TextColor="black" TextVAlign="Center" WordWrap="true" />
                <Cell CellWidth="3.4" OrigWidth="17.0497511266151" OrigHeight="5" Text="" DecimalDigits="0" X="74.449298489456" Y="50.6677083333333" Width="17.0497511266151" Height="5" TextColor="black" TextVAlign="Center" WordWrap="true" />
                <Cell CellWidth="3.4" OrigWidth="14.951320218724" OrigHeight="5" Text="" DecimalDigits="0" X="91.4990496160711" Y="50.6677083333333" Width="14.951320218724" Height="5" TextColor="black" TextVAlign="Center" WordWrap="true" />
                <Cell CellWidth="3.4" OrigWidth="12.5905854473464" OrigHeight="5" Text="" DecimalDigits="0" X="106.450369834795" Y="50.6677083333333" Width="12.5905854473464" Height="5" TextColor="black" TextVAlign="Center" WordWrap="true" />
                <Cell CellWidth="3.4" OrigWidth="12.8528893108328" OrigHeight="5" Text="" DecimalDigits="0" X="119.040955282141" Y="50.6677083333333" Width="12.8528893108328" Height="5" TextColor="black" TextVAlign="Center" WordWrap="true" />
                <Cell CellWidth="3.4" OrigWidth="10.4921545394553" OrigHeight="5" Text="检验数量" FieldKind="ToCurPageSum" DecimalDigits="0" X="131.893844592974" Y="50.6677083333333" Width="10.4921545394553" Height="5" TextColor="black" TextVAlign="Center" WordWrap="true" />
                <Cell CellWidth="3.4" OrigWidth="9.34569930384033" OrigHeight="5" Text="合格数量" FieldKind="ToCurPageSum" DecimalDigits="0" X="142.38599913243" Y="50.6677083333333" Width="9.34569930384033" Height="5" TextColor="black" TextVAlign="Center" WordWrap="true" />
                <Cell CellWidth="3.4" OrigWidth="9.27787500369303" OrigHeight="5" Text="不合格数量" FieldKind="ToCurPageSum" DecimalDigits="0" X="151.73169843627" Y="50.6677083333333" Width="9.27787500369303" Height="5" TextColor="black" TextVAlign="Center" WordWrap="true" />
                <Cell CellWidth="3.4" OrigWidth="15.2136240822102" OrigHeight="5" Text="" BottomLineVisible="false" DecimalDigits="0" X="161.009573439963" Y="50.6677083333333" Width="15.2136240822102" Height="5" TextColor="black" TextVAlign="Center" WordWrap="true" />
                <Cell CellWidth="3.4" OrigWidth="11.1214381518537" OrigHeight="5" Text="" DecimalDigits="0" X="176.223197522173" Y="50.6677083333333" Width="11.1214381518537" Height="5" TextColor="black" TextVAlign="Center" WordWrap="true" />
                <Cell CellWidth="3.4" OrigWidth="11.0184536957235" OrigHeight="5" Text="" DecimalDigits="0" X="187.344635674027" Y="50.6677083333333" Width="11.0184536957235" Height="5" TextColor="black" TextVAlign="Center" WordWrap="true" />
              </Cells>
            </Row>
            <Row X="10" Y="55.6677083333333" Width="190.000096561321" Height="5" TextVAlign="Center">
              <Cells>
                <Cell CellWidth="3.4" OrigWidth="15.398476017502" OrigHeight="5" Text="" LeftLineVisible="false" LeftLineWidth="0" RightLineVisible="false" BottomLineVisible="false" DecimalDigits="0" X="10" Y="55.6677083333333" Width="15.398476017502" Height="5" TextVAlign="Center" />
                <Cell CellWidth="3.4" OrigWidth="16.7874472631286" OrigHeight="5" Text="" LeftLineVisible="false" RightLineVisible="false" BottomLineVisible="false" DecimalDigits="0" X="25.398476017502" Y="55.6677083333333" Width="16.7874472631286" Height="5" TextVAlign="Center" />
                <Cell CellWidth="3.4" OrigWidth="15.4759279456968" OrigHeight="5" Text="" LeftLineVisible="false" RightLineVisible="false" BottomLineVisible="false" DecimalDigits="0" X="42.1859232806306" Y="55.6677083333333" Width="15.4759279456968" Height="5" TextVAlign="Center" />
                <Cell CellWidth="3.4" OrigWidth="16.7874472631286" OrigHeight="5" Text="" LeftLineVisible="false" RightLineVisible="false" BottomLineVisible="false" DecimalDigits="0" X="57.6618512263274" Y="55.6677083333333" Width="16.7874472631286" Height="5" TextVAlign="Center" />
                <Cell CellWidth="3.4" OrigWidth="17.0497511266151" OrigHeight="5" Text="" LeftLineVisible="false" RightLineVisible="false" BottomLineVisible="false" DecimalDigits="0" X="74.449298489456" Y="55.6677083333333" Width="17.0497511266151" Height="5" TextVAlign="Center" />
                <Cell CellWidth="3.4" OrigWidth="14.951320218724" OrigHeight="5" Text="" LeftLineVisible="false" RightLineVisible="false" RightLineWidth="0" BottomLineVisible="false" DecimalDigits="0" X="91.4990496160711" Y="55.6677083333333" Width="14.951320218724" Height="5" TextVAlign="Center" />
                <Cell CellWidth="3.4" OrigWidth="12.5905854473464" OrigHeight="5" LeftLineVisible="false" LeftLineWidth="0" RightLineVisible="false" BottomLineVisible="false" DecimalDigits="0" X="106.450369834795" Y="55.6677083333333" Width="12.5905854473464" Height="5" TextVAlign="Center" />
                <Cell CellWidth="3.4" OrigWidth="12.8528893108328" OrigHeight="5" Text="" LeftLineVisible="false" RightLineVisible="false" BottomLineVisible="false" DecimalDigits="0" X="119.040955282141" Y="55.6677083333333" Width="12.8528893108328" Height="5" TextVAlign="Center" />
                <Cell CellWidth="3.4" OrigWidth="10.4921545394553" OrigHeight="5" Text="" LeftLineVisible="false" RightLineVisible="false" BottomLineVisible="false" BottomLineWidth="0" DecimalDigits="0" X="131.893844592974" Y="55.6677083333333" Width="10.4921545394553" Height="5" TextColor="black" TextVAlign="Center" WordWrap="true" />
                <Cell CellWidth="3.4" OrigWidth="9.34569930384033" OrigHeight="5" Text="" LeftLineVisible="false" RightLineVisible="false" BottomLineVisible="false" DecimalDigits="0" X="142.38599913243" Y="55.6677083333333" Width="9.34569930384033" Height="5" TextVAlign="Center" />
                <Cell CellWidth="3.4" OrigWidth="9.27787500369303" OrigHeight="5" Text="" LeftLineVisible="false" RightLineVisible="false" BottomLineVisible="false" BottomLineWidth="0" DecimalDigits="0" X="151.73169843627" Y="55.6677083333333" Width="9.27787500369303" Height="5" TextColor="black" TextVAlign="Center" WordWrap="true" />
                <Cell CellWidth="3.4" OrigWidth="2" OrigHeight="5" Text="" LeftLineVisible="false" RightLineVisible="false" BottomLineVisible="false" DecimalDigits="0" X="161.009573439963" Y="55.6677083333333" Width="2" Height="5" TextVAlign="Center" />
                <Cell CellWidth="3.4" OrigWidth="16.7900246791978" OrigHeight="5" Text="打印时间：" LeftLineVisible="false" RightLineVisible="false" BottomLineVisible="false" BottomLineWidth="0" DecimalDigits="0" X="163.009573439963" Y="55.6677083333333" Width="16.7900246791978" Height="5" TextColor="black" TextVAlign="Center" WordWrap="true" />
                <Cell CellWidth="3.4" OrigWidth="20.20049844216" OrigHeight="5" Text="日期" FieldKind="System" LeftLineVisible="false" RightLineVisible="false" RightLineWidth="0" BottomLineWidth="0" DecimalDigits="0" X="179.799598119161" Y="55.6677083333333" Width="20.20049844216" Height="5" TextColor="black" TextHAlign="Right" TextVAlign="Center" WordWrap="true" />
              </Cells>
            </Row>
            <Row X="10" Y="60.6677083333333" Width="189.21072837117" Height="5.05416666666666" TextVAlign="Center">
              <Cells>
                <Cell CellWidth="3.4" OrigWidth="15.398476017502" OrigHeight="5.05416666666666" LeftLineWidth="0" TopLineVisible="false" TopLineWidth="0" RightLineVisible="false" BottomLineVisible="false" DecimalDigits="0" X="10" Y="60.6677083333333" Width="15.398476017502" Height="5.05416666666666" TextVAlign="Center" />
                <Cell CellWidth="3.4" OrigWidth="16.7874472631286" OrigHeight="5.05416666666666" Text="" LeftLineVisible="false" TopLineVisible="false" TopLineWidth="0" RightLineVisible="false" BottomLineVisible="false" DecimalDigits="0" X="25.398476017502" Y="60.6677083333333" Width="16.7874472631286" Height="5.05416666666666" TextVAlign="Center" />
                <Cell CellWidth="3.4" OrigWidth="15.4759279456968" OrigHeight="5.05416666666666" LeftLineVisible="false" TopLineVisible="false" TopLineWidth="0" RightLineVisible="false" BottomLineVisible="false" DecimalDigits="0" X="42.1859232806306" Y="60.6677083333333" Width="15.4759279456968" Height="5.05416666666666" TextVAlign="Center" />
                <Cell CellWidth="3.4" OrigWidth="16.7874472631286" OrigHeight="5.05416666666666" LeftLineWidth="0" TopLineVisible="false" TopLineWidth="0" RightLineVisible="false" BottomLineVisible="false" DecimalDigits="0" X="57.6618512263274" Y="60.6677083333333" Width="16.7874472631286" Height="5.05416666666666" TextVAlign="Center" />
                <Cell CellWidth="3.4" OrigWidth="17.0497511266151" OrigHeight="5.05416666666666" Text="" LeftLineVisible="false" TopLineVisible="false" TopLineWidth="0" RightLineVisible="false" BottomLineVisible="false" DecimalDigits="0" X="74.449298489456" Y="60.6677083333333" Width="17.0497511266151" Height="5.05416666666666" TextVAlign="Center" />
                <Cell CellWidth="3.4" OrigWidth="14.951320218724" OrigHeight="5.05416666666666" Text="" LeftLineVisible="false" TopLineVisible="false" TopLineWidth="0" RightLineVisible="false" RightLineWidth="0" BottomLineVisible="false" DecimalDigits="0" X="91.4990496160711" Y="60.6677083333333" Width="14.951320218724" Height="5.05416666666666" TextVAlign="Center" />
                <Cell CellWidth="3.4" OrigWidth="12.5905854473464" OrigHeight="5.05416666666666" Text="" LeftLineVisible="false" TopLineVisible="false" TopLineWidth="0" RightLineVisible="false" BottomLineVisible="false" DecimalDigits="0" X="106.450369834795" Y="60.6677083333333" Width="12.5905854473464" Height="5.05416666666666" TextVAlign="Center" />
                <Cell CellWidth="3.4" OrigWidth="12.8528893108328" OrigHeight="5.05416666666666" Text="" LeftLineVisible="false" TopLineVisible="false" TopLineWidth="0" RightLineVisible="false" BottomLineVisible="false" DecimalDigits="0" X="119.040955282141" Y="60.6677083333333" Width="12.8528893108328" Height="5.05416666666666" TextVAlign="Center" />
                <Cell CellWidth="3.4" OrigWidth="10.4921545394553" OrigHeight="5.05416666666666" Text="" LeftLineVisible="false" TopLineWidth="0" RightLineVisible="false" RightLineWidth="0" BottomLineVisible="false" BottomLineWidth="0" DecimalDigits="0" X="131.893844592974" Y="60.6677083333333" Width="10.4921545394553" Height="5.05416666666666" TextColor="black" TextVAlign="Center" />
                <Cell CellWidth="3.4" OrigWidth="9.34569930384033" OrigHeight="5.05416666666666" LeftLineWidth="0" TopLineVisible="false" BottomLineVisible="false" DecimalDigits="0" X="142.38599913243" Y="60.6677083333333" Width="9.34569930384033" Height="5.05416666666666" TextVAlign="Center" />
                <Cell CellWidth="3.4" OrigWidth="9.27787500369303" OrigHeight="5.05416666666666" Text="" LeftLineVisible="false" TopLineWidth="0" RightLineVisible="false" BottomLineVisible="false" BottomLineWidth="0" DecimalDigits="0" X="151.73169843627" Y="60.6677083333333" Width="9.27787500369303" Height="5.05416666666666" TextColor="black" TextVAlign="Center" WordWrap="true" />
                <Cell CellWidth="3.4" OrigWidth="15.2136240822102" OrigHeight="5.05416666666666" Text="" LeftLineVisible="false" TopLineVisible="false" RightLineVisible="false" BottomLineVisible="false" DecimalDigits="0" X="161.009573439963" Y="60.6677083333333" Width="15.2136240822102" Height="5.05416666666666" TextVAlign="Center" />
                <Cell CellWidth="3.4" OrigWidth="2" OrigHeight="5.05416666666666" Text="" LeftLineVisible="false" TopLineWidth="0" RightLineVisible="false" BottomLineVisible="false" BottomLineWidth="0" DecimalDigits="0" X="176.223197522173" Y="60.6677083333333" Width="2" Height="5.05416666666666" TextColor="black" TextVAlign="Center" WordWrap="true" />
                <Cell CellWidth="3.4" OrigWidth="20.9875308489973" OrigHeight="5.05416666666666" Text="[管家婆软件]" LeftLineVisible="false" TopLineWidth="0" RightLineVisible="false" RightLineWidth="0" BottomLineVisible="false" BottomLineWidth="0" DecimalDigits="0" X="178.223197522173" Y="60.6677083333333" Width="20.9875308489973" Height="5.05416666666666" TextColor="black" TextHAlign="Right" TextVAlign="Center" WordWrap="true" />
              </Cells>
            </Row>
            <Row X="10" Y="65.721875" Width="188.36308936975" Height="5" TextVAlign="Center">
              <Cells>
                <Cell CellWidth="3.4" OrigWidth="15.398476017502" OrigHeight="5" Text="" LeftLineVisible="false" LeftLineWidth="0" TopLineVisible="false" RightLineVisible="false" BottomLineVisible="false" BottomLineWidth="0" DecimalDigits="0" X="10" Y="65.721875" Width="15.398476017502" Height="5" TextVAlign="Center" />
                <Cell CellWidth="3.4" OrigWidth="16.7874472631286" OrigHeight="5" LeftLineVisible="false" TopLineVisible="false" RightLineVisible="false" BottomLineWidth="0" DecimalDigits="0" X="25.398476017502" Y="65.721875" Width="16.7874472631286" Height="5" TextVAlign="Center" />
                <Cell CellWidth="3.4" OrigWidth="15.4759279456968" OrigHeight="5" Text="" LeftLineVisible="false" TopLineVisible="false" RightLineVisible="false" BottomLineVisible="false" BottomLineWidth="0" DecimalDigits="0" X="42.1859232806306" Y="65.721875" Width="15.4759279456968" Height="5" TextVAlign="Center" />
                <Cell CellWidth="3.4" OrigWidth="16.7874472631286" OrigHeight="5" Text="" LeftLineVisible="false" LeftLineWidth="0" TopLineVisible="false" RightLineVisible="false" BottomLineVisible="false" BottomLineWidth="0" DecimalDigits="0" X="57.6618512263274" Y="65.721875" Width="16.7874472631286" Height="5" TextVAlign="Center" />
                <Cell CellWidth="3.4" OrigWidth="17.0497511266151" OrigHeight="5" LeftLineVisible="false" TopLineVisible="false" BottomLineWidth="0" DecimalDigits="0" X="74.449298489456" Y="65.721875" Width="17.0497511266151" Height="5" TextVAlign="Center" />
                <Cell CellWidth="3.4" OrigWidth="14.951320218724" OrigHeight="5" LeftLineVisible="false" TopLineVisible="false" RightLineVisible="false" RightLineWidth="0" BottomLineWidth="0" DecimalDigits="0" X="91.4990496160711" Y="65.721875" Width="14.951320218724" Height="5" TextVAlign="Center" />
                <Cell CellWidth="3.4" OrigWidth="12.5905854473464" OrigHeight="5" Text="" LeftLineVisible="false" TopLineVisible="false" RightLineVisible="false" BottomLineVisible="false" BottomLineWidth="0" DecimalDigits="0" X="106.450369834795" Y="65.721875" Width="12.5905854473464" Height="5" TextVAlign="Center" />
                <Cell CellWidth="3.4" OrigWidth="12.8528893108328" OrigHeight="5" LeftLineVisible="false" TopLineVisible="false" BottomLineWidth="0" DecimalDigits="0" X="119.040955282141" Y="65.721875" Width="12.8528893108328" Height="5" TextVAlign="Center" />
                <Cell CellWidth="3.4" OrigWidth="10.4921545394553" OrigHeight="5" Text="" LeftLineVisible="false" LeftLineWidth="0" TopLineWidth="0" RightLineVisible="false" RightLineWidth="0" BottomLineVisible="false" BottomLineWidth="0" DecimalDigits="0" X="131.893844592974" Y="65.721875" Width="10.4921545394553" Height="5" TextColor="black" TextVAlign="Center" />
                <Cell CellWidth="3.4" OrigWidth="9.34569930384033" OrigHeight="5" Text="" LeftLineVisible="false" LeftLineWidth="0" TopLineVisible="false" RightLineVisible="false" BottomLineVisible="false" DecimalDigits="0" X="142.38599913243" Y="65.721875" Width="9.34569930384033" Height="5" TextVAlign="Center" />
                <Cell CellWidth="3.4" OrigWidth="9.27787500369303" OrigHeight="5" Text="" LeftLineVisible="false" TopLineWidth="0" RightLineVisible="false" BottomLineVisible="false" DecimalDigits="0" X="151.73169843627" Y="65.721875" Width="9.27787500369303" Height="5" TextColor="black" TextVAlign="Center" WordWrap="true" />
                <Cell CellWidth="3.4" OrigWidth="15.2136240822102" OrigHeight="5" Text="" LeftLineVisible="false" TopLineVisible="false" RightLineVisible="false" BottomLineVisible="false" DecimalDigits="0" X="161.009573439963" Y="65.721875" Width="15.2136240822102" Height="5" TextVAlign="Center" />
                <Cell CellWidth="3.4" OrigWidth="11.1219137159643" OrigHeight="5" Text="" LeftLineVisible="false" TopLineWidth="0" RightLineVisible="false" BottomLineVisible="false" DecimalDigits="0" X="176.223197522173" Y="65.721875" Width="11.1219137159643" Height="5" TextColor="black" TextVAlign="Center" WordWrap="true" />
                <Cell CellWidth="3.4" OrigWidth="11.017978131613" OrigHeight="5" Text="" LeftLineVisible="false" TopLineVisible="false" TopLineWidth="0" RightLineVisible="false" BottomLineVisible="false" DecimalDigits="0" X="187.345111238137" Y="65.721875" Width="11.017978131613" Height="5" TextColor="black" TextVAlign="Center" WordWrap="true" />
              </Cells>
            </Row>
          </Rows>
        </TableElement>
        <TextElement Text="总页码" FieldKind="System" LeftLineVisible="false" TopLineVisible="false" RightLineVisible="false" BottomLineVisible="false" DecimalDigits="0" BandKind="PageHeader" X="170.816673024495" Y="14.5520833333333" Width="29.52500055631" Height="5.0000001390775" TextHAlign="Right" TextVAlign="Center" />
      </Elements>
      <Bands>
        <Band IsVisible="false" TextVAlign="Center" />
        <Band BandKind="PageHeader" Height="20" TextVAlign="Center" />
        <Band BandKind="ReportHeader" Y="19.84375" Height="20.1083333333333" TextVAlign="Center" />
        <Band IsVisible="false" BandKind="PageBodyHeader" TextVAlign="Center" />
        <Band BandKind="PageDetail" Y="39.9520833333333" Height="236.891666666667" TextVAlign="Center" />
        <Band IsVisible="false" BandKind="PageBodyFooter" TextVAlign="Center" />
        <Band IsVisible="false" BandKind="ReportFooter" TextVAlign="Center" />
        <Band BandKind="PageFooter" Y="276.754166666667" Height="20" TextVAlign="Center" />
      </Bands>
    </Page>
  </Pages>
  <PageSettings MarginLeft="10" MarginTop="20" MarginRight="10" MarginBottom="20" PageWidth="210" PageHeight="297" MaxRowCount="0" />
  <ExpressionFields />
</Report>