<Report MaxRowCount="0">
  <Pages>
    <Page Width="210" Height="297" TextVAlign="Center">
      <OrderFields />
      <Elements>
        <TextElement Text="工贸-工序交接查询表" LeftLineWidth="3" LeftLineColor="#FFFFFF" TopLineVisible="false" TopLineWidth="0" TopLineColor="#FFFFFF" RightLineVisible="false" RightLineWidth="0" RightLineColor="#FFFFFF" BottomLineVisible="false" BottomLineWidth="0" BottomLineColor="#FFFFFF" DecimalDigits="0" X="85" Y="5" Width="133" Height="10" FontSize="20" BoldFont="true" TextHAlign="Center" TextVAlign="Top" />
        <TableElement X="10" Y="40" Width="200" Height="237" TextVAlign="Center">
          <Rows>
            <Row Height="5" TextVAlign="Center">
              <Cells>
                <Cell TextVAlign="Center" WordWrap="true" OrigWidth="20" OrigHeight="5" AccounttantLineVisble="true" Text="行号" DecimalDigits="0" Width="20" Height="5" />
                <Cell TextVAlign="Center" WordWrap="true" OrigWidth="20" OrigHeight="5" AccounttantLineVisble="true" Text="派工日期" DecimalDigits="0" X="20" Width="20" Height="5" />
                <Cell TextVAlign="Center" WordWrap="true" OrigWidth="20" OrigHeight="5" AccounttantLineVisble="true" Text="派工单号" DecimalDigits="0" X="40" Width="20" Height="5" />
                <Cell TextVAlign="Center" WordWrap="true" OrigWidth="20" OrigHeight="5" AccounttantLineVisble="true" Text="任务单号" DecimalDigits="0" X="60" Width="20" Height="5" />
                <Cell TextVAlign="Center" WordWrap="true" OrigWidth="20" OrigHeight="5" AccounttantLineVisble="true" Text="销售订单号" DecimalDigits="0" X="80" Width="20" Height="5" />
                <Cell TextVAlign="Center" WordWrap="true" OrigWidth="20" OrigHeight="5" AccounttantLineVisble="true" Text="工序全名" DecimalDigits="0" X="100" Width="20" Height="5" />
                <Cell TextVAlign="Center" WordWrap="true" OrigWidth="20" OrigHeight="5" AccounttantLineVisble="true" Text="应加工数量" DecimalDigits="0" X="120" Width="20" Height="5" />
                <Cell TextVAlign="Center" WordWrap="true" OrigWidth="20" OrigHeight="5" AccounttantLineVisble="true" Text="上游报废数量" DecimalDigits="0" X="140" Width="20" Height="5" />
                <Cell TextVAlign="Center" WordWrap="true" OrigWidth="20" OrigHeight="5" AccounttantLineVisble="true" Text="累计接收数量" DecimalDigits="0" X="160" Width="20" Height="5" />
                <Cell TextVAlign="Center" WordWrap="true" OrigWidth="20" OrigHeight="5" AccounttantLineVisble="true" Text="累计移交数量" DecimalDigits="0" X="180" Width="20" Height="5" />
                <Cell TextVAlign="Center" WordWrap="true" OrigWidth="20" OrigHeight="5" AccounttantLineVisble="true" Text="累计其他转出" DecimalDigits="0" X="200" Width="20" Height="5" />
                <Cell TextVAlign="Center" WordWrap="true" OrigWidth="20" OrigHeight="5" AccounttantLineVisble="true" Text="累计报废" DecimalDigits="0" X="220" Width="20" Height="5" />
                <Cell TextVAlign="Center" WordWrap="true" OrigWidth="20" OrigHeight="5" AccounttantLineVisble="true" Text="尚未移交数量" DecimalDigits="0" X="240" Width="20" Height="5" />
              </Cells>
            </Row>
            <Row Height="5" TextVAlign="Center">
              <Cells>
                <Cell TextVAlign="Center" WordWrap="true" OrigWidth="20" OrigHeight="5" AccounttantLineVisble="true" Text="行号" FieldKind="Detail" DecimalDigits="0" Width="20" Height="5" />
                <Cell TextVAlign="Center" WordWrap="true" OrigWidth="20" OrigHeight="5" AccounttantLineVisble="true" Text="派工日期" FieldKind="Detail" DecimalDigits="0" X="20" Width="20" Height="5" />
                <Cell TextVAlign="Center" WordWrap="true" OrigWidth="20" OrigHeight="5" AccounttantLineVisble="true" Text="派工单号" FieldKind="Detail" DecimalDigits="0" X="40" Width="20" Height="5" />
                <Cell TextVAlign="Center" WordWrap="true" OrigWidth="20" OrigHeight="5" AccounttantLineVisble="true" Text="任务单号" FieldKind="Detail" DecimalDigits="0" X="60" Width="20" Height="5" />
                <Cell TextVAlign="Center" WordWrap="true" OrigWidth="20" OrigHeight="5" AccounttantLineVisble="true" Text="销售订单号" FieldKind="Detail" DecimalDigits="0" X="80" Width="20" Height="5" />
                <Cell TextVAlign="Center" WordWrap="true" OrigWidth="20" OrigHeight="5" AccounttantLineVisble="true" Text="工序全名" FieldKind="Detail" DecimalDigits="0" X="100" Width="20" Height="5" />
                <Cell TextVAlign="Center" WordWrap="true" OrigWidth="20" OrigHeight="5" AccounttantLineVisble="true" Text="应加工数量" FieldKind="Detail" DecimalDigits="0" X="120" Width="20" Height="5" />
                <Cell TextVAlign="Center" WordWrap="true" OrigWidth="20" OrigHeight="5" AccounttantLineVisble="true" Text="上游报废数量" FieldKind="Detail" DecimalDigits="0" X="140" Width="20" Height="5" />
                <Cell TextVAlign="Center" WordWrap="true" OrigWidth="20" OrigHeight="5" AccounttantLineVisble="true" Text="累计接收数量" FieldKind="Detail" DecimalDigits="0" X="160" Width="20" Height="5" />
                <Cell TextVAlign="Center" WordWrap="true" OrigWidth="20" OrigHeight="5" AccounttantLineVisble="true" Text="累计移交数量" FieldKind="Detail" DecimalDigits="0" X="180" Width="20" Height="5" />
                <Cell TextVAlign="Center" WordWrap="true" OrigWidth="20" OrigHeight="5" AccounttantLineVisble="true" Text="累计其他转出" FieldKind="Detail" DecimalDigits="0" X="200" Width="20" Height="5" />
                <Cell TextVAlign="Center" WordWrap="true" OrigWidth="20" OrigHeight="5" AccounttantLineVisble="true" Text="累计报废" FieldKind="Detail" DecimalDigits="0" X="220" Width="20" Height="5" />
                <Cell TextVAlign="Center" WordWrap="true" OrigWidth="20" OrigHeight="5" AccounttantLineVisble="true" Text="尚未移交数量" FieldKind="Detail" DecimalDigits="0" X="240" Width="20" Height="5" />
              </Cells>
            </Row>
            <Row Height="5" TextVAlign="Center">
              <Cells>
                <Cell TextVAlign="Center" WordWrap="true" OrigWidth="20" OrigHeight="5" AccounttantLineVisble="true" Text="合计" DecimalDigits="0" Width="20" Height="5" />
                <Cell TextVAlign="Center" WordWrap="true" OrigWidth="20" OrigHeight="5" AccounttantLineVisble="true" Text="" DecimalDigits="0" X="20" Width="20" Height="5" />
                <Cell TextVAlign="Center" WordWrap="true" OrigWidth="20" OrigHeight="5" AccounttantLineVisble="true" Text="" DecimalDigits="0" X="40" Width="20" Height="5" />
                <Cell TextVAlign="Center" WordWrap="true" OrigWidth="20" OrigHeight="5" AccounttantLineVisble="true" Text="" DecimalDigits="0" X="60" Width="20" Height="5" />
                <Cell TextVAlign="Center" WordWrap="true" OrigWidth="20" OrigHeight="5" AccounttantLineVisble="true" Text="" DecimalDigits="0" X="80" Width="20" Height="5" />
                <Cell TextVAlign="Center" WordWrap="true" OrigWidth="20" OrigHeight="5" AccounttantLineVisble="true" Text="" DecimalDigits="0" X="100" Width="20" Height="5" />
                <Cell TextVAlign="Center" WordWrap="true" OrigWidth="20" OrigHeight="5" AccounttantLineVisble="true" Text="" DecimalDigits="0" X="120" Width="20" Height="5" />
                <Cell TextVAlign="Center" WordWrap="true" OrigWidth="20" OrigHeight="5" AccounttantLineVisble="true" Text="" DecimalDigits="0" X="140" Width="20" Height="5" />
                <Cell TextVAlign="Center" WordWrap="true" OrigWidth="20" OrigHeight="5" AccounttantLineVisble="true" Text="" DecimalDigits="0" X="160" Width="20" Height="5" />
                <Cell TextVAlign="Center" WordWrap="true" OrigWidth="20" OrigHeight="5" AccounttantLineVisble="true" Text="" DecimalDigits="0" X="180" Width="20" Height="5" />
                <Cell TextVAlign="Center" WordWrap="true" OrigWidth="20" OrigHeight="5" AccounttantLineVisble="true" Text="" DecimalDigits="0" X="200" Width="20" Height="5" />
                <Cell TextVAlign="Center" WordWrap="true" OrigWidth="20" OrigHeight="5" AccounttantLineVisble="true" Text="" DecimalDigits="0" X="220" Width="20" Height="5" />
                <Cell TextVAlign="Center" WordWrap="true" OrigWidth="20" OrigHeight="5" AccounttantLineVisble="true" Text="" DecimalDigits="0" X="240" Width="20" Height="5" />
              </Cells>
            </Row>
          </Rows>
        </TableElement>
      </Elements>
      <Bands>
        <Band IsVisible="false" TextVAlign="Center" />
        <Band BandKind="PageHeader" Height="20" TextVAlign="Center" />
        <Band BandKind="ReportHeader" Y="20" Height="20" TextVAlign="Center" />
        <Band IsVisible="false" BandKind="PageBodyHeader" TextVAlign="Center" />
        <Band BandKind="PageDetail" Y="40" Height="237" TextVAlign="Center" />
        <Band IsVisible="false" BandKind="PageBodyFooter" TextVAlign="Center" />
        <Band IsVisible="false" BandKind="ReportFooter" Height="20" TextVAlign="Center" />
        <Band BandKind="PageFooter" Y="277" Height="20" TextVAlign="Center" />
      </Bands>
    </Page>
  </Pages>
  <PageSettings MarginLeft="10" MarginTop="20" MarginBottom="20" PageWidth="210" PageHeight="297" />
  <ExpressionFields />
</Report>