<Report MaxRowCount="0">
  <Pages>
    <Page Width="210" Height="297" TextVAlign="Center">
      <OrderFields />
      <Elements>
        <TextElement Text="表名" FieldKind="Master" LeftLineVisible="false" TopLineVisible="false" RightLineVisible="false" BottomLineVisible="false" BandKind="ReportHeader" X="46.6354205449422" Y="25.633335240682" Width="100" Height="10" FontSize="20" BoldFont="true" TextHAlign="Center" TextVAlign="Center" />
        <TableElement X="9.921875" Y="40" Width="189.970833333333" Height="236.422923660278" TextVAlign="Center">
          <Rows>
            <Row X="9.921875" Y="40" Width="76.4645833333333" Height="5" TextVAlign="Center">
              <Cells>
                <Cell CellWidth="3.4" OrigWidth="33.6020833333333" OrigHeight="5" Text="开始日期" FieldKind="Master" LeftLineVisible="false" TopLineVisible="false" RightLineVisible="false" BottomLineVisible="false" X="9.921875" Y="40" Width="33.6020833333333" Height="5" TextColor="black" TextHAlign="Center" TextVAlign="Center" WordWrap="true" />
                <Cell CellWidth="3.4" OrigWidth="23.5479166666667" OrigHeight="5" Text="至" LeftLineVisible="false" TopLineVisible="false" RightLineVisible="false" X="43.5239583333333" Y="40" Width="23.5479166666667" Height="5" TextColor="black" TextHAlign="Center" TextVAlign="Center" WordWrap="true" />
                <Cell CellWidth="3.4" OrigWidth="19.3145833333333" OrigHeight="5" Text="结束日期" FieldKind="Master" LeftLineVisible="false" TopLineVisible="false" RightLineVisible="false" X="67.071875" Y="40" Width="19.3145833333333" Height="5" TextColor="black" TextHAlign="Center" TextVAlign="Center" WordWrap="true" />
              </Cells>
            </Row>
            <Row X="9.921875" Y="45" Width="189.970833333333" Height="5" TextVAlign="Center">
              <Cells>
                <Cell RowSpan="2" CellWidth="3.4" OrigWidth="19.5791666666667" OrigHeight="5" Text="仓库全名" X="9.921875" Y="45" Width="19.5791666666667" Height="10" TextHAlign="Center" TextVAlign="Center" WordWrap="true" />
                <Cell RowSpan="2" CellWidth="3.4" OrigWidth="19.7114583333333" OrigHeight="5" Text="货位全名" X="29.5010416666667" Y="45" Width="19.7114583333333" Height="10" TextHAlign="Center" TextVAlign="Center" WordWrap="true" />
                <Cell RowSpan="2" CellWidth="3.4" OrigWidth="17.859375" OrigHeight="5" Text="存货全名" DecimalDigits="0" X="49.2125" Y="45" Width="17.859375" Height="10" TextHAlign="Center" TextVAlign="Center" WordWrap="true" />
                <Cell CellWidth="3.4" OrigWidth="35.9833333333333" OrigHeight="5" Text="期初结存" X="67.071875" Y="45" Width="35.9833333333333" Height="5" TextHAlign="Center" TextVAlign="Center" WordWrap="true" />
                <Cell CellWidth="3.4" OrigWidth="38.89375" OrigHeight="5" Text="本期入库" X="103.055208333333" Y="45" Width="38.89375" Height="5" TextHAlign="Center" TextVAlign="Center" WordWrap="true" />
                <Cell CellWidth="3.4" OrigWidth="28.9718750000001" OrigHeight="5" Text="本期出库" X="141.948958333333" Y="45" Width="28.9718750000001" Height="5" TextHAlign="Center" TextVAlign="Center" WordWrap="true" />
                <Cell CellWidth="3.4" OrigWidth="28.9718750000001" OrigHeight="5" Text="期末结存" DecimalDigits="0" X="170.920833333333" Y="45" Width="28.9718750000001" Height="5" TextHAlign="Center" TextVAlign="Center" WordWrap="true" />
              </Cells>
            </Row>
            <Row X="9.921875" Y="50" Width="189.970833333333" Height="5" TextVAlign="Center">
              <Cells>
                <Cell CellWidth="3.4" OrigWidth="19.5791666666667" OrigHeight="5" Text="" X="9.921875" Y="50" Width="24.60625" Height="5" TextHAlign="Center" TextVAlign="Center" WordWrap="true" />
                <Cell CellWidth="3.4" OrigWidth="19.7114583333333" OrigHeight="5" Text="" X="29.5010416666667" Y="50" Width="12.303125" Height="5" TextHAlign="Center" TextVAlign="Center" WordWrap="true" />
                <Cell CellWidth="3.4" OrigWidth="17.859375" OrigHeight="5" Text="" DecimalDigits="0" X="49.2125" Y="50" Width="12.303125" Height="5" TextHAlign="Center" TextVAlign="Center" WordWrap="true" />
                <Cell CellWidth="3.4" OrigWidth="35.9833333333334" OrigHeight="5" Text="数量" X="67.071875" Y="50" Width="35.9833333333334" Height="5" TextHAlign="Center" TextVAlign="Center" WordWrap="true" />
                <Cell CellWidth="3.4" OrigWidth="38.8937500000001" OrigHeight="5" Text="数量" X="103.055208333333" Y="50" Width="38.8937500000001" Height="5" TextHAlign="Center" TextVAlign="Center" WordWrap="true" />
                <Cell CellWidth="3.4" OrigWidth="28.971875" OrigHeight="5" Text="数量" X="141.948958333334" Y="50" Width="28.971875" Height="5" TextHAlign="Center" TextVAlign="Center" WordWrap="true" />
                <Cell CellWidth="3.4" OrigWidth="28.971875" OrigHeight="5" Text="数量" DecimalDigits="0" X="170.920833333333" Y="50" Width="28.971875" Height="5" TextHAlign="Center" TextVAlign="Center" WordWrap="true" />
              </Cells>
            </Row>
            <Row X="9.921875" Y="55" Width="189.970833333333" Height="5" TextVAlign="Center">
              <Cells>
                <Cell CellWidth="3.4" OrigWidth="19.5791666666667" OrigHeight="5" Text="仓库全名" FieldKind="Detail" X="9.921875" Y="55" Width="19.5791666666667" Height="5" TextColor="black" TextHAlign="Center" TextVAlign="Center" WordWrap="true" />
                <Cell CellWidth="3.4" OrigWidth="19.7114583333333" OrigHeight="5" Text="货位全名" FieldKind="Detail" X="29.5010416666667" Y="55" Width="19.7114583333333" Height="5" TextColor="black" TextHAlign="Center" TextVAlign="Center" WordWrap="true" />
                <Cell CellWidth="3.4" OrigWidth="17.859375" OrigHeight="5" Text="存货全名" FieldKind="Detail" DecimalDigits="0" X="49.2125" Y="55" Width="17.859375" Height="5" TextColor="black" TextHAlign="Center" TextVAlign="Center" WordWrap="true" />
                <Cell CellWidth="3.4" OrigWidth="35.9833333333333" OrigHeight="5" Text="期初结存数量" FieldKind="Detail" X="67.071875" Y="55" Width="35.9833333333333" Height="5" TextColor="black" TextHAlign="Center" TextVAlign="Center" WordWrap="true" />
                <Cell CellWidth="3.4" OrigWidth="38.89375" OrigHeight="5" Text="本期入库数量" FieldKind="Detail" X="103.055208333333" Y="55" Width="38.89375" Height="5" TextColor="black" TextHAlign="Center" TextVAlign="Center" WordWrap="true" />
                <Cell CellWidth="3.4" OrigWidth="28.971875" OrigHeight="5" Text="本期出库数量" FieldKind="Detail" X="141.948958333333" Y="55" Width="28.971875" Height="5" TextColor="black" TextHAlign="Center" TextVAlign="Center" WordWrap="true" />
                <Cell CellWidth="3.4" OrigWidth="28.971875" OrigHeight="5" Text="期末结存数量" FieldKind="Detail" DecimalDigits="0" X="170.920833333333" Y="55" Width="28.971875" Height="5" TextColor="black" TextHAlign="Center" TextVAlign="Center" WordWrap="true" />
              </Cells>
            </Row>
            <Row X="9.921875" Y="60" Width="189.970833333333" Height="5" TextVAlign="Center">
              <Cells>
                <Cell CellWidth="3.4" OrigWidth="57.15" OrigHeight="5" Text="合计" DecimalDigits="0" X="9.921875" Y="60" Width="57.15" Height="5" TextColor="black" TextHAlign="Center" TextVAlign="Center" WordWrap="true" />
                <Cell CellWidth="3.4" OrigWidth="35.9833333333333" OrigHeight="5" Text="期初结存数量" FieldKind="Total" DecimalDigits="0" X="67.071875" Y="60" Width="35.9833333333333" Height="5" TextColor="black" TextHAlign="Center" TextVAlign="Center" WordWrap="true" />
                <Cell CellWidth="3.4" OrigWidth="38.89375" OrigHeight="5" Text="本期入库数量" FieldKind="Total" DecimalDigits="0" X="103.055208333333" Y="60" Width="38.89375" Height="5" TextColor="black" TextHAlign="Center" TextVAlign="Center" WordWrap="true" />
                <Cell CellWidth="3.4" OrigWidth="28.971875" OrigHeight="5" Text="本期出库数量" FieldKind="Total" DecimalDigits="0" X="141.948958333333" Y="60" Width="28.971875" Height="5" TextColor="black" TextHAlign="Center" TextVAlign="Center" WordWrap="true" />
                <Cell CellWidth="3.4" OrigWidth="28.971875" OrigHeight="5" Text="期末结存数量" FieldKind="Total" DecimalDigits="0" X="170.920833333333" Y="60" Width="28.971875" Height="5" TextColor="black" TextHAlign="Center" TextVAlign="Center" WordWrap="true" />
              </Cells>
            </Row>
            <Row X="9.921875" Y="65" Width="189.970833333333" Height="5" TextVAlign="Center">
              <Cells>
                <Cell CellWidth="3.4" OrigWidth="19.5791666666667" OrigHeight="5" Text="" LeftLineVisible="false" RightLineVisible="false" BottomLineVisible="false" X="9.921875" Y="65" Width="19.5791666666667" Height="5" TextColor="black" TextVAlign="Center" WordWrap="true" />
                <Cell CellWidth="3.4" OrigWidth="37.5708333333333" OrigHeight="5" Text="" LeftLineVisible="false" RightLineVisible="false" BottomLineVisible="false" X="29.5010416666667" Y="65" Width="37.5708333333333" Height="5" TextColor="black" TextHAlign="Center" TextVAlign="Center" WordWrap="true" />
                <Cell CellWidth="3.4" OrigWidth="35.9833333333333" OrigHeight="5" Text="" LeftLineVisible="false" RightLineVisible="false" BottomLineVisible="false" X="67.071875" Y="65" Width="35.9833333333333" Height="5" TextColor="black" TextHAlign="Center" TextVAlign="Center" WordWrap="true" />
                <Cell CellWidth="3.4" OrigWidth="38.89375" OrigHeight="5" Text="" LeftLineVisible="false" RightLineVisible="false" BottomLineVisible="false" X="103.055208333333" Y="65" Width="38.89375" Height="5" TextColor="black" TextHAlign="Center" TextVAlign="Center" WordWrap="true" />
                <Cell CellWidth="3.4" OrigWidth="30.6916666666667" OrigHeight="5" Text="打印时间：" LeftLineVisible="false" RightLineVisible="false" BottomLineVisible="false" X="141.948958333333" Y="65" Width="30.6916666666667" Height="5" TextColor="black" TextHAlign="Center" TextVAlign="Center" WordWrap="true" />
                <Cell CellWidth="3.4" OrigWidth="27.2520833333334" OrigHeight="5" Text="日期" FieldKind="System" LeftLineVisible="false" RightLineVisible="false" BottomLineVisible="false" X="172.640625" Y="65" Width="27.2520833333334" Height="5" TextColor="black" TextHAlign="Center" TextVAlign="Center" WordWrap="true" />
              </Cells>
            </Row>
            <Row X="9.921875" Y="70" Width="189.970833333333" Height="5" TextVAlign="Center">
              <Cells>
                <Cell CellWidth="3.4" OrigWidth="19.5791666666667" OrigHeight="5" Text="" LeftLineVisible="false" TopLineVisible="false" RightLineVisible="false" BottomLineVisible="false" X="9.921875" Y="70" Width="19.5791666666667" Height="5" TextColor="black" TextHAlign="Center" TextVAlign="Center" WordWrap="true" />
                <Cell CellWidth="3.4" OrigWidth="37.5708333333333" OrigHeight="5" Text="" LeftLineVisible="false" TopLineVisible="false" RightLineVisible="false" BottomLineVisible="false" X="29.5010416666667" Y="70" Width="37.5708333333333" Height="5" TextColor="black" TextHAlign="Center" TextVAlign="Center" WordWrap="true" />
                <Cell CellWidth="3.4" OrigWidth="35.9833333333333" OrigHeight="5" Text="" LeftLineVisible="false" TopLineVisible="false" RightLineVisible="false" BottomLineVisible="false" X="67.071875" Y="70" Width="35.9833333333333" Height="5" TextColor="black" TextHAlign="Center" TextVAlign="Center" WordWrap="true" />
                <Cell CellWidth="3.4" OrigWidth="38.89375" OrigHeight="5" Text="" LeftLineVisible="false" TopLineVisible="false" RightLineVisible="false" BottomLineVisible="false" X="103.055208333333" Y="70" Width="38.89375" Height="5" TextColor="black" TextHAlign="Center" TextVAlign="Center" WordWrap="true" />
                <Cell CellWidth="3.4" OrigWidth="30.6916666666667" OrigHeight="5" Text="" LeftLineVisible="false" TopLineVisible="false" RightLineVisible="false" BottomLineVisible="false" X="141.948958333333" Y="70" Width="30.6916666666667" Height="5" TextColor="black" TextHAlign="Center" TextVAlign="Center" WordWrap="true" />
                <Cell CellWidth="3.4" OrigWidth="27.2520833333334" OrigHeight="5" Text="[管家婆软件]" LeftLineVisible="false" TopLineVisible="false" RightLineVisible="false" BottomLineVisible="false" X="172.640625" Y="70" Width="27.2520833333334" Height="5" TextColor="black" TextHAlign="Right" TextVAlign="Center" WordWrap="true" />
              </Cells>
            </Row>
            <Row X="9.921875" Y="75" Width="57.15" Height="5" TextVAlign="Center">
              <Cells>
                <Cell CellWidth="3.4" OrigWidth="19.5791666666667" OrigHeight="5" Text="" LeftLineVisible="false" TopLineVisible="false" RightLineVisible="false" BottomLineVisible="false" X="9.921875" Y="75" Width="19.5791666666667" Height="5" TextVAlign="Center" WordWrap="true" />
                <Cell CellWidth="3.4" OrigWidth="37.5708333333333" OrigHeight="5" Text="" LeftLineVisible="false" TopLineVisible="false" RightLineVisible="false" BottomLineVisible="false" X="29.5010416666667" Y="75" Width="37.5708333333333" Height="5" TextVAlign="Center" WordWrap="true" />
              </Cells>
            </Row>
            <Row X="9.921875" Y="80" Width="57.15" Height="5" TextVAlign="Center">
              <Cells>
                <Cell CellWidth="3.4" OrigWidth="19.5791666666667" OrigHeight="5" Text="" LeftLineVisible="false" TopLineVisible="false" RightLineVisible="false" BottomLineVisible="false" X="9.921875" Y="80" Width="19.5791666666667" Height="5" TextColor="black" TextVAlign="Center" WordWrap="true" />
                <Cell CellWidth="3.4" OrigWidth="37.5708333333333" OrigHeight="5" Text="" LeftLineVisible="false" TopLineVisible="false" RightLineVisible="false" BottomLineVisible="false" X="29.5010416666667" Y="80" Width="37.5708333333333" Height="5" TextColor="black" TextVAlign="Center" WordWrap="true" />
              </Cells>
            </Row>
            <Row X="9.921875" Y="85" Width="1.078125" Height="5" TextVAlign="Center">
              <Cells>
                <Cell CellWidth="3.4" OrigWidth="1.078125" OrigHeight="5" Text=" " LeftLineVisible="false" TopLineVisible="false" RightLineVisible="false" BottomLineVisible="false" X="9.921875" Y="85" Width="1.078125" Height="5" TextVAlign="Center" WordWrap="true" />
              </Cells>
            </Row>
          </Rows>
        </TableElement>
        <TextElement Text="总页码" FieldKind="System" LeftLineVisible="false" TopLineVisible="false" RightLineVisible="false" BottomLineVisible="false" BandKind="PageHeader" X="175.629169972738" Y="11.5833328564962" Width="20" Height="5" TextHAlign="Right" TextVAlign="Center" />
      </Elements>
      <Bands>
        <Band IsVisible="false" TextVAlign="Center" />
        <Band BandKind="PageHeader" Height="20" TextVAlign="Center" />
        <Band BandKind="ReportHeader" Y="19.84375" Height="20" TextVAlign="Center" />
        <Band IsVisible="false" BandKind="PageBodyHeader" TextVAlign="Center" />
        <Band BandKind="PageDetail" Y="39.6875" Height="237" TextVAlign="Center" />
        <Band IsVisible="false" BandKind="PageBodyFooter" TextVAlign="Center" />
        <Band IsVisible="false" BandKind="ReportFooter" TextVAlign="Center" />
        <Band BandKind="PageFooter" Y="276.754166666667" Height="20" TextVAlign="Center" />
      </Bands>
    </Page>
  </Pages>
  <PageSettings MarginLeft="10" MarginTop="20" MarginRight="10" MarginBottom="20" PageWidth="210" PageHeight="297" />
  <ExpressionFields />
</Report>