<Report MaxRowCount="0">
  <Pages>
    <Page Width="210" Height="297" TextVAlign="Center">
      <OrderFields />
      <Elements>
        <TextElement Text="工贸-库存数量汇总表" LeftLineWidth="3" LeftLineColor="#FFFFFF" TopLineVisible="false" TopLineWidth="0" TopLineColor="#FFFFFF" RightLineVisible="false" RightLineWidth="0" RightLineColor="#FFFFFF" BottomLineVisible="false" BottomLineWidth="0" BottomLineColor="#FFFFFF" DecimalDigits="0" X="85" Y="5" Width="133" Height="10" FontSize="20" BoldFont="true" TextHAlign="Center" TextVAlign="Top" />
        <TableElement X="10" Y="40" Width="200" Height="237" TextVAlign="Center">
          <Rows>
            <Row Height="5" TextVAlign="Center">
              <Cells>
                <Cell OrigWidth="20" OrigHeight="5" AccounttantLineVisble="true" Text="行号" DecimalDigits="0" Width="20" Height="5" TextVAlign="Center" WordWrap="true" />
                <Cell OrigWidth="20" OrigHeight="5" AccounttantLineVisble="true" Text="存货编号" DecimalDigits="0" X="20" Width="20" Height="5" TextVAlign="Center" WordWrap="true" />
                <Cell OrigWidth="20" OrigHeight="5" AccounttantLineVisble="true" Text="存货全名" DecimalDigits="0" X="40" Width="20" Height="5" TextVAlign="Center" WordWrap="true" />
                <Cell OrigWidth="20" OrigHeight="5" AccounttantLineVisble="true" Text="期初结存数量" DecimalDigits="0" X="60" Width="20" Height="5" TextVAlign="Center" WordWrap="true" />
                <Cell OrigWidth="20" OrigHeight="5" AccounttantLineVisble="true" Text="期初结存副单位数量" DecimalDigits="0" X="80" Width="20" Height="5" TextVAlign="Center" WordWrap="true" />
                <Cell OrigWidth="20" OrigHeight="5" AccounttantLineVisble="true" Text="进货数量" DecimalDigits="0" X="100" Width="20" Height="5" TextVAlign="Center" WordWrap="true" />
                <Cell OrigWidth="20" OrigHeight="5" AccounttantLineVisble="true" Text="进货副单位数量" DecimalDigits="0" X="120" Width="20" Height="5" TextVAlign="Center" WordWrap="true" />
                <Cell OrigWidth="20" OrigHeight="5" AccounttantLineVisble="true" Text="进货退货数量" DecimalDigits="0" X="140" Width="20" Height="5" TextVAlign="Center" WordWrap="true" />
                <Cell OrigWidth="20" OrigHeight="5" AccounttantLineVisble="true" Text="进货退货副单位数量" DecimalDigits="0" X="160" Width="20" Height="5" TextVAlign="Center" WordWrap="true" />
                <Cell OrigWidth="20" OrigHeight="5" AccounttantLineVisble="true" Text="生产入库数量" DecimalDigits="0" X="180" Width="20" Height="5" TextVAlign="Center" WordWrap="true" />
                <Cell OrigWidth="20" OrigHeight="5" AccounttantLineVisble="true" Text="生产入库副单位数量" DecimalDigits="0" X="200" Width="20" Height="5" TextVAlign="Center" WordWrap="true" />
                <Cell OrigWidth="20" OrigHeight="5" AccounttantLineVisble="true" Text="报溢数量" DecimalDigits="0" X="220" Width="20" Height="5" TextVAlign="Center" WordWrap="true" />
                <Cell OrigWidth="20" OrigHeight="5" AccounttantLineVisble="true" Text="报溢副单位数量" DecimalDigits="0" X="240" Width="20" Height="5" TextVAlign="Center" WordWrap="true" />
                <Cell OrigWidth="20" OrigHeight="5" AccounttantLineVisble="true" Text="其他入库数量" DecimalDigits="0" X="260" Width="20" Height="5" TextVAlign="Center" WordWrap="true" />
                <Cell OrigWidth="20" OrigHeight="5" AccounttantLineVisble="true" Text="其他入库副单位数量" DecimalDigits="0" X="280" Width="20" Height="5" TextVAlign="Center" WordWrap="true" />
                <Cell OrigWidth="20" OrigHeight="5" AccounttantLineVisble="true" Text="调拨入库数量" DecimalDigits="0" X="300" Width="20" Height="5" TextVAlign="Center" WordWrap="true" />
                <Cell OrigWidth="20" OrigHeight="5" AccounttantLineVisble="true" Text="调拨入库副单位数量" DecimalDigits="0" X="320" Width="20" Height="5" TextVAlign="Center" WordWrap="true" />
                <Cell OrigWidth="20" OrigHeight="5" AccounttantLineVisble="true" Text="估价入库数量" DecimalDigits="0" X="340" Width="20" Height="5" TextVAlign="Center" WordWrap="true" />
                <Cell OrigWidth="20" OrigHeight="5" AccounttantLineVisble="true" Text="估价入库副单位数量" DecimalDigits="0" X="360" Width="20" Height="5" TextVAlign="Center" WordWrap="true" />
                <Cell OrigWidth="20" OrigHeight="5" AccounttantLineVisble="true" Text="完工验收数量" DecimalDigits="0" X="380" Width="20" Height="5" TextVAlign="Center" WordWrap="true" />
                <Cell OrigWidth="20" OrigHeight="5" AccounttantLineVisble="true" Text="完工验收副单位数量" DecimalDigits="0" X="400" Width="20" Height="5" TextVAlign="Center" WordWrap="true" />
                <Cell OrigWidth="20" OrigHeight="5" AccounttantLineVisble="true" Text="委外完工验收数量" DecimalDigits="0" X="420" Width="20" Height="5" TextVAlign="Center" WordWrap="true" />
                <Cell OrigWidth="20" OrigHeight="5" AccounttantLineVisble="true" Text="委外完工验收副单位数量" DecimalDigits="0" X="440" Width="20" Height="5" TextVAlign="Center" WordWrap="true" />
                <Cell OrigWidth="20" OrigHeight="5" AccounttantLineVisble="true" Text="入库合计数量" DecimalDigits="0" X="460" Width="20" Height="5" TextVAlign="Center" WordWrap="true" />
                <Cell OrigWidth="20" OrigHeight="5" AccounttantLineVisble="true" Text="入库合计副单位数量" DecimalDigits="0" X="480" Width="20" Height="5" TextVAlign="Center" WordWrap="true" />
                <Cell OrigWidth="20" OrigHeight="5" AccounttantLineVisble="true" Text="销售数量" DecimalDigits="0" X="500" Width="20" Height="5" TextVAlign="Center" WordWrap="true" />
                <Cell OrigWidth="20" OrigHeight="5" AccounttantLineVisble="true" Text="销售副单位数量" DecimalDigits="0" X="520" Width="20" Height="5" TextVAlign="Center" WordWrap="true" />
                <Cell OrigWidth="20" OrigHeight="5" AccounttantLineVisble="true" Text="销售退货数量" DecimalDigits="0" X="540" Width="20" Height="5" TextVAlign="Center" WordWrap="true" />
                <Cell OrigWidth="20" OrigHeight="5" AccounttantLineVisble="true" Text="销售退货副单位数量" DecimalDigits="0" X="560" Width="20" Height="5" TextVAlign="Center" WordWrap="true" />
                <Cell OrigWidth="20" OrigHeight="5" AccounttantLineVisble="true" Text="生产出库数量" DecimalDigits="0" X="580" Width="20" Height="5" TextVAlign="Center" WordWrap="true" />
                <Cell OrigWidth="20" OrigHeight="5" AccounttantLineVisble="true" Text="生产出库副单位数量" DecimalDigits="0" X="600" Width="20" Height="5" TextVAlign="Center" WordWrap="true" />
                <Cell OrigWidth="20" OrigHeight="5" AccounttantLineVisble="true" Text="报损数量" DecimalDigits="0" X="620" Width="20" Height="5" TextVAlign="Center" WordWrap="true" />
                <Cell OrigWidth="20" OrigHeight="5" AccounttantLineVisble="true" Text="报损副单位数量" DecimalDigits="0" X="640" Width="20" Height="5" TextVAlign="Center" WordWrap="true" />
                <Cell OrigWidth="20" OrigHeight="5" AccounttantLineVisble="true" Text="其他出库数量" DecimalDigits="0" X="660" Width="20" Height="5" TextVAlign="Center" WordWrap="true" />
                <Cell OrigWidth="20" OrigHeight="5" AccounttantLineVisble="true" Text="其他出库副单位数量" DecimalDigits="0" X="680" Width="20" Height="5" TextVAlign="Center" WordWrap="true" />
                <Cell OrigWidth="20" OrigHeight="5" AccounttantLineVisble="true" Text="调拨出库数量" DecimalDigits="0" X="700" Width="20" Height="5" TextVAlign="Center" WordWrap="true" />
                <Cell OrigWidth="20" OrigHeight="5" AccounttantLineVisble="true" Text="调拨出库副单位数量" DecimalDigits="0" X="720" Width="20" Height="5" TextVAlign="Center" WordWrap="true" />
                <Cell OrigWidth="20" OrigHeight="5" AccounttantLineVisble="true" Text="委托数量" DecimalDigits="0" X="740" Width="20" Height="5" TextVAlign="Center" WordWrap="true" />
                <Cell OrigWidth="20" OrigHeight="5" AccounttantLineVisble="true" Text="委托副单位数量" DecimalDigits="0" X="760" Width="20" Height="5" TextVAlign="Center" WordWrap="true" />
                <Cell OrigWidth="20" OrigHeight="5" AccounttantLineVisble="true" Text="委托退货数量" DecimalDigits="0" X="780" Width="20" Height="5" TextVAlign="Center" WordWrap="true" />
                <Cell OrigWidth="20" OrigHeight="5" AccounttantLineVisble="true" Text="委托退货副单位数量" DecimalDigits="0" X="800" Width="20" Height="5" TextVAlign="Center" WordWrap="true" />
                <Cell OrigWidth="20" OrigHeight="5" AccounttantLineVisble="true" Text="领料数量" DecimalDigits="0" X="820" Width="20" Height="5" TextVAlign="Center" WordWrap="true" />
                <Cell OrigWidth="20" OrigHeight="5" AccounttantLineVisble="true" Text="领料副单位数量" DecimalDigits="0" X="840" Width="20" Height="5" TextVAlign="Center" WordWrap="true" />
                <Cell OrigWidth="20" OrigHeight="5" AccounttantLineVisble="true" Text="退料数量" DecimalDigits="0" X="860" Width="20" Height="5" TextVAlign="Center" WordWrap="true" />
                <Cell OrigWidth="20" OrigHeight="5" AccounttantLineVisble="true" Text="退料副单位数量" DecimalDigits="0" X="880" Width="20" Height="5" TextVAlign="Center" WordWrap="true" />
                <Cell OrigWidth="20" OrigHeight="5" AccounttantLineVisble="true" Text="委外领料数量" DecimalDigits="0" X="900" Width="20" Height="5" TextVAlign="Center" WordWrap="true" />
                <Cell OrigWidth="20" OrigHeight="5" AccounttantLineVisble="true" Text="委外领料副单位数量" DecimalDigits="0" X="920" Width="20" Height="5" TextVAlign="Center" WordWrap="true" />
                <Cell OrigWidth="20" OrigHeight="5" AccounttantLineVisble="true" Text="委外退料数量" DecimalDigits="0" X="940" Width="20" Height="5" TextVAlign="Center" WordWrap="true" />
                <Cell OrigWidth="20" OrigHeight="5" AccounttantLineVisble="true" Text="委外退料副单位数量" DecimalDigits="0" X="960" Width="20" Height="5" TextVAlign="Center" WordWrap="true" />
                <Cell OrigWidth="20" OrigHeight="5" AccounttantLineVisble="true" Text="出库合计数量" DecimalDigits="0" X="980" Width="20" Height="5" TextVAlign="Center" WordWrap="true" />
                <Cell OrigWidth="20" OrigHeight="5" AccounttantLineVisble="true" Text="出库合计副单位数量" DecimalDigits="0" X="1000" Width="20" Height="5" TextVAlign="Center" WordWrap="true" />
                <Cell OrigWidth="20" OrigHeight="5" AccounttantLineVisble="true" Text="期末结存数量" DecimalDigits="0" X="1020" Width="20" Height="5" TextVAlign="Center" WordWrap="true" />
                <Cell OrigWidth="20" OrigHeight="5" AccounttantLineVisble="true" Text="期末结存副单位数量" DecimalDigits="0" X="1040" Width="20" Height="5" TextVAlign="Center" WordWrap="true" />
              </Cells>
            </Row>
            <Row Height="5" TextVAlign="Center">
              <Cells>
                <Cell OrigWidth="20" OrigHeight="5" AccounttantLineVisble="true" Text="行号" FieldKind="Detail" DecimalDigits="0" Width="20" Height="5" TextVAlign="Center" WordWrap="true" />
                <Cell OrigWidth="20" OrigHeight="5" AccounttantLineVisble="true" Text="存货编号" FieldKind="Detail" DecimalDigits="0" X="20" Width="20" Height="5" TextVAlign="Center" WordWrap="true" />
                <Cell OrigWidth="20" OrigHeight="5" AccounttantLineVisble="true" Text="存货全名" FieldKind="Detail" DecimalDigits="0" X="40" Width="20" Height="5" TextVAlign="Center" WordWrap="true" />
                <Cell OrigWidth="20" OrigHeight="5" AccounttantLineVisble="true" Text="期初结存数量" FieldKind="Detail" DecimalDigits="0" X="60" Width="20" Height="5" TextVAlign="Center" WordWrap="true" />
                <Cell OrigWidth="20" OrigHeight="5" AccounttantLineVisble="true" Text="期初结存副单位数量" FieldKind="Detail" DecimalDigits="0" X="80" Width="20" Height="5" TextVAlign="Center" WordWrap="true" />
                <Cell OrigWidth="20" OrigHeight="5" AccounttantLineVisble="true" Text="进货数量" FieldKind="Detail" DecimalDigits="0" X="100" Width="20" Height="5" TextVAlign="Center" WordWrap="true" />
                <Cell OrigWidth="20" OrigHeight="5" AccounttantLineVisble="true" Text="进货副单位数量" FieldKind="Detail" DecimalDigits="0" X="120" Width="20" Height="5" TextVAlign="Center" WordWrap="true" />
                <Cell OrigWidth="20" OrigHeight="5" AccounttantLineVisble="true" Text="进货退货数量" FieldKind="Detail" DecimalDigits="0" X="140" Width="20" Height="5" TextVAlign="Center" WordWrap="true" />
                <Cell OrigWidth="20" OrigHeight="5" AccounttantLineVisble="true" Text="进货退货副单位数量" FieldKind="Detail" DecimalDigits="0" X="160" Width="20" Height="5" TextVAlign="Center" WordWrap="true" />
                <Cell OrigWidth="20" OrigHeight="5" AccounttantLineVisble="true" Text="生产入库数量" FieldKind="Detail" DecimalDigits="0" X="180" Width="20" Height="5" TextVAlign="Center" WordWrap="true" />
                <Cell OrigWidth="20" OrigHeight="5" AccounttantLineVisble="true" Text="生产入库副单位数量" FieldKind="Detail" DecimalDigits="0" X="200" Width="20" Height="5" TextVAlign="Center" WordWrap="true" />
                <Cell OrigWidth="20" OrigHeight="5" AccounttantLineVisble="true" Text="报溢数量" FieldKind="Detail" DecimalDigits="0" X="220" Width="20" Height="5" TextVAlign="Center" WordWrap="true" />
                <Cell OrigWidth="20" OrigHeight="5" AccounttantLineVisble="true" Text="报溢副单位数量" FieldKind="Detail" DecimalDigits="0" X="240" Width="20" Height="5" TextVAlign="Center" WordWrap="true" />
                <Cell OrigWidth="20" OrigHeight="5" AccounttantLineVisble="true" Text="其他入库数量" FieldKind="Detail" DecimalDigits="0" X="260" Width="20" Height="5" TextVAlign="Center" WordWrap="true" />
                <Cell OrigWidth="20" OrigHeight="5" AccounttantLineVisble="true" Text="其他入库副单位数量" FieldKind="Detail" DecimalDigits="0" X="280" Width="20" Height="5" TextVAlign="Center" WordWrap="true" />
                <Cell OrigWidth="20" OrigHeight="5" AccounttantLineVisble="true" Text="调拨入库数量" FieldKind="Detail" DecimalDigits="0" X="300" Width="20" Height="5" TextVAlign="Center" WordWrap="true" />
                <Cell OrigWidth="20" OrigHeight="5" AccounttantLineVisble="true" Text="调拨入库副单位数量" FieldKind="Detail" DecimalDigits="0" X="320" Width="20" Height="5" TextVAlign="Center" WordWrap="true" />
                <Cell OrigWidth="20" OrigHeight="5" AccounttantLineVisble="true" Text="估价入库数量" FieldKind="Detail" DecimalDigits="0" X="340" Width="20" Height="5" TextVAlign="Center" WordWrap="true" />
                <Cell OrigWidth="20" OrigHeight="5" AccounttantLineVisble="true" Text="估价入库副单位数量" FieldKind="Detail" DecimalDigits="0" X="360" Width="20" Height="5" TextVAlign="Center" WordWrap="true" />
                <Cell OrigWidth="20" OrigHeight="5" AccounttantLineVisble="true" Text="完工验收数量" FieldKind="Detail" DecimalDigits="0" X="380" Width="20" Height="5" TextVAlign="Center" WordWrap="true" />
                <Cell OrigWidth="20" OrigHeight="5" AccounttantLineVisble="true" Text="完工验收副单位数量" FieldKind="Detail" DecimalDigits="0" X="400" Width="20" Height="5" TextVAlign="Center" WordWrap="true" />
                <Cell OrigWidth="20" OrigHeight="5" AccounttantLineVisble="true" Text="委外完工验收数量" FieldKind="Detail" DecimalDigits="0" X="420" Width="20" Height="5" TextVAlign="Center" WordWrap="true" />
                <Cell OrigWidth="20" OrigHeight="5" AccounttantLineVisble="true" Text="委外完工验收副单位数量" FieldKind="Detail" DecimalDigits="0" X="440" Width="20" Height="5" TextVAlign="Center" WordWrap="true" />
                <Cell OrigWidth="20" OrigHeight="5" AccounttantLineVisble="true" Text="入库合计数量" FieldKind="Detail" DecimalDigits="0" X="460" Width="20" Height="5" TextVAlign="Center" WordWrap="true" />
                <Cell OrigWidth="20" OrigHeight="5" AccounttantLineVisble="true" Text="入库合计副单位数量" FieldKind="Detail" DecimalDigits="0" X="480" Width="20" Height="5" TextVAlign="Center" WordWrap="true" />
                <Cell OrigWidth="20" OrigHeight="5" AccounttantLineVisble="true" Text="销售数量" FieldKind="Detail" DecimalDigits="0" X="500" Width="20" Height="5" TextVAlign="Center" WordWrap="true" />
                <Cell OrigWidth="20" OrigHeight="5" AccounttantLineVisble="true" Text="销售副单位数量" FieldKind="Detail" DecimalDigits="0" X="520" Width="20" Height="5" TextVAlign="Center" WordWrap="true" />
                <Cell OrigWidth="20" OrigHeight="5" AccounttantLineVisble="true" Text="销售退货数量" FieldKind="Detail" DecimalDigits="0" X="540" Width="20" Height="5" TextVAlign="Center" WordWrap="true" />
                <Cell OrigWidth="20" OrigHeight="5" AccounttantLineVisble="true" Text="销售退货副单位数量" FieldKind="Detail" DecimalDigits="0" X="560" Width="20" Height="5" TextVAlign="Center" WordWrap="true" />
                <Cell OrigWidth="20" OrigHeight="5" AccounttantLineVisble="true" Text="生产出库数量" FieldKind="Detail" DecimalDigits="0" X="580" Width="20" Height="5" TextVAlign="Center" WordWrap="true" />
                <Cell OrigWidth="20" OrigHeight="5" AccounttantLineVisble="true" Text="生产出库副单位数量" FieldKind="Detail" DecimalDigits="0" X="600" Width="20" Height="5" TextVAlign="Center" WordWrap="true" />
                <Cell OrigWidth="20" OrigHeight="5" AccounttantLineVisble="true" Text="报损数量" FieldKind="Detail" DecimalDigits="0" X="620" Width="20" Height="5" TextVAlign="Center" WordWrap="true" />
                <Cell OrigWidth="20" OrigHeight="5" AccounttantLineVisble="true" Text="报损副单位数量" FieldKind="Detail" DecimalDigits="0" X="640" Width="20" Height="5" TextVAlign="Center" WordWrap="true" />
                <Cell OrigWidth="20" OrigHeight="5" AccounttantLineVisble="true" Text="其他出库数量" FieldKind="Detail" DecimalDigits="0" X="660" Width="20" Height="5" TextVAlign="Center" WordWrap="true" />
                <Cell OrigWidth="20" OrigHeight="5" AccounttantLineVisble="true" Text="其他出库副单位数量" FieldKind="Detail" DecimalDigits="0" X="680" Width="20" Height="5" TextVAlign="Center" WordWrap="true" />
                <Cell OrigWidth="20" OrigHeight="5" AccounttantLineVisble="true" Text="调拨出库数量" FieldKind="Detail" DecimalDigits="0" X="700" Width="20" Height="5" TextVAlign="Center" WordWrap="true" />
                <Cell OrigWidth="20" OrigHeight="5" AccounttantLineVisble="true" Text="调拨出库副单位数量" FieldKind="Detail" DecimalDigits="0" X="720" Width="20" Height="5" TextVAlign="Center" WordWrap="true" />
                <Cell OrigWidth="20" OrigHeight="5" AccounttantLineVisble="true" Text="委托数量" FieldKind="Detail" DecimalDigits="0" X="740" Width="20" Height="5" TextVAlign="Center" WordWrap="true" />
                <Cell OrigWidth="20" OrigHeight="5" AccounttantLineVisble="true" Text="委托副单位数量" FieldKind="Detail" DecimalDigits="0" X="760" Width="20" Height="5" TextVAlign="Center" WordWrap="true" />
                <Cell OrigWidth="20" OrigHeight="5" AccounttantLineVisble="true" Text="委托退货数量" FieldKind="Detail" DecimalDigits="0" X="780" Width="20" Height="5" TextVAlign="Center" WordWrap="true" />
                <Cell OrigWidth="20" OrigHeight="5" AccounttantLineVisble="true" Text="委托退货副单位数量" FieldKind="Detail" DecimalDigits="0" X="800" Width="20" Height="5" TextVAlign="Center" WordWrap="true" />
                <Cell OrigWidth="20" OrigHeight="5" AccounttantLineVisble="true" Text="领料数量" FieldKind="Detail" DecimalDigits="0" X="820" Width="20" Height="5" TextVAlign="Center" WordWrap="true" />
                <Cell OrigWidth="20" OrigHeight="5" AccounttantLineVisble="true" Text="领料副单位数量" FieldKind="Detail" DecimalDigits="0" X="840" Width="20" Height="5" TextVAlign="Center" WordWrap="true" />
                <Cell OrigWidth="20" OrigHeight="5" AccounttantLineVisble="true" Text="退料数量" FieldKind="Detail" DecimalDigits="0" X="860" Width="20" Height="5" TextVAlign="Center" WordWrap="true" />
                <Cell OrigWidth="20" OrigHeight="5" AccounttantLineVisble="true" Text="退料副单位数量" FieldKind="Detail" DecimalDigits="0" X="880" Width="20" Height="5" TextVAlign="Center" WordWrap="true" />
                <Cell OrigWidth="20" OrigHeight="5" AccounttantLineVisble="true" Text="委外领料数量" FieldKind="Detail" DecimalDigits="0" X="900" Width="20" Height="5" TextVAlign="Center" WordWrap="true" />
                <Cell OrigWidth="20" OrigHeight="5" AccounttantLineVisble="true" Text="委外领料副单位数量" FieldKind="Detail" DecimalDigits="0" X="920" Width="20" Height="5" TextVAlign="Center" WordWrap="true" />
                <Cell OrigWidth="20" OrigHeight="5" AccounttantLineVisble="true" Text="委外退料数量" FieldKind="Detail" DecimalDigits="0" X="940" Width="20" Height="5" TextVAlign="Center" WordWrap="true" />
                <Cell OrigWidth="20" OrigHeight="5" AccounttantLineVisble="true" Text="委外退料副单位数量" FieldKind="Detail" DecimalDigits="0" X="960" Width="20" Height="5" TextVAlign="Center" WordWrap="true" />
                <Cell OrigWidth="20" OrigHeight="5" AccounttantLineVisble="true" Text="出库合计数量" FieldKind="Detail" DecimalDigits="0" X="980" Width="20" Height="5" TextVAlign="Center" WordWrap="true" />
                <Cell OrigWidth="20" OrigHeight="5" AccounttantLineVisble="true" Text="出库合计副单位数量" FieldKind="Detail" DecimalDigits="0" X="1000" Width="20" Height="5" TextVAlign="Center" WordWrap="true" />
                <Cell OrigWidth="20" OrigHeight="5" AccounttantLineVisble="true" Text="期末结存数量" FieldKind="Detail" DecimalDigits="0" X="1020" Width="20" Height="5" TextVAlign="Center" WordWrap="true" />
                <Cell OrigWidth="20" OrigHeight="5" AccounttantLineVisble="true" Text="期末结存副单位数量" FieldKind="Detail" DecimalDigits="0" X="1040" Width="20" Height="5" TextVAlign="Center" WordWrap="true" />
              </Cells>
            </Row>
            <Row Height="5" TextVAlign="Center">
              <Cells>
                <Cell OrigWidth="20" OrigHeight="5" AccounttantLineVisble="true" Text="合计" DecimalDigits="0" Width="20" Height="5" TextVAlign="Center" WordWrap="true" />
                <Cell OrigWidth="20" OrigHeight="5" AccounttantLineVisble="true" Text="" DecimalDigits="0" X="20" Width="20" Height="5" TextVAlign="Center" WordWrap="true" />
                <Cell OrigWidth="20" OrigHeight="5" AccounttantLineVisble="true" Text="" DecimalDigits="0" X="40" Width="20" Height="5" TextVAlign="Center" WordWrap="true" />
                <Cell OrigWidth="20" OrigHeight="5" AccounttantLineVisble="true" Text="" DecimalDigits="0" X="60" Width="20" Height="5" TextVAlign="Center" WordWrap="true" />
                <Cell OrigWidth="20" OrigHeight="5" AccounttantLineVisble="true" Text="" DecimalDigits="0" X="80" Width="20" Height="5" TextVAlign="Center" WordWrap="true" />
                <Cell OrigWidth="20" OrigHeight="5" AccounttantLineVisble="true" Text="" DecimalDigits="0" X="100" Width="20" Height="5" TextVAlign="Center" WordWrap="true" />
                <Cell OrigWidth="20" OrigHeight="5" AccounttantLineVisble="true" Text="" DecimalDigits="0" X="120" Width="20" Height="5" TextVAlign="Center" WordWrap="true" />
                <Cell OrigWidth="20" OrigHeight="5" AccounttantLineVisble="true" Text="" DecimalDigits="0" X="140" Width="20" Height="5" TextVAlign="Center" WordWrap="true" />
                <Cell OrigWidth="20" OrigHeight="5" AccounttantLineVisble="true" Text="" DecimalDigits="0" X="160" Width="20" Height="5" TextVAlign="Center" WordWrap="true" />
                <Cell OrigWidth="20" OrigHeight="5" AccounttantLineVisble="true" Text="" DecimalDigits="0" X="180" Width="20" Height="5" TextVAlign="Center" WordWrap="true" />
                <Cell OrigWidth="20" OrigHeight="5" AccounttantLineVisble="true" Text="" DecimalDigits="0" X="200" Width="20" Height="5" TextVAlign="Center" WordWrap="true" />
                <Cell OrigWidth="20" OrigHeight="5" AccounttantLineVisble="true" Text="" DecimalDigits="0" X="220" Width="20" Height="5" TextVAlign="Center" WordWrap="true" />
                <Cell OrigWidth="20" OrigHeight="5" AccounttantLineVisble="true" Text="" DecimalDigits="0" X="240" Width="20" Height="5" TextVAlign="Center" WordWrap="true" />
                <Cell OrigWidth="20" OrigHeight="5" AccounttantLineVisble="true" Text="" DecimalDigits="0" X="260" Width="20" Height="5" TextVAlign="Center" WordWrap="true" />
                <Cell OrigWidth="20" OrigHeight="5" AccounttantLineVisble="true" Text="" DecimalDigits="0" X="280" Width="20" Height="5" TextVAlign="Center" WordWrap="true" />
                <Cell OrigWidth="20" OrigHeight="5" AccounttantLineVisble="true" Text="" DecimalDigits="0" X="300" Width="20" Height="5" TextVAlign="Center" WordWrap="true" />
                <Cell OrigWidth="20" OrigHeight="5" AccounttantLineVisble="true" Text="" DecimalDigits="0" X="320" Width="20" Height="5" TextVAlign="Center" WordWrap="true" />
                <Cell OrigWidth="20" OrigHeight="5" AccounttantLineVisble="true" Text="" DecimalDigits="0" X="340" Width="20" Height="5" TextVAlign="Center" WordWrap="true" />
                <Cell OrigWidth="20" OrigHeight="5" AccounttantLineVisble="true" Text="" DecimalDigits="0" X="360" Width="20" Height="5" TextVAlign="Center" WordWrap="true" />
                <Cell OrigWidth="20" OrigHeight="5" AccounttantLineVisble="true" Text="" DecimalDigits="0" X="380" Width="20" Height="5" TextVAlign="Center" WordWrap="true" />
                <Cell OrigWidth="20" OrigHeight="5" AccounttantLineVisble="true" Text="" DecimalDigits="0" X="400" Width="20" Height="5" TextVAlign="Center" WordWrap="true" />
                <Cell OrigWidth="20" OrigHeight="5" AccounttantLineVisble="true" Text="" DecimalDigits="0" X="420" Width="20" Height="5" TextVAlign="Center" WordWrap="true" />
                <Cell OrigWidth="20" OrigHeight="5" AccounttantLineVisble="true" Text="" DecimalDigits="0" X="440" Width="20" Height="5" TextVAlign="Center" WordWrap="true" />
                <Cell OrigWidth="20" OrigHeight="5" AccounttantLineVisble="true" Text="" DecimalDigits="0" X="460" Width="20" Height="5" TextVAlign="Center" WordWrap="true" />
                <Cell OrigWidth="20" OrigHeight="5" AccounttantLineVisble="true" Text="" DecimalDigits="0" X="480" Width="20" Height="5" TextVAlign="Center" WordWrap="true" />
                <Cell OrigWidth="20" OrigHeight="5" AccounttantLineVisble="true" Text="" DecimalDigits="0" X="500" Width="20" Height="5" TextVAlign="Center" WordWrap="true" />
                <Cell OrigWidth="20" OrigHeight="5" AccounttantLineVisble="true" Text="" DecimalDigits="0" X="520" Width="20" Height="5" TextVAlign="Center" WordWrap="true" />
                <Cell OrigWidth="20" OrigHeight="5" AccounttantLineVisble="true" Text="" DecimalDigits="0" X="540" Width="20" Height="5" TextVAlign="Center" WordWrap="true" />
                <Cell OrigWidth="20" OrigHeight="5" AccounttantLineVisble="true" Text="" DecimalDigits="0" X="560" Width="20" Height="5" TextVAlign="Center" WordWrap="true" />
                <Cell OrigWidth="20" OrigHeight="5" AccounttantLineVisble="true" Text="" DecimalDigits="0" X="580" Width="20" Height="5" TextVAlign="Center" WordWrap="true" />
                <Cell OrigWidth="20" OrigHeight="5" AccounttantLineVisble="true" Text="" DecimalDigits="0" X="600" Width="20" Height="5" TextVAlign="Center" WordWrap="true" />
                <Cell OrigWidth="20" OrigHeight="5" AccounttantLineVisble="true" Text="" DecimalDigits="0" X="620" Width="20" Height="5" TextVAlign="Center" WordWrap="true" />
                <Cell OrigWidth="20" OrigHeight="5" AccounttantLineVisble="true" Text="" DecimalDigits="0" X="640" Width="20" Height="5" TextVAlign="Center" WordWrap="true" />
                <Cell OrigWidth="20" OrigHeight="5" AccounttantLineVisble="true" Text="" DecimalDigits="0" X="660" Width="20" Height="5" TextVAlign="Center" WordWrap="true" />
                <Cell OrigWidth="20" OrigHeight="5" AccounttantLineVisble="true" Text="" DecimalDigits="0" X="680" Width="20" Height="5" TextVAlign="Center" WordWrap="true" />
                <Cell OrigWidth="20" OrigHeight="5" AccounttantLineVisble="true" Text="" DecimalDigits="0" X="700" Width="20" Height="5" TextVAlign="Center" WordWrap="true" />
                <Cell OrigWidth="20" OrigHeight="5" AccounttantLineVisble="true" Text="" DecimalDigits="0" X="720" Width="20" Height="5" TextVAlign="Center" WordWrap="true" />
                <Cell OrigWidth="20" OrigHeight="5" AccounttantLineVisble="true" Text="" DecimalDigits="0" X="740" Width="20" Height="5" TextVAlign="Center" WordWrap="true" />
                <Cell OrigWidth="20" OrigHeight="5" AccounttantLineVisble="true" Text="" DecimalDigits="0" X="760" Width="20" Height="5" TextVAlign="Center" WordWrap="true" />
                <Cell OrigWidth="20" OrigHeight="5" AccounttantLineVisble="true" Text="" DecimalDigits="0" X="780" Width="20" Height="5" TextVAlign="Center" WordWrap="true" />
                <Cell OrigWidth="20" OrigHeight="5" AccounttantLineVisble="true" Text="" DecimalDigits="0" X="800" Width="20" Height="5" TextVAlign="Center" WordWrap="true" />
                <Cell OrigWidth="20" OrigHeight="5" AccounttantLineVisble="true" Text="" DecimalDigits="0" X="820" Width="20" Height="5" TextVAlign="Center" WordWrap="true" />
                <Cell OrigWidth="20" OrigHeight="5" AccounttantLineVisble="true" Text="" DecimalDigits="0" X="840" Width="20" Height="5" TextVAlign="Center" WordWrap="true" />
                <Cell OrigWidth="20" OrigHeight="5" AccounttantLineVisble="true" Text="" DecimalDigits="0" X="860" Width="20" Height="5" TextVAlign="Center" WordWrap="true" />
                <Cell OrigWidth="20" OrigHeight="5" AccounttantLineVisble="true" Text="" DecimalDigits="0" X="880" Width="20" Height="5" TextVAlign="Center" WordWrap="true" />
                <Cell OrigWidth="20" OrigHeight="5" AccounttantLineVisble="true" Text="" DecimalDigits="0" X="900" Width="20" Height="5" TextVAlign="Center" WordWrap="true" />
                <Cell OrigWidth="20" OrigHeight="5" AccounttantLineVisble="true" Text="" DecimalDigits="0" X="920" Width="20" Height="5" TextVAlign="Center" WordWrap="true" />
                <Cell OrigWidth="20" OrigHeight="5" AccounttantLineVisble="true" Text="" DecimalDigits="0" X="940" Width="20" Height="5" TextVAlign="Center" WordWrap="true" />
                <Cell OrigWidth="20" OrigHeight="5" AccounttantLineVisble="true" Text="" DecimalDigits="0" X="960" Width="20" Height="5" TextVAlign="Center" WordWrap="true" />
                <Cell OrigWidth="20" OrigHeight="5" AccounttantLineVisble="true" Text="" DecimalDigits="0" X="980" Width="20" Height="5" TextVAlign="Center" WordWrap="true" />
                <Cell OrigWidth="20" OrigHeight="5" AccounttantLineVisble="true" Text="" DecimalDigits="0" X="1000" Width="20" Height="5" TextVAlign="Center" WordWrap="true" />
                <Cell OrigWidth="20" OrigHeight="5" AccounttantLineVisble="true" Text="" DecimalDigits="0" X="1020" Width="20" Height="5" TextVAlign="Center" WordWrap="true" />
                <Cell OrigWidth="20" OrigHeight="5" AccounttantLineVisble="true" Text="" DecimalDigits="0" X="1040" Width="20" Height="5" TextVAlign="Center" WordWrap="true" />
              </Cells>
            </Row>
          </Rows>
        </TableElement>
      </Elements>
      <Bands>
        <Band IsVisible="false" TextVAlign="Center" />
        <Band BandKind="PageHeader" Height="20" TextVAlign="Center" />
        <Band BandKind="ReportHeader" Y="20" Height="20" TextVAlign="Center" />
        <Band IsVisible="false" BandKind="PageBodyHeader" TextVAlign="Center" />
        <Band BandKind="PageDetail" Y="40" Height="237" TextVAlign="Center" />
        <Band IsVisible="false" BandKind="PageBodyFooter" TextVAlign="Center" />
        <Band IsVisible="false" BandKind="ReportFooter" Height="20" TextVAlign="Center" />
        <Band BandKind="PageFooter" Y="277" Height="20" TextVAlign="Center" />
      </Bands>
    </Page>
  </Pages>
  <PageSettings MarginLeft="10" MarginTop="20" MarginBottom="20" PageWidth="210" PageHeight="297" />
  <ExpressionFields />
</Report>