<Report MaxRowCount="0">
  <Pages>
    <Page Width="210" Height="297" TextVAlign="Center">
      <OrderFields />
      <Elements>
        <TextElement Text="表名" FieldKind="Master" LeftLineVisible="false" TopLineVisible="false" RightLineVisible="false" BottomLineVisible="false" BandKind="ReportHeader" X="78.3854205449422" Y="25.1083329677582" Width="56" Height="10" FontSize="20" BoldFont="true" TextVAlign="Center" />
        <TableElement X="10" Y="40" Width="189.628125" Height="236.422923660278" TextVAlign="Center">
          <Rows>
            <Row X="10" Y="40" Width="189.628125" Height="5" TextVAlign="Center">
              <Cells>
                <Cell CellWidth="3.4" OrigWidth="20.2947916666667" OrigHeight="5" Text="订单BOM编号" X="10" Y="40" Width="20.2947916666667" Height="5" TextHAlign="Center" TextVAlign="Center" WordWrap="true" />
                <Cell CellWidth="3.4" OrigWidth="20.3729166666667" OrigHeight="5" Text="订单BOM名称" X="30.2947916666667" Y="40" Width="20.3729166666667" Height="5" TextHAlign="Center" TextVAlign="Center" WordWrap="true" />
                <Cell CellWidth="3.4" OrigWidth="15.6104166666667" OrigHeight="5" Text="存货编号" X="50.6677083333334" Y="40" Width="15.6104166666667" Height="5" TextHAlign="Center" TextVAlign="Center" WordWrap="true" />
                <Cell CellWidth="3.4" OrigWidth="19.3145833333332" OrigHeight="5" Text="存货全名" X="66.2781250000001" Y="40" Width="19.3145833333332" Height="5" TextHAlign="Center" TextVAlign="Center" WordWrap="true" />
                <Cell CellWidth="3.4" OrigWidth="16.6687500000001" OrigHeight="5" Text="BOM修改人" X="85.5927083333333" Y="40" Width="16.6687500000001" Height="5" TextHAlign="Center" TextVAlign="Center" WordWrap="true" />
                <Cell CellWidth="3.4" OrigWidth="19.3145833333333" OrigHeight="5" Text="BOM修改日期" X="102.261458333333" Y="40" Width="19.3145833333333" Height="5" TextHAlign="Center" TextVAlign="Center" WordWrap="true" />
                <Cell CellWidth="3.4" OrigWidth="20.6375" OrigHeight="5" Text="客户编号" X="121.576041666667" Y="40" Width="20.6375" Height="5" TextHAlign="Center" TextVAlign="Center" WordWrap="true" />
                <Cell CellWidth="3.4" OrigWidth="18.2562499999999" OrigHeight="5" Text="客户全名" X="142.213541666667" Y="40" Width="18.2562499999999" Height="5" TextHAlign="Center" TextVAlign="Center" WordWrap="true" />
                <Cell CellWidth="3.4" OrigWidth="16.4041666666667" OrigHeight="5" Text="订单编号" X="160.469791666667" Y="40" Width="16.4041666666667" Height="5" TextHAlign="Center" TextVAlign="Center" WordWrap="true" />
                <Cell CellWidth="3.4" OrigWidth="22.7541666666667" OrigHeight="5" Text="存货数量" X="176.873958333333" Y="40" Width="22.7541666666667" Height="5" TextHAlign="Center" TextVAlign="Center" WordWrap="true" />
              </Cells>
            </Row>
            <Row X="10" Y="45" Width="189.628125" Height="5" TextVAlign="Center">
              <Cells>
                <Cell CellWidth="3.4" OrigWidth="20.2947916666667" OrigHeight="5" Text="订单BOM编号" FieldKind="Master" X="10" Y="45" Width="20.2947916666667" Height="5" TextVAlign="Center" WordWrap="true" />
                <Cell CellWidth="3.4" OrigWidth="20.3729166666667" OrigHeight="5" Text="订单BOM名称" FieldKind="Master" X="30.2947916666667" Y="45" Width="20.3729166666667" Height="5" TextVAlign="Center" WordWrap="true" />
                <Cell CellWidth="3.4" OrigWidth="15.6104166666667" OrigHeight="5" Text="存货编号" FieldKind="Master" X="50.6677083333334" Y="45" Width="15.6104166666667" Height="5" TextVAlign="Center" WordWrap="true" />
                <Cell CellWidth="3.4" OrigWidth="19.3145833333332" OrigHeight="5" Text="存货全名" FieldKind="Master" X="66.2781250000001" Y="45" Width="19.3145833333332" Height="5" TextVAlign="Center" WordWrap="true" />
                <Cell CellWidth="3.4" OrigWidth="16.6687500000001" OrigHeight="5" Text="BOM修改人" FieldKind="Master" X="85.5927083333333" Y="45" Width="16.6687500000001" Height="5" TextVAlign="Center" WordWrap="true" />
                <Cell CellWidth="3.4" OrigWidth="19.3145833333333" OrigHeight="5" Text="BOM修改日期" FieldKind="Master" X="102.261458333333" Y="45" Width="19.3145833333333" Height="5" TextVAlign="Center" WordWrap="true" />
                <Cell CellWidth="3.4" OrigWidth="20.6375" OrigHeight="5" Text="客户编号" FieldKind="Master" X="121.576041666667" Y="45" Width="20.6375" Height="5" TextVAlign="Center" WordWrap="true" />
                <Cell CellWidth="3.4" OrigWidth="18.2562499999999" OrigHeight="5" Text="客户全名" FieldKind="Master" X="142.213541666667" Y="45" Width="18.2562499999999" Height="5" TextVAlign="Center" WordWrap="true" />
                <Cell CellWidth="3.4" OrigWidth="16.4041666666667" OrigHeight="5" Text="订单编号" FieldKind="Master" X="160.469791666667" Y="45" Width="16.4041666666667" Height="5" TextVAlign="Center" WordWrap="true" />
                <Cell CellWidth="3.4" OrigWidth="22.7541666666667" OrigHeight="5" Text="存货数量" FieldKind="Master" X="176.873958333333" Y="45" Width="22.7541666666667" Height="5" TextVAlign="Center" WordWrap="true" />
              </Cells>
            </Row>
            <Row X="10.000000278155" Y="55.2104170481364" Width="189.628124721845" Height="5" TextVAlign="Center">
              <Cells>
                <Cell CellWidth="3.4" OrigWidth="189.628124721845" OrigHeight="5" Text="[管家婆软件]" LeftLineVisible="false" TopLineVisible="false" RightLineVisible="false" BottomLineVisible="false" X="10.000000278155" Y="55.2104170481364" Width="189.628124721845" Height="5" TextColor="black" TextHAlign="Right" TextVAlign="Center" />
              </Cells>
            </Row>
          </Rows>
        </TableElement>
        <TextElement Text="总页码" FieldKind="System" LeftLineVisible="false" TopLineVisible="false" RightLineVisible="false" BottomLineVisible="false" BandKind="PageHeader" X="178.539586639404" Y="14.4937495231628" Width="20" Height="5" TextVAlign="Center" />
      </Elements>
      <Bands>
        <Band IsVisible="false" TextVAlign="Center" />
        <Band BandKind="PageHeader" Height="20" TextVAlign="Center" />
        <Band BandKind="ReportHeader" Y="19.84375" Height="20" TextVAlign="Center" />
        <Band IsVisible="false" BandKind="PageBodyHeader" TextVAlign="Center" />
        <Band BandKind="PageDetail" Y="39.9520833333333" Height="237" TextVAlign="Center" />
        <Band IsVisible="false" BandKind="PageBodyFooter" TextVAlign="Center" />
        <Band IsVisible="false" BandKind="ReportFooter" TextVAlign="Center" />
        <Band BandKind="PageFooter" Y="276.754166666667" Height="20" TextVAlign="Center" />
      </Bands>
    </Page>
  </Pages>
  <PageSettings MarginLeft="10" MarginTop="20" MarginBottom="20" PageWidth="210" PageHeight="297" MaxRowCount="0" />
  <ExpressionFields />
</Report>