<Report MaxRowCount="0">
  <Pages>
    <Page Width="210" Height="297">
      <OrderFields />
      <Elements>
        <TextElement Text="工贸-固定资产变更记录" LeftLineVisible="false" TopLineVisible="false" RightLineVisible="false" BottomLineVisible="false" X="85" Y="5" Width="77" Height="10" FontSize="20" BoldFont="true" />
        <TableElement X="10" Y="40" Width="190" Height="237">
          <Rows>
            <Row Height="5">
              <Cells>
                <Cell OrigWidth="20" OrigHeight="5" Text="行号" WordWrap="true" Width="20" Height="5" />
                <Cell OrigWidth="20" OrigHeight="5" Text="类型" WordWrap="true" X="20" Width="20" Height="5" />
                <Cell OrigWidth="20" OrigHeight="5" Text="编号" WordWrap="true" X="40" Width="20" Height="5" />
                <Cell OrigWidth="20" OrigHeight="5" Text="年份" WordWrap="true" X="60" Width="20" Height="5" />
                <Cell OrigWidth="20" OrigHeight="5" Text="期号" WordWrap="true" X="80" Width="20" Height="5" />
                <Cell OrigWidth="20" OrigHeight="5" Text="固定资产名称" WordWrap="true" X="100" Width="20" Height="5" />
                <Cell OrigWidth="20" OrigHeight="5" Text="部门名称" WordWrap="true" X="120" Width="20" Height="5" />
                <Cell OrigWidth="20" OrigHeight="5" Text="使用状况" WordWrap="true" X="140" Width="20" Height="5" />
                <Cell OrigWidth="20" OrigHeight="5" Text="入账原值" WordWrap="true" X="160" Width="20" Height="5" />
                <Cell OrigWidth="20" OrigHeight="5" Text="预计净残值率" WordWrap="true" X="180" Width="20" Height="5" />
                <Cell OrigWidth="20" OrigHeight="5" Text="预计净残值" WordWrap="true" X="200" Width="20" Height="5" />
                <Cell OrigWidth="20" OrigHeight="5" Text="折旧方法" WordWrap="true" X="220" Width="20" Height="5" />
                <Cell OrigWidth="20" OrigHeight="5" Text="预计使用月份工作量" WordWrap="true" X="240" Width="20" Height="5" />
                <Cell OrigWidth="20" OrigHeight="5" Text="对应折旧科目" WordWrap="true" X="260" Width="20" Height="5" />
                <Cell OrigWidth="20" OrigHeight="5" Text="是否计提" WordWrap="true" X="280" Width="20" Height="5" />
                <Cell OrigWidth="20" OrigHeight="5" Text="减值准备" WordWrap="true" X="300" Width="20" Height="5" />
                <Cell OrigWidth="20" OrigHeight="5" Text="凭证编号" WordWrap="true" X="320" Width="20" Height="5" />
                <Cell OrigWidth="20" OrigHeight="5" Text="备注" WordWrap="true" X="340" Width="20" Height="5" />
              </Cells>
            </Row>
            <Row Height="5">
              <Cells>
                <Cell OrigWidth="20" OrigHeight="5" Text="行号" FieldKind="Detail" WordWrap="true" Width="20" Height="5" />
                <Cell OrigWidth="20" OrigHeight="5" Text="类型" FieldKind="Detail" WordWrap="true" X="20" Width="20" Height="5" />
                <Cell OrigWidth="20" OrigHeight="5" Text="编号" FieldKind="Detail" WordWrap="true" X="40" Width="20" Height="5" />
                <Cell OrigWidth="20" OrigHeight="5" Text="年份" FieldKind="Detail" WordWrap="true" X="60" Width="20" Height="5" />
                <Cell OrigWidth="20" OrigHeight="5" Text="期号" FieldKind="Detail" WordWrap="true" X="80" Width="20" Height="5" />
                <Cell OrigWidth="20" OrigHeight="5" Text="固定资产名称" FieldKind="Detail" WordWrap="true" X="100" Width="20" Height="5" />
                <Cell OrigWidth="20" OrigHeight="5" Text="部门名称" FieldKind="Detail" WordWrap="true" X="120" Width="20" Height="5" />
                <Cell OrigWidth="20" OrigHeight="5" Text="使用状况" FieldKind="Detail" WordWrap="true" X="140" Width="20" Height="5" />
                <Cell OrigWidth="20" OrigHeight="5" Text="入账原值" FieldKind="Detail" WordWrap="true" X="160" Width="20" Height="5" />
                <Cell OrigWidth="20" OrigHeight="5" Text="预计净残值率" FieldKind="Detail" WordWrap="true" X="180" Width="20" Height="5" />
                <Cell OrigWidth="20" OrigHeight="5" Text="预计净残值" FieldKind="Detail" WordWrap="true" X="200" Width="20" Height="5" />
                <Cell OrigWidth="20" OrigHeight="5" Text="折旧方法" FieldKind="Detail" WordWrap="true" X="220" Width="20" Height="5" />
                <Cell OrigWidth="20" OrigHeight="5" Text="预计使用月份工作量" FieldKind="Detail" WordWrap="true" X="240" Width="20" Height="5" />
                <Cell OrigWidth="20" OrigHeight="5" Text="对应折旧科目" FieldKind="Detail" WordWrap="true" X="260" Width="20" Height="5" />
                <Cell OrigWidth="20" OrigHeight="5" Text="是否计提" FieldKind="Detail" WordWrap="true" X="280" Width="20" Height="5" />
                <Cell OrigWidth="20" OrigHeight="5" Text="减值准备" FieldKind="Detail" WordWrap="true" X="300" Width="20" Height="5" />
                <Cell OrigWidth="20" OrigHeight="5" Text="凭证编号" FieldKind="Detail" WordWrap="true" X="320" Width="20" Height="5" />
                <Cell OrigWidth="20" OrigHeight="5" Text="备注" FieldKind="Detail" WordWrap="true" X="340" Width="20" Height="5" />
              </Cells>
            </Row>
            <Row Height="5">
              <Cells>
                <Cell OrigWidth="20" OrigHeight="5" Text="合计" WordWrap="true" Width="20" Height="5" />
                <Cell OrigWidth="20" OrigHeight="5" Text="" WordWrap="true" X="20" Width="20" Height="5" />
                <Cell OrigWidth="20" OrigHeight="5" Text="" WordWrap="true" X="40" Width="20" Height="5" />
                <Cell OrigWidth="20" OrigHeight="5" Text="" WordWrap="true" X="60" Width="20" Height="5" />
                <Cell OrigWidth="20" OrigHeight="5" Text="" WordWrap="true" X="80" Width="20" Height="5" />
                <Cell OrigWidth="20" OrigHeight="5" Text="" WordWrap="true" X="100" Width="20" Height="5" />
                <Cell OrigWidth="20" OrigHeight="5" Text="" WordWrap="true" X="120" Width="20" Height="5" />
                <Cell OrigWidth="20" OrigHeight="5" Text="" WordWrap="true" X="140" Width="20" Height="5" />
                <Cell OrigWidth="20" OrigHeight="5" Text="" WordWrap="true" X="160" Width="20" Height="5" />
                <Cell OrigWidth="20" OrigHeight="5" Text="" WordWrap="true" X="180" Width="20" Height="5" />
                <Cell OrigWidth="20" OrigHeight="5" Text="" WordWrap="true" X="200" Width="20" Height="5" />
                <Cell OrigWidth="20" OrigHeight="5" Text="" WordWrap="true" X="220" Width="20" Height="5" />
                <Cell OrigWidth="20" OrigHeight="5" Text="" WordWrap="true" X="240" Width="20" Height="5" />
                <Cell OrigWidth="20" OrigHeight="5" Text="" WordWrap="true" X="260" Width="20" Height="5" />
                <Cell OrigWidth="20" OrigHeight="5" Text="" WordWrap="true" X="280" Width="20" Height="5" />
                <Cell OrigWidth="20" OrigHeight="5" Text="" WordWrap="true" X="300" Width="20" Height="5" />
                <Cell OrigWidth="20" OrigHeight="5" Text="" WordWrap="true" X="320" Width="20" Height="5" />
                <Cell OrigWidth="20" OrigHeight="5" Text="" WordWrap="true" X="340" Width="20" Height="5" />
              </Cells>
            </Row>
          </Rows>
        </TableElement>
      </Elements>
      <Bands>
        <Band IsVisible="false" />
        <Band BandKind="PageHeader" Height="20" />
        <Band BandKind="ReportHeader" Y="20" Height="20" />
        <Band IsVisible="false" BandKind="PageBodyHeader" />
        <Band BandKind="PageDetail" Y="40" Height="237" />
        <Band IsVisible="false" BandKind="PageBodyFooter" />
        <Band IsVisible="false" BandKind="ReportFooter" Height="20" />
        <Band BandKind="PageFooter" Y="277" Height="20" />
      </Bands>
    </Page>
  </Pages>
  <PageSettings MarginLeft="10" MarginTop="20" MarginBottom="20" PageWidth="210" PageHeight="297" />
  <ExpressionFields />
</Report>