<Report MaxRowCount="0">
  <Pages>
    <Page Width="210" Height="297" TextVAlign="Center">
      <OrderFields />
      <Elements>
        <TextElement Text="表名" FieldKind="Master" LeftLineWidth="3" LeftLineColor="#FFFFFF" TopLineVisible="false" TopLineWidth="0" TopLineColor="#FFFFFF" RightLineVisible="false" RightLineWidth="0" RightLineColor="#FFFFFF" BottomLineVisible="false" BottomLineWidth="0" BottomLineColor="#FFFFFF" DecimalDigits="0" BandKind="ReportHeader" X="9.32917054494222" Y="20.3458329677582" Width="191.012501017253" Height="19.2604159355164" FontSize="20" BoldFont="true" TextHAlign="Center" TextVAlign="Center" />
        <TableElement X="9.921875" Y="40" Width="189.970833333334" Height="236.314580790202" TextVAlign="Center">
          <Rows>
            <Row X="9.921875" Y="40" Width="189.970833333333" Height="5" TextVAlign="Center">
              <Cells>
                <Cell OrigWidth="82.8145833333333" OrigHeight="5" AccounttantLineVisble="true" Text="存货编号" DecimalDigits="0" X="9.921875" Y="40" Width="82.8145833333333" Height="5" TextVAlign="Center" WordWrap="true" />
                <Cell OrigWidth="59.53125" OrigHeight="5" AccounttantLineVisble="true" Text="存货全名" DecimalDigits="0" X="92.7364583333333" Y="40" Width="59.53125" Height="5" TextVAlign="Center" WordWrap="true" />
                <Cell OrigWidth="47.625" OrigHeight="5" AccounttantLineVisble="true" Text="自定义编码" DecimalDigits="0" X="152.267708333333" Y="40" Width="47.625" Height="5" TextVAlign="Center" WordWrap="true" />
              </Cells>
            </Row>
            <Row X="9.921875" Y="45" Width="189.970833333333" Height="5" TextVAlign="Center">
              <Cells>
                <Cell OrigWidth="82.8145833333333" OrigHeight="5" AccounttantLineVisble="true" Text="存货编号" FieldKind="Detail" DecimalDigits="0" X="9.921875" Y="45" Width="82.8145833333333" Height="5" TextVAlign="Center" WordWrap="true" />
                <Cell OrigWidth="59.53125" OrigHeight="5" AccounttantLineVisble="true" Text="存货全名" FieldKind="Detail" DecimalDigits="0" X="92.7364583333333" Y="45" Width="59.53125" Height="5" TextVAlign="Center" WordWrap="true" />
                <Cell OrigWidth="47.625" OrigHeight="5" AccounttantLineVisble="true" Text="自定义编码" FieldKind="Detail" DecimalDigits="0" X="152.267708333333" Y="45" Width="47.625" Height="5" TextVAlign="Center" WordWrap="true" />
              </Cells>
            </Row>
            <Row X="9.921875" Y="50" Width="189.970833333334" Height="5" TextVAlign="Center">
              <Cells>
                <Cell OrigWidth="146.579166666667" OrigHeight="5" AccounttantLineVisble="true" Text="" LeftLineVisible="false" LeftLineWidth="0" RightLineVisible="false" BottomLineVisible="false" BottomLineWidth="0" DecimalDigits="0" X="9.921875" Y="50" Width="146.579166666667" Height="5" TextColor="black" TextVAlign="Center" WordWrap="true" />
                <Cell OrigWidth="16.9333333333334" OrigHeight="5" AccounttantLineVisble="true" Text="打印时间：" LeftLineVisible="false" RightLineVisible="false" BottomLineVisible="false" BottomLineWidth="0" DecimalDigits="0" X="156.501041666667" Y="50" Width="16.9333333333334" Height="5" TextColor="black" TextVAlign="Center" WordWrap="true" />
                <Cell OrigWidth="26.4583333333333" OrigHeight="5" AccounttantLineVisble="true" Text="日期" FieldKind="System" LeftLineVisible="false" RightLineVisible="false" RightLineWidth="0" BottomLineWidth="0" DecimalDigits="0" X="173.434375" Y="50" Width="26.4583333333333" Height="5" TextColor="black" TextHAlign="Right" TextVAlign="Center" WordWrap="true" />
              </Cells>
            </Row>
            <Row X="9.921875" Y="55" Width="189.970833333333" Height="5" TextVAlign="Center">
              <Cells>
                <Cell OrigWidth="82.8145833333333" OrigHeight="5" AccounttantLineVisble="true" Text="" LeftLineVisible="false" LeftLineWidth="0" TopLineWidth="0" RightLineVisible="false" BottomLineVisible="false" BottomLineWidth="0" DecimalDigits="0" X="9.921875" Y="55" Width="82.8145833333333" Height="5" TextColor="black" TextVAlign="Center" WordWrap="true" />
                <Cell OrigWidth="59.53125" OrigHeight="5" AccounttantLineVisble="true" Text="" LeftLineVisible="false" TopLineWidth="0" RightLineVisible="false" BottomLineVisible="false" BottomLineWidth="0" DecimalDigits="0" X="92.7364583333333" Y="55" Width="59.53125" Height="5" TextColor="black" TextVAlign="Center" WordWrap="true" />
                <Cell OrigWidth="47.625" OrigHeight="5" AccounttantLineVisble="true" Text="[管家婆软件]" LeftLineVisible="false" TopLineWidth="0" RightLineVisible="false" RightLineWidth="0" BottomLineVisible="false" BottomLineWidth="0" DecimalDigits="0" X="152.267708333333" Y="55" Width="47.625" Height="5" TextColor="black" TextHAlign="Right" TextVAlign="Center" WordWrap="true" />
              </Cells>
            </Row>
            <Row X="9.921875" Y="60" Width="189.970833333333" Height="5" TextVAlign="Center">
              <Cells>
                <Cell OrigWidth="82.8145833333333" OrigHeight="5" AccounttantLineVisble="true" Text="" LeftLineVisible="false" TopLineWidth="0" RightLineVisible="false" BottomLineVisible="false" DecimalDigits="0" X="9.921875" Y="60" Width="82.8145833333333" Height="5" TextColor="black" TextVAlign="Center" WordWrap="true" />
                <Cell OrigWidth="59.53125" OrigHeight="5" AccounttantLineVisble="true" Text="" LeftLineVisible="false" TopLineWidth="0" RightLineVisible="false" BottomLineVisible="false" DecimalDigits="0" X="92.7364583333333" Y="60" Width="59.53125" Height="5" TextColor="black" TextVAlign="Center" WordWrap="true" />
                <Cell OrigWidth="47.625" OrigHeight="5" AccounttantLineVisble="true" Text="" LeftLineVisible="false" TopLineVisible="false" TopLineWidth="0" RightLineVisible="false" BottomLineVisible="false" DecimalDigits="0" X="152.267708333333" Y="60" Width="47.625" Height="5" TextColor="black" TextVAlign="Center" WordWrap="true" />
              </Cells>
            </Row>
          </Rows>
        </TableElement>
        <TextElement Text="总页码" FieldKind="System" LeftLineVisible="false" TopLineVisible="false" RightLineVisible="false" BottomLineVisible="false" DecimalDigits="0" BandKind="PageHeader" X="170.816673024495" Y="14.5520833333333" Width="29.52500055631" Height="5.0000001390775" TextHAlign="Right" TextVAlign="Center" />
      </Elements>
      <Bands>
        <Band IsVisible="false" TextVAlign="Center" />
        <Band BandKind="PageHeader" Height="20" TextVAlign="Center" />
        <Band BandKind="ReportHeader" Y="19.84375" Height="20.1083333333333" TextVAlign="Center" />
        <Band IsVisible="false" BandKind="PageBodyHeader" TextVAlign="Center" />
        <Band BandKind="PageDetail" Y="39.9520833333333" Height="236.891666666667" TextVAlign="Center" />
        <Band IsVisible="false" BandKind="PageBodyFooter" TextVAlign="Center" />
        <Band IsVisible="false" BandKind="ReportFooter" TextVAlign="Center" />
        <Band BandKind="PageFooter" Y="276.754166666667" Height="20" TextVAlign="Center" />
      </Bands>
    </Page>
  </Pages>
  <PageSettings MarginLeft="10" MarginTop="20" MarginRight="10" MarginBottom="20" PageWidth="210" PageHeight="297" MaxRowCount="0" />
  <ExpressionFields />
</Report>