<Report MaxRowCount="0">
  <Pages>
    <Page Width="210" Height="297" TextVAlign="Center">
      <OrderFields />
      <Elements>
        <TextElement Text="表名" FieldKind="Master" LeftLineVisible="false" TopLineVisible="false" RightLineVisible="false" BottomLineVisible="false" BandKind="ReportHeader" X="9.32917054494222" Y="24.7354168574015" Width="190.758333714803" Height="10.000000278155" FontSize="25" BoldFont="true" TextHAlign="Center" TextVAlign="Center" />
        <TableElement TextVAlign="Center" X="10" Y="40" Width="189.892708333333" Height="236.023949305216">
          <Rows>
            <Row X="10" Y="40" Width="189.892708333333" Height="10" TextVAlign="Center">
              <Cells>
                <Cell TextColor="black" TextHAlign="Center" TextVAlign="Center" WordWrap="true" OrigWidth="38.5510416666667" OrigHeight="10" AccounttantLineVisble="true" Text="计划单号" X="10" Y="40" Width="38.5510416666667" Height="10" />
                <Cell TextColor="black" TextHAlign="Center" TextVAlign="Center" WordWrap="true" OrigWidth="24.7465277777777" OrigHeight="10" AccounttantLineVisble="true" Text="制单日期" X="48.5510416666667" Y="40" Width="24.7465277777777" Height="10" />
                <Cell TextColor="black" TextHAlign="Center" TextVAlign="Center" WordWrap="true" OrigWidth="31.6487847222222" OrigHeight="10" AccounttantLineVisble="true" Text="拟定人" X="73.2975694444444" Y="40" Width="31.6487847222222" Height="10" />
                <Cell TextColor="black" TextHAlign="Center" TextVAlign="Center" WordWrap="true" OrigWidth="31.6487847222222" OrigHeight="10" AccounttantLineVisble="true" Text="摘要" X="104.946354166667" Y="40" Width="31.6487847222222" Height="10" />
                <Cell TextColor="black" TextHAlign="Center" TextVAlign="Center" WordWrap="true" OrigWidth="31.6487847222222" OrigHeight="10" AccounttantLineVisble="true" Text="优先工序" X="136.595138888889" Y="40" Width="31.6487847222222" Height="10" />
                <Cell TextColor="black" TextHAlign="Center" TextVAlign="Center" WordWrap="true" OrigWidth="31.6487847222222" OrigHeight="10" AccounttantLineVisble="true" Text="是否停用" X="168.243923611111" Y="40" Width="31.6487847222222" Height="10" />
              </Cells>
            </Row>
            <Row X="10" Y="50" Width="189.892708333333" Height="5" TextVAlign="Center">
              <Cells>
                <Cell TextVAlign="Center" WordWrap="true" OrigWidth="38.5510416666667" OrigHeight="5" AccounttantLineVisble="true" Text="计划单号" FieldKind="Detail" X="10" Y="50" Width="38.5510416666667" Height="5" />
                <Cell TextVAlign="Center" WordWrap="true" OrigWidth="24.7465277777777" OrigHeight="5" AccounttantLineVisble="true" Text="制单日期" FieldKind="Detail" X="48.5510416666667" Y="50" Width="24.7465277777777" Height="5" />
                <Cell TextVAlign="Center" WordWrap="true" OrigWidth="31.6487847222222" OrigHeight="5" AccounttantLineVisble="true" Text="拟定人" FieldKind="Detail" X="73.2975694444444" Y="50" Width="31.6487847222222" Height="5" />
                <Cell TextVAlign="Center" WordWrap="true" OrigWidth="31.6487847222222" OrigHeight="5" AccounttantLineVisble="true" Text="摘要" FieldKind="Detail" X="104.946354166667" Y="50" Width="31.6487847222222" Height="5" />
                <Cell TextVAlign="Center" WordWrap="true" OrigWidth="31.6487847222222" OrigHeight="5" AccounttantLineVisble="true" Text="优先工序" FieldKind="Detail" X="136.595138888889" Y="50" Width="31.6487847222222" Height="5" />
                <Cell TextVAlign="Center" WordWrap="true" OrigWidth="31.6487847222222" OrigHeight="5" AccounttantLineVisble="true" Text="是否停用" FieldKind="Detail" X="168.243923611111" Y="50" Width="31.6487847222222" Height="5" />
              </Cells>
            </Row>
            <Row X="10" Y="55" Width="189.892708333333" Height="5" TextVAlign="Center">
              <Cells>
                <Cell TextColor="black" TextVAlign="Center" WordWrap="true" OrigWidth="19.765625" OrigHeight="5" AccounttantLineVisble="true" Text="审核单位:" LeftLineVisible="false" RightLineVisible="false" BottomLineVisible="false" X="10" Y="55" Width="19.765625" Height="5" />
                <Cell TextColor="black" TextVAlign="Center" WordWrap="true" OrigWidth="29.6333333333333" OrigHeight="5" AccounttantLineVisble="true" Text="" LeftLineVisible="false" RightLineVisible="false" BottomLineVisible="false" X="29.765625" Y="55" Width="29.6333333333333" Height="5" />
                <Cell TextColor="black" TextVAlign="Center" WordWrap="true" OrigWidth="20.6375" OrigHeight="5" AccounttantLineVisble="true" Text="" LeftLineVisible="false" RightLineVisible="false" BottomLineVisible="false" X="59.3989583333333" Y="55" Width="20.6375" Height="5" />
                <Cell TextColor="black" TextVAlign="Center" WordWrap="true" OrigWidth="19.3145833333333" OrigHeight="5" AccounttantLineVisble="true" Text="制表人:" LeftLineVisible="false" RightLineVisible="false" BottomLineVisible="false" X="80.0364583333333" Y="55" Width="19.3145833333333" Height="5" />
                <Cell TextColor="black" TextVAlign="Center" WordWrap="true" OrigWidth="30.1625" OrigHeight="5" AccounttantLineVisble="true" Text="" LeftLineVisible="false" RightLineVisible="false" BottomLineVisible="false" X="99.3510416666666" Y="55" Width="30.1625" Height="5" />
                <Cell TextColor="black" TextVAlign="Center" WordWrap="true" OrigWidth="20.3729166666666" OrigHeight="5" AccounttantLineVisble="true" Text="" LeftLineVisible="false" RightLineVisible="false" BottomLineVisible="false" X="129.513541666667" Y="55" Width="20.3729166666666" Height="5" />
                <Cell TextColor="black" TextVAlign="Center" WordWrap="true" OrigWidth="19.5791666666667" OrigHeight="5" AccounttantLineVisble="true" Text="打印时间:" LeftLineVisible="false" RightLineVisible="false" BottomLineVisible="false" X="149.886458333333" Y="55" Width="19.5791666666667" Height="5" />
                <Cell TextColor="black" TextVAlign="Center" WordWrap="true" OrigWidth="30.427083333333" OrigHeight="5" AccounttantLineVisble="true" Text="日期" FieldKind="System" LeftLineVisible="false" RightLineVisible="false" BottomLineVisible="false" X="169.465625" Y="55" Width="30.427083333333" Height="5" />
              </Cells>
            </Row>
            <Row X="10" Y="60" Width="189.892708333333" Height="5" TextVAlign="Center">
              <Cells>
                <Cell TextColor="black" TextHAlign="Right" TextVAlign="Center" WordWrap="true" OrigWidth="189.892708333333" OrigHeight="5" AccounttantLineVisble="true" Text="[管家婆软件]" LeftLineVisible="false" TopLineVisible="false" RightLineVisible="false" BottomLineVisible="false" X="10" Y="60" Width="189.892708333333" Height="5" />
              </Cells>
            </Row>
          </Rows>
        </TableElement>
        <TextElement Text="总页码" FieldKind="System" LeftLineVisible="false" TopLineVisible="false" RightLineVisible="false" BottomLineVisible="false" BandKind="PageHeader" X="156.314586639404" Y="15.5520828564962" Width="43.8125066121419" Height="5.0000001390775" TextHAlign="Right" TextVAlign="Center" />
      </Elements>
      <Bands>
        <Band IsVisible="false" TextVAlign="Center" />
        <Band BandKind="PageHeader" Height="20" TextVAlign="Center" />
        <Band BandKind="ReportHeader" Y="19.84375" Height="19.84375" TextVAlign="Center" />
        <Band IsVisible="false" BandKind="PageBodyHeader" TextVAlign="Center" />
        <Band BandKind="PageDetail" Y="39.6875" Height="237.15625" TextVAlign="Center" />
        <Band IsVisible="false" BandKind="PageBodyFooter" TextVAlign="Center" />
        <Band IsVisible="false" BandKind="ReportFooter" TextVAlign="Center" />
        <Band BandKind="PageFooter" Y="276.754166666667" Height="20" TextVAlign="Center" />
      </Bands>
    </Page>
    <Page Width="210" Height="297" TextVAlign="Center">
      <OrderFields />
      <Elements>
        <TableElement TextVAlign="Center" X="10" Y="50" Width="190" Height="196.477089945475">
          <Rows>
            <Row X="10" Y="50" Width="190" Height="5" TextVAlign="Center">
              <Cells>
                <Cell TextVAlign="Center" OrigWidth="38" OrigHeight="5" AccounttantLineVisble="true" Text="工序编号" DecimalDigits="0" X="10" Y="50" Width="38" Height="5" />
                <Cell TextVAlign="Center" OrigWidth="38" OrigHeight="5" AccounttantLineVisble="true" Text="工序全名" DecimalDigits="0" X="48" Y="50" Width="38" Height="5" />
                <Cell TextVAlign="Center" OrigWidth="38" OrigHeight="5" AccounttantLineVisble="true" Text="车间" DecimalDigits="0" X="86" Y="50" Width="38" Height="5" />
                <Cell TextVAlign="Center" OrigWidth="38" OrigHeight="5" AccounttantLineVisble="true" Text="工作组" DecimalDigits="0" X="124" Y="50" Width="38" Height="5" />
                <Cell TextVAlign="Center" OrigWidth="38" OrigHeight="5" AccounttantLineVisble="true" Text="单位产品加工量" DecimalDigits="0" X="162" Y="50" Width="38" Height="5" />
              </Cells>
            </Row>
            <Row X="10" Y="55" Width="190" Height="5" TextVAlign="Center">
              <Cells>
                <Cell TextVAlign="Center" OrigWidth="38" OrigHeight="5" AccounttantLineVisble="true" Text="工序编号" FieldKind="Detail" DecimalDigits="0" X="10" Y="55" Width="38" Height="5" />
                <Cell TextVAlign="Center" OrigWidth="38" OrigHeight="5" AccounttantLineVisble="true" Text="工序全名" FieldKind="Detail" DecimalDigits="0" X="48" Y="55" Width="38" Height="5" />
                <Cell TextVAlign="Center" OrigWidth="38" OrigHeight="5" AccounttantLineVisble="true" Text="车间" FieldKind="Detail" DecimalDigits="0" X="86" Y="55" Width="38" Height="5" />
                <Cell TextVAlign="Center" OrigWidth="38" OrigHeight="5" AccounttantLineVisble="true" Text="工作组" FieldKind="Detail" DecimalDigits="0" X="124" Y="55" Width="38" Height="5" />
                <Cell TextVAlign="Center" OrigWidth="38" OrigHeight="5" AccounttantLineVisble="true" Text="单位产品加工量" FieldKind="Detail" DecimalDigits="0" X="162" Y="55" Width="38" Height="5" />
              </Cells>
            </Row>
          </Rows>
        </TableElement>
      </Elements>
      <Bands>
        <Band IsVisible="false" TextVAlign="Center" />
        <Band BandKind="PageHeader" Height="20" TextVAlign="Center" />
        <Band BandKind="ReportHeader" Y="19.84375" Height="29.8979166666667" TextVAlign="Center" />
        <Band IsVisible="false" BandKind="PageBodyHeader" TextVAlign="Center" />
        <Band BandKind="PageDetail" Y="49.7416666666667" Height="197" TextVAlign="Center" />
        <Band IsVisible="false" BandKind="PageBodyFooter" TextVAlign="Center" />
        <Band IsVisible="false" BandKind="ReportFooter" TextVAlign="Center" />
        <Band BandKind="PageFooter" Y="276.754166666667" Height="20" TextVAlign="Center" />
      </Bands>
    </Page>
  </Pages>
  <PageSettings MarginLeft="10" MarginTop="20" MarginRight="10" MarginBottom="20" PageWidth="210" PageHeight="297" />
  <ExpressionFields />
</Report>