<Report MaxRowCount="0">
  <Pages>
    <Page Width="210" Height="297">
      <OrderFields />
      <Elements>
        <TextElement Text="工作组信息" LeftLineVisible="false" TopLineVisible="false" RightLineVisible="false" BottomLineVisible="false" TextHAlign="Center" BandKind="ReportHeader" X="9.32917054494222" Y="24.7354168574015" Width="190.758333714803" Height="10.000000278155" FontSize="25" BoldFont="true" />
        <TableElement X="10" Y="40" Width="189.892708333333" Height="233.252073923747">
          <Rows>
            <Row X="10" Y="40" Width="189.892708333333" Height="6.96354166666666">
              <Cells>
                <Cell OrigWidth="35.1114583333333" OrigHeight="6.96354166666666" Text="工作组编号：" LeftLineVisible="false" TopLineVisible="false" RightLineVisible="false" TextHAlign="Right" WordWrap="true" X="10" Y="40" Width="35.1114583333333" Height="6.96354166666666" TextColor="black" />
                <Cell OrigWidth="51.8583333333333" OrigHeight="6.96354166666666" Text="工作组编号" FieldKind="Master" LeftLineVisible="false" TopLineVisible="false" RightLineVisible="false" WordWrap="true" X="45.1114583333333" Y="40" Width="51.8583333333333" Height="6.96354166666666" TextColor="black" />
                <Cell OrigWidth="53.7104166666667" OrigHeight="6.96354166666666" Text="工作组全名：" LeftLineVisible="false" TopLineVisible="false" RightLineVisible="false" TextHAlign="Right" WordWrap="true" X="96.9697916666666" Y="40" Width="53.7104166666667" Height="6.96354166666666" TextColor="black" />
                <Cell OrigWidth="49.2124999999998" OrigHeight="6.96354166666666" Text="工作组全名" FieldKind="Master" LeftLineVisible="false" TopLineVisible="false" RightLineVisible="false" WordWrap="true" X="150.680208333333" Y="40" Width="49.2124999999998" Height="6.96354166666666" TextColor="black" />
              </Cells>
            </Row>
            <Row X="10" Y="46.9635416666667" Width="189.892708333333" Height="10">
              <Cells>
                <Cell OrigWidth="35.1114583333333" OrigHeight="10" Text="职员编号" TextHAlign="Center" WordWrap="true" X="10" Y="46.9635416666667" Width="35.1114583333333" Height="10" TextColor="black" />
                <Cell OrigWidth="51.8583333333333" OrigHeight="10" Text="职员全名" TextHAlign="Center" WordWrap="true" X="45.1114583333333" Y="46.9635416666667" Width="51.8583333333333" Height="10" TextColor="black" />
                <Cell OrigWidth="53.7104166666667" OrigHeight="10" Text="所在部门" TextHAlign="Center" WordWrap="true" X="96.9697916666666" Y="46.9635416666667" Width="53.7104166666667" Height="10" TextColor="black" />
                <Cell OrigWidth="49.2124999999998" OrigHeight="10" Text="电话" TextHAlign="Center" WordWrap="true" X="150.680208333333" Y="46.9635416666667" Width="49.2124999999998" Height="10" TextColor="black" />
              </Cells>
            </Row>
            <Row X="10" Y="56.9635416666667" Width="189.892708333333" Height="5">
              <Cells>
                <Cell OrigWidth="35.1114583333333" OrigHeight="5" Text="职员编号" FieldKind="Detail" WordWrap="true" X="10" Y="56.9635416666667" Width="35.1114583333333" Height="5" />
                <Cell OrigWidth="51.8583333333333" OrigHeight="5" Text="职员全名" FieldKind="Detail" WordWrap="true" X="45.1114583333333" Y="56.9635416666667" Width="51.8583333333333" Height="5" />
                <Cell OrigWidth="53.7104166666667" OrigHeight="5" Text="职员部门" FieldKind="Detail" WordWrap="true" X="96.9697916666666" Y="56.9635416666667" Width="53.7104166666667" Height="5" />
                <Cell OrigWidth="49.2124999999998" OrigHeight="5" Text="职员电话" FieldKind="Detail" BottomLineVisible="false" WordWrap="true" X="150.680208333333" Y="56.9635416666667" Width="49.2124999999998" Height="5" />
              </Cells>
            </Row>
            <Row X="10" Y="61.9635416666667" Width="189.892708333333" Height="5">
              <Cells>
                <Cell OrigWidth="189.892708333333" OrigHeight="5" Text="[管家婆软件]" LeftLineVisible="false" RightLineVisible="false" BottomLineVisible="false" TextHAlign="Right" WordWrap="true" X="10" Y="61.9635416666667" Width="189.892708333333" Height="5" TextColor="black" />
              </Cells>
            </Row>
          </Rows>
        </TableElement>
        <TextElement Text="总页码" FieldKind="System" LeftLineVisible="false" TopLineVisible="false" RightLineVisible="false" BottomLineVisible="false" TextHAlign="Right" BandKind="PageHeader" X="156.314586639404" Y="15.5520828564962" Width="43.8125066121419" Height="5.0000001390775" />
      </Elements>
      <Bands>
        <Band IsVisible="false" />
        <Band BandKind="PageHeader" Height="20" />
        <Band BandKind="ReportHeader" Y="19.84375" Height="19.84375" />
        <Band IsVisible="false" BandKind="PageBodyHeader" />
        <Band BandKind="PageDetail" Y="39.6875" Height="237.15625" />
        <Band IsVisible="false" BandKind="PageBodyFooter" />
        <Band IsVisible="false" BandKind="ReportFooter" />
        <Band BandKind="PageFooter" Y="276.754166666667" Height="20" />
      </Bands>
    </Page>
  </Pages>
  <PageSettings MarginLeft="10" MarginTop="20" MarginRight="10" MarginBottom="20" PageWidth="210" PageHeight="297" />
  <ExpressionFields />
</Report>