<Report MaxRowCount="0">
  <Pages>
    <Page Width="210" Height="297" TextVAlign="Center">
      <OrderFields />
      <Elements>
        <TextElement Text="工贸-工序交接单明细表" LeftLineWidth="3" LeftLineColor="#FFFFFF" TopLineVisible="false" TopLineWidth="0" TopLineColor="#FFFFFF" RightLineVisible="false" RightLineWidth="0" RightLineColor="#FFFFFF" BottomLineVisible="false" BottomLineWidth="0" BottomLineColor="#FFFFFF" DecimalDigits="0" X="85" Y="5" Width="147" Height="10" FontSize="20" BoldFont="true" TextHAlign="Center" TextVAlign="Top" />
        <TableElement X="10" Y="40" Width="200" Height="237" TextVAlign="Center">
          <Rows>
            <Row Height="5" TextVAlign="Center">
              <Cells>
                <Cell TextVAlign="Center" WordWrap="true" CellWidth="3.4" OrigWidth="20" OrigHeight="5" Text="行号" DecimalDigits="0" Width="20" Height="5" />
                <Cell TextVAlign="Center" WordWrap="true" CellWidth="3.4" OrigWidth="20" OrigHeight="5" Text="单据日期" DecimalDigits="0" X="20" Width="20" Height="5" />
                <Cell TextVAlign="Center" WordWrap="true" CellWidth="3.4" OrigWidth="20" OrigHeight="5" Text="单据编号" DecimalDigits="0" X="40" Width="20" Height="5" />
                <Cell TextVAlign="Center" WordWrap="true" CellWidth="3.4" OrigWidth="20" OrigHeight="5" Text="交接类型" DecimalDigits="0" X="60" Width="20" Height="5" />
                <Cell TextVAlign="Center" WordWrap="true" CellWidth="3.4" OrigWidth="20" OrigHeight="5" Text="派工单号" DecimalDigits="0" X="80" Width="20" Height="5" />
                <Cell TextVAlign="Center" WordWrap="true" CellWidth="3.4" OrigWidth="20" OrigHeight="5" Text="任务单编号" DecimalDigits="0" X="100" Width="20" Height="5" />
                <Cell TextVAlign="Center" WordWrap="true" CellWidth="3.4" OrigWidth="20" OrigHeight="5" Text="销售订单编号" DecimalDigits="0" X="120" Width="20" Height="5" />
                <Cell TextVAlign="Center" WordWrap="true" CellWidth="3.4" OrigWidth="20" OrigHeight="5" Text="接收数量" DecimalDigits="0" X="140" Width="20" Height="5" />
                <Cell TextVAlign="Center" WordWrap="true" CellWidth="3.4" OrigWidth="20" OrigHeight="5" Text="正常移交" DecimalDigits="0" X="160" Width="20" Height="5" />
                <Cell TextVAlign="Center" WordWrap="true" CellWidth="3.4" OrigWidth="20" OrigHeight="5" Text="其他转出" DecimalDigits="0" X="180" Width="20" Height="5" />
                <Cell TextVAlign="Center" WordWrap="true" CellWidth="3.4" OrigWidth="20" OrigHeight="5" Text="报废" DecimalDigits="0" X="200" Width="20" Height="5" />
                <Cell TextVAlign="Center" WordWrap="true" CellWidth="3.4" OrigWidth="20" OrigHeight="5" Text="未交数量" DecimalDigits="0" X="220" Width="20" Height="5" />
                <Cell TextVAlign="Center" WordWrap="true" CellWidth="3.4" OrigWidth="20" OrigHeight="5" Text="摘要" DecimalDigits="0" X="240" Width="20" Height="5" />
                <Cell TextVAlign="Center" WordWrap="true" CellWidth="3.4" OrigWidth="20" OrigHeight="5" Text="自定义1" DecimalDigits="0" X="260" Width="20" Height="5" />
                <Cell TextVAlign="Center" WordWrap="true" CellWidth="3.4" OrigWidth="20" OrigHeight="5" Text="自定义2" DecimalDigits="0" X="280" Width="20" Height="5" />
                <Cell TextVAlign="Center" WordWrap="true" CellWidth="3.4" OrigWidth="20" OrigHeight="5" Text="自定义3" DecimalDigits="0" X="300" Width="20" Height="5" />
                <Cell TextVAlign="Center" WordWrap="true" CellWidth="3.4" OrigWidth="20" OrigHeight="5" Text="自定义4" DecimalDigits="0" X="320" Width="20" Height="5" />
                <Cell TextVAlign="Center" WordWrap="true" CellWidth="3.4" OrigWidth="20" OrigHeight="5" Text="自定义5" DecimalDigits="0" X="340" Width="20" Height="5" />
                <Cell TextVAlign="Center" WordWrap="true" CellWidth="3.4" OrigWidth="20" OrigHeight="5" Text="自定义6" DecimalDigits="0" X="360" Width="20" Height="5" />
                <Cell TextVAlign="Center" WordWrap="true" CellWidth="3.4" OrigWidth="20" OrigHeight="5" Text="自定义7" DecimalDigits="0" X="380" Width="20" Height="5" />
                <Cell TextVAlign="Center" WordWrap="true" CellWidth="3.4" OrigWidth="20" OrigHeight="5" Text="自定义8" DecimalDigits="0" X="400" Width="20" Height="5" />
                <Cell TextVAlign="Center" WordWrap="true" CellWidth="3.4" OrigWidth="20" OrigHeight="5" Text="自定义9" DecimalDigits="0" X="420" Width="20" Height="5" />
                <Cell TextVAlign="Center" WordWrap="true" CellWidth="3.4" OrigWidth="20" OrigHeight="5" Text="自定义10" DecimalDigits="0" X="440" Width="20" Height="5" />
                <Cell TextVAlign="Center" WordWrap="true" CellWidth="3.4" OrigWidth="20" OrigHeight="5" Text="自定义11" DecimalDigits="0" X="460" Width="20" Height="5" />
                <Cell TextVAlign="Center" WordWrap="true" CellWidth="3.4" OrigWidth="20" OrigHeight="5" Text="自定义12" DecimalDigits="0" X="480" Width="20" Height="5" />
                <Cell TextVAlign="Center" WordWrap="true" CellWidth="3.4" OrigWidth="20" OrigHeight="5" Text="自定义13" DecimalDigits="0" X="500" Width="20" Height="5" />
                <Cell TextVAlign="Center" WordWrap="true" CellWidth="3.4" OrigWidth="20" OrigHeight="5" Text="自定义14" DecimalDigits="0" X="520" Width="20" Height="5" />
                <Cell TextVAlign="Center" WordWrap="true" CellWidth="3.4" OrigWidth="20" OrigHeight="5" Text="自定义15" DecimalDigits="0" X="540" Width="20" Height="5" />
                <Cell TextVAlign="Center" WordWrap="true" CellWidth="3.4" OrigWidth="20" OrigHeight="5" Text="自定义16" DecimalDigits="0" X="560" Width="20" Height="5" />
              </Cells>
            </Row>
            <Row Height="5" TextVAlign="Center">
              <Cells>
                <Cell TextVAlign="Center" WordWrap="true" CellWidth="3.4" OrigWidth="20" OrigHeight="5" Text="行号" FieldKind="Detail" DecimalDigits="0" Width="20" Height="5" />
                <Cell TextVAlign="Center" WordWrap="true" CellWidth="3.4" OrigWidth="20" OrigHeight="5" Text="单据日期" FieldKind="Detail" DecimalDigits="0" X="20" Width="20" Height="5" />
                <Cell TextVAlign="Center" WordWrap="true" CellWidth="3.4" OrigWidth="20" OrigHeight="5" Text="单据编号" FieldKind="Detail" DecimalDigits="0" X="40" Width="20" Height="5" />
                <Cell TextVAlign="Center" WordWrap="true" CellWidth="3.4" OrigWidth="20" OrigHeight="5" Text="交接类型" FieldKind="Detail" DecimalDigits="0" X="60" Width="20" Height="5" />
                <Cell TextVAlign="Center" WordWrap="true" CellWidth="3.4" OrigWidth="20" OrigHeight="5" Text="派工单号" FieldKind="Detail" DecimalDigits="0" X="80" Width="20" Height="5" />
                <Cell TextVAlign="Center" WordWrap="true" CellWidth="3.4" OrigWidth="20" OrigHeight="5" Text="任务单编号" FieldKind="Detail" DecimalDigits="0" X="100" Width="20" Height="5" />
                <Cell TextVAlign="Center" WordWrap="true" CellWidth="3.4" OrigWidth="20" OrigHeight="5" Text="销售订单编号" FieldKind="Detail" DecimalDigits="0" X="120" Width="20" Height="5" />
                <Cell TextVAlign="Center" WordWrap="true" CellWidth="3.4" OrigWidth="20" OrigHeight="5" Text="接收数量" FieldKind="Detail" DecimalDigits="0" X="140" Width="20" Height="5" />
                <Cell TextVAlign="Center" WordWrap="true" CellWidth="3.4" OrigWidth="20" OrigHeight="5" Text="正常移交" FieldKind="Detail" DecimalDigits="0" X="160" Width="20" Height="5" />
                <Cell TextVAlign="Center" WordWrap="true" CellWidth="3.4" OrigWidth="20" OrigHeight="5" Text="其他转出" FieldKind="Detail" DecimalDigits="0" X="180" Width="20" Height="5" />
                <Cell TextVAlign="Center" WordWrap="true" CellWidth="3.4" OrigWidth="20" OrigHeight="5" Text="报废" FieldKind="Detail" DecimalDigits="0" X="200" Width="20" Height="5" />
                <Cell TextVAlign="Center" WordWrap="true" CellWidth="3.4" OrigWidth="20" OrigHeight="5" Text="未交数量" FieldKind="Detail" DecimalDigits="0" X="220" Width="20" Height="5" />
                <Cell TextVAlign="Center" WordWrap="true" CellWidth="3.4" OrigWidth="20" OrigHeight="5" Text="摘要" FieldKind="Detail" DecimalDigits="0" X="240" Width="20" Height="5" />
                <Cell TextVAlign="Center" WordWrap="true" CellWidth="3.4" OrigWidth="20" OrigHeight="5" Text="自定义1" FieldKind="Detail" DecimalDigits="0" X="260" Width="20" Height="5" />
                <Cell TextVAlign="Center" WordWrap="true" CellWidth="3.4" OrigWidth="20" OrigHeight="5" Text="自定义2" FieldKind="Detail" DecimalDigits="0" X="280" Width="20" Height="5" />
                <Cell TextVAlign="Center" WordWrap="true" CellWidth="3.4" OrigWidth="20" OrigHeight="5" Text="自定义3" FieldKind="Detail" DecimalDigits="0" X="300" Width="20" Height="5" />
                <Cell TextVAlign="Center" WordWrap="true" CellWidth="3.4" OrigWidth="20" OrigHeight="5" Text="自定义4" FieldKind="Detail" DecimalDigits="0" X="320" Width="20" Height="5" />
                <Cell TextVAlign="Center" WordWrap="true" CellWidth="3.4" OrigWidth="20" OrigHeight="5" Text="自定义5" FieldKind="Detail" DecimalDigits="0" X="340" Width="20" Height="5" />
                <Cell TextVAlign="Center" WordWrap="true" CellWidth="3.4" OrigWidth="20" OrigHeight="5" Text="自定义6" FieldKind="Detail" DecimalDigits="0" X="360" Width="20" Height="5" />
                <Cell TextVAlign="Center" WordWrap="true" CellWidth="3.4" OrigWidth="20" OrigHeight="5" Text="自定义7" FieldKind="Detail" DecimalDigits="0" X="380" Width="20" Height="5" />
                <Cell TextVAlign="Center" WordWrap="true" CellWidth="3.4" OrigWidth="20" OrigHeight="5" Text="自定义8" FieldKind="Detail" DecimalDigits="0" X="400" Width="20" Height="5" />
                <Cell TextVAlign="Center" WordWrap="true" CellWidth="3.4" OrigWidth="20" OrigHeight="5" Text="自定义9" FieldKind="Detail" DecimalDigits="0" X="420" Width="20" Height="5" />
                <Cell TextVAlign="Center" WordWrap="true" CellWidth="3.4" OrigWidth="20" OrigHeight="5" Text="自定义10" FieldKind="Detail" DecimalDigits="0" X="440" Width="20" Height="5" />
                <Cell TextVAlign="Center" WordWrap="true" CellWidth="3.4" OrigWidth="20" OrigHeight="5" Text="自定义11" FieldKind="Detail" DecimalDigits="0" X="460" Width="20" Height="5" />
                <Cell TextVAlign="Center" WordWrap="true" CellWidth="3.4" OrigWidth="20" OrigHeight="5" Text="自定义12" FieldKind="Detail" DecimalDigits="0" X="480" Width="20" Height="5" />
                <Cell TextVAlign="Center" WordWrap="true" CellWidth="3.4" OrigWidth="20" OrigHeight="5" Text="自定义13" FieldKind="Detail" DecimalDigits="0" X="500" Width="20" Height="5" />
                <Cell TextVAlign="Center" WordWrap="true" CellWidth="3.4" OrigWidth="20" OrigHeight="5" Text="自定义14" FieldKind="Detail" DecimalDigits="0" X="520" Width="20" Height="5" />
                <Cell TextVAlign="Center" WordWrap="true" CellWidth="3.4" OrigWidth="20" OrigHeight="5" Text="自定义15" FieldKind="Detail" DecimalDigits="0" X="540" Width="20" Height="5" />
                <Cell TextVAlign="Center" WordWrap="true" CellWidth="3.4" OrigWidth="20" OrigHeight="5" Text="自定义16" FieldKind="Detail" DecimalDigits="0" X="560" Width="20" Height="5" />
              </Cells>
            </Row>
            <Row Height="5" TextVAlign="Center">
              <Cells>
                <Cell TextVAlign="Center" WordWrap="true" CellWidth="3.4" OrigWidth="20" OrigHeight="5" Text="合计" DecimalDigits="0" Width="20" Height="5" />
                <Cell TextVAlign="Center" WordWrap="true" CellWidth="3.4" OrigWidth="20" OrigHeight="5" Text="" DecimalDigits="0" X="20" Width="20" Height="5" />
                <Cell TextVAlign="Center" WordWrap="true" CellWidth="3.4" OrigWidth="20" OrigHeight="5" Text="" DecimalDigits="0" X="40" Width="20" Height="5" />
                <Cell TextVAlign="Center" WordWrap="true" CellWidth="3.4" OrigWidth="20" OrigHeight="5" Text="" DecimalDigits="0" X="60" Width="20" Height="5" />
                <Cell TextVAlign="Center" WordWrap="true" CellWidth="3.4" OrigWidth="20" OrigHeight="5" Text="" DecimalDigits="0" X="80" Width="20" Height="5" />
                <Cell TextVAlign="Center" WordWrap="true" CellWidth="3.4" OrigWidth="20" OrigHeight="5" Text="" DecimalDigits="0" X="100" Width="20" Height="5" />
                <Cell TextVAlign="Center" WordWrap="true" CellWidth="3.4" OrigWidth="20" OrigHeight="5" Text="" DecimalDigits="0" X="120" Width="20" Height="5" />
                <Cell TextVAlign="Center" WordWrap="true" CellWidth="3.4" OrigWidth="20" OrigHeight="5" Text="" DecimalDigits="0" X="140" Width="20" Height="5" />
                <Cell TextVAlign="Center" WordWrap="true" CellWidth="3.4" OrigWidth="20" OrigHeight="5" Text="" DecimalDigits="0" X="160" Width="20" Height="5" />
                <Cell TextVAlign="Center" WordWrap="true" CellWidth="3.4" OrigWidth="20" OrigHeight="5" Text="" DecimalDigits="0" X="180" Width="20" Height="5" />
                <Cell TextVAlign="Center" WordWrap="true" CellWidth="3.4" OrigWidth="20" OrigHeight="5" Text="" DecimalDigits="0" X="200" Width="20" Height="5" />
                <Cell TextVAlign="Center" WordWrap="true" CellWidth="3.4" OrigWidth="20" OrigHeight="5" Text="" DecimalDigits="0" X="220" Width="20" Height="5" />
                <Cell TextVAlign="Center" WordWrap="true" CellWidth="3.4" OrigWidth="20" OrigHeight="5" Text="" DecimalDigits="0" X="240" Width="20" Height="5" />
                <Cell TextVAlign="Center" WordWrap="true" CellWidth="3.4" OrigWidth="20" OrigHeight="5" Text="" DecimalDigits="0" X="260" Width="20" Height="5" />
                <Cell TextVAlign="Center" WordWrap="true" CellWidth="3.4" OrigWidth="20" OrigHeight="5" Text="" DecimalDigits="0" X="280" Width="20" Height="5" />
                <Cell TextVAlign="Center" WordWrap="true" CellWidth="3.4" OrigWidth="20" OrigHeight="5" Text="" DecimalDigits="0" X="300" Width="20" Height="5" />
                <Cell TextVAlign="Center" WordWrap="true" CellWidth="3.4" OrigWidth="20" OrigHeight="5" Text="" DecimalDigits="0" X="320" Width="20" Height="5" />
                <Cell TextVAlign="Center" WordWrap="true" CellWidth="3.4" OrigWidth="20" OrigHeight="5" Text="" DecimalDigits="0" X="340" Width="20" Height="5" />
                <Cell TextVAlign="Center" WordWrap="true" CellWidth="3.4" OrigWidth="20" OrigHeight="5" Text="" DecimalDigits="0" X="360" Width="20" Height="5" />
                <Cell TextVAlign="Center" WordWrap="true" CellWidth="3.4" OrigWidth="20" OrigHeight="5" Text="" DecimalDigits="0" X="380" Width="20" Height="5" />
                <Cell TextVAlign="Center" WordWrap="true" CellWidth="3.4" OrigWidth="20" OrigHeight="5" Text="" DecimalDigits="0" X="400" Width="20" Height="5" />
                <Cell TextVAlign="Center" WordWrap="true" CellWidth="3.4" OrigWidth="20" OrigHeight="5" Text="" DecimalDigits="0" X="420" Width="20" Height="5" />
                <Cell TextVAlign="Center" WordWrap="true" CellWidth="3.4" OrigWidth="20" OrigHeight="5" Text="" DecimalDigits="0" X="440" Width="20" Height="5" />
                <Cell TextVAlign="Center" WordWrap="true" CellWidth="3.4" OrigWidth="20" OrigHeight="5" Text="" DecimalDigits="0" X="460" Width="20" Height="5" />
                <Cell TextVAlign="Center" WordWrap="true" CellWidth="3.4" OrigWidth="20" OrigHeight="5" Text="" DecimalDigits="0" X="480" Width="20" Height="5" />
                <Cell TextVAlign="Center" WordWrap="true" CellWidth="3.4" OrigWidth="20" OrigHeight="5" Text="" DecimalDigits="0" X="500" Width="20" Height="5" />
                <Cell TextVAlign="Center" WordWrap="true" CellWidth="3.4" OrigWidth="20" OrigHeight="5" Text="" DecimalDigits="0" X="520" Width="20" Height="5" />
                <Cell TextVAlign="Center" WordWrap="true" CellWidth="3.4" OrigWidth="20" OrigHeight="5" Text="" DecimalDigits="0" X="540" Width="20" Height="5" />
                <Cell TextVAlign="Center" WordWrap="true" CellWidth="3.4" OrigWidth="20" OrigHeight="5" Text="" DecimalDigits="0" X="560" Width="20" Height="5" />
              </Cells>
            </Row>
          </Rows>
        </TableElement>
      </Elements>
      <Bands>
        <Band IsVisible="false" TextVAlign="Center" />
        <Band BandKind="PageHeader" Height="20" TextVAlign="Center" />
        <Band BandKind="ReportHeader" Y="20" Height="20" TextVAlign="Center" />
        <Band IsVisible="false" BandKind="PageBodyHeader" TextVAlign="Center" />
        <Band BandKind="PageDetail" Y="40" Height="237" TextVAlign="Center" />
        <Band IsVisible="false" BandKind="PageBodyFooter" TextVAlign="Center" />
        <Band IsVisible="false" BandKind="ReportFooter" Height="20" TextVAlign="Center" />
        <Band BandKind="PageFooter" Y="277" Height="20" TextVAlign="Center" />
      </Bands>
    </Page>
  </Pages>
  <PageSettings MarginLeft="10" MarginTop="20" MarginBottom="20" PageWidth="210" PageHeight="297" />
  <ExpressionFields />
</Report>