<Report>
  <Pages>
    <Page Width="210" Height="297">
      <OrderFields />
      <Elements>
        <TableElement X="10.000000278155" Y="20.7052082379659" Width="190" Height="236.681241226196">
          <Rows>
            <Row X="10.000000278155" Y="20.7052082379659" Width="190" Height="15.4104167620341">
              <Cells>
                <Cell OrigWidth="190" OrigHeight="15.4104167620341" Text="表名" FieldKind="Master" LeftLineVisible="false" TopLineVisible="false" RightLineVisible="false" TextHAlign="Center" X="10.000000278155" Y="20.7052082379659" Width="190" Height="15.4104167620341" FontSize="18" BoldFont="true" />
              </Cells>
            </Row>
            <Row X="10.000000278155" Y="36.115625" Width="190" Height="5">
              <Cells>
                <Cell OrigWidth="24.528124721845" OrigHeight="5" Text="显示方式：" LeftLineVisible="false" LeftLineWidth="0" TopLineWidth="0" RightLineVisible="false" TextHAlign="Center" X="10.000000278155" Y="36.115625" Width="24.528124721845" Height="5" TextColor="black" />
                <Cell OrigWidth="29.7575895638693" OrigHeight="5" Text="显示方式：" FieldKind="Master" LeftLineVisible="false" TopLineWidth="0" RightLineVisible="false" X="34.528125" Y="36.115625" Width="29.7575895638693" Height="5" TextColor="black" />
                <Cell OrigWidth="27.1428571428571" OrigHeight="5" Text="录单日期" FieldKind="Master" LeftLineVisible="false" TopLineWidth="0" RightLineVisible="false" TextHAlign="Center" X="64.2857145638693" Y="36.115625" Width="27.1428571428571" Height="5" TextColor="black" />
                <Cell OrigWidth="27.1428571428571" OrigHeight="5" Text="" LeftLineVisible="false" TopLineWidth="0" RightLineVisible="false" TextHAlign="Center" X="91.4285717067264" Y="36.115625" Width="27.1428571428571" Height="5" TextColor="black" />
                <Cell OrigWidth="54.9852681352977" OrigHeight="5" Text="会计科目：" FieldKind="Master" LeftLineVisible="false" TopLineWidth="0" RightLineVisible="false" TextHAlign="Center" X="118.571428849583" Y="36.115625" Width="54.9852681352977" Height="5" TextColor="black" />
                <Cell OrigWidth="27.1428571428571" OrigHeight="5" Text="总页码" FieldKind="System" LeftLineVisible="false" TopLineWidth="0" RightLineWidth="0" TextHAlign="Center" X="173.556696984881" Y="36.115625" Width="27.1428571428571" Height="5" TextColor="black" />
                <Cell OrigWidth="-0.699553849583509" OrigHeight="5" Text="" LeftLineVisible="false" TopLineWidth="0" RightLineVisible="false" TextHAlign="Right" X="200.699554127738" Y="36.115625" Height="5" TextColor="black" />
              </Cells>
            </Row>
            <Row X="10.000000278155" Y="41.115625" Width="190" Height="10">
              <Cells>
                <Cell OrigWidth="25.321874721845" OrigHeight="10" Text="科目编码" X="10.000000278155" Y="41.115625" Width="25.321874721845" Height="10" />
                <Cell OrigWidth="26.7229166666667" OrigHeight="10" Text="科目名称" TextHAlign="Center" X="35.321875" Y="41.115625" Width="26.7229166666667" Height="10" />
                <Cell OrigWidth="15.08125" OrigHeight="10" Text="方向" TextHAlign="Center" X="62.0447916666667" Y="41.115625" Width="15.08125" Height="10" />
                <Cell OrigWidth="33.0729166666667" OrigHeight="10" Text="期初金额" TextHAlign="Center" X="77.1260416666667" Y="41.115625" Width="33.0729166666667" Height="10" />
                <Cell OrigWidth="25.4" OrigHeight="10" Text="借方" TextHAlign="Center" X="110.198958333333" Y="41.115625" Width="25.4" Height="10" />
                <Cell OrigWidth="26.9875" OrigHeight="10" Text="贷方" TextHAlign="Center" X="135.598958333333" Y="41.115625" Width="26.9875" Height="10" />
                <Cell OrigWidth="14.5520833333333" OrigHeight="10" Text="方向" TextHAlign="Center" X="162.586458333333" Y="41.115625" Width="14.5520833333333" Height="10" />
                <Cell OrigWidth="22.8614586114885" OrigHeight="10" Text="余额" TextHAlign="Center" X="177.138541666667" Y="41.115625" Width="22.8614586114885" Height="10" />
              </Cells>
            </Row>
            <Row X="10.000000278155" Y="51.115625" Width="190" Height="5">
              <Cells>
                <Cell OrigWidth="25.321874721845" OrigHeight="5" Text="科目编码" FieldKind="Detail" X="10.000000278155" Y="51.115625" Width="25.321874721845" Height="5" />
                <Cell OrigWidth="26.7229166666667" OrigHeight="5" Text="科目名称" FieldKind="Detail" X="35.321875" Y="51.115625" Width="26.7229166666667" Height="5" />
                <Cell OrigWidth="15.08125" OrigHeight="5" Text="期间" FieldKind="Detail" X="62.0447916666667" Y="51.115625" Width="15.08125" Height="5" />
                <Cell OrigWidth="33.0729166666667" OrigHeight="5" Text="摘要" FieldKind="Detail" X="77.1260416666667" Y="51.115625" Width="33.0729166666667" Height="5" />
                <Cell OrigWidth="25.4" OrigHeight="5" Text="借方" FieldKind="Detail" X="110.198958333333" Y="51.115625" Width="25.4" Height="5" />
                <Cell OrigWidth="26.9875" OrigHeight="5" Text="贷方" FieldKind="Detail" X="135.598958333333" Y="51.115625" Width="26.9875" Height="5" />
                <Cell OrigWidth="14.5520833333333" OrigHeight="5" Text="方向" FieldKind="Detail" TextHAlign="Right" X="162.586458333333" Y="51.115625" Width="14.5520833333333" Height="5" />
                <Cell OrigWidth="22.861458611488" OrigHeight="5" Text="余额" FieldKind="Detail" TextHAlign="Right" X="177.138541666667" Y="51.115625" Width="22.861458611488" Height="5" />
              </Cells>
            </Row>
            <Row X="10.000000278155" Y="56.115625" Width="190" Height="5">
              <Cells>
                <Cell OrigWidth="38" OrigHeight="5" Text="" LeftLineWidth="0" RightLineVisible="false" BottomLineWidth="0" X="10.000000278155" Y="56.115625" Width="38" Height="5" TextColor="black" />
                <Cell OrigWidth="38" OrigHeight="5" Text="公司名称" FieldKind="Master" LeftLineVisible="false" RightLineVisible="false" BottomLineWidth="0" X="48.000000278155" Y="56.115625" Width="38" Height="5" TextColor="black" />
                <Cell OrigWidth="38" OrigHeight="5" Text="" LeftLineVisible="false" BottomLineWidth="0" X="86.000000278155" Y="56.115625" Width="38" Height="5" TextColor="black" />
                <Cell OrigWidth="38" OrigHeight="5" Text="打印时间：" LeftLineWidth="0" RightLineVisible="false" BottomLineWidth="0" TextHAlign="Right" X="124.000000278155" Y="56.115625" Width="38" Height="5" TextColor="black" />
                <Cell OrigWidth="38" OrigHeight="5" Text="系统日期" FieldKind="Master" LeftLineVisible="false" RightLineVisible="false" BottomLineWidth="0" X="162.000000278155" Y="56.115625" Width="38" Height="5" TextColor="black" />
              </Cells>
            </Row>
          </Rows>
        </TableElement>
      </Elements>
      <Bands>
        <Band IsVisible="false" />
        <Band BandKind="PageHeader" Height="20" />
        <Band IsVisible="false" BandKind="ReportHeader" />
        <Band IsVisible="false" BandKind="PageBodyHeader" />
        <Band BandKind="PageDetail" Y="19.84375" Height="257" />
        <Band IsVisible="false" BandKind="PageBodyFooter" />
        <Band IsVisible="false" BandKind="ReportFooter" />
        <Band BandKind="PageFooter" Y="276.754166666667" Height="20" />
      </Bands>
    </Page>
  </Pages>
  <PageSettings MarginLeft="10" MarginTop="20" MarginRight="10" MarginBottom="20" PageWidth="210" PageHeight="297" />
  <ExpressionFields />
</Report>