<Report IsRemoveEmptyRows="true">
  <Pages>
    <Page Width="210" Height="297">
      <OrderFields />
      <Elements>
        <TextElement Text="表名" FieldKind="Master" LeftLineVisible="false" TopLineVisible="false" RightLineVisible="false" BottomLineVisible="false" TextHAlign="Center" BandKind="ReportHeader" X="47.4291705449422" Y="26.6916685740153" Width="100" Height="10" FontSize="20" BoldFont="true" />
        <TableElement X="10.1864583333333" Y="40" Width="186.6875" Height="236.158340326945">
          <Rows>
            <Row X="10.1864583333333" Y="40" Width="186.6875" Height="5.90520833333333">
              <Cells>
                <Cell OrigWidth="28.0458333333334" OrigHeight="5.90520833333333" Text="统计时间：" LeftLineVisible="false" TopLineVisible="false" RightLineVisible="false" BottomLineVisible="false" TextHAlign="Center" WordWrap="true" X="10.1864583333333" Y="40" Width="28.0458333333334" Height="5.90520833333333" TextColor="black" />
                <Cell OrigWidth="48.6833333333333" OrigHeight="5.90520833333333" Text="统计时间" FieldKind="Master" LeftLineVisible="false" TopLineVisible="false" RightLineVisible="false" BottomLineVisible="false" TextHAlign="Center" WordWrap="true" X="38.2322916666667" Y="40" Width="48.6833333333333" Height="5.90520833333333" TextColor="black" />
                <Cell OrigWidth="109.958333333333" OrigHeight="5.90520833333333" Text="" LeftLineVisible="false" TopLineVisible="false" RightLineVisible="false" BottomLineVisible="false" TextHAlign="Center" WordWrap="true" X="86.915625" Y="40" Width="109.958333333333" Height="5.90520833333333" TextColor="black" />
              </Cells>
            </Row>
            <Row X="10.1864583333333" Y="45.9052083333333" Width="186.6875" Height="5.11432291666667">
              <Cells>
                <Cell OrigWidth="28.0458333333334" OrigHeight="5.11432291666667" Text="日期" TextHAlign="Center" WordWrap="true" X="10.1864583333333" Y="45.9052083333333" Width="28.0458333333334" Height="5.11432291666667" />
                <Cell OrigWidth="48.6833333333333" OrigHeight="5.11432291666667" Text="进货金额" TextHAlign="Center" WordWrap="true" X="38.2322916666667" Y="45.9052083333333" Width="48.6833333333333" Height="5.11432291666667" />
                <Cell OrigWidth="73.025" OrigHeight="5.11432291666667" Text="进项税额" TextHAlign="Center" WordWrap="true" X="86.915625" Y="45.9052083333333" Width="73.025" Height="5.11432291666667" />
                <Cell OrigWidth="36.9333333333333" OrigHeight="5" Text="价税合计" TextHAlign="Center" X="159.940625" Y="45.9052083333333" Width="36.9333333333333" Height="5.11432291666667" />
              </Cells>
            </Row>
            <Row X="10.1864583333333" Y="51.01953125" Width="186.6875" Height="5.11432291666667">
              <Cells>
                <Cell OrigWidth="28.0458333333334" OrigHeight="5.11432291666667" Text="日期" FieldKind="Detail" TextHAlign="Center" WordWrap="true" X="10.1864583333333" Y="51.01953125" Width="28.0458333333334" Height="5.11432291666667" TextColor="black" />
                <Cell OrigWidth="48.6833333333333" OrigHeight="5.11432291666667" Text="进货金额" FieldKind="Detail" TextHAlign="Center" WordWrap="true" X="38.2322916666667" Y="51.01953125" Width="48.6833333333333" Height="5.11432291666667" TextColor="black" />
                <Cell OrigWidth="73.025" OrigHeight="5.11432291666667" Text="进项税额" FieldKind="Detail" TextHAlign="Center" WordWrap="true" X="86.915625" Y="51.01953125" Width="73.025" Height="5.11432291666667" TextColor="black" />
                <Cell OrigWidth="36.9333333333333" OrigHeight="5" Text="价税合计" FieldKind="Detail" TextHAlign="Center" X="159.940625" Y="51.01953125" Width="36.9333333333333" Height="5.11432291666667" />
              </Cells>
            </Row>
            <Row X="10.1864583333333" Y="56.1338541666667" Width="186.6875" Height="5.11432291666667">
              <Cells>
                <Cell OrigWidth="28.0458333333334" OrigHeight="5.11432291666667" Text="合计：" TextHAlign="Center" WordWrap="true" X="10.1864583333333" Y="56.1338541666667" Width="28.0458333333334" Height="5.11432291666667" TextColor="black" />
                <Cell OrigWidth="48.6833333333333" OrigHeight="5.11432291666667" Text="进货金额" FieldKind="ToCurPageSum" TextHAlign="Center" WordWrap="true" X="38.2322916666667" Y="56.1338541666667" Width="48.6833333333333" Height="5.11432291666667" TextColor="black" />
                <Cell OrigWidth="73.025" OrigHeight="5.11432291666667" Text="进项税额" FieldKind="ToCurPageSum" TextHAlign="Center" WordWrap="true" X="86.915625" Y="56.1338541666667" Width="73.025" Height="5.11432291666667" TextColor="black" />
                <Cell OrigWidth="36.9333333333333" OrigHeight="5" Text="价税合计" FieldKind="ToCurPageSum" TextHAlign="Center" X="159.940625" Y="56.1338541666667" Width="36.9333333333333" Height="5.11432291666667" TextColor="black" />
              </Cells>
            </Row>
            <Row X="10.1864583333333" Y="61.2481770833333" Width="186.6875" Height="5">
              <Cells>
                <Cell OrigWidth="24.3416666666667" OrigHeight="5" Text="核算单位:" LeftLineVisible="false" RightLineVisible="false" BottomLineVisible="false" TextHAlign="Center" WordWrap="true" X="10.1864583333333" Y="61.2481770833333" Width="24.3416666666667" Height="5" TextColor="black" />
                <Cell OrigWidth="24.60625" OrigHeight="5" Text="" LeftLineVisible="false" RightLineVisible="false" BottomLineVisible="false" TextHAlign="Center" WordWrap="true" X="34.528125" Y="61.2481770833333" Width="24.60625" Height="5" TextColor="black" />
                <Cell OrigWidth="39.9520833333334" OrigHeight="5" Text="制表人：" LeftLineVisible="false" RightLineVisible="false" BottomLineVisible="false" TextHAlign="Right" WordWrap="true" X="59.134375" Y="61.2481770833333" Width="39.9520833333334" Height="5" TextColor="black" />
                <Cell OrigWidth="37.3062499999999" OrigHeight="5" Text="" LeftLineVisible="false" RightLineVisible="false" BottomLineVisible="false" TextHAlign="Center" WordWrap="true" X="99.0864583333334" Y="61.2481770833333" Width="37.3062499999999" Height="5" TextColor="black" />
                <Cell OrigWidth="33.3375" OrigHeight="5" Text="打印时间：" LeftLineVisible="false" RightLineVisible="false" BottomLineVisible="false" TextHAlign="Center" WordWrap="true" X="136.392708333333" Y="61.2481770833333" Width="33.3375" Height="5" TextColor="black" />
                <Cell OrigWidth="27.14375" OrigHeight="5" Text="日期" FieldKind="System" LeftLineVisible="false" RightLineVisible="false" BottomLineVisible="false" TextHAlign="Center" WordWrap="true" X="169.730208333333" Y="61.2481770833333" Width="27.14375" Height="5" TextColor="black" />
              </Cells>
            </Row>
            <Row X="10.1864583333333" Y="66.2481770833333" Width="186.6875" Height="5">
              <Cells>
                <Cell OrigWidth="24.3416666666667" OrigHeight="5" Text="" LeftLineVisible="false" TopLineVisible="false" RightLineVisible="false" BottomLineVisible="false" TextHAlign="Center" WordWrap="true" X="10.1864583333333" Y="66.2481770833333" Width="24.3416666666667" Height="5" TextColor="black" />
                <Cell OrigWidth="24.60625" OrigHeight="5" Text="" LeftLineVisible="false" TopLineVisible="false" RightLineVisible="false" BottomLineVisible="false" TextHAlign="Center" WordWrap="true" X="34.528125" Y="66.2481770833333" Width="24.60625" Height="5" TextColor="black" />
                <Cell OrigWidth="39.9520833333334" OrigHeight="5" Text="" LeftLineVisible="false" TopLineVisible="false" RightLineVisible="false" BottomLineVisible="false" TextHAlign="Center" WordWrap="true" X="59.134375" Y="66.2481770833333" Width="39.9520833333334" Height="5" TextColor="black" />
                <Cell OrigWidth="37.3062499999999" OrigHeight="5" Text="" LeftLineVisible="false" TopLineVisible="false" RightLineVisible="false" BottomLineVisible="false" TextHAlign="Center" WordWrap="true" X="99.0864583333334" Y="66.2481770833333" Width="37.3062499999999" Height="5" TextColor="black" />
                <Cell OrigWidth="60.48125" OrigHeight="5" Text="[管家婆软件]" LeftLineVisible="false" TopLineVisible="false" RightLineVisible="false" BottomLineVisible="false" TextHAlign="Right" WordWrap="true" X="136.392708333333" Y="66.2481770833333" Width="60.48125" Height="5" TextColor="black" />
              </Cells>
            </Row>
          </Rows>
        </TableElement>
        <TextElement Text="总页码" FieldKind="System" LeftLineVisible="false" TopLineVisible="false" RightLineVisible="false" BottomLineVisible="false" TextHAlign="Right" BandKind="PageHeader" X="175.629169972738" Y="11.5833328564962" Width="20" Height="5" />
      </Elements>
      <Bands>
        <Band IsVisible="false" />
        <Band BandKind="PageHeader" Height="20" />
        <Band BandKind="ReportHeader" Y="19.84375" Height="20" />
        <Band IsVisible="false" BandKind="PageBodyHeader" />
        <Band BandKind="PageDetail" Y="39.9520833333333" Height="237" />
        <Band IsVisible="false" BandKind="PageBodyFooter" />
        <Band IsVisible="false" BandKind="ReportFooter" />
        <Band BandKind="PageFooter" Y="276.754166666667" Height="20" />
      </Bands>
    </Page>
  </Pages>
  <PageSettings MarginLeft="10" MarginTop="20" MarginRight="10" MarginBottom="20" PageWidth="210" PageHeight="297" />
  <ExpressionFields />
</Report>