<Report MaxRowCount="0">
  <Pages>
    <Page Width="210" Height="297" TextVAlign="Center">
      <OrderFields />
      <Elements>
        <TextElement Text="表名" FieldKind="Master" LeftLineWidth="3" LeftLineColor="#FFFFFF" TopLineVisible="false" TopLineWidth="0" TopLineColor="#FFFFFF" RightLineVisible="false" RightLineWidth="0" RightLineColor="#FFFFFF" BottomLineVisible="false" BottomLineWidth="0" BottomLineColor="#FFFFFF" DecimalDigits="0" BandKind="ReportHeader" X="9.32917054494222" Y="20.3458329677582" Width="191.012501017253" Height="19.2604159355164" FontSize="20" BoldFont="true" TextHAlign="Center" TextVAlign="Center" />
        <TableElement X="10" Y="40" Width="190" Height="236.579164123535" TextVAlign="Center">
          <Rows>
            <Row X="10" Y="40" Width="190" Height="5" TextVAlign="Center">
              <Cells>
                <Cell CellWidth="3.4" OrigWidth="19" OrigHeight="5" Text="检验方式：" LeftLineVisible="false" TopLineVisible="false" RightLineVisible="false" DecimalDigits="0" X="10" Y="40" Width="19" Height="5" TextColor="black" TextVAlign="Center" WordWrap="true" />
                <Cell CellWidth="3.4" OrigWidth="114" OrigHeight="5" Text="检验方式 " FieldKind="Master" LeftLineVisible="false" TopLineVisible="false" RightLineVisible="false" DecimalDigits="0" X="29" Y="40" Width="114" Height="5" TextColor="black" TextVAlign="Center" WordWrap="true" />
                <Cell CellWidth="3.4" OrigWidth="17" OrigHeight="5" Text="统计时间：" LeftLineVisible="false" TopLineVisible="false" RightLineVisible="false" DecimalDigits="0" X="143" Y="40" Width="16" Height="5" TextColor="black" TextHAlign="Right" TextVAlign="Center" WordWrap="true" />
                <Cell CellWidth="3.4" OrigWidth="18" OrigHeight="5" Text="开始日期" FieldKind="Master" LeftLineVisible="false" TopLineVisible="false" RightLineVisible="false" DecimalDigits="0" X="160" Y="40" Width="19" Height="5" TextColor="black" TextHAlign="Center" TextVAlign="Center" WordWrap="true" />
                <Cell CellWidth="3.4" OrigWidth="3" OrigHeight="5" Text="至" LeftLineVisible="false" TopLineVisible="false" RightLineVisible="false" DecimalDigits="0" X="178" Y="40" Width="3" Height="5" TextColor="black" TextHAlign="Center" TextVAlign="Center" WordWrap="true" />
                <Cell CellWidth="3.4" OrigWidth="19" OrigHeight="5" Text="结束日期" FieldKind="Master" LeftLineVisible="false" TopLineVisible="false" RightLineVisible="false" DecimalDigits="0" X="181" Y="40" Width="19" Height="5" TextColor="black" TextHAlign="Center" TextVAlign="Center" WordWrap="true" />
              </Cells>
            </Row>
            <Row X="10" Y="45" Width="190" Height="5" TextVAlign="Center">
              <Cells>
                <Cell CellWidth="3.4" OrigWidth="19" OrigHeight="5" Text="行号" DecimalDigits="0" X="10" Y="45" Width="19" Height="5" TextHAlign="Center" TextVAlign="Center" WordWrap="true" />
                <Cell CellWidth="3.4" OrigWidth="38" OrigHeight="5" Text="存货编号" DecimalDigits="0" X="29" Y="45" Width="38" Height="5" TextHAlign="Center" TextVAlign="Center" WordWrap="true" />
                <Cell CellWidth="3.4" OrigWidth="38" OrigHeight="5" Text="存货" DecimalDigits="0" X="67" Y="45" Width="38" Height="5" TextHAlign="Center" TextVAlign="Center" WordWrap="true" />
                <Cell CellWidth="3.4" OrigWidth="19" OrigHeight="5" Text="送检量" DecimalDigits="0" X="105" Y="45" Width="19" Height="5" TextHAlign="Center" TextVAlign="Center" WordWrap="true" />
                <Cell CellWidth="3.4" OrigWidth="19" OrigHeight="5" Text="验货量" DecimalDigits="0" X="124" Y="45" Width="19" Height="5" TextHAlign="Center" TextVAlign="Center" WordWrap="true" />
                <Cell CellWidth="3.4" OrigWidth="19" OrigHeight="5" Text="合格数量" DecimalDigits="0" X="143" Y="45" Width="19" Height="5" TextHAlign="Center" TextVAlign="Center" WordWrap="true" />
                <Cell CellWidth="3.4" OrigWidth="19" OrigHeight="5" Text="不合格数量" DecimalDigits="0" X="162" Y="45" Width="19" Height="5" TextHAlign="Center" TextVAlign="Center" WordWrap="true" />
                <Cell CellWidth="3.4" OrigWidth="19" OrigHeight="5" Text="合格率（%）" DecimalDigits="0" X="181" Y="45" Width="19" Height="5" TextHAlign="Center" TextVAlign="Center" WordWrap="true" />
              </Cells>
            </Row>
            <Row X="10" Y="50" Width="190" Height="5" TextVAlign="Center">
              <Cells>
                <Cell CellWidth="3.4" OrigWidth="19" OrigHeight="5" Text="行号" FieldKind="Detail" DecimalDigits="0" X="10" Y="50" Width="19" Height="5" TextVAlign="Center" WordWrap="true" />
                <Cell CellWidth="3.4" OrigWidth="38" OrigHeight="5" Text="存货编号" FieldKind="Detail" DecimalDigits="0" X="29" Y="50" Width="38" Height="5" TextVAlign="Center" WordWrap="true" />
                <Cell CellWidth="3.4" OrigWidth="38" OrigHeight="5" Text="存货全名" FieldKind="Detail" DecimalDigits="0" X="67" Y="50" Width="38" Height="5" TextVAlign="Center" WordWrap="true" />
                <Cell CellWidth="3.4" OrigWidth="19" OrigHeight="5" Text="送检量" FieldKind="Detail" DecimalDigits="0" X="105" Y="50" Width="19" Height="5" TextVAlign="Center" WordWrap="true" />
                <Cell CellWidth="3.4" OrigWidth="19" OrigHeight="5" Text="验货量" FieldKind="Detail" DecimalDigits="0" X="124" Y="50" Width="19" Height="5" TextVAlign="Center" WordWrap="true" />
                <Cell CellWidth="3.4" OrigWidth="19" OrigHeight="5" Text="合格数量" FieldKind="Detail" DecimalDigits="0" X="143" Y="50" Width="19" Height="5" TextVAlign="Center" WordWrap="true" />
                <Cell CellWidth="3.4" OrigWidth="19" OrigHeight="5" Text="不合格数量" FieldKind="Detail" DecimalDigits="0" X="162" Y="50" Width="19" Height="5" TextVAlign="Center" WordWrap="true" />
                <Cell CellWidth="3.4" OrigWidth="19" OrigHeight="5" Text="合格率" FieldKind="Detail" DecimalDigits="0" X="181" Y="50" Width="19" Height="5" TextVAlign="Center" WordWrap="true" />
              </Cells>
            </Row>
            <Row X="10" Y="55" Width="190" Height="5" TextVAlign="Center">
              <Cells>
                <Cell CellWidth="3.4" OrigWidth="19" OrigHeight="5" Text="合计" DecimalDigits="0" X="10" Y="55" Width="19" Height="5" TextColor="black" TextHAlign="Center" TextVAlign="Center" />
                <Cell CellWidth="3.4" OrigWidth="38" OrigHeight="5" Text="" DecimalDigits="0" X="29" Y="55" Width="38" Height="5" TextColor="black" TextHAlign="Center" TextVAlign="Center" />
                <Cell CellWidth="3.4" OrigWidth="38" OrigHeight="5" Text="" DecimalDigits="0" X="67" Y="55" Width="38" Height="5" TextColor="black" TextVAlign="Center" />
                <Cell CellWidth="3.4" OrigWidth="19" OrigHeight="5" Text="验收数量" FieldKind="ToCurPageSum" DecimalDigits="0" X="105" Y="55" Width="19" Height="5" TextColor="black" TextVAlign="Center" />
                <Cell CellWidth="3.4" OrigWidth="19" OrigHeight="5" Text="合格数量" FieldKind="ToCurPageSum" DecimalDigits="0" X="124" Y="55" Width="19" Height="5" TextColor="black" TextVAlign="Center" />
                <Cell CellWidth="3.4" OrigWidth="19" OrigHeight="5" Text="合格数量" FieldKind="Total" DecimalDigits="0" X="143" Y="55" Width="19" Height="5" TextColor="black" TextVAlign="Center" />
                <Cell CellWidth="3.4" OrigWidth="19" OrigHeight="5" Text="不合格数量" FieldKind="ToCurPageSum" DecimalDigits="0" X="162" Y="55" Width="19" Height="5" TextColor="black" TextVAlign="Center" WordWrap="true" />
                <Cell CellWidth="3.4" OrigWidth="19" OrigHeight="5" Text="" DecimalDigits="0" X="181" Y="55" Width="19" Height="5" TextColor="black" TextVAlign="Center" WordWrap="true" />
              </Cells>
            </Row>
            <Row X="10" Y="60" Width="190" Height="5" TextVAlign="Center">
              <Cells>
                <Cell CellWidth="3.4" OrigWidth="152" OrigHeight="5" Text="" LeftLineVisible="false" LeftLineWidth="0" RightLineVisible="false" BottomLineVisible="false" DecimalDigits="0" X="10" Y="60" Width="152" Height="5" TextVAlign="Center" />
                <Cell CellWidth="3.4" OrigWidth="19" OrigHeight="5" Text="打印时间：" LeftLineVisible="false" RightLineVisible="false" BottomLineVisible="false" BottomLineWidth="0" DecimalDigits="0" X="162" Y="60" Width="19" Height="5" TextColor="black" TextHAlign="Right" TextVAlign="Center" WordWrap="true" />
                <Cell CellWidth="3.4" OrigWidth="19" OrigHeight="5" Text="日期" FieldKind="System" LeftLineVisible="false" RightLineVisible="false" RightLineWidth="0" BottomLineWidth="0" DecimalDigits="0" X="181" Y="60" Width="19" Height="5" TextColor="black" TextHAlign="Right" TextVAlign="Center" WordWrap="true" />
              </Cells>
            </Row>
            <Row X="10" Y="65" Width="190" Height="5" TextVAlign="Center">
              <Cells>
                <Cell CellWidth="3.4" OrigWidth="152" OrigHeight="5" LeftLineWidth="0" TopLineVisible="false" TopLineWidth="0" RightLineVisible="false" BottomLineVisible="false" DecimalDigits="0" X="10" Y="65" Width="152" Height="5" TextVAlign="Center" />
                <Cell CellWidth="3.4" OrigWidth="38" OrigHeight="5" Text="[管家婆软件]" LeftLineVisible="false" TopLineWidth="0" RightLineVisible="false" RightLineWidth="0" BottomLineVisible="false" BottomLineWidth="0" DecimalDigits="0" X="162" Y="65" Width="38" Height="5" TextColor="black" TextHAlign="Right" TextVAlign="Center" WordWrap="true" />
              </Cells>
            </Row>
            <Row X="10" Y="70" Width="190" Height="5" TextVAlign="Center">
              <Cells>
                <Cell CellWidth="3.4" OrigWidth="190" OrigHeight="5" Text="" LeftLineVisible="false" LeftLineWidth="0" TopLineVisible="false" RightLineVisible="false" BottomLineVisible="false" BottomLineWidth="0" DecimalDigits="0" X="10" Y="70" Width="190" Height="5" TextVAlign="Center" />
              </Cells>
            </Row>
          </Rows>
        </TableElement>
        <TextElement Text="总页码" FieldKind="System" LeftLineVisible="false" TopLineVisible="false" RightLineVisible="false" BottomLineVisible="false" DecimalDigits="0" BandKind="PageHeader" X="170.816673024495" Y="14.5520833333333" Width="29.52500055631" Height="5" TextHAlign="Right" TextVAlign="Center" />
      </Elements>
      <Bands>
        <Band IsVisible="false" TextVAlign="Center" />
        <Band BandKind="PageHeader" Height="20" TextVAlign="Center" />
        <Band BandKind="ReportHeader" Y="19.84375" Height="19.84375" TextVAlign="Center" />
        <Band IsVisible="false" BandKind="PageBodyHeader" TextVAlign="Center" />
        <Band BandKind="PageDetail" Y="39.6875" Height="237.15625" TextVAlign="Center" />
        <Band IsVisible="false" BandKind="PageBodyFooter" TextVAlign="Center" />
        <Band IsVisible="false" BandKind="ReportFooter" TextVAlign="Center" />
        <Band BandKind="PageFooter" Y="276.754166666667" Height="20" TextVAlign="Center" />
      </Bands>
    </Page>
  </Pages>
  <PageSettings MarginLeft="10" MarginTop="20" MarginRight="10" MarginBottom="20" PageWidth="210" PageHeight="297" MaxRowCount="0" />
  <ExpressionFields />
</Report>