<Report>
  <Pages>
    <Page Width="210" Height="297">
      <OrderFields />
      <Elements>
        <TextElement Text="表名" FieldKind="Master" LeftLineVisible="false" TopLineVisible="false" RightLineVisible="false" BottomLineVisible="false" TextHAlign="Center" BandKind="ReportHeader" X="9.06458721160889" Y="23.2562496344248" Width="191.75625406901" Height="10.000000278155" FontSize="20" BoldFont="true" />
        <TableElement X="10" Y="43.459375" Width="189.892708333333" Height="232.566666793823">
          <Rows>
            <Row X="10" Y="43.459375" Width="189.892708333333" Height="5">
              <Cells>
                <Cell OrigWidth="18.4427083333333" OrigHeight="5" Text="日期" WordWrap="true" X="10" Y="43.459375" Width="18.4427083333333" Height="5" />
                <Cell OrigWidth="23.5479166666667" OrigHeight="5" Text="单据编号" WordWrap="true" X="28.4427083333333" Y="43.459375" Width="23.5479166666667" Height="5" />
                <Cell OrigWidth="20.7256944444444" OrigHeight="5" Text="存货编号" WordWrap="true" X="51.990625" Y="43.459375" Width="20.7256944444444" Height="5" />
                <Cell OrigWidth="20.7256944444444" OrigHeight="5" Text="存货全名" WordWrap="true" X="72.7163194444444" Y="43.459375" Width="20.7256944444444" Height="5" />
                <Cell OrigWidth="20.7256944444444" OrigHeight="5" Text="车间全名" WordWrap="true" X="93.4420138888888" Y="43.459375" Width="20.7256944444444" Height="5" />
                <Cell OrigWidth="21.1666666666667" OrigHeight="5" Text="下达生产量" WordWrap="true" X="114.167708333333" Y="43.459375" Width="21.1666666666667" Height="5" />
                <Cell OrigWidth="22.7541666666667" OrigHeight="5" Text="完工验收数量" WordWrap="true" X="135.334375" Y="43.459375" Width="22.7541666666667" Height="5" />
                <Cell OrigWidth="21.43125" OrigHeight="5" Text="计划完工时间" WordWrap="true" X="158.088541666667" Y="43.459375" Width="21.43125" Height="5" />
                <Cell OrigWidth="20.3729166666667" OrigHeight="5" Text="摘要" WordWrap="true" X="179.519791666667" Y="43.459375" Width="20.3729166666667" Height="5" />
              </Cells>
            </Row>
            <Row X="10" Y="48.459375" Width="189.892708333333" Height="5">
              <Cells>
                <Cell OrigWidth="18.4427083333333" OrigHeight="5" Text="日期" FieldKind="Detail" WordWrap="true" X="10" Y="48.459375" Width="18.4427083333333" Height="5" />
                <Cell OrigWidth="23.5479166666667" OrigHeight="5" Text="单据编号" FieldKind="Detail" WordWrap="true" X="28.4427083333333" Y="48.459375" Width="23.5479166666667" Height="5" />
                <Cell OrigWidth="20.7256944444444" OrigHeight="5" Text="存货编号" FieldKind="Detail" WordWrap="true" X="51.990625" Y="48.459375" Width="20.7256944444444" Height="5" />
                <Cell OrigWidth="20.7256944444444" OrigHeight="5" Text="存货全名" FieldKind="Detail" WordWrap="true" X="72.7163194444444" Y="48.459375" Width="20.7256944444444" Height="5" />
                <Cell OrigWidth="20.7256944444444" OrigHeight="5" Text="车间全名" FieldKind="Detail" WordWrap="true" X="93.4420138888888" Y="48.459375" Width="20.7256944444444" Height="5" />
                <Cell OrigWidth="21.1666666666667" OrigHeight="5" Text="下达生产量" FieldKind="Detail" WordWrap="true" X="114.167708333333" Y="48.459375" Width="21.1666666666667" Height="5" />
                <Cell OrigWidth="22.7541666666667" OrigHeight="5" Text="完工验收数量" FieldKind="Detail" WordWrap="true" X="135.334375" Y="48.459375" Width="22.7541666666667" Height="5" />
                <Cell OrigWidth="21.43125" OrigHeight="5" Text="计划完工时间" FieldKind="Detail" WordWrap="true" X="158.088541666667" Y="48.459375" Width="21.43125" Height="5" />
                <Cell OrigWidth="20.3729166666667" OrigHeight="5" Text="摘要" FieldKind="Detail" WordWrap="true" X="179.519791666667" Y="48.459375" Width="20.3729166666667" Height="5" />
              </Cells>
            </Row>
            <Row X="10" Y="53.459375" Width="189.892708333333" Height="5">
              <Cells>
                <Cell OrigWidth="18.4427083333333" OrigHeight="5" Text="合计：" WordWrap="true" X="10" Y="53.459375" Width="18.4427083333333" Height="5" />
                <Cell OrigWidth="23.5479166666667" OrigHeight="5" Text="" WordWrap="true" X="28.4427083333333" Y="53.459375" Width="23.5479166666667" Height="5" />
                <Cell OrigWidth="20.7256944444444" OrigHeight="5" Text="" WordWrap="true" X="51.990625" Y="53.459375" Width="20.7256944444444" Height="5" />
                <Cell OrigWidth="20.7256944444444" OrigHeight="5" Text="" WordWrap="true" X="72.7163194444444" Y="53.459375" Width="20.7256944444444" Height="5" />
                <Cell OrigWidth="20.7256944444444" OrigHeight="5" Text="" WordWrap="true" X="93.4420138888888" Y="53.459375" Width="20.7256944444444" Height="5" />
                <Cell OrigWidth="21.1666666666667" OrigHeight="5" Text="下达生产量" FieldKind="ToCurPageSum" WordWrap="true" X="114.167708333333" Y="53.459375" Width="21.1666666666667" Height="5" />
                <Cell OrigWidth="22.7541666666667" OrigHeight="5" Text="完工验收数量" FieldKind="ToCurPageSum" WordWrap="true" X="135.334375" Y="53.459375" Width="22.7541666666667" Height="5" />
                <Cell OrigWidth="21.43125" OrigHeight="5" Text="" WordWrap="true" X="158.088541666667" Y="53.459375" Width="21.43125" Height="5" />
                <Cell OrigWidth="20.3729166666667" OrigHeight="5" Text="" WordWrap="true" X="179.519791666667" Y="53.459375" Width="20.3729166666667" Height="5" />
              </Cells>
            </Row>
            <Row X="10" Y="58.459375" Width="189.892708333333" Height="5">
              <Cells>
                <Cell OrigWidth="18.4427083333333" OrigHeight="5" Text="核算单位：" LeftLineVisible="false" RightLineVisible="false" BottomLineVisible="false" WordWrap="true" X="10" Y="58.459375" Width="18.4427083333333" Height="5" TextColor="black" />
                <Cell OrigWidth="23.5479166666667" OrigHeight="5" Text="" LeftLineVisible="false" RightLineVisible="false" BottomLineVisible="false" WordWrap="true" X="28.4427083333333" Y="58.459375" Width="23.5479166666667" Height="5" TextColor="black" />
                <Cell OrigWidth="62.1770833333333" OrigHeight="5" Text="制表人：" LeftLineVisible="false" RightLineVisible="false" BottomLineVisible="false" WordWrap="true" X="51.990625" Y="58.459375" Width="62.1770833333333" Height="5" TextColor="black" />
                <Cell OrigWidth="21.1666666666667" OrigHeight="5" Text="" LeftLineVisible="false" RightLineVisible="false" BottomLineVisible="false" WordWrap="true" X="114.167708333333" Y="58.459375" Width="21.1666666666667" Height="5" TextColor="black" />
                <Cell OrigWidth="22.7541666666667" OrigHeight="5" Text="打印时间：" LeftLineVisible="false" RightLineVisible="false" BottomLineVisible="false" WordWrap="true" X="135.334375" Y="58.459375" Width="22.7541666666667" Height="5" TextColor="black" />
                <Cell OrigWidth="41.8041666666667" OrigHeight="5" Text="日期" FieldKind="System" LeftLineVisible="false" RightLineVisible="false" BottomLineVisible="false" TextHAlign="Right" WordWrap="true" X="158.088541666667" Y="58.459375" Width="41.8041666666667" Height="5" TextColor="black" />
              </Cells>
            </Row>
            <Row X="10" Y="63.459375" Width="189.892708333333" Height="5.99375">
              <Cells>
                <Cell OrigWidth="18.4427083333333" OrigHeight="5.99375" Text="" LeftLineVisible="false" TopLineVisible="false" RightLineVisible="false" BottomLineVisible="false" WordWrap="true" X="10" Y="63.459375" Width="18.4427083333333" Height="5.99375" TextColor="black" />
                <Cell OrigWidth="23.5479166666667" OrigHeight="5.99375" Text="" LeftLineVisible="false" TopLineVisible="false" RightLineVisible="false" BottomLineVisible="false" WordWrap="true" X="28.4427083333333" Y="63.459375" Width="23.5479166666667" Height="5.99375" TextColor="black" />
                <Cell OrigWidth="62.1770833333333" OrigHeight="5.99375" Text="" LeftLineVisible="false" TopLineVisible="false" RightLineVisible="false" BottomLineVisible="false" WordWrap="true" X="51.990625" Y="63.459375" Width="62.1770833333333" Height="5.99375" TextColor="black" />
                <Cell OrigWidth="21.1666666666667" OrigHeight="5.99375" Text="" LeftLineVisible="false" TopLineVisible="false" RightLineVisible="false" BottomLineVisible="false" WordWrap="true" X="114.167708333333" Y="63.459375" Width="21.1666666666667" Height="5.99375" TextColor="black" />
                <Cell OrigWidth="22.7541666666667" OrigHeight="5.99375" Text="" LeftLineVisible="false" TopLineVisible="false" RightLineVisible="false" BottomLineVisible="false" WordWrap="true" X="135.334375" Y="63.459375" Width="22.7541666666667" Height="5.99375" TextColor="black" />
                <Cell OrigWidth="41.8041666666667" OrigHeight="5.99375" Text="[管家婆软件]" LeftLineVisible="false" TopLineVisible="false" RightLineVisible="false" BottomLineVisible="false" TextHAlign="Right" WordWrap="true" X="158.088541666667" Y="63.459375" Width="41.8041666666667" Height="5.99375" TextColor="black" />
              </Cells>
            </Row>
          </Rows>
        </TableElement>
        <TextElement Text="总页码" FieldKind="System" LeftLineVisible="false" TopLineVisible="false" RightLineVisible="false" BottomLineVisible="false" TextHAlign="Right" BandKind="PageHeader" X="179.762509409587" Y="14.4937495231628" Width="20" Height="5" />
      </Elements>
      <Bands>
        <Band IsVisible="false" />
        <Band BandKind="PageHeader" Height="20" />
        <Band BandKind="ReportHeader" Y="19.84375" Height="23.415625" />
        <Band IsVisible="false" BandKind="PageBodyHeader" />
        <Band BandKind="PageDetail" Y="43.3916666666667" Height="233.584375" />
        <Band IsVisible="false" BandKind="PageBodyFooter" />
        <Band IsVisible="false" BandKind="ReportFooter" />
        <Band BandKind="PageFooter" Y="276.754166666667" Height="20" />
      </Bands>
    </Page>
  </Pages>
  <PageSettings MarginLeft="10" MarginTop="20" MarginRight="10" MarginBottom="20" PageWidth="210" PageHeight="297" />
  <ExpressionFields />
</Report>