<Report IsRemoveEmptyRows="true">
  <Pages>
    <Page Width="210" Height="297" TextVAlign="Center">
      <OrderFields />
      <Elements>
        <TextElement Text="表名" FieldKind="Master" LeftLineVisible="false" TopLineVisible="false" RightLineVisible="false" BottomLineVisible="false" BandKind="ReportHeader" X="61.7166705449422" Y="24.0499996344248" Width="100" Height="10" FontSize="20" BoldFont="true" TextHAlign="Center" TextVAlign="Center" />
        <TableElement X="10" Y="40" Width="189.363541666667" Height="236.422923660278" TextVAlign="Center">
          <Rows>
            <Row X="10" Y="40" Width="189.363541666667" Height="5" TextVAlign="Center">
              <Cells>
                <Cell CellWidth="3.4" OrigWidth="14.7385416666667" OrigHeight="5" Text="单据日期" X="10" Y="40" Width="14.7385416666667" Height="5" TextVAlign="Center" WordWrap="true" />
                <Cell CellWidth="3.4" OrigWidth="20.3729166666666" OrigHeight="5" Text="单据编号" X="24.7385416666667" Y="40" Width="20.3729166666666" Height="5" TextVAlign="Center" WordWrap="true" />
                <Cell CellWidth="3.4" OrigWidth="23.8125" OrigHeight="5" Text="生产任务单编号" X="45.1114583333333" Y="40" Width="23.8125" Height="5" TextVAlign="Center" WordWrap="true" />
                <Cell CellWidth="3.4" OrigWidth="22.4895833333333" OrigHeight="5" Text="销售订单编号" X="68.9239583333333" Y="40" Width="22.4895833333333" Height="5" TextVAlign="Center" WordWrap="true" />
                <Cell CellWidth="3.4" OrigWidth="14.5520833333333" OrigHeight="5" Text="存货编号" X="91.4135416666666" Y="40" Width="14.5520833333333" Height="5" TextVAlign="Center" WordWrap="true" />
                <Cell CellWidth="3.4" OrigWidth="15.3458333333333" OrigHeight="5" Text="存货全名" X="105.965625" Y="40" Width="15.3458333333333" Height="5" TextVAlign="Center" WordWrap="true" />
                <Cell CellWidth="3.4" OrigWidth="14.8166666666667" OrigHeight="5" Text="验收数量" X="121.311458333333" Y="40" Width="14.8166666666667" Height="5" TextVAlign="Center" WordWrap="true" />
                <Cell CellWidth="3.4" OrigWidth="14.2875" OrigHeight="5" Text="单位成本" X="136.128125" Y="40" Width="14.2875" Height="5" TextVAlign="Center" WordWrap="true" />
                <Cell CellWidth="3.4" OrigWidth="14.5520833333333" OrigHeight="5" Text="制造费用" X="150.415625" Y="40" Width="14.5520833333333" Height="5" TextVAlign="Center" WordWrap="true" />
                <Cell CellWidth="3.4" OrigWidth="20.3729166666667" OrigHeight="5" Text="其他直接费用" X="164.967708333333" Y="40" Width="20.3729166666667" Height="5" TextVAlign="Center" WordWrap="true" />
                <Cell CellWidth="3.4" OrigWidth="14.0229166666668" OrigHeight="5" Text="成本合计" X="185.340625" Y="40" Width="14.0229166666668" Height="5" TextVAlign="Center" WordWrap="true" />
              </Cells>
            </Row>
            <Row X="10" Y="45" Width="189.363541666667" Height="5" TextVAlign="Center">
              <Cells>
                <Cell CellWidth="3.4" OrigWidth="14.7385416666667" OrigHeight="5" Text="日期" FieldKind="Detail" X="10" Y="45" Width="14.7385416666667" Height="5" TextVAlign="Center" WordWrap="true" />
                <Cell CellWidth="3.4" OrigWidth="20.3729166666666" OrigHeight="5" Text="单据编号" FieldKind="Detail" X="24.7385416666667" Y="45" Width="20.3729166666666" Height="5" TextVAlign="Center" WordWrap="true" />
                <Cell CellWidth="3.4" OrigWidth="23.8125" OrigHeight="5" Text="任务单号" FieldKind="Detail" X="45.1114583333333" Y="45" Width="23.8125" Height="5" TextVAlign="Center" WordWrap="true" />
                <Cell CellWidth="3.4" OrigWidth="22.4895833333333" OrigHeight="5" Text="销售订单编号" FieldKind="Detail" X="68.9239583333333" Y="45" Width="22.4895833333333" Height="5" TextVAlign="Center" WordWrap="true" />
                <Cell CellWidth="3.4" OrigWidth="14.5520833333333" OrigHeight="5" Text="存货编号" FieldKind="Detail" X="91.4135416666666" Y="45" Width="14.5520833333333" Height="5" TextVAlign="Center" WordWrap="true" />
                <Cell CellWidth="3.4" OrigWidth="15.3458333333333" OrigHeight="5" Text="存货全名" FieldKind="Detail" X="105.965625" Y="45" Width="15.3458333333333" Height="5" TextVAlign="Center" WordWrap="true" />
                <Cell CellWidth="3.4" OrigWidth="14.8166666666667" OrigHeight="5" Text="验收数量" FieldKind="Detail" X="121.311458333333" Y="45" Width="14.8166666666667" Height="5" TextVAlign="Center" WordWrap="true" />
                <Cell CellWidth="3.4" OrigWidth="14.2875" OrigHeight="5" Text="单位成本" FieldKind="Detail" X="136.128125" Y="45" Width="14.2875" Height="5" TextVAlign="Center" WordWrap="true" />
                <Cell CellWidth="3.4" OrigWidth="14.5520833333333" OrigHeight="5" Text="制造费用" FieldKind="Detail" X="150.415625" Y="45" Width="14.5520833333333" Height="5" TextVAlign="Center" WordWrap="true" />
                <Cell CellWidth="3.4" OrigWidth="20.3729166666667" OrigHeight="5" Text="其他直接费用" FieldKind="Detail" X="164.967708333333" Y="45" Width="20.3729166666667" Height="5" TextVAlign="Center" WordWrap="true" />
                <Cell CellWidth="3.4" OrigWidth="14.0229166666668" OrigHeight="5" Text="成本合计" FieldKind="Detail" X="185.340625" Y="45" Width="14.0229166666668" Height="5" TextVAlign="Center" WordWrap="true" />
              </Cells>
            </Row>
            <Row X="10" Y="50" Width="189.363541666667" Height="5" TextVAlign="Center">
              <Cells>
                <Cell CellWidth="3.4" OrigWidth="81.4135416666666" OrigHeight="5" Text="合计" X="10" Y="50" Width="81.4135416666666" Height="5" TextHAlign="Center" TextVAlign="Center" WordWrap="true" />
                <Cell CellWidth="3.4" OrigWidth="14.5520833333333" OrigHeight="5" Text="" X="91.4135416666666" Y="50" Width="14.5520833333333" Height="5" TextVAlign="Center" WordWrap="true" />
                <Cell CellWidth="3.4" OrigWidth="15.3458333333333" OrigHeight="5" Text="" X="105.965625" Y="50" Width="15.3458333333333" Height="5" TextVAlign="Center" WordWrap="true" />
                <Cell CellWidth="3.4" OrigWidth="14.8166666666667" OrigHeight="5" Text="验收数量" FieldKind="ToCurPageSum" X="121.311458333333" Y="50" Width="14.8166666666667" Height="5" TextVAlign="Center" WordWrap="true" />
                <Cell CellWidth="3.4" OrigWidth="14.2875" OrigHeight="5" Text="" X="136.128125" Y="50" Width="14.2875" Height="5" TextVAlign="Center" WordWrap="true" />
                <Cell CellWidth="3.4" OrigWidth="14.5520833333333" OrigHeight="5" Text="制造费用" FieldKind="ToCurPageSum" X="150.415625" Y="50" Width="14.5520833333333" Height="5" TextVAlign="Center" WordWrap="true" />
                <Cell CellWidth="3.4" OrigWidth="20.3729166666667" OrigHeight="5" Text="其他直接费用" FieldKind="ToCurPageSum" X="164.967708333333" Y="50" Width="20.3729166666667" Height="5" TextVAlign="Center" WordWrap="true" />
                <Cell CellWidth="3.4" OrigWidth="14.0229166666668" OrigHeight="5" Text="成本合计" FieldKind="ToCurPageSum" X="185.340625" Y="50" Width="14.0229166666668" Height="5" TextVAlign="Center" WordWrap="true" />
              </Cells>
            </Row>
            <Row X="10" Y="55" Width="189.363541666667" Height="5" TextVAlign="Center">
              <Cells>
                <Cell CellWidth="3.4" OrigWidth="126.128125" OrigHeight="5" Text="" LeftLineVisible="false" RightLineVisible="false" BottomLineVisible="false" X="10" Y="55" Width="126.128125" Height="5" TextColor="black" TextHAlign="Center" TextVAlign="Center" WordWrap="true" />
                <Cell CellWidth="3.4" OrigWidth="41.0104166666668" OrigHeight="5" Text="打印时间：" LeftLineVisible="false" RightLineVisible="false" BottomLineVisible="false" X="136.128125" Y="55" Width="41.0104166666668" Height="5" TextColor="black" TextHAlign="Right" TextVAlign="Center" WordWrap="true" />
                <Cell CellWidth="3.4" OrigWidth="22.225" OrigHeight="5" Text="日期" FieldKind="System" LeftLineVisible="false" RightLineVisible="false" BottomLineVisible="false" X="177.138541666667" Y="55" Width="22.225" Height="5" TextColor="black" TextVAlign="Center" WordWrap="true" />
              </Cells>
            </Row>
            <Row X="10" Y="60" Width="189.363541666667" Height="5" TextVAlign="Center">
              <Cells>
                <Cell CellWidth="3.4" OrigWidth="81.4135416666666" OrigHeight="5" Text="" LeftLineVisible="false" TopLineVisible="false" BottomLineVisible="false" X="10" Y="60" Width="81.4135416666666" Height="5" TextColor="black" TextHAlign="Center" TextVAlign="Center" WordWrap="true" />
                <Cell CellWidth="3.4" OrigWidth="14.5520833333333" OrigHeight="5" Text="" LeftLineVisible="false" TopLineVisible="false" BottomLineVisible="false" X="91.4135416666666" Y="60" Width="14.5520833333333" Height="5" TextColor="black" TextVAlign="Center" WordWrap="true" />
                <Cell CellWidth="3.4" OrigWidth="15.3458333333333" OrigHeight="5" Text="" LeftLineVisible="false" TopLineVisible="false" BottomLineVisible="false" X="105.965625" Y="60" Width="15.3458333333333" Height="5" TextColor="black" TextVAlign="Center" WordWrap="true" />
                <Cell CellWidth="3.4" OrigWidth="14.8166666666667" OrigHeight="5" Text="" LeftLineVisible="false" TopLineVisible="false" BottomLineVisible="false" X="121.311458333333" Y="60" Width="14.8166666666667" Height="5" TextColor="black" TextVAlign="Center" WordWrap="true" />
                <Cell CellWidth="3.4" OrigWidth="14.2875" OrigHeight="5" Text="" LeftLineVisible="false" TopLineVisible="false" BottomLineVisible="false" X="136.128125" Y="60" Width="14.2875" Height="5" TextColor="black" TextVAlign="Center" WordWrap="true" />
                <Cell CellWidth="3.4" OrigWidth="14.5520833333333" OrigHeight="5" Text="" LeftLineVisible="false" TopLineVisible="false" BottomLineVisible="false" X="150.415625" Y="60" Width="14.5520833333333" Height="5" TextColor="black" TextVAlign="Center" WordWrap="true" />
                <Cell CellWidth="3.4" OrigWidth="12.1708333333335" OrigHeight="5" Text="" LeftLineVisible="false" TopLineVisible="false" BottomLineVisible="false" X="164.967708333333" Y="60" Width="12.1708333333335" Height="5" TextColor="black" TextVAlign="Center" WordWrap="true" />
                <Cell CellWidth="3.4" OrigWidth="22.225" OrigHeight="5" Text="[管家婆软件]" LeftLineVisible="false" TopLineVisible="false" RightLineVisible="false" BottomLineVisible="false" X="177.138541666667" Y="60" Width="22.225" Height="5" TextColor="black" TextVAlign="Center" WordWrap="true" />
              </Cells>
            </Row>
          </Rows>
        </TableElement>
        <TextElement Text="总页码" FieldKind="System" LeftLineVisible="false" TopLineVisible="false" RightLineVisible="false" BottomLineVisible="false" BandKind="PageHeader" X="179.862503306071" Y="13.1708328564962" Width="20" Height="5" TextHAlign="Right" TextVAlign="Center" />
      </Elements>
      <Bands>
        <Band IsVisible="false" TextVAlign="Center" />
        <Band BandKind="PageHeader" Height="20" TextVAlign="Center" />
        <Band BandKind="ReportHeader" Y="19.84375" Height="20" TextVAlign="Center" />
        <Band IsVisible="false" BandKind="PageBodyHeader" TextVAlign="Center" />
        <Band BandKind="PageDetail" Y="39.9520833333333" Height="237" TextVAlign="Center" />
        <Band IsVisible="false" BandKind="PageBodyFooter" TextVAlign="Center" />
        <Band IsVisible="false" BandKind="ReportFooter" TextVAlign="Center" />
        <Band BandKind="PageFooter" Y="276.754166666667" Height="20" TextVAlign="Center" />
      </Bands>
    </Page>
  </Pages>
  <PageSettings MarginLeft="10" MarginTop="20" MarginBottom="20" PageWidth="210" PageHeight="297" />
  <ExpressionFields />
</Report>