<Report MaxRowCount="0">
  <Pages>
    <Page Width="210" Height="297" TextVAlign="Center">
      <OrderFields />
      <Elements>
        <TextElement Text="供应商往来对账" LeftLineVisible="false" TopLineVisible="false" RightLineVisible="false" BottomLineVisible="false" DecimalDigits="0" BandKind="PageHeader" X="52.1229166666667" Y="5.55625" Width="107.841665204366" Height="8.96874963442484" FontSize="20" BoldFont="true" TextHAlign="Center" TextVAlign="Center" />
        <TableElement X="10" Y="35.84375" Width="190" Height="240.735418828328" TextVAlign="Center">
          <Rows>
            <Row X="10" Y="35.84375" Width="190" Height="5" TextVAlign="Center">
              <Cells>
                <Cell CellWidth="3.4" OrigWidth="10.6103840033213" OrigHeight="5" Text="行号" DecimalDigits="0" X="10" Y="35.84375" Width="10.6103840033213" Height="5" TextVAlign="Center" />
                <Cell CellWidth="3.4" OrigWidth="16.4181697686513" OrigHeight="5" Text="日期" DecimalDigits="0" X="20.6103840033213" Y="35.84375" Width="16.4181697686513" Height="5" TextVAlign="Center" />
                <Cell CellWidth="3.4" OrigWidth="18.6193617184957" OrigHeight="5" Text="单据编号" DecimalDigits="0" X="37.0285537719726" Y="35.84375" Width="18.6193617184957" Height="5" TextVAlign="Center" />
                <Cell CellWidth="3.4" OrigWidth="23.6814962069194" OrigHeight="5" Text="摘要" DecimalDigits="0" X="55.6479154904683" Y="35.84375" Width="23.6814962069194" Height="5" TextVAlign="Center" />
                <Cell CellWidth="3.4" OrigWidth="14.4210755030314" OrigHeight="5" Text="经办人" DecimalDigits="0" X="79.3294116973877" Y="35.84375" Width="14.4210755030314" Height="5" TextVAlign="Center" />
                <Cell CellWidth="3.4" OrigWidth="17.1212013880412" OrigHeight="5" Text="结算单位全名" DecimalDigits="0" X="93.7504872004191" Y="35.84375" Width="17.1212013880412" Height="5" TextVAlign="Center" />
                <Cell CellWidth="3.4" OrigWidth="14.456134178852" OrigHeight="5" Text="存货全名" DecimalDigits="0" X="110.87168858846" Y="35.84375" Width="14.456134178852" Height="5" TextVAlign="Center" />
                <Cell CellWidth="3.4" OrigWidth="12.2377379215262" OrigHeight="5" Text="数量" DecimalDigits="0" X="125.327822767312" Y="35.84375" Width="12.2377379215262" Height="5" TextVAlign="Center" />
                <Cell CellWidth="3.4" OrigWidth="13.4362860045628" OrigHeight="5" Text="单价" DecimalDigits="0" X="137.565560688839" Y="35.84375" Width="13.4362860045628" Height="5" TextVAlign="Center" />
                <Cell CellWidth="3.4" OrigWidth="17.930745303355" OrigHeight="5" Text="本期增加" DecimalDigits="0" X="151.001846693401" Y="35.84375" Width="17.930745303355" Height="5" TextVAlign="Center" />
                <Cell CellWidth="3.4" OrigWidth="17.031866245276" OrigHeight="5" Text="本期减少" DecimalDigits="0" X="168.932591996756" Y="35.84375" Width="17.031866245276" Height="5" TextVAlign="Center" />
                <Cell CellWidth="3.4" OrigWidth="14.0355417579677" OrigHeight="5" Text="余额" DecimalDigits="0" X="185.964458242032" Y="35.84375" Width="14.0355417579677" Height="5" TextVAlign="Center" />
              </Cells>
            </Row>
            <Row X="10" Y="40.84375" Width="190" Height="5" TextVAlign="Center">
              <Cells>
                <Cell CellWidth="3.4" OrigWidth="10.6103840033213" OrigHeight="5" Text="行号" FieldKind="Detail" DecimalDigits="0" X="10" Y="40.84375" Width="10.6103840033213" Height="5" TextVAlign="Center" WordWrap="true" />
                <Cell CellWidth="3.4" OrigWidth="16.4181697686513" OrigHeight="5" Text="日期" FieldKind="Detail" DecimalDigits="0" X="20.6103840033213" Y="40.84375" Width="16.4181697686513" Height="5" TextVAlign="Center" WordWrap="true" />
                <Cell CellWidth="3.4" OrigWidth="18.6193617184957" OrigHeight="5" Text="单据编号" FieldKind="Detail" DecimalDigits="0" X="37.0285537719726" Y="40.84375" Width="18.6193617184957" Height="5" TextVAlign="Center" WordWrap="true" />
                <Cell CellWidth="3.4" OrigWidth="23.6814962069194" OrigHeight="5" Text="摘要" FieldKind="Detail" DecimalDigits="0" X="55.6479154904683" Y="40.84375" Width="23.6814962069194" Height="5" TextVAlign="Center" WordWrap="true" />
                <Cell CellWidth="3.4" OrigWidth="14.4210755030314" OrigHeight="5" Text="职员全名" FieldKind="Detail" DecimalDigits="0" X="79.3294116973877" Y="40.84375" Width="14.4210755030314" Height="5" TextVAlign="Center" WordWrap="true" />
                <Cell CellWidth="3.4" OrigWidth="17.1212013880412" OrigHeight="5" Text="供应商全名" FieldKind="Detail" DecimalDigits="0" X="93.7504872004191" Y="40.84375" Width="17.1212013880412" Height="5" TextVAlign="Center" WordWrap="true" />
                <Cell CellWidth="3.4" OrigWidth="14.456134178852" OrigHeight="5" Text="存货全名" FieldKind="Detail" DecimalDigits="0" X="110.87168858846" Y="40.84375" Width="14.456134178852" Height="5" TextVAlign="Center" WordWrap="true" />
                <Cell CellWidth="3.4" OrigWidth="12.2377379215262" OrigHeight="5" Text="数量" FieldKind="Detail" DecimalDigits="0" X="125.327822767312" Y="40.84375" Width="12.2377379215262" Height="5" TextVAlign="Center" WordWrap="true" />
                <Cell CellWidth="3.4" OrigWidth="13.4362860045628" OrigHeight="5" Text="单价" FieldKind="Detail" DecimalDigits="0" X="137.565560688839" Y="40.84375" Width="13.4362860045628" Height="5" TextVAlign="Center" WordWrap="true" />
                <Cell CellWidth="3.4" OrigWidth="17.930745303355" OrigHeight="5" Text="本期增加" FieldKind="Detail" DecimalDigits="0" X="151.001846693401" Y="40.84375" Width="17.930745303355" Height="5" TextVAlign="Center" WordWrap="true" />
                <Cell CellWidth="3.4" OrigWidth="17.031866245276" OrigHeight="5" Text="本期减少" FieldKind="Detail" DecimalDigits="0" X="168.932591996756" Y="40.84375" Width="17.031866245276" Height="5" TextVAlign="Center" WordWrap="true" />
                <Cell CellWidth="3.4" OrigWidth="14.0355417579677" OrigHeight="5" Text="余额" FieldKind="Detail" DecimalDigits="0" X="185.964458242032" Y="40.84375" Width="14.0355417579677" Height="5" TextVAlign="Center" WordWrap="true" />
              </Cells>
            </Row>
          </Rows>
        </TableElement>
      </Elements>
      <Bands>
        <Band IsVisible="false" TextVAlign="Center" />
        <Band BandKind="PageHeader" Height="20" TextVAlign="Center" />
        <Band IsVisible="false" BandKind="ReportHeader" TextVAlign="Center" />
        <Band IsVisible="false" BandKind="PageBodyHeader" TextVAlign="Center" />
        <Band BandKind="PageDetail" Y="19.84375" Height="257" TextVAlign="Center" />
        <Band IsVisible="false" BandKind="PageBodyFooter" TextVAlign="Center" />
        <Band IsVisible="false" BandKind="ReportFooter" TextVAlign="Center" />
        <Band BandKind="PageFooter" Y="276.754166666667" Height="20" TextVAlign="Center" />
      </Bands>
    </Page>
  </Pages>
  <PageSettings MarginLeft="10" MarginTop="20" MarginRight="10" MarginBottom="20" PageWidth="210" PageHeight="297" MaxRowCount="0" />
  <ExpressionFields />
</Report>