<Report IsRemoveEmptyRows="true">
  <Pages>
    <Page Width="210" Height="297">
      <OrderFields />
      <Elements>
        <TextElement Text="表名" FieldKind="Master" LeftLineVisible="false" TopLineVisible="false" RightLineVisible="false" BottomLineVisible="false" TextHAlign="Center" BandKind="ReportHeader" X="47.4291705449422" Y="26.6916685740153" Width="100" Height="10" FontSize="20" BoldFont="true" />
        <TableElement X="9.921875" Y="40" Width="189.177083333334" Height="236.422923660278">
          <Rows>
            <Row X="9.921875" Y="40" Width="189.177083333334" Height="5.11432291666667">
              <Cells>
                <Cell OrigWidth="161.660416666667" OrigHeight="5.11432291666667" Text="开始日期" FieldKind="Master" LeftLineVisible="false" TopLineVisible="false" RightLineVisible="false" TextHAlign="Right" WordWrap="true" X="9.921875" Y="40" Width="161.660416666667" Height="5.11432291666667" TextColor="black" />
                <Cell OrigWidth="7.67291666666665" OrigHeight="5.11432291666667" Text="至" LeftLineVisible="false" TopLineVisible="false" RightLineVisible="false" TextHAlign="Right" WordWrap="true" X="171.582291666667" Y="40" Width="7.67291666666665" Height="5.11432291666667" TextColor="black" />
                <Cell OrigWidth="19.84375" OrigHeight="5.11432291666667" Text="结束日期" FieldKind="Master" LeftLineVisible="false" TopLineVisible="false" RightLineVisible="false" TextHAlign="Center" WordWrap="true" X="179.255208333334" Y="40" Width="19.84375" Height="5.11432291666667" TextColor="black" />
              </Cells>
            </Row>
            <Row X="9.921875" Y="45.1143229166667" Width="189.177083333333" Height="5.11432291666667">
              <Cells>
                <Cell OrigWidth="25.4" OrigHeight="5.11432291666667" Text="日期" TextHAlign="Center" WordWrap="true" X="9.921875" Y="45.1143229166667" Width="25.4" Height="5.11432291666667" />
                <Cell OrigWidth="39.9520833333333" OrigHeight="5.11432291666667" Text="单据编号" TextHAlign="Center" WordWrap="true" X="35.321875" Y="45.1143229166667" Width="39.9520833333333" Height="5.11432291666667" />
                <Cell OrigWidth="27.5166666666667" OrigHeight="5.11432291666667" Text="存货全名" TextHAlign="Center" WordWrap="true" X="75.2739583333333" Y="45.1143229166667" Width="27.5166666666667" Height="5.11432291666667" />
                <Cell OrigWidth="21.9604166666667" OrigHeight="5.11432291666667" Text="数量" TextHAlign="Center" WordWrap="true" X="102.790625" Y="45.1143229166667" Width="21.9604166666667" Height="5.11432291666667" />
                <Cell OrigWidth="21.9604166666667" OrigHeight="5.11432291666667" Text="单价" TextHAlign="Center" WordWrap="true" X="124.751041666667" Y="45.1143229166667" Width="21.9604166666667" Height="5.11432291666667" />
                <Cell OrigWidth="22.7541666666667" OrigHeight="5" Text="含税单价" TextHAlign="Center" X="146.711458333333" Y="45.1143229166667" Width="22.7541666666667" Height="5.11432291666667" />
                <Cell OrigWidth="29.6333333333333" OrigHeight="5" Text="含税金额" TextHAlign="Center" X="169.465625" Y="45.1143229166667" Width="29.6333333333333" Height="5.11432291666667" />
              </Cells>
            </Row>
            <Row X="9.921875" Y="50.2286458333333" Width="189.177083333333" Height="5.11432291666667">
              <Cells>
                <Cell OrigWidth="25.4" OrigHeight="5.11432291666667" Text="日期" FieldKind="Detail" TextHAlign="Center" WordWrap="true" X="9.921875" Y="50.2286458333333" Width="25.4" Height="5.11432291666667" TextColor="black" />
                <Cell OrigWidth="39.9520833333333" OrigHeight="5.11432291666667" Text="单据编号" FieldKind="Detail" TextHAlign="Center" WordWrap="true" X="35.321875" Y="50.2286458333333" Width="39.9520833333333" Height="5.11432291666667" TextColor="black" />
                <Cell OrigWidth="27.5166666666667" OrigHeight="5.11432291666667" Text="存货全名" FieldKind="Detail" TextHAlign="Center" WordWrap="true" X="75.2739583333333" Y="50.2286458333333" Width="27.5166666666667" Height="5.11432291666667" TextColor="black" />
                <Cell OrigWidth="21.9604166666667" OrigHeight="5.11432291666667" Text="数量" FieldKind="Detail" TextHAlign="Center" WordWrap="true" X="102.790625" Y="50.2286458333333" Width="21.9604166666667" Height="5.11432291666667" TextColor="black" />
                <Cell OrigWidth="21.9604166666667" OrigHeight="5.11432291666667" Text="单价" FieldKind="Detail" TextHAlign="Center" WordWrap="true" X="124.751041666667" Y="50.2286458333333" Width="21.9604166666667" Height="5.11432291666667" TextColor="black" />
                <Cell OrigWidth="22.7541666666667" OrigHeight="5.11432291666667" Text="含税单价" FieldKind="Detail" TextHAlign="Center" WordWrap="true" X="146.711458333333" Y="50.2286458333333" Width="22.7541666666667" Height="5.11432291666667" TextColor="black" />
                <Cell OrigWidth="29.6333333333333" OrigHeight="5" Text="含税金额" FieldKind="Detail" TextHAlign="Center" X="169.465625" Y="50.2286458333333" Width="29.6333333333333" Height="5.11432291666667" />
              </Cells>
            </Row>
            <Row X="9.921875" Y="55.34296875" Width="189.177083333333" Height="5.11432291666667">
              <Cells>
                <Cell OrigWidth="65.3520833333333" OrigHeight="5.11432291666667" Text="合计" TextHAlign="Center" WordWrap="true" X="9.921875" Y="55.34296875" Width="65.3520833333333" Height="5.11432291666667" TextColor="black" />
                <Cell OrigWidth="27.5166666666667" OrigHeight="5.11432291666667" Text="" TextHAlign="Center" WordWrap="true" X="75.2739583333333" Y="55.34296875" Width="27.5166666666667" Height="5.11432291666667" TextColor="black" />
                <Cell OrigWidth="21.9604166666667" OrigHeight="5.11432291666667" Text="数量" FieldKind="ToCurPageSum" TextHAlign="Center" WordWrap="true" X="102.790625" Y="55.34296875" Width="21.9604166666667" Height="5.11432291666667" TextColor="black" />
                <Cell OrigWidth="21.9604166666667" OrigHeight="5.11432291666667" Text="" TextHAlign="Center" WordWrap="true" X="124.751041666667" Y="55.34296875" Width="21.9604166666667" Height="5.11432291666667" TextColor="black" />
                <Cell OrigWidth="22.7541666666667" OrigHeight="5.11432291666667" Text="" TextHAlign="Center" WordWrap="true" X="146.711458333333" Y="55.34296875" Width="22.7541666666667" Height="5.11432291666667" TextColor="black" />
                <Cell OrigWidth="29.6333333333333" OrigHeight="5" Text="含税金额" FieldKind="ToCurPageSum" TextHAlign="Center" X="169.465625" Y="55.34296875" Width="29.6333333333333" Height="5.11432291666667" TextColor="black" />
              </Cells>
            </Row>
            <Row X="9.921875" Y="60.4572916666667" Width="189.177083333333" Height="5">
              <Cells>
                <Cell OrigWidth="24.60625" OrigHeight="5" Text="核算单位：" LeftLineVisible="false" RightLineVisible="false" BottomLineVisible="false" WordWrap="true" X="9.921875" Y="60.4572916666667" Width="24.60625" Height="5" TextColor="black" />
                <Cell OrigWidth="24.60625" OrigHeight="5" Text="" LeftLineVisible="false" RightLineVisible="false" BottomLineVisible="false" TextHAlign="Center" WordWrap="true" X="34.528125" Y="60.4572916666667" Width="24.60625" Height="5" TextColor="black" />
                <Cell OrigWidth="39.9520833333334" OrigHeight="5" Text="制表人：" LeftLineVisible="false" RightLineVisible="false" BottomLineVisible="false" TextHAlign="Center" WordWrap="true" X="59.134375" Y="60.4572916666667" Width="39.9520833333334" Height="5" TextColor="black" />
                <Cell OrigWidth="37.3062499999999" OrigHeight="5" Text="" LeftLineVisible="false" RightLineVisible="false" BottomLineVisible="false" TextHAlign="Center" WordWrap="true" X="99.0864583333334" Y="60.4572916666667" Width="37.3062499999999" Height="5" TextColor="black" />
                <Cell OrigWidth="33.0729166666667" OrigHeight="5" Text="打印时间：" LeftLineVisible="false" RightLineVisible="false" BottomLineVisible="false" TextHAlign="Right" WordWrap="true" X="136.392708333333" Y="60.4572916666667" Width="33.0729166666667" Height="5" TextColor="black" />
                <Cell OrigWidth="9.94583333333331" OrigHeight="5" LeftLineVisible="false" BottomLineVisible="false" X="169.465625" Y="60.4572916666667" Width="9.94583333333331" Height="5" />
                <Cell OrigWidth="19.6875" OrigHeight="5" Text="日期" FieldKind="System" LeftLineVisible="false" RightLineVisible="false" BottomLineVisible="false" TextHAlign="Center" WordWrap="true" X="179.411458333333" Y="60.4572916666667" Width="19.6875" Height="5" TextColor="black" />
              </Cells>
            </Row>
            <Row X="9.921875" Y="65.4572916666667" Width="189.177083333333" Height="5">
              <Cells>
                <Cell OrigWidth="24.60625" OrigHeight="5" Text="" LeftLineVisible="false" TopLineVisible="false" RightLineVisible="false" BottomLineVisible="false" TextHAlign="Center" WordWrap="true" X="9.921875" Y="65.4572916666667" Width="24.60625" Height="5" TextColor="black" />
                <Cell OrigWidth="24.60625" OrigHeight="5" Text="" LeftLineVisible="false" TopLineVisible="false" RightLineVisible="false" BottomLineVisible="false" TextHAlign="Center" WordWrap="true" X="34.528125" Y="65.4572916666667" Width="24.60625" Height="5" TextColor="black" />
                <Cell OrigWidth="39.9520833333334" OrigHeight="5" Text="" LeftLineVisible="false" TopLineVisible="false" RightLineVisible="false" BottomLineVisible="false" TextHAlign="Center" WordWrap="true" X="59.134375" Y="65.4572916666667" Width="39.9520833333334" Height="5" TextColor="black" />
                <Cell OrigWidth="37.3062499999999" OrigHeight="5" Text="" LeftLineVisible="false" TopLineVisible="false" RightLineVisible="false" BottomLineVisible="false" TextHAlign="Center" WordWrap="true" X="99.0864583333334" Y="65.4572916666667" Width="37.3062499999999" Height="5" TextColor="black" />
                <Cell OrigWidth="62.70625" OrigHeight="5" Text="[管家婆软件]" LeftLineVisible="false" TopLineVisible="false" RightLineVisible="false" BottomLineVisible="false" TextHAlign="Right" WordWrap="true" X="136.392708333333" Y="65.4572916666667" Width="62.70625" Height="5" TextColor="black" />
              </Cells>
            </Row>
          </Rows>
        </TableElement>
        <TextElement Text="总页码" FieldKind="System" LeftLineVisible="false" TopLineVisible="false" RightLineVisible="false" BottomLineVisible="false" TextHAlign="Right" BandKind="PageHeader" X="175.629169972738" Y="11.5833328564962" Width="20" Height="5" />
      </Elements>
      <Bands>
        <Band IsVisible="false" />
        <Band BandKind="PageHeader" Height="20" />
        <Band BandKind="ReportHeader" Y="19.84375" Height="19.84375" />
        <Band IsVisible="false" BandKind="PageBodyHeader" />
        <Band BandKind="PageDetail" Y="39.6875" Height="237.15625" />
        <Band IsVisible="false" BandKind="PageBodyFooter" />
        <Band IsVisible="false" BandKind="ReportFooter" />
        <Band BandKind="PageFooter" Y="276.754166666667" Height="20" />
      </Bands>
    </Page>
  </Pages>
  <PageSettings MarginLeft="10" MarginTop="20" MarginRight="10" MarginBottom="20" PageWidth="210" PageHeight="297" />
  <ExpressionFields />
</Report>