<Report MaxRowCount="0">
  <Pages>
    <Page Width="210" Height="297" TextVAlign="Center">
      <OrderFields />
      <Elements>
        <TextElement Text="表名" FieldKind="Master" LeftLineWidth="3" LeftLineColor="#FFFFFF" TopLineVisible="false" TopLineWidth="0" TopLineColor="#FFFFFF" RightLineVisible="false" RightLineWidth="0" RightLineColor="#FFFFFF" BottomLineVisible="false" BottomLineWidth="0" BottomLineColor="#FFFFFF" DecimalDigits="0" BandKind="PageHeader" X="17.5312538782756" Y="8.70416630109151" Width="182" Height="10" FontSize="20" BoldFont="true" TextHAlign="Center" TextVAlign="Top" />
        <TableElement X="10" Y="40" Width="183.333333333334" Height="236.422923660278" TextVAlign="Center">
          <Rows>
            <Row X="10" Y="40" Width="183.333333333334" Height="5" TextVAlign="Center">
              <Cells>
                <Cell CellWidth="3.4" OrigWidth="11.1986111799876" OrigHeight="5" Text="行号" DecimalDigits="0" X="10" Y="40" Width="11.1986111799876" Height="5" TextVAlign="Center" WordWrap="true" />
                <Cell CellWidth="3.4" OrigWidth="22.1347221533457" OrigHeight="5" Text="计划完工日期" DecimalDigits="0" X="21.1986111799876" Y="40" Width="22.1347221533457" Height="5" TextVAlign="Center" WordWrap="true" />
                <Cell CellWidth="3.4" OrigWidth="16.6666666666667" OrigHeight="5" Text="单据日期" DecimalDigits="0" X="43.3333333333333" Y="40" Width="16.6666666666667" Height="5" TextVAlign="Center" WordWrap="true" />
                <Cell CellWidth="3.4" OrigWidth="16.6666666666667" OrigHeight="5" Text="单据编号" DecimalDigits="0" X="60" Y="40" Width="16.6666666666667" Height="5" TextVAlign="Center" WordWrap="true" />
                <Cell CellWidth="3.4" OrigWidth="16.6666666666667" OrigHeight="5" Text="存货编号" DecimalDigits="0" X="76.6666666666667" Y="40" Width="16.6666666666667" Height="5" TextVAlign="Center" WordWrap="true" />
                <Cell CellWidth="3.4" OrigWidth="16.6666666666667" OrigHeight="5" Text="存货全名" DecimalDigits="0" X="93.3333333333334" Y="40" Width="16.6666666666667" Height="5" TextVAlign="Center" WordWrap="true" />
                <Cell CellWidth="3.4" OrigWidth="16.6666627883911" OrigHeight="5" Text="制单人全名" DecimalDigits="0" X="110" Y="40" Width="16.6666627883911" Height="5" TextVAlign="Center" WordWrap="true" />
                <Cell CellWidth="3.4" OrigWidth="16.6666705449423" OrigHeight="5" Text="下达生产量" DecimalDigits="0" X="126.666662788391" Y="40" Width="16.6666705449423" Height="5" TextVAlign="Center" WordWrap="true" />
                <Cell CellWidth="3.4" OrigWidth="16.6666666666667" OrigHeight="5" Text="单位编号" DecimalDigits="0" X="143.333333333333" Y="40" Width="16.6666666666667" Height="5" TextVAlign="Center" WordWrap="true" />
                <Cell CellWidth="3.4" OrigWidth="16.6666666666667" OrigHeight="5" Text="单位全名" DecimalDigits="0" X="160" Y="40" Width="16.6666666666667" Height="5" TextVAlign="Center" WordWrap="true" />
                <Cell CellWidth="3.4" OrigWidth="16.6666666666667" OrigHeight="5" Text="完工入库数" DecimalDigits="0" X="176.666666666667" Y="40" Width="16.6666666666667" Height="5" TextVAlign="Center" WordWrap="true" />
              </Cells>
            </Row>
            <Row X="10" Y="45" Width="183.333333333334" Height="5" TextVAlign="Center">
              <Cells>
                <Cell CellWidth="3.4" OrigWidth="11.1986111799876" OrigHeight="5" Text="行号" FieldKind="Detail" DecimalDigits="0" X="10" Y="45" Width="11.1986111799876" Height="5" TextVAlign="Center" WordWrap="true" />
                <Cell CellWidth="3.4" OrigWidth="22.1347221533457" OrigHeight="5" Text="计划完工日期" FieldKind="Detail" DecimalDigits="0" X="21.1986111799876" Y="45" Width="22.1347221533457" Height="5" TextVAlign="Center" WordWrap="true" />
                <Cell CellWidth="3.4" OrigWidth="16.6666666666667" OrigHeight="5" Text="单据日期" FieldKind="Detail" DecimalDigits="0" X="43.3333333333333" Y="45" Width="16.6666666666667" Height="5" TextVAlign="Center" WordWrap="true" />
                <Cell CellWidth="3.4" OrigWidth="16.6666666666667" OrigHeight="5" Text="单据编号" FieldKind="Detail" DecimalDigits="0" X="60" Y="45" Width="16.6666666666667" Height="5" TextVAlign="Center" WordWrap="true" />
                <Cell CellWidth="3.4" OrigWidth="16.6666666666667" OrigHeight="5" Text="存货编号" FieldKind="Detail" DecimalDigits="0" X="76.6666666666667" Y="45" Width="16.6666666666667" Height="5" TextVAlign="Center" WordWrap="true" />
                <Cell CellWidth="3.4" OrigWidth="16.6666666666667" OrigHeight="5" Text="存货全名" FieldKind="Detail" DecimalDigits="0" X="93.3333333333334" Y="45" Width="16.6666666666667" Height="5" TextVAlign="Center" WordWrap="true" />
                <Cell CellWidth="3.4" OrigWidth="16.6666627883911" OrigHeight="5" Text="制单人全名" FieldKind="Detail" DecimalDigits="0" X="110" Y="45" Width="16.6666627883911" Height="5" TextVAlign="Center" WordWrap="true" />
                <Cell CellWidth="3.4" OrigWidth="16.6666705449423" OrigHeight="5" Text="下达生产量" FieldKind="Detail" DecimalDigits="0" X="126.666662788391" Y="45" Width="16.6666705449423" Height="5" TextVAlign="Center" WordWrap="true" />
                <Cell CellWidth="3.4" OrigWidth="16.6666666666667" OrigHeight="5" Text="单位编号" FieldKind="Detail" DecimalDigits="0" X="143.333333333333" Y="45" Width="16.6666666666667" Height="5" TextVAlign="Center" WordWrap="true" />
                <Cell CellWidth="3.4" OrigWidth="16.6666666666667" OrigHeight="5" Text="单位全名" FieldKind="Detail" DecimalDigits="0" X="160" Y="45" Width="16.6666666666667" Height="5" TextVAlign="Center" WordWrap="true" />
                <Cell CellWidth="3.4" OrigWidth="16.6666666666667" OrigHeight="5" Text="完工入库数" FieldKind="Detail" DecimalDigits="0" X="176.666666666667" Y="45" Width="16.6666666666667" Height="5" TextVAlign="Center" WordWrap="true" />
              </Cells>
            </Row>
            <Row X="10" Y="50" Width="183.333333333334" Height="5" TextVAlign="Center">
              <Cells>
                <Cell CellWidth="3.4" OrigWidth="11.1986111799876" OrigHeight="5" Text="合计" DecimalDigits="0" X="10" Y="50" Width="11.1986111799876" Height="5" TextVAlign="Center" WordWrap="true" />
                <Cell CellWidth="3.4" OrigWidth="22.1347221533457" OrigHeight="5" Text="" DecimalDigits="0" X="21.1986111799876" Y="50" Width="22.1347221533457" Height="5" TextVAlign="Center" WordWrap="true" />
                <Cell CellWidth="3.4" OrigWidth="16.6666666666667" OrigHeight="5" Text="" DecimalDigits="0" X="43.3333333333333" Y="50" Width="16.6666666666667" Height="5" TextVAlign="Center" WordWrap="true" />
                <Cell CellWidth="3.4" OrigWidth="16.6666666666667" OrigHeight="5" Text="" DecimalDigits="0" X="60" Y="50" Width="16.6666666666667" Height="5" TextVAlign="Center" WordWrap="true" />
                <Cell CellWidth="3.4" OrigWidth="16.6666666666667" OrigHeight="5" Text="" DecimalDigits="0" X="76.6666666666667" Y="50" Width="16.6666666666667" Height="5" TextVAlign="Center" WordWrap="true" />
                <Cell CellWidth="3.4" OrigWidth="16.6666666666667" OrigHeight="5" Text="" DecimalDigits="0" X="93.3333333333334" Y="50" Width="16.6666666666667" Height="5" TextVAlign="Center" WordWrap="true" />
                <Cell CellWidth="3.4" OrigWidth="16.6666627883911" OrigHeight="5" Text="" DecimalDigits="0" X="110" Y="50" Width="16.6666627883911" Height="5" TextVAlign="Center" WordWrap="true" />
                <Cell CellWidth="3.4" OrigWidth="16.6666705449423" OrigHeight="5" Text="下达生产量" FieldKind="Total" DecimalDigits="0" X="126.666662788391" Y="50" Width="16.6666705449423" Height="5" TextVAlign="Center" WordWrap="true" />
                <Cell CellWidth="3.4" OrigWidth="16.6666666666667" OrigHeight="5" Text="" DecimalDigits="0" X="143.333333333333" Y="50" Width="16.6666666666667" Height="5" TextVAlign="Center" WordWrap="true" />
                <Cell CellWidth="3.4" OrigWidth="16.6666666666667" OrigHeight="5" Text="" DecimalDigits="0" X="160" Y="50" Width="16.6666666666667" Height="5" TextVAlign="Center" WordWrap="true" />
                <Cell CellWidth="3.4" OrigWidth="16.6666666666667" OrigHeight="5" Text="完工入库数" FieldKind="Total" DecimalDigits="0" X="176.666666666667" Y="50" Width="16.6666666666667" Height="5" TextVAlign="Center" WordWrap="true" />
              </Cells>
            </Row>
          </Rows>
        </TableElement>
      </Elements>
      <Bands>
        <Band IsVisible="false" TextVAlign="Center" />
        <Band BandKind="PageHeader" Height="20" TextVAlign="Center" />
        <Band BandKind="ReportHeader" Y="19.84375" Height="20" TextVAlign="Center" />
        <Band IsVisible="false" BandKind="PageBodyHeader" TextVAlign="Center" />
        <Band BandKind="PageDetail" Y="39.9520833333333" Height="237" TextVAlign="Center" />
        <Band IsVisible="false" BandKind="PageBodyFooter" TextVAlign="Center" />
        <Band IsVisible="false" BandKind="ReportFooter" TextVAlign="Center" />
        <Band BandKind="PageFooter" Y="276.754166666667" Height="20" TextVAlign="Center" />
      </Bands>
    </Page>
  </Pages>
  <PageSettings MarginLeft="10" MarginTop="20" MarginBottom="20" PageWidth="210" PageHeight="297" MaxRowCount="0" />
  <ExpressionFields />
</Report>