<Report IsRemoveEmptyRows="true">
  <PageSettings MarginLeft="10" MarginTop="20" MarginBottom="20" PageWidth="210" PageHeight="297" />
  <ExpressionFields />
  <Pages>
    <Page Width="210" Height="297">
      <Bands>
        <Band IsVisible="false" />
        <Band BandKind="PageHeader" Height="20" />
        <Band BandKind="ReportHeader" Y="19.84375" Height="23.415625" />
        <Band IsVisible="false" BandKind="PageBodyHeader" />
        <Band BandKind="PageDetail" Y="43.3916666666667" Height="233.584375" />
        <Band IsVisible="false" BandKind="PageBodyFooter" />
        <Band IsVisible="false" BandKind="ReportFooter" />
        <Band BandKind="PageFooter" Y="276.754166666667" Height="20" />
      </Bands>
      <OrderFields />
      <Elements>
        <TextElement Text="表名" FieldKind="Master" LeftLineVisible="false" TopLineVisible="false" RightLineVisible="false" BottomLineVisible="false" TextHAlign="Center" BandKind="ReportHeader" X="8.53542054494222" Y="20.6104163010915" Width="191.75625406901" Height="10.000000278155" FontSize="20" BoldFont="true" />
        <TableElement X="10" Y="43.459375" Width="189.628125" Height="232.831250127157">
          <Rows>
            <Row X="10" Y="43.459375" Width="189.628125" Height="5">
              <Cells>
                <Cell OrigWidth="20" OrigHeight="5" Text="单据类型" WordWrap="true" X="10" Y="43.459375" Width="20" Height="5" />
                <Cell OrigWidth="20" OrigHeight="5" Text="单据日期" WordWrap="true" X="30" Y="43.459375" Width="20" Height="5" />
                <Cell OrigWidth="20" OrigHeight="5" Text="单据编号" WordWrap="true" X="50" Y="43.459375" Width="20" Height="5" />
                <Cell OrigWidth="20" OrigHeight="5" Text="供应商全名" WordWrap="true" X="70" Y="43.459375" Width="20" Height="5" />
                <Cell OrigWidth="20" OrigHeight="5" Text="单据金额" WordWrap="true" X="90" Y="43.459375" Width="20" Height="5" />
                <Cell OrigWidth="22.6885416666667" OrigHeight="5" Text="已开票金额" WordWrap="true" X="110" Y="43.459375" Width="22.6885416666667" Height="5" />
                <Cell OrigWidth="20.3729166666667" OrigHeight="5" Text="未开票金额" WordWrap="true" X="132.688541666667" Y="43.459375" Width="20.3729166666667" Height="5" />
                <Cell OrigWidth="23.8125" OrigHeight="5" Text="已付款金额" WordWrap="true" X="153.061458333333" Y="43.459375" Width="23.8125" Height="5" />
                <Cell OrigWidth="22.7541666666666" OrigHeight="5" Text="未付款金额" WordWrap="true" X="176.873958333333" Y="43.459375" Width="22.7541666666666" Height="5" />
              </Cells>
            </Row>
            <Row X="10" Y="48.459375" Width="189.628125" Height="5">
              <Cells>
                <Cell OrigWidth="20" OrigHeight="5" Text="单据类型" FieldKind="Detail" WordWrap="true" X="10" Y="48.459375" Width="20" Height="5" />
                <Cell OrigWidth="20" OrigHeight="5" Text="单据日期" FieldKind="Detail" WordWrap="true" X="30" Y="48.459375" Width="20" Height="5" />
                <Cell OrigWidth="20" OrigHeight="5" Text="单据编号" FieldKind="Detail" WordWrap="true" X="50" Y="48.459375" Width="20" Height="5" />
                <Cell OrigWidth="20" OrigHeight="5" Text="供应商全名" FieldKind="Detail" WordWrap="true" X="70" Y="48.459375" Width="20" Height="5" />
                <Cell OrigWidth="20" OrigHeight="5" Text="单据金额" FieldKind="Detail" WordWrap="true" X="90" Y="48.459375" Width="20" Height="5" />
                <Cell OrigWidth="22.6885416666667" OrigHeight="5" Text="已开票金额" FieldKind="Detail" WordWrap="true" X="110" Y="48.459375" Width="22.6885416666667" Height="5" />
                <Cell OrigWidth="20.3729166666667" OrigHeight="5" Text="未开票金额" FieldKind="Detail" WordWrap="true" X="132.688541666667" Y="48.459375" Width="20.3729166666667" Height="5" />
                <Cell OrigWidth="23.8125" OrigHeight="5" Text="已付款金额" FieldKind="Detail" WordWrap="true" X="153.061458333333" Y="48.459375" Width="23.8125" Height="5" />
                <Cell OrigWidth="22.7541666666666" OrigHeight="5" Text="未付款金额" FieldKind="Detail" WordWrap="true" X="176.873958333333" Y="48.459375" Width="22.7541666666666" Height="5" />
              </Cells>
            </Row>
            <Row X="10" Y="53.459375" Width="189.628125" Height="5">
              <Cells>
                <Cell OrigWidth="20" OrigHeight="5" Text="合计：" WordWrap="true" X="10" Y="53.459375" Width="20" Height="5" />
                <Cell OrigWidth="20" OrigHeight="5" Text="" WordWrap="true" X="30" Y="53.459375" Width="20" Height="5" />
                <Cell OrigWidth="20" OrigHeight="5" Text="" WordWrap="true" X="50" Y="53.459375" Width="20" Height="5" />
                <Cell OrigWidth="20" OrigHeight="5" Text="" WordWrap="true" X="70" Y="53.459375" Width="20" Height="5" />
                <Cell OrigWidth="20" OrigHeight="5" Text="单据金额" FieldKind="ToCurPageSum" WordWrap="true" X="90" Y="53.459375" Width="20" Height="5" />
                <Cell OrigWidth="22.6885416666667" OrigHeight="5" Text="已开票金额" FieldKind="ToCurPageSum" WordWrap="true" X="110" Y="53.459375" Width="22.6885416666667" Height="5" />
                <Cell OrigWidth="20.3729166666667" OrigHeight="5" Text="未开票金额" FieldKind="ToCurPageSum" WordWrap="true" X="132.688541666667" Y="53.459375" Width="20.3729166666667" Height="5" />
                <Cell OrigWidth="23.8125" OrigHeight="5" Text="已付款金额" FieldKind="ToCurPageSum" WordWrap="true" X="153.061458333333" Y="53.459375" Width="23.8125" Height="5" />
                <Cell OrigWidth="22.7541666666666" OrigHeight="5" Text="未付款金额" FieldKind="ToCurPageSum" WordWrap="true" X="176.873958333333" Y="53.459375" Width="22.7541666666666" Height="5" />
              </Cells>
            </Row>
            <Row X="10" Y="58.459375" Width="189.628125" Height="5">
              <Cells>
                <Cell OrigWidth="20" OrigHeight="5" Text="核算单位：" LeftLineVisible="false" RightLineVisible="false" BottomLineVisible="false" WordWrap="true" X="10" Y="58.459375" Width="20" Height="5" TextColor="black" />
                <Cell OrigWidth="20" OrigHeight="5" Text="" LeftLineVisible="false" RightLineVisible="false" BottomLineVisible="false" WordWrap="true" X="30" Y="58.459375" Width="20" Height="5" TextColor="black" />
                <Cell OrigWidth="20" OrigHeight="5" Text="" LeftLineVisible="false" RightLineVisible="false" BottomLineVisible="false" WordWrap="true" X="50" Y="58.459375" Width="20" Height="5" TextColor="black" />
                <Cell OrigWidth="20" OrigHeight="5" Text="制表人：" LeftLineVisible="false" RightLineVisible="false" BottomLineVisible="false" WordWrap="true" X="70" Y="58.459375" Width="20" Height="5" TextColor="black" />
                <Cell OrigWidth="20" OrigHeight="5" Text="" LeftLineVisible="false" RightLineVisible="false" BottomLineVisible="false" WordWrap="true" X="90" Y="58.459375" Width="20" Height="5" TextColor="black" />
                <Cell OrigWidth="22.6885416666667" OrigHeight="5" Text="" LeftLineVisible="false" RightLineVisible="false" BottomLineVisible="false" WordWrap="true" X="110" Y="58.459375" Width="22.6885416666667" Height="5" TextColor="black" />
                <Cell OrigWidth="20.3729166666667" OrigHeight="5" Text="" LeftLineVisible="false" RightLineVisible="false" BottomLineVisible="false" WordWrap="true" X="132.688541666667" Y="58.459375" Width="20.3729166666667" Height="5" TextColor="black" />
                <Cell OrigWidth="23.8125" OrigHeight="5" Text="打印时间：" LeftLineVisible="false" RightLineVisible="false" BottomLineVisible="false" WordWrap="true" X="153.061458333333" Y="58.459375" Width="23.8125" Height="5" TextColor="black" />
                <Cell OrigWidth="22.7541666666666" OrigHeight="5" Text="日期" FieldKind="System" LeftLineVisible="false" RightLineVisible="false" BottomLineVisible="false" TextHAlign="Right" WordWrap="true" X="176.873958333333" Y="58.459375" Width="22.7541666666666" Height="5" TextColor="black" />
              </Cells>
            </Row>
            <Row X="10" Y="63.459375" Width="189.628125" Height="5">
              <Cells>
                <Cell OrigWidth="20" OrigHeight="5" Text="" LeftLineVisible="false" TopLineVisible="false" RightLineVisible="false" BottomLineVisible="false" WordWrap="true" X="10" Y="63.459375" Width="20" Height="5" TextColor="black" />
                <Cell OrigWidth="20" OrigHeight="5" Text="" LeftLineVisible="false" TopLineVisible="false" RightLineVisible="false" BottomLineVisible="false" WordWrap="true" X="30" Y="63.459375" Width="20" Height="5" TextColor="black" />
                <Cell OrigWidth="20" OrigHeight="5" Text="" LeftLineVisible="false" TopLineVisible="false" RightLineVisible="false" BottomLineVisible="false" WordWrap="true" X="50" Y="63.459375" Width="20" Height="5" TextColor="black" />
                <Cell OrigWidth="20" OrigHeight="5" Text="" LeftLineVisible="false" TopLineVisible="false" RightLineVisible="false" BottomLineVisible="false" WordWrap="true" X="70" Y="63.459375" Width="20" Height="5" TextColor="black" />
                <Cell OrigWidth="20" OrigHeight="5" Text="" LeftLineVisible="false" TopLineVisible="false" RightLineVisible="false" BottomLineVisible="false" WordWrap="true" X="90" Y="63.459375" Width="20" Height="5" TextColor="black" />
                <Cell OrigWidth="22.6885416666667" OrigHeight="5" Text="" LeftLineVisible="false" TopLineVisible="false" RightLineVisible="false" BottomLineVisible="false" WordWrap="true" X="110" Y="63.459375" Width="22.6885416666667" Height="5" TextColor="black" />
                <Cell OrigWidth="20.3729166666667" OrigHeight="5" Text="" LeftLineVisible="false" TopLineVisible="false" RightLineVisible="false" BottomLineVisible="false" WordWrap="true" X="132.688541666667" Y="63.459375" Width="20.3729166666667" Height="5" TextColor="black" />
                <Cell OrigWidth="23.8125" OrigHeight="5" Text="" LeftLineVisible="false" TopLineVisible="false" RightLineVisible="false" BottomLineVisible="false" WordWrap="true" X="153.061458333333" Y="63.459375" Width="23.8125" Height="5" TextColor="black" />
                <Cell OrigWidth="22.7541666666666" OrigHeight="5" Text="[管家婆软件]" LeftLineVisible="false" TopLineVisible="false" RightLineVisible="false" BottomLineVisible="false" TextHAlign="Right" WordWrap="true" X="176.873958333333" Y="63.459375" Width="22.7541666666666" Height="5" TextColor="black" />
              </Cells>
            </Row>
          </Rows>
        </TableElement>
        <TextElement Text="开始日期" FieldKind="Master" LeftLineVisible="false" TopLineVisible="false" RightLineVisible="false" BottomLineVisible="false" BandKind="ReportHeader" X="29.8437492688497" Y="36.7187495231628" Width="20" Height="5" />
        <TextElement Text="开始日期：" LeftLineVisible="false" TopLineVisible="false" RightLineVisible="false" BottomLineVisible="false" BandKind="ReportHeader" X="10.000000278155" Y="36.7187495231628" Width="20" Height="5" />
        <TextElement Text="结束日期" FieldKind="Master" LeftLineVisible="false" TopLineVisible="false" RightLineVisible="false" BottomLineVisible="false" BandKind="ReportHeader" X="75.6166699727376" Y="36.7187495231628" Width="20" Height="5" />
        <TextElement Text="结束日期：" LeftLineVisible="false" TopLineVisible="false" RightLineVisible="false" BottomLineVisible="false" BandKind="ReportHeader" X="55.7729159355164" Y="36.7187495231628" Width="20" Height="5" />
        <TextElement Text="查询方式：" LeftLineVisible="false" TopLineVisible="false" RightLineVisible="false" BottomLineVisible="false" BandKind="ReportHeader" X="102.604169972738" Y="36.7187495231628" Width="20" Height="5" />
        <TextElement Text="查询方式" FieldKind="Master" LeftLineVisible="false" TopLineVisible="false" RightLineVisible="false" BottomLineVisible="false" BandKind="ReportHeader" X="122.183336639404" Y="36.7187495231628" Width="41.6958318710327" Height="5.0000001390775" />
        <TextElement Text="总页码" FieldKind="System" LeftLineVisible="false" TopLineVisible="false" RightLineVisible="false" BottomLineVisible="false" TextHAlign="Right" BandKind="PageHeader" X="180.291674057643" Y="14.4937495231628" Width="20" Height="5" />
      </Elements>
    </Page>
  </Pages>
</Report>