<Report MaxRowCount="0">
  <Pages>
    <Page Width="210" Height="297" TextVAlign="Center">
      <OrderFields />
      <Elements>
        <TextElement Text="表名" FieldKind="Master" LeftLineVisible="false" TopLineVisible="false" RightLineVisible="false" BottomLineVisible="false" BandKind="ReportHeader" X="9.32917054494222" Y="24.7354168574015" Width="190.758333714803" Height="10.000000278155" FontSize="25" BoldFont="true" TextHAlign="Center" TextVAlign="Center" />
        <TableElement X="10" Y="40" Width="189.892708333333" Height="236.579164123535" TextVAlign="Center">
          <Rows>
            <Row X="10" Y="40" Width="189.892708333333" Height="5" TextVAlign="Center">
              <Cells>
                <Cell RowSpan="2" OrigWidth="29.8197916666667" OrigHeight="5" AccounttantLineVisble="true" Text="存货编号" X="10" Y="40" Width="29.8197916666667" Height="10.1385416666667" TextColor="black" TextHAlign="Center" TextVAlign="Center" WordWrap="true" />
                <Cell RowSpan="2" OrigWidth="28.575" OrigHeight="5" AccounttantLineVisble="true" Text="存货全名" X="39.8197916666667" Y="40" Width="28.575" Height="10.1385416666667" TextColor="black" TextHAlign="Center" TextVAlign="Center" WordWrap="true" />
                <Cell OrigWidth="43.65625" OrigHeight="5" AccounttantLineVisble="true" Text="加工单位一" X="68.3947916666667" Y="40" Width="43.65625" Height="5" TextColor="black" TextHAlign="Center" TextVAlign="Center" WordWrap="true" />
                <Cell OrigWidth="37.5708333333333" OrigHeight="5" AccounttantLineVisble="true" Text="加工单位二" X="112.051041666667" Y="40" Width="37.5708333333333" Height="5" TextColor="black" TextHAlign="Center" TextVAlign="Center" WordWrap="true" />
                <Cell OrigWidth="50.2708333333331" OrigHeight="5" AccounttantLineVisble="true" Text="合计" X="149.621875" Y="40" Width="50.2708333333331" Height="5" TextColor="black" TextHAlign="Center" TextVAlign="Center" WordWrap="true" />
              </Cells>
            </Row>
            <Row X="10" Y="45" Width="189.892708333333" Height="5.13854166666667" TextVAlign="Center">
              <Cells>
                <Cell OrigWidth="29.8197916666667" OrigHeight="5.13854166666667" AccounttantLineVisble="true" Text="" X="10" Y="45" Width="29.8197916666667" Height="10" TextColor="black" TextHAlign="Center" TextVAlign="Center" WordWrap="true" />
                <Cell OrigWidth="28.575" OrigHeight="5.13854166666667" AccounttantLineVisble="true" Text="" X="39.8197916666667" Y="45" Width="28.575" Height="10" TextColor="black" TextHAlign="Center" TextVAlign="Center" WordWrap="true" />
                <Cell OrigWidth="21.1666666666667" OrigHeight="5.13854166666667" AccounttantLineVisble="true" Text="数量" X="68.3947916666667" Y="45" Width="21.1666666666667" Height="5.13854166666667" TextColor="black" TextHAlign="Center" TextVAlign="Center" WordWrap="true" />
                <Cell OrigWidth="22.4895833333333" OrigHeight="5.13854166666667" AccounttantLineVisble="true" Text="金额" X="89.5614583333334" Y="45" Width="22.4895833333333" Height="5.13854166666667" TextColor="black" TextHAlign="Center" TextVAlign="Center" WordWrap="true" />
                <Cell OrigWidth="18.25625" OrigHeight="5.13854166666667" AccounttantLineVisble="true" Text="数量" X="112.051041666667" Y="45" Width="18.25625" Height="5.13854166666667" TextColor="black" TextHAlign="Center" TextVAlign="Center" WordWrap="true" />
                <Cell OrigWidth="19.3145833333333" OrigHeight="5.13854166666667" AccounttantLineVisble="true" Text="金额" X="130.307291666667" Y="45" Width="19.3145833333333" Height="5.13854166666667" TextColor="black" TextHAlign="Center" TextVAlign="Center" WordWrap="true" />
                <Cell OrigWidth="16.4041666666667" OrigHeight="5.13854166666667" AccounttantLineVisble="true" Text="数量" X="149.621875" Y="45" Width="16.4041666666667" Height="5.13854166666667" TextColor="black" TextHAlign="Center" TextVAlign="Center" WordWrap="true" />
                <Cell OrigWidth="17.7270833333333" OrigHeight="5.13854166666667" AccounttantLineVisble="true" Text="单位成本" DecimalDigits="0" X="166.026041666667" Y="45" Width="17.7270833333333" Height="5.13854166666667" TextColor="black" TextHAlign="Center" TextVAlign="Center" WordWrap="true" />
                <Cell OrigWidth="16.1395833333329" OrigHeight="5.13854166666667" AccounttantLineVisble="true" Text="金额" X="183.753125" Y="45" Width="16.1395833333329" Height="5.13854166666667" TextColor="black" TextHAlign="Center" TextVAlign="Center" WordWrap="true" />
              </Cells>
            </Row>
            <Row X="10" Y="50.1385416666667" Width="189.892708333333" Height="7.81145833333333" TextVAlign="Center">
              <Cells>
                <Cell OrigWidth="29.8197916666667" OrigHeight="7.81145833333333" AccounttantLineVisble="true" Text="存货编号" FieldKind="Detail" X="10" Y="50.1385416666667" Width="29.8197916666667" Height="7.81145833333333" TextColor="black" TextHAlign="Center" TextVAlign="Center" WordWrap="true" />
                <Cell OrigWidth="28.575" OrigHeight="7.81145833333333" AccounttantLineVisble="true" Text="存货全名" FieldKind="Detail" X="39.8197916666667" Y="50.1385416666667" Width="28.575" Height="7.81145833333333" TextColor="black" TextHAlign="Center" TextVAlign="Center" WordWrap="true" />
                <Cell OrigWidth="21.1666666666667" OrigHeight="7.81145833333333" AccounttantLineVisble="true" Text="加工单位一数量" FieldKind="Detail" X="68.3947916666667" Y="50.1385416666667" Width="21.1666666666667" Height="7.81145833333333" TextColor="black" TextHAlign="Center" TextVAlign="Center" WordWrap="true" />
                <Cell OrigWidth="22.4895833333333" OrigHeight="7.81145833333333" AccounttantLineVisble="true" Text="加工单位一金额" FieldKind="Detail" X="89.5614583333334" Y="50.1385416666667" Width="22.4895833333333" Height="7.81145833333333" TextColor="black" TextHAlign="Center" TextVAlign="Center" WordWrap="true" />
                <Cell OrigWidth="18.25625" OrigHeight="7.81145833333333" AccounttantLineVisble="true" Text="加工单位二数量" FieldKind="Detail" X="112.051041666667" Y="50.1385416666667" Width="18.25625" Height="7.81145833333333" TextColor="black" TextHAlign="Center" TextVAlign="Center" WordWrap="true" />
                <Cell OrigWidth="19.3145833333333" OrigHeight="7.81145833333333" AccounttantLineVisble="true" Text="加工单位二金额" FieldKind="Detail" X="130.307291666667" Y="50.1385416666667" Width="19.3145833333333" Height="7.81145833333333" TextColor="black" TextHAlign="Center" TextVAlign="Center" WordWrap="true" />
                <Cell OrigWidth="16.4041666666667" OrigHeight="7.81145833333333" AccounttantLineVisble="true" Text="合计数量" FieldKind="Detail" X="149.621875" Y="50.1385416666667" Width="16.4041666666667" Height="7.81145833333333" TextColor="black" TextHAlign="Center" TextVAlign="Center" WordWrap="true" />
                <Cell OrigWidth="17.7270833333333" OrigHeight="7.81145833333333" AccounttantLineVisble="true" Text="合计单位成本" FieldKind="Detail" DecimalDigits="0" X="166.026041666667" Y="50.1385416666667" Width="17.7270833333333" Height="7.81145833333333" TextColor="black" TextHAlign="Center" TextVAlign="Center" WordWrap="true" />
                <Cell OrigWidth="16.1395833333329" OrigHeight="7.81145833333333" AccounttantLineVisble="true" Text="合计金额" FieldKind="Detail" X="183.753125" Y="50.1385416666667" Width="16.1395833333329" Height="7.81145833333333" TextColor="black" TextHAlign="Center" TextVAlign="Center" WordWrap="true" />
              </Cells>
            </Row>
            <Row X="10" Y="57.95" Width="189.892708333333" Height="7.81145833333333" TextVAlign="Center">
              <Cells>
                <Cell OrigWidth="29.8197916666667" OrigHeight="7.81145833333333" AccounttantLineVisble="true" Text="合计" DecimalDigits="0" X="10" Y="57.95" Width="29.8197916666667" Height="7.81145833333333" TextColor="black" TextHAlign="Center" TextVAlign="Center" WordWrap="true" />
                <Cell OrigWidth="28.575" OrigHeight="7.81145833333333" AccounttantLineVisble="true" Text="" DecimalDigits="0" X="39.8197916666667" Y="57.95" Width="28.575" Height="7.81145833333333" TextColor="black" TextHAlign="Center" TextVAlign="Center" WordWrap="true" />
                <Cell OrigWidth="21.1666666666667" OrigHeight="7.81145833333333" AccounttantLineVisble="true" Text="加工单位一数量" FieldKind="ToCurPageSum" DecimalDigits="0" X="68.3947916666667" Y="57.95" Width="21.1666666666667" Height="7.81145833333333" TextColor="black" TextHAlign="Center" TextVAlign="Center" WordWrap="true" />
                <Cell OrigWidth="22.4895833333333" OrigHeight="7.81145833333333" AccounttantLineVisble="true" Text="加工单位一金额" FieldKind="ToCurPageSum" DecimalDigits="0" X="89.5614583333334" Y="57.95" Width="22.4895833333333" Height="7.81145833333333" TextColor="black" TextHAlign="Center" TextVAlign="Center" WordWrap="true" />
                <Cell OrigWidth="18.25625" OrigHeight="7.81145833333333" AccounttantLineVisble="true" Text="加工单位二数量" FieldKind="ToCurPageSum" DecimalDigits="0" X="112.051041666667" Y="57.95" Width="18.25625" Height="7.81145833333333" TextColor="black" TextHAlign="Center" TextVAlign="Center" WordWrap="true" />
                <Cell OrigWidth="19.3145833333333" OrigHeight="7.81145833333333" AccounttantLineVisble="true" Text="加工单位二金额" FieldKind="ToCurPageSum" DecimalDigits="0" X="130.307291666667" Y="57.95" Width="19.3145833333333" Height="7.81145833333333" TextColor="black" TextHAlign="Center" TextVAlign="Center" WordWrap="true" />
                <Cell OrigWidth="16.4041666666667" OrigHeight="7.81145833333333" AccounttantLineVisble="true" Text="合计数量" FieldKind="ToCurPageSum" DecimalDigits="0" X="149.621875" Y="57.95" Width="16.4041666666667" Height="7.81145833333333" TextColor="black" TextHAlign="Center" TextVAlign="Center" WordWrap="true" />
                <Cell OrigWidth="17.7270833333333" OrigHeight="7.81145833333333" AccounttantLineVisble="true" Text="" DecimalDigits="0" X="166.026041666667" Y="57.95" Width="17.7270833333333" Height="7.81145833333333" TextColor="black" TextHAlign="Center" TextVAlign="Center" WordWrap="true" />
                <Cell OrigWidth="16.1395833333329" OrigHeight="7.81145833333333" AccounttantLineVisble="true" Text="合计金额" FieldKind="ToCurPageSum" DecimalDigits="0" X="183.753125" Y="57.95" Width="16.1395833333329" Height="7.81145833333333" TextColor="black" TextHAlign="Center" TextVAlign="Center" WordWrap="true" />
              </Cells>
            </Row>
            <Row X="10" Y="65.7614583333333" Width="189.892708333333" Height="5" TextVAlign="Center">
              <Cells>
                <Cell OrigWidth="19.765625" OrigHeight="5" AccounttantLineVisble="true" Text="" LeftLineVisible="false" RightLineVisible="false" BottomLineVisible="false" X="10" Y="65.7614583333333" Width="19.765625" Height="5" TextColor="black" TextVAlign="Center" WordWrap="true" />
                <Cell OrigWidth="29.6333333333333" OrigHeight="5" AccounttantLineVisble="true" Text="" LeftLineVisible="false" RightLineVisible="false" BottomLineVisible="false" X="29.765625" Y="65.7614583333333" Width="29.6333333333333" Height="5" TextColor="black" TextVAlign="Center" WordWrap="true" />
                <Cell OrigWidth="20.6375" OrigHeight="5" AccounttantLineVisble="true" Text="" LeftLineVisible="false" RightLineVisible="false" BottomLineVisible="false" X="59.3989583333333" Y="65.7614583333333" Width="20.6375" Height="5" TextColor="black" TextVAlign="Center" WordWrap="true" />
                <Cell OrigWidth="19.3145833333333" OrigHeight="5" AccounttantLineVisble="true" Text="" LeftLineVisible="false" RightLineVisible="false" BottomLineVisible="false" X="80.0364583333333" Y="65.7614583333333" Width="19.3145833333333" Height="5" TextColor="black" TextVAlign="Center" WordWrap="true" />
                <Cell OrigWidth="30.1625" OrigHeight="5" AccounttantLineVisble="true" Text="" LeftLineVisible="false" RightLineVisible="false" BottomLineVisible="false" X="99.3510416666666" Y="65.7614583333333" Width="30.1625" Height="5" TextColor="black" TextVAlign="Center" WordWrap="true" />
                <Cell OrigWidth="20.3729166666666" OrigHeight="5" AccounttantLineVisble="true" Text="" LeftLineVisible="false" RightLineVisible="false" BottomLineVisible="false" X="129.513541666667" Y="65.7614583333333" Width="20.3729166666666" Height="5" TextColor="black" TextVAlign="Center" WordWrap="true" />
                <Cell OrigWidth="19.5791666666667" OrigHeight="5" AccounttantLineVisble="true" Text="打印时间:" LeftLineVisible="false" RightLineVisible="false" BottomLineVisible="false" X="149.886458333333" Y="65.7614583333333" Width="19.5791666666667" Height="5" TextColor="black" TextVAlign="Center" WordWrap="true" />
                <Cell OrigWidth="30.427083333333" OrigHeight="5" AccounttantLineVisble="true" Text="日期" FieldKind="System" LeftLineVisible="false" RightLineVisible="false" BottomLineVisible="false" X="169.465625" Y="65.7614583333333" Width="30.427083333333" Height="5" TextColor="black" TextVAlign="Center" WordWrap="true" />
              </Cells>
            </Row>
            <Row X="10" Y="70.7614583333333" Width="189.892708333333" Height="5" TextVAlign="Center">
              <Cells>
                <Cell OrigWidth="189.892708333333" OrigHeight="5" AccounttantLineVisble="true" Text="[管家婆软件]" LeftLineVisible="false" TopLineVisible="false" RightLineVisible="false" BottomLineVisible="false" X="10" Y="70.7614583333333" Width="189.892708333333" Height="5" TextColor="black" TextHAlign="Right" TextVAlign="Center" WordWrap="true" />
              </Cells>
            </Row>
          </Rows>
        </TableElement>
        <TextElement Text="总页码" FieldKind="System" LeftLineVisible="false" TopLineVisible="false" RightLineVisible="false" BottomLineVisible="false" BandKind="PageHeader" X="156.314586639404" Y="15.5520828564962" Width="43.8125066121419" Height="5.0000001390775" TextHAlign="Right" TextVAlign="Center" />
      </Elements>
      <Bands>
        <Band IsVisible="false" TextVAlign="Center" />
        <Band BandKind="PageHeader" Height="20" TextVAlign="Center" />
        <Band BandKind="ReportHeader" Y="19.84375" Height="19.84375" TextVAlign="Center" />
        <Band IsVisible="false" BandKind="PageBodyHeader" TextVAlign="Center" />
        <Band BandKind="PageDetail" Y="39.6875" Height="237.15625" TextVAlign="Center" />
        <Band IsVisible="false" BandKind="PageBodyFooter" TextVAlign="Center" />
        <Band IsVisible="false" BandKind="ReportFooter" TextVAlign="Center" />
        <Band BandKind="PageFooter" Y="276.754166666667" Height="20" TextVAlign="Center" />
      </Bands>
    </Page>
  </Pages>
  <PageSettings MarginLeft="10" MarginTop="20" MarginRight="10" MarginBottom="20" PageWidth="210" PageHeight="297" />
  <ExpressionFields />
</Report>