<Report MaxRowCount="0">
  <Pages>
    <Page Width="210" Height="297" TextVAlign="Center">
      <OrderFields />
      <Elements>
        <TextElement Text="总页码" FieldKind="System" LeftLineVisible="false" TopLineVisible="false" RightLineVisible="false" BottomLineVisible="false" BandKind="PageHeader" X="175.629169972738" Y="14.2291661898295" Width="25.0270838896434" Height="5.0000001390775" TextVAlign="Center" />
        <TextElement Text="表名" FieldKind="Master" LeftLineVisible="false" TopLineVisible="false" RightLineVisible="false" BottomLineVisible="false" BandKind="ReportHeader" X="9.20625027815501" Y="20.0499995231628" Width="190.920839945475" Height="20.6104163010915" FontSize="22" BoldFont="true" TextHAlign="Center" TextVAlign="Center" />
        <TableElement X="9.65729166666667" Y="39.6875" Width="189.970833333333" Height="142.875" TextVAlign="Center">
          <Rows>
            <Row X="9.65729166666667" Y="39.6875" Width="189.970833333333" Height="5" TextVAlign="Center">
              <Cells>
                <Cell CellWidth="3.4" OrigWidth="189.970833333333" OrigHeight="5" LeftLineVisible="false" TopLineVisible="false" RightLineVisible="false" X="9.65729166666667" Y="39.6875" Width="189.970833333333" Height="5" TextVAlign="Center" />
              </Cells>
            </Row>
            <Row X="9.65729166666667" Y="44.6875" Width="189.970833333333" Height="10" TextVAlign="Center">
              <Cells>
                <Cell CellWidth="3.4" OrigWidth="18.9970833333333" OrigHeight="10" Text="日期" X="9.65729166666667" Y="44.6875" Width="18.9970833333333" Height="10" TextHAlign="Center" TextVAlign="Center" WordWrap="true" />
                <Cell CellWidth="3.4" OrigWidth="18.9970833333333" OrigHeight="10" Text="单据类型" X="28.654375" Y="44.6875" Width="18.9970833333333" Height="10" TextHAlign="Center" TextVAlign="Center" WordWrap="true" />
                <Cell CellWidth="3.4" OrigWidth="18.9970833333333" OrigHeight="10" Text="存货编号" X="47.6514583333333" Y="44.6875" Width="18.9970833333333" Height="10" TextHAlign="Center" TextVAlign="Center" WordWrap="true" />
                <Cell CellWidth="3.4" OrigWidth="18.9970833333333" OrigHeight="10" Text="存货全名" X="66.6485416666666" Y="44.6875" Width="18.9970833333333" Height="10" TextHAlign="Center" TextVAlign="Center" WordWrap="true" />
                <Cell CellWidth="3.4" OrigWidth="18.9970833333333" OrigHeight="10" Text="下达生产量" X="85.6456249999999" Y="44.6875" Width="18.9970833333333" Height="10" TextHAlign="Center" TextVAlign="Center" WordWrap="true" />
                <Cell CellWidth="3.4" OrigWidth="18.9970833333333" OrigHeight="10" Text="完工正品" X="104.642708333333" Y="44.6875" Width="18.9970833333333" Height="10" TextHAlign="Center" TextVAlign="Center" WordWrap="true" />
                <Cell CellWidth="3.4" OrigWidth="18.9970833333333" OrigHeight="10" Text="完工次品" X="123.639791666666" Y="44.6875" Width="18.9970833333333" Height="10" TextHAlign="Center" TextVAlign="Center" WordWrap="true" />
                <Cell CellWidth="3.4" OrigWidth="18.9970833333333" OrigHeight="10" Text="验收总数" X="142.636875" Y="44.6875" Width="18.9970833333333" Height="10" TextHAlign="Center" TextVAlign="Center" WordWrap="true" />
                <Cell CellWidth="3.4" OrigWidth="18.9970833333333" OrigHeight="10" Text="中止完工数" X="161.633958333333" Y="44.6875" Width="18.9970833333333" Height="10" TextHAlign="Center" TextVAlign="Center" WordWrap="true" />
                <Cell CellWidth="3.4" OrigWidth="18.9970833333333" OrigHeight="10" Text="未完成数" X="180.631041666666" Y="44.6875" Width="18.9970833333333" Height="10" TextHAlign="Center" TextVAlign="Center" WordWrap="true" />
              </Cells>
            </Row>
            <Row X="9.65729166666667" Y="54.6875" Width="189.970833333333" Height="5" TextVAlign="Center">
              <Cells>
                <Cell CellWidth="3.4" OrigWidth="18.9970833333333" OrigHeight="5" Text="日期" FieldKind="Detail" X="9.65729166666667" Y="54.6875" Width="18.9970833333333" Height="5" TextVAlign="Center" WordWrap="true" />
                <Cell CellWidth="3.4" OrigWidth="18.9970833333333" OrigHeight="5" Text="单据类型" FieldKind="Detail" X="28.654375" Y="54.6875" Width="18.9970833333333" Height="5" TextVAlign="Center" WordWrap="true" />
                <Cell CellWidth="3.4" OrigWidth="18.9970833333333" OrigHeight="5" Text="存货编号" FieldKind="Detail" X="47.6514583333333" Y="54.6875" Width="18.9970833333333" Height="5" TextVAlign="Center" WordWrap="true" />
                <Cell CellWidth="3.4" OrigWidth="18.9970833333333" OrigHeight="5" Text="存货全名" FieldKind="Detail" X="66.6485416666666" Y="54.6875" Width="18.9970833333333" Height="5" TextVAlign="Center" WordWrap="true" />
                <Cell CellWidth="3.4" OrigWidth="18.9970833333333" OrigHeight="5" Text="下达生产量" FieldKind="Detail" X="85.6456249999999" Y="54.6875" Width="18.9970833333333" Height="5" TextVAlign="Center" WordWrap="true" />
                <Cell CellWidth="3.4" OrigWidth="18.9970833333333" OrigHeight="5" Text="完工正品" FieldKind="Detail" X="104.642708333333" Y="54.6875" Width="18.9970833333333" Height="5" TextVAlign="Center" WordWrap="true" />
                <Cell CellWidth="3.4" OrigWidth="18.9970833333333" OrigHeight="5" Text="完工次品" FieldKind="Detail" X="123.639791666666" Y="54.6875" Width="18.9970833333333" Height="5" TextVAlign="Center" WordWrap="true" />
                <Cell CellWidth="3.4" OrigWidth="18.9970833333333" OrigHeight="5" Text="验收总数" FieldKind="Detail" X="142.636875" Y="54.6875" Width="18.9970833333333" Height="5" TextVAlign="Center" WordWrap="true" />
                <Cell CellWidth="3.4" OrigWidth="18.9970833333333" OrigHeight="5" Text="中止完工数" FieldKind="Detail" X="161.633958333333" Y="54.6875" Width="18.9970833333333" Height="5" TextVAlign="Center" WordWrap="true" />
                <Cell CellWidth="3.4" OrigWidth="18.9970833333333" OrigHeight="5" Text="未完成数" FieldKind="Detail" X="180.631041666666" Y="54.6875" Width="18.9970833333333" Height="5" TextVAlign="Center" WordWrap="true" />
              </Cells>
            </Row>
            <Row X="9.65729166666667" Y="59.6875" Width="189.970833333333" Height="5" TextVAlign="Center">
              <Cells>
                <Cell CellWidth="3.4" OrigWidth="75.9354166666667" OrigHeight="5" Text="合计" X="9.65729166666667" Y="59.6875" Width="75.9354166666667" Height="5" TextColor="black" TextHAlign="Center" TextVAlign="Center" WordWrap="true" />
                <Cell CellWidth="3.4" OrigWidth="18.9970833333333" OrigHeight="5" Text="下达生产量" FieldKind="ToCurPageSum" X="85.5927083333334" Y="59.6875" Width="18.9970833333333" Height="5" TextColor="black" TextVAlign="Center" WordWrap="true" />
                <Cell CellWidth="3.4" OrigWidth="18.9970833333333" OrigHeight="5" Text="完工正品" FieldKind="ToCurPageSum" X="104.589791666667" Y="59.6875" Width="18.9970833333333" Height="5" TextColor="black" TextVAlign="Center" WordWrap="true" />
                <Cell CellWidth="3.4" OrigWidth="18.9970833333333" OrigHeight="5" Text="完工次品" FieldKind="ToCurPageSum" X="123.586875" Y="59.6875" Width="18.9970833333333" Height="5" TextColor="black" TextVAlign="Center" WordWrap="true" />
                <Cell CellWidth="3.4" OrigWidth="18.9970833333333" OrigHeight="5" Text="验收总数" FieldKind="ToCurPageSum" X="142.583958333333" Y="59.6875" Width="18.9970833333333" Height="5" TextColor="black" TextVAlign="Center" WordWrap="true" />
                <Cell CellWidth="3.4" OrigWidth="18.9970833333333" OrigHeight="5" Text="中止完工数" FieldKind="ToCurPageSum" X="161.581041666667" Y="59.6875" Width="18.9970833333333" Height="5" TextColor="black" TextVAlign="Center" WordWrap="true" />
                <Cell CellWidth="3.4" OrigWidth="19.0499999999997" OrigHeight="5" Text="未完成数" FieldKind="ToCurPageSum" X="180.578125" Y="59.6875" Width="19.0499999999997" Height="5" TextColor="black" TextVAlign="Center" WordWrap="true" />
              </Cells>
            </Row>
          </Rows>
        </TableElement>
      </Elements>
      <Bands>
        <Band IsVisible="false" TextVAlign="Center" />
        <Band BandKind="PageHeader" Height="20" TextVAlign="Center" />
        <Band BandKind="ReportHeader" Y="19.84375" Height="20" TextVAlign="Center" />
        <Band IsVisible="false" BandKind="PageBodyHeader" TextVAlign="Center" />
        <Band BandKind="PageDetail" Y="39.9520833333333" Height="237" TextVAlign="Center" />
        <Band IsVisible="false" BandKind="PageBodyFooter" TextVAlign="Center" />
        <Band IsVisible="false" BandKind="ReportFooter" TextVAlign="Center" />
        <Band BandKind="PageFooter" Y="276.754166666667" Height="20" TextVAlign="Center" />
      </Bands>
    </Page>
    <Page Width="210" Height="297" TextVAlign="Center">
      <OrderFields />
      <Elements>
        <TableElement X="9.65729166666667" Y="30.6916666666667" Width="189.970833333333" Height="148.695833333333" TextVAlign="Center">
          <Rows>
            <Row X="9.65729166666667" Y="30.6916666666667" Width="189.970833333333" Height="10" TextVAlign="Center">
              <Cells>
                <Cell CellWidth="3.4" OrigWidth="27.1386904761904" OrigHeight="10" Text="单据编号" X="9.65729166666667" Y="30.6916666666667" Width="27.1386904761904" Height="10" TextHAlign="Center" TextVAlign="Center" WordWrap="true" />
                <Cell CellWidth="3.4" OrigWidth="27.1386904761904" OrigHeight="10" Text="存货编号" X="36.7959821428571" Y="30.6916666666667" Width="27.1386904761904" Height="10" TextHAlign="Center" TextVAlign="Center" WordWrap="true" />
                <Cell CellWidth="3.4" OrigWidth="27.1386904761904" OrigHeight="10" Text="存货全名" X="63.9346726190475" Y="30.6916666666667" Width="27.1386904761904" Height="10" TextHAlign="Center" TextVAlign="Center" WordWrap="true" />
                <Cell CellWidth="3.4" OrigWidth="27.1386904761904" OrigHeight="10" Text="计划数量" X="91.0733630952379" Y="30.6916666666667" Width="27.1386904761904" Height="10" TextHAlign="Center" TextVAlign="Center" WordWrap="true" />
                <Cell CellWidth="3.4" OrigWidth="27.1386904761904" OrigHeight="10" Text="领用数量" X="118.212053571428" Y="30.6916666666667" Width="27.1386904761904" Height="10" TextHAlign="Center" TextVAlign="Center" WordWrap="true" />
                <Cell CellWidth="3.4" OrigWidth="27.1386904761904" OrigHeight="10" Text="使用数量" X="145.350744047619" Y="30.6916666666667" Width="27.1386904761904" Height="10" TextHAlign="Center" TextVAlign="Center" WordWrap="true" />
                <Cell CellWidth="3.4" OrigWidth="27.1386904761904" OrigHeight="10" Text="行摘要" X="172.489434523809" Y="30.6916666666667" Width="27.1386904761904" Height="10" TextHAlign="Center" TextVAlign="Center" WordWrap="true" />
              </Cells>
            </Row>
            <Row X="9.65729166666667" Y="40.6916666666667" Width="189.970833333333" Height="5" TextVAlign="Center">
              <Cells>
                <Cell CellWidth="3.4" OrigWidth="27.1386904761904" OrigHeight="5" Text="单据编号" FieldKind="Detail" X="9.65729166666667" Y="40.6916666666667" Width="27.1386904761904" Height="5" TextVAlign="Center" WordWrap="true" />
                <Cell CellWidth="3.4" OrigWidth="27.1386904761904" OrigHeight="5" Text="存货编号" FieldKind="Detail" X="36.7959821428571" Y="40.6916666666667" Width="27.1386904761904" Height="5" TextVAlign="Center" WordWrap="true" />
                <Cell CellWidth="3.4" OrigWidth="27.1386904761904" OrigHeight="5" Text="存货全名" FieldKind="Detail" X="63.9346726190475" Y="40.6916666666667" Width="27.1386904761904" Height="5" TextVAlign="Center" WordWrap="true" />
                <Cell CellWidth="3.4" OrigWidth="27.1386904761904" OrigHeight="5" Text="计划数量" FieldKind="Detail" X="91.0733630952379" Y="40.6916666666667" Width="27.1386904761904" Height="5" TextVAlign="Center" WordWrap="true" />
                <Cell CellWidth="3.4" OrigWidth="27.1386904761904" OrigHeight="5" Text="领用数量" FieldKind="Detail" X="118.212053571428" Y="40.6916666666667" Width="27.1386904761904" Height="5" TextVAlign="Center" WordWrap="true" />
                <Cell CellWidth="3.4" OrigWidth="27.1386904761904" OrigHeight="5" Text="使用数量" FieldKind="Detail" X="145.350744047619" Y="40.6916666666667" Width="27.1386904761904" Height="5" TextVAlign="Center" WordWrap="true" />
                <Cell CellWidth="3.4" OrigWidth="27.1386904761904" OrigHeight="5" Text="行摘要" FieldKind="Detail" X="172.489434523809" Y="40.6916666666667" Width="27.1386904761904" Height="5" TextVAlign="Center" WordWrap="true" />
              </Cells>
            </Row>
            <Row X="9.65729166666667" Y="45.6916666666667" Width="189.970833333333" Height="5" TextVAlign="Center">
              <Cells>
                <Cell CellWidth="3.4" OrigWidth="81.4916666666667" OrigHeight="5" Text="合计" X="9.65729166666667" Y="45.6916666666667" Width="81.4916666666667" Height="5" TextColor="black" TextHAlign="Center" TextVAlign="Center" WordWrap="true" />
                <Cell CellWidth="3.4" OrigWidth="27.1197916666665" OrigHeight="5" Text="计划数量" FieldKind="ToCurPageSum" X="91.1489583333334" Y="45.6916666666667" Width="27.1197916666665" Height="5" TextColor="black" TextVAlign="Center" WordWrap="true" />
                <Cell CellWidth="3.4" OrigWidth="27.1197916666665" OrigHeight="5" Text="领用数量" FieldKind="ToCurPageSum" X="118.26875" Y="45.6916666666667" Width="27.1197916666665" Height="5" TextColor="black" TextVAlign="Center" WordWrap="true" />
                <Cell CellWidth="3.4" OrigWidth="27.1197916666665" OrigHeight="5" Text="使用数量" FieldKind="ToCurPageSum" X="145.388541666666" Y="45.6916666666667" Width="27.1197916666665" Height="5" TextColor="black" TextVAlign="Center" WordWrap="true" />
                <Cell CellWidth="3.4" OrigWidth="27.1197916666665" OrigHeight="5" Text="" X="172.508333333333" Y="45.6916666666667" Width="27.1197916666665" Height="5" TextColor="black" TextVAlign="Center" WordWrap="true" />
              </Cells>
            </Row>
            <Row X="9.65729166666667" Y="50.6916666666667" Width="189.970833333333" Height="5" TextVAlign="Center">
              <Cells>
                <Cell CellWidth="3.4" OrigWidth="19.84375" OrigHeight="5" Text="审核单位：" LeftLineVisible="false" RightLineVisible="false" BottomLineVisible="false" X="9.65729166666667" Y="50.6916666666667" Width="19.84375" Height="5" TextVAlign="Center" />
                <Cell CellWidth="3.4" OrigWidth="29.8979166666667" OrigHeight="5" Text="" LeftLineVisible="false" RightLineVisible="false" BottomLineVisible="false" X="29.5010416666667" Y="50.6916666666667" Width="29.8979166666667" Height="5" TextVAlign="Center" />
                <Cell CellWidth="3.4" OrigWidth="20.3729166666667" OrigHeight="5" Text="" LeftLineVisible="false" RightLineVisible="false" BottomLineVisible="false" X="59.3989583333334" Y="50.6916666666667" Width="20.3729166666667" Height="5" TextVAlign="Center" />
                <Cell CellWidth="3.4" OrigWidth="19.84375" OrigHeight="5" Text="制表人：" LeftLineVisible="false" RightLineVisible="false" BottomLineVisible="false" X="79.7718750000001" Y="50.6916666666667" Width="19.84375" Height="5" TextVAlign="Center" />
                <Cell CellWidth="3.4" OrigWidth="29.8979166666667" OrigHeight="5" Text="" LeftLineVisible="false" RightLineVisible="false" BottomLineVisible="false" X="99.6156250000001" Y="50.6916666666667" Width="29.8979166666667" Height="5" TextVAlign="Center" />
                <Cell CellWidth="3.4" OrigWidth="20.1083333333333" OrigHeight="5" Text="" LeftLineVisible="false" RightLineVisible="false" BottomLineVisible="false" X="129.513541666667" Y="50.6916666666667" Width="20.1083333333333" Height="5" TextVAlign="Center" />
                <Cell CellWidth="3.4" OrigWidth="20.1083333333333" OrigHeight="5" Text="打印时间：" LeftLineVisible="false" RightLineVisible="false" BottomLineVisible="false" X="149.621875" Y="50.6916666666667" Width="20.1083333333333" Height="5" TextVAlign="Center" />
                <Cell CellWidth="3.4" OrigWidth="29.8979166666667" OrigHeight="5" Text="日期" FieldKind="System" LeftLineVisible="false" RightLineVisible="false" BottomLineVisible="false" X="169.730208333333" Y="50.6916666666667" Width="29.8979166666667" Height="5" TextVAlign="Center" />
              </Cells>
            </Row>
            <Row X="9.65729166666667" Y="55.6916666666667" Width="189.970833333333" Height="5" TextVAlign="Center">
              <Cells>
                <Cell CellWidth="3.4" OrigWidth="19.84375" OrigHeight="5" Text="" LeftLineVisible="false" TopLineVisible="false" RightLineVisible="false" BottomLineVisible="false" X="9.65729166666667" Y="55.6916666666667" Width="19.84375" Height="5" TextColor="black" TextVAlign="Center" />
                <Cell CellWidth="3.4" OrigWidth="29.8979166666667" OrigHeight="5" Text="" LeftLineVisible="false" TopLineVisible="false" RightLineVisible="false" BottomLineVisible="false" X="29.5010416666667" Y="55.6916666666667" Width="29.8979166666667" Height="5" TextColor="black" TextVAlign="Center" />
                <Cell CellWidth="3.4" OrigWidth="20.3729166666667" OrigHeight="5" Text="" LeftLineVisible="false" TopLineVisible="false" RightLineVisible="false" BottomLineVisible="false" X="59.3989583333334" Y="55.6916666666667" Width="20.3729166666667" Height="5" TextColor="black" TextVAlign="Center" />
                <Cell CellWidth="3.4" OrigWidth="19.84375" OrigHeight="5" Text="" LeftLineVisible="false" TopLineVisible="false" RightLineVisible="false" BottomLineVisible="false" X="79.7718750000001" Y="55.6916666666667" Width="19.84375" Height="5" TextColor="black" TextVAlign="Center" />
                <Cell CellWidth="3.4" OrigWidth="29.8979166666667" OrigHeight="5" Text="" LeftLineVisible="false" TopLineVisible="false" RightLineVisible="false" BottomLineVisible="false" X="99.6156250000001" Y="55.6916666666667" Width="29.8979166666667" Height="5" TextColor="black" TextVAlign="Center" />
                <Cell CellWidth="3.4" OrigWidth="20.1083333333333" OrigHeight="5" Text="" LeftLineVisible="false" TopLineVisible="false" RightLineVisible="false" BottomLineVisible="false" X="129.513541666667" Y="55.6916666666667" Width="20.1083333333333" Height="5" TextColor="black" TextVAlign="Center" />
                <Cell CellWidth="3.4" OrigWidth="20.1083333333333" OrigHeight="5" Text="" LeftLineVisible="false" TopLineVisible="false" RightLineVisible="false" BottomLineVisible="false" X="149.621875" Y="55.6916666666667" Width="20.1083333333333" Height="5" TextColor="black" TextVAlign="Center" />
                <Cell CellWidth="3.4" OrigWidth="29.8979166666667" OrigHeight="5" Text="[管家婆软件]" LeftLineVisible="false" TopLineVisible="false" RightLineVisible="false" BottomLineVisible="false" X="169.730208333333" Y="55.6916666666667" Width="29.8979166666667" Height="5" TextColor="black" TextHAlign="Right" TextVAlign="Center" />
              </Cells>
            </Row>
          </Rows>
        </TableElement>
      </Elements>
      <Bands>
        <Band IsVisible="false" TextVAlign="Center" />
        <Band BandKind="PageHeader" Height="20" TextVAlign="Center" />
        <Band IsVisible="false" BandKind="ReportHeader" TextVAlign="Center" />
        <Band IsVisible="false" BandKind="PageBodyHeader" TextVAlign="Center" />
        <Band BandKind="PageDetail" Y="19.84375" Height="257" TextVAlign="Center" />
        <Band IsVisible="false" BandKind="PageBodyFooter" TextVAlign="Center" />
        <Band IsVisible="false" BandKind="ReportFooter" TextVAlign="Center" />
        <Band BandKind="PageFooter" Y="276.754166666667" Height="20" TextVAlign="Center" />
      </Bands>
    </Page>
  </Pages>
  <PageSettings MarginLeft="10" MarginTop="20" MarginBottom="20" PageWidth="210" PageHeight="297" ContinuousPrintPages="true" />
  <ExpressionFields />
</Report>