<Report MaxRowCount="0">
  <Pages>
    <Page Width="210" Height="297" TextVAlign="Center">
      <OrderFields />
      <Elements>
        <TextElement Text="表名" FieldKind="Master" LeftLineVisible="false" TopLineVisible="false" RightLineVisible="false" BottomLineVisible="false" BandKind="ReportHeader" X="64.3625038782755" Y="21.0000000794729" Width="140" Height="10" FontSize="20" BoldFont="true" TextHAlign="Center" TextVAlign="Center" />
        <TableElement X="10" Y="40" Width="189.892708333333" Height="236.422923660278" TextVAlign="Center">
          <Rows>
            <Row X="10" Y="40" Width="189.892708333333" Height="5" TextVAlign="Center">
              <Cells>
                <Cell OrigWidth="20" OrigHeight="5" AccounttantLineVisble="true" Text="期间" X="10" Y="40" Width="20" Height="5" TextHAlign="Center" TextVAlign="Center" WordWrap="true" />
                <Cell OrigWidth="20" OrigHeight="5" AccounttantLineVisble="true" Text="资产编号" X="30" Y="40" Width="20" Height="5" TextHAlign="Center" TextVAlign="Center" WordWrap="true" />
                <Cell OrigWidth="31.6239583333333" OrigHeight="5" AccounttantLineVisble="true" Text="固定资产名称" X="50" Y="40" Width="31.6239583333333" Height="5" TextHAlign="Center" TextVAlign="Center" WordWrap="true" />
                <Cell OrigWidth="34.925" OrigHeight="5" AccounttantLineVisble="true" Text="工作总量" X="81.6239583333333" Y="40" Width="34.925" Height="5" TextHAlign="Center" TextVAlign="Center" WordWrap="true" />
                <Cell OrigWidth="42.8625" OrigHeight="5" AccounttantLineVisble="true" Text="本期工作量" X="116.548958333333" Y="40" Width="42.8625" Height="5" TextHAlign="Center" TextVAlign="Center" WordWrap="true" />
                <Cell OrigWidth="40.48125" OrigHeight="5" AccounttantLineVisble="true" Text="期末累计工作量" X="159.411458333333" Y="40" Width="40.48125" Height="5" TextHAlign="Center" TextVAlign="Center" WordWrap="true" />
              </Cells>
            </Row>
            <Row X="10" Y="45" Width="189.892708333333" Height="5" TextVAlign="Center">
              <Cells>
                <Cell OrigWidth="20" OrigHeight="5" AccounttantLineVisble="true" Text="期间" FieldKind="Detail" X="10" Y="45" Width="20" Height="5" TextHAlign="Center" TextVAlign="Center" WordWrap="true" />
                <Cell OrigWidth="20" OrigHeight="5" AccounttantLineVisble="true" Text="固定资产编号" FieldKind="Detail" X="30" Y="45" Width="20" Height="5" TextHAlign="Center" TextVAlign="Center" WordWrap="true" />
                <Cell OrigWidth="31.6239583333333" OrigHeight="5" AccounttantLineVisble="true" Text="固定资产名称" FieldKind="Detail" X="50" Y="45" Width="31.6239583333333" Height="5" TextHAlign="Center" TextVAlign="Center" WordWrap="true" />
                <Cell OrigWidth="34.925" OrigHeight="5" AccounttantLineVisble="true" Text="工作总量" FieldKind="Detail" X="81.6239583333333" Y="45" Width="34.925" Height="5" TextHAlign="Center" TextVAlign="Center" WordWrap="true" />
                <Cell OrigWidth="42.8625" OrigHeight="5" AccounttantLineVisble="true" Text="本期工作量" FieldKind="Detail" X="116.548958333333" Y="45" Width="42.8625" Height="5" TextHAlign="Center" TextVAlign="Center" WordWrap="true" />
                <Cell OrigWidth="40.48125" OrigHeight="5" AccounttantLineVisble="true" Text="期末累计工作量" FieldKind="Detail" X="159.411458333333" Y="45" Width="40.48125" Height="5" TextHAlign="Center" TextVAlign="Center" WordWrap="true" />
              </Cells>
            </Row>
            <Row X="10" Y="50" Width="189.892708333333" Height="5" TextVAlign="Center">
              <Cells>
                <Cell OrigWidth="20" OrigHeight="5" AccounttantLineVisble="true" Text="" LeftLineVisible="false" RightLineVisible="false" BottomLineVisible="false" X="10" Y="50" Width="20" Height="5" TextVAlign="Center" WordWrap="true" />
                <Cell OrigWidth="20" OrigHeight="5" AccounttantLineVisble="true" Text="" LeftLineVisible="false" RightLineVisible="false" BottomLineVisible="false" X="30" Y="50" Width="20" Height="5" TextVAlign="Center" WordWrap="true" />
                <Cell OrigWidth="31.6239583333333" OrigHeight="5" AccounttantLineVisble="true" Text="" LeftLineVisible="false" RightLineVisible="false" BottomLineVisible="false" X="50" Y="50" Width="31.6239583333333" Height="5" TextVAlign="Center" WordWrap="true" />
                <Cell OrigWidth="34.925" OrigHeight="5" AccounttantLineVisble="true" Text="" LeftLineVisible="false" RightLineVisible="false" BottomLineVisible="false" X="81.6239583333333" Y="50" Width="34.925" Height="5" TextVAlign="Center" WordWrap="true" />
                <Cell OrigWidth="42.8625" OrigHeight="5" AccounttantLineVisble="true" Text="打印时间：" LeftLineVisible="false" RightLineVisible="false" BottomLineVisible="false" X="116.548958333333" Y="50" Width="42.8625" Height="5" TextHAlign="Center" TextVAlign="Center" WordWrap="true" />
                <Cell OrigWidth="40.48125" OrigHeight="5" AccounttantLineVisble="true" Text="日期" FieldKind="System" LeftLineVisible="false" RightLineVisible="false" BottomLineVisible="false" X="159.411458333333" Y="50" Width="40.48125" Height="5" TextHAlign="Center" TextVAlign="Center" WordWrap="true" />
              </Cells>
            </Row>
            <Row X="10" Y="55" Width="189.892708333333" Height="5" TextVAlign="Center">
              <Cells>
                <Cell OrigWidth="20" OrigHeight="5" AccounttantLineVisble="true" Text="" LeftLineVisible="false" TopLineVisible="false" RightLineVisible="false" BottomLineVisible="false" X="10" Y="55" Width="20" Height="5" TextColor="black" TextVAlign="Center" WordWrap="true" />
                <Cell OrigWidth="20" OrigHeight="5" AccounttantLineVisble="true" Text="" LeftLineVisible="false" TopLineVisible="false" RightLineVisible="false" BottomLineVisible="false" X="30" Y="55" Width="20" Height="5" TextColor="black" TextVAlign="Center" WordWrap="true" />
                <Cell OrigWidth="31.6239583333333" OrigHeight="5" AccounttantLineVisble="true" Text="" LeftLineVisible="false" TopLineVisible="false" RightLineVisible="false" BottomLineVisible="false" X="50" Y="55" Width="31.6239583333333" Height="5" TextColor="black" TextVAlign="Center" WordWrap="true" />
                <Cell OrigWidth="34.925" OrigHeight="5" AccounttantLineVisble="true" Text="" LeftLineVisible="false" TopLineVisible="false" RightLineVisible="false" BottomLineVisible="false" X="81.6239583333333" Y="55" Width="34.925" Height="5" TextColor="black" TextVAlign="Center" WordWrap="true" />
                <Cell OrigWidth="42.8625" OrigHeight="5" AccounttantLineVisble="true" Text="" LeftLineVisible="false" TopLineVisible="false" RightLineVisible="false" BottomLineVisible="false" X="116.548958333333" Y="55" Width="42.8625" Height="5" TextColor="black" TextHAlign="Center" TextVAlign="Center" WordWrap="true" />
                <Cell OrigWidth="40.48125" OrigHeight="5" AccounttantLineVisble="true" Text="[管家婆软件]" LeftLineVisible="false" TopLineVisible="false" RightLineVisible="false" BottomLineVisible="false" X="159.411458333333" Y="55" Width="40.48125" Height="5" TextColor="black" TextHAlign="Right" TextVAlign="Center" WordWrap="true" />
              </Cells>
            </Row>
          </Rows>
        </TableElement>
        <TextElement Text="总页码" FieldKind="System" LeftLineVisible="false" TopLineVisible="false" RightLineVisible="false" BottomLineVisible="false" BandKind="PageHeader" X="164.252086639404" Y="9.99583285649617" Width="20" Height="5" TextHAlign="Right" TextVAlign="Center" />
      </Elements>
      <Bands>
        <Band IsVisible="false" TextVAlign="Center" />
        <Band BandKind="PageHeader" Height="20" TextVAlign="Center" />
        <Band BandKind="ReportHeader" Y="19.84375" Height="20" TextVAlign="Center" />
        <Band IsVisible="false" BandKind="PageBodyHeader" TextVAlign="Center" />
        <Band BandKind="PageDetail" Y="39.9520833333333" Height="237" TextVAlign="Center" />
        <Band IsVisible="false" BandKind="PageBodyFooter" TextVAlign="Center" />
        <Band IsVisible="false" BandKind="ReportFooter" TextVAlign="Center" />
        <Band BandKind="PageFooter" Y="276.754166666667" Height="20" TextVAlign="Center" />
      </Bands>
    </Page>
  </Pages>
  <PageSettings MarginLeft="10" MarginTop="20" MarginRight="10" MarginBottom="20" PageWidth="210" PageHeight="297" />
  <ExpressionFields />
</Report>