<Report MaxRowCount="0">
  <Pages>
    <Page Width="210" Height="297">
      <OrderFields />
      <Elements>
        <TextElement Text="表名" FieldKind="Master" LeftLineVisible="false" TopLineVisible="false" RightLineVisible="false" BottomLineVisible="false" TextHAlign="Center" BandKind="ReportHeader" X="46.6354205449422" Y="25.633335240682" Width="100" Height="10" FontSize="20" BoldFont="true" />
        <TableElement X="9.921875" Y="40" Width="189.441666666667" Height="236.422923660278" BoldFont="true">
          <Rows>
            <Row X="9.921875" Y="40" Width="189.441666666667" Height="5">
              <Cells>
                <Cell OrigWidth="14.8166666666667" OrigHeight="5" Text="类型" TextHAlign="Center" WordWrap="true" X="9.921875" Y="40" Width="14.8166666666667" Height="5" BoldFont="true" />
                <Cell OrigWidth="13.2291666666667" OrigHeight="5" Text="年份" TextHAlign="Center" WordWrap="true" X="24.7385416666667" Y="40" Width="13.2291666666667" Height="5" BoldFont="true" />
                <Cell OrigWidth="13.49375" OrigHeight="5" Text="期号" TextHAlign="Center" WordWrap="true" X="37.9677083333334" Y="40" Width="13.49375" Height="5" BoldFont="true" />
                <Cell OrigWidth="24.8708333333333" OrigHeight="5" Text="固定资产名称" TextHAlign="Center" WordWrap="true" X="51.4614583333334" Y="40" Width="24.8708333333333" Height="5" BoldFont="true" />
                <Cell OrigWidth="17.4625" OrigHeight="5" Text="部门名称" TextHAlign="Center" X="76.3322916666667" Y="40" Width="17.4625" Height="5" BoldFont="true" />
                <Cell OrigWidth="17.1979166666667" OrigHeight="5" Text="使用状况" TextHAlign="Center" X="93.7947916666667" Y="40" Width="17.1979166666667" Height="5" BoldFont="true" />
                <Cell OrigWidth="18.25625" OrigHeight="5" Text="入账原值" TextHAlign="Center" X="110.992708333333" Y="40" Width="18.25625" Height="5" BoldFont="true" />
                <Cell OrigWidth="22.4895833333333" OrigHeight="5" Text="预计净残值" TextHAlign="Center" X="129.248958333333" Y="40" Width="22.4895833333333" Height="5" BoldFont="true" />
                <Cell OrigWidth="26.9780212257289" OrigHeight="5" Text="预计使用月份" TextHAlign="Center" X="151.738541666667" Y="40" Width="26.9780212257289" Height="5" BoldFont="true" />
                <Cell OrigWidth="20.6469787742711" OrigHeight="5" Text="凭证编号" TextHAlign="Center" X="178.716562892396" Y="40" Width="20.6469787742711" Height="5" BoldFont="true" />
              </Cells>
            </Row>
            <Row X="9.921875" Y="45" Width="189.441666666667" Height="5">
              <Cells>
                <Cell OrigWidth="14.8166666666667" OrigHeight="5" Text="类型" FieldKind="Detail" TextHAlign="Center" WordWrap="true" X="9.921875" Y="45" Width="14.8166666666667" Height="5" TextColor="black" />
                <Cell OrigWidth="13.2291666666667" OrigHeight="5" Text="年份" FieldKind="Detail" TextHAlign="Center" WordWrap="true" X="24.7385416666667" Y="45" Width="13.2291666666667" Height="5" TextColor="black" />
                <Cell OrigWidth="13.49375" OrigHeight="5" Text="期号" FieldKind="Detail" TextHAlign="Center" WordWrap="true" X="37.9677083333334" Y="45" Width="13.49375" Height="5" TextColor="black" />
                <Cell OrigWidth="24.8708333333333" OrigHeight="5" Text="固定资产名称" FieldKind="Detail" TextHAlign="Center" WordWrap="true" X="51.4614583333334" Y="45" Width="24.8708333333333" Height="5" TextColor="black" />
                <Cell OrigWidth="17.4625" OrigHeight="5" Text="部门名称" FieldKind="Detail" TextHAlign="Center" X="76.3322916666667" Y="45" Width="17.4625" Height="5" />
                <Cell OrigWidth="17.1979166666667" OrigHeight="5" Text="使用状况" FieldKind="Detail" X="93.7947916666667" Y="45" Width="17.1979166666667" Height="5" />
                <Cell OrigWidth="18.25625" OrigHeight="5" Text="入账原值" FieldKind="Detail" TextHAlign="Center" X="110.992708333333" Y="45" Width="18.25625" Height="5" />
                <Cell OrigWidth="22.4895833333333" OrigHeight="5" Text="预计净残值" FieldKind="Detail" TextHAlign="Center" X="129.248958333333" Y="45" Width="22.4895833333333" Height="5" />
                <Cell OrigWidth="26.9780212257289" OrigHeight="5" Text="预计使用月份工作量" FieldKind="Detail" X="151.738541666667" Y="45" Width="26.9780212257289" Height="5" />
                <Cell OrigWidth="20.6469787742711" OrigHeight="5" Text="凭证编号" FieldKind="Detail" TextHAlign="Center" X="178.716562892396" Y="45" Width="20.6469787742711" Height="5" />
              </Cells>
            </Row>
            <Row X="9.921875" Y="50" Width="189.441666666667" Height="5">
              <Cells>
                <Cell OrigWidth="66.4104166666666" OrigHeight="5" Text="" LeftLineVisible="false" RightLineVisible="false" BottomLineVisible="false" TextHAlign="Center" WordWrap="true" X="9.921875" Y="50" Width="66.4104166666666" Height="5" TextColor="black" />
                <Cell OrigWidth="17.4625" OrigHeight="5" Text="" LeftLineVisible="false" RightLineVisible="false" BottomLineVisible="false" X="76.3322916666666" Y="50" Width="17.4625" Height="5" TextColor="black" />
                <Cell OrigWidth="57.94375" OrigHeight="5" Text="" LeftLineVisible="false" RightLineVisible="false" BottomLineVisible="false" X="93.7947916666666" Y="50" Width="57.94375" Height="5" TextColor="black" />
                <Cell OrigWidth="26.9780212257289" OrigHeight="5" Text="打印时间：" LeftLineVisible="false" RightLineVisible="false" BottomLineVisible="false" X="151.738541666667" Y="50" Width="26.9780212257289" Height="5" TextColor="black" />
                <Cell OrigWidth="20.6469787742711" OrigHeight="5" Text="日期" FieldKind="System" LeftLineVisible="false" RightLineVisible="false" BottomLineVisible="false" X="178.716562892396" Y="50" Width="20.6469787742711" Height="5" TextColor="black" />
              </Cells>
            </Row>
            <Row X="9.921875" Y="55" Width="189.441666666667" Height="5">
              <Cells>
                <Cell OrigWidth="20.0715517057909" OrigHeight="5" Text="" LeftLineVisible="false" TopLineVisible="false" RightLineVisible="false" BottomLineVisible="false" TextHAlign="Center" WordWrap="true" X="9.921875" Y="55" Width="20.0715517057909" Height="5" TextColor="black" />
                <Cell OrigWidth="7.97428162754243" OrigHeight="5" Text="" LeftLineVisible="false" TopLineVisible="false" RightLineVisible="false" BottomLineVisible="false" TextHAlign="Center" WordWrap="true" X="29.9934267057909" Y="55" Width="7.97428162754243" Height="5" TextColor="black" />
                <Cell OrigWidth="13.49375" OrigHeight="5" Text="" LeftLineVisible="false" TopLineVisible="false" RightLineVisible="false" BottomLineVisible="false" TextHAlign="Center" WordWrap="true" X="37.9677083333333" Y="55" Width="13.49375" Height="5" TextColor="black" />
                <Cell OrigWidth="24.8708333333333" OrigHeight="5" Text="" LeftLineVisible="false" TopLineVisible="false" RightLineVisible="false" BottomLineVisible="false" TextHAlign="Center" WordWrap="true" X="51.4614583333333" Y="55" Width="24.8708333333333" Height="5" TextColor="black" />
                <Cell OrigWidth="17.4625" OrigHeight="5" Text="" LeftLineVisible="false" TopLineVisible="false" RightLineVisible="false" BottomLineVisible="false" X="76.3322916666666" Y="55" Width="17.4625" Height="5" TextColor="black" />
                <Cell OrigWidth="17.1979166666667" OrigHeight="5" Text="" LeftLineVisible="false" TopLineVisible="false" RightLineVisible="false" BottomLineVisible="false" X="93.7947916666666" Y="55" Width="17.1979166666667" Height="5" TextColor="black" />
                <Cell OrigWidth="40.7458333333333" OrigHeight="5" Text="" LeftLineVisible="false" TopLineVisible="false" RightLineVisible="false" BottomLineVisible="false" X="110.992708333333" Y="55" Width="40.7458333333333" Height="5" TextColor="black" />
                <Cell OrigWidth="26.9780212257289" OrigHeight="5" Text="" LeftLineVisible="false" TopLineVisible="false" RightLineVisible="false" BottomLineVisible="false" X="151.738541666667" Y="55" Width="26.9780212257289" Height="5" TextColor="black" />
                <Cell OrigWidth="20.6469787742711" OrigHeight="5" Text="[管家婆软件]" LeftLineVisible="false" TopLineVisible="false" RightLineVisible="false" BottomLineVisible="false" TextHAlign="Right" X="178.716562892396" Y="55" Width="20.6469787742711" Height="5" TextColor="black" />
              </Cells>
            </Row>
          </Rows>
        </TableElement>
        <TextElement Text="总页码" FieldKind="System" LeftLineVisible="false" TopLineVisible="false" RightLineVisible="false" BottomLineVisible="false" TextHAlign="Right" BandKind="PageHeader" X="175.629169972738" Y="11.5833328564962" Width="20" Height="5" />
      </Elements>
      <Bands>
        <Band IsVisible="false" />
        <Band BandKind="PageHeader" Height="20" />
        <Band BandKind="ReportHeader" Y="19.84375" Height="20" />
        <Band IsVisible="false" BandKind="PageBodyHeader" />
        <Band BandKind="PageDetail" Y="39.9520833333333" Height="237" />
        <Band IsVisible="false" BandKind="PageBodyFooter" />
        <Band IsVisible="false" BandKind="ReportFooter" />
        <Band BandKind="PageFooter" Y="276.754166666667" Height="20" />
      </Bands>
    </Page>
  </Pages>
  <PageSettings MarginLeft="10" MarginTop="20" MarginRight="10" MarginBottom="20" PageWidth="210" PageHeight="297" />
  <ExpressionFields />
</Report>