<Report MaxRowCount="0">
  <Pages>
    <Page Width="210" Height="297">
      <OrderFields />
      <Elements>
        <TextElement Text="表名" FieldKind="Master" LeftLineVisible="false" TopLineVisible="false" RightLineVisible="false" BottomLineVisible="false" TextHAlign="Center" BandKind="ReportHeader" X="46.6354205449422" Y="25.633335240682" Width="100" Height="10" FontSize="20" BoldFont="true" />
        <TableElement X="9.921875" Y="40" Width="189.970833333333" Height="236.422923660278" BoldFont="true">
          <Rows>
            <Row X="9.921875" Y="40" Width="189.970833333333" Height="5">
              <Cells>
                <Cell OrigWidth="15.3458333333333" OrigHeight="5" Text="行号" TextHAlign="Center" WordWrap="true" X="9.921875" Y="40" Width="15.3458333333333" Height="5" />
                <Cell OrigWidth="21.1666666666667" OrigHeight="5" Text="存货编号" TextHAlign="Center" WordWrap="true" X="25.2677083333333" Y="40" Width="21.1666666666667" Height="5" />
                <Cell OrigWidth="24.8708333333333" OrigHeight="5" Text="存货全名" TextHAlign="Center" WordWrap="true" X="46.434375" Y="40" Width="24.8708333333333" Height="5" />
                <Cell OrigWidth="30.5901061286454" OrigHeight="5" Text="往来单位" TextHAlign="Center" WordWrap="true" X="71.3052083333333" Y="40" Width="30.5901061286454" Height="5" />
                <Cell OrigWidth="29.999477204688" OrigHeight="5" Text="最新进价" TextHAlign="Center" X="101.895314461979" Y="40" Width="29.999477204688" Height="5" />
                <Cell OrigWidth="26.4583333333333" OrigHeight="5" Text="最近售价" TextHAlign="Center" X="131.894791666667" Y="40" Width="26.4583333333333" Height="5" />
                <Cell OrigWidth="41.5395833333334" OrigHeight="5" Text="折扣率" TextHAlign="Center" X="158.353125" Y="40" Width="41.5395833333334" Height="5" />
              </Cells>
            </Row>
            <Row X="9.921875" Y="45" Width="189.970833333333" Height="5">
              <Cells>
                <Cell TextColor="black" OrigWidth="15.3458333333333" OrigHeight="5" Text="行号" FieldKind="Detail" TextHAlign="Center" WordWrap="true" X="9.921875" Y="45" Width="15.3458333333333" Height="5" />
                <Cell TextColor="black" OrigWidth="21.1666666666667" OrigHeight="5" Text="存货编号" FieldKind="Detail" TextHAlign="Center" WordWrap="true" X="25.2677083333333" Y="45" Width="21.1666666666667" Height="5" />
                <Cell TextColor="black" OrigWidth="24.8708333333333" OrigHeight="5" Text="存货全名" FieldKind="Detail" TextHAlign="Center" WordWrap="true" X="46.434375" Y="45" Width="24.8708333333333" Height="5" />
                <Cell TextColor="black" OrigWidth="30.5901061286454" OrigHeight="5" Text="单位全名" FieldKind="Detail" TextHAlign="Center" WordWrap="true" X="71.3052083333333" Y="45" Width="30.5901061286454" Height="5" />
                <Cell OrigWidth="29.999477204688" OrigHeight="5" Text="最近进价" FieldKind="Detail" TextHAlign="Center" X="101.895314461979" Y="45" Width="29.999477204688" Height="5" />
                <Cell OrigWidth="26.4583333333333" OrigHeight="5" Text="最近售价" FieldKind="Detail" TextHAlign="Center" X="131.894791666667" Y="45" Width="26.4583333333333" Height="5" />
                <Cell OrigWidth="41.5395833333334" OrigHeight="5" Text="折扣率" FieldKind="Detail" TextHAlign="Center" X="158.353125" Y="45" Width="41.5395833333334" Height="5" />
              </Cells>
            </Row>
            <Row X="9.921875" Y="50" Width="189.970833333333" Height="5">
              <Cells>
                <Cell TextColor="black" OrigWidth="20.0715517057909" OrigHeight="5" Text="核算单位：" LeftLineVisible="false" RightLineVisible="false" BottomLineVisible="false" TextHAlign="Center" WordWrap="true" X="9.921875" Y="50" Width="20.0715517057909" Height="5" />
                <Cell TextColor="black" OrigWidth="41.3117816275424" OrigHeight="5" Text="" LeftLineVisible="false" RightLineVisible="false" BottomLineVisible="false" TextHAlign="Center" WordWrap="true" X="29.9934267057909" Y="50" Width="41.3117816275424" Height="5" />
                <Cell TextColor="black" OrigWidth="30.5901061286454" OrigHeight="5" Text="制表人：" LeftLineVisible="false" RightLineVisible="false" BottomLineVisible="false" TextHAlign="Center" WordWrap="true" X="71.3052083333333" Y="50" Width="30.5901061286454" Height="5" />
                <Cell TextColor="black" OrigWidth="29.999477204688" OrigHeight="5" Text="" LeftLineVisible="false" RightLineVisible="false" BottomLineVisible="false" X="101.895314461979" Y="50" Width="29.999477204688" Height="5" />
                <Cell TextColor="black" OrigWidth="27.6164591181246" OrigHeight="5" Text="" LeftLineVisible="false" RightLineVisible="false" BottomLineVisible="false" X="131.894791666667" Y="50" Width="27.6164591181246" Height="5" />
                <Cell TextColor="black" OrigWidth="19.2053121076042" OrigHeight="5" Text="打印时间：" LeftLineVisible="false" RightLineVisible="false" BottomLineVisible="false" X="159.511250784791" Y="50" Width="19.2053121076042" Height="5" />
                <Cell TextColor="black" OrigWidth="21.1761454409379" OrigHeight="5" Text="日期" FieldKind="System" LeftLineVisible="false" RightLineVisible="false" BottomLineVisible="false" X="178.716562892395" Y="50" Width="21.1761454409379" Height="5" />
              </Cells>
            </Row>
            <Row X="9.921875" Y="55" Width="189.970833333333" Height="5">
              <Cells>
                <Cell TextColor="black" OrigWidth="20.0715517057909" OrigHeight="5" Text="" LeftLineVisible="false" TopLineVisible="false" RightLineVisible="false" BottomLineVisible="false" TextHAlign="Center" WordWrap="true" X="9.921875" Y="55" Width="20.0715517057909" Height="5" />
                <Cell TextColor="black" OrigWidth="16.4409482942091" OrigHeight="5" Text="" LeftLineVisible="false" TopLineVisible="false" RightLineVisible="false" BottomLineVisible="false" TextHAlign="Center" WordWrap="true" X="29.9934267057909" Y="55" Width="16.4409482942091" Height="5" />
                <Cell TextColor="black" OrigWidth="24.8708333333333" OrigHeight="5" Text="" LeftLineVisible="false" TopLineVisible="false" RightLineVisible="false" BottomLineVisible="false" TextHAlign="Center" WordWrap="true" X="46.434375" Y="55" Width="24.8708333333333" Height="5" />
                <Cell TextColor="black" OrigWidth="30.5901061286454" OrigHeight="5" Text="" LeftLineVisible="false" TopLineVisible="false" RightLineVisible="false" BottomLineVisible="false" TextHAlign="Center" WordWrap="true" X="71.3052083333333" Y="55" Width="30.5901061286454" Height="5" />
                <Cell TextColor="black" OrigWidth="29.999477204688" OrigHeight="5" Text="" LeftLineVisible="false" TopLineVisible="false" RightLineVisible="false" BottomLineVisible="false" X="101.895314461979" Y="55" Width="29.999477204688" Height="5" />
                <Cell TextColor="black" OrigWidth="26.4583333333333" OrigHeight="5" Text="" LeftLineVisible="false" TopLineVisible="false" RightLineVisible="false" BottomLineVisible="false" X="131.894791666667" Y="55" Width="26.4583333333333" Height="5" />
                <Cell TextColor="black" OrigWidth="1.1581257847913" OrigHeight="5" Text="" LeftLineVisible="false" TopLineVisible="false" RightLineVisible="false" BottomLineVisible="false" X="158.353125" Y="55" Width="1.1581257847913" Height="5" />
                <Cell TextColor="black" OrigWidth="19.2053121076042" OrigHeight="5" Text="" LeftLineVisible="false" TopLineVisible="false" RightLineVisible="false" BottomLineVisible="false" X="159.511250784791" Y="55" Width="19.2053121076042" Height="5" />
                <Cell TextColor="black" OrigWidth="21.1761454409379" OrigHeight="5" Text="[管家婆软件]" LeftLineVisible="false" TopLineVisible="false" RightLineVisible="false" BottomLineVisible="false" TextHAlign="Right" X="178.716562892395" Y="55" Width="21.1761454409379" Height="5" />
              </Cells>
            </Row>
          </Rows>
        </TableElement>
        <TextElement Text="总页码" FieldKind="System" LeftLineVisible="false" TopLineVisible="false" RightLineVisible="false" BottomLineVisible="false" TextHAlign="Right" BandKind="PageHeader" X="175.629169972738" Y="11.5833328564962" Width="20" Height="5" />
      </Elements>
      <Bands>
        <Band IsVisible="false" />
        <Band BandKind="PageHeader" Height="20" />
        <Band BandKind="ReportHeader" Y="19.84375" Height="19.84375" />
        <Band IsVisible="false" BandKind="PageBodyHeader" />
        <Band BandKind="PageDetail" Y="39.6875" Height="237.15625" />
        <Band IsVisible="false" BandKind="PageBodyFooter" />
        <Band IsVisible="false" BandKind="ReportFooter" />
        <Band BandKind="PageFooter" Y="276.754166666667" Height="20" />
      </Bands>
    </Page>
  </Pages>
  <PageSettings MarginLeft="10" MarginTop="20" MarginRight="10" MarginBottom="20" PageWidth="210" PageHeight="297" />
  <ExpressionFields />
</Report>