<Report MaxRowCount="0">
  <Pages>
    <Page Width="210" Height="297">
      <OrderFields />
      <Elements>
        <TextElement Text="表名" FieldKind="Master" LeftLineVisible="false" TopLineVisible="false" RightLineVisible="false" BottomLineVisible="false" TextHAlign="Center" BandKind="ReportHeader" X="9.32917054494222" Y="24.7354168574015" Width="190.758333714803" Height="10.000000278155" FontSize="25" BoldFont="true" />
        <TableElement X="10" Y="40" Width="189.892708333333" Height="236.023949305216">
          <Rows>
            <Row X="10" Y="40" Width="189.892708333333" Height="7">
              <Cells>
                <Cell OrigWidth="19.765625" OrigHeight="7" Text="制 单 人:" LeftLineVisible="false" TopLineVisible="false" RightLineVisible="false" BottomLineVisible="false" TextHAlign="Center" WordWrap="true" X="10" Y="40" Width="19.765625" Height="7" TextColor="black" />
                <Cell OrigWidth="39.9520833333333" OrigHeight="7" Text="操作员" FieldKind="Master" LeftLineVisible="false" TopLineVisible="false" RightLineVisible="false" BottomLineVisible="false" X="29.765625" Y="40" Width="39.9520833333333" Height="7" TextColor="black" />
                <Cell OrigWidth="5.02708333333334" OrigHeight="7" Text="" LeftLineVisible="false" TopLineVisible="false" RightLineVisible="false" BottomLineVisible="false" TextHAlign="Center" WordWrap="true" X="69.7177083333333" Y="40" Width="5.02708333333334" Height="7" TextColor="black" />
                <Cell OrigWidth="20.9020833333333" OrigHeight="7" Text="录单日期:" LeftLineVisible="false" TopLineVisible="false" RightLineVisible="false" BottomLineVisible="false" TextHAlign="Center" WordWrap="true" X="74.7447916666666" Y="40" Width="20.9020833333333" Height="7" TextColor="black" />
                <Cell OrigWidth="39.4229166666666" OrigHeight="7" Text="制单日期" FieldKind="Master" LeftLineVisible="false" TopLineVisible="false" RightLineVisible="false" BottomLineVisible="false" WordWrap="true" X="95.6468749999999" Y="40" Width="39.4229166666666" Height="7" TextColor="black" />
                <Cell OrigWidth="4.4979166666667" OrigHeight="7" Text="" LeftLineVisible="false" TopLineVisible="false" RightLineVisible="false" BottomLineVisible="false" TextHAlign="Center" WordWrap="true" X="135.069791666667" Y="40" Width="4.4979166666667" Height="7" TextColor="black" />
                <Cell OrigWidth="20.1083333333333" OrigHeight="7" Text="单据编号:" LeftLineVisible="false" TopLineVisible="false" RightLineVisible="false" BottomLineVisible="false" TextHAlign="Center" WordWrap="true" X="139.567708333333" Y="40" Width="20.1083333333333" Height="7" TextColor="black" />
                <Cell OrigWidth="40.2166666666663" OrigHeight="7" Text="单据编号" FieldKind="Master" LeftLineVisible="false" TopLineVisible="false" RightLineVisible="false" BottomLineVisible="false" WordWrap="true" X="159.676041666667" Y="40" Width="40.2166666666663" Height="7" TextColor="black" />
              </Cells>
            </Row>
            <Row X="10" Y="47" Width="189.892708333333" Height="7">
              <Cells>
                <Cell OrigWidth="19.765625" OrigHeight="7" Text="生产车间:" LeftLineVisible="false" TopLineVisible="false" RightLineVisible="false" BottomLineVisible="false" TextHAlign="Center" WordWrap="true" X="10" Y="47" Width="19.765625" Height="7" TextColor="black" />
                <Cell OrigWidth="39.9520833333333" OrigHeight="7" Text="生产车间" FieldKind="Master" LeftLineVisible="false" TopLineVisible="false" RightLineVisible="false" BottomLineVisible="false" WordWrap="true" X="29.765625" Y="47" Width="39.9520833333333" Height="7" TextColor="black" />
                <Cell OrigWidth="5.02708333333334" OrigHeight="7" Text="" LeftLineVisible="false" TopLineVisible="false" RightLineVisible="false" BottomLineVisible="false" TextHAlign="Center" WordWrap="true" X="69.7177083333333" Y="47" Width="5.02708333333334" Height="7" TextColor="black" />
                <Cell OrigWidth="20.9020833333333" OrigHeight="7" Text="生 产 者:" LeftLineVisible="false" TopLineVisible="false" RightLineVisible="false" TextHAlign="Center" WordWrap="true" X="74.7447916666666" Y="47" Width="20.9020833333333" Height="7" TextColor="black" />
                <Cell OrigWidth="39.4229166666666" OrigHeight="7" Text="生 产 者" FieldKind="Master" LeftLineVisible="false" TopLineVisible="false" RightLineVisible="false" BottomLineVisible="false" WordWrap="true" X="95.6468749999999" Y="47" Width="39.4229166666666" Height="7" TextColor="black" />
                <Cell OrigWidth="4.4979166666667" OrigHeight="7" Text="" LeftLineVisible="false" TopLineVisible="false" RightLineVisible="false" TextHAlign="Center" WordWrap="true" X="135.069791666667" Y="47" Width="4.4979166666667" Height="7" TextColor="black" />
                <Cell OrigWidth="20.1083333333333" OrigHeight="7" Text="负 责 人:" LeftLineVisible="false" TopLineVisible="false" RightLineVisible="false" BottomLineVisible="false" TextHAlign="Center" WordWrap="true" X="139.567708333333" Y="47" Width="20.1083333333333" Height="7" TextColor="black" />
                <Cell OrigWidth="40.2166666666663" OrigHeight="7" Text="负 责 人" FieldKind="Master" LeftLineVisible="false" TopLineVisible="false" RightLineVisible="false" BottomLineVisible="false" WordWrap="true" X="159.676041666667" Y="47" Width="40.2166666666663" Height="7" TextColor="black" />
              </Cells>
            </Row>
            <Row X="10" Y="54" Width="189.892708333333" Height="7">
              <Cells>
                <Cell OrigWidth="19.765625" OrigHeight="7" Text="存货名称:" LeftLineVisible="false" TopLineVisible="false" RightLineVisible="false" BottomLineVisible="false" TextHAlign="Center" WordWrap="true" X="10" Y="54" Width="19.765625" Height="7" TextColor="black" />
                <Cell OrigWidth="39.9520833333333" OrigHeight="7" Text="存货名称" FieldKind="Master" LeftLineVisible="false" TopLineVisible="false" RightLineVisible="false" BottomLineVisible="false" WordWrap="true" X="29.765625" Y="54" Width="39.9520833333333" Height="7" TextColor="black" />
                <Cell OrigWidth="5.02708333333334" OrigHeight="7" Text="" LeftLineVisible="false" TopLineVisible="false" RightLineVisible="false" BottomLineVisible="false" TextHAlign="Center" WordWrap="true" X="69.7177083333333" Y="54" Width="5.02708333333334" Height="7" TextColor="black" />
                <Cell OrigWidth="20.9020833333333" OrigHeight="7" Text="存货编号:" LeftLineVisible="false" TopLineVisible="false" RightLineVisible="false" TextHAlign="Center" WordWrap="true" X="74.7447916666666" Y="54" Width="20.9020833333333" Height="7" TextColor="black" />
                <Cell OrigWidth="39.4229166666666" OrigHeight="7" Text="存货编号" FieldKind="Master" LeftLineVisible="false" TopLineVisible="false" RightLineVisible="false" BottomLineVisible="false" WordWrap="true" X="95.6468749999999" Y="54" Width="39.4229166666666" Height="7" TextColor="black" />
                <Cell OrigWidth="4.4979166666667" OrigHeight="7" Text="" LeftLineVisible="false" TopLineVisible="false" RightLineVisible="false" TextHAlign="Center" WordWrap="true" X="135.069791666667" Y="54" Width="4.4979166666667" Height="7" TextColor="black" />
                <Cell OrigWidth="20.1083333333333" OrigHeight="7" Text="规    格:" LeftLineVisible="false" TopLineVisible="false" RightLineVisible="false" BottomLineVisible="false" TextHAlign="Center" WordWrap="true" X="139.567708333333" Y="54" Width="20.1083333333333" Height="7" TextColor="black" />
                <Cell OrigWidth="40.2166666666663" OrigHeight="7" Text="规    格" FieldKind="Master" LeftLineVisible="false" TopLineVisible="false" RightLineVisible="false" BottomLineVisible="false" WordWrap="true" X="159.676041666667" Y="54" Width="40.2166666666663" Height="7" TextColor="black" />
              </Cells>
            </Row>
            <Row X="10" Y="61" Width="189.892708333333" Height="7">
              <Cells>
                <Cell OrigWidth="19.765625" OrigHeight="7" Text="单    位:" LeftLineVisible="false" TopLineVisible="false" RightLineVisible="false" BottomLineVisible="false" TextHAlign="Center" WordWrap="true" X="10" Y="61" Width="19.765625" Height="7" TextColor="black" />
                <Cell OrigWidth="39.9520833333333" OrigHeight="7" Text="单    位" FieldKind="Master" LeftLineVisible="false" TopLineVisible="false" RightLineVisible="false" WordWrap="true" X="29.765625" Y="61" Width="39.9520833333333" Height="7" TextColor="black" />
                <Cell OrigWidth="5.02708333333334" OrigHeight="7" Text="" LeftLineVisible="false" TopLineVisible="false" RightLineVisible="false" BottomLineVisible="false" TextHAlign="Center" WordWrap="true" X="69.7177083333333" Y="61" Width="5.02708333333334" Height="7" TextColor="black" />
                <Cell OrigWidth="20.9020833333333" OrigHeight="7" Text="预测数量:" LeftLineVisible="false" TopLineVisible="false" RightLineVisible="false" TextHAlign="Center" WordWrap="true" X="74.7447916666666" Y="61" Width="20.9020833333333" Height="7" TextColor="black" />
                <Cell OrigWidth="39.4229166666666" OrigHeight="7" Text="预测数量" FieldKind="Master" LeftLineVisible="false" TopLineVisible="false" RightLineVisible="false" BottomLineVisible="false" WordWrap="true" X="95.6468749999999" Y="61" Width="39.4229166666666" Height="7" TextColor="black" />
                <Cell OrigWidth="4.4979166666667" OrigHeight="7" Text="" LeftLineVisible="false" TopLineVisible="false" RightLineVisible="false" BottomLineVisible="false" TextHAlign="Center" WordWrap="true" X="135.069791666667" Y="61" Width="4.4979166666667" Height="7" TextColor="black" />
                <Cell OrigWidth="20.1083333333333" OrigHeight="7" Text="" LeftLineVisible="false" TopLineVisible="false" RightLineVisible="false" BottomLineVisible="false" TextHAlign="Center" WordWrap="true" X="139.567708333333" Y="61" Width="20.1083333333333" Height="7" TextColor="black" />
                <Cell OrigWidth="40.2166666666663" OrigHeight="7" Text="" LeftLineVisible="false" TopLineVisible="false" RightLineVisible="false" BottomLineVisible="false" WordWrap="true" X="159.676041666667" Y="61" Width="40.2166666666663" Height="7" TextColor="black" />
              </Cells>
            </Row>
            <Row X="10" Y="68" Width="189.892708333333" Height="7">
              <Cells>
                <Cell OrigWidth="29.5552083333333" OrigHeight="7" Text="计划开工时间:" LeftLineVisible="false" TopLineVisible="false" RightLineVisible="false" BottomLineVisible="false" TextHAlign="Center" WordWrap="true" X="10" Y="68" Width="29.5552083333333" Height="7" TextColor="black" />
                <Cell OrigWidth="49.7416666666667" OrigHeight="7" Text="计划开工时间" FieldKind="Master" LeftLineVisible="false" TopLineVisible="false" RightLineVisible="false" BottomLineVisible="false" WordWrap="true" X="39.5552083333333" Y="68" Width="49.7416666666667" Height="7" TextColor="black" />
                <Cell OrigWidth="10.0541666666667" OrigHeight="7" Text="" LeftLineVisible="false" TopLineVisible="false" RightLineVisible="false" BottomLineVisible="false" TextHAlign="Center" WordWrap="true" X="89.296875" Y="68" Width="10.0541666666667" Height="7" TextColor="black" />
                <Cell OrigWidth="30.1625" OrigHeight="7" Text="计划完工时间:" LeftLineVisible="false" TopLineVisible="false" RightLineVisible="false" BottomLineVisible="false" TextHAlign="Center" WordWrap="true" X="99.3510416666667" Y="68" Width="30.1625" Height="7" TextColor="black" />
                <Cell OrigWidth="70.3791666666663" OrigHeight="7" Text="计划完工时间" FieldKind="Master" LeftLineVisible="false" TopLineVisible="false" RightLineVisible="false" BottomLineVisible="false" WordWrap="true" X="129.513541666667" Y="68" Width="70.3791666666663" Height="7" TextColor="black" />
              </Cells>
            </Row>
            <Row X="10" Y="75" Width="189.892708333333" Height="7">
              <Cells>
                <Cell OrigWidth="19.5010416666667" OrigHeight="7" Text="摘    要:" LeftLineVisible="false" TopLineVisible="false" RightLineVisible="false" BottomLineVisible="false" TextHAlign="Center" WordWrap="true" X="10" Y="75" Width="19.5010416666667" Height="7" TextColor="black" />
                <Cell OrigWidth="170.391666666666" OrigHeight="7" Text="摘    要" FieldKind="Master" LeftLineVisible="false" TopLineVisible="false" RightLineVisible="false" BottomLineVisible="false" WordWrap="true" X="29.5010416666667" Y="75" Width="170.391666666666" Height="7" TextColor="black" />
              </Cells>
            </Row>
            <Row X="10" Y="82" Width="189.892708333333" Height="5">
              <Cells>
                <Cell OrigWidth="189.892708333333" OrigHeight="5" Text="" LeftLineVisible="false" TopLineVisible="false" RightLineVisible="false" BottomLineVisible="false" TextHAlign="Center" WordWrap="true" X="10" Y="82" Width="189.892708333333" Height="5" />
              </Cells>
            </Row>
            <Row X="10" Y="87" Width="189.892708333333" Height="5">
              <Cells>
                <Cell OrigWidth="29.8197916666667" OrigHeight="5" Text="下达生产量:" LeftLineVisible="false" TopLineVisible="false" RightLineVisible="false" BottomLineVisible="false" TextHAlign="Center" WordWrap="true" X="10" Y="87" Width="29.8197916666667" Height="5" TextColor="black" />
                <Cell OrigWidth="49.7416666666666" OrigHeight="5" Text="下达生产量" FieldKind="Master" LeftLineVisible="false" TopLineVisible="false" RightLineVisible="false" BottomLineVisible="false" WordWrap="true" X="39.8197916666667" Y="87" Width="49.7416666666666" Height="5" TextColor="black" />
                <Cell OrigWidth="10.0541666666667" OrigHeight="5" Text="" LeftLineVisible="false" TopLineVisible="false" RightLineVisible="false" BottomLineVisible="false" TextHAlign="Center" WordWrap="true" X="89.5614583333333" Y="87" Width="10.0541666666667" Height="5" TextColor="black" />
                <Cell OrigWidth="30.1625" OrigHeight="5" Text="完成生产量:" LeftLineVisible="false" TopLineVisible="false" RightLineVisible="false" BottomLineVisible="false" TextHAlign="Center" WordWrap="true" X="99.615625" Y="87" Width="30.1625" Height="5" TextColor="black" />
                <Cell OrigWidth="70.114583333333" OrigHeight="5" Text="完成生产量" FieldKind="Master" LeftLineVisible="false" TopLineVisible="false" RightLineVisible="false" BottomLineVisible="false" WordWrap="true" X="129.778125" Y="87" Width="70.114583333333" Height="5" TextColor="black" />
              </Cells>
            </Row>
            <Row X="10" Y="92" Width="189.892708333333" Height="5">
              <Cells>
                <Cell OrigWidth="189.892708333333" OrigHeight="5" Text="" LeftLineVisible="false" TopLineVisible="false" RightLineVisible="false" BottomLineVisible="false" WordWrap="true" X="10" Y="92" Width="189.892708333333" Height="5" TextColor="black" />
              </Cells>
            </Row>
            <Row X="10" Y="97" Width="189.892708333333" Height="5">
              <Cells>
                <Cell OrigWidth="19.765625" OrigHeight="5" Text="" LeftLineVisible="false" TopLineVisible="false" RightLineVisible="false" BottomLineVisible="false" WordWrap="true" X="10" Y="97" Width="19.765625" Height="5" TextColor="black" />
                <Cell OrigWidth="29.6333333333333" OrigHeight="5" Text="" LeftLineVisible="false" TopLineVisible="false" RightLineVisible="false" BottomLineVisible="false" WordWrap="true" X="29.765625" Y="97" Width="29.6333333333333" Height="5" TextColor="black" />
                <Cell OrigWidth="20.6375" OrigHeight="5" Text="" LeftLineVisible="false" TopLineVisible="false" RightLineVisible="false" BottomLineVisible="false" WordWrap="true" X="59.3989583333333" Y="97" Width="20.6375" Height="5" TextColor="black" />
                <Cell OrigWidth="16.9333333333334" OrigHeight="5" Text="" LeftLineVisible="false" TopLineVisible="false" RightLineVisible="false" BottomLineVisible="false" WordWrap="true" X="80.0364583333333" Y="97" Width="16.9333333333334" Height="5" TextColor="black" />
                <Cell OrigWidth="32.0145833333333" OrigHeight="5" Text="" LeftLineVisible="false" TopLineVisible="false" RightLineVisible="false" BottomLineVisible="false" WordWrap="true" X="96.9697916666667" Y="97" Width="32.0145833333333" Height="5" TextColor="black" />
                <Cell OrigWidth="2.38125" OrigHeight="5" Text="" LeftLineVisible="false" TopLineVisible="false" RightLineVisible="false" BottomLineVisible="false" WordWrap="true" X="128.984375" Y="97" Width="2.38125" Height="5" TextColor="black" />
                <Cell OrigWidth="26.19375" OrigHeight="5" Text="打印时间:" LeftLineVisible="false" TopLineVisible="false" RightLineVisible="false" BottomLineVisible="false" WordWrap="true" X="131.365625" Y="97" Width="26.19375" Height="5" TextColor="black" />
                <Cell OrigWidth="42.3333333333329" OrigHeight="5" Text="日期" FieldKind="System" LeftLineVisible="false" TopLineVisible="false" RightLineVisible="false" BottomLineVisible="false" TextHAlign="Center" WordWrap="true" X="157.559375" Y="97" Width="42.3333333333329" Height="5" TextColor="black" />
              </Cells>
            </Row>
            <Row X="10" Y="102" Width="189.892708333333" Height="5">
              <Cells>
                <Cell OrigWidth="147.559375" OrigHeight="5" Text="" LeftLineVisible="false" TopLineVisible="false" RightLineVisible="false" BottomLineVisible="false" TextHAlign="Right" WordWrap="true" X="10" Y="102" Width="147.559375" Height="5" TextColor="black" />
                <Cell OrigWidth="42.333333333333" OrigHeight="5" Text="[管家婆软件]" LeftLineVisible="false" TopLineVisible="false" RightLineVisible="false" BottomLineVisible="false" TextHAlign="Center" WordWrap="true" X="157.559375" Y="102" Width="42.333333333333" Height="5" TextColor="black" />
              </Cells>
            </Row>
          </Rows>
        </TableElement>
        <TextElement Text="总页码" FieldKind="System" LeftLineVisible="false" TopLineVisible="false" RightLineVisible="false" BottomLineVisible="false" TextHAlign="Right" BandKind="PageHeader" X="156.314586639404" Y="15.5520828564962" Width="43.8125066121419" Height="5.0000001390775" />
      </Elements>
      <Bands>
        <Band IsVisible="false" />
        <Band BandKind="PageHeader" Height="20" />
        <Band BandKind="ReportHeader" Y="19.84375" Height="17.5947916666667" />
        <Band IsVisible="false" BandKind="PageBodyHeader" />
        <Band BandKind="PageDetail" Y="37.5708333333333" Height="239.405208333333" />
        <Band IsVisible="false" BandKind="PageBodyFooter" />
        <Band IsVisible="false" BandKind="ReportFooter" />
        <Band BandKind="PageFooter" Y="276.754166666667" Height="20" />
      </Bands>
    </Page>
  </Pages>
  <PageSettings MarginLeft="10" MarginTop="20" MarginRight="10" MarginBottom="20" PageWidth="210" PageHeight="297" />
  <ExpressionFields />
</Report>