<Report MaxRowCount="0">
  <Pages>
    <Page Width="210" Height="297">
      <OrderFields />
      <Elements>
        <TextElement Text="表名" FieldKind="Master" LeftLineVisible="false" TopLineVisible="false" RightLineVisible="false" BottomLineVisible="false" TextHAlign="Center" BandKind="ReportHeader" X="9.85833721160889" Y="21.9333349863688" Width="189.856240844727" Height="10.000000278155" FontSize="20" BoldFont="true" />
        <TableElement X="10.1864583333333" Y="54.8364622751872" Width="189.70625" Height="208.397922388713">
          <Rows>
            <Row X="10.1864583333333" Y="54.8364622751872" Width="189.70625" Height="5">
              <Cells>
                <Cell OrigWidth="28.8395833333334" OrigHeight="5" Text="级次" WordWrap="true" X="10.1864583333333" Y="54.8364622751872" Width="28.8395833333334" Height="5" />
                <Cell OrigWidth="35.4541666666667" OrigHeight="5" Text="子件编号" WordWrap="true" X="39.0260416666667" Y="54.8364622751872" Width="35.4541666666667" Height="5" />
                <Cell OrigWidth="42.06875" OrigHeight="5" Text="子件品名" WordWrap="true" X="74.4802083333334" Y="54.8364622751872" Width="42.06875" Height="5" />
                <Cell OrigWidth="42.3333333333333" OrigHeight="5" Text="数量" WordWrap="true" X="116.548958333333" Y="54.8364622751872" Width="42.3333333333333" Height="5" />
                <Cell OrigWidth="41.0104166666667" OrigHeight="5" Text="损耗率%" WordWrap="true" X="158.882291666667" Y="54.8364622751872" Width="41.0104166666667" Height="5" />
              </Cells>
            </Row>
            <Row X="10.1864583333333" Y="59.8364622751872" Width="189.70625" Height="5">
              <Cells>
                <Cell OrigWidth="28.8395833333334" OrigHeight="5" Text="级次" FieldKind="Detail" WordWrap="true" X="10.1864583333333" Y="59.8364622751872" Width="28.8395833333334" Height="5" />
                <Cell OrigWidth="35.4541666666667" OrigHeight="5" Text="子件编号" FieldKind="Detail" WordWrap="true" X="39.0260416666667" Y="59.8364622751872" Width="35.4541666666667" Height="5" />
                <Cell OrigWidth="42.06875" OrigHeight="5" Text="子件品名" FieldKind="Detail" WordWrap="true" X="74.4802083333334" Y="59.8364622751872" Width="42.06875" Height="5" />
                <Cell OrigWidth="42.3333333333333" OrigHeight="5" Text="数量" FieldKind="Detail" WordWrap="true" X="116.548958333333" Y="59.8364622751872" Width="42.3333333333333" Height="5" />
                <Cell OrigWidth="41.0104166666667" OrigHeight="5" Text="损耗率" FieldKind="Detail" WordWrap="true" X="158.882291666667" Y="59.8364622751872" Width="41.0104166666667" Height="5" />
              </Cells>
            </Row>
            <Row X="10.1864583333333" Y="64.8364622751872" Width="189.70625" Height="4.64374999999995">
              <Cells>
                <Cell OrigWidth="28.8395833333334" OrigHeight="4.64374999999995" Text="" LeftLineVisible="false" RightLineVisible="false" BottomLineVisible="false" WordWrap="true" X="10.1864583333333" Y="64.8364622751872" Width="28.8395833333334" Height="4.64374999999995" TextColor="black" />
                <Cell OrigWidth="35.4541666666667" OrigHeight="4.64374999999995" Text="" LeftLineVisible="false" RightLineVisible="false" BottomLineVisible="false" WordWrap="true" X="39.0260416666667" Y="64.8364622751872" Width="35.4541666666667" Height="4.64374999999995" TextColor="black" />
                <Cell OrigWidth="42.06875" OrigHeight="4.64374999999995" Text="" LeftLineVisible="false" RightLineVisible="false" BottomLineVisible="false" WordWrap="true" X="74.4802083333334" Y="64.8364622751872" Width="42.06875" Height="4.64374999999995" TextColor="black" />
                <Cell OrigWidth="42.3333333333333" OrigHeight="4.64374999999995" Text="打印时间：" LeftLineVisible="false" RightLineVisible="false" BottomLineVisible="false" WordWrap="true" X="116.548958333333" Y="64.8364622751872" Width="42.3333333333333" Height="4.64374999999995" TextColor="black" />
                <Cell OrigWidth="41.0104166666667" OrigHeight="4.64374999999995" Text="日期" FieldKind="System" LeftLineVisible="false" RightLineVisible="false" BottomLineVisible="false" TextHAlign="Right" WordWrap="true" X="158.882291666667" Y="64.8364622751872" Width="41.0104166666667" Height="4.64374999999995" TextColor="black" />
              </Cells>
            </Row>
            <Row X="10.1864583333333" Y="69.4802122751872" Width="189.70625" Height="5">
              <Cells>
                <Cell OrigWidth="28.8395833333334" OrigHeight="5" Text="" LeftLineVisible="false" TopLineVisible="false" RightLineVisible="false" BottomLineVisible="false" WordWrap="true" X="10.1864583333333" Y="69.4802122751872" Width="28.8395833333334" Height="5" TextColor="black" />
                <Cell OrigWidth="35.4541666666667" OrigHeight="5" Text="" LeftLineVisible="false" TopLineVisible="false" RightLineVisible="false" BottomLineVisible="false" WordWrap="true" X="39.0260416666667" Y="69.4802122751872" Width="35.4541666666667" Height="5" TextColor="black" />
                <Cell OrigWidth="42.06875" OrigHeight="5" Text="" LeftLineVisible="false" TopLineVisible="false" RightLineVisible="false" BottomLineVisible="false" WordWrap="true" X="74.4802083333334" Y="69.4802122751872" Width="42.06875" Height="5" TextColor="black" />
                <Cell OrigWidth="42.3333333333333" OrigHeight="5" Text="" LeftLineVisible="false" TopLineVisible="false" RightLineVisible="false" BottomLineVisible="false" WordWrap="true" X="116.548958333333" Y="69.4802122751872" Width="42.3333333333333" Height="5" TextColor="black" />
                <Cell OrigWidth="41.0104166666667" OrigHeight="5" Text="[管家婆软件]" LeftLineVisible="false" TopLineVisible="false" RightLineVisible="false" BottomLineVisible="false" TextHAlign="Right" WordWrap="true" X="158.882291666667" Y="69.4802122751872" Width="41.0104166666667" Height="5" TextColor="black" />
              </Cells>
            </Row>
          </Rows>
        </TableElement>
        <TextElement Text="总页码" FieldKind="System" LeftLineVisible="false" TopLineVisible="false" RightLineVisible="false" BottomLineVisible="false" TextHAlign="Right" BandKind="PageHeader" X="167.956253306071" Y="15.0000004172325" Width="32.4354172229767" Height="5.0000001390775" />
        <TextElement Text="清单编号" FieldKind="Master" LeftLineVisible="false" TopLineVisible="false" RightLineVisible="false" BottomLineVisible="false" BandKind="ReportHeader" X="30.6374992688497" Y="35.3958328564962" Width="58.8937525749207" Height="5.0000001390775" />
        <TextElement Text="清单编号：" LeftLineVisible="false" TopLineVisible="false" RightLineVisible="false" BottomLineVisible="false" BandKind="ReportHeader" X="10.793750278155" Y="35.3958328564962" Width="20" Height="5" />
        <TextElement Text="清单名称" FieldKind="Master" LeftLineVisible="false" TopLineVisible="false" RightLineVisible="false" BottomLineVisible="false" BandKind="ReportHeader" X="126.945836639404" Y="35.6604161898295" Width="71.329165204366" Height="5.0000001390775" />
        <TextElement Text="清单名称：" LeftLineVisible="false" TopLineVisible="false" RightLineVisible="false" BottomLineVisible="false" BandKind="ReportHeader" X="107.102086639404" Y="35.3958328564962" Width="20" Height="5" />
        <TextElement Text="数    量" FieldKind="Master" LeftLineVisible="false" TopLineVisible="false" RightLineVisible="false" BottomLineVisible="false" BandKind="ReportHeader" X="30.6374992688497" Y="45.1854161898295" Width="58.3645818710327" Height="5.0000001390775" />
        <TextElement Text="数    量：" LeftLineVisible="false" TopLineVisible="false" RightLineVisible="false" BottomLineVisible="false" BandKind="ReportHeader" X="10.793750278155" Y="45.4499995231628" Width="20" Height="5" />
        <TextElement Text="编    号" FieldKind="Master" LeftLineVisible="false" TopLineVisible="false" RightLineVisible="false" BottomLineVisible="false" BandKind="ReportHeader" X="30.6374992688497" Y="40.3958345095317" Width="58.8937525749207" Height="5.0000001390775" />
        <TextElement Text="编    号：" LeftLineVisible="false" TopLineVisible="false" RightLineVisible="false" BottomLineVisible="false" BandKind="ReportHeader" X="10.793750278155" Y="40.3958345095317" Width="20" Height="5" />
        <TextElement Text="父项名称" FieldKind="Master" LeftLineVisible="false" TopLineVisible="false" RightLineVisible="false" BottomLineVisible="false" BandKind="ReportHeader" X="127.856246185303" Y="40.660417842865" Width="70.2708318710327" Height="5.0000001390775" />
        <TextElement Text="父项名称：" LeftLineVisible="false" TopLineVisible="false" RightLineVisible="false" BottomLineVisible="false" BandKind="ReportHeader" X="106.837503306071" Y="40.660417842865" Width="20" Height="5" />
        <TextElement Text="定额工时" FieldKind="Master" LeftLineVisible="false" TopLineVisible="false" RightLineVisible="false" BottomLineVisible="false" BandKind="ReportHeader" X="127.210419972738" Y="46.5083328564962" Width="70.7999985376994" Height="5.0000001390775" />
        <TextElement Text="定额工时：" LeftLineVisible="false" TopLineVisible="false" RightLineVisible="false" BottomLineVisible="false" BandKind="ReportHeader" X="107.102086639404" Y="46.5083368937174" Width="19.470835908254" Height="5.0000001390775" />
      </Elements>
      <Bands>
        <Band IsVisible="false" />
        <Band BandKind="PageHeader" Height="20" />
        <Band BandKind="ReportHeader" Y="19.84375" Height="34.2635416666667" />
        <Band IsVisible="false" BandKind="PageBodyHeader" />
        <Band BandKind="PageDetail" Y="53.975" Height="222.736458333333" />
        <Band IsVisible="false" BandKind="PageBodyFooter" />
        <Band IsVisible="false" BandKind="ReportFooter" />
        <Band BandKind="PageFooter" Y="276.754166666667" Height="20" />
      </Bands>
    </Page>
  </Pages>
  <PageSettings MarginLeft="10" MarginTop="20" MarginRight="10" MarginBottom="20" PageWidth="210" PageHeight="297" />
  <ExpressionFields />
</Report>