<Report MaxRowCount="0">
  <Pages>
    <Page Width="210" Height="297">
      <OrderFields />
      <Elements>
        <TextElement Text="表名" FieldKind="Master" LeftLineVisible="false" TopLineVisible="false" RightLineVisible="false" BottomLineVisible="false" TextHAlign="Center" BandKind="ReportHeader" X="9.32917054494222" Y="24.7354168574015" Width="190.758333714803" Height="10.000000278155" FontSize="25" BoldFont="true" />
        <TableElement X="10" Y="40" Width="189.892708333333" Height="232.193740590413">
          <Rows>
            <Row X="10" Y="40" Width="189.892708333333" Height="5.90520833333333">
              <Cells>
                <Cell OrigWidth="20.2947916666667" OrigHeight="5.90520833333333" Text="监盘人：" LeftLineVisible="false" TopLineVisible="false" RightLineVisible="false" BottomLineVisible="false" TextHAlign="Right" WordWrap="true" X="10" Y="40" Width="20.2947916666667" Height="5.90520833333333" TextColor="black" />
                <Cell OrigWidth="29.1041666666667" OrigHeight="5.90520833333333" Text="监盘人" FieldKind="Master" LeftLineVisible="false" TopLineVisible="false" RightLineVisible="false" BottomLineVisible="false" TextHAlign="Center" WordWrap="true" X="30.2947916666667" Y="40" Width="29.1041666666667" Height="5.90520833333333" TextColor="black" />
                <Cell OrigWidth="19.84375" OrigHeight="5.90520833333333" Text="" LeftLineVisible="false" TopLineVisible="false" RightLineVisible="false" BottomLineVisible="false" TextHAlign="Center" WordWrap="true" X="59.3989583333334" Y="40" Width="19.84375" Height="5.90520833333333" TextColor="black" />
                <Cell OrigWidth="19.05" OrigHeight="5.90520833333333" Text="盘点人：" LeftLineVisible="false" TopLineVisible="false" RightLineVisible="false" BottomLineVisible="false" TextHAlign="Right" WordWrap="true" X="79.2427083333334" Y="40" Width="19.05" Height="5.90520833333333" TextColor="black" />
                <Cell OrigWidth="30.95625" OrigHeight="5.90520833333333" Text="盘点人" FieldKind="Master" LeftLineVisible="false" TopLineVisible="false" RightLineVisible="false" BottomLineVisible="false" TextHAlign="Center" WordWrap="true" X="98.2927083333334" Y="40" Width="30.95625" Height="5.90520833333333" TextColor="black" />
                <Cell OrigWidth="20.3729166666667" OrigHeight="5.90520833333333" Text="" LeftLineVisible="false" TopLineVisible="false" RightLineVisible="false" BottomLineVisible="false" TextHAlign="Center" WordWrap="true" X="129.248958333333" Y="40" Width="20.3729166666667" Height="5.90520833333333" TextColor="black" />
                <Cell OrigWidth="50.270833333333" OrigHeight="5.90520833333333" Text="" LeftLineVisible="false" TopLineVisible="false" RightLineVisible="false" BottomLineVisible="false" TextHAlign="Center" WordWrap="true" X="149.621875" Y="40" Width="50.270833333333" Height="5.90520833333333" TextColor="black" />
              </Cells>
            </Row>
            <Row X="10" Y="45.9052083333333" Width="189.892708333333" Height="5.90520833333333">
              <Cells>
                <Cell OrigWidth="20.2947916666667" OrigHeight="5.90520833333333" Text="盘点仓库：" LeftLineVisible="false" TopLineVisible="false" RightLineVisible="false" BottomLineVisible="false" TextHAlign="Right" WordWrap="true" X="10" Y="45.9052083333333" Width="20.2947916666667" Height="5.90520833333333" TextColor="black" />
                <Cell OrigWidth="29.1041666666667" OrigHeight="5.90520833333333" Text="仓    库" FieldKind="Master" LeftLineVisible="false" TopLineVisible="false" RightLineVisible="false" BottomLineVisible="false" TextHAlign="Center" WordWrap="true" X="30.2947916666667" Y="45.9052083333333" Width="29.1041666666667" Height="5.90520833333333" TextColor="black" />
                <Cell OrigWidth="19.84375" OrigHeight="5.90520833333333" Text="" LeftLineVisible="false" TopLineVisible="false" RightLineVisible="false" BottomLineVisible="false" TextHAlign="Center" WordWrap="true" X="59.3989583333334" Y="45.9052083333333" Width="19.84375" Height="5.90520833333333" TextColor="black" />
                <Cell OrigWidth="19.05" OrigHeight="5.90520833333333" Text="截止时间：" LeftLineVisible="false" TopLineVisible="false" RightLineVisible="false" BottomLineVisible="false" TextHAlign="Right" WordWrap="true" X="79.2427083333334" Y="45.9052083333333" Width="19.05" Height="5.90520833333333" TextColor="black" />
                <Cell OrigWidth="30.95625" OrigHeight="5.90520833333333" Text="截止时间" FieldKind="Master" LeftLineVisible="false" TopLineVisible="false" RightLineVisible="false" BottomLineVisible="false" TextHAlign="Center" WordWrap="true" X="98.2927083333334" Y="45.9052083333333" Width="30.95625" Height="5.90520833333333" TextColor="black" />
                <Cell OrigWidth="20.3729166666667" OrigHeight="5.90520833333333" Text="" LeftLineVisible="false" TopLineVisible="false" RightLineVisible="false" BottomLineVisible="false" TextHAlign="Center" WordWrap="true" X="129.248958333333" Y="45.9052083333333" Width="20.3729166666667" Height="5.90520833333333" TextColor="black" />
                <Cell OrigWidth="50.270833333333" OrigHeight="5.90520833333333" Text="" LeftLineVisible="false" TopLineVisible="false" RightLineVisible="false" BottomLineVisible="false" TextHAlign="Center" WordWrap="true" X="149.621875" Y="45.9052083333333" Width="50.270833333333" Height="5.90520833333333" TextColor="black" />
              </Cells>
            </Row>
            <Row X="10" Y="51.8104166666667" Width="189.892708333333" Height="10">
              <Cells>
                <Cell OrigWidth="28.7614583333333" OrigHeight="10" Text="存货编号" TextHAlign="Center" WordWrap="true" X="10" Y="51.8104166666667" Width="28.7614583333333" Height="10" TextColor="black" />
                <Cell OrigWidth="33.0924479166665" OrigHeight="10" Text="存货名称" TextHAlign="Center" WordWrap="true" X="38.7614583333333" Y="51.8104166666667" Width="33.0924479166665" Height="10" TextColor="black" />
                <Cell OrigWidth="33.0924479166665" OrigHeight="10" Text="账面库存数量" TextHAlign="Center" WordWrap="true" X="71.8539062499998" Y="51.8104166666667" Width="33.0924479166665" Height="10" TextColor="black" />
                <Cell OrigWidth="30.4075520833335" OrigHeight="10" Text="实际盘点数量" TextHAlign="Center" WordWrap="true" X="104.946354166666" Y="51.8104166666667" Width="30.4075520833335" Height="10" TextColor="black" />
                <Cell OrigWidth="30.4075520833335" OrigHeight="10" Text="差异数量" TextHAlign="Center" WordWrap="true" X="135.35390625" Y="51.8104166666667" Width="30.4075520833335" Height="10" TextColor="black" />
                <Cell OrigWidth="34.1312499999995" OrigHeight="10" Text="备注" TextHAlign="Center" WordWrap="true" X="165.761458333333" Y="51.8104166666667" Width="34.1312499999995" Height="10" TextColor="black" />
              </Cells>
            </Row>
            <Row X="10" Y="61.8104166666667" Width="189.892708333333" Height="5">
              <Cells>
                <Cell OrigWidth="28.7614583333333" OrigHeight="5" Text="存货编号" FieldKind="Detail" WordWrap="true" X="10" Y="61.8104166666667" Width="28.7614583333333" Height="5" />
                <Cell OrigWidth="33.0924479166665" OrigHeight="5" Text="存货全名" FieldKind="Detail" WordWrap="true" X="38.7614583333333" Y="61.8104166666667" Width="33.0924479166665" Height="5" />
                <Cell OrigWidth="33.0924479166665" OrigHeight="5" Text="账面库存数量" FieldKind="Detail" WordWrap="true" X="71.8539062499998" Y="61.8104166666667" Width="33.0924479166665" Height="5" />
                <Cell OrigWidth="30.4075520833335" OrigHeight="5" Text="实际盘点数量" FieldKind="Detail" WordWrap="true" X="104.946354166666" Y="61.8104166666667" Width="30.4075520833335" Height="5" />
                <Cell OrigWidth="30.4075520833335" OrigHeight="5" Text="差异数量" FieldKind="Detail" WordWrap="true" X="135.35390625" Y="61.8104166666667" Width="30.4075520833335" Height="5" />
                <Cell OrigWidth="34.1312499999995" OrigHeight="5" Text="盘点备注" FieldKind="Detail" WordWrap="true" X="165.761458333333" Y="61.8104166666667" Width="34.1312499999995" Height="5" />
              </Cells>
            </Row>
            <Row X="10" Y="66.8104166666667" Width="189.892708333333" Height="5">
              <Cells>
                <Cell OrigWidth="19.765625" OrigHeight="5" Text="" LeftLineVisible="false" RightLineVisible="false" BottomLineVisible="false" WordWrap="true" X="10" Y="66.8104166666667" Width="19.765625" Height="5" TextColor="black" />
                <Cell OrigWidth="29.6333333333333" OrigHeight="5" Text="" LeftLineVisible="false" RightLineVisible="false" BottomLineVisible="false" WordWrap="true" X="29.765625" Y="66.8104166666667" Width="29.6333333333333" Height="5" TextColor="black" />
                <Cell OrigWidth="20.6375" OrigHeight="5" Text="" LeftLineVisible="false" RightLineVisible="false" BottomLineVisible="false" WordWrap="true" X="59.3989583333333" Y="66.8104166666667" Width="20.6375" Height="5" TextColor="black" />
                <Cell OrigWidth="19.3145833333333" OrigHeight="5" Text="" LeftLineVisible="false" RightLineVisible="false" BottomLineVisible="false" WordWrap="true" X="80.0364583333333" Y="66.8104166666667" Width="19.3145833333333" Height="5" TextColor="black" />
                <Cell OrigWidth="30.1625" OrigHeight="5" Text="" LeftLineVisible="false" RightLineVisible="false" BottomLineVisible="false" WordWrap="true" X="99.3510416666666" Y="66.8104166666667" Width="30.1625" Height="5" TextColor="black" />
                <Cell OrigWidth="20.3729166666666" OrigHeight="5" Text="" LeftLineVisible="false" RightLineVisible="false" BottomLineVisible="false" WordWrap="true" X="129.513541666667" Y="66.8104166666667" Width="20.3729166666666" Height="5" TextColor="black" />
                <Cell OrigWidth="19.5791666666667" OrigHeight="5" Text="打印时间:" LeftLineVisible="false" RightLineVisible="false" BottomLineVisible="false" WordWrap="true" X="149.886458333333" Y="66.8104166666667" Width="19.5791666666667" Height="5" TextColor="black" />
                <Cell OrigWidth="30.427083333333" OrigHeight="5" Text="日期" FieldKind="System" LeftLineVisible="false" RightLineVisible="false" BottomLineVisible="false" TextHAlign="Right" WordWrap="true" X="169.465625" Y="66.8104166666667" Width="30.427083333333" Height="5" TextColor="black" />
              </Cells>
            </Row>
            <Row X="10" Y="71.8104166666667" Width="189.892708333333" Height="5">
              <Cells>
                <Cell OrigWidth="189.892708333333" OrigHeight="5" Text="[管家婆软件]" LeftLineVisible="false" TopLineVisible="false" RightLineVisible="false" BottomLineVisible="false" TextHAlign="Right" WordWrap="true" X="10" Y="71.8104166666667" Width="189.892708333333" Height="5" TextColor="black" />
              </Cells>
            </Row>
          </Rows>
        </TableElement>
        <TextElement Text="总页码" FieldKind="System" LeftLineVisible="false" TopLineVisible="false" RightLineVisible="false" BottomLineVisible="false" TextHAlign="Right" BandKind="PageHeader" X="156.314586639404" Y="15.5520828564962" Width="43.8125066121419" Height="5.0000001390775" />
      </Elements>
      <Bands>
        <Band IsVisible="false" />
        <Band BandKind="PageHeader" Height="20" />
        <Band BandKind="ReportHeader" Y="19.84375" Height="19.84375" />
        <Band IsVisible="false" BandKind="PageBodyHeader" />
        <Band BandKind="PageDetail" Y="39.6875" Height="237.15625" />
        <Band IsVisible="false" BandKind="PageBodyFooter" />
        <Band IsVisible="false" BandKind="ReportFooter" />
        <Band BandKind="PageFooter" Y="276.754166666667" Height="20" />
      </Bands>
    </Page>
  </Pages>
  <PageSettings MarginLeft="10" MarginTop="20" MarginRight="10" MarginBottom="20" PageWidth="210" PageHeight="297" />
  <ExpressionFields />
</Report>