<Report MaxRowCount="0">
  <Pages>
    <Page Width="210" Height="297">
      <OrderFields />
      <Elements>
        <TextElement Text="表名" FieldKind="Master" LeftLineVisible="false" TopLineVisible="false" RightLineVisible="false" BottomLineVisible="false" TextHAlign="Center" BandKind="ReportHeader" X="47.4291705449422" Y="26.6916685740153" Width="100" Height="10" FontSize="20" BoldFont="true" />
        <TableElement X="9.921875" Y="40" Width="189.70625" Height="236.422923660278">
          <Rows>
            <Row X="9.921875" Y="40" Width="189.70625" Height="5.11432291666667">
              <Cells>
                <Cell OrigWidth="22.225" OrigHeight="5.11432291666667" Text="开始日期" FieldKind="Master" LeftLineVisible="false" TopLineVisible="false" RightLineVisible="false" BottomLineVisible="false" TextHAlign="Right" WordWrap="true" X="9.921875" Y="40" Width="22.225" Height="5.11432291666667" TextColor="black" />
                <Cell OrigWidth="6.61458333333333" OrigHeight="5.11432291666667" Text="至" LeftLineVisible="false" TopLineVisible="false" RightLineVisible="false" TextHAlign="Right" WordWrap="true" X="32.146875" Y="40" Width="6.61458333333333" Height="5.11432291666667" TextColor="black" />
                <Cell OrigWidth="25.9291666666667" OrigHeight="5.11432291666667" Text="结束日期" FieldKind="Master" LeftLineVisible="false" TopLineVisible="false" RightLineVisible="false" WordWrap="true" X="38.7614583333333" Y="40" Width="25.9291666666667" Height="5.11432291666667" TextColor="black" />
                <Cell OrigWidth="67.46875" OrigHeight="5.11432291666667" Text="客    户" FieldKind="Master" LeftLineVisible="false" TopLineVisible="false" RightLineVisible="false" TextHAlign="Center" WordWrap="true" X="64.690625" Y="40" Width="67.46875" Height="5.11432291666667" TextColor="black" />
                <Cell OrigWidth="67.46875" OrigHeight="5.11432291666667" Text="" LeftLineVisible="false" TopLineVisible="false" RightLineVisible="false" TextHAlign="Center" WordWrap="true" X="132.159375" Y="40" Width="67.46875" Height="5.11432291666667" TextColor="black" />
              </Cells>
            </Row>
            <Row X="9.921875" Y="45.1143229166667" Width="189.70625" Height="5.11432291666667">
              <Cells>
                <Cell OrigWidth="25.4" OrigHeight="5.11432291666667" Text="日期" TextHAlign="Center" WordWrap="true" X="9.921875" Y="45.1143229166667" Width="25.4" Height="5.11432291666667" />
                <Cell OrigWidth="20" OrigHeight="5" Text="单据编号" TextHAlign="Center" X="35.321875" Y="45.1143229166667" Width="20" Height="5.11432291666667" />
                <Cell OrigWidth="20.1083333333333" OrigHeight="5.11432291666667" Text="存货全名" TextHAlign="Center" WordWrap="true" X="55.321875" Y="45.1143229166667" Width="20.1083333333333" Height="5.11432291666667" />
                <Cell OrigWidth="23.9208333333334" OrigHeight="5.11432291666667" Text="数量" TextHAlign="Center" WordWrap="true" X="75.4302083333333" Y="45.1143229166667" Width="23.9208333333334" Height="5.11432291666667" />
                <Cell OrigWidth="34.13125" OrigHeight="5.11432291666667" Text="单价" TextHAlign="Center" WordWrap="true" X="99.3510416666667" Y="45.1143229166667" Width="34.13125" Height="5.11432291666667" />
                <Cell OrigWidth="26.19375" OrigHeight="5.11432291666667" Text="金额" TextHAlign="Center" WordWrap="true" X="133.482291666667" Y="45.1143229166667" Width="26.19375" Height="5.11432291666667" />
                <Cell OrigWidth="19.7354166666667" OrigHeight="5" Text="含税单价" X="159.676041666667" Y="45.1143229166667" Width="19.7354166666667" Height="5.11432291666667" />
                <Cell OrigWidth="20.2166666666667" OrigHeight="5" Text="价税合计" TextHAlign="Center" X="179.411458333333" Y="45.1143229166667" Width="20.2166666666667" Height="5.11432291666667" />
              </Cells>
            </Row>
            <Row X="9.921875" Y="50.2286458333333" Width="189.70625" Height="5.11432291666667">
              <Cells>
                <Cell OrigWidth="25.4" OrigHeight="5.11432291666667" Text="单据日期" FieldKind="Detail" TextHAlign="Center" WordWrap="true" X="9.921875" Y="50.2286458333333" Width="25.4" Height="5.11432291666667" TextColor="black" />
                <Cell OrigWidth="20" OrigHeight="5" Text="单据编号" FieldKind="Detail" X="35.321875" Y="50.2286458333333" Width="20" Height="5.11432291666667" />
                <Cell OrigWidth="20.1083333333333" OrigHeight="5.11432291666667" Text="存货全名" FieldKind="Detail" TextHAlign="Center" WordWrap="true" X="55.321875" Y="50.2286458333333" Width="20.1083333333333" Height="5.11432291666667" TextColor="black" />
                <Cell OrigWidth="23.9208333333334" OrigHeight="5.11432291666667" Text="数量" FieldKind="Detail" TextHAlign="Center" WordWrap="true" X="75.4302083333333" Y="50.2286458333333" Width="23.9208333333334" Height="5.11432291666667" TextColor="black" />
                <Cell OrigWidth="34.13125" OrigHeight="5.11432291666667" Text="单价" FieldKind="Detail" TextHAlign="Center" WordWrap="true" X="99.3510416666667" Y="50.2286458333333" Width="34.13125" Height="5.11432291666667" TextColor="black" />
                <Cell OrigWidth="26.19375" OrigHeight="5.11432291666667" Text="金额" FieldKind="Detail" TextHAlign="Center" WordWrap="true" X="133.482291666667" Y="50.2286458333333" Width="26.19375" Height="5.11432291666667" TextColor="black" />
                <Cell OrigWidth="19.7354166666667" OrigHeight="5.11432291666667" Text="含税单价" FieldKind="Detail" TextHAlign="Center" WordWrap="true" X="159.676041666667" Y="50.2286458333333" Width="19.7354166666667" Height="5.11432291666667" TextColor="black" />
                <Cell OrigWidth="20.2166666666667" OrigHeight="5" Text="价税合计" FieldKind="Detail" TextHAlign="Center" X="179.411458333333" Y="50.2286458333333" Width="20.2166666666667" Height="5.11432291666667" />
              </Cells>
            </Row>
            <Row X="9.921875" Y="55.34296875" Width="189.70625" Height="5">
              <Cells>
                <Cell OrigWidth="24.60625" OrigHeight="5" Text="核算单位：" LeftLineVisible="false" RightLineVisible="false" BottomLineVisible="false" WordWrap="true" X="9.921875" Y="55.34296875" Width="24.60625" Height="5" TextColor="black" />
                <Cell OrigWidth="20" OrigHeight="5" LeftLineVisible="false" RightLineVisible="false" BottomLineVisible="false" X="34.528125" Y="55.34296875" Width="20" Height="5" />
                <Cell OrigWidth="24.60625" OrigHeight="5" Text="制表人：" LeftLineVisible="false" RightLineVisible="false" BottomLineVisible="false" TextHAlign="Center" WordWrap="true" X="54.528125" Y="55.34296875" Width="24.60625" Height="5" TextColor="black" />
                <Cell OrigWidth="39.9520833333334" OrigHeight="5" Text="" LeftLineVisible="false" RightLineVisible="false" BottomLineVisible="false" TextHAlign="Center" WordWrap="true" X="79.134375" Y="55.34296875" Width="39.9520833333334" Height="5" TextColor="black" />
                <Cell OrigWidth="37.3062499999999" OrigHeight="5" Text="" LeftLineVisible="false" RightLineVisible="false" BottomLineVisible="false" TextHAlign="Center" WordWrap="true" X="119.086458333333" Y="55.34296875" Width="37.3062499999999" Height="5" TextColor="black" />
                <Cell OrigWidth="23.01875" OrigHeight="5" Text="打印时间：" LeftLineVisible="false" RightLineVisible="false" BottomLineVisible="false" TextHAlign="Right" WordWrap="true" X="156.392708333333" Y="55.34296875" Width="23.01875" Height="5" TextColor="black" />
                <Cell OrigWidth="20.2166666666667" OrigHeight="5" Text="日期" FieldKind="System" LeftLineVisible="false" RightLineVisible="false" BottomLineVisible="false" X="179.411458333333" Y="55.34296875" Width="20.2166666666667" Height="5" />
              </Cells>
            </Row>
            <Row X="9.921875" Y="60.34296875" Width="189.70625" Height="5">
              <Cells>
                <Cell OrigWidth="24.60625" OrigHeight="5" Text="" LeftLineVisible="false" TopLineVisible="false" RightLineVisible="false" BottomLineVisible="false" TextHAlign="Center" WordWrap="true" X="9.921875" Y="60.34296875" Width="24.60625" Height="5" TextColor="black" />
                <Cell OrigWidth="20" OrigHeight="5" LeftLineVisible="false" TopLineVisible="false" RightLineVisible="false" BottomLineVisible="false" X="34.528125" Y="60.34296875" Width="20" Height="5" />
                <Cell OrigWidth="24.60625" OrigHeight="5" Text="" LeftLineVisible="false" TopLineVisible="false" RightLineVisible="false" BottomLineVisible="false" TextHAlign="Center" WordWrap="true" X="54.528125" Y="60.34296875" Width="24.60625" Height="5" TextColor="black" />
                <Cell OrigWidth="39.9520833333334" OrigHeight="5" Text="" LeftLineVisible="false" TopLineVisible="false" RightLineVisible="false" BottomLineVisible="false" TextHAlign="Center" WordWrap="true" X="79.134375" Y="60.34296875" Width="39.9520833333334" Height="5" TextColor="black" />
                <Cell OrigWidth="37.3062499999999" OrigHeight="5" Text="" LeftLineVisible="false" TopLineVisible="false" RightLineVisible="false" BottomLineVisible="false" TextHAlign="Center" WordWrap="true" X="119.086458333333" Y="60.34296875" Width="37.3062499999999" Height="5" TextColor="black" />
                <Cell OrigWidth="43.2354166666667" OrigHeight="5" Text="[管家婆软件]" LeftLineVisible="false" TopLineVisible="false" RightLineVisible="false" BottomLineVisible="false" TextHAlign="Right" WordWrap="true" X="156.392708333333" Y="60.34296875" Width="43.2354166666667" Height="5" TextColor="black" />
              </Cells>
            </Row>
          </Rows>
        </TableElement>
        <TextElement Text="总页码" FieldKind="System" LeftLineVisible="false" TopLineVisible="false" RightLineVisible="false" BottomLineVisible="false" TextHAlign="Right" BandKind="PageHeader" X="175.629169972738" Y="11.5833328564962" Width="20" Height="5" />
      </Elements>
      <Bands>
        <Band IsVisible="false" />
        <Band BandKind="PageHeader" Height="20" />
        <Band BandKind="ReportHeader" Y="19.84375" Height="19.84375" />
        <Band IsVisible="false" BandKind="PageBodyHeader" />
        <Band BandKind="PageDetail" Y="39.6875" Height="237.15625" />
        <Band IsVisible="false" BandKind="PageBodyFooter" />
        <Band IsVisible="false" BandKind="ReportFooter" />
        <Band BandKind="PageFooter" Y="276.754166666667" Height="20" />
      </Bands>
    </Page>
  </Pages>
  <PageSettings MarginLeft="10" MarginTop="20" MarginRight="10" MarginBottom="20" PageWidth="210" PageHeight="297" />
  <ExpressionFields />
</Report>