<Report MaxRowCount="0">
  <Pages>
    <Page Width="210" Height="297">
      <OrderFields />
      <Elements>
        <TextElement Text="表名" FieldKind="Master" LeftLineVisible="false" TopLineVisible="false" RightLineVisible="false" BottomLineVisible="false" TextHAlign="Center" BandKind="ReportHeader" X="10.1229205449422" Y="20.0812516530355" Width="190.968753687541" Height="10.000000278155" FontSize="20" BoldFont="true" />
        <TableElement X="10.000000278155" Y="59.5791677792867" Width="188" Height="216.843740844727">
          <Rows>
            <Row X="10.000000278155" Y="59.5791677792867" Width="188" Height="5">
              <Cells>
                <Cell OrigWidth="19.745630618816" OrigHeight="5" Text="行号" WordWrap="true" X="10.000000278155" Y="59.5791677792867" Width="19.745630618816" Height="5" />
                <Cell OrigWidth="35.8167225150444" OrigHeight="5" Text="数量下限" WordWrap="true" X="29.745630896971" Y="59.5791677792867" Width="35.8167225150444" Height="5" />
                <Cell OrigWidth="37.3542080904497" OrigHeight="5" Text="数量上限" WordWrap="true" X="65.5623534120153" Y="59.5791677792867" Width="37.3542080904497" Height="5" />
                <Cell OrigWidth="26.6442603162648" OrigHeight="5" Text="单价" WordWrap="true" X="102.916561502465" Y="59.5791677792867" Width="26.6442603162648" Height="5" />
                <Cell OrigWidth="34.2195892297127" OrigHeight="5" Text="税率" WordWrap="true" X="129.56082181873" Y="59.5791677792867" Width="34.2195892297127" Height="5" />
                <Cell OrigWidth="34.2195892297127" OrigHeight="5" Text="含税单价" WordWrap="true" X="163.780411048442" Y="59.5791677792867" Width="34.2195892297127" Height="5" />
              </Cells>
            </Row>
            <Row X="10.000000278155" Y="64.5791677792867" Width="188" Height="5">
              <Cells>
                <Cell OrigWidth="19.745630618816" OrigHeight="5" Text="行号" FieldKind="Detail" WordWrap="true" X="10.000000278155" Y="64.5791677792867" Width="19.745630618816" Height="5" />
                <Cell OrigWidth="35.8167225150444" OrigHeight="5" Text="数量下限" FieldKind="Detail" WordWrap="true" X="29.745630896971" Y="64.5791677792867" Width="35.8167225150444" Height="5" />
                <Cell OrigWidth="37.3542080904497" OrigHeight="5" Text="数量上限" FieldKind="Detail" WordWrap="true" X="65.5623534120153" Y="64.5791677792867" Width="37.3542080904497" Height="5" />
                <Cell OrigWidth="26.6442603162648" OrigHeight="5" Text="单价" FieldKind="Detail" WordWrap="true" X="102.916561502465" Y="64.5791677792867" Width="26.6442603162648" Height="5" />
                <Cell OrigWidth="34.2195892297127" OrigHeight="5" Text="税率" FieldKind="Detail" WordWrap="true" X="129.56082181873" Y="64.5791677792867" Width="34.2195892297127" Height="5" />
                <Cell OrigWidth="34.2195892297127" OrigHeight="5" Text="含税单价" FieldKind="Detail" WordWrap="true" X="163.780411048442" Y="64.5791677792867" Width="34.2195892297127" Height="5" />
              </Cells>
            </Row>
            <Row X="10.000000278155" Y="69.5791677792867" Width="188" Height="5">
              <Cells>
                <Cell OrigWidth="19.745630618816" OrigHeight="5" Text="" LeftLineVisible="false" RightLineVisible="false" BottomLineVisible="false" WordWrap="true" X="10.000000278155" Y="69.5791677792867" Width="19.745630618816" Height="5" />
                <Cell OrigWidth="35.8167225150444" OrigHeight="5" Text="" LeftLineVisible="false" RightLineVisible="false" BottomLineVisible="false" WordWrap="true" X="29.745630896971" Y="69.5791677792867" Width="35.8167225150444" Height="5" />
                <Cell OrigWidth="37.3542080904497" OrigHeight="5" Text="" LeftLineVisible="false" RightLineVisible="false" BottomLineVisible="false" WordWrap="true" X="65.5623534120153" Y="69.5791677792867" Width="37.3542080904497" Height="5" />
                <Cell OrigWidth="26.6442603162648" OrigHeight="5" Text="" LeftLineVisible="false" RightLineVisible="false" BottomLineVisible="false" WordWrap="true" X="102.916561502465" Y="69.5791677792867" Width="26.6442603162648" Height="5" />
                <Cell OrigWidth="34.2195892297127" OrigHeight="5" Text="打印时间：" LeftLineVisible="false" RightLineVisible="false" BottomLineVisible="false" WordWrap="true" X="129.56082181873" Y="69.5791677792867" Width="34.2195892297127" Height="5" />
                <Cell OrigWidth="34.2195892297127" OrigHeight="5" Text="日期" FieldKind="System" LeftLineVisible="false" RightLineVisible="false" BottomLineVisible="false" TextHAlign="Right" WordWrap="true" X="163.780411048442" Y="69.5791677792867" Width="34.2195892297127" Height="5" />
              </Cells>
            </Row>
            <Row X="10.000000278155" Y="74.5791677792867" Width="188" Height="5">
              <Cells>
                <Cell OrigWidth="19.745630618816" OrigHeight="5" Text="" LeftLineVisible="false" TopLineVisible="false" RightLineVisible="false" BottomLineVisible="false" WordWrap="true" X="10.000000278155" Y="74.5791677792867" Width="19.745630618816" Height="5" TextColor="black" />
                <Cell OrigWidth="35.8167225150444" OrigHeight="5" Text="" LeftLineVisible="false" TopLineVisible="false" RightLineVisible="false" BottomLineVisible="false" WordWrap="true" X="29.745630896971" Y="74.5791677792867" Width="35.8167225150444" Height="5" TextColor="black" />
                <Cell OrigWidth="37.3542080904497" OrigHeight="5" Text="" LeftLineVisible="false" TopLineVisible="false" RightLineVisible="false" BottomLineVisible="false" WordWrap="true" X="65.5623534120153" Y="74.5791677792867" Width="37.3542080904497" Height="5" TextColor="black" />
                <Cell OrigWidth="26.6442603162648" OrigHeight="5" Text="" LeftLineVisible="false" TopLineVisible="false" RightLineVisible="false" BottomLineVisible="false" WordWrap="true" X="102.916561502465" Y="74.5791677792867" Width="26.6442603162648" Height="5" TextColor="black" />
                <Cell OrigWidth="34.2195892297127" OrigHeight="5" Text="" LeftLineVisible="false" TopLineVisible="false" RightLineVisible="false" BottomLineVisible="false" WordWrap="true" X="129.56082181873" Y="74.5791677792867" Width="34.2195892297127" Height="5" TextColor="black" />
                <Cell OrigWidth="34.2195892297127" OrigHeight="5" Text="[管家婆软件]" LeftLineVisible="false" TopLineVisible="false" RightLineVisible="false" BottomLineVisible="false" TextHAlign="Right" WordWrap="true" X="163.780411048442" Y="74.5791677792867" Width="34.2195892297127" Height="5" TextColor="black" />
              </Cells>
            </Row>
          </Rows>
        </TableElement>
        <TextElement Text="供 应 商" FieldKind="Master" LeftLineVisible="false" TopLineVisible="false" RightLineVisible="false" BottomLineVisible="false" BandKind="ReportHeader" X="30.108332602183" Y="34.3374995231628" Width="36.1395818710327" Height="5.0000001390775" />
        <TextElement Text="供 应 商：" LeftLineVisible="false" TopLineVisible="false" RightLineVisible="false" BottomLineVisible="false" BandKind="ReportHeader" X="10.2645836114883" Y="34.3374995231628" Width="20" Height="5" />
        <TextElement Text="询 价 人" FieldKind="Master" LeftLineVisible="false" TopLineVisible="false" RightLineVisible="false" BottomLineVisible="false" BandKind="ReportHeader" X="87.787503306071" Y="34.3374995231628" Width="47.516665204366" Height="5.0000001390775" />
        <TextElement Text="询 价 人：" LeftLineVisible="false" TopLineVisible="false" RightLineVisible="false" BottomLineVisible="false" BandKind="ReportHeader" X="67.6791699727376" Y="34.3374995231628" Width="20" Height="5" />
        <TextElement Text="存货全名" FieldKind="Master" LeftLineVisible="false" TopLineVisible="false" RightLineVisible="false" BottomLineVisible="false" BandKind="ReportHeader" X="158.60209236145" Y="34.3374995231628" Width="41.166665204366" Height="5.0000001390775" />
        <TextElement Text="存    货：" LeftLineVisible="false" TopLineVisible="false" RightLineVisible="false" BottomLineVisible="false" BandKind="ReportHeader" X="138.587503306071" Y="34.3374995231628" Width="20" Height="5" />
        <TextElement Text="规     格" FieldKind="Master" LeftLineVisible="false" TopLineVisible="false" RightLineVisible="false" BottomLineVisible="false" BandKind="ReportHeader" X="30.108332602183" Y="39.0999995231628" Width="36.1395818710327" Height="5.0000001390775" />
        <TextElement Text="规    格：" LeftLineVisible="false" TopLineVisible="false" RightLineVisible="false" BottomLineVisible="false" BandKind="ReportHeader" X="10.2645836114883" Y="39.3375011761983" Width="20" Height="5" />
        <TextElement Text="型    号" FieldKind="Master" LeftLineVisible="false" TopLineVisible="false" RightLineVisible="false" BottomLineVisible="false" BandKind="ReportHeader" X="87.787503306071" Y="39.3375011761983" Width="47.516665204366" Height="5.0000001390775" />
        <TextElement Text="型    号：" LeftLineVisible="false" TopLineVisible="false" RightLineVisible="false" BottomLineVisible="false" BandKind="ReportHeader" X="67.6791699727376" Y="39.3375011761983" Width="20" Height="5" />
        <TextElement Text="单    位：" LeftLineVisible="false" TopLineVisible="false" RightLineVisible="false" BottomLineVisible="false" BandKind="ReportHeader" X="138.587503306071" Y="39.3375011761983" Width="20" Height="5" />
        <TextElement Text="单    位" FieldKind="Master" LeftLineVisible="false" TopLineVisible="false" RightLineVisible="false" BottomLineVisible="false" BandKind="ReportHeader" X="158.960419972738" Y="39.3375011761983" Width="40.372915204366" Height="5.0000001390775" />
        <TextElement Text="自定义1全名" FieldKind="Master" LeftLineVisible="false" TopLineVisible="false" RightLineVisible="false" BottomLineVisible="false" BandKind="ReportHeader" X="30.108332602183" Y="44.6562495231628" Width="36.1395818710327" Height="5.0000001390775" />
        <TextElement Text="自定义1全名：" LeftLineVisible="false" TopLineVisible="false" RightLineVisible="false" BottomLineVisible="false" BandKind="ReportHeader" X="10.2645836114883" Y="44.3916661898295" Width="20" Height="5" />
        <TextElement Text="自定义2全名" FieldKind="Master" LeftLineVisible="false" TopLineVisible="false" RightLineVisible="false" BottomLineVisible="false" BandKind="ReportHeader" X="87.2583366394043" Y="44.1000011761983" Width="48.310415204366" Height="5.26458347241084" />
        <TextElement Text="自定义2全名：" LeftLineVisible="false" TopLineVisible="false" RightLineVisible="false" BottomLineVisible="false" BandKind="ReportHeader" X="67.7875047683716" Y="44.3916661898295" Width="20" Height="5" />
        <TextElement Text="询价时间" FieldKind="Master" LeftLineVisible="false" TopLineVisible="false" RightLineVisible="false" BottomLineVisible="false" BandKind="ReportHeader" X="158.337509028117" Y="44.6562495231628" Width="41.4312485376994" Height="5.0000001390775" />
        <TextElement Text="询价时间：" LeftLineVisible="false" TopLineVisible="false" RightLineVisible="false" BottomLineVisible="false" BandKind="ReportHeader" X="138.602085749308" Y="44.6562495231628" Width="20" Height="5" />
        <TextElement Text="生效日期" FieldKind="Master" LeftLineVisible="false" TopLineVisible="false" RightLineVisible="false" BottomLineVisible="false" BandKind="ReportHeader" X="30.108332602183" Y="49.9479161898295" Width="36.1395818710327" Height="5.0000001390775" />
        <TextElement Text="生效日期：" LeftLineVisible="false" TopLineVisible="false" RightLineVisible="false" BottomLineVisible="false" BandKind="ReportHeader" X="10.108332045873" Y="49.9479161898295" Width="20" Height="5" />
        <TextElement Text="失效日期" FieldKind="Master" LeftLineVisible="false" TopLineVisible="false" RightLineVisible="false" BottomLineVisible="false" BandKind="ReportHeader" X="87.787503306071" Y="49.6833328564962" Width="48.0458318710327" Height="5.0000001390775" />
        <TextElement Text="失效日期：" LeftLineVisible="false" TopLineVisible="false" RightLineVisible="false" BottomLineVisible="false" BandKind="ReportHeader" X="67.7875047683716" Y="49.9479161898295" Width="20" Height="5" />
        <TextElement Text="摘     要" FieldKind="Master" LeftLineVisible="false" TopLineVisible="false" RightLineVisible="false" BottomLineVisible="false" BandKind="ReportHeader" X="158.60209236145" Y="49.9479161898295" Width="41.4312485376994" Height="5.0000001390775" />
        <TextElement Text="摘    要：" LeftLineVisible="false" TopLineVisible="false" RightLineVisible="false" BottomLineVisible="false" BandKind="ReportHeader" X="138.602085749308" Y="49.9479161898295" Width="20" Height="5" />
        <TextElement Text="总页码" FieldKind="System" LeftLineVisible="false" TopLineVisible="false" RightLineVisible="false" BottomLineVisible="false" TextHAlign="Right" BandKind="PageHeader" X="180.127086639404" Y="14.2291661898295" Width="20" Height="5" />
      </Elements>
      <Bands>
        <Band IsVisible="false" />
        <Band BandKind="PageHeader" Height="20" />
        <Band BandKind="ReportHeader" Y="19.84375" Height="39.290625" />
        <Band IsVisible="false" BandKind="PageBodyHeader" />
        <Band BandKind="PageDetail" Y="59.0020833333333" Height="217.553125" />
        <Band IsVisible="false" BandKind="PageBodyFooter" />
        <Band IsVisible="false" BandKind="ReportFooter" />
        <Band BandKind="PageFooter" Y="276.754166666667" Height="20" />
      </Bands>
    </Page>
  </Pages>
  <PageSettings MarginLeft="10" MarginTop="20" MarginRight="10" MarginBottom="20" PageWidth="210" PageHeight="297" />
  <ExpressionFields />
</Report>