<Report MaxRowCount="0">
  <Pages>
    <Page Width="210" Height="297" TextVAlign="Center">
      <OrderFields />
      <Elements>
        <TextElement Text="表名" FieldKind="Master" LeftLineVisible="false" TopLineVisible="false" RightLineVisible="false" BottomLineVisible="false" BandKind="ReportHeader" X="47.4291705449422" Y="26.6916685740153" Width="100" Height="10" FontSize="20" BoldFont="true" TextHAlign="Center" TextVAlign="Center" />
        <TableElement X="9.921875" Y="40" Width="189.177083333334" Height="236.422923660278" TextVAlign="Center">
          <Rows>
            <Row X="9.921875" Y="40" Width="189.177083333334" Height="5.11432291666667" TextVAlign="Center">
              <Cells>
                <Cell OrigWidth="161.660416666667" OrigHeight="5.11432291666667" Text="开始日期" FieldKind="Master" LeftLineVisible="false" TopLineVisible="false" RightLineVisible="false" X="9.921875" Y="40" Width="161.660416666667" Height="5.11432291666667" TextColor="black" TextHAlign="Right" TextVAlign="Center" WordWrap="true" />
                <Cell OrigWidth="7.67291666666665" OrigHeight="5.11432291666667" Text="至" LeftLineVisible="false" TopLineVisible="false" RightLineVisible="false" X="171.582291666667" Y="40" Width="7.67291666666665" Height="5.11432291666667" TextColor="black" TextHAlign="Right" TextVAlign="Center" WordWrap="true" />
                <Cell OrigWidth="19.84375" OrigHeight="5.11432291666667" Text="结束日期" FieldKind="Master" LeftLineVisible="false" TopLineVisible="false" RightLineVisible="false" X="179.255208333334" Y="40" Width="19.84375" Height="5.11432291666667" TextColor="black" TextHAlign="Center" TextVAlign="Center" WordWrap="true" />
              </Cells>
            </Row>
            <Row X="9.921875" Y="45.1143229166667" Width="189.177083333333" Height="5.11432291666667" TextVAlign="Center">
              <Cells>
                <Cell OrigWidth="25.4" OrigHeight="5.11432291666667" Text="职员编号" X="9.921875" Y="45.1143229166667" Width="25.4" Height="5.11432291666667" TextHAlign="Center" TextVAlign="Center" WordWrap="true" />
                <Cell OrigWidth="20.1083333333333" OrigHeight="5.11432291666667" Text="职员全名" X="35.321875" Y="45.1143229166667" Width="20.1083333333333" Height="5.11432291666667" TextHAlign="Center" TextVAlign="Center" WordWrap="true" />
                <Cell OrigWidth="33.3375" OrigHeight="5.11432291666667" Text="销售数量" X="55.4302083333333" Y="45.1143229166667" Width="33.3375" Height="5.11432291666667" TextHAlign="Center" TextVAlign="Center" WordWrap="true" />
                <Cell OrigWidth="29.8979166666667" OrigHeight="5.11432291666667" Text="销售收入" X="88.7677083333333" Y="45.1143229166667" Width="29.8979166666667" Height="5.11432291666667" TextHAlign="Center" TextVAlign="Center" WordWrap="true" />
                <Cell OrigWidth="28.0458333333333" OrigHeight="5.11432291666667" Text="价税合计" X="118.665625" Y="45.1143229166667" Width="28.0458333333333" Height="5.11432291666667" TextHAlign="Center" TextVAlign="Center" WordWrap="true" />
                <Cell OrigWidth="22.7541666666667" OrigHeight="5" Text="销售成本" X="146.711458333333" Y="45.1143229166667" Width="22.7541666666667" Height="5.11432291666667" TextVAlign="Center" />
                <Cell OrigWidth="29.6333333333333" OrigHeight="5" Text="销售毛利" X="169.465625" Y="45.1143229166667" Width="29.6333333333333" Height="5.11432291666667" TextHAlign="Center" TextVAlign="Center" />
              </Cells>
            </Row>
            <Row X="9.921875" Y="50.2286458333333" Width="189.177083333333" Height="5.11432291666667" TextVAlign="Center">
              <Cells>
                <Cell OrigWidth="25.4" OrigHeight="5.11432291666667" Text="职员编号" FieldKind="Detail" X="9.921875" Y="50.2286458333333" Width="25.4" Height="5.11432291666667" TextColor="black" TextHAlign="Center" TextVAlign="Center" WordWrap="true" />
                <Cell OrigWidth="20.1083333333333" OrigHeight="5.11432291666667" Text="职员全名" FieldKind="Detail" X="35.321875" Y="50.2286458333333" Width="20.1083333333333" Height="5.11432291666667" TextColor="black" TextHAlign="Center" TextVAlign="Center" WordWrap="true" />
                <Cell OrigWidth="33.3375" OrigHeight="5.11432291666667" Text="销售数量" FieldKind="Detail" X="55.4302083333333" Y="50.2286458333333" Width="33.3375" Height="5.11432291666667" TextColor="black" TextHAlign="Center" TextVAlign="Center" WordWrap="true" />
                <Cell OrigWidth="29.8979166666667" OrigHeight="5.11432291666667" Text="销售收入" FieldKind="Detail" X="88.7677083333333" Y="50.2286458333333" Width="29.8979166666667" Height="5.11432291666667" TextColor="black" TextHAlign="Center" TextVAlign="Center" WordWrap="true" />
                <Cell OrigWidth="28.0458333333333" OrigHeight="5.11432291666667" Text="价税合计" FieldKind="Detail" X="118.665625" Y="50.2286458333333" Width="28.0458333333333" Height="5.11432291666667" TextColor="black" TextHAlign="Center" TextVAlign="Center" WordWrap="true" />
                <Cell OrigWidth="22.7541666666667" OrigHeight="5.11432291666667" Text="销售成本" FieldKind="Detail" X="146.711458333333" Y="50.2286458333333" Width="22.7541666666667" Height="5.11432291666667" TextColor="black" TextHAlign="Center" TextVAlign="Center" WordWrap="true" />
                <Cell OrigWidth="29.6333333333333" OrigHeight="5" Text="销售毛利" FieldKind="Detail" X="169.465625" Y="50.2286458333333" Width="29.6333333333333" Height="5.11432291666667" TextHAlign="Center" TextVAlign="Center" />
              </Cells>
            </Row>
            <Row X="9.921875" Y="55.34296875" Width="189.177083333333" Height="5" TextVAlign="Center">
              <Cells>
                <Cell OrigWidth="24.60625" OrigHeight="5" Text="" LeftLineVisible="false" RightLineVisible="false" BottomLineVisible="false" X="9.921875" Y="55.34296875" Width="24.60625" Height="5" TextColor="black" TextVAlign="Center" WordWrap="true" />
                <Cell OrigWidth="24.60625" OrigHeight="5" Text="" LeftLineVisible="false" RightLineVisible="false" BottomLineVisible="false" X="34.528125" Y="55.34296875" Width="24.60625" Height="5" TextColor="black" TextHAlign="Center" TextVAlign="Center" WordWrap="true" />
                <Cell OrigWidth="39.9520833333334" OrigHeight="5" Text="" LeftLineVisible="false" RightLineVisible="false" BottomLineVisible="false" X="59.134375" Y="55.34296875" Width="39.9520833333334" Height="5" TextColor="black" TextHAlign="Center" TextVAlign="Center" WordWrap="true" />
                <Cell OrigWidth="37.3062499999999" OrigHeight="5" Text="" LeftLineVisible="false" RightLineVisible="false" BottomLineVisible="false" X="99.0864583333334" Y="55.34296875" Width="37.3062499999999" Height="5" TextColor="black" TextHAlign="Center" TextVAlign="Center" WordWrap="true" />
                <Cell OrigWidth="43.01875" OrigHeight="5" Text="打印时间：" LeftLineVisible="false" RightLineVisible="false" BottomLineVisible="false" X="136.392708333333" Y="55.34296875" Width="43.01875" Height="5" TextColor="black" TextHAlign="Right" TextVAlign="Center" WordWrap="true" />
                <Cell OrigWidth="19.6875" OrigHeight="5" Text="日期" FieldKind="System" LeftLineVisible="false" RightLineVisible="false" BottomLineVisible="false" X="179.411458333333" Y="55.34296875" Width="19.6875" Height="5" TextColor="black" TextHAlign="Center" TextVAlign="Center" WordWrap="true" />
              </Cells>
            </Row>
            <Row X="9.921875" Y="60.34296875" Width="189.177083333333" Height="5" TextVAlign="Center">
              <Cells>
                <Cell OrigWidth="24.60625" OrigHeight="5" Text="" LeftLineVisible="false" TopLineVisible="false" RightLineVisible="false" BottomLineVisible="false" X="9.921875" Y="60.34296875" Width="24.60625" Height="5" TextColor="black" TextHAlign="Center" TextVAlign="Center" WordWrap="true" />
                <Cell OrigWidth="24.60625" OrigHeight="5" Text="" LeftLineVisible="false" TopLineVisible="false" RightLineVisible="false" BottomLineVisible="false" X="34.528125" Y="60.34296875" Width="24.60625" Height="5" TextColor="black" TextHAlign="Center" TextVAlign="Center" WordWrap="true" />
                <Cell OrigWidth="39.9520833333334" OrigHeight="5" Text="" LeftLineVisible="false" TopLineVisible="false" RightLineVisible="false" BottomLineVisible="false" X="59.134375" Y="60.34296875" Width="39.9520833333334" Height="5" TextColor="black" TextHAlign="Center" TextVAlign="Center" WordWrap="true" />
                <Cell OrigWidth="37.3062499999999" OrigHeight="5" Text="" LeftLineVisible="false" TopLineVisible="false" RightLineVisible="false" BottomLineVisible="false" X="99.0864583333334" Y="60.34296875" Width="37.3062499999999" Height="5" TextColor="black" TextHAlign="Center" TextVAlign="Center" WordWrap="true" />
                <Cell OrigWidth="62.70625" OrigHeight="5" Text="[管家婆软件]" LeftLineVisible="false" TopLineVisible="false" RightLineVisible="false" BottomLineVisible="false" X="136.392708333333" Y="60.34296875" Width="62.70625" Height="5" TextColor="black" TextHAlign="Right" TextVAlign="Center" WordWrap="true" />
              </Cells>
            </Row>
          </Rows>
        </TableElement>
        <TextElement Text="总页码" FieldKind="System" LeftLineVisible="false" TopLineVisible="false" RightLineVisible="false" BottomLineVisible="false" BandKind="PageHeader" X="175.629169972738" Y="11.5833328564962" Width="20" Height="5" TextHAlign="Right" TextVAlign="Center" />
      </Elements>
      <Bands>
        <Band IsVisible="false" TextVAlign="Center" />
        <Band BandKind="PageHeader" Height="20" TextVAlign="Center" />
        <Band BandKind="ReportHeader" Y="19.84375" Height="19.84375" TextVAlign="Center" />
        <Band IsVisible="false" BandKind="PageBodyHeader" TextVAlign="Center" />
        <Band BandKind="PageDetail" Y="39.6875" Height="237.15625" TextVAlign="Center" />
        <Band IsVisible="false" BandKind="PageBodyFooter" TextVAlign="Center" />
        <Band IsVisible="false" BandKind="ReportFooter" TextVAlign="Center" />
        <Band BandKind="PageFooter" Y="276.754166666667" Height="20" TextVAlign="Center" />
      </Bands>
    </Page>
  </Pages>
  <PageSettings MarginLeft="10" MarginTop="20" MarginRight="10" MarginBottom="20" PageWidth="210" PageHeight="297" />
  <ExpressionFields />
</Report>