<Report MaxRowCount="0">
  <Pages>
    <Page Width="210" Height="297">
      <OrderFields />
      <Elements>
        <TextElement Text="表名" FieldKind="Master" LeftLineVisible="false" TopLineVisible="false" RightLineVisible="false" BottomLineVisible="false" TextHAlign="Center" BandKind="ReportHeader" X="9.32917054494222" Y="21.9333329677582" Width="190.96250406901" Height="10.000000278155" FontSize="20" BoldFont="true" />
        <TableElement X="10" Y="47.9572916666667" Width="189.628125" Height="228.597916793823">
          <Rows>
            <Row X="10" Y="47.9572916666667" Width="189.628125" Height="5">
              <Cells>
                <Cell OrigWidth="20" OrigHeight="5" Text="单据类型" WordWrap="true" X="10" Y="47.9572916666667" Width="20" Height="5" />
                <Cell OrigWidth="20" OrigHeight="5" Text="单据日期" WordWrap="true" X="30" Y="47.9572916666667" Width="20" Height="5" />
                <Cell OrigWidth="31.0947916666667" OrigHeight="5" Text="单据编号" WordWrap="true" X="50" Y="47.9572916666667" Width="31.0947916666667" Height="5" />
                <Cell OrigWidth="22.225" OrigHeight="5" Text="往来单位" WordWrap="true" X="81.0947916666667" Y="47.9572916666667" Width="22.225" Height="5" />
                <Cell OrigWidth="22.225" OrigHeight="5" Text="开票方式" WordWrap="true" X="103.319791666667" Y="47.9572916666667" Width="22.225" Height="5" />
                <Cell OrigWidth="26.19375" OrigHeight="5" Text="单据金额" WordWrap="true" X="125.544791666667" Y="47.9572916666667" Width="26.19375" Height="5" />
                <Cell OrigWidth="26.4583333333333" OrigHeight="5" Text="已开票金额" WordWrap="true" X="151.738541666667" Y="47.9572916666667" Width="26.4583333333333" Height="5" />
                <Cell OrigWidth="21.43125" OrigHeight="5" Text="未开票金额" WordWrap="true" X="178.196875" Y="47.9572916666667" Width="21.43125" Height="5" />
              </Cells>
            </Row>
            <Row X="10" Y="52.9572916666667" Width="189.628125" Height="5">
              <Cells>
                <Cell OrigWidth="20" OrigHeight="5" Text="单据类型" FieldKind="Detail" WordWrap="true" X="10" Y="52.9572916666667" Width="20" Height="5" />
                <Cell OrigWidth="20" OrigHeight="5" Text="单据日期" FieldKind="Detail" WordWrap="true" X="30" Y="52.9572916666667" Width="20" Height="5" />
                <Cell OrigWidth="31.0947916666667" OrigHeight="5" Text="单据编号" FieldKind="Detail" WordWrap="true" X="50" Y="52.9572916666667" Width="31.0947916666667" Height="5" />
                <Cell OrigWidth="22.225" OrigHeight="5" Text="单位全名" FieldKind="Detail" WordWrap="true" X="81.0947916666667" Y="52.9572916666667" Width="22.225" Height="5" />
                <Cell OrigWidth="22.225" OrigHeight="5" Text="开票方式" FieldKind="Detail" WordWrap="true" X="103.319791666667" Y="52.9572916666667" Width="22.225" Height="5" />
                <Cell OrigWidth="26.19375" OrigHeight="5" Text="单据金额" FieldKind="Detail" WordWrap="true" X="125.544791666667" Y="52.9572916666667" Width="26.19375" Height="5" />
                <Cell OrigWidth="26.4583333333333" OrigHeight="5" Text="已开票金额" FieldKind="Detail" WordWrap="true" X="151.738541666667" Y="52.9572916666667" Width="26.4583333333333" Height="5" />
                <Cell OrigWidth="21.43125" OrigHeight="5" Text="未开票金额" FieldKind="Detail" WordWrap="true" X="178.196875" Y="52.9572916666667" Width="21.43125" Height="5" />
              </Cells>
            </Row>
            <Row X="10" Y="57.9572916666667" Width="189.628125" Height="5">
              <Cells>
                <Cell OrigWidth="20" OrigHeight="5" Text="" LeftLineVisible="false" RightLineVisible="false" BottomLineVisible="false" WordWrap="true" X="10" Y="57.9572916666667" Width="20" Height="5" />
                <Cell OrigWidth="20" OrigHeight="5" Text="" LeftLineVisible="false" RightLineVisible="false" BottomLineVisible="false" WordWrap="true" X="30" Y="57.9572916666667" Width="20" Height="5" />
                <Cell OrigWidth="31.0947916666667" OrigHeight="5" Text="" LeftLineVisible="false" RightLineVisible="false" BottomLineVisible="false" WordWrap="true" X="50" Y="57.9572916666667" Width="31.0947916666667" Height="5" />
                <Cell OrigWidth="22.225" OrigHeight="5" Text="" LeftLineVisible="false" RightLineVisible="false" BottomLineVisible="false" WordWrap="true" X="81.0947916666667" Y="57.9572916666667" Width="22.225" Height="5" />
                <Cell OrigWidth="22.225" OrigHeight="5" Text="" LeftLineVisible="false" RightLineVisible="false" BottomLineVisible="false" WordWrap="true" X="103.319791666667" Y="57.9572916666667" Width="22.225" Height="5" />
                <Cell OrigWidth="26.19375" OrigHeight="5" Text="" LeftLineVisible="false" RightLineVisible="false" BottomLineVisible="false" WordWrap="true" X="125.544791666667" Y="57.9572916666667" Width="26.19375" Height="5" />
                <Cell OrigWidth="26.4583333333333" OrigHeight="5" Text="打印时间：" LeftLineVisible="false" RightLineVisible="false" BottomLineVisible="false" WordWrap="true" X="151.738541666667" Y="57.9572916666667" Width="26.4583333333333" Height="5" />
                <Cell OrigWidth="21.43125" OrigHeight="5" Text="日期" FieldKind="System" LeftLineVisible="false" RightLineVisible="false" BottomLineVisible="false" TextHAlign="Right" WordWrap="true" X="178.196875" Y="57.9572916666667" Width="21.43125" Height="5" />
              </Cells>
            </Row>
          </Rows>
        </TableElement>
        <TextElement Text="查询方式" FieldKind="Master" LeftLineVisible="false" TopLineVisible="false" RightLineVisible="false" BottomLineVisible="false" BandKind="ReportHeader" X="102.075003306071" Y="39.0999995231628" Width="49.3687485376994" Height="5.0000001390775" />
        <TextElement Text="查询方式：" LeftLineVisible="false" TopLineVisible="false" RightLineVisible="false" BottomLineVisible="false" BandKind="ReportHeader" X="81.7020866394043" Y="39.0999995231628" Width="20" Height="5" />
        <TextElement Text="结束日期" FieldKind="Master" LeftLineVisible="false" TopLineVisible="false" RightLineVisible="false" BottomLineVisible="false" BandKind="ReportHeader" X="39.3687492688497" Y="39.0999995231628" Width="20" Height="5" />
        <TextElement Text="开始日期" FieldKind="Master" LeftLineVisible="false" TopLineVisible="false" RightLineVisible="false" BottomLineVisible="false" BandKind="ReportHeader" X="10.000000278155" Y="39.0999995231628" Width="20" Height="5" />
        <TextElement Text="至" LeftLineVisible="false" TopLineVisible="false" RightLineVisible="false" BottomLineVisible="false" TextHAlign="Center" BandKind="ReportHeader" X="29.5791659355164" Y="39.0999995231628" Width="9.68125055631002" Height="5.0000001390775" />
        <TextElement Text="总页码" FieldKind="System" LeftLineVisible="false" TopLineVisible="false" RightLineVisible="false" BottomLineVisible="false" TextHAlign="Right" BandKind="PageHeader" X="180.291674057643" Y="14.4937495231628" Width="20" Height="5" />
      </Elements>
      <Bands>
        <Band IsVisible="false" />
        <Band BandKind="PageHeader" Height="20" />
        <Band BandKind="ReportHeader" Y="19.84375" Height="27.9135416666667" />
        <Band IsVisible="false" BandKind="PageBodyHeader" />
        <Band BandKind="PageDetail" Y="47.8895833333333" Height="229.086458333333" />
        <Band IsVisible="false" BandKind="PageBodyFooter" />
        <Band IsVisible="false" BandKind="ReportFooter" />
        <Band BandKind="PageFooter" Y="276.754166666667" Height="20" />
      </Bands>
    </Page>
  </Pages>
  <PageSettings MarginLeft="10" MarginTop="20" MarginBottom="20" PageWidth="210" PageHeight="297" />
  <ExpressionFields />
</Report>