<Report IsRemoveEmptyRows="true">
  <Pages>
    <Page Width="210" Height="297">
      <OrderFields />
      <Elements>
        <TextElement Text="表名" FieldKind="Master" LeftLineVisible="false" TopLineVisible="false" RightLineVisible="false" BottomLineVisible="false" TextHAlign="Center" BandKind="ReportHeader" X="9.85833721160889" Y="21.9333349863688" Width="189.856240844727" Height="10.000000278155" FontSize="20" BoldFont="true" />
        <TableElement X="10.1864583333333" Y="54.8364622751872" Width="189.441666666667" Height="208.397922388713">
          <Rows>
            <Row X="10.1864583333333" Y="54.8364622751872" Width="189.441666666667" Height="5">
              <Cells>
                <Cell OrigWidth="44.45" OrigHeight="5" Text="费用项目" TextHAlign="Center" WordWrap="true" X="10.1864583333333" Y="54.8364622751872" Width="44.45" Height="5" />
                <Cell OrigWidth="40.7458333333333" OrigHeight="5" Text="科目编号" TextHAlign="Center" WordWrap="true" X="54.6364583333333" Y="54.8364622751872" Width="40.7458333333333" Height="5" />
                <Cell OrigWidth="52.3875000000001" OrigHeight="5" Text="会计科目" TextHAlign="Center" WordWrap="true" X="95.3822916666666" Y="54.8364622751872" Width="52.3875000000001" Height="5" />
                <Cell OrigWidth="51.8583333333332" OrigHeight="5" Text="金额" TextHAlign="Center" WordWrap="true" X="147.769791666667" Y="54.8364622751872" Width="51.8583333333332" Height="5" />
              </Cells>
            </Row>
            <Row X="10.1864583333333" Y="59.8364622751872" Width="189.441666666667" Height="5">
              <Cells>
                <Cell OrigWidth="44.45" OrigHeight="5" Text="费用项目" FieldKind="Detail" TextHAlign="Center" WordWrap="true" X="10.1864583333333" Y="59.8364622751872" Width="44.45" Height="5" />
                <Cell OrigWidth="40.7458333333333" OrigHeight="5" Text="科目编号" FieldKind="Detail" TextHAlign="Center" WordWrap="true" X="54.6364583333333" Y="59.8364622751872" Width="40.7458333333333" Height="5" />
                <Cell OrigWidth="52.3875000000001" OrigHeight="5" Text="会计科目" FieldKind="Detail" TextHAlign="Center" WordWrap="true" X="95.3822916666666" Y="59.8364622751872" Width="52.3875000000001" Height="5" />
                <Cell OrigWidth="51.8583333333332" OrigHeight="5" Text="金额" FieldKind="Detail" TextHAlign="Center" WordWrap="true" X="147.769791666667" Y="59.8364622751872" Width="51.8583333333332" Height="5" />
              </Cells>
            </Row>
            <Row X="10.1864583333333" Y="64.8364622751872" Width="189.441666666667" Height="5">
              <Cells>
                <Cell OrigWidth="44.45" OrigHeight="5" Text="合计" TextHAlign="Center" WordWrap="true" X="10.1864583333333" Y="64.8364622751872" Width="44.45" Height="5" />
                <Cell OrigWidth="40.7458333333333" OrigHeight="5" Text="" WordWrap="true" X="54.6364583333333" Y="64.8364622751872" Width="40.7458333333333" Height="5" />
                <Cell OrigWidth="52.3875000000001" OrigHeight="5" Text="" WordWrap="true" X="95.3822916666666" Y="64.8364622751872" Width="52.3875000000001" Height="5" />
                <Cell OrigWidth="51.8583333333332" OrigHeight="5" Text="金额" FieldKind="Total" TextHAlign="Center" WordWrap="true" X="147.769791666667" Y="64.8364622751872" Width="51.8583333333332" Height="5" />
              </Cells>
            </Row>
            <Row X="10.1864583333333" Y="69.8364622751872" Width="189.441666666667" Height="4.64374999999995">
              <Cells>
                <Cell OrigWidth="44.45" OrigHeight="4.64374999999995" Text="" LeftLineVisible="false" RightLineVisible="false" BottomLineVisible="false" WordWrap="true" X="10.1864583333333" Y="69.8364622751872" Width="44.45" Height="4.64374999999995" TextColor="black" />
                <Cell OrigWidth="40.7458333333333" OrigHeight="4.64374999999995" Text="" LeftLineVisible="false" RightLineVisible="false" BottomLineVisible="false" WordWrap="true" X="54.6364583333333" Y="69.8364622751872" Width="40.7458333333333" Height="4.64374999999995" TextColor="black" />
                <Cell OrigWidth="7.14375000000004" OrigHeight="4.64374999999995" Text="" LeftLineVisible="false" RightLineVisible="false" BottomLineVisible="false" WordWrap="true" X="95.3822916666666" Y="69.8364622751872" Width="7.14375000000004" Height="4.64374999999995" TextColor="black" />
                <Cell OrigWidth="45.24375" OrigHeight="4.64374999999995" Text="" LeftLineVisible="false" RightLineVisible="false" BottomLineVisible="false" WordWrap="true" X="102.526041666667" Y="69.8364622751872" Width="45.24375" Height="4.64374999999995" TextColor="black" />
                <Cell OrigWidth="30.4270833333333" OrigHeight="4.64374999999995" Text="打印时间：" LeftLineVisible="false" RightLineVisible="false" BottomLineVisible="false" WordWrap="true" X="147.769791666667" Y="69.8364622751872" Width="30.4270833333333" Height="4.64374999999995" TextColor="black" />
                <Cell OrigWidth="21.43125" OrigHeight="4.64374999999995" Text="日期" FieldKind="System" LeftLineVisible="false" RightLineVisible="false" BottomLineVisible="false" TextHAlign="Right" WordWrap="true" X="178.196875" Y="69.8364622751872" Width="21.43125" Height="4.64374999999995" TextColor="black" />
              </Cells>
            </Row>
            <Row X="10.1864583333333" Y="74.4802122751872" Width="189.441666666667" Height="5">
              <Cells>
                <Cell OrigWidth="44.45" OrigHeight="5" Text="" LeftLineVisible="false" TopLineVisible="false" RightLineVisible="false" BottomLineVisible="false" WordWrap="true" X="10.1864583333333" Y="74.4802122751872" Width="44.45" Height="5" TextColor="black" />
                <Cell OrigWidth="40.7458333333333" OrigHeight="5" Text="" LeftLineVisible="false" TopLineVisible="false" RightLineVisible="false" BottomLineVisible="false" WordWrap="true" X="54.6364583333333" Y="74.4802122751872" Width="40.7458333333333" Height="5" TextColor="black" />
                <Cell OrigWidth="7.14375000000004" OrigHeight="5" Text="" LeftLineVisible="false" TopLineVisible="false" RightLineVisible="false" BottomLineVisible="false" WordWrap="true" X="95.3822916666666" Y="74.4802122751872" Width="7.14375000000004" Height="5" TextColor="black" />
                <Cell OrigWidth="45.24375" OrigHeight="5" Text="" LeftLineVisible="false" TopLineVisible="false" RightLineVisible="false" BottomLineVisible="false" WordWrap="true" X="102.526041666667" Y="74.4802122751872" Width="45.24375" Height="5" TextColor="black" />
                <Cell OrigWidth="30.4270833333333" OrigHeight="5" Text="" LeftLineVisible="false" TopLineVisible="false" RightLineVisible="false" BottomLineVisible="false" WordWrap="true" X="147.769791666667" Y="74.4802122751872" Width="30.4270833333333" Height="5" TextColor="black" />
                <Cell OrigWidth="21.43125" OrigHeight="5" Text="[管家婆软件]" LeftLineVisible="false" TopLineVisible="false" RightLineVisible="false" BottomLineVisible="false" TextHAlign="Right" WordWrap="true" X="178.196875" Y="74.4802122751872" Width="21.43125" Height="5" TextColor="black" />
              </Cells>
            </Row>
          </Rows>
        </TableElement>
        <TextElement Text="总页码" FieldKind="System" LeftLineVisible="false" TopLineVisible="false" RightLineVisible="false" BottomLineVisible="false" TextHAlign="Right" BandKind="PageHeader" X="167.956253306071" Y="15.0000004172325" Width="32.4354172229767" Height="5.0000001390775" />
        <TextElement Text="制单日期" FieldKind="Master" LeftLineVisible="false" TopLineVisible="false" RightLineVisible="false" BottomLineVisible="false" BandKind="ReportHeader" X="91.4916699727376" Y="35.3958328564962" Width="37.7270818710327" Height="5.0000001390775" />
        <TextElement Text="录单日期：" LeftLineVisible="false" TopLineVisible="false" RightLineVisible="false" BottomLineVisible="false" BandKind="ReportHeader" X="71.118753306071" Y="35.3958328564962" Width="20.00000055631" Height="5.0000001390775" />
        <TextElement Text="制单人" FieldKind="Master" LeftLineVisible="false" TopLineVisible="false" RightLineVisible="false" BottomLineVisible="false" BandKind="ReportHeader" X="30.6374992688497" Y="35.3958328564962" Width="36.9333318710327" Height="5.0000001390775" />
        <TextElement Text="制 单 人：" LeftLineVisible="false" TopLineVisible="false" RightLineVisible="false" BottomLineVisible="false" BandKind="ReportHeader" X="10.793750278155" Y="35.3958328564962" Width="20" Height="5" />
        <TextElement Text="单据编号" FieldKind="Master" LeftLineVisible="false" TopLineVisible="false" RightLineVisible="false" BottomLineVisible="false" BandKind="ReportHeader" X="151.022919972738" Y="35.3958328564962" Width="47.516665204366" Height="5.0000001390775" />
        <TextElement Text="单据编号：" LeftLineVisible="false" TopLineVisible="false" RightLineVisible="false" BottomLineVisible="false" BandKind="ReportHeader" X="131.179169972738" Y="35.3958328564962" Width="20" Height="5" />
        <TextElement Text="加工单号" FieldKind="Master" LeftLineVisible="false" TopLineVisible="false" RightLineVisible="false" BottomLineVisible="false" BandKind="ReportHeader" X="30.6374992688497" Y="45.1854161898295" Width="36.6687485376994" Height="5.0000001390775" />
        <TextElement Text="加工单号：" LeftLineVisible="false" TopLineVisible="false" RightLineVisible="false" BottomLineVisible="false" BandKind="ReportHeader" X="10.793750278155" Y="45.4499995231628" Width="20" Height="5" />
        <TextElement Text="加工单位" FieldKind="Master" LeftLineVisible="false" TopLineVisible="false" RightLineVisible="false" BottomLineVisible="false" BandKind="ReportHeader" X="30.902082602183" Y="40.3958345095317" Width="36.6687485376994" Height="5.0000001390775" />
        <TextElement Text="加工单位：" LeftLineVisible="false" TopLineVisible="false" RightLineVisible="false" BottomLineVisible="false" BandKind="ReportHeader" X="10.793750278155" Y="40.3958345095317" Width="20" Height="5" />
        <TextElement Text="经 办 人" FieldKind="Master" LeftLineVisible="false" TopLineVisible="false" RightLineVisible="false" BottomLineVisible="false" BandKind="ReportHeader" X="91.2270866394043" Y="40.6874995231628" Width="37.9916652043661" Height="5.0000001390775" />
        <TextElement Text="经办人：" LeftLineVisible="false" TopLineVisible="false" RightLineVisible="false" BottomLineVisible="false" BandKind="ReportHeader" X="71.2270860830943" Y="40.3958345095317" Width="20" Height="5" />
        <TextElement Text="合 同 号" FieldKind="Master" LeftLineVisible="false" TopLineVisible="false" RightLineVisible="false" BottomLineVisible="false" BandKind="ReportHeader" X="151.022919972738" Y="40.3958345095317" Width="47.7812485376994" Height="5.0000001390775" />
        <TextElement Text="合同号：" LeftLineVisible="false" TopLineVisible="false" RightLineVisible="false" BottomLineVisible="false" BandKind="ReportHeader" X="130.914586639404" Y="40.3958329955737" Width="20" Height="5" />
      </Elements>
      <Bands>
        <Band IsVisible="false" />
        <Band BandKind="PageHeader" Height="20" />
        <Band BandKind="ReportHeader" Y="19.84375" Height="34.2635416666667" />
        <Band IsVisible="false" BandKind="PageBodyHeader" />
        <Band BandKind="PageDetail" Y="54.2395833333333" Height="222.736458333333" />
        <Band IsVisible="false" BandKind="PageBodyFooter" />
        <Band IsVisible="false" BandKind="ReportFooter" />
        <Band BandKind="PageFooter" Y="276.754166666667" Height="20" />
      </Bands>
    </Page>
  </Pages>
  <PageSettings MarginLeft="10" MarginTop="20" MarginRight="10" MarginBottom="20" PageWidth="210" PageHeight="297" />
  <ExpressionFields />
</Report>