<Report MaxRowCount="0">
  <Pages>
    <Page Width="210" Height="297" TextVAlign="Center">
      <OrderFields />
      <Elements>
        <TextElement Text="表名" FieldKind="Master" LeftLineWidth="3" LeftLineColor="#FFFFFF" TopLineVisible="false" TopLineWidth="0" TopLineColor="#FFFFFF" RightLineVisible="false" RightLineWidth="0" RightLineColor="#FFFFFF" BottomLineVisible="false" BottomLineWidth="0" BottomLineColor="#FFFFFF" DecimalDigits="0" BandKind="ReportHeader" X="10.1229205449422" Y="24.5791663010915" Width="190.195835749308" Height="10.000000278155" FontSize="20" BoldFont="true" TextHAlign="Center" TextVAlign="Top" />
        <TableElement X="36.9874992688497" Y="40.00000111262" Width="140.324997456868" Height="236.15832417806" TextVAlign="Center">
          <Rows>
            <Row X="36.9874992688497" Y="40.00000111262" Width="140.324997456868" Height="5" TextVAlign="Center">
              <Cells>
                <Cell CellWidth="3.4" OrigWidth="24.497918510437" OrigHeight="5" Text="行号" DecimalDigits="0" X="36.9874992688497" Y="40.00000111262" Width="24.497918510437" Height="5" TextVAlign="Center" WordWrap="true" />
                <Cell CellWidth="3.4" OrigWidth="24.2333318710327" OrigHeight="5" Text="存货编号" DecimalDigits="0" X="61.4854177792867" Y="40.00000111262" Width="24.2333318710327" Height="5" TextVAlign="Center" WordWrap="true" />
                <Cell CellWidth="3.4" OrigWidth="26.879165204366" OrigHeight="5" Text="存货全名" DecimalDigits="0" X="85.7187496503194" Y="40.00000111262" Width="26.879165204366" Height="5" TextVAlign="Center" WordWrap="true" />
                <Cell CellWidth="3.4" OrigWidth="33.7583318710327" OrigHeight="5" Text="计量单位" DecimalDigits="0" X="112.597914854685" Y="40.00000111262" Width="33.7583318710327" Height="5" TextVAlign="Center" WordWrap="true" />
                <Cell CellWidth="3.4" OrigWidth="30.95625" OrigHeight="5" Text="协议价" DecimalDigits="0" X="146.356246725718" Y="40.00000111262" Width="30.95625" Height="5" TextVAlign="Center" WordWrap="true" />
              </Cells>
            </Row>
            <Row X="36.9874992688497" Y="45.00000111262" Width="140.324997456868" Height="5" TextVAlign="Center">
              <Cells>
                <Cell CellWidth="3.4" OrigWidth="24.497918510437" OrigHeight="5" Text="行号" FieldKind="Detail" DecimalDigits="0" X="36.9874992688497" Y="45.00000111262" Width="24.497918510437" Height="5" TextVAlign="Center" WordWrap="true" />
                <Cell CellWidth="3.4" OrigWidth="24.2333318710327" OrigHeight="5" Text="存货编号" FieldKind="Detail" DecimalDigits="0" X="61.4854177792867" Y="45.00000111262" Width="24.2333318710327" Height="5" TextVAlign="Center" WordWrap="true" />
                <Cell CellWidth="3.4" OrigWidth="26.879165204366" OrigHeight="5" Text="存货全名" FieldKind="Detail" DecimalDigits="0" X="85.7187496503194" Y="45.00000111262" Width="26.879165204366" Height="5" TextVAlign="Center" WordWrap="true" />
                <Cell CellWidth="3.4" OrigWidth="33.7583318710327" OrigHeight="5" Text="计量单位" FieldKind="Detail" DecimalDigits="0" X="112.597914854685" Y="45.00000111262" Width="33.7583318710327" Height="5" TextVAlign="Center" WordWrap="true" />
                <Cell CellWidth="3.4" OrigWidth="30.95625" OrigHeight="5" Text="协议价" FieldKind="Detail" DecimalDigits="0" X="146.356246725718" Y="45.00000111262" Width="30.95625" Height="5" TextVAlign="Center" WordWrap="true" />
              </Cells>
            </Row>
            <Row X="36.9874992688497" Y="50.00000111262" Width="140.324997456868" Height="5" TextVAlign="Center">
              <Cells>
                <Cell CellWidth="3.4" OrigWidth="24.497918510437" OrigHeight="5" Text="" LeftLineVisible="false" BottomLineVisible="false" DecimalDigits="0" X="36.9874992688497" Y="50.00000111262" Width="24.497918510437" Height="5" TextColor="black" TextVAlign="Center" WordWrap="true" />
                <Cell CellWidth="3.4" OrigWidth="24.2333318710327" OrigHeight="5" Text="" LeftLineVisible="false" BottomLineVisible="false" DecimalDigits="0" X="61.4854177792867" Y="50.00000111262" Width="24.2333318710327" Height="5" TextColor="black" TextVAlign="Center" WordWrap="true" />
                <Cell CellWidth="3.4" OrigWidth="26.879165204366" OrigHeight="5" Text="" LeftLineVisible="false" RightLineVisible="false" BottomLineVisible="false" DecimalDigits="0" X="85.7187496503194" Y="50.00000111262" Width="26.879165204366" Height="5" TextColor="black" TextVAlign="Center" WordWrap="true" />
                <Cell CellWidth="3.4" OrigWidth="46.722915204366" OrigHeight="5" Text="打印时间：" LeftLineVisible="false" RightLineVisible="false" BottomLineVisible="false" DecimalDigits="0" X="112.597914854685" Y="50.00000111262" Width="46.722915204366" Height="5" TextColor="black" TextHAlign="Right" TextVAlign="Center" WordWrap="true" />
                <Cell CellWidth="3.4" OrigWidth="17.9916666666667" OrigHeight="5" Text="日期" FieldKind="System" LeftLineVisible="false" RightLineVisible="false" BottomLineVisible="false" DecimalDigits="0" X="159.320830059051" Y="50.00000111262" Width="17.9916666666667" Height="5" TextColor="black" TextVAlign="Center" WordWrap="true" />
              </Cells>
            </Row>
            <Row X="36.9874992688497" Y="55.00000111262" Width="140.324997456868" Height="5" TextVAlign="Center">
              <Cells>
                <Cell CellWidth="3.4" OrigWidth="24.497918510437" OrigHeight="5" Text="" LeftLineVisible="false" TopLineVisible="false" BottomLineVisible="false" DecimalDigits="0" X="36.9874992688497" Y="55.00000111262" Width="24.497918510437" Height="5" TextColor="black" TextVAlign="Center" WordWrap="true" />
                <Cell CellWidth="3.4" OrigWidth="24.2333318710327" OrigHeight="5" Text="" LeftLineVisible="false" TopLineVisible="false" BottomLineVisible="false" DecimalDigits="0" X="61.4854177792867" Y="55.00000111262" Width="24.2333318710327" Height="5" TextColor="black" TextVAlign="Center" WordWrap="true" />
                <Cell CellWidth="3.4" OrigWidth="26.879165204366" OrigHeight="5" Text="" LeftLineVisible="false" TopLineVisible="false" BottomLineVisible="false" DecimalDigits="0" X="85.7187496503194" Y="55.00000111262" Width="26.879165204366" Height="5" TextColor="black" TextVAlign="Center" WordWrap="true" />
                <Cell CellWidth="3.4" OrigWidth="33.7583318710327" OrigHeight="5" Text="" LeftLineVisible="false" TopLineVisible="false" RightLineVisible="false" BottomLineVisible="false" DecimalDigits="0" X="112.597914854685" Y="55.00000111262" Width="33.7583318710327" Height="5" TextColor="black" TextVAlign="Center" WordWrap="true" />
                <Cell CellWidth="3.4" OrigWidth="30.95625" OrigHeight="5" Text="[管家婆软件]" LeftLineVisible="false" TopLineVisible="false" RightLineVisible="false" BottomLineVisible="false" DecimalDigits="0" X="146.356246725718" Y="55.00000111262" Width="30.95625" Height="5" TextColor="black" TextHAlign="Right" TextVAlign="Center" WordWrap="true" />
              </Cells>
            </Row>
          </Rows>
        </TableElement>
        <TextElement Text="总页码" FieldKind="System" LeftLineVisible="false" TopLineVisible="false" RightLineVisible="false" BottomLineVisible="false" DecimalDigits="0" BandKind="PageHeader" X="180.31875573794" Y="15.08125" Width="20" Height="5" TextHAlign="Right" TextVAlign="Center" />
      </Elements>
      <Bands>
        <Band IsVisible="false" TextVAlign="Center" />
        <Band BandKind="PageHeader" Height="20" TextVAlign="Center" />
        <Band BandKind="ReportHeader" Y="19.84375" Height="20" TextVAlign="Center" />
        <Band IsVisible="false" BandKind="PageBodyHeader" TextVAlign="Center" />
        <Band BandKind="PageDetail" Y="39.9520833333333" Height="237" TextVAlign="Center" />
        <Band IsVisible="false" BandKind="PageBodyFooter" TextVAlign="Center" />
        <Band IsVisible="false" BandKind="ReportFooter" TextVAlign="Center" />
        <Band BandKind="PageFooter" Y="276.754166666667" Height="20" TextVAlign="Center" />
      </Bands>
    </Page>
  </Pages>
  <PageSettings MarginLeft="10" MarginTop="20" MarginRight="10" MarginBottom="20" PageWidth="210" PageHeight="297" MaxRowCount="0" />
  <ExpressionFields />
</Report>