<Report MaxRowCount="0">
  <Pages>
    <Page Width="210" Height="297" TextVAlign="Center">
      <OrderFields />
      <Elements>
        <TextElement Text="财贸双全-估价入库一览表" LeftLineWidth="3" LeftLineColor="#FFFFFF" TopLineVisible="false" TopLineWidth="0" TopLineColor="#FFFFFF" RightLineVisible="false" RightLineWidth="0" RightLineColor="#FFFFFF" BottomLineVisible="false" BottomLineWidth="0" BottomLineColor="#FFFFFF" DecimalDigits="0" X="85" Y="5" Width="161" Height="10" FontSize="20" BoldFont="true" TextVAlign="Center" />
        <TableElement X="10" Y="40" Width="190" Height="237" TextVAlign="Center">
          <Rows>
            <Row Height="5" TextVAlign="Center">
              <Cells>
                <Cell OrigWidth="20" OrigHeight="5" Text="行号" DecimalDigits="0" Width="20" Height="5" TextVAlign="Center" WordWrap="true" />
                <Cell OrigWidth="20" OrigHeight="5" Text="单据编号" DecimalDigits="0" X="20" Width="20" Height="5" TextVAlign="Center" WordWrap="true" />
                <Cell OrigWidth="20" OrigHeight="5" Text="制单日期" DecimalDigits="0" X="40" Width="20" Height="5" TextVAlign="Center" WordWrap="true" />
                <Cell OrigWidth="20" OrigHeight="5" Text="存货编号" DecimalDigits="0" X="60" Width="20" Height="5" TextVAlign="Center" WordWrap="true" />
                <Cell OrigWidth="20" OrigHeight="5" Text="存货全名" DecimalDigits="0" X="80" Width="20" Height="5" TextVAlign="Center" WordWrap="true" />
                <Cell OrigWidth="20" OrigHeight="5" Text="仓库编号" DecimalDigits="0" X="100" Width="20" Height="5" TextVAlign="Center" WordWrap="true" />
                <Cell OrigWidth="20" OrigHeight="5" Text="仓库全名" DecimalDigits="0" X="120" Width="20" Height="5" TextVAlign="Center" WordWrap="true" />
                <Cell OrigWidth="20" OrigHeight="5" Text="部门编号" DecimalDigits="0" X="140" Width="20" Height="5" TextVAlign="Center" WordWrap="true" />
                <Cell OrigWidth="20" OrigHeight="5" Text="部门全名" DecimalDigits="0" X="160" Width="20" Height="5" TextVAlign="Center" WordWrap="true" />
                <Cell OrigWidth="20" OrigHeight="5" Text="供应商编号" DecimalDigits="0" X="180" Width="20" Height="5" TextVAlign="Center" WordWrap="true" />
                <Cell OrigWidth="20" OrigHeight="5" Text="供应商全名" DecimalDigits="0" X="200" Width="20" Height="5" TextVAlign="Center" WordWrap="true" />
                <Cell OrigWidth="20" OrigHeight="5" Text="估入数量" DecimalDigits="0" X="220" Width="20" Height="5" TextVAlign="Center" WordWrap="true" />
                <Cell OrigWidth="20" OrigHeight="5" Text="冲回数量" DecimalDigits="0" X="240" Width="20" Height="5" TextVAlign="Center" WordWrap="true" />
                <Cell OrigWidth="20" OrigHeight="5" Text="金额" DecimalDigits="0" X="260" Width="20" Height="5" TextVAlign="Center" WordWrap="true" />
                <Cell OrigWidth="20" OrigHeight="5" Text="自定义1全名" DecimalDigits="0" X="280" Width="20" Height="5" TextVAlign="Center" WordWrap="true" />
                <Cell OrigWidth="20" OrigHeight="5" Text="自定义2全名" DecimalDigits="0" X="300" Width="20" Height="5" TextVAlign="Center" WordWrap="true" />
                <Cell OrigWidth="20" OrigHeight="5" Text="自由项1" DecimalDigits="0" X="320" Width="20" Height="5" TextVAlign="Center" WordWrap="true" />
                <Cell OrigWidth="20" OrigHeight="5" Text="自由项2" DecimalDigits="0" X="340" Width="20" Height="5" TextVAlign="Center" WordWrap="true" />
                <Cell OrigWidth="20" OrigHeight="5" Text="自由项3" DecimalDigits="0" X="360" Width="20" Height="5" TextVAlign="Center" WordWrap="true" />
                <Cell OrigWidth="20" OrigHeight="5" Text="自由项4" DecimalDigits="0" X="380" Width="20" Height="5" TextVAlign="Center" WordWrap="true" />
                <Cell OrigWidth="20" OrigHeight="5" Text="自由项5" DecimalDigits="0" X="400" Width="20" Height="5" TextVAlign="Center" WordWrap="true" />
              </Cells>
            </Row>
            <Row Height="5" TextVAlign="Center">
              <Cells>
                <Cell OrigWidth="20" OrigHeight="5" Text="行号" FieldKind="Detail" DecimalDigits="0" Width="20" Height="5" TextVAlign="Center" WordWrap="true" />
                <Cell OrigWidth="20" OrigHeight="5" Text="单据编号" FieldKind="Detail" DecimalDigits="0" X="20" Width="20" Height="5" TextVAlign="Center" WordWrap="true" />
                <Cell OrigWidth="20" OrigHeight="5" Text="制单日期" FieldKind="Detail" DecimalDigits="0" X="40" Width="20" Height="5" TextVAlign="Center" WordWrap="true" />
                <Cell OrigWidth="20" OrigHeight="5" Text="存货编号" FieldKind="Detail" DecimalDigits="0" X="60" Width="20" Height="5" TextVAlign="Center" WordWrap="true" />
                <Cell OrigWidth="20" OrigHeight="5" Text="存货全名" FieldKind="Detail" DecimalDigits="0" X="80" Width="20" Height="5" TextVAlign="Center" WordWrap="true" />
                <Cell OrigWidth="20" OrigHeight="5" Text="仓库编号" FieldKind="Detail" DecimalDigits="0" X="100" Width="20" Height="5" TextVAlign="Center" WordWrap="true" />
                <Cell OrigWidth="20" OrigHeight="5" Text="仓库全名" FieldKind="Detail" DecimalDigits="0" X="120" Width="20" Height="5" TextVAlign="Center" WordWrap="true" />
                <Cell OrigWidth="20" OrigHeight="5" Text="部门编号" FieldKind="Detail" DecimalDigits="0" X="140" Width="20" Height="5" TextVAlign="Center" WordWrap="true" />
                <Cell OrigWidth="20" OrigHeight="5" Text="部门全名" FieldKind="Detail" DecimalDigits="0" X="160" Width="20" Height="5" TextVAlign="Center" WordWrap="true" />
                <Cell OrigWidth="20" OrigHeight="5" Text="供应商编号" FieldKind="Detail" DecimalDigits="0" X="180" Width="20" Height="5" TextVAlign="Center" WordWrap="true" />
                <Cell OrigWidth="20" OrigHeight="5" Text="供应商全名" FieldKind="Detail" DecimalDigits="0" X="200" Width="20" Height="5" TextVAlign="Center" WordWrap="true" />
                <Cell OrigWidth="20" OrigHeight="5" Text="估入数量" FieldKind="Detail" DecimalDigits="0" X="220" Width="20" Height="5" TextVAlign="Center" WordWrap="true" />
                <Cell OrigWidth="20" OrigHeight="5" Text="冲回数量" FieldKind="Detail" DecimalDigits="0" X="240" Width="20" Height="5" TextVAlign="Center" WordWrap="true" />
                <Cell OrigWidth="20" OrigHeight="5" Text="金额" FieldKind="Detail" DecimalDigits="0" X="260" Width="20" Height="5" TextVAlign="Center" WordWrap="true" />
                <Cell OrigWidth="20" OrigHeight="5" Text="自定义1全名" FieldKind="Detail" DecimalDigits="0" X="280" Width="20" Height="5" TextVAlign="Center" WordWrap="true" />
                <Cell OrigWidth="20" OrigHeight="5" Text="自定义2全名" FieldKind="Detail" DecimalDigits="0" X="300" Width="20" Height="5" TextVAlign="Center" WordWrap="true" />
                <Cell OrigWidth="20" OrigHeight="5" Text="自由项1" FieldKind="Detail" DecimalDigits="0" X="320" Width="20" Height="5" TextVAlign="Center" WordWrap="true" />
                <Cell OrigWidth="20" OrigHeight="5" Text="自由项2" FieldKind="Detail" DecimalDigits="0" X="340" Width="20" Height="5" TextVAlign="Center" WordWrap="true" />
                <Cell OrigWidth="20" OrigHeight="5" Text="自由项3" FieldKind="Detail" DecimalDigits="0" X="360" Width="20" Height="5" TextVAlign="Center" WordWrap="true" />
                <Cell OrigWidth="20" OrigHeight="5" Text="自由项4" FieldKind="Detail" DecimalDigits="0" X="380" Width="20" Height="5" TextVAlign="Center" WordWrap="true" />
                <Cell OrigWidth="20" OrigHeight="5" Text="自由项5" FieldKind="Detail" DecimalDigits="0" X="400" Width="20" Height="5" TextVAlign="Center" WordWrap="true" />
              </Cells>
            </Row>
            <Row Height="5" TextVAlign="Center">
              <Cells>
                <Cell OrigWidth="20" OrigHeight="5" Text="合计" DecimalDigits="0" Width="20" Height="5" TextVAlign="Center" WordWrap="true" />
                <Cell OrigWidth="20" OrigHeight="5" Text="" DecimalDigits="0" X="20" Width="20" Height="5" TextVAlign="Center" WordWrap="true" />
                <Cell OrigWidth="20" OrigHeight="5" Text="" DecimalDigits="0" X="40" Width="20" Height="5" TextVAlign="Center" WordWrap="true" />
                <Cell OrigWidth="20" OrigHeight="5" Text="" DecimalDigits="0" X="60" Width="20" Height="5" TextVAlign="Center" WordWrap="true" />
                <Cell OrigWidth="20" OrigHeight="5" Text="" DecimalDigits="0" X="80" Width="20" Height="5" TextVAlign="Center" WordWrap="true" />
                <Cell OrigWidth="20" OrigHeight="5" Text="" DecimalDigits="0" X="100" Width="20" Height="5" TextVAlign="Center" WordWrap="true" />
                <Cell OrigWidth="20" OrigHeight="5" Text="" DecimalDigits="0" X="120" Width="20" Height="5" TextVAlign="Center" WordWrap="true" />
                <Cell OrigWidth="20" OrigHeight="5" Text="" DecimalDigits="0" X="140" Width="20" Height="5" TextVAlign="Center" WordWrap="true" />
                <Cell OrigWidth="20" OrigHeight="5" Text="" DecimalDigits="0" X="160" Width="20" Height="5" TextVAlign="Center" WordWrap="true" />
                <Cell OrigWidth="20" OrigHeight="5" Text="" DecimalDigits="0" X="180" Width="20" Height="5" TextVAlign="Center" WordWrap="true" />
                <Cell OrigWidth="20" OrigHeight="5" Text="" DecimalDigits="0" X="200" Width="20" Height="5" TextVAlign="Center" WordWrap="true" />
                <Cell OrigWidth="20" OrigHeight="5" Text="" DecimalDigits="0" X="220" Width="20" Height="5" TextVAlign="Center" WordWrap="true" />
                <Cell OrigWidth="20" OrigHeight="5" Text="" DecimalDigits="0" X="240" Width="20" Height="5" TextVAlign="Center" WordWrap="true" />
                <Cell OrigWidth="20" OrigHeight="5" Text="" DecimalDigits="0" X="260" Width="20" Height="5" TextVAlign="Center" WordWrap="true" />
                <Cell OrigWidth="20" OrigHeight="5" Text="" DecimalDigits="0" X="280" Width="20" Height="5" TextVAlign="Center" WordWrap="true" />
                <Cell OrigWidth="20" OrigHeight="5" Text="" DecimalDigits="0" X="300" Width="20" Height="5" TextVAlign="Center" WordWrap="true" />
                <Cell OrigWidth="20" OrigHeight="5" Text="" DecimalDigits="0" X="320" Width="20" Height="5" TextVAlign="Center" WordWrap="true" />
                <Cell OrigWidth="20" OrigHeight="5" Text="" DecimalDigits="0" X="340" Width="20" Height="5" TextVAlign="Center" WordWrap="true" />
                <Cell OrigWidth="20" OrigHeight="5" Text="" DecimalDigits="0" X="360" Width="20" Height="5" TextVAlign="Center" WordWrap="true" />
                <Cell OrigWidth="20" OrigHeight="5" Text="" DecimalDigits="0" X="380" Width="20" Height="5" TextVAlign="Center" WordWrap="true" />
                <Cell OrigWidth="20" OrigHeight="5" Text="" DecimalDigits="0" X="400" Width="20" Height="5" TextVAlign="Center" WordWrap="true" />
              </Cells>
            </Row>
          </Rows>
        </TableElement>
      </Elements>
      <Bands>
        <Band IsVisible="false" TextVAlign="Center" />
        <Band BandKind="PageHeader" Height="20" TextVAlign="Center" />
        <Band BandKind="ReportHeader" Y="20" Height="20" TextVAlign="Center" />
        <Band IsVisible="false" BandKind="PageBodyHeader" TextVAlign="Center" />
        <Band BandKind="PageDetail" Y="40" Height="237" TextVAlign="Center" />
        <Band IsVisible="false" BandKind="PageBodyFooter" TextVAlign="Center" />
        <Band IsVisible="false" BandKind="ReportFooter" Height="20" TextVAlign="Center" />
        <Band BandKind="PageFooter" Y="277" Height="20" TextVAlign="Center" />
      </Bands>
    </Page>
  </Pages>
  <PageSettings MarginLeft="10" MarginTop="20" MarginBottom="20" PageWidth="210" PageHeight="297" />
  <ExpressionFields />
</Report>