<Report MaxRowCount="0">
  <Pages>
    <Page Width="210" Height="297">
      <OrderFields />
      <Elements>
        <TextElement Text="表名" FieldKind="Master" LeftLineVisible="false" TopLineVisible="false" RightLineVisible="false" BottomLineVisible="false" TextHAlign="Center" BandKind="ReportHeader" X="9.32917054494222" Y="24.7354168574015" Width="190.758333714803" Height="10.000000278155" FontSize="25" BoldFont="true" />
        <TableElement X="10" Y="40" Width="189.892708333333" Height="236.023949305216">
          <Rows>
            <Row X="10" Y="40" Width="189.892708333333" Height="7">
              <Cells>
                <Cell OrigWidth="28.2322916666667" OrigHeight="7" Text="" LeftLineVisible="false" TopLineVisible="false" RightLineVisible="false" BottomLineVisible="false" TextHAlign="Center" WordWrap="true" X="10" Y="40" Width="28.2322916666667" Height="7" TextColor="black" />
                <Cell OrigWidth="31.4854166666666" OrigHeight="7" Text="" LeftLineVisible="false" TopLineVisible="false" RightLineVisible="false" BottomLineVisible="false" WordWrap="true" X="38.2322916666667" Y="40" Width="31.4854166666666" Height="7" TextColor="black" />
                <Cell OrigWidth="5.02708333333334" OrigHeight="7" Text="" LeftLineVisible="false" TopLineVisible="false" RightLineVisible="false" BottomLineVisible="false" TextHAlign="Center" WordWrap="true" X="69.7177083333333" Y="40" Width="5.02708333333334" Height="7" TextColor="black" />
                <Cell OrigWidth="28.0458333333334" OrigHeight="7" Text="" LeftLineVisible="false" TopLineVisible="false" RightLineVisible="false" BottomLineVisible="false" TextHAlign="Center" WordWrap="true" X="74.7447916666666" Y="40" Width="28.0458333333334" Height="7" TextColor="black" />
                <Cell OrigWidth="32.2791666666665" OrigHeight="7" Text="" LeftLineVisible="false" TopLineVisible="false" RightLineVisible="false" BottomLineVisible="false" WordWrap="true" X="102.790625" Y="40" Width="32.2791666666665" Height="7" TextColor="black" />
                <Cell OrigWidth="4.4979166666667" OrigHeight="7" Text="" LeftLineVisible="false" TopLineVisible="false" RightLineVisible="false" BottomLineVisible="false" TextHAlign="Center" WordWrap="true" X="135.069791666667" Y="40" Width="4.4979166666667" Height="7" TextColor="black" />
                <Cell OrigWidth="20.1083333333333" OrigHeight="7" Text="" LeftLineVisible="false" TopLineVisible="false" RightLineVisible="false" BottomLineVisible="false" TextHAlign="Center" WordWrap="true" X="139.567708333333" Y="40" Width="20.1083333333333" Height="7" TextColor="black" />
                <Cell OrigWidth="40.2166666666663" OrigHeight="7" Text="" LeftLineVisible="false" TopLineVisible="false" RightLineVisible="false" BottomLineVisible="false" WordWrap="true" X="159.676041666667" Y="40" Width="40.2166666666663" Height="7" TextColor="black" />
              </Cells>
            </Row>
            <Row X="10" Y="47" Width="189.892708333333" Height="7">
              <Cells>
                <Cell OrigWidth="28.2322916666667" OrigHeight="7" Text="制 单 人：" LeftLineVisible="false" TopLineVisible="false" RightLineVisible="false" BottomLineVisible="false" TextHAlign="Center" WordWrap="true" X="10" Y="47" Width="28.2322916666667" Height="7" TextColor="black" />
                <Cell OrigWidth="31.4854166666666" OrigHeight="7" Text="操作员" FieldKind="Master" LeftLineVisible="false" TopLineVisible="false" RightLineVisible="false" BottomLineVisible="false" WordWrap="true" X="38.2322916666667" Y="47" Width="31.4854166666666" Height="7" TextColor="black" />
                <Cell OrigWidth="5.02708333333334" OrigHeight="7" Text="" LeftLineVisible="false" TopLineVisible="false" RightLineVisible="false" BottomLineVisible="false" TextHAlign="Center" WordWrap="true" X="69.7177083333333" Y="47" Width="5.02708333333334" Height="7" TextColor="black" />
                <Cell OrigWidth="28.0458333333334" OrigHeight="7" Text="制单日期：" LeftLineVisible="false" TopLineVisible="false" RightLineVisible="false" BottomLineVisible="false" TextHAlign="Center" WordWrap="true" X="74.7447916666666" Y="47" Width="28.0458333333334" Height="7" TextColor="black" />
                <Cell OrigWidth="32.2791666666665" OrigHeight="7" Text="制单日期" FieldKind="Master" LeftLineVisible="false" TopLineVisible="false" RightLineVisible="false" BottomLineVisible="false" WordWrap="true" X="102.790625" Y="47" Width="32.2791666666665" Height="7" TextColor="black" />
                <Cell OrigWidth="4.4979166666667" OrigHeight="7" Text="" LeftLineVisible="false" TopLineVisible="false" RightLineVisible="false" BottomLineVisible="false" TextHAlign="Center" WordWrap="true" X="135.069791666667" Y="47" Width="4.4979166666667" Height="7" TextColor="black" />
                <Cell OrigWidth="20.1083333333333" OrigHeight="7" Text="单据编号：" LeftLineVisible="false" TopLineVisible="false" RightLineVisible="false" BottomLineVisible="false" TextHAlign="Center" WordWrap="true" X="139.567708333333" Y="47" Width="20.1083333333333" Height="7" TextColor="black" />
                <Cell OrigWidth="40.2166666666663" OrigHeight="7" Text="单据编号" FieldKind="Master" LeftLineVisible="false" TopLineVisible="false" RightLineVisible="false" BottomLineVisible="false" WordWrap="true" X="159.676041666667" Y="47" Width="40.2166666666663" Height="7" TextColor="black" />
              </Cells>
            </Row>
            <Row X="10" Y="54" Width="189.892708333333" Height="7">
              <Cells>
                <Cell OrigWidth="28.2322916666667" OrigHeight="7" Text="产 成 品：" LeftLineVisible="false" TopLineVisible="false" RightLineVisible="false" BottomLineVisible="false" TextHAlign="Center" WordWrap="true" X="10" Y="54" Width="28.2322916666667" Height="7" TextColor="black" />
                <Cell OrigWidth="31.4854166666666" OrigHeight="7" Text="产 成 品" FieldKind="Master" LeftLineVisible="false" TopLineVisible="false" RightLineVisible="false" BottomLineVisible="false" WordWrap="true" X="38.2322916666667" Y="54" Width="31.4854166666666" Height="7" TextColor="black" />
                <Cell OrigWidth="5.02708333333334" OrigHeight="7" Text="" LeftLineVisible="false" TopLineVisible="false" RightLineVisible="false" BottomLineVisible="false" TextHAlign="Center" WordWrap="true" X="69.7177083333333" Y="54" Width="5.02708333333334" Height="7" TextColor="black" />
                <Cell OrigWidth="28.0458333333334" OrigHeight="7" Text="数    量：" LeftLineVisible="false" TopLineVisible="false" RightLineVisible="false" BottomLineVisible="false" TextHAlign="Center" WordWrap="true" X="74.7447916666666" Y="54" Width="28.0458333333334" Height="7" TextColor="black" />
                <Cell OrigWidth="32.2791666666665" OrigHeight="7" Text="数    量" FieldKind="Master" LeftLineVisible="false" TopLineVisible="false" RightLineVisible="false" BottomLineVisible="false" WordWrap="true" X="102.790625" Y="54" Width="32.2791666666665" Height="7" TextColor="black" />
                <Cell OrigWidth="4.4979166666667" OrigHeight="7" Text="" LeftLineVisible="false" TopLineVisible="false" RightLineVisible="false" BottomLineVisible="false" TextHAlign="Center" WordWrap="true" X="135.069791666667" Y="54" Width="4.4979166666667" Height="7" TextColor="black" />
                <Cell OrigWidth="20.1083333333333" OrigHeight="7" Text="基本单位：" LeftLineVisible="false" TopLineVisible="false" RightLineVisible="false" BottomLineVisible="false" TextHAlign="Center" WordWrap="true" X="139.567708333333" Y="54" Width="20.1083333333333" Height="7" TextColor="black" />
                <Cell OrigWidth="40.2166666666663" OrigHeight="7" Text="基本单位" FieldKind="Master" LeftLineVisible="false" TopLineVisible="false" RightLineVisible="false" BottomLineVisible="false" WordWrap="true" X="159.676041666667" Y="54" Width="40.2166666666663" Height="7" TextColor="black" />
              </Cells>
            </Row>
            <Row X="10" Y="61" Width="189.892708333333" Height="7">
              <Cells>
                <Cell OrigWidth="28.2322916666667" OrigHeight="7" Text="生产任务单号：" LeftLineVisible="false" TopLineVisible="false" RightLineVisible="false" BottomLineVisible="false" TextHAlign="Center" WordWrap="true" X="10" Y="61" Width="28.2322916666667" Height="7" TextColor="black" />
                <Cell OrigWidth="31.4854166666666" OrigHeight="7" Text="生产任务单号" FieldKind="Master" LeftLineVisible="false" TopLineVisible="false" RightLineVisible="false" BottomLineVisible="false" WordWrap="true" X="38.2322916666667" Y="61" Width="31.4854166666666" Height="7" TextColor="black" />
                <Cell OrigWidth="5.02708333333334" OrigHeight="7" Text="" LeftLineVisible="false" TopLineVisible="false" RightLineVisible="false" BottomLineVisible="false" TextHAlign="Center" WordWrap="true" X="69.7177083333333" Y="61" Width="5.02708333333334" Height="7" TextColor="black" />
                <Cell OrigWidth="28.0458333333334" OrigHeight="7" Text="工序计划单号：" LeftLineVisible="false" TopLineVisible="false" RightLineVisible="false" BottomLineVisible="false" TextHAlign="Center" WordWrap="true" X="74.7447916666666" Y="61" Width="28.0458333333334" Height="7" TextColor="black" />
                <Cell OrigWidth="32.2791666666665" OrigHeight="7" Text="工序计划单号" FieldKind="Master" LeftLineVisible="false" TopLineVisible="false" RightLineVisible="false" BottomLineVisible="false" WordWrap="true" X="102.790625" Y="61" Width="32.2791666666665" Height="7" TextColor="black" />
                <Cell OrigWidth="4.4979166666667" OrigHeight="7" Text="" LeftLineVisible="false" TopLineVisible="false" RightLineVisible="false" BottomLineVisible="false" TextHAlign="Center" WordWrap="true" X="135.069791666667" Y="61" Width="4.4979166666667" Height="7" TextColor="black" />
                <Cell OrigWidth="20.1083333333333" OrigHeight="7" Text="" LeftLineVisible="false" TopLineVisible="false" RightLineVisible="false" BottomLineVisible="false" TextHAlign="Center" WordWrap="true" X="139.567708333333" Y="61" Width="20.1083333333333" Height="7" TextColor="black" />
                <Cell OrigWidth="40.2166666666663" OrigHeight="7" Text="" LeftLineVisible="false" TopLineVisible="false" RightLineVisible="false" BottomLineVisible="false" WordWrap="true" X="159.676041666667" Y="61" Width="40.2166666666663" Height="7" TextColor="black" />
              </Cells>
            </Row>
            <Row X="10" Y="68" Width="189.892708333333" Height="7">
              <Cells>
                <Cell OrigWidth="28.2322916666667" OrigHeight="7" Text="摘    要：" LeftLineVisible="false" TopLineVisible="false" RightLineVisible="false" BottomLineVisible="false" TextHAlign="Center" WordWrap="true" X="10" Y="68" Width="28.2322916666667" Height="7" TextColor="black" />
                <Cell OrigWidth="161.660416666666" OrigHeight="7" Text="摘    要" FieldKind="Master" LeftLineVisible="false" TopLineVisible="false" RightLineVisible="false" BottomLineVisible="false" WordWrap="true" X="38.2322916666667" Y="68" Width="161.660416666666" Height="7" TextColor="black" />
              </Cells>
            </Row>
            <Row X="10" Y="75" Width="189.892708333333" Height="7">
              <Cells>
                <Cell OrigWidth="28.2322916666667" OrigHeight="7" Text="" LeftLineVisible="false" TopLineVisible="false" RightLineVisible="false" BottomLineVisible="false" TextHAlign="Center" WordWrap="true" X="10" Y="75" Width="28.2322916666667" Height="7" TextColor="black" />
                <Cell OrigWidth="161.660416666666" OrigHeight="7" Text="" LeftLineVisible="false" TopLineVisible="false" RightLineVisible="false" BottomLineVisible="false" WordWrap="true" X="38.2322916666667" Y="75" Width="161.660416666666" Height="7" TextColor="black" />
              </Cells>
            </Row>
            <Row X="10" Y="82" Width="189.892708333333" Height="10">
              <Cells>
                <Cell OrigWidth="23.7365885416666" OrigHeight="10" Text="工作组全名" TextHAlign="Center" WordWrap="true" X="10" Y="82" Width="23.7365885416666" Height="10" />
                <Cell OrigWidth="23.7365885416666" OrigHeight="10" Text="工序全名" TextHAlign="Center" WordWrap="true" X="33.7365885416666" Y="82" Width="23.7365885416666" Height="10" />
                <Cell OrigWidth="23.7365885416666" OrigHeight="10" Text="加工顺序" TextHAlign="Center" WordWrap="true" X="57.4731770833332" Y="82" Width="23.7365885416666" Height="10" />
                <Cell OrigWidth="23.7365885416666" OrigHeight="10" Text="下一工序全名" TextHAlign="Center" WordWrap="true" X="81.2097656249998" Y="82" Width="23.7365885416666" Height="10" />
                <Cell OrigWidth="23.7365885416666" OrigHeight="10" Text="累计加工数量" TextHAlign="Center" WordWrap="true" X="104.946354166666" Y="82" Width="23.7365885416666" Height="10" />
                <Cell OrigWidth="23.7365885416666" OrigHeight="10" Text="累计移交数量" TextHAlign="Center" WordWrap="true" X="128.682942708333" Y="82" Width="23.7365885416666" Height="10" />
                <Cell OrigWidth="23.7365885416666" OrigHeight="10" Text="预计开工时间" TextHAlign="Center" WordWrap="true" X="152.41953125" Y="82" Width="23.7365885416666" Height="10" />
                <Cell OrigWidth="23.7365885416666" OrigHeight="10" Text="行摘要" TextHAlign="Center" WordWrap="true" X="176.156119791666" Y="82" Width="23.7365885416666" Height="10" />
              </Cells>
            </Row>
            <Row X="10" Y="92" Width="189.892708333333" Height="5">
              <Cells>
                <Cell OrigWidth="23.7365885416666" OrigHeight="5" Text="工作组全名" FieldKind="Detail" WordWrap="true" X="10" Y="92" Width="23.7365885416666" Height="5" TextColor="black" />
                <Cell OrigWidth="23.7365885416666" OrigHeight="5" Text="工序全名" FieldKind="Detail" WordWrap="true" X="33.7365885416666" Y="92" Width="23.7365885416666" Height="5" TextColor="black" />
                <Cell OrigWidth="23.7365885416666" OrigHeight="5" Text="加工顺序" FieldKind="Detail" WordWrap="true" X="57.4731770833332" Y="92" Width="23.7365885416666" Height="5" TextColor="black" />
                <Cell OrigWidth="23.7365885416666" OrigHeight="5" Text="下一工序全名" FieldKind="Detail" WordWrap="true" X="81.2097656249998" Y="92" Width="23.7365885416666" Height="5" TextColor="black" />
                <Cell OrigWidth="23.7365885416666" OrigHeight="5" Text="累计加工数量" FieldKind="Detail" WordWrap="true" X="104.946354166666" Y="92" Width="23.7365885416666" Height="5" TextColor="black" />
                <Cell OrigWidth="23.7365885416666" OrigHeight="5" Text="累计移交数量" FieldKind="Detail" WordWrap="true" X="128.682942708333" Y="92" Width="23.7365885416666" Height="5" TextColor="black" />
                <Cell OrigWidth="23.7365885416666" OrigHeight="5" Text="预计开工时间" FieldKind="Detail" WordWrap="true" X="152.41953125" Y="92" Width="23.7365885416666" Height="5" TextColor="black" />
                <Cell OrigWidth="23.7365885416666" OrigHeight="5" Text="行摘要" FieldKind="Detail" WordWrap="true" X="176.156119791666" Y="92" Width="23.7365885416666" Height="5" TextColor="black" />
              </Cells>
            </Row>
            <Row X="10" Y="97" Width="189.892708333333" Height="5">
              <Cells>
                <Cell OrigWidth="19.765625" OrigHeight="5" Text="" LeftLineVisible="false" RightLineVisible="false" BottomLineVisible="false" WordWrap="true" X="10" Y="97" Width="19.765625" Height="5" TextColor="black" />
                <Cell OrigWidth="29.6333333333333" OrigHeight="5" Text="" LeftLineVisible="false" RightLineVisible="false" BottomLineVisible="false" WordWrap="true" X="29.765625" Y="97" Width="29.6333333333333" Height="5" TextColor="black" />
                <Cell OrigWidth="20.6375" OrigHeight="5" Text="" LeftLineVisible="false" RightLineVisible="false" BottomLineVisible="false" WordWrap="true" X="59.3989583333333" Y="97" Width="20.6375" Height="5" TextColor="black" />
                <Cell OrigWidth="16.9333333333334" OrigHeight="5" Text="" LeftLineVisible="false" RightLineVisible="false" BottomLineVisible="false" WordWrap="true" X="80.0364583333333" Y="97" Width="16.9333333333334" Height="5" TextColor="black" />
                <Cell OrigWidth="32.5437499999999" OrigHeight="5" Text="" LeftLineVisible="false" RightLineVisible="false" BottomLineVisible="false" WordWrap="true" X="96.9697916666667" Y="97" Width="32.5437499999999" Height="5" TextColor="black" />
                <Cell OrigWidth="20.3729166666666" OrigHeight="5" Text="" LeftLineVisible="false" RightLineVisible="false" BottomLineVisible="false" WordWrap="true" X="129.513541666667" Y="97" Width="20.3729166666666" Height="5" TextColor="black" />
                <Cell OrigWidth="19.5791666666667" OrigHeight="5" Text="打印时间:" LeftLineVisible="false" RightLineVisible="false" BottomLineVisible="false" WordWrap="true" X="149.886458333333" Y="97" Width="19.5791666666667" Height="5" TextColor="black" />
                <Cell OrigWidth="30.427083333333" OrigHeight="5" Text="日期" FieldKind="System" LeftLineVisible="false" RightLineVisible="false" BottomLineVisible="false" WordWrap="true" X="169.465625" Y="97" Width="30.427083333333" Height="5" TextColor="black" />
              </Cells>
            </Row>
            <Row X="10" Y="102" Width="189.892708333333" Height="5">
              <Cells>
                <Cell OrigWidth="189.892708333333" OrigHeight="5" Text="[管家婆软件]" LeftLineVisible="false" TopLineVisible="false" RightLineVisible="false" BottomLineVisible="false" TextHAlign="Right" WordWrap="true" X="10" Y="102" Width="189.892708333333" Height="5" TextColor="black" />
              </Cells>
            </Row>
          </Rows>
        </TableElement>
        <TextElement Text="总页码" FieldKind="System" LeftLineVisible="false" TopLineVisible="false" RightLineVisible="false" BottomLineVisible="false" TextHAlign="Right" BandKind="PageHeader" X="156.314586639404" Y="15.5520828564962" Width="43.8125066121419" Height="5.0000001390775" />
      </Elements>
      <Bands>
        <Band IsVisible="false" />
        <Band BandKind="PageHeader" Height="20" />
        <Band BandKind="ReportHeader" Y="19.84375" Height="19.84375" />
        <Band IsVisible="false" BandKind="PageBodyHeader" />
        <Band BandKind="PageDetail" Y="39.6875" Height="237.15625" />
        <Band IsVisible="false" BandKind="PageBodyFooter" />
        <Band IsVisible="false" BandKind="ReportFooter" />
        <Band BandKind="PageFooter" Y="276.754166666667" Height="20" />
      </Bands>
    </Page>
  </Pages>
  <PageSettings MarginLeft="10" MarginTop="20" MarginRight="10" MarginBottom="20" PageWidth="210" PageHeight="297" />
  <ExpressionFields />
</Report>