<Report>
  <Pages>
    <Page Width="210" Height="297" TextVAlign="Center">
      <OrderFields />
      <Elements>
        <TextElement Text="表名" FieldKind="Master" LeftLineVisible="false" TopLineVisible="false" RightLineVisible="false" BottomLineVisible="false" BandKind="ReportHeader" X="9.85833721160889" Y="21.9333349863688" Width="189.856240844727" Height="10.000000278155" FontSize="20" BoldFont="true" TextHAlign="Center" TextVAlign="Center" />
        <TableElement X="10.1864583333333" Y="54.8364622751872" Width="189.970833333334" Height="208.397922388713" TextVAlign="Center">
          <Rows>
            <Row X="10.1864583333333" Y="54.8364622751872" Width="189.970833333334" Height="5" TextVAlign="Center">
              <Cells>
                <Cell CellWidth="3.4" OrigWidth="27.78125" OrigHeight="5" Text="存货编号" X="10.1864583333333" Y="54.8364622751872" Width="27.78125" Height="5" TextHAlign="Center" TextVAlign="Center" WordWrap="true" />
                <Cell CellWidth="3.4" OrigWidth="25.6645833333333" OrigHeight="5" Text="存货名称" X="37.9677083333333" Y="54.8364622751872" Width="25.6645833333333" Height="5" TextHAlign="Center" TextVAlign="Center" WordWrap="true" />
                <Cell CellWidth="3.4" OrigWidth="23.8125000000001" OrigHeight="5" Text="单位" X="63.6322916666666" Y="54.8364622751872" Width="23.8125000000001" Height="5" TextHAlign="Center" TextVAlign="Center" WordWrap="true" />
                <Cell CellWidth="3.4" OrigWidth="44.9791666666667" OrigHeight="5" Text="调价金额" X="87.4447916666667" Y="54.8364622751872" Width="44.9791666666667" Height="5" TextHAlign="Center" TextVAlign="Center" WordWrap="true" />
                <Cell CellWidth="3.4" OrigWidth="67.7333333333334" OrigHeight="5" Text="行摘要" X="132.423958333333" Y="54.8364622751872" Width="67.7333333333334" Height="5" TextHAlign="Center" TextVAlign="Center" WordWrap="true" />
              </Cells>
            </Row>
            <Row X="10.1864583333333" Y="59.8364622751872" Width="189.970833333334" Height="5" TextVAlign="Center">
              <Cells>
                <Cell CellWidth="3.4" OrigWidth="27.78125" OrigHeight="5" Text="存货编号" FieldKind="Detail" X="10.1864583333333" Y="59.8364622751872" Width="27.78125" Height="5" TextVAlign="Center" WordWrap="true" />
                <Cell CellWidth="3.4" OrigWidth="25.6645833333333" OrigHeight="5" Text="存货全名" FieldKind="Detail" X="37.9677083333333" Y="59.8364622751872" Width="25.6645833333333" Height="5" TextVAlign="Center" WordWrap="true" />
                <Cell CellWidth="3.4" OrigWidth="23.8125000000001" OrigHeight="5" Text="单位" FieldKind="Detail" X="63.6322916666666" Y="59.8364622751872" Width="23.8125000000001" Height="5" TextVAlign="Center" WordWrap="true" />
                <Cell CellWidth="3.4" OrigWidth="44.9791666666667" OrigHeight="5" Text="调价金额" FieldKind="Detail" X="87.4447916666667" Y="59.8364622751872" Width="44.9791666666667" Height="5" TextVAlign="Center" WordWrap="true" />
                <Cell CellWidth="3.4" OrigWidth="67.7333333333334" OrigHeight="5" Text="行摘要" FieldKind="Detail" X="132.423958333333" Y="59.8364622751872" Width="67.7333333333334" Height="5" TextVAlign="Center" WordWrap="true" />
              </Cells>
            </Row>
            <Row X="10.1864583333333" Y="64.8364622751872" Width="189.970833333334" Height="5" TextVAlign="Center">
              <Cells>
                <Cell CellWidth="3.4" OrigWidth="27.78125" OrigHeight="5" Text="合计：" X="10.1864583333333" Y="64.8364622751872" Width="27.78125" Height="5" TextVAlign="Center" WordWrap="true" />
                <Cell CellWidth="3.4" OrigWidth="25.6645833333333" OrigHeight="5" Text="" X="37.9677083333333" Y="64.8364622751872" Width="25.6645833333333" Height="5" TextVAlign="Center" WordWrap="true" />
                <Cell CellWidth="3.4" OrigWidth="23.8125000000001" OrigHeight="5" Text="" X="63.6322916666666" Y="64.8364622751872" Width="23.8125000000001" Height="5" TextVAlign="Center" WordWrap="true" />
                <Cell CellWidth="3.4" OrigWidth="44.9791666666667" OrigHeight="5" Text="调价金额" FieldKind="ToCurPageSum" X="87.4447916666667" Y="64.8364622751872" Width="44.9791666666667" Height="5" TextVAlign="Center" WordWrap="true" />
                <Cell CellWidth="3.4" OrigWidth="67.7333333333334" OrigHeight="5" Text="" X="132.423958333333" Y="64.8364622751872" Width="67.7333333333334" Height="5" TextVAlign="Center" WordWrap="true" />
              </Cells>
            </Row>
            <Row X="10.1864583333333" Y="69.8364622751872" Width="189.970833333333" Height="4.64374999999995" TextVAlign="Center">
              <Cells>
                <Cell CellWidth="3.4" OrigWidth="27.78125" OrigHeight="4.64374999999995" Text="" LeftLineVisible="false" RightLineVisible="false" BottomLineVisible="false" X="10.1864583333333" Y="69.8364622751872" Width="27.78125" Height="4.64374999999995" TextColor="black" TextVAlign="Center" WordWrap="true" />
                <Cell CellWidth="3.4" OrigWidth="25.6645833333333" OrigHeight="4.64374999999995" Text="" LeftLineVisible="false" RightLineVisible="false" BottomLineVisible="false" X="37.9677083333333" Y="69.8364622751872" Width="25.6645833333333" Height="4.64374999999995" TextColor="black" TextVAlign="Center" WordWrap="true" />
                <Cell CellWidth="3.4" OrigWidth="23.8125000000001" OrigHeight="4.64374999999995" Text="" LeftLineVisible="false" RightLineVisible="false" BottomLineVisible="false" X="63.6322916666666" Y="69.8364622751872" Width="23.8125000000001" Height="4.64374999999995" TextColor="black" TextVAlign="Center" WordWrap="true" />
                <Cell CellWidth="3.4" OrigWidth="26.1937499999999" OrigHeight="4.64374999999995" Text="" LeftLineVisible="false" RightLineVisible="false" BottomLineVisible="false" X="87.4447916666667" Y="69.8364622751872" Width="26.1937499999999" Height="4.64374999999995" TextColor="black" TextVAlign="Center" WordWrap="true" />
                <Cell CellWidth="3.4" OrigWidth="18.7854166666667" OrigHeight="4.64374999999995" Text="" LeftLineVisible="false" RightLineVisible="false" BottomLineVisible="false" X="113.638541666667" Y="69.8364622751872" Width="18.7854166666667" Height="4.64374999999995" TextColor="black" TextVAlign="Center" WordWrap="true" />
                <Cell CellWidth="3.4" OrigWidth="42.06875" OrigHeight="4.64374999999995" Text="打印时间：" LeftLineVisible="false" RightLineVisible="false" BottomLineVisible="false" X="132.423958333333" Y="69.8364622751872" Width="42.06875" Height="4.64374999999995" TextColor="black" TextVAlign="Center" WordWrap="true" />
                <Cell CellWidth="3.4" OrigWidth="25.6645833333334" OrigHeight="4.64374999999995" Text="日期" FieldKind="System" LeftLineVisible="false" RightLineVisible="false" BottomLineVisible="false" X="174.492708333333" Y="69.8364622751872" Width="25.6645833333334" Height="4.64374999999995" TextColor="black" TextHAlign="Right" TextVAlign="Center" WordWrap="true" />
              </Cells>
            </Row>
            <Row X="10.1864583333333" Y="74.4802122751872" Width="189.970833333333" Height="5" TextVAlign="Center">
              <Cells>
                <Cell CellWidth="3.4" OrigWidth="27.78125" OrigHeight="5" Text="" LeftLineVisible="false" TopLineVisible="false" RightLineVisible="false" BottomLineVisible="false" X="10.1864583333333" Y="74.4802122751872" Width="27.78125" Height="5" TextColor="black" TextVAlign="Center" WordWrap="true" />
                <Cell CellWidth="3.4" OrigWidth="25.6645833333333" OrigHeight="5" Text="" LeftLineVisible="false" TopLineVisible="false" RightLineVisible="false" BottomLineVisible="false" X="37.9677083333333" Y="74.4802122751872" Width="25.6645833333333" Height="5" TextColor="black" TextVAlign="Center" WordWrap="true" />
                <Cell CellWidth="3.4" OrigWidth="23.8125000000001" OrigHeight="5" Text="" LeftLineVisible="false" TopLineVisible="false" RightLineVisible="false" BottomLineVisible="false" X="63.6322916666666" Y="74.4802122751872" Width="23.8125000000001" Height="5" TextColor="black" TextVAlign="Center" WordWrap="true" />
                <Cell CellWidth="3.4" OrigWidth="26.1937499999999" OrigHeight="5" Text="" LeftLineVisible="false" TopLineVisible="false" RightLineVisible="false" BottomLineVisible="false" X="87.4447916666667" Y="74.4802122751872" Width="26.1937499999999" Height="5" TextColor="black" TextVAlign="Center" WordWrap="true" />
                <Cell CellWidth="3.4" OrigWidth="18.7854166666667" OrigHeight="5" Text="" LeftLineVisible="false" TopLineVisible="false" RightLineVisible="false" BottomLineVisible="false" X="113.638541666667" Y="74.4802122751872" Width="18.7854166666667" Height="5" TextColor="black" TextVAlign="Center" WordWrap="true" />
                <Cell CellWidth="3.4" OrigWidth="42.06875" OrigHeight="5" Text="" LeftLineVisible="false" TopLineVisible="false" RightLineVisible="false" BottomLineVisible="false" X="132.423958333333" Y="74.4802122751872" Width="42.06875" Height="5" TextColor="black" TextVAlign="Center" WordWrap="true" />
                <Cell CellWidth="3.4" OrigWidth="25.6645833333334" OrigHeight="5" Text="[管家婆软件]" LeftLineVisible="false" TopLineVisible="false" RightLineVisible="false" BottomLineVisible="false" X="174.492708333333" Y="74.4802122751872" Width="25.6645833333334" Height="5" TextColor="black" TextHAlign="Right" TextVAlign="Center" WordWrap="true" />
              </Cells>
            </Row>
          </Rows>
        </TableElement>
        <TextElement Text="总页码" FieldKind="System" LeftLineVisible="false" TopLineVisible="false" RightLineVisible="false" BottomLineVisible="false" BandKind="PageHeader" X="167.956253306071" Y="15.0000004172325" Width="32.4354172229767" Height="5.0000001390775" TextHAlign="Right" TextVAlign="Center" />
        <TextElement Text="制单日期" FieldKind="Master" LeftLineVisible="false" TopLineVisible="false" RightLineVisible="false" BottomLineVisible="false" BandKind="ReportHeader" X="31.1666699727376" Y="34.8666661898295" Width="20" Height="5" TextVAlign="Center" />
        <TextElement Text="制单日期：" LeftLineVisible="false" TopLineVisible="false" RightLineVisible="false" BottomLineVisible="false" BandKind="ReportHeader" X="10.793753306071" Y="34.8666661898295" Width="20.00000055631" Height="5.0000001390775" TextVAlign="Center" />
        <TextElement Text="单据编号" FieldKind="Master" LeftLineVisible="false" TopLineVisible="false" RightLineVisible="false" BottomLineVisible="false" BandKind="ReportHeader" X="91.4916699727376" Y="34.8666661898295" Width="39.3145818710327" Height="5.0000001390775" TextVAlign="Center" />
        <TextElement Text="单据编号：" LeftLineVisible="false" TopLineVisible="false" RightLineVisible="false" BottomLineVisible="false" BandKind="ReportHeader" X="70.8541699727376" Y="34.8666661898295" Width="20" Height="5" TextVAlign="Center" />
        <TextElement Text="经 办 人" FieldKind="Master" LeftLineVisible="false" TopLineVisible="false" RightLineVisible="false" BottomLineVisible="false" BandKind="ReportHeader" X="30.902082602183" Y="40.3958345095317" Width="20" Height="5" TextVAlign="Center" />
        <TextElement Text="经 办 人：" LeftLineVisible="false" TopLineVisible="false" RightLineVisible="false" BottomLineVisible="false" BandKind="ReportHeader" X="10.793750278155" Y="40.3958345095317" Width="20" Height="5" TextVAlign="Center" />
        <TextElement Text="部    门" FieldKind="Master" LeftLineVisible="false" TopLineVisible="false" RightLineVisible="false" BottomLineVisible="false" BandKind="ReportHeader" X="91.2270866394043" Y="40.6874995231628" Width="20" Height="5" TextVAlign="Center" />
        <TextElement Text="部    门：" LeftLineVisible="false" TopLineVisible="false" RightLineVisible="false" BottomLineVisible="false" BandKind="ReportHeader" X="71.2270860830943" Y="40.3958345095317" Width="20" Height="5" TextVAlign="Center" />
        <TextElement Text="摘    要" FieldKind="Master" LeftLineVisible="false" TopLineVisible="false" RightLineVisible="false" BottomLineVisible="false" BandKind="ReportHeader" X="30.6374992688497" Y="45.3958361625671" Width="167.372923278809" Height="5.0000001390775" TextVAlign="Center" />
        <TextElement Text="摘    要：" LeftLineVisible="false" TopLineVisible="false" RightLineVisible="false" BottomLineVisible="false" BandKind="ReportHeader" X="10.793753306071" Y="45.1312528292338" Width="18.1479172229767" Height="5.0000001390775" TextVAlign="Center" />
        <TextElement Text="部    门：" LeftLineVisible="false" TopLineVisible="false" RightLineVisible="false" BottomLineVisible="false" BandKind="ReportHeader" X="71.2270860830943" Y="40.3958345095317" Width="20" Height="5" TextVAlign="Center" />
        <TextElement Text="客户：" LeftLineVisible="false" TopLineVisible="false" RightLineVisible="false" BottomLineVisible="false" DecimalDigits="0" BandKind="ReportHeader" X="131.233333333333" Y="34.8666661898295" Width="20" Height="5" TextVAlign="Center" />
        <TextElement Text="客    户" FieldKind="Master" LeftLineVisible="false" TopLineVisible="false" RightLineVisible="false" BottomLineVisible="false" DecimalDigits="0" BandKind="ReportHeader" X="151.077083333333" Y="34.8666661898295" Width="20" Height="5" TextVAlign="Center" />
      </Elements>
      <Bands>
        <Band IsVisible="false" TextVAlign="Center" />
        <Band BandKind="PageHeader" Height="20" TextVAlign="Center" />
        <Band BandKind="ReportHeader" Y="19.84375" Height="34.2635416666667" TextVAlign="Center" />
        <Band IsVisible="false" BandKind="PageBodyHeader" TextVAlign="Center" />
        <Band BandKind="PageDetail" Y="54.2395833333333" Height="222.736458333333" TextVAlign="Center" />
        <Band IsVisible="false" BandKind="PageBodyFooter" TextVAlign="Center" />
        <Band IsVisible="false" BandKind="ReportFooter" TextVAlign="Center" />
        <Band BandKind="PageFooter" Y="276.754166666667" Height="20" TextVAlign="Center" />
      </Bands>
    </Page>
  </Pages>
  <PageSettings MarginLeft="10" MarginTop="20" MarginRight="10" MarginBottom="20" PageWidth="210" PageHeight="297" />
  <ExpressionFields />
</Report>