<Report IsRemoveEmptyRows="true">
  <Pages>
    <Page Width="210" Height="297">
      <OrderFields />
      <Elements>
        <TextElement Text="表名" FieldKind="Master" LeftLineVisible="false" TopLineVisible="false" RightLineVisible="false" BottomLineVisible="false" TextHAlign="Center" BandKind="ReportHeader" X="66.4791705449422" Y="21.6687496344248" Width="100" Height="10" FontSize="20" BoldFont="true" />
        <TableElement X="9.921875" Y="40" Width="189.441666666667" Height="236.422923660278">
          <Rows>
            <Row X="9.921875" Y="40" Width="189.441666666667" Height="5">
              <Cells>
                <Cell OrigWidth="12.1708333333333" OrigHeight="5" Text="行号" WordWrap="true" X="9.921875" Y="40" Width="12.1708333333333" Height="5" BoldFont="true" />
                <Cell OrigWidth="20.9020833333333" OrigHeight="5" Text="工作组全名" WordWrap="true" X="22.0927083333333" Y="40" Width="20.9020833333333" Height="5" BoldFont="true" />
                <Cell OrigWidth="16.4041666666667" OrigHeight="5" Text="工票号" WordWrap="true" X="42.9947916666666" Y="40" Width="16.4041666666667" Height="5" BoldFont="true" />
                <Cell OrigWidth="20.3729166666667" OrigHeight="5" Text="存货全名" WordWrap="true" X="59.3989583333333" Y="40" Width="20.3729166666667" Height="5" BoldFont="true" />
                <Cell OrigWidth="18.25625" OrigHeight="5" Text="工序编号" WordWrap="true" X="79.771875" Y="40" Width="18.25625" Height="5" BoldFont="true" />
                <Cell OrigWidth="19.5791666666667" OrigHeight="5" Text="工序全名" WordWrap="true" X="98.028125" Y="40" Width="19.5791666666667" Height="5" BoldFont="true" />
                <Cell OrigWidth="18.25625" OrigHeight="5" Text="加工数量" WordWrap="true" X="117.607291666667" Y="40" Width="18.25625" Height="5" BoldFont="true" />
                <Cell OrigWidth="19.05" OrigHeight="5" Text="计件数量" WordWrap="true" X="135.863541666667" Y="40" Width="19.05" Height="5" BoldFont="true" />
                <Cell OrigWidth="17.9916666666667" OrigHeight="5" Text="计件工资" WordWrap="true" X="154.913541666667" Y="40" Width="17.9916666666667" Height="5" BoldFont="true" />
                <Cell OrigWidth="26.4583333333333" OrigHeight="5" Text="单位计件工资" X="172.905208333333" Y="40" Width="26.4583333333333" Height="5" BoldFont="true" />
              </Cells>
            </Row>
            <Row X="9.921875" Y="45" Width="189.441666666667" Height="5">
              <Cells>
                <Cell OrigWidth="12.1708333333333" OrigHeight="5" Text="行号" FieldKind="Detail" WordWrap="true" X="9.921875" Y="45" Width="12.1708333333333" Height="5" />
                <Cell OrigWidth="20.9020833333333" OrigHeight="5" Text="工作组全名" FieldKind="Detail" WordWrap="true" X="22.0927083333333" Y="45" Width="20.9020833333333" Height="5" />
                <Cell OrigWidth="16.4041666666667" OrigHeight="5" Text="工票号" FieldKind="Detail" WordWrap="true" X="42.9947916666666" Y="45" Width="16.4041666666667" Height="5" />
                <Cell OrigWidth="20.3729166666667" OrigHeight="5" Text="存货全名" FieldKind="Detail" WordWrap="true" X="59.3989583333333" Y="45" Width="20.3729166666667" Height="5" />
                <Cell OrigWidth="18.25625" OrigHeight="5" Text="工序编号" FieldKind="Detail" WordWrap="true" X="79.771875" Y="45" Width="18.25625" Height="5" />
                <Cell OrigWidth="19.5791666666667" OrigHeight="5" Text="工序全名" FieldKind="Detail" WordWrap="true" X="98.028125" Y="45" Width="19.5791666666667" Height="5" />
                <Cell OrigWidth="18.25625" OrigHeight="5" Text="加工数量" FieldKind="Detail" WordWrap="true" X="117.607291666667" Y="45" Width="18.25625" Height="5" />
                <Cell OrigWidth="19.05" OrigHeight="5" Text="计件数量" FieldKind="Detail" WordWrap="true" X="135.863541666667" Y="45" Width="19.05" Height="5" />
                <Cell OrigWidth="17.9916666666667" OrigHeight="5" Text="计件工资" FieldKind="Detail" WordWrap="true" X="154.913541666667" Y="45" Width="17.9916666666667" Height="5" />
                <Cell OrigWidth="26.4583333333333" OrigHeight="5" Text="单位计件工资" FieldKind="Detail" X="172.905208333333" Y="45" Width="26.4583333333333" Height="5" />
              </Cells>
            </Row>
            <Row X="9.921875" Y="50" Width="189.441666666667" Height="5">
              <Cells>
                <Cell OrigWidth="49.4770833333333" OrigHeight="5" Text="合计" TextHAlign="Center" WordWrap="true" X="9.921875" Y="50" Width="49.4770833333333" Height="5" />
                <Cell OrigWidth="20.3729166666667" OrigHeight="5" Text="" WordWrap="true" X="59.3989583333333" Y="50" Width="20.3729166666667" Height="5" />
                <Cell OrigWidth="18.25625" OrigHeight="5" Text="" WordWrap="true" X="79.771875" Y="50" Width="18.25625" Height="5" />
                <Cell OrigWidth="19.5791666666667" OrigHeight="5" Text="" WordWrap="true" X="98.028125" Y="50" Width="19.5791666666667" Height="5" />
                <Cell OrigWidth="18.25625" OrigHeight="5" Text="加工数量" FieldKind="Total" WordWrap="true" X="117.607291666667" Y="50" Width="18.25625" Height="5" />
                <Cell OrigWidth="19.05" OrigHeight="5" Text="计件数量" FieldKind="Total" WordWrap="true" X="135.863541666667" Y="50" Width="19.05" Height="5" />
                <Cell OrigWidth="17.9916666666667" OrigHeight="5" Text="计件工资" FieldKind="Total" WordWrap="true" X="154.913541666667" Y="50" Width="17.9916666666667" Height="5" />
                <Cell OrigWidth="26.4583333333333" OrigHeight="5" Text="" X="172.905208333333" Y="50" Width="26.4583333333333" Height="5" />
              </Cells>
            </Row>
            <Row X="9.921875" Y="55" Width="189.441666666667" Height="5">
              <Cells>
                <Cell OrigWidth="144.991666666667" OrigHeight="5" Text="" LeftLineVisible="false" RightLineVisible="false" BottomLineVisible="false" TextHAlign="Center" WordWrap="true" X="9.921875" Y="55" Width="144.991666666667" Height="5" TextColor="black" />
                <Cell OrigWidth="17.9916666666667" OrigHeight="5" Text="打印时间：" LeftLineVisible="false" RightLineVisible="false" WordWrap="true" X="154.913541666667" Y="55" Width="17.9916666666667" Height="5" TextColor="black" />
                <Cell OrigWidth="26.4583333333333" OrigHeight="5" Text="日期" FieldKind="System" LeftLineVisible="false" RightLineVisible="false" BottomLineVisible="false" X="172.905208333334" Y="55" Width="26.4583333333333" Height="5" TextColor="black" />
              </Cells>
            </Row>
            <Row X="9.921875" Y="60" Width="189.441666666667" Height="5">
              <Cells>
                <Cell OrigWidth="144.991666666667" OrigHeight="5" Text="" LeftLineVisible="false" TopLineVisible="false" RightLineVisible="false" BottomLineVisible="false" TextHAlign="Center" WordWrap="true" X="9.921875" Y="60" Width="144.991666666667" Height="5" TextColor="black" />
                <Cell OrigWidth="17.9916666666667" OrigHeight="5" Text="" LeftLineVisible="false" TopLineVisible="false" RightLineVisible="false" BottomLineVisible="false" WordWrap="true" X="154.913541666667" Y="60" Width="17.9916666666667" Height="5" TextColor="black" />
                <Cell OrigWidth="26.4583333333333" OrigHeight="5" Text="[管家婆软件]" LeftLineVisible="false" TopLineVisible="false" RightLineVisible="false" BottomLineVisible="false" TextHAlign="Right" X="172.905208333334" Y="60" Width="26.4583333333333" Height="5" TextColor="black" />
              </Cells>
            </Row>
          </Rows>
        </TableElement>
        <TextElement Text="总页码" FieldKind="System" LeftLineVisible="false" TopLineVisible="false" RightLineVisible="false" BottomLineVisible="false" TextHAlign="Right" BandKind="PageHeader" X="188.064586639404" Y="11.0541661898295" Width="20" Height="5" />
      </Elements>
      <Bands>
        <Band IsVisible="false" />
        <Band BandKind="PageHeader" Height="20" />
        <Band BandKind="ReportHeader" Y="19.84375" Height="20" />
        <Band IsVisible="false" BandKind="PageBodyHeader" />
        <Band BandKind="PageDetail" Y="39.9520833333333" Height="237" />
        <Band IsVisible="false" BandKind="PageBodyFooter" />
        <Band IsVisible="false" BandKind="ReportFooter" />
        <Band BandKind="PageFooter" Y="276.754166666667" Height="20" />
      </Bands>
    </Page>
  </Pages>
  <PageSettings MarginLeft="10" MarginTop="20" MarginBottom="20" PageWidth="210" PageHeight="297" />
  <ExpressionFields />
</Report>