<Report>
  <Pages>
    <Page Width="210" Height="297" TextVAlign="Center">
      <OrderFields />
      <Elements>
        <TextElement Text="表名" FieldKind="Master" LeftLineVisible="false" TopLineVisible="false" RightLineVisible="false" BottomLineVisible="false" BandKind="ReportHeader" X="9.85833721160889" Y="21.9333349863688" Width="189.856240844727" Height="10.000000278155" FontSize="20" BoldFont="true" TextHAlign="Center" TextVAlign="Center" />
        <TableElement X="10.1864583333333" Y="54.8364622751872" Width="189.441666666667" Height="208.397922388713" TextVAlign="Center">
          <Rows>
            <Row X="10.1864583333333" Y="54.8364622751872" Width="189.441666666667" Height="5" TextVAlign="Center">
              <Cells>
                <Cell OrigWidth="31.75" OrigHeight="5" Text="存货编号" X="10.1864583333333" Y="54.8364622751872" Width="31.75" Height="5" TextVAlign="Center" WordWrap="true" />
                <Cell OrigWidth="38.6291666666667" OrigHeight="5" Text="存货全名" X="41.9364583333333" Y="54.8364622751872" Width="38.6291666666667" Height="5" TextVAlign="Center" WordWrap="true" />
                <Cell OrigWidth="48.9479166666667" OrigHeight="5" Text="单位" X="80.565625" Y="54.8364622751872" Width="48.9479166666667" Height="5" TextVAlign="Center" WordWrap="true" />
                <Cell OrigWidth="35.1895833333333" OrigHeight="5" Text="批号" X="129.513541666667" Y="54.8364622751872" Width="35.1895833333333" Height="5" TextVAlign="Center" WordWrap="true" />
                <Cell OrigWidth="34.925" OrigHeight="5" Text="调价金额" X="164.703125" Y="54.8364622751872" Width="34.925" Height="5" TextVAlign="Center" WordWrap="true" />
              </Cells>
            </Row>
            <Row X="10.1864583333333" Y="59.8364622751872" Width="189.441666666667" Height="5" TextVAlign="Center">
              <Cells>
                <Cell OrigWidth="31.75" OrigHeight="5" Text="存货编号" FieldKind="Detail" X="10.1864583333333" Y="59.8364622751872" Width="31.75" Height="5" TextVAlign="Center" WordWrap="true" />
                <Cell OrigWidth="38.6291666666667" OrigHeight="5" Text="存货全名" FieldKind="Detail" X="41.9364583333333" Y="59.8364622751872" Width="38.6291666666667" Height="5" TextVAlign="Center" WordWrap="true" />
                <Cell OrigWidth="48.9479166666667" OrigHeight="5" Text="单位" FieldKind="Detail" X="80.565625" Y="59.8364622751872" Width="48.9479166666667" Height="5" TextVAlign="Center" WordWrap="true" />
                <Cell OrigWidth="35.1895833333333" OrigHeight="5" Text="批号" FieldKind="Detail" X="129.513541666667" Y="59.8364622751872" Width="35.1895833333333" Height="5" TextVAlign="Center" WordWrap="true" />
                <Cell OrigWidth="34.925" OrigHeight="5" Text="调价金额" FieldKind="Detail" X="164.703125" Y="59.8364622751872" Width="34.925" Height="5" TextVAlign="Center" WordWrap="true" />
              </Cells>
            </Row>
            <Row X="10.1864583333333" Y="64.8364622751872" Width="189.441666666667" Height="5" TextVAlign="Center">
              <Cells>
                <Cell OrigWidth="31.75" OrigHeight="5" Text="合计：" X="10.1864583333333" Y="64.8364622751872" Width="31.75" Height="5" TextVAlign="Center" WordWrap="true" />
                <Cell OrigWidth="38.6291666666667" OrigHeight="5" Text="" X="41.9364583333333" Y="64.8364622751872" Width="38.6291666666667" Height="5" TextVAlign="Center" WordWrap="true" />
                <Cell OrigWidth="48.9479166666667" OrigHeight="5" Text="" X="80.565625" Y="64.8364622751872" Width="48.9479166666667" Height="5" TextVAlign="Center" WordWrap="true" />
                <Cell OrigWidth="35.1895833333333" OrigHeight="5" Text="" X="129.513541666667" Y="64.8364622751872" Width="35.1895833333333" Height="5" TextVAlign="Center" WordWrap="true" />
                <Cell OrigWidth="34.925" OrigHeight="5" Text="调价金额" FieldKind="ToCurPageSum" X="164.703125" Y="64.8364622751872" Width="34.925" Height="5" TextVAlign="Center" WordWrap="true" />
              </Cells>
            </Row>
            <Row X="10.1864583333333" Y="69.8364622751872" Width="189.441666666667" Height="4.64374999999995" TextVAlign="Center">
              <Cells>
                <Cell OrigWidth="31.75" OrigHeight="4.64374999999995" Text="" LeftLineVisible="false" RightLineVisible="false" BottomLineVisible="false" X="10.1864583333333" Y="69.8364622751872" Width="31.75" Height="4.64374999999995" TextColor="black" TextVAlign="Center" WordWrap="true" />
                <Cell OrigWidth="38.6291666666667" OrigHeight="4.64374999999995" Text="" LeftLineVisible="false" RightLineVisible="false" BottomLineVisible="false" X="41.9364583333333" Y="69.8364622751872" Width="38.6291666666667" Height="4.64374999999995" TextColor="black" TextVAlign="Center" WordWrap="true" />
                <Cell OrigWidth="21.9604166666667" OrigHeight="4.64374999999995" Text="" LeftLineVisible="false" RightLineVisible="false" BottomLineVisible="false" X="80.565625" Y="69.8364622751872" Width="21.9604166666667" Height="4.64374999999995" TextColor="black" TextVAlign="Center" WordWrap="true" />
                <Cell OrigWidth="26.9875" OrigHeight="4.64374999999995" Text="" LeftLineVisible="false" RightLineVisible="false" BottomLineVisible="false" X="102.526041666667" Y="69.8364622751872" Width="26.9875" Height="4.64374999999995" TextColor="black" TextVAlign="Center" WordWrap="true" />
                <Cell OrigWidth="35.1895833333333" OrigHeight="4.64374999999995" Text="打印时间：" LeftLineVisible="false" RightLineVisible="false" BottomLineVisible="false" X="129.513541666667" Y="69.8364622751872" Width="35.1895833333333" Height="4.64374999999995" TextColor="black" TextVAlign="Center" WordWrap="true" />
                <Cell OrigWidth="34.925" OrigHeight="4.64374999999995" Text="日期" FieldKind="System" LeftLineVisible="false" RightLineVisible="false" BottomLineVisible="false" X="164.703125" Y="69.8364622751872" Width="34.925" Height="4.64374999999995" TextColor="black" TextHAlign="Right" TextVAlign="Center" WordWrap="true" />
              </Cells>
            </Row>
            <Row X="10.1864583333333" Y="74.4802122751872" Width="189.441666666667" Height="5" TextVAlign="Center">
              <Cells>
                <Cell OrigWidth="31.75" OrigHeight="5" Text="" LeftLineVisible="false" TopLineVisible="false" RightLineVisible="false" BottomLineVisible="false" X="10.1864583333333" Y="74.4802122751872" Width="31.75" Height="5" TextColor="black" TextVAlign="Center" WordWrap="true" />
                <Cell OrigWidth="38.6291666666667" OrigHeight="5" Text="" LeftLineVisible="false" TopLineVisible="false" RightLineVisible="false" BottomLineVisible="false" X="41.9364583333333" Y="74.4802122751872" Width="38.6291666666667" Height="5" TextColor="black" TextVAlign="Center" WordWrap="true" />
                <Cell OrigWidth="21.9604166666667" OrigHeight="5" Text="" LeftLineVisible="false" TopLineVisible="false" RightLineVisible="false" BottomLineVisible="false" X="80.565625" Y="74.4802122751872" Width="21.9604166666667" Height="5" TextColor="black" TextVAlign="Center" WordWrap="true" />
                <Cell OrigWidth="26.9875" OrigHeight="5" Text="" LeftLineVisible="false" TopLineVisible="false" RightLineVisible="false" BottomLineVisible="false" X="102.526041666667" Y="74.4802122751872" Width="26.9875" Height="5" TextColor="black" TextVAlign="Center" WordWrap="true" />
                <Cell OrigWidth="35.1895833333333" OrigHeight="5" Text="" LeftLineVisible="false" TopLineVisible="false" RightLineVisible="false" BottomLineVisible="false" X="129.513541666667" Y="74.4802122751872" Width="35.1895833333333" Height="5" TextColor="black" TextVAlign="Center" WordWrap="true" />
                <Cell OrigWidth="34.925" OrigHeight="5" Text="[管家婆软件]" LeftLineVisible="false" TopLineVisible="false" RightLineVisible="false" BottomLineVisible="false" X="164.703125" Y="74.4802122751872" Width="34.925" Height="5" TextColor="black" TextHAlign="Right" TextVAlign="Center" WordWrap="true" />
              </Cells>
            </Row>
          </Rows>
        </TableElement>
        <TextElement Text="总页码" FieldKind="System" LeftLineVisible="false" TopLineVisible="false" RightLineVisible="false" BottomLineVisible="false" BandKind="PageHeader" X="167.956253306071" Y="15.0000004172325" Width="32.4354172229767" Height="5.0000001390775" TextHAlign="Right" TextVAlign="Center" />
        <TextElement Text="制单日期" FieldKind="Master" LeftLineVisible="false" TopLineVisible="false" RightLineVisible="false" BottomLineVisible="false" BandKind="ReportHeader" X="91.4916699727376" Y="35.3958328564962" Width="20" Height="5" TextVAlign="Center" />
        <TextElement Text="录单日期：" LeftLineVisible="false" TopLineVisible="false" RightLineVisible="false" BottomLineVisible="false" BandKind="ReportHeader" X="71.118753306071" Y="35.3958328564962" Width="20.00000055631" Height="5.0000001390775" TextVAlign="Center" />
        <TextElement Text="制单人" FieldKind="Master" LeftLineVisible="false" TopLineVisible="false" RightLineVisible="false" BottomLineVisible="false" BandKind="ReportHeader" X="30.6374992688497" Y="35.3958328564962" Width="20" Height="5" TextVAlign="Center" />
        <TextElement Text="制 单 人：" LeftLineVisible="false" TopLineVisible="false" RightLineVisible="false" BottomLineVisible="false" BandKind="ReportHeader" X="10.793750278155" Y="35.3958328564962" Width="20" Height="5" TextVAlign="Center" />
        <TextElement Text="单据编号" FieldKind="Master" LeftLineVisible="false" TopLineVisible="false" RightLineVisible="false" BottomLineVisible="false" BandKind="ReportHeader" X="151.022919972738" Y="35.3958328564962" Width="47.516665204366" Height="5.0000001390775" TextVAlign="Center" />
        <TextElement Text="单据编号：" LeftLineVisible="false" TopLineVisible="false" RightLineVisible="false" BottomLineVisible="false" BandKind="ReportHeader" X="131.179169972738" Y="35.3958328564962" Width="20" Height="5" TextVAlign="Center" />
        <TextElement Text="客    户" FieldKind="Master" LeftLineVisible="false" TopLineVisible="false" RightLineVisible="false" BottomLineVisible="false" BandKind="ReportHeader" X="30.6374992688497" Y="45.1854161898295" Width="20" Height="5" TextVAlign="Center" />
        <TextElement Text="客    户：" LeftLineVisible="false" TopLineVisible="false" RightLineVisible="false" BottomLineVisible="false" BandKind="ReportHeader" X="10.793750278155" Y="45.4499995231628" Width="20" Height="5" TextVAlign="Center" />
        <TextElement Text="经 办 人" FieldKind="Master" LeftLineVisible="false" TopLineVisible="false" RightLineVisible="false" BottomLineVisible="false" BandKind="ReportHeader" X="30.902082602183" Y="40.3958345095317" Width="20" Height="5" TextVAlign="Center" />
        <TextElement Text="经 办 人：" LeftLineVisible="false" TopLineVisible="false" RightLineVisible="false" BottomLineVisible="false" BandKind="ReportHeader" X="10.793750278155" Y="40.3958345095317" Width="20" Height="5" TextVAlign="Center" />
        <TextElement Text="部    门" FieldKind="Master" LeftLineVisible="false" TopLineVisible="false" RightLineVisible="false" BottomLineVisible="false" BandKind="ReportHeader" X="91.2270866394043" Y="40.6874995231628" Width="20" Height="5" TextVAlign="Center" />
        <TextElement Text="部    门：" LeftLineVisible="false" TopLineVisible="false" RightLineVisible="false" BottomLineVisible="false" BandKind="ReportHeader" X="71.2270860830943" Y="40.3958345095317" Width="20" Height="5" TextVAlign="Center" />
        <TextElement Text="摘    要" FieldKind="Master" LeftLineVisible="false" TopLineVisible="false" RightLineVisible="false" BottomLineVisible="false" BandKind="ReportHeader" X="91.0791628519694" Y="45.7145828564962" Width="108.106248537699" Height="5.0000001390775" TextVAlign="Center" />
        <TextElement Text="摘    要：" LeftLineVisible="false" TopLineVisible="false" RightLineVisible="false" BottomLineVisible="false" BandKind="ReportHeader" X="71.118753306071" Y="45.7145828564962" Width="20" Height="5" TextVAlign="Center" />
      </Elements>
      <Bands>
        <Band IsVisible="false" TextVAlign="Center" />
        <Band BandKind="PageHeader" Height="20" TextVAlign="Center" />
        <Band BandKind="ReportHeader" Y="19.84375" Height="34.13125" TextVAlign="Center" />
        <Band IsVisible="false" BandKind="PageBodyHeader" TextVAlign="Center" />
        <Band BandKind="PageDetail" Y="53.975" Height="222.86875" TextVAlign="Center" />
        <Band IsVisible="false" BandKind="PageBodyFooter" TextVAlign="Center" />
        <Band IsVisible="false" BandKind="ReportFooter" TextVAlign="Center" />
        <Band BandKind="PageFooter" Y="276.754166666667" Height="20" TextVAlign="Center" />
      </Bands>
    </Page>
  </Pages>
  <PageSettings MarginLeft="10" MarginTop="20" MarginRight="10" MarginBottom="20" PageWidth="210" PageHeight="297" />
  <ExpressionFields />
</Report>