<Report MaxRowCount="0">
  <Pages>
    <Page Width="210" Height="297">
      <OrderFields />
      <Elements>
        <TextElement Text="表名" FieldKind="Master" LeftLineVisible="false" TopLineVisible="false" RightLineVisible="false" BottomLineVisible="false" TextHAlign="Center" BandKind="ReportHeader" X="8.67708361148834" Y="20.6104163010915" Width="191.389593633016" Height="10.000000278155" FontSize="20" BoldFont="true" />
        <TextElement Text="审核状态:" LeftLineVisible="false" TopLineVisible="false" RightLineVisible="false" BottomLineVisible="false" BandKind="ReportHeader" X="140.06667658488" Y="36.6958342552185" Width="18.1958329836528" Height="6.00000016689301" BoldFont="true" />
        <TextElement Text="单据状态:" LeftLineVisible="false" TopLineVisible="false" RightLineVisible="false" BottomLineVisible="false" BandKind="ReportHeader" X="82.7604199727376" Y="36.6958342552185" Width="19.7833329836528" Height="6.00000016689301" BoldFont="true" />
        <TextElement Text="开始日期:" LeftLineVisible="false" TopLineVisible="false" RightLineVisible="false" BottomLineVisible="false" BandKind="ReportHeader" X="8.67708361148834" Y="36.4312509218852" Width="17.1374996503194" Height="6.00000016689301" BoldFont="true" />
        <TableElement X="9.128125" Y="44.253125" Width="191.029166666667" Height="231.772916793823">
          <Rows>
            <Row X="9.128125" Y="44.253125" Width="191.029166666667" Height="5">
              <Cells>
                <Cell OrigWidth="14.2875" OrigHeight="5" Text="日期" WordWrap="true" X="9.128125" Y="44.253125" Width="14.2875" Height="5" />
                <Cell OrigWidth="17.9916666666667" OrigHeight="5" Text="工票编号" WordWrap="true" X="23.415625" Y="44.253125" Width="17.9916666666667" Height="5" />
                <Cell OrigWidth="21.1666666666667" OrigHeight="5" Text="任务单编号" WordWrap="true" X="41.4072916666667" Y="44.253125" Width="21.1666666666667" Height="5" />
                <Cell OrigWidth="16.1395833333333" OrigHeight="5" Text="存货全名" WordWrap="true" X="62.5739583333334" Y="44.253125" Width="16.1395833333333" Height="5" />
                <Cell OrigWidth="19.84375" OrigHeight="5" Text="工序全名" WordWrap="true" X="78.7135416666667" Y="44.253125" Width="19.84375" Height="5" />
                <Cell OrigWidth="21.6958333333333" OrigHeight="5" Text="工作组全名" WordWrap="true" X="98.5572916666667" Y="44.253125" Width="21.6958333333333" Height="5" />
                <Cell OrigWidth="17.7270833333333" OrigHeight="5" Text="操作工全名" WordWrap="true" X="120.253125" Y="44.253125" Width="17.7270833333333" Height="5" />
                <Cell OrigWidth="21.9604166666667" OrigHeight="5" Text="本次加工数量" WordWrap="true" X="137.980208333333" Y="44.253125" Width="21.9604166666667" Height="5" />
                <Cell OrigWidth="17.9916666666667" OrigHeight="5" Text="合格数量" WordWrap="true" X="159.940625" Y="44.253125" Width="17.9916666666667" Height="5" />
                <Cell OrigWidth="22.225" OrigHeight="5" Text="次品数量" WordWrap="true" X="177.932291666667" Y="44.253125" Width="22.225" Height="5" />
              </Cells>
            </Row>
            <Row X="9.128125" Y="49.253125" Width="191.029166666667" Height="5">
              <Cells>
                <Cell OrigWidth="14.2875" OrigHeight="5" Text="日期" FieldKind="Detail" WordWrap="true" X="9.128125" Y="49.253125" Width="14.2875" Height="5" />
                <Cell OrigWidth="17.9916666666667" OrigHeight="5" Text="工票编号" FieldKind="Detail" WordWrap="true" X="23.415625" Y="49.253125" Width="17.9916666666667" Height="5" />
                <Cell OrigWidth="21.1666666666667" OrigHeight="5" Text="任务单编号" FieldKind="Detail" WordWrap="true" X="41.4072916666667" Y="49.253125" Width="21.1666666666667" Height="5" />
                <Cell OrigWidth="16.1395833333333" OrigHeight="5" Text="存货全名" FieldKind="Detail" WordWrap="true" X="62.5739583333334" Y="49.253125" Width="16.1395833333333" Height="5" />
                <Cell OrigWidth="19.84375" OrigHeight="5" Text="工序全名" FieldKind="Detail" WordWrap="true" X="78.7135416666667" Y="49.253125" Width="19.84375" Height="5" />
                <Cell OrigWidth="21.6958333333333" OrigHeight="5" Text="工作组全名" FieldKind="Detail" WordWrap="true" X="98.5572916666667" Y="49.253125" Width="21.6958333333333" Height="5" />
                <Cell OrigWidth="17.7270833333333" OrigHeight="5" Text="职员全名" FieldKind="Detail" WordWrap="true" X="120.253125" Y="49.253125" Width="17.7270833333333" Height="5" />
                <Cell OrigWidth="21.9604166666667" OrigHeight="5" Text="本次加工数量" FieldKind="Detail" WordWrap="true" X="137.980208333333" Y="49.253125" Width="21.9604166666667" Height="5" />
                <Cell OrigWidth="17.9916666666667" OrigHeight="5" Text="合格数量" FieldKind="Detail" WordWrap="true" X="159.940625" Y="49.253125" Width="17.9916666666667" Height="5" />
                <Cell OrigWidth="22.225" OrigHeight="5" Text="次品数量" FieldKind="Detail" WordWrap="true" X="177.932291666667" Y="49.253125" Width="22.225" Height="5" />
              </Cells>
            </Row>
            <Row X="9.128125" Y="54.253125" Width="191.029166666667" Height="5">
              <Cells>
                <Cell OrigWidth="14.2875" OrigHeight="5" Text="" LeftLineVisible="false" RightLineVisible="false" BottomLineVisible="false" WordWrap="true" X="9.128125" Y="54.253125" Width="14.2875" Height="5" />
                <Cell OrigWidth="17.9916666666667" OrigHeight="5" Text="" LeftLineVisible="false" RightLineVisible="false" BottomLineVisible="false" WordWrap="true" X="23.415625" Y="54.253125" Width="17.9916666666667" Height="5" />
                <Cell OrigWidth="21.1666666666667" OrigHeight="5" Text="" LeftLineVisible="false" RightLineVisible="false" BottomLineVisible="false" WordWrap="true" X="41.4072916666667" Y="54.253125" Width="21.1666666666667" Height="5" />
                <Cell OrigWidth="16.1395833333333" OrigHeight="5" Text="" LeftLineVisible="false" RightLineVisible="false" BottomLineVisible="false" WordWrap="true" X="62.5739583333334" Y="54.253125" Width="16.1395833333333" Height="5" />
                <Cell OrigWidth="19.84375" OrigHeight="5" Text="" LeftLineVisible="false" RightLineVisible="false" BottomLineVisible="false" WordWrap="true" X="78.7135416666667" Y="54.253125" Width="19.84375" Height="5" />
                <Cell OrigWidth="21.6958333333333" OrigHeight="5" Text="" LeftLineVisible="false" RightLineVisible="false" BottomLineVisible="false" WordWrap="true" X="98.5572916666667" Y="54.253125" Width="21.6958333333333" Height="5" />
                <Cell OrigWidth="17.7270833333333" OrigHeight="5" Text="" LeftLineVisible="false" RightLineVisible="false" BottomLineVisible="false" WordWrap="true" X="120.253125" Y="54.253125" Width="17.7270833333333" Height="5" />
                <Cell OrigWidth="21.9604166666667" OrigHeight="5" Text="" LeftLineVisible="false" RightLineVisible="false" BottomLineVisible="false" WordWrap="true" X="137.980208333333" Y="54.253125" Width="21.9604166666667" Height="5" />
                <Cell OrigWidth="17.9916666666667" OrigHeight="5" Text="打印时间：" LeftLineVisible="false" RightLineVisible="false" BottomLineVisible="false" WordWrap="true" X="159.940625" Y="54.253125" Width="17.9916666666667" Height="5" />
                <Cell OrigWidth="22.225" OrigHeight="5" Text="日期" FieldKind="System" LeftLineVisible="false" RightLineVisible="false" BottomLineVisible="false" TextHAlign="Right" WordWrap="true" X="177.932291666667" Y="54.253125" Width="22.225" Height="5" />
              </Cells>
            </Row>
            <Row X="9.128125" Y="59.253125" Width="191.029166666667" Height="5">
              <Cells>
                <Cell OrigWidth="14.2875" OrigHeight="5" Text="" LeftLineVisible="false" TopLineVisible="false" RightLineVisible="false" BottomLineVisible="false" WordWrap="true" X="9.128125" Y="59.253125" Width="14.2875" Height="5" TextColor="black" />
                <Cell OrigWidth="17.9916666666667" OrigHeight="5" Text="" LeftLineVisible="false" TopLineVisible="false" RightLineVisible="false" BottomLineVisible="false" WordWrap="true" X="23.415625" Y="59.253125" Width="17.9916666666667" Height="5" TextColor="black" />
                <Cell OrigWidth="21.1666666666667" OrigHeight="5" Text="" LeftLineVisible="false" TopLineVisible="false" RightLineVisible="false" BottomLineVisible="false" WordWrap="true" X="41.4072916666667" Y="59.253125" Width="21.1666666666667" Height="5" TextColor="black" />
                <Cell OrigWidth="16.1395833333333" OrigHeight="5" Text="" LeftLineVisible="false" TopLineVisible="false" RightLineVisible="false" BottomLineVisible="false" WordWrap="true" X="62.5739583333334" Y="59.253125" Width="16.1395833333333" Height="5" TextColor="black" />
                <Cell OrigWidth="19.84375" OrigHeight="5" Text="" LeftLineVisible="false" TopLineVisible="false" RightLineVisible="false" BottomLineVisible="false" WordWrap="true" X="78.7135416666667" Y="59.253125" Width="19.84375" Height="5" TextColor="black" />
                <Cell OrigWidth="21.6958333333333" OrigHeight="5" Text="" LeftLineVisible="false" TopLineVisible="false" RightLineVisible="false" BottomLineVisible="false" WordWrap="true" X="98.5572916666667" Y="59.253125" Width="21.6958333333333" Height="5" TextColor="black" />
                <Cell OrigWidth="17.7270833333333" OrigHeight="5" Text="" LeftLineVisible="false" TopLineVisible="false" RightLineVisible="false" BottomLineVisible="false" WordWrap="true" X="120.253125" Y="59.253125" Width="17.7270833333333" Height="5" TextColor="black" />
                <Cell OrigWidth="21.9604166666667" OrigHeight="5" Text="" LeftLineVisible="false" TopLineVisible="false" RightLineVisible="false" BottomLineVisible="false" WordWrap="true" X="137.980208333333" Y="59.253125" Width="21.9604166666667" Height="5" TextColor="black" />
                <Cell OrigWidth="17.9916666666667" OrigHeight="5" Text="" LeftLineVisible="false" TopLineVisible="false" RightLineVisible="false" BottomLineVisible="false" WordWrap="true" X="159.940625" Y="59.253125" Width="17.9916666666667" Height="5" TextColor="black" />
                <Cell OrigWidth="22.225" OrigHeight="5" Text="[管家婆软件]" LeftLineVisible="false" TopLineVisible="false" RightLineVisible="false" BottomLineVisible="false" TextHAlign="Right" WordWrap="true" X="177.932291666667" Y="59.253125" Width="22.225" Height="5" TextColor="black" />
              </Cells>
            </Row>
          </Rows>
        </TableElement>
        <TextElement Text="结束日期:" LeftLineVisible="false" TopLineVisible="false" RightLineVisible="false" BottomLineVisible="false" BandKind="ReportHeader" X="46.777082602183" Y="36.6958342552185" Width="17.6666663169861" Height="6.00000016689301" BoldFont="true" />
        <TextElement Text="总页码" FieldKind="System" LeftLineVisible="false" TopLineVisible="false" RightLineVisible="false" BottomLineVisible="false" TextHAlign="Right" BandKind="PageHeader" X="180.066676688194" Y="14.2291661898295" Width="20" Height="5" />
        <TextElement Text="结束日期" FieldKind="Master" LeftLineVisible="false" TopLineVisible="false" RightLineVisible="false" BottomLineVisible="false" BandKind="ReportHeader" X="62.1229159355164" Y="37.1958342691263" Width="20" Height="5" />
        <TextElement Text="开始日期" FieldKind="Master" LeftLineVisible="false" TopLineVisible="false" RightLineVisible="false" BottomLineVisible="false" BandKind="ReportHeader" X="25.345832602183" Y="36.6958342552185" Width="20" Height="5" />
        <TextElement Text="单据状态" FieldKind="Master" LeftLineVisible="false" TopLineVisible="false" RightLineVisible="false" BottomLineVisible="false" BandKind="ReportHeader" X="99.693753306071" Y="37.1958342691263" Width="36.9333318710327" Height="5.0000001390775" />
        <TextElement Text="审核状态" FieldKind="Master" LeftLineVisible="false" TopLineVisible="false" RightLineVisible="false" BottomLineVisible="false" BandKind="ReportHeader" X="156.050003306071" Y="37.1958342691263" Width="42.754165204366" Height="5.0000001390775" />
      </Elements>
      <Bands>
        <Band IsVisible="false" />
        <Band BandKind="PageHeader" Height="20" />
        <Band BandKind="ReportHeader" Y="19.84375" Height="24.209375" />
        <Band IsVisible="false" BandKind="PageBodyHeader" />
        <Band BandKind="PageDetail" Y="44.1854166666667" Height="232.790625" />
        <Band IsVisible="false" BandKind="PageBodyFooter" />
        <Band IsVisible="false" BandKind="ReportFooter" />
        <Band BandKind="PageFooter" Y="276.754166666667" Height="20" />
      </Bands>
    </Page>
  </Pages>
  <PageSettings MarginLeft="10" MarginTop="20" MarginBottom="20" PageWidth="210" PageHeight="297" />
  <ExpressionFields />
</Report>