<Report MaxRowCount="0">
  <Pages>
    <Page Width="210" Height="297" TextVAlign="Center">
      <OrderFields />
      <Elements>
        <TextElement Text="表名" FieldKind="Master" LeftLineVisible="false" TopLineVisible="false" RightLineVisible="false" BottomLineVisible="false" BandKind="ReportHeader" X="9.32917054494222" Y="24.7354168574015" Width="190.758333714803" Height="10.000000278155" FontSize="25" BoldFont="true" TextHAlign="Center" TextVAlign="Center" />
        <TableElement X="10" Y="40" Width="189.892708333333" Height="236.023949305216" TextVAlign="Center">
          <Rows>
            <Row X="10" Y="40" Width="189.892708333333" Height="5" TextVAlign="Center">
              <Cells>
                <Cell OrigWidth="13.6802083333333" OrigHeight="5" Text="仓库：" LeftLineVisible="false" TopLineVisible="false" RightLineVisible="false" BottomLineVisible="false" X="10" Y="40" Width="13.6802083333333" Height="5" TextColor="black" TextHAlign="Center" TextVAlign="Center" WordWrap="true" />
                <Cell TextColor="black" TextHAlign="Center" TextVAlign="Center" WordWrap="true" OrigWidth="28.8395833333333" OrigHeight="5" Text="仓    库" FieldKind="Master" LeftLineVisible="false" TopLineVisible="false" RightLineVisible="false" BottomLineVisible="false" X="23.6802083333333" Y="40" Width="28.8395833333333" Height="5" />
                <Cell TextColor="black" TextHAlign="Center" TextVAlign="Center" WordWrap="true" OrigWidth="27.78125" OrigHeight="5" Text="截止日期：" LeftLineVisible="false" TopLineVisible="false" RightLineVisible="false" X="52.5197916666667" Y="40" Width="27.78125" Height="5" />
                <Cell TextColor="black" TextHAlign="Center" TextVAlign="Center" WordWrap="true" OrigWidth="23.8125" OrigHeight="5" Text="截止时间" FieldKind="Master" LeftLineVisible="false" TopLineVisible="false" RightLineVisible="false" BottomLineVisible="false" X="80.3010416666667" Y="40" Width="23.8125" Height="5" />
                <Cell TextColor="black" TextHAlign="Center" TextVAlign="Center" WordWrap="true" OrigWidth="45.7729166666667" OrigHeight="5" Text="" LeftLineVisible="false" TopLineVisible="false" RightLineVisible="false" X="104.113541666667" Y="40" Width="45.7729166666667" Height="5" />
                <Cell TextColor="black" TextHAlign="Center" TextVAlign="Center" WordWrap="true" OrigWidth="50.0062499999997" OrigHeight="5" Text="" LeftLineVisible="false" TopLineVisible="false" RightLineVisible="false" BottomLineVisible="false" X="149.886458333333" Y="40" Width="50.0062499999997" Height="5" />
              </Cells>
            </Row>
            <Row X="10" Y="45" Width="189.892708333333" Height="5" TextVAlign="Center">
              <Cells>
                <Cell TextColor="black" TextHAlign="Center" TextVAlign="Center" WordWrap="true" OrigWidth="27.1275297619047" OrigHeight="5" Text="存货编号" X="10" Y="45" Width="27.1275297619047" Height="5" />
                <Cell TextColor="black" TextHAlign="Center" TextVAlign="Center" WordWrap="true" OrigWidth="81.3825892857141" OrigHeight="5" Text="存货全名" X="37.1275297619047" Y="45" Width="81.3825892857141" Height="5" />
                <Cell TextColor="black" TextHAlign="Center" TextVAlign="Center" WordWrap="true" OrigWidth="27.1275297619047" OrigHeight="5" Text="数量" X="118.510119047619" Y="45" Width="27.1275297619047" Height="5" />
                <Cell TextColor="black" TextHAlign="Center" TextVAlign="Center" WordWrap="true" OrigWidth="27.1275297619047" OrigHeight="5" Text="辅助数量1" X="145.637648809524" Y="45" Width="27.1275297619047" Height="5" />
                <Cell TextColor="black" TextHAlign="Center" TextVAlign="Center" WordWrap="true" OrigWidth="27.1275297619047" OrigHeight="5" Text="辅助数量2" X="172.765178571428" Y="45" Width="27.1275297619047" Height="5" />
              </Cells>
            </Row>
            <Row X="10" Y="50" Width="189.892708333333" Height="5" TextVAlign="Center">
              <Cells>
                <Cell TextVAlign="Center" WordWrap="true" OrigWidth="27.1275297619047" OrigHeight="5" Text="存货编号" FieldKind="Detail" X="10" Y="50" Width="27.1275297619047" Height="5" />
                <Cell TextVAlign="Center" WordWrap="true" OrigWidth="81.3825892857141" OrigHeight="5" Text="存货全名" FieldKind="Detail" X="37.1275297619047" Y="50" Width="81.3825892857141" Height="5" />
                <Cell TextVAlign="Center" WordWrap="true" OrigWidth="27.1275297619047" OrigHeight="5" Text="数量" FieldKind="Detail" X="118.510119047619" Y="50" Width="27.1275297619047" Height="5" />
                <Cell TextVAlign="Center" WordWrap="true" OrigWidth="27.1275297619047" OrigHeight="5" Text="辅助数量1" FieldKind="Detail" X="145.637648809524" Y="50" Width="27.1275297619047" Height="5" />
                <Cell TextVAlign="Center" WordWrap="true" OrigWidth="27.1275297619047" OrigHeight="5" Text="辅助数量2" FieldKind="Detail" X="172.765178571428" Y="50" Width="27.1275297619047" Height="5" />
              </Cells>
            </Row>
            <Row X="10" Y="55" Width="189.892708333333" Height="5" TextVAlign="Center">
              <Cells>
                <Cell TextColor="black" TextVAlign="Center" WordWrap="true" OrigWidth="19.765625" OrigHeight="5" Text="审核单位:" LeftLineVisible="false" RightLineVisible="false" BottomLineVisible="false" X="10" Y="55" Width="19.765625" Height="5" />
                <Cell TextColor="black" TextVAlign="Center" WordWrap="true" OrigWidth="29.6333333333333" OrigHeight="5" Text="" LeftLineVisible="false" RightLineVisible="false" BottomLineVisible="false" X="29.765625" Y="55" Width="29.6333333333333" Height="5" />
                <Cell TextColor="black" TextVAlign="Center" WordWrap="true" OrigWidth="20.6375" OrigHeight="5" Text="" LeftLineVisible="false" RightLineVisible="false" BottomLineVisible="false" X="59.3989583333333" Y="55" Width="20.6375" Height="5" />
                <Cell TextColor="black" TextVAlign="Center" WordWrap="true" OrigWidth="19.3145833333333" OrigHeight="5" Text="制表人:" LeftLineVisible="false" RightLineVisible="false" BottomLineVisible="false" X="80.0364583333333" Y="55" Width="19.3145833333333" Height="5" />
                <Cell TextColor="black" TextVAlign="Center" WordWrap="true" OrigWidth="30.1625" OrigHeight="5" Text="" LeftLineVisible="false" RightLineVisible="false" BottomLineVisible="false" X="99.3510416666666" Y="55" Width="30.1625" Height="5" />
                <Cell TextColor="black" TextVAlign="Center" WordWrap="true" OrigWidth="20.3729166666666" OrigHeight="5" Text="" LeftLineVisible="false" RightLineVisible="false" BottomLineVisible="false" X="129.513541666667" Y="55" Width="20.3729166666666" Height="5" />
                <Cell TextColor="black" TextVAlign="Center" WordWrap="true" OrigWidth="19.5791666666667" OrigHeight="5" Text="打印时间:" LeftLineVisible="false" RightLineVisible="false" BottomLineVisible="false" X="149.886458333333" Y="55" Width="19.5791666666667" Height="5" />
                <Cell TextColor="black" TextVAlign="Center" WordWrap="true" OrigWidth="30.427083333333" OrigHeight="5" Text="日期" FieldKind="System" LeftLineVisible="false" RightLineVisible="false" BottomLineVisible="false" X="169.465625" Y="55" Width="30.427083333333" Height="5" />
              </Cells>
            </Row>
            <Row X="10" Y="60" Width="189.892708333333" Height="5" TextVAlign="Center">
              <Cells>
                <Cell TextColor="black" TextHAlign="Right" TextVAlign="Center" WordWrap="true" OrigWidth="189.892708333333" OrigHeight="5" Text="[管家婆软件]" LeftLineVisible="false" TopLineVisible="false" RightLineVisible="false" BottomLineVisible="false" X="10" Y="60" Width="189.892708333333" Height="5" />
              </Cells>
            </Row>
          </Rows>
        </TableElement>
        <TextElement Text="总页码" FieldKind="System" LeftLineVisible="false" TopLineVisible="false" RightLineVisible="false" BottomLineVisible="false" BandKind="PageHeader" X="156.314586639404" Y="15.5520828564962" Width="43.8125066121419" Height="5.0000001390775" TextHAlign="Right" TextVAlign="Center" />
      </Elements>
      <Bands>
        <Band IsVisible="false" TextVAlign="Center" />
        <Band BandKind="PageHeader" Height="20" TextVAlign="Center" />
        <Band BandKind="ReportHeader" Y="19.84375" Height="19.84375" TextVAlign="Center" />
        <Band IsVisible="false" BandKind="PageBodyHeader" TextVAlign="Center" />
        <Band BandKind="PageDetail" Y="39.6875" Height="237.15625" TextVAlign="Center" />
        <Band IsVisible="false" BandKind="PageBodyFooter" TextVAlign="Center" />
        <Band IsVisible="false" BandKind="ReportFooter" TextVAlign="Center" />
        <Band BandKind="PageFooter" Y="276.754166666667" Height="20" TextVAlign="Center" />
      </Bands>
    </Page>
  </Pages>
  <PageSettings MarginLeft="10" MarginTop="20" MarginRight="10" MarginBottom="20" PageWidth="210" PageHeight="297" />
  <ExpressionFields />
</Report>