<Report MaxRowCount="0">
  <Pages>
    <Page Width="210" Height="297">
      <OrderFields />
      <Elements>
        <TextElement Text="工贸-仓库分布表" LeftLineVisible="false" TopLineVisible="false" RightLineVisible="false" BottomLineVisible="false" X="85" Y="5" Width="80" Height="10" FontSize="20" BoldFont="true" />
        <TableElement X="10" Y="170" Width="200" Height="107">
          <Rows>
            <Row Height="5">
              <Cells>
                <Cell OrigWidth="20" OrigHeight="5" Text="行号" WordWrap="true" Width="20" Height="5" />
                <Cell OrigWidth="20" OrigHeight="5" Text="存货编号" WordWrap="true" X="20" Width="20" Height="5" />
                <Cell OrigWidth="20" OrigHeight="5" Text="存货全名" WordWrap="true" X="40" Width="20" Height="5" />
                <Cell OrigWidth="20" OrigHeight="5" Text="44数量" WordWrap="true" X="60" Width="20" Height="5" />
                <Cell OrigWidth="20" OrigHeight="5" Text="仓库全名44--##'&quot;数量" WordWrap="true" X="80" Width="20" Height="5" />
                <Cell OrigWidth="20" OrigHeight="5" Text="仓库一数量" WordWrap="true" X="100" Width="20" Height="5" />
                <Cell OrigWidth="20" OrigHeight="5" Text="仓库二数量" WordWrap="true" X="120" Width="20" Height="5" />
                <Cell OrigWidth="20" OrigHeight="5" Text="99999999数量" WordWrap="true" X="140" Width="20" Height="5" />
                <Cell OrigWidth="20" OrigHeight="5" Text="99999999数量1" WordWrap="true" X="160" Width="20" Height="5" />
                <Cell OrigWidth="20" OrigHeight="5" Text="99999999数量2" WordWrap="true" X="180" Width="20" Height="5" />
                <Cell OrigWidth="20" OrigHeight="5" Text="99999999数量3" WordWrap="true" X="200" Width="20" Height="5" />
                <Cell OrigWidth="20" OrigHeight="5" Text="99999999数量4" WordWrap="true" X="220" Width="20" Height="5" />
                <Cell OrigWidth="20" OrigHeight="5" Text="99999999数量5" WordWrap="true" X="240" Width="20" Height="5" />
                <Cell OrigWidth="20" OrigHeight="5" Text="99999999数量6" WordWrap="true" X="260" Width="20" Height="5" />
                <Cell OrigWidth="20" OrigHeight="5" Text="99999999数量7" WordWrap="true" X="280" Width="20" Height="5" />
                <Cell OrigWidth="20" OrigHeight="5" Text="99999999数量8" WordWrap="true" X="300" Width="20" Height="5" />
                <Cell OrigWidth="20" OrigHeight="5" Text="99999999数量9" WordWrap="true" X="320" Width="20" Height="5" />
                <Cell OrigWidth="20" OrigHeight="5" Text="99999999数量10" WordWrap="true" X="340" Width="20" Height="5" />
                <Cell OrigWidth="20" OrigHeight="5" Text="99999999数量11" WordWrap="true" X="360" Width="20" Height="5" />
                <Cell OrigWidth="20" OrigHeight="5" Text="99999999数量12" WordWrap="true" X="380" Width="20" Height="5" />
                <Cell OrigWidth="20" OrigHeight="5" Text="99999999数量13" WordWrap="true" X="400" Width="20" Height="5" />
                <Cell OrigWidth="20" OrigHeight="5" Text="99999999数量14" WordWrap="true" X="420" Width="20" Height="5" />
                <Cell OrigWidth="20" OrigHeight="5" Text="99999999数量15" WordWrap="true" X="440" Width="20" Height="5" />
                <Cell OrigWidth="20" OrigHeight="5" Text="99999999数量16" WordWrap="true" X="460" Width="20" Height="5" />
                <Cell OrigWidth="20" OrigHeight="5" Text="99999999数量17" WordWrap="true" X="480" Width="20" Height="5" />
                <Cell OrigWidth="20" OrigHeight="5" Text="99999999数量18" WordWrap="true" X="500" Width="20" Height="5" />
                <Cell OrigWidth="20" OrigHeight="5" Text="99999999数量19" WordWrap="true" X="520" Width="20" Height="5" />
                <Cell OrigWidth="20" OrigHeight="5" Text="99999999数量20" WordWrap="true" X="540" Width="20" Height="5" />
                <Cell OrigWidth="20" OrigHeight="5" Text="99999999数量21" WordWrap="true" X="560" Width="20" Height="5" />
                <Cell OrigWidth="20" OrigHeight="5" Text="99999999数量22" WordWrap="true" X="580" Width="20" Height="5" />
                <Cell OrigWidth="20" OrigHeight="5" Text="99999999数量23" WordWrap="true" X="600" Width="20" Height="5" />
                <Cell OrigWidth="20" OrigHeight="5" Text="99999999数量24" WordWrap="true" X="620" Width="20" Height="5" />
                <Cell OrigWidth="20" OrigHeight="5" Text="99999999数量25" WordWrap="true" X="640" Width="20" Height="5" />
                <Cell OrigWidth="20" OrigHeight="5" Text="99999999数量26" WordWrap="true" X="660" Width="20" Height="5" />
                <Cell OrigWidth="20" OrigHeight="5" Text="99999999数量27" WordWrap="true" X="680" Width="20" Height="5" />
                <Cell OrigWidth="20" OrigHeight="5" Text="99999999数量28" WordWrap="true" X="700" Width="20" Height="5" />
                <Cell OrigWidth="20" OrigHeight="5" Text="99999999数量29" WordWrap="true" X="720" Width="20" Height="5" />
                <Cell OrigWidth="20" OrigHeight="5" Text="99999999数量30" WordWrap="true" X="740" Width="20" Height="5" />
                <Cell OrigWidth="20" OrigHeight="5" Text="99999999数量31" WordWrap="true" X="760" Width="20" Height="5" />
                <Cell OrigWidth="20" OrigHeight="5" Text="99999999数量32" WordWrap="true" X="780" Width="20" Height="5" />
                <Cell OrigWidth="20" OrigHeight="5" Text="99999999数量33" WordWrap="true" X="800" Width="20" Height="5" />
                <Cell OrigWidth="20" OrigHeight="5" Text="99999999数量34" WordWrap="true" X="820" Width="20" Height="5" />
                <Cell OrigWidth="20" OrigHeight="5" Text="99999999数量35" WordWrap="true" X="840" Width="20" Height="5" />
                <Cell OrigWidth="20" OrigHeight="5" Text="99999999数量36" WordWrap="true" X="860" Width="20" Height="5" />
                <Cell OrigWidth="20" OrigHeight="5" Text="99999999数量37" WordWrap="true" X="880" Width="20" Height="5" />
                <Cell OrigWidth="20" OrigHeight="5" Text="99999999数量38" WordWrap="true" X="900" Width="20" Height="5" />
                <Cell OrigWidth="20" OrigHeight="5" Text="99999999数量39" WordWrap="true" X="920" Width="20" Height="5" />
                <Cell OrigWidth="20" OrigHeight="5" Text="99999999数量40" WordWrap="true" X="940" Width="20" Height="5" />
                <Cell OrigWidth="20" OrigHeight="5" Text="99999999数量41" WordWrap="true" X="960" Width="20" Height="5" />
                <Cell OrigWidth="20" OrigHeight="5" Text="99999999数量42" WordWrap="true" X="980" Width="20" Height="5" />
                <Cell OrigWidth="20" OrigHeight="5" Text="99999999数量43" WordWrap="true" X="1000" Width="20" Height="5" />
                <Cell OrigWidth="20" OrigHeight="5" Text="99999999数量44" WordWrap="true" X="1020" Width="20" Height="5" />
                <Cell OrigWidth="20" OrigHeight="5" Text="99999999数量45" WordWrap="true" X="1040" Width="20" Height="5" />
                <Cell OrigWidth="20" OrigHeight="5" Text="合计数量" WordWrap="true" X="1060" Width="20" Height="5" />
              </Cells>
            </Row>
            <Row Height="5">
              <Cells>
                <Cell OrigWidth="20" OrigHeight="5" Text="行号" FieldKind="Detail" WordWrap="true" Width="20" Height="5" />
                <Cell OrigWidth="20" OrigHeight="5" Text="存货编号" FieldKind="Detail" WordWrap="true" X="20" Width="20" Height="5" />
                <Cell OrigWidth="20" OrigHeight="5" Text="存货全名" FieldKind="Detail" WordWrap="true" X="40" Width="20" Height="5" />
                <Cell OrigWidth="20" OrigHeight="5" Text="44数量" FieldKind="Detail" WordWrap="true" X="60" Width="20" Height="5" />
                <Cell OrigWidth="20" OrigHeight="5" Text="仓库全名44--##'&quot;数量" FieldKind="Detail" WordWrap="true" X="80" Width="20" Height="5" />
                <Cell OrigWidth="20" OrigHeight="5" Text="仓库一数量" FieldKind="Detail" WordWrap="true" X="100" Width="20" Height="5" />
                <Cell OrigWidth="20" OrigHeight="5" Text="仓库二数量" FieldKind="Detail" WordWrap="true" X="120" Width="20" Height="5" />
                <Cell OrigWidth="20" OrigHeight="5" Text="99999999数量" FieldKind="Detail" WordWrap="true" X="140" Width="20" Height="5" />
                <Cell OrigWidth="20" OrigHeight="5" Text="99999999数量1" FieldKind="Detail" WordWrap="true" X="160" Width="20" Height="5" />
                <Cell OrigWidth="20" OrigHeight="5" Text="99999999数量2" FieldKind="Detail" WordWrap="true" X="180" Width="20" Height="5" />
                <Cell OrigWidth="20" OrigHeight="5" Text="99999999数量3" FieldKind="Detail" WordWrap="true" X="200" Width="20" Height="5" />
                <Cell OrigWidth="20" OrigHeight="5" Text="99999999数量4" FieldKind="Detail" WordWrap="true" X="220" Width="20" Height="5" />
                <Cell OrigWidth="20" OrigHeight="5" Text="99999999数量5" FieldKind="Detail" WordWrap="true" X="240" Width="20" Height="5" />
                <Cell OrigWidth="20" OrigHeight="5" Text="99999999数量6" FieldKind="Detail" WordWrap="true" X="260" Width="20" Height="5" />
                <Cell OrigWidth="20" OrigHeight="5" Text="99999999数量7" FieldKind="Detail" WordWrap="true" X="280" Width="20" Height="5" />
                <Cell OrigWidth="20" OrigHeight="5" Text="99999999数量8" FieldKind="Detail" WordWrap="true" X="300" Width="20" Height="5" />
                <Cell OrigWidth="20" OrigHeight="5" Text="99999999数量9" FieldKind="Detail" WordWrap="true" X="320" Width="20" Height="5" />
                <Cell OrigWidth="20" OrigHeight="5" Text="99999999数量10" FieldKind="Detail" WordWrap="true" X="340" Width="20" Height="5" />
                <Cell OrigWidth="20" OrigHeight="5" Text="99999999数量11" FieldKind="Detail" WordWrap="true" X="360" Width="20" Height="5" />
                <Cell OrigWidth="20" OrigHeight="5" Text="99999999数量12" FieldKind="Detail" WordWrap="true" X="380" Width="20" Height="5" />
                <Cell OrigWidth="20" OrigHeight="5" Text="99999999数量13" FieldKind="Detail" WordWrap="true" X="400" Width="20" Height="5" />
                <Cell OrigWidth="20" OrigHeight="5" Text="99999999数量14" FieldKind="Detail" WordWrap="true" X="420" Width="20" Height="5" />
                <Cell OrigWidth="20" OrigHeight="5" Text="99999999数量15" FieldKind="Detail" WordWrap="true" X="440" Width="20" Height="5" />
                <Cell OrigWidth="20" OrigHeight="5" Text="99999999数量16" FieldKind="Detail" WordWrap="true" X="460" Width="20" Height="5" />
                <Cell OrigWidth="20" OrigHeight="5" Text="99999999数量17" FieldKind="Detail" WordWrap="true" X="480" Width="20" Height="5" />
                <Cell OrigWidth="20" OrigHeight="5" Text="99999999数量18" FieldKind="Detail" WordWrap="true" X="500" Width="20" Height="5" />
                <Cell OrigWidth="20" OrigHeight="5" Text="99999999数量19" FieldKind="Detail" WordWrap="true" X="520" Width="20" Height="5" />
                <Cell OrigWidth="20" OrigHeight="5" Text="99999999数量20" FieldKind="Detail" WordWrap="true" X="540" Width="20" Height="5" />
                <Cell OrigWidth="20" OrigHeight="5" Text="99999999数量21" FieldKind="Detail" WordWrap="true" X="560" Width="20" Height="5" />
                <Cell OrigWidth="20" OrigHeight="5" Text="99999999数量22" FieldKind="Detail" WordWrap="true" X="580" Width="20" Height="5" />
                <Cell OrigWidth="20" OrigHeight="5" Text="99999999数量23" FieldKind="Detail" WordWrap="true" X="600" Width="20" Height="5" />
                <Cell OrigWidth="20" OrigHeight="5" Text="99999999数量24" FieldKind="Detail" WordWrap="true" X="620" Width="20" Height="5" />
                <Cell OrigWidth="20" OrigHeight="5" Text="99999999数量25" FieldKind="Detail" WordWrap="true" X="640" Width="20" Height="5" />
                <Cell OrigWidth="20" OrigHeight="5" Text="99999999数量26" FieldKind="Detail" WordWrap="true" X="660" Width="20" Height="5" />
                <Cell OrigWidth="20" OrigHeight="5" Text="99999999数量27" FieldKind="Detail" WordWrap="true" X="680" Width="20" Height="5" />
                <Cell OrigWidth="20" OrigHeight="5" Text="99999999数量28" FieldKind="Detail" WordWrap="true" X="700" Width="20" Height="5" />
                <Cell OrigWidth="20" OrigHeight="5" Text="99999999数量29" FieldKind="Detail" WordWrap="true" X="720" Width="20" Height="5" />
                <Cell OrigWidth="20" OrigHeight="5" Text="99999999数量30" FieldKind="Detail" WordWrap="true" X="740" Width="20" Height="5" />
                <Cell OrigWidth="20" OrigHeight="5" Text="99999999数量31" FieldKind="Detail" WordWrap="true" X="760" Width="20" Height="5" />
                <Cell OrigWidth="20" OrigHeight="5" Text="99999999数量32" FieldKind="Detail" WordWrap="true" X="780" Width="20" Height="5" />
                <Cell OrigWidth="20" OrigHeight="5" Text="99999999数量33" FieldKind="Detail" WordWrap="true" X="800" Width="20" Height="5" />
                <Cell OrigWidth="20" OrigHeight="5" Text="99999999数量34" FieldKind="Detail" WordWrap="true" X="820" Width="20" Height="5" />
                <Cell OrigWidth="20" OrigHeight="5" Text="99999999数量35" FieldKind="Detail" WordWrap="true" X="840" Width="20" Height="5" />
                <Cell OrigWidth="20" OrigHeight="5" Text="99999999数量36" FieldKind="Detail" WordWrap="true" X="860" Width="20" Height="5" />
                <Cell OrigWidth="20" OrigHeight="5" Text="99999999数量37" FieldKind="Detail" WordWrap="true" X="880" Width="20" Height="5" />
                <Cell OrigWidth="20" OrigHeight="5" Text="99999999数量38" FieldKind="Detail" WordWrap="true" X="900" Width="20" Height="5" />
                <Cell OrigWidth="20" OrigHeight="5" Text="99999999数量39" FieldKind="Detail" WordWrap="true" X="920" Width="20" Height="5" />
                <Cell OrigWidth="20" OrigHeight="5" Text="99999999数量40" FieldKind="Detail" WordWrap="true" X="940" Width="20" Height="5" />
                <Cell OrigWidth="20" OrigHeight="5" Text="99999999数量41" FieldKind="Detail" WordWrap="true" X="960" Width="20" Height="5" />
                <Cell OrigWidth="20" OrigHeight="5" Text="99999999数量42" FieldKind="Detail" WordWrap="true" X="980" Width="20" Height="5" />
                <Cell OrigWidth="20" OrigHeight="5" Text="99999999数量43" FieldKind="Detail" WordWrap="true" X="1000" Width="20" Height="5" />
                <Cell OrigWidth="20" OrigHeight="5" Text="99999999数量44" FieldKind="Detail" WordWrap="true" X="1020" Width="20" Height="5" />
                <Cell OrigWidth="20" OrigHeight="5" Text="99999999数量45" FieldKind="Detail" WordWrap="true" X="1040" Width="20" Height="5" />
                <Cell OrigWidth="20" OrigHeight="5" Text="合计数量" FieldKind="Detail" WordWrap="true" X="1060" Width="20" Height="5" />
              </Cells>
            </Row>
            <Row Height="5">
              <Cells>
                <Cell OrigWidth="20" OrigHeight="5" Text="合计" WordWrap="true" Width="20" Height="5" />
                <Cell OrigWidth="20" OrigHeight="5" Text="" WordWrap="true" X="20" Width="20" Height="5" />
                <Cell OrigWidth="20" OrigHeight="5" Text="" WordWrap="true" X="40" Width="20" Height="5" />
                <Cell OrigWidth="20" OrigHeight="5" Text="" WordWrap="true" X="60" Width="20" Height="5" />
                <Cell OrigWidth="20" OrigHeight="5" Text="" WordWrap="true" X="80" Width="20" Height="5" />
                <Cell OrigWidth="20" OrigHeight="5" Text="" WordWrap="true" X="100" Width="20" Height="5" />
                <Cell OrigWidth="20" OrigHeight="5" Text="" WordWrap="true" X="120" Width="20" Height="5" />
                <Cell OrigWidth="20" OrigHeight="5" Text="" WordWrap="true" X="140" Width="20" Height="5" />
                <Cell OrigWidth="20" OrigHeight="5" Text="" WordWrap="true" X="160" Width="20" Height="5" />
                <Cell OrigWidth="20" OrigHeight="5" Text="" WordWrap="true" X="180" Width="20" Height="5" />
                <Cell OrigWidth="20" OrigHeight="5" Text="" WordWrap="true" X="200" Width="20" Height="5" />
                <Cell OrigWidth="20" OrigHeight="5" Text="" WordWrap="true" X="220" Width="20" Height="5" />
                <Cell OrigWidth="20" OrigHeight="5" Text="" WordWrap="true" X="240" Width="20" Height="5" />
                <Cell OrigWidth="20" OrigHeight="5" Text="" WordWrap="true" X="260" Width="20" Height="5" />
                <Cell OrigWidth="20" OrigHeight="5" Text="" WordWrap="true" X="280" Width="20" Height="5" />
                <Cell OrigWidth="20" OrigHeight="5" Text="" WordWrap="true" X="300" Width="20" Height="5" />
                <Cell OrigWidth="20" OrigHeight="5" Text="" WordWrap="true" X="320" Width="20" Height="5" />
                <Cell OrigWidth="20" OrigHeight="5" Text="" WordWrap="true" X="340" Width="20" Height="5" />
                <Cell OrigWidth="20" OrigHeight="5" Text="" WordWrap="true" X="360" Width="20" Height="5" />
                <Cell OrigWidth="20" OrigHeight="5" Text="" WordWrap="true" X="380" Width="20" Height="5" />
                <Cell OrigWidth="20" OrigHeight="5" Text="" WordWrap="true" X="400" Width="20" Height="5" />
                <Cell OrigWidth="20" OrigHeight="5" Text="" WordWrap="true" X="420" Width="20" Height="5" />
                <Cell OrigWidth="20" OrigHeight="5" Text="" WordWrap="true" X="440" Width="20" Height="5" />
                <Cell OrigWidth="20" OrigHeight="5" Text="" WordWrap="true" X="460" Width="20" Height="5" />
                <Cell OrigWidth="20" OrigHeight="5" Text="" WordWrap="true" X="480" Width="20" Height="5" />
                <Cell OrigWidth="20" OrigHeight="5" Text="" WordWrap="true" X="500" Width="20" Height="5" />
                <Cell OrigWidth="20" OrigHeight="5" Text="" WordWrap="true" X="520" Width="20" Height="5" />
                <Cell OrigWidth="20" OrigHeight="5" Text="" WordWrap="true" X="540" Width="20" Height="5" />
                <Cell OrigWidth="20" OrigHeight="5" Text="" WordWrap="true" X="560" Width="20" Height="5" />
                <Cell OrigWidth="20" OrigHeight="5" Text="" WordWrap="true" X="580" Width="20" Height="5" />
                <Cell OrigWidth="20" OrigHeight="5" Text="" WordWrap="true" X="600" Width="20" Height="5" />
                <Cell OrigWidth="20" OrigHeight="5" Text="" WordWrap="true" X="620" Width="20" Height="5" />
                <Cell OrigWidth="20" OrigHeight="5" Text="" WordWrap="true" X="640" Width="20" Height="5" />
                <Cell OrigWidth="20" OrigHeight="5" Text="" WordWrap="true" X="660" Width="20" Height="5" />
                <Cell OrigWidth="20" OrigHeight="5" Text="" WordWrap="true" X="680" Width="20" Height="5" />
                <Cell OrigWidth="20" OrigHeight="5" Text="" WordWrap="true" X="700" Width="20" Height="5" />
                <Cell OrigWidth="20" OrigHeight="5" Text="" WordWrap="true" X="720" Width="20" Height="5" />
                <Cell OrigWidth="20" OrigHeight="5" Text="" WordWrap="true" X="740" Width="20" Height="5" />
                <Cell OrigWidth="20" OrigHeight="5" Text="" WordWrap="true" X="760" Width="20" Height="5" />
                <Cell OrigWidth="20" OrigHeight="5" Text="" WordWrap="true" X="780" Width="20" Height="5" />
                <Cell OrigWidth="20" OrigHeight="5" Text="" WordWrap="true" X="800" Width="20" Height="5" />
                <Cell OrigWidth="20" OrigHeight="5" Text="" WordWrap="true" X="820" Width="20" Height="5" />
                <Cell OrigWidth="20" OrigHeight="5" Text="" WordWrap="true" X="840" Width="20" Height="5" />
                <Cell OrigWidth="20" OrigHeight="5" Text="" WordWrap="true" X="860" Width="20" Height="5" />
                <Cell OrigWidth="20" OrigHeight="5" Text="" WordWrap="true" X="880" Width="20" Height="5" />
                <Cell OrigWidth="20" OrigHeight="5" Text="" WordWrap="true" X="900" Width="20" Height="5" />
                <Cell OrigWidth="20" OrigHeight="5" Text="" WordWrap="true" X="920" Width="20" Height="5" />
                <Cell OrigWidth="20" OrigHeight="5" Text="" WordWrap="true" X="940" Width="20" Height="5" />
                <Cell OrigWidth="20" OrigHeight="5" Text="" WordWrap="true" X="960" Width="20" Height="5" />
                <Cell OrigWidth="20" OrigHeight="5" Text="" WordWrap="true" X="980" Width="20" Height="5" />
                <Cell OrigWidth="20" OrigHeight="5" Text="" WordWrap="true" X="1000" Width="20" Height="5" />
                <Cell OrigWidth="20" OrigHeight="5" Text="" WordWrap="true" X="1020" Width="20" Height="5" />
                <Cell OrigWidth="20" OrigHeight="5" Text="" WordWrap="true" X="1040" Width="20" Height="5" />
                <Cell OrigWidth="20" OrigHeight="5" Text="" WordWrap="true" X="1060" Width="20" Height="5" />
              </Cells>
            </Row>
          </Rows>
        </TableElement>
      </Elements>
      <Bands>
        <Band IsVisible="false" />
        <Band BandKind="PageHeader" Height="20" />
        <Band BandKind="ReportHeader" Y="20" Height="150" />
        <Band IsVisible="false" BandKind="PageBodyHeader" />
        <Band BandKind="PageDetail" Y="170" Height="107" />
        <Band IsVisible="false" BandKind="PageBodyFooter" />
        <Band IsVisible="false" BandKind="ReportFooter" Height="20" />
        <Band BandKind="PageFooter" Y="277" Height="20" />
      </Bands>
    </Page>
  </Pages>
  <PageSettings MarginLeft="10" MarginTop="20" MarginBottom="20" PageWidth="210" PageHeight="297" />
  <ExpressionFields />
</Report>