<Report>
  <Pages>
    <Page Width="210" Height="297">
      <OrderFields />
      <Elements>
        <TextElement Text="表名" FieldKind="Master" LeftLineVisible="false" TopLineVisible="false" RightLineVisible="false" BottomLineVisible="false" TextHAlign="Center" BandKind="ReportHeader" X="9.59375387827555" Y="25.0000001907349" Width="189.964583714803" Height="10.000000278155" FontSize="25" BoldFont="true" />
        <TableElement X="10" Y="40" Width="189.628125" Height="235.521880467733">
          <Rows>
            <Row X="10" Y="40" Width="189.628125" Height="5">
              <Cells>
                <Cell OrigWidth="21.3724602987658" OrigHeight="5" Text="科目名称：" LeftLineVisible="false" TopLineVisible="false" RightLineVisible="false" TextHAlign="Center" WordWrap="true" X="10" Y="40" Width="21.3724602987658" Height="5" TextColor="black" />
                <Cell OrigWidth="31.2014980345675" OrigHeight="5" Text="科目名称" FieldKind="Master" LeftLineVisible="false" TopLineVisible="false" RightLineVisible="false" WordWrap="true" X="31.3724602987658" Y="40" Width="31.2014980345675" Height="5" TextColor="black" />
                <Cell OrigWidth="24.3416666666667" OrigHeight="5" Text="上日余额：" LeftLineVisible="false" TopLineVisible="false" RightLineVisible="false" TextHAlign="Center" WordWrap="true" X="62.5739583333333" Y="40" Width="24.3416666666667" Height="5" TextColor="black" />
                <Cell OrigWidth="32.146875" OrigHeight="5" Text="上日余额" FieldKind="Master" LeftLineVisible="false" TopLineVisible="false" RightLineVisible="false" WordWrap="true" X="86.915625" Y="40" Width="32.146875" Height="5" TextColor="black" />
                <Cell OrigWidth="15.7427083333333" OrigHeight="5" Text="" LeftLineVisible="false" TopLineVisible="false" RightLineVisible="false" WordWrap="true" X="119.0625" Y="40" Width="15.7427083333333" Height="5" TextColor="black" />
                <Cell OrigWidth="64.8229166666667" OrigHeight="5" Text="" LeftLineVisible="false" TopLineVisible="false" RightLineVisible="false" WordWrap="true" X="134.805208333333" Y="40" Width="64.8229166666667" Height="5" TextColor="black" />
              </Cells>
            </Row>
            <Row X="10" Y="45" Width="189.628125" Height="9.97604166666666">
              <Cells>
                <Cell OrigWidth="17.9135416666667" OrigHeight="9.97604166666666" Text="日期" TextHAlign="Center" WordWrap="true" X="10" Y="45" Width="17.9135416666667" Height="9.97604166666666" TextColor="black" />
                <Cell OrigWidth="11.1125" OrigHeight="9.97604166666666" Text="序号" TextHAlign="Center" WordWrap="true" X="27.9135416666667" Y="45" Width="11.1125" Height="9.97604166666666" TextColor="black" />
                <Cell OrigWidth="10.5833333333333" OrigHeight="9.97604166666666" Text="期间" TextHAlign="Center" WordWrap="true" X="39.0260416666667" Y="45" Width="10.5833333333333" Height="9.97604166666666" TextColor="black" />
                <Cell OrigWidth="37.30625" OrigHeight="9.97604166666666" Text="摘要" TextHAlign="Center" WordWrap="true" X="49.609375" Y="45" Width="37.30625" Height="9.97604166666666" TextColor="black" />
                <Cell OrigWidth="18.7854166666667" OrigHeight="9.97604166666666" Text="凭证号" TextHAlign="Center" WordWrap="true" X="86.915625" Y="45" Width="18.7854166666667" Height="9.97604166666666" TextColor="black" />
                <Cell OrigWidth="29.1041666666667" OrigHeight="9.97604166666666" Text="对方科目编号" TextHAlign="Center" WordWrap="true" X="105.701041666667" Y="45" Width="29.1041666666667" Height="9.97604166666666" TextColor="black" />
                <Cell OrigWidth="18.25625" OrigHeight="9.97604166666666" Text="借方金额" TextHAlign="Center" WordWrap="true" X="134.805208333333" Y="45" Width="18.25625" Height="9.97604166666666" TextColor="black" />
                <Cell OrigWidth="18.25625" OrigHeight="9.97604166666666" Text="贷方金额" TextHAlign="Center" X="153.061458333333" Y="45" Width="18.25625" Height="9.97604166666666" />
                <Cell OrigWidth="12.9645833333333" OrigHeight="9.97604166666666" Text="余额" TextHAlign="Center" X="171.317708333333" Y="45" Width="12.9645833333333" Height="9.97604166666666" />
                <Cell OrigWidth="15.3458333333332" OrigHeight="9.97604166666666" Text="经办人" TextHAlign="Center" X="184.282291666667" Y="45" Width="15.3458333333332" Height="9.97604166666666" />
              </Cells>
            </Row>
            <Row X="10" Y="54.9760416666667" Width="189.628125" Height="4.92812499999999">
              <Cells>
                <Cell OrigWidth="17.9135416666667" OrigHeight="4.92812499999999" Text="日期" FieldKind="Detail" WordWrap="true" X="10" Y="54.9760416666667" Width="17.9135416666667" Height="4.92812499999999" />
                <Cell OrigWidth="11.1125" OrigHeight="4.92812499999999" Text="序号" FieldKind="Detail" TextHAlign="Center" WordWrap="true" X="27.9135416666667" Y="54.9760416666667" Width="11.1125" Height="4.92812499999999" />
                <Cell OrigWidth="10.5833333333333" OrigHeight="4.92812499999999" Text="期间" FieldKind="Detail" TextHAlign="Center" WordWrap="true" X="39.0260416666667" Y="54.9760416666667" Width="10.5833333333333" Height="4.92812499999999" />
                <Cell OrigWidth="37.30625" OrigHeight="4.92812499999999" Text="摘要" FieldKind="Detail" WordWrap="true" X="49.609375" Y="54.9760416666667" Width="37.30625" Height="4.92812499999999" />
                <Cell OrigWidth="18.7854166666667" OrigHeight="4.92812499999999" Text="凭证号" FieldKind="Detail" WordWrap="true" X="86.915625" Y="54.9760416666667" Width="18.7854166666667" Height="4.92812499999999" />
                <Cell OrigWidth="29.1041666666667" OrigHeight="4.92812499999999" Text="对方科目编号" FieldKind="Detail" WordWrap="true" X="105.701041666667" Y="54.9760416666667" Width="29.1041666666667" Height="4.92812499999999" />
                <Cell OrigWidth="18.25625" OrigHeight="4.92812499999999" Text="借方金额" FieldKind="Detail" TextHAlign="Center" WordWrap="true" X="134.805208333333" Y="54.9760416666667" Width="18.25625" Height="4.92812499999999" />
                <Cell OrigWidth="18.25625" OrigHeight="4.92812499999999" Text="贷方金额" FieldKind="Detail" X="153.061458333333" Y="54.9760416666667" Width="18.25625" Height="4.92812499999999" />
                <Cell OrigWidth="12.9645833333333" OrigHeight="4.92812499999999" Text="余额" FieldKind="Detail" X="171.317708333333" Y="54.9760416666667" Width="12.9645833333333" Height="4.92812499999999" />
                <Cell OrigWidth="15.3458333333333" OrigHeight="4.92812499999999" Text="经办人" FieldKind="Detail" X="184.282291666667" Y="54.9760416666667" Width="15.3458333333333" Height="4.92812499999999" />
              </Cells>
            </Row>
            <Row X="10" Y="59.9041666666666" Width="189.628125" Height="4.52187500000002">
              <Cells>
                <Cell OrigWidth="38.4571398867775" OrigHeight="4.52187500000002" Text="" LeftLineVisible="false" RightLineVisible="false" BottomLineVisible="false" WordWrap="true" X="10" Y="59.9041666666666" Width="38.4571398867775" Height="4.52187500000002" TextColor="black" />
                <Cell OrigWidth="1.1522351132225" OrigHeight="4.52187500000002" Text="" LeftLineVisible="false" RightLineVisible="false" BottomLineVisible="false" WordWrap="true" X="48.4571398867775" Y="59.9041666666666" Width="1.1522351132225" Height="4.52187500000002" TextColor="black" />
                <Cell OrigWidth="37.30625" OrigHeight="4.52187500000002" Text="" LeftLineVisible="false" RightLineVisible="false" BottomLineVisible="false" WordWrap="true" X="49.609375" Y="59.9041666666666" Width="37.30625" Height="4.52187500000002" TextColor="black" />
                <Cell OrigWidth="44.6859511022373" OrigHeight="4.52187500000002" Text="" LeftLineVisible="false" RightLineVisible="false" BottomLineVisible="false" WordWrap="true" X="86.915625" Y="59.9041666666666" Width="44.6859511022373" Height="4.52187500000002" TextColor="black" />
                <Cell OrigWidth="3.20363223109604" OrigHeight="4.52187500000002" Text="" LeftLineVisible="false" RightLineVisible="false" BottomLineVisible="false" WordWrap="true" X="131.601576102237" Y="59.9041666666666" Width="3.20363223109604" Height="4.52187500000002" TextColor="black" />
                <Cell OrigWidth="20.5096902496832" OrigHeight="4.52187500000002" Text="" LeftLineVisible="false" RightLineVisible="false" BottomLineVisible="false" X="134.805208333333" Y="59.9041666666666" Width="20.5096902496832" Height="4.52187500000002" />
                <Cell OrigWidth="20.5096902496832" OrigHeight="4.52187500000002" Text="打印时间：" LeftLineVisible="false" RightLineVisible="false" BottomLineVisible="false" X="155.314898583017" Y="59.9041666666666" Width="20.5096902496832" Height="4.52187500000002" />
                <Cell OrigWidth="23.8035361673004" OrigHeight="4.52187500000002" Text="日期" FieldKind="System" LeftLineVisible="false" RightLineVisible="false" BottomLineVisible="false" TextHAlign="Right" X="175.8245888327" Y="59.9041666666666" Width="23.8035361673004" Height="4.52187500000002" />
              </Cells>
            </Row>
            <Row X="10" Y="64.4260416666667" Width="189.628125" Height="5">
              <Cells>
                <Cell OrigWidth="7.42344674259339" OrigHeight="5" Text="" LeftLineVisible="false" TopLineVisible="false" RightLineVisible="false" BottomLineVisible="false" WordWrap="true" X="10" Y="64.4260416666667" Width="7.42344674259339" Height="5" TextColor="black" />
                <Cell OrigWidth="9.31010794325524" OrigHeight="5" Text="" LeftLineVisible="false" TopLineVisible="false" RightLineVisible="false" BottomLineVisible="false" WordWrap="true" X="17.4234467425934" Y="64.4260416666667" Width="9.31010794325524" Height="5" TextColor="black" />
                <Cell OrigWidth="14.2237760244177" OrigHeight="5" Text="" LeftLineVisible="false" TopLineVisible="false" RightLineVisible="false" BottomLineVisible="false" WordWrap="true" X="26.7335546858486" Y="64.4260416666667" Width="14.2237760244177" Height="5" TextColor="black" />
                <Cell OrigWidth="7.49980917651118" OrigHeight="5" Text="" LeftLineVisible="false" TopLineVisible="false" RightLineVisible="false" BottomLineVisible="false" WordWrap="true" X="40.9573307102663" Y="64.4260416666667" Width="7.49980917651118" Height="5" TextColor="black" />
                <Cell OrigWidth="1.15223511322249" OrigHeight="5" Text="" LeftLineVisible="false" TopLineVisible="false" RightLineVisible="false" BottomLineVisible="false" WordWrap="true" X="48.4571398867775" Y="64.4260416666667" Width="1.15223511322249" Height="5" TextColor="black" />
                <Cell OrigWidth="37.30625" OrigHeight="5" Text="" LeftLineVisible="false" TopLineVisible="false" RightLineVisible="false" BottomLineVisible="false" WordWrap="true" X="49.609375" Y="64.4260416666667" Width="37.30625" Height="5" TextColor="black" />
                <Cell OrigWidth="47.8895833333333" OrigHeight="5" Text="" LeftLineVisible="false" TopLineVisible="false" RightLineVisible="false" BottomLineVisible="false" WordWrap="true" X="86.915625" Y="64.4260416666667" Width="47.8895833333333" Height="5" TextColor="black" />
                <Cell OrigWidth="64.8229166666668" OrigHeight="5" Text="[管家婆软件]" LeftLineVisible="false" TopLineVisible="false" RightLineVisible="false" BottomLineVisible="false" TextHAlign="Right" X="134.805208333333" Y="64.4260416666667" Width="64.8229166666668" Height="5" />
              </Cells>
            </Row>
            <Row X="10" Y="69.4260416666667" Width="2">
              <Cells>
                <Cell OrigWidth="2" OrigHeight="-70" Text=" " LeftLineVisible="false" TopLineVisible="false" RightLineVisible="false" BottomLineVisible="false" WordWrap="true" X="10" Y="69.4260416666667" Width="2" />
              </Cells>
            </Row>
          </Rows>
        </TableElement>
        <TextElement Text="总页码" FieldKind="System" LeftLineVisible="false" TopLineVisible="false" RightLineVisible="false" BottomLineVisible="false" TextHAlign="Right" BandKind="PageHeader" X="156.843753306071" Y="14.4937495231628" Width="42.7541692415873" Height="5.0000001390775" />
      </Elements>
      <Bands>
        <Band IsVisible="false" />
        <Band BandKind="PageHeader" Height="20" />
        <Band BandKind="ReportHeader" Y="19.84375" Height="19.84375" />
        <Band IsVisible="false" BandKind="PageBodyHeader" />
        <Band BandKind="PageDetail" Y="39.6875" Height="237.15625" />
        <Band IsVisible="false" BandKind="PageBodyFooter" />
        <Band IsVisible="false" BandKind="ReportFooter" />
        <Band BandKind="PageFooter" Y="276.754166666667" Height="20" />
      </Bands>
    </Page>
  </Pages>
  <PageSettings MarginLeft="10" MarginTop="20" MarginRight="10" MarginBottom="20" PageWidth="210" PageHeight="297" />
  <ExpressionFields />
</Report>