<Report>
  <Pages>
    <Page Width="210" Height="297" TextVAlign="Center">
      <OrderFields />
      <Elements>
        <TextElement Text="表名" FieldKind="Master" LeftLineVisible="false" TopLineVisible="false" RightLineVisible="false" BottomLineVisible="false" BandKind="ReportHeader" X="9.32917054494222" Y="25.1083329677582" Width="190.649990844727" Height="10.000000278155" FontSize="20" BoldFont="true" TextHAlign="Center" TextVAlign="Center" />
        <TableElement X="10" Y="40" Width="189.892708333333" Height="235.611458333333" TextVAlign="Center">
          <Rows>
            <Row X="10" Y="40" Width="189.892708333333" Height="5" TextVAlign="Center">
              <Cells>
                <Cell CellWidth="3.4" OrigWidth="40.1385416666667" OrigHeight="5" Text="月份" FieldKind="Master" LeftLineVisible="false" TopLineVisible="false" RightLineVisible="false" X="10" Y="40" Width="40.1385416666667" Height="5" TextColor="black" TextVAlign="Center" WordWrap="true" />
                <Cell CellWidth="3.4" OrigWidth="16.66875" OrigHeight="5" Text="" LeftLineVisible="false" TopLineVisible="false" RightLineVisible="false" X="50.1385416666667" Y="40" Width="16.66875" Height="5" TextColor="black" TextHAlign="Center" TextVAlign="Center" WordWrap="true" />
                <Cell CellWidth="3.4" OrigWidth="18.7854166666667" OrigHeight="5" Text="" LeftLineVisible="false" TopLineVisible="false" RightLineVisible="false" X="66.8072916666667" Y="40" Width="18.7854166666667" Height="5" TextColor="black" TextHAlign="Center" TextVAlign="Center" WordWrap="true" />
                <Cell CellWidth="3.4" OrigWidth="17.9916666666666" OrigHeight="5" Text="" LeftLineVisible="false" TopLineVisible="false" RightLineVisible="false" X="85.5927083333334" Y="40" Width="17.9916666666666" Height="5" TextColor="black" TextHAlign="Center" TextVAlign="Center" WordWrap="true" />
                <Cell CellWidth="3.4" OrigWidth="20.9020833333334" OrigHeight="5" Text="" LeftLineVisible="false" TopLineVisible="false" RightLineVisible="false" X="103.584375" Y="40" Width="20.9020833333334" Height="5" TextColor="black" TextHAlign="Center" TextVAlign="Center" WordWrap="true" />
                <Cell CellWidth="3.4" OrigWidth="19.05" OrigHeight="5" Text="" LeftLineVisible="false" TopLineVisible="false" RightLineVisible="false" X="124.486458333333" Y="40" Width="19.05" Height="5" TextColor="black" TextHAlign="Center" TextVAlign="Center" WordWrap="true" />
                <Cell CellWidth="3.4" OrigWidth="20.1083333333333" OrigHeight="5" Text="" LeftLineVisible="false" TopLineVisible="false" RightLineVisible="false" X="143.536458333333" Y="40" Width="20.1083333333333" Height="5" TextColor="black" TextHAlign="Center" TextVAlign="Center" WordWrap="true" />
                <Cell CellWidth="3.4" OrigWidth="17.7270833333334" OrigHeight="5" Text="" LeftLineVisible="false" TopLineVisible="false" RightLineVisible="false" X="163.644791666667" Y="40" Width="17.7270833333334" Height="5" TextColor="black" TextVAlign="Center" WordWrap="true" />
                <Cell CellWidth="3.4" OrigWidth="18.5208333333333" OrigHeight="5" Text="" LeftLineVisible="false" TopLineVisible="false" RightLineVisible="false" X="181.371875" Y="40" Width="18.5208333333333" Height="5" TextColor="black" TextHAlign="Center" TextVAlign="Center" WordWrap="true" />
              </Cells>
            </Row>
            <Row X="10" Y="45" Width="189.892708333333" Height="5" TextVAlign="Center">
              <Cells>
                <Cell CellWidth="3.4" OrigWidth="15.003125" OrigHeight="5" Text="科目编码" X="10" Y="45" Width="15.003125" Height="5" TextHAlign="Center" TextVAlign="Center" WordWrap="true" />
                <Cell CellWidth="3.4" OrigWidth="25.1354166666667" OrigHeight="5" Text="科目名称" X="25.003125" Y="45" Width="25.1354166666667" Height="5" TextHAlign="Center" TextVAlign="Center" WordWrap="true" />
                <Cell CellWidth="3.4" OrigWidth="16.66875" OrigHeight="5" Text="期初借方" X="50.1385416666667" Y="45" Width="16.66875" Height="5" TextHAlign="Center" TextVAlign="Center" WordWrap="true" />
                <Cell CellWidth="3.4" OrigWidth="18.7854166666667" OrigHeight="5" Text="期初贷方" X="66.8072916666667" Y="45" Width="18.7854166666667" Height="5" TextHAlign="Center" TextVAlign="Center" WordWrap="true" />
                <Cell CellWidth="3.4" OrigWidth="17.9916666666666" OrigHeight="5" Text="本期借方" X="85.5927083333334" Y="45" Width="17.9916666666666" Height="5" TextHAlign="Center" TextVAlign="Center" WordWrap="true" />
                <Cell CellWidth="3.4" OrigWidth="20.9020833333334" OrigHeight="5" Text="本期贷方" X="103.584375" Y="45" Width="20.9020833333334" Height="5" TextHAlign="Center" TextVAlign="Center" WordWrap="true" />
                <Cell CellWidth="3.4" OrigWidth="19.05" OrigHeight="5" Text="本年借方" X="124.486458333333" Y="45" Width="19.05" Height="5" TextHAlign="Center" TextVAlign="Center" WordWrap="true" />
                <Cell CellWidth="3.4" OrigWidth="20.1083333333333" OrigHeight="5" Text="本年贷方" X="143.536458333333" Y="45" Width="20.1083333333333" Height="5" TextHAlign="Center" TextVAlign="Center" WordWrap="true" />
                <Cell CellWidth="3.4" OrigWidth="17.7270833333334" OrigHeight="5" Text="余额借方" X="163.644791666667" Y="45" Width="17.7270833333334" Height="5" TextVAlign="Center" WordWrap="true" />
                <Cell CellWidth="3.4" OrigWidth="18.5208333333333" OrigHeight="5" Text="余额贷方" X="181.371875" Y="45" Width="18.5208333333333" Height="5" TextHAlign="Center" TextVAlign="Center" WordWrap="true" />
              </Cells>
            </Row>
            <Row X="10" Y="50" Width="189.892708333333" Height="5" TextVAlign="Center">
              <Cells>
                <Cell CellWidth="3.4" OrigWidth="15.003125" OrigHeight="5" Text="科目编码" FieldKind="Detail" X="10" Y="50" Width="15.003125" Height="5" TextVAlign="Center" WordWrap="true" />
                <Cell CellWidth="3.4" OrigWidth="25.1354166666667" OrigHeight="5" Text="科目名称" FieldKind="Detail" X="25.003125" Y="50" Width="25.1354166666667" Height="5" TextVAlign="Center" WordWrap="true" />
                <Cell CellWidth="3.4" OrigWidth="16.66875" OrigHeight="5" Text="期初借方" FieldKind="Detail" X="50.1385416666667" Y="50" Width="16.66875" Height="5" TextVAlign="Center" WordWrap="true" />
                <Cell CellWidth="3.4" OrigWidth="18.7854166666667" OrigHeight="5" Text="期初贷方" FieldKind="Detail" X="66.8072916666667" Y="50" Width="18.7854166666667" Height="5" TextVAlign="Center" WordWrap="true" />
                <Cell CellWidth="3.4" OrigWidth="17.9916666666666" OrigHeight="5" Text="本期借方" FieldKind="Detail" X="85.5927083333334" Y="50" Width="17.9916666666666" Height="5" TextVAlign="Center" WordWrap="true" />
                <Cell CellWidth="3.4" OrigWidth="20.9020833333334" OrigHeight="5" Text="本期贷方" FieldKind="Detail" X="103.584375" Y="50" Width="20.9020833333334" Height="5" TextVAlign="Center" WordWrap="true" />
                <Cell CellWidth="3.4" OrigWidth="19.05" OrigHeight="5" Text="本年借方" FieldKind="Detail" X="124.486458333333" Y="50" Width="19.05" Height="5" TextVAlign="Center" WordWrap="true" />
                <Cell CellWidth="3.4" OrigWidth="20.1083333333333" OrigHeight="5" Text="本年贷方" FieldKind="Detail" X="143.536458333333" Y="50" Width="20.1083333333333" Height="5" TextVAlign="Center" WordWrap="true" />
                <Cell CellWidth="3.4" OrigWidth="17.7270833333334" OrigHeight="5" Text="余额借方" FieldKind="Detail" X="163.644791666667" Y="50" Width="17.7270833333334" Height="5" TextVAlign="Center" WordWrap="true" />
                <Cell CellWidth="3.4" OrigWidth="18.5208333333333" OrigHeight="5" Text="余额贷方" FieldKind="Detail" X="181.371875" Y="50" Width="18.5208333333333" Height="5" TextVAlign="Center" WordWrap="true" />
              </Cells>
            </Row>
            <Row X="10" Y="55" Width="189.892708333333" Height="5" TextVAlign="Center">
              <Cells>
                <Cell CellWidth="3.4" OrigWidth="15.003125" OrigHeight="5" Text="" LeftLineVisible="false" RightLineVisible="false" BottomLineVisible="false" X="10" Y="55" Width="15.003125" Height="5" TextVAlign="Center" WordWrap="true" />
                <Cell CellWidth="3.4" OrigWidth="25.1354166666667" OrigHeight="5" Text="" LeftLineVisible="false" RightLineVisible="false" BottomLineVisible="false" X="25.003125" Y="55" Width="25.1354166666667" Height="5" TextVAlign="Center" WordWrap="true" />
                <Cell CellWidth="3.4" OrigWidth="35.4541666666667" OrigHeight="5" Text="" LeftLineVisible="false" RightLineVisible="false" BottomLineVisible="false" X="50.1385416666667" Y="55" Width="35.4541666666667" Height="5" TextVAlign="Center" WordWrap="true" />
                <Cell CellWidth="3.4" OrigWidth="17.9916666666666" OrigHeight="5" Text="" LeftLineVisible="false" RightLineVisible="false" BottomLineVisible="false" X="85.5927083333334" Y="55" Width="17.9916666666666" Height="5" TextVAlign="Center" WordWrap="true" />
                <Cell CellWidth="3.4" OrigWidth="20.9020833333334" OrigHeight="5" Text="制表人：" LeftLineVisible="false" RightLineVisible="false" BottomLineVisible="false" X="103.584375" Y="55" Width="20.9020833333334" Height="5" TextVAlign="Center" WordWrap="true" />
                <Cell CellWidth="3.4" OrigWidth="19.05" OrigHeight="5" Text="" LeftLineVisible="false" RightLineVisible="false" BottomLineVisible="false" X="124.486458333333" Y="55" Width="19.05" Height="5" TextVAlign="Center" WordWrap="true" />
                <Cell CellWidth="3.4" OrigWidth="34.3958333333333" OrigHeight="5" Text="打印时间：" LeftLineVisible="false" RightLineVisible="false" BottomLineVisible="false" X="143.536458333333" Y="55" Width="34.3958333333333" Height="5" TextHAlign="Right" TextVAlign="Center" WordWrap="true" />
                <Cell CellWidth="3.4" OrigWidth="21.9604166666666" OrigHeight="5" Text="日期" FieldKind="System" LeftLineVisible="false" RightLineVisible="false" BottomLineVisible="false" X="177.932291666667" Y="55" Width="21.9604166666666" Height="5" TextHAlign="Right" TextVAlign="Center" WordWrap="true" />
              </Cells>
            </Row>
            <Row X="10" Y="60" Width="189.892708333333" Height="5" TextVAlign="Center">
              <Cells>
                <Cell CellWidth="3.4" OrigWidth="15.003125" OrigHeight="5" Text="" LeftLineVisible="false" TopLineVisible="false" RightLineVisible="false" BottomLineVisible="false" X="10" Y="60" Width="15.003125" Height="5" TextColor="black" TextVAlign="Center" WordWrap="true" />
                <Cell CellWidth="3.4" OrigWidth="25.1354166666667" OrigHeight="5" Text="" LeftLineVisible="false" TopLineVisible="false" RightLineVisible="false" BottomLineVisible="false" X="25.003125" Y="60" Width="25.1354166666667" Height="5" TextColor="black" TextVAlign="Center" WordWrap="true" />
                <Cell CellWidth="3.4" OrigWidth="35.4541666666667" OrigHeight="5" Text="" LeftLineVisible="false" TopLineVisible="false" RightLineVisible="false" BottomLineVisible="false" X="50.1385416666667" Y="60" Width="35.4541666666667" Height="5" TextColor="black" TextVAlign="Center" WordWrap="true" />
                <Cell CellWidth="3.4" OrigWidth="17.9916666666666" OrigHeight="5" Text="" LeftLineVisible="false" TopLineVisible="false" RightLineVisible="false" BottomLineVisible="false" X="85.5927083333334" Y="60" Width="17.9916666666666" Height="5" TextColor="black" TextVAlign="Center" WordWrap="true" />
                <Cell CellWidth="3.4" OrigWidth="20.9020833333334" OrigHeight="5" Text="" LeftLineVisible="false" TopLineVisible="false" RightLineVisible="false" BottomLineVisible="false" X="103.584375" Y="60" Width="20.9020833333334" Height="5" TextColor="black" TextVAlign="Center" WordWrap="true" />
                <Cell CellWidth="3.4" OrigWidth="19.05" OrigHeight="5" Text="" LeftLineVisible="false" TopLineVisible="false" RightLineVisible="false" BottomLineVisible="false" X="124.486458333333" Y="60" Width="19.05" Height="5" TextColor="black" TextVAlign="Center" WordWrap="true" />
                <Cell CellWidth="3.4" OrigWidth="56.35625" OrigHeight="5" Text="[管家婆软件]" LeftLineVisible="false" TopLineVisible="false" RightLineVisible="false" BottomLineVisible="false" X="143.536458333333" Y="60" Width="56.35625" Height="5" TextColor="black" TextHAlign="Right" TextVAlign="Center" WordWrap="true" />
              </Cells>
            </Row>
            <Row X="10" Y="65" Width="1" Height="3.92395833333333" TextVAlign="Center">
              <Cells>
                <Cell CellWidth="3.4" OrigWidth="1" OrigHeight="3.92395833333333" Text=" " LeftLineVisible="false" TopLineVisible="false" RightLineVisible="false" BottomLineVisible="false" X="10" Y="65" Width="1" Height="3.92395833333333" TextVAlign="Center" WordWrap="true" />
              </Cells>
            </Row>
          </Rows>
        </TableElement>
        <TextElement Text="总页码" FieldKind="System" LeftLineVisible="false" TopLineVisible="false" RightLineVisible="false" BottomLineVisible="false" BandKind="PageHeader" X="157.372919972738" Y="15.2874995231628" Width="42.754165204366" Height="5.0000001390775" TextHAlign="Right" TextVAlign="Center" />
      </Elements>
      <Bands>
        <Band IsVisible="false" TextVAlign="Center" />
        <Band BandKind="PageHeader" Height="20" TextVAlign="Center" />
        <Band BandKind="ReportHeader" Y="19.84375" Height="19.84375" TextVAlign="Center" />
        <Band IsVisible="false" BandKind="PageBodyHeader" TextVAlign="Center" />
        <Band BandKind="PageDetail" Y="39.6875" Height="237.15625" TextVAlign="Center" />
        <Band IsVisible="false" BandKind="PageBodyFooter" TextVAlign="Center" />
        <Band IsVisible="false" BandKind="ReportFooter" TextVAlign="Center" />
        <Band BandKind="PageFooter" Y="276.754166666667" Height="20" TextVAlign="Center" />
      </Bands>
    </Page>
  </Pages>
  <PageSettings MarginLeft="10" MarginTop="20" MarginRight="10" MarginBottom="20" PageWidth="210" PageHeight="297" />
  <ExpressionFields />
</Report>