<Report MaxRowCount="0">
  <PageSettings MarginLeft="10" MarginTop="20" MarginRight="10" MarginBottom="20" PageWidth="210" PageHeight="297" MaxRowCount="0" />
  <ExpressionFields />
  <Pages>
    <Page Width="210" Height="297">
      <Bands>
        <Band IsVisible="false" />
        <Band BandKind="PageHeader" Height="20" />
        <Band BandKind="ReportHeader" Y="19.84375" Height="20.1083333333333" />
        <Band IsVisible="false" BandKind="PageBodyHeader" />
        <Band BandKind="PageDetail" Y="39.9520833333333" Height="236.891666666667" />
        <Band IsVisible="false" BandKind="PageBodyFooter" />
        <Band IsVisible="false" BandKind="ReportFooter" />
        <Band BandKind="PageFooter" Y="276.754166666667" Height="20" />
      </Bands>
      <OrderFields />
      <Elements>
        <TextElement Text="表名" FieldKind="Master" LeftLineVisible="false" TopLineVisible="false" RightLineVisible="false" BottomLineVisible="false" BandKind="ReportHeader" X="64.0979205449422" Y="25.3729163010915" Width="70" Height="10" FontSize="20" BoldFont="true" />
        <TableElement X="10" Y="40" Width="189.892708333333" Height="234.73646329244">
          <Rows>
            <Row X="10" Y="40" Width="189.892708333333" Height="5">
              <Cells>
                <Cell OrigWidth="20.0302083333333" OrigHeight="5" Text="查询日期：" LeftLineWidth="0" TopLineWidth="0" RightLineWidth="0" BottomLineWidth="0" TextHAlign="Right" WordWrap="true" X="10" Y="40" Width="20.0302083333333" Height="5" TextColor="black" />
                <Cell OrigWidth="19.9697916666667" OrigHeight="5" Text="查询日期" FieldKind="Master" LeftLineWidth="0" TopLineWidth="0" RightLineWidth="0" BottomLineWidth="0" WordWrap="true" X="30.0302083333333" Y="40" Width="19.9697916666667" Height="5" TextColor="black" />
                <Cell OrigWidth="20.246875" OrigHeight="5" Text="超龄天数：" LeftLineWidth="0" TopLineWidth="0" RightLineWidth="0" BottomLineWidth="0" TextHAlign="Right" WordWrap="true" X="50" Y="40" Width="20.246875" Height="5" TextColor="black" />
                <Cell OrigWidth="19.753125" OrigHeight="5" Text="超龄天数" FieldKind="Master" LeftLineWidth="0" TopLineWidth="0" RightLineWidth="0" BottomLineWidth="0" WordWrap="true" X="70.246875" Y="40" Width="19.753125" Height="5" TextColor="black" />
                <Cell OrigWidth="20" OrigHeight="5" Text="基准日期：" LeftLineWidth="0" TopLineWidth="0" RightLineWidth="0" BottomLineWidth="0" TextHAlign="Right" WordWrap="true" X="90" Y="40" Width="20" Height="5" TextColor="black" />
                <Cell OrigWidth="20" OrigHeight="5" Text="基准日期" FieldKind="Master" LeftLineWidth="0" TopLineWidth="0" RightLineWidth="0" BottomLineWidth="0" WordWrap="true" X="110" Y="40" Width="20" Height="5" TextColor="black" />
                <Cell OrigWidth="20" OrigHeight="5" Text="" LeftLineWidth="0" TopLineWidth="0" RightLineWidth="0" BottomLineWidth="0" WordWrap="true" X="130" Y="40" Width="20" Height="5" TextColor="black" />
                <Cell OrigWidth="20" OrigHeight="5" Text="" LeftLineWidth="0" TopLineWidth="0" RightLineWidth="0" BottomLineWidth="0" WordWrap="true" X="150" Y="40" Width="20" Height="5" TextColor="black" />
                <Cell OrigWidth="29.8927083333333" OrigHeight="5" Text="" LeftLineWidth="0" TopLineWidth="0" RightLineWidth="0" BottomLineWidth="0" WordWrap="true" X="170" Y="40" Width="29.8927083333333" Height="5" TextColor="black" />
              </Cells>
            </Row>
            <Row X="10" Y="45" Width="189.892708333333" Height="5">
              <Cells>
                <Cell OrigWidth="20.0302083333333" OrigHeight="5" Text="存货编号" WordWrap="true" X="10" Y="45" Width="20.0302083333333" Height="5" />
                <Cell OrigWidth="19.9697916666667" OrigHeight="5" Text="存货全名" WordWrap="true" X="30.0302083333333" Y="45" Width="19.9697916666667" Height="5" />
                <Cell OrigWidth="20.246875" OrigHeight="5" Text="仓库编号" WordWrap="true" X="50" Y="45" Width="20.246875" Height="5" />
                <Cell OrigWidth="19.753125" OrigHeight="5" Text="仓库全名" WordWrap="true" X="70.246875" Y="45" Width="19.753125" Height="5" />
                <Cell OrigWidth="20" OrigHeight="5" Text="库存数量" WordWrap="true" X="90" Y="45" Width="20" Height="5" />
                <Cell OrigWidth="20" OrigHeight="5" Text="单位成本" WordWrap="true" X="110" Y="45" Width="20" Height="5" />
                <Cell OrigWidth="20" OrigHeight="5" Text="库存金额" WordWrap="true" X="130" Y="45" Width="20" Height="5" />
                <Cell OrigWidth="20" OrigHeight="5" Text="存货库龄" WordWrap="true" X="150" Y="45" Width="20" Height="5" />
                <Cell OrigWidth="29.8927083333333" OrigHeight="5" Text="最近出库日期" WordWrap="true" X="170" Y="45" Width="29.8927083333333" Height="5" />
              </Cells>
            </Row>
            <Row X="10" Y="50" Width="189.892708333333" Height="5">
              <Cells>
                <Cell OrigWidth="20.0302083333333" OrigHeight="5" Text="存货编号" FieldKind="Detail" WordWrap="true" X="10" Y="50" Width="20.0302083333333" Height="5" />
                <Cell OrigWidth="19.9697916666667" OrigHeight="5" Text="存货全名" FieldKind="Detail" WordWrap="true" X="30.0302083333333" Y="50" Width="19.9697916666667" Height="5" />
                <Cell OrigWidth="20.246875" OrigHeight="5" Text="仓库编号" FieldKind="Detail" WordWrap="true" X="50" Y="50" Width="20.246875" Height="5" />
                <Cell OrigWidth="19.753125" OrigHeight="5" Text="仓库全名" FieldKind="Detail" WordWrap="true" X="70.246875" Y="50" Width="19.753125" Height="5" />
                <Cell OrigWidth="20" OrigHeight="5" Text="库存数量" FieldKind="Detail" WordWrap="true" X="90" Y="50" Width="20" Height="5" />
                <Cell OrigWidth="20" OrigHeight="5" Text="单位成本" FieldKind="Detail" WordWrap="true" X="110" Y="50" Width="20" Height="5" />
                <Cell OrigWidth="20" OrigHeight="5" Text="库存金额" FieldKind="Detail" WordWrap="true" X="130" Y="50" Width="20" Height="5" />
                <Cell OrigWidth="20" OrigHeight="5" Text="存货库龄" FieldKind="Detail" WordWrap="true" X="150" Y="50" Width="20" Height="5" />
                <Cell OrigWidth="29.8927083333333" OrigHeight="5" Text="最近出库日期" FieldKind="Detail" WordWrap="true" X="170" Y="50" Width="29.8927083333333" Height="5" />
              </Cells>
            </Row>
          </Rows>
        </TableElement>
        <TextElement Text="总页码" FieldKind="System" LeftLineVisible="false" TopLineVisible="false" RightLineVisible="false" BottomLineVisible="false" X="177.745836639404" Y="13.6999995231628" Width="20" Height="5" />
      </Elements>
    </Page>
  </Pages>
</Report>