<Report MaxRowCount="0">
  <Pages>
    <Page Width="210" Height="297" TextVAlign="Center">
      <OrderFields />
      <Elements>
        <TextElement Text="表名" FieldKind="Master" LeftLineVisible="false" TopLineVisible="false" RightLineVisible="false" BottomLineVisible="false" BandKind="ReportHeader" X="46.6354205449422" Y="25.633335240682" Width="100" Height="10" FontSize="20" BoldFont="true" TextHAlign="Center" TextVAlign="Center" />
        <TableElement X="9.921875" Y="40" Width="189.441666666667" Height="236.422923660278" TextVAlign="Center">
          <Rows>
            <Row X="9.921875" Y="40" Width="189.441666666667" Height="5" TextVAlign="Center">
              <Cells>
                <Cell OrigWidth="26.19375" OrigHeight="5" AccounttantLineVisble="true" Text="部门" X="9.921875" Y="40" Width="26.19375" Height="5" TextHAlign="Center" TextVAlign="Center" WordWrap="true" />
                <Cell OrigWidth="46.83125" OrigHeight="5" AccounttantLineVisble="true" Text="职员" X="36.115625" Y="40" Width="46.83125" Height="5" TextHAlign="Center" TextVAlign="Center" WordWrap="true" />
                <Cell OrigWidth="26.9875" OrigHeight="5" AccounttantLineVisble="true" Text="基本工资" X="82.946875" Y="40" Width="26.9875" Height="5" TextHAlign="Center" TextVAlign="Center" WordWrap="true" />
                <Cell OrigWidth="31.1125" OrigHeight="5" AccounttantLineVisble="true" Text="应发合计" X="109.934375" Y="40" Width="31.1125" Height="5" TextHAlign="Center" TextVAlign="Center" WordWrap="true" />
                <Cell OrigWidth="29.1041666666667" OrigHeight="5" AccounttantLineVisble="true" Text="应扣合计" X="141.046875" Y="40" Width="29.1041666666667" Height="5" TextHAlign="Center" TextVAlign="Center" WordWrap="true" />
                <Cell OrigWidth="29.2125" OrigHeight="5" AccounttantLineVisble="true" Text="实发合计" X="170.151041666667" Y="40" Width="29.2125" Height="5" TextHAlign="Center" TextVAlign="Center" WordWrap="true" />
              </Cells>
            </Row>
            <Row X="9.921875" Y="45" Width="189.441666666667" Height="5" TextVAlign="Center">
              <Cells>
                <Cell OrigWidth="26.19375" OrigHeight="5" AccounttantLineVisble="true" Text="部门全名" FieldKind="Detail" X="9.921875" Y="45" Width="26.19375" Height="5" TextHAlign="Center" TextVAlign="Center" WordWrap="true" />
                <Cell OrigWidth="46.83125" OrigHeight="5" AccounttantLineVisble="true" Text="职员全名" FieldKind="Detail" X="36.115625" Y="45" Width="46.83125" Height="5" TextHAlign="Center" TextVAlign="Center" WordWrap="true" />
                <Cell OrigWidth="26.9875" OrigHeight="5" AccounttantLineVisble="true" Text="基本工资" FieldKind="Detail" X="82.946875" Y="45" Width="26.9875" Height="5" TextHAlign="Center" TextVAlign="Center" WordWrap="true" />
                <Cell OrigWidth="31.1125" OrigHeight="5" AccounttantLineVisble="true" Text="应发合计" FieldKind="Detail" X="109.934375" Y="45" Width="31.1125" Height="5" TextHAlign="Center" TextVAlign="Center" WordWrap="true" />
                <Cell OrigWidth="29.1041666666667" OrigHeight="5" AccounttantLineVisble="true" Text="应扣合计" FieldKind="Detail" X="141.046875" Y="45" Width="29.1041666666667" Height="5" TextHAlign="Center" TextVAlign="Center" WordWrap="true" />
                <Cell OrigWidth="29.2125" OrigHeight="5" AccounttantLineVisble="true" Text="实发合计" FieldKind="Detail" X="170.151041666667" Y="45" Width="29.2125" Height="5" TextHAlign="Center" TextVAlign="Center" WordWrap="true" />
              </Cells>
            </Row>
            <Row X="9.921875" Y="50" Width="189.441666666667" Height="5" TextVAlign="Center">
              <Cells>
                <Cell OrigWidth="73.025" OrigHeight="5" AccounttantLineVisble="true" Text="合计" X="9.921875" Y="50" Width="73.025" Height="5" TextColor="black" TextHAlign="Center" TextVAlign="Center" WordWrap="true" />
                <Cell OrigWidth="26.9875" OrigHeight="5" AccounttantLineVisble="true" Text="基本工资" FieldKind="ToCurPageSum" X="82.946875" Y="50" Width="26.9875" Height="5" TextHAlign="Center" TextVAlign="Center" />
                <Cell OrigWidth="31.1125" OrigHeight="5" AccounttantLineVisble="true" Text="应发合计" FieldKind="ToCurPageSum" X="109.934375" Y="50" Width="31.1125" Height="5" TextColor="black" TextHAlign="Center" TextVAlign="Center" WordWrap="true" />
                <Cell OrigWidth="29.1041666666667" OrigHeight="5" AccounttantLineVisble="true" Text="应扣合计" FieldKind="ToCurPageSum" X="141.046875" Y="50" Width="29.1041666666667" Height="5" TextColor="black" TextHAlign="Center" TextVAlign="Center" WordWrap="true" />
                <Cell OrigWidth="29.2125" OrigHeight="5" AccounttantLineVisble="true" Text="实发合计" FieldKind="ToCurPageSum" X="170.151041666667" Y="50" Width="29.2125" Height="5" TextColor="black" TextHAlign="Center" TextVAlign="Center" WordWrap="true" />
              </Cells>
            </Row>
            <Row X="9.921875" Y="55" Width="189.441666666667" Height="5" TextVAlign="Center">
              <Cells>
                <Cell OrigWidth="26.19375" OrigHeight="5" AccounttantLineVisble="true" Text="" LeftLineVisible="false" RightLineVisible="false" BottomLineVisible="false" X="9.921875" Y="55" Width="26.19375" Height="5" TextColor="black" TextHAlign="Center" TextVAlign="Center" WordWrap="true" />
                <Cell OrigWidth="23.2833333333333" OrigHeight="5" AccounttantLineVisble="true" Text="" LeftLineVisible="false" RightLineVisible="false" BottomLineVisible="false" X="36.115625" Y="55" Width="23.2833333333333" Height="5" TextColor="black" TextHAlign="Center" TextVAlign="Center" WordWrap="true" />
                <Cell OrigWidth="23.1750000000001" OrigHeight="5" AccounttantLineVisble="true" LeftLineVisible="false" RightLineVisible="false" BottomLineVisible="false" X="59.3989583333333" Y="55" Width="23.1750000000001" Height="5" TextVAlign="Center" />
                <Cell OrigWidth="27.3604166666666" OrigHeight="5" AccounttantLineVisble="true" Text="" LeftLineVisible="false" RightLineVisible="false" BottomLineVisible="false" X="82.5739583333334" Y="55" Width="27.3604166666666" Height="5" TextColor="black" TextHAlign="Center" TextVAlign="Center" WordWrap="true" />
                <Cell OrigWidth="31.1125" OrigHeight="5" AccounttantLineVisble="true" Text="" LeftLineVisible="false" RightLineVisible="false" BottomLineVisible="false" X="109.934375" Y="55" Width="31.1125" Height="5" TextColor="black" TextHAlign="Center" TextVAlign="Center" WordWrap="true" />
                <Cell OrigWidth="29.1041666666667" OrigHeight="5" AccounttantLineVisble="true" Text="打印时间：" LeftLineVisible="false" RightLineVisible="false" BottomLineVisible="false" X="141.046875" Y="55" Width="29.1041666666667" Height="5" TextColor="black" TextHAlign="Center" TextVAlign="Center" WordWrap="true" />
                <Cell OrigWidth="29.2125" OrigHeight="5" AccounttantLineVisble="true" Text="日期" FieldKind="System" LeftLineVisible="false" RightLineVisible="false" BottomLineVisible="false" X="170.151041666667" Y="55" Width="29.2125" Height="5" TextColor="black" TextHAlign="Center" TextVAlign="Center" WordWrap="true" />
              </Cells>
            </Row>
            <Row X="9.921875" Y="60" Width="189.441666666667" Height="5" TextVAlign="Center">
              <Cells>
                <Cell OrigWidth="26.19375" OrigHeight="5" AccounttantLineVisble="true" Text="" LeftLineVisible="false" TopLineVisible="false" RightLineVisible="false" BottomLineVisible="false" X="9.921875" Y="60" Width="26.19375" Height="5" TextColor="black" TextHAlign="Center" TextVAlign="Center" WordWrap="true" />
                <Cell OrigWidth="23.2833333333333" OrigHeight="5" AccounttantLineVisble="true" Text="" LeftLineVisible="false" TopLineVisible="false" RightLineVisible="false" BottomLineVisible="false" X="36.115625" Y="60" Width="23.2833333333333" Height="5" TextColor="black" TextHAlign="Center" TextVAlign="Center" WordWrap="true" />
                <Cell OrigWidth="23.1750000000001" OrigHeight="5" AccounttantLineVisble="true" LeftLineVisible="false" TopLineVisible="false" BottomLineVisible="false" X="59.3989583333333" Y="60" Width="23.1750000000001" Height="5" TextVAlign="Center" />
                <Cell OrigWidth="27.3604166666666" OrigHeight="5" AccounttantLineVisble="true" Text="" LeftLineVisible="false" TopLineVisible="false" RightLineVisible="false" BottomLineVisible="false" X="82.5739583333334" Y="60" Width="27.3604166666666" Height="5" TextColor="black" TextHAlign="Center" TextVAlign="Center" WordWrap="true" />
                <Cell OrigWidth="31.1125" OrigHeight="5" AccounttantLineVisble="true" Text="" LeftLineVisible="false" TopLineVisible="false" RightLineVisible="false" BottomLineVisible="false" X="109.934375" Y="60" Width="31.1125" Height="5" TextColor="black" TextHAlign="Center" TextVAlign="Center" WordWrap="true" />
                <Cell OrigWidth="29.1041666666667" OrigHeight="5" AccounttantLineVisble="true" Text="" LeftLineVisible="false" TopLineVisible="false" RightLineVisible="false" BottomLineVisible="false" X="141.046875" Y="60" Width="29.1041666666667" Height="5" TextColor="black" TextHAlign="Center" TextVAlign="Center" WordWrap="true" />
                <Cell OrigWidth="29.2125" OrigHeight="5" AccounttantLineVisble="true" Text="[管家婆软件]" LeftLineVisible="false" TopLineVisible="false" RightLineVisible="false" BottomLineVisible="false" X="170.151041666667" Y="60" Width="29.2125" Height="5" TextColor="black" TextHAlign="Right" TextVAlign="Center" WordWrap="true" />
              </Cells>
            </Row>
          </Rows>
        </TableElement>
        <TextElement Text="总页码" FieldKind="System" LeftLineVisible="false" TopLineVisible="false" RightLineVisible="false" BottomLineVisible="false" BandKind="PageHeader" X="175.629169972738" Y="11.5833328564962" Width="20" Height="5" TextHAlign="Right" TextVAlign="Center" />
      </Elements>
      <Bands>
        <Band IsVisible="false" TextVAlign="Center" />
        <Band BandKind="PageHeader" Height="20" TextVAlign="Center" />
        <Band BandKind="ReportHeader" Y="19.84375" Height="20" TextVAlign="Center" />
        <Band IsVisible="false" BandKind="PageBodyHeader" TextVAlign="Center" />
        <Band BandKind="PageDetail" Y="39.6875" Height="237" TextVAlign="Center" />
        <Band IsVisible="false" BandKind="PageBodyFooter" TextVAlign="Center" />
        <Band IsVisible="false" BandKind="ReportFooter" TextVAlign="Center" />
        <Band BandKind="PageFooter" Y="276.754166666667" Height="20" TextVAlign="Center" />
      </Bands>
    </Page>
  </Pages>
  <PageSettings MarginLeft="10" MarginTop="20" MarginRight="10" MarginBottom="20" PageWidth="210" PageHeight="297" />
  <ExpressionFields />
</Report>