<Report MaxRowCount="0">
  <Pages>
    <Page Width="210" Height="297">
      <OrderFields />
      <Elements>
        <TextElement Text="表名" FieldKind="Master" LeftLineVisible="false" TopLineVisible="false" RightLineVisible="false" BottomLineVisible="false" TextHAlign="Center" BandKind="ReportHeader" X="9.32917054494222" Y="24.7354168574015" Width="190.758333714803" Height="10.000000278155" FontSize="25" BoldFont="true" />
        <TableElement X="10" Y="40" Width="189.892708333333" Height="231.664573923747">
          <Rows>
            <Row X="10" Y="40" Width="189.892708333333" Height="5.37604166666666">
              <Cells>
                <Cell OrigWidth="29.5552083333333" OrigHeight="5.37604166666666" Text="分析期间：" LeftLineVisible="false" TopLineVisible="false" RightLineVisible="false" TextHAlign="Center" WordWrap="true" X="10" Y="40" Width="29.5552083333333" Height="5.37604166666666" TextColor="black" />
                <Cell OrigWidth="47.3604166666667" OrigHeight="5.37604166666666" Text="分析期间" FieldKind="Master" LeftLineVisible="false" TopLineVisible="false" RightLineVisible="false" WordWrap="true" X="39.5552083333333" Y="40" Width="47.3604166666667" Height="5.37604166666666" TextColor="black" />
                <Cell OrigWidth="59.2666666666667" OrigHeight="5.37604166666666" Text="" LeftLineVisible="false" TopLineVisible="false" RightLineVisible="false" TextHAlign="Center" WordWrap="true" X="86.915625" Y="40" Width="59.2666666666667" Height="5.37604166666666" TextColor="black" />
                <Cell OrigWidth="53.7104166666664" OrigHeight="5.37604166666666" Text="" LeftLineVisible="false" TopLineVisible="false" RightLineVisible="false" TextHAlign="Center" WordWrap="true" X="146.182291666667" Y="40" Width="53.7104166666664" Height="5.37604166666666" TextColor="black" />
              </Cells>
            </Row>
            <Row X="10" Y="45.3760416666667" Width="189.892708333333" Height="10">
              <Cells>
                <Cell OrigWidth="29.5552083333333" OrigHeight="10" Text="比率类型" TextHAlign="Center" WordWrap="true" X="10" Y="45.3760416666667" Width="29.5552083333333" Height="10" TextColor="black" />
                <Cell OrigWidth="47.3604166666667" OrigHeight="10" Text="比率名称" TextHAlign="Center" WordWrap="true" X="39.5552083333333" Y="45.3760416666667" Width="47.3604166666667" Height="10" TextColor="black" />
                <Cell OrigWidth="59.2666666666667" OrigHeight="10" Text="单位" TextHAlign="Center" WordWrap="true" X="86.915625" Y="45.3760416666667" Width="59.2666666666667" Height="10" TextColor="black" />
                <Cell OrigWidth="53.7104166666664" OrigHeight="10" Text="指标" TextHAlign="Center" WordWrap="true" X="146.182291666667" Y="45.3760416666667" Width="53.7104166666664" Height="10" TextColor="black" />
              </Cells>
            </Row>
            <Row X="10" Y="55.3760416666667" Width="189.892708333333" Height="5">
              <Cells>
                <Cell OrigWidth="29.5552083333333" OrigHeight="5" Text="比率类型" FieldKind="Detail" WordWrap="true" X="10" Y="55.3760416666667" Width="29.5552083333333" Height="5" />
                <Cell OrigWidth="47.3604166666667" OrigHeight="5" Text="比率名称" FieldKind="Detail" WordWrap="true" X="39.5552083333333" Y="55.3760416666667" Width="47.3604166666667" Height="5" />
                <Cell OrigWidth="59.2666666666667" OrigHeight="5" Text="单位" FieldKind="Detail" WordWrap="true" X="86.915625" Y="55.3760416666667" Width="59.2666666666667" Height="5" />
                <Cell OrigWidth="53.7104166666664" OrigHeight="5" Text="指标" FieldKind="Detail" WordWrap="true" X="146.182291666667" Y="55.3760416666667" Width="53.7104166666664" Height="5" />
              </Cells>
            </Row>
            <Row X="10" Y="60.3760416666667" Width="189.892708333333" Height="5">
              <Cells>
                <Cell OrigWidth="29.5552083333333" OrigHeight="5" Text="" LeftLineVisible="false" RightLineVisible="false" BottomLineVisible="false" WordWrap="true" X="10" Y="60.3760416666667" Width="29.5552083333333" Height="5" TextColor="black" />
                <Cell OrigWidth="19.84375" OrigHeight="5" Text="" LeftLineVisible="false" RightLineVisible="false" BottomLineVisible="false" WordWrap="true" X="39.5552083333333" Y="60.3760416666667" Width="19.84375" Height="5" TextColor="black" />
                <Cell OrigWidth="20.6375" OrigHeight="5" Text="" LeftLineVisible="false" RightLineVisible="false" BottomLineVisible="false" WordWrap="true" X="59.3989583333333" Y="60.3760416666667" Width="20.6375" Height="5" TextColor="black" />
                <Cell OrigWidth="19.3145833333333" OrigHeight="5" Text="制表人:" LeftLineVisible="false" RightLineVisible="false" BottomLineVisible="false" WordWrap="true" X="80.0364583333333" Y="60.3760416666667" Width="19.3145833333333" Height="5" TextColor="black" />
                <Cell OrigWidth="30.1625" OrigHeight="5" Text="" LeftLineVisible="false" RightLineVisible="false" BottomLineVisible="false" WordWrap="true" X="99.3510416666666" Y="60.3760416666667" Width="30.1625" Height="5" TextColor="black" />
                <Cell OrigWidth="20.3729166666666" OrigHeight="5" Text="" LeftLineVisible="false" RightLineVisible="false" BottomLineVisible="false" WordWrap="true" X="129.513541666667" Y="60.3760416666667" Width="20.3729166666666" Height="5" TextColor="black" />
                <Cell OrigWidth="19.5791666666667" OrigHeight="5" Text="打印时间:" LeftLineVisible="false" RightLineVisible="false" BottomLineVisible="false" WordWrap="true" X="149.886458333333" Y="60.3760416666667" Width="19.5791666666667" Height="5" TextColor="black" />
                <Cell OrigWidth="30.427083333333" OrigHeight="5" Text="日期" FieldKind="System" LeftLineVisible="false" RightLineVisible="false" BottomLineVisible="false" TextHAlign="Right" WordWrap="true" X="169.465625" Y="60.3760416666667" Width="30.427083333333" Height="5" TextColor="black" />
              </Cells>
            </Row>
            <Row X="10" Y="65.3760416666667" Width="189.892708333333" Height="5">
              <Cells>
                <Cell OrigWidth="189.892708333333" OrigHeight="5" Text="[管家婆软件]" LeftLineVisible="false" TopLineVisible="false" RightLineVisible="false" BottomLineVisible="false" TextHAlign="Right" WordWrap="true" X="10" Y="65.3760416666667" Width="189.892708333333" Height="5" TextColor="black" />
              </Cells>
            </Row>
          </Rows>
        </TableElement>
        <TextElement Text="总页码" FieldKind="System" LeftLineVisible="false" TopLineVisible="false" RightLineVisible="false" BottomLineVisible="false" TextHAlign="Right" BandKind="PageHeader" X="156.314586639404" Y="15.5520828564962" Width="43.8125066121419" Height="5.0000001390775" />
      </Elements>
      <Bands>
        <Band IsVisible="false" />
        <Band BandKind="PageHeader" Height="20" />
        <Band BandKind="ReportHeader" Y="19.84375" Height="19.84375" />
        <Band IsVisible="false" BandKind="PageBodyHeader" />
        <Band BandKind="PageDetail" Y="39.6875" Height="237.15625" />
        <Band IsVisible="false" BandKind="PageBodyFooter" />
        <Band IsVisible="false" BandKind="ReportFooter" />
        <Band BandKind="PageFooter" Y="276.754166666667" Height="20" />
      </Bands>
    </Page>
  </Pages>
  <PageSettings MarginLeft="10" MarginTop="20" MarginRight="10" MarginBottom="20" PageWidth="210" PageHeight="297" />
  <ExpressionFields />
</Report>