<Report MaxRowCount="0">
  <Pages>
    <Page Width="210" Height="297" TextVAlign="Center">
      <OrderFields />
      <Elements>
        <TextElement Text="表名" FieldKind="Master" LeftLineVisible="false" TopLineVisible="false" RightLineVisible="false" BottomLineVisible="false" BandKind="ReportHeader" X="70.7125038782755" Y="22.4624996344248" Width="110" Height="10" FontSize="20" BoldFont="true" TextHAlign="Center" TextVAlign="Center" />
        <TableElement X="10" Y="40" Width="188" Height="236.422923660278" TextVAlign="Center">
          <Rows>
            <Row X="10" Y="40" Width="188" Height="5" TextVAlign="Center">
              <Cells>
                <Cell OrigWidth="25.0346040284632" OrigHeight="5" AccounttantLineVisble="true" Text="编号" X="10" Y="40" Width="25.0346040284632" Height="5" BoldFont="true" TextHAlign="Center" TextVAlign="Center" WordWrap="true" />
                <Cell OrigWidth="30.6050583124715" OrigHeight="5" AccounttantLineVisble="true" Text="名称" X="35.0346040284632" Y="40" Width="30.6050583124715" Height="5" BoldFont="true" TextHAlign="Center" TextVAlign="Center" WordWrap="true" />
                <Cell OrigWidth="37.9293457718664" OrigHeight="5" AccounttantLineVisble="true" Text="减少方式" X="65.6396623409347" Y="40" Width="37.9293457718664" Height="5" BoldFont="true" TextHAlign="Center" TextVAlign="Center" WordWrap="true" />
                <Cell OrigWidth="49.4389403509156" OrigHeight="5" AccounttantLineVisble="true" Text="清理日期" X="103.569008112801" Y="40" Width="49.4389403509156" Height="5" BoldFont="true" TextHAlign="Center" TextVAlign="Center" WordWrap="true" />
                <Cell OrigWidth="44.9920515362829" OrigHeight="5" AccounttantLineVisble="true" Text="清理原因" X="153.007948463717" Y="40" Width="44.9920515362829" Height="5" BoldFont="true" TextHAlign="Center" TextVAlign="Center" WordWrap="true" />
              </Cells>
            </Row>
            <Row X="10" Y="45" Width="188" Height="5" TextVAlign="Center">
              <Cells>
                <Cell OrigWidth="25.0346040284632" OrigHeight="5" AccounttantLineVisble="true" Text="固定资产编号" FieldKind="Detail" X="10" Y="45" Width="25.0346040284632" Height="5" TextHAlign="Center" TextVAlign="Center" WordWrap="true" />
                <Cell OrigWidth="30.6050583124715" OrigHeight="5" AccounttantLineVisble="true" Text="固定资产名称" FieldKind="Detail" X="35.0346040284632" Y="45" Width="30.6050583124715" Height="5" TextHAlign="Center" TextVAlign="Center" WordWrap="true" />
                <Cell OrigWidth="37.9293457718664" OrigHeight="5" AccounttantLineVisble="true" Text="减少方式" FieldKind="Detail" X="65.6396623409347" Y="45" Width="37.9293457718664" Height="5" TextHAlign="Center" TextVAlign="Center" WordWrap="true" />
                <Cell OrigWidth="49.4389403509156" OrigHeight="5" AccounttantLineVisble="true" Text="清理日期" FieldKind="Detail" X="103.569008112801" Y="45" Width="49.4389403509156" Height="5" TextHAlign="Center" TextVAlign="Center" WordWrap="true" />
                <Cell OrigWidth="44.9920515362829" OrigHeight="5" AccounttantLineVisble="true" Text="清理原因" FieldKind="Detail" X="153.007948463717" Y="45" Width="44.9920515362829" Height="5" TextHAlign="Center" TextVAlign="Center" WordWrap="true" />
              </Cells>
            </Row>
            <Row X="10" Y="50" Width="188" Height="5" TextVAlign="Center">
              <Cells>
                <Cell OrigWidth="25.0346040284632" OrigHeight="5" AccounttantLineVisble="true" Text="" LeftLineVisible="false" RightLineVisible="false" BottomLineVisible="false" X="10" Y="50" Width="25.0346040284632" Height="5" TextVAlign="Center" WordWrap="true" />
                <Cell OrigWidth="30.6050583124715" OrigHeight="5" AccounttantLineVisble="true" Text="" LeftLineVisible="false" RightLineVisible="false" BottomLineVisible="false" X="35.0346040284632" Y="50" Width="30.6050583124715" Height="5" TextVAlign="Center" WordWrap="true" />
                <Cell OrigWidth="37.9293457718664" OrigHeight="5" AccounttantLineVisble="true" Text="" LeftLineVisible="false" RightLineVisible="false" BottomLineVisible="false" X="65.6396623409347" Y="50" Width="37.9293457718664" Height="5" TextVAlign="Center" WordWrap="true" />
                <Cell OrigWidth="49.4389403509156" OrigHeight="5" AccounttantLineVisble="true" Text="打印时间：" LeftLineVisible="false" RightLineVisible="false" BottomLineVisible="false" X="103.569008112801" Y="50" Width="49.4389403509156" Height="5" TextHAlign="Center" TextVAlign="Center" WordWrap="true" />
                <Cell OrigWidth="44.9920515362829" OrigHeight="5" AccounttantLineVisble="true" Text="日期" FieldKind="System" LeftLineVisible="false" RightLineVisible="false" BottomLineVisible="false" X="153.007948463717" Y="50" Width="44.9920515362829" Height="5" TextHAlign="Center" TextVAlign="Center" WordWrap="true" />
              </Cells>
            </Row>
            <Row X="10" Y="55" Width="188" Height="5" TextVAlign="Center">
              <Cells>
                <Cell OrigWidth="25.0346040284632" OrigHeight="5" AccounttantLineVisble="true" Text="" LeftLineVisible="false" TopLineVisible="false" RightLineVisible="false" BottomLineVisible="false" X="10" Y="55" Width="25.0346040284632" Height="5" TextColor="black" TextVAlign="Center" WordWrap="true" />
                <Cell OrigWidth="30.6050583124715" OrigHeight="5" AccounttantLineVisble="true" Text="" LeftLineVisible="false" TopLineVisible="false" RightLineVisible="false" BottomLineVisible="false" X="35.0346040284632" Y="55" Width="30.6050583124715" Height="5" TextColor="black" TextVAlign="Center" WordWrap="true" />
                <Cell OrigWidth="37.9293457718664" OrigHeight="5" AccounttantLineVisble="true" Text="" LeftLineVisible="false" TopLineVisible="false" RightLineVisible="false" BottomLineVisible="false" X="65.6396623409347" Y="55" Width="37.9293457718664" Height="5" TextColor="black" TextVAlign="Center" WordWrap="true" />
                <Cell OrigWidth="49.4389403509156" OrigHeight="5" AccounttantLineVisble="true" Text="" LeftLineVisible="false" TopLineVisible="false" RightLineVisible="false" BottomLineVisible="false" X="103.569008112801" Y="55" Width="49.4389403509156" Height="5" TextColor="black" TextHAlign="Center" TextVAlign="Center" WordWrap="true" />
                <Cell OrigWidth="44.9920515362829" OrigHeight="5" AccounttantLineVisble="true" Text="[管家婆]" LeftLineVisible="false" TopLineVisible="false" RightLineVisible="false" BottomLineVisible="false" X="153.007948463717" Y="55" Width="44.9920515362829" Height="5" TextColor="black" TextHAlign="Right" TextVAlign="Center" WordWrap="true" />
              </Cells>
            </Row>
            <Row X="10" Y="60" Width="188" Height="5" TextVAlign="Center">
              <Cells>
                <Cell OrigWidth="25.0346040284632" OrigHeight="5" AccounttantLineVisble="true" Text="" LeftLineVisible="false" TopLineVisible="false" RightLineVisible="false" BottomLineVisible="false" X="10" Y="60" Width="25.0346040284632" Height="5" TextColor="black" TextVAlign="Center" WordWrap="true" />
                <Cell OrigWidth="30.6050583124715" OrigHeight="5" AccounttantLineVisble="true" Text="" LeftLineVisible="false" TopLineVisible="false" RightLineVisible="false" BottomLineVisible="false" X="35.0346040284632" Y="60" Width="30.6050583124715" Height="5" TextColor="black" TextVAlign="Center" WordWrap="true" />
                <Cell OrigWidth="37.9293457718664" OrigHeight="5" AccounttantLineVisble="true" Text="" LeftLineVisible="false" TopLineVisible="false" RightLineVisible="false" BottomLineVisible="false" X="65.6396623409347" Y="60" Width="37.9293457718664" Height="5" TextColor="black" TextVAlign="Center" WordWrap="true" />
                <Cell OrigWidth="49.4389403509156" OrigHeight="5" AccounttantLineVisble="true" Text="" LeftLineVisible="false" TopLineVisible="false" RightLineVisible="false" BottomLineVisible="false" X="103.569008112801" Y="60" Width="49.4389403509156" Height="5" TextColor="black" TextHAlign="Center" TextVAlign="Center" WordWrap="true" />
                <Cell OrigWidth="44.9920515362829" OrigHeight="5" AccounttantLineVisble="true" Text="" LeftLineVisible="false" TopLineVisible="false" RightLineVisible="false" BottomLineVisible="false" X="153.007948463717" Y="60" Width="44.9920515362829" Height="5" TextColor="black" TextVAlign="Center" WordWrap="true" />
              </Cells>
            </Row>
            <Row X="10" Y="65" Width="188" Height="5" TextVAlign="Center">
              <Cells>
                <Cell OrigWidth="25.0346040284632" OrigHeight="5" AccounttantLineVisble="true" Text="" LeftLineVisible="false" TopLineVisible="false" RightLineVisible="false" BottomLineVisible="false" X="10" Y="65" Width="25.0346040284632" Height="5" TextColor="black" TextVAlign="Center" WordWrap="true" />
                <Cell OrigWidth="30.6050583124715" OrigHeight="5" AccounttantLineVisble="true" Text="" LeftLineVisible="false" TopLineVisible="false" RightLineVisible="false" BottomLineVisible="false" X="35.0346040284632" Y="65" Width="30.6050583124715" Height="5" TextColor="black" TextVAlign="Center" WordWrap="true" />
                <Cell OrigWidth="37.9293457718664" OrigHeight="5" AccounttantLineVisble="true" Text="" LeftLineVisible="false" TopLineVisible="false" RightLineVisible="false" BottomLineVisible="false" X="65.6396623409347" Y="65" Width="37.9293457718664" Height="5" TextColor="black" TextVAlign="Center" WordWrap="true" />
                <Cell OrigWidth="49.4389403509156" OrigHeight="5" AccounttantLineVisble="true" Text="" LeftLineVisible="false" TopLineVisible="false" RightLineVisible="false" BottomLineVisible="false" X="103.569008112801" Y="65" Width="49.4389403509156" Height="5" TextColor="black" TextHAlign="Center" TextVAlign="Center" WordWrap="true" />
                <Cell OrigWidth="44.9920515362829" OrigHeight="5" AccounttantLineVisble="true" Text="" LeftLineVisible="false" TopLineVisible="false" RightLineVisible="false" BottomLineVisible="false" X="153.007948463717" Y="65" Width="44.9920515362829" Height="5" TextColor="black" TextVAlign="Center" WordWrap="true" />
              </Cells>
            </Row>
          </Rows>
        </TableElement>
        <TextElement Text="总页码" FieldKind="System" LeftLineVisible="false" TopLineVisible="false" RightLineVisible="false" BottomLineVisible="false" BandKind="PageHeader" X="176.952086639404" Y="13.9645828564962" Width="20" Height="5" TextHAlign="Right" TextVAlign="Center" />
      </Elements>
      <Bands>
        <Band IsVisible="false" TextVAlign="Center" />
        <Band BandKind="PageHeader" Height="20" TextVAlign="Center" />
        <Band BandKind="ReportHeader" Y="19.84375" Height="20" TextVAlign="Center" />
        <Band IsVisible="false" BandKind="PageBodyHeader" TextVAlign="Center" />
        <Band BandKind="PageDetail" Y="39.9520833333333" Height="237" TextVAlign="Center" />
        <Band IsVisible="false" BandKind="PageBodyFooter" TextVAlign="Center" />
        <Band IsVisible="false" BandKind="ReportFooter" TextVAlign="Center" />
        <Band BandKind="PageFooter" Y="276.754166666667" Height="20" TextVAlign="Center" />
      </Bands>
    </Page>
  </Pages>
  <PageSettings MarginLeft="10" MarginTop="20" MarginRight="10" MarginBottom="20" PageWidth="210" PageHeight="297" />
  <ExpressionFields />
</Report>