<Report MaxRowCount="0">
  <Pages>
    <Page Width="210" Height="297">
      <OrderFields />
      <Elements>
        <TableElement X="10.4510416666667" Y="42.9302082379659" Width="189.441666666667" Height="220.552090072632">
          <Rows>
            <Row X="10.4510416666667" Y="42.9302082379659" Width="189.441666666667" Height="5">
              <Cells>
                <Cell TextColor="black" RowSpan="2" OrigWidth="21.43125" OrigHeight="5" Text="存货编号" WordWrap="true" X="10.4510416666667" Y="42.9302082379659" Width="21.43125" Height="10" />
                <Cell TextColor="black" RowSpan="2" OrigWidth="18.25625" OrigHeight="5" Text="存货全名" WordWrap="true" X="31.8822916666667" Y="42.9302082379659" Width="18.25625" Height="10" />
                <Cell TextColor="black" OrigWidth="39.6875" OrigHeight="5" Text="期初" TextHAlign="Center" WordWrap="true" X="50.1385416666667" Y="42.9302082379659" Width="39.6875" Height="5" />
                <Cell TextColor="black" OrigWidth="75.1416666666666" OrigHeight="5" Text="本期" TextHAlign="Center" WordWrap="true" X="89.8260416666667" Y="42.9302082379659" Width="75.1416666666666" Height="5" />
                <Cell TextColor="black" OrigWidth="34.9250000000001" OrigHeight="5" Text="期末" TextHAlign="Center" WordWrap="true" X="164.967708333333" Y="42.9302082379659" Width="34.9250000000001" Height="5" />
              </Cells>
            </Row>
            <Row X="10.4510416666667" Y="47.9302082379659" Width="189.441666666667" Height="5">
              <Cells>
                <Cell OrigWidth="21.43125" OrigHeight="5" Text="" WordWrap="true" X="10.4510416666667" Y="47.9302082379659" Width="21.43125" Height="5" />
                <Cell OrigWidth="18.25625" OrigHeight="5" Text="" WordWrap="true" X="31.8822916666667" Y="47.9302082379659" Width="18.25625" Height="5" />
                <Cell OrigWidth="20.3729166666667" OrigHeight="5" Text="代销数量" WordWrap="true" X="50.1385416666667" Y="47.9302082379659" Width="20.3729166666667" Height="5" />
                <Cell OrigWidth="19.3145833333333" OrigHeight="5" Text="代销成本" WordWrap="true" X="70.5114583333334" Y="47.9302082379659" Width="19.3145833333333" Height="5" />
                <Cell OrigWidth="19.05" OrigHeight="5" Text="代销数量" WordWrap="true" X="89.8260416666667" Y="47.9302082379659" Width="19.05" Height="5" />
                <Cell OrigWidth="17.9916666666667" OrigHeight="5" Text="代销金额" WordWrap="true" X="108.876041666667" Y="47.9302082379659" Width="17.9916666666667" Height="5" />
                <Cell OrigWidth="18.7854166666667" OrigHeight="5" Text="已结数量" WordWrap="true" X="126.867708333333" Y="47.9302082379659" Width="18.7854166666667" Height="5" />
                <Cell OrigWidth="19.3145833333333" OrigHeight="5" Text="已结成本" WordWrap="true" X="145.653125" Y="47.9302082379659" Width="19.3145833333333" Height="5" />
                <Cell OrigWidth="17.4625" OrigHeight="5" Text="未结数量" WordWrap="true" X="164.967708333333" Y="47.9302082379659" Width="17.4625" Height="5" />
                <Cell OrigWidth="17.4625" OrigHeight="5" Text="未结成本" WordWrap="true" X="182.430208333333" Y="47.9302082379659" Width="17.4625" Height="5" />
              </Cells>
            </Row>
            <Row X="10.4510416666667" Y="52.9302082379659" Width="189.441666666667" Height="5">
              <Cells>
                <Cell OrigWidth="21.43125" OrigHeight="5" Text="存货编号" FieldKind="Detail" WordWrap="true" X="10.4510416666667" Y="52.9302082379659" Width="21.43125" Height="5" />
                <Cell OrigWidth="18.25625" OrigHeight="5" Text="存货全名" FieldKind="Detail" WordWrap="true" X="31.8822916666667" Y="52.9302082379659" Width="18.25625" Height="5" />
                <Cell OrigWidth="20.3729166666667" OrigHeight="5" Text="期初代销数量" FieldKind="Detail" WordWrap="true" X="50.1385416666667" Y="52.9302082379659" Width="20.3729166666667" Height="5" />
                <Cell OrigWidth="19.3145833333333" OrigHeight="5" Text="期初代销成本" FieldKind="Detail" WordWrap="true" X="70.5114583333334" Y="52.9302082379659" Width="19.3145833333333" Height="5" />
                <Cell OrigWidth="19.05" OrigHeight="5" Text="本期代销数量" FieldKind="Detail" WordWrap="true" X="89.8260416666667" Y="52.9302082379659" Width="19.05" Height="5" />
                <Cell OrigWidth="17.9916666666667" OrigHeight="5" Text="本期代销金额" FieldKind="Detail" WordWrap="true" X="108.876041666667" Y="52.9302082379659" Width="17.9916666666667" Height="5" />
                <Cell OrigWidth="18.7854166666667" OrigHeight="5" Text="本期已结数量" FieldKind="Detail" WordWrap="true" X="126.867708333333" Y="52.9302082379659" Width="18.7854166666667" Height="5" />
                <Cell OrigWidth="19.3145833333333" OrigHeight="5" Text="本期已结成本" FieldKind="Detail" WordWrap="true" X="145.653125" Y="52.9302082379659" Width="19.3145833333333" Height="5" />
                <Cell OrigWidth="17.4625" OrigHeight="5" Text="期末未结数量" FieldKind="Detail" WordWrap="true" X="164.967708333333" Y="52.9302082379659" Width="17.4625" Height="5" />
                <Cell OrigWidth="17.4625" OrigHeight="5" Text="期末未结成本" FieldKind="Detail" WordWrap="true" X="182.430208333333" Y="52.9302082379659" Width="17.4625" Height="5" />
              </Cells>
            </Row>
            <Row X="10.4510416666667" Y="57.9302082379659" Width="189.441666666667" Height="5">
              <Cells>
                <Cell OrigWidth="21.43125" OrigHeight="5" Text="核算单位：" LeftLineVisible="false" RightLineVisible="false" BottomLineVisible="false" WordWrap="true" X="10.4510416666667" Y="57.9302082379659" Width="21.43125" Height="5" />
                <Cell OrigWidth="18.25625" OrigHeight="5" Text="" LeftLineVisible="false" RightLineVisible="false" BottomLineVisible="false" WordWrap="true" X="31.8822916666667" Y="57.9302082379659" Width="18.25625" Height="5" />
                <Cell OrigWidth="20.3729166666667" OrigHeight="5" Text="" LeftLineVisible="false" RightLineVisible="false" BottomLineVisible="false" WordWrap="true" X="50.1385416666667" Y="57.9302082379659" Width="20.3729166666667" Height="5" />
                <Cell OrigWidth="19.3145833333333" OrigHeight="5" Text="制表人：" LeftLineVisible="false" RightLineVisible="false" BottomLineVisible="false" WordWrap="true" X="70.5114583333334" Y="57.9302082379659" Width="19.3145833333333" Height="5" />
                <Cell OrigWidth="19.05" OrigHeight="5" Text="" LeftLineVisible="false" RightLineVisible="false" BottomLineVisible="false" WordWrap="true" X="89.8260416666667" Y="57.9302082379659" Width="19.05" Height="5" />
                <Cell OrigWidth="17.9916666666667" OrigHeight="5" Text="" LeftLineVisible="false" RightLineVisible="false" BottomLineVisible="false" WordWrap="true" X="108.876041666667" Y="57.9302082379659" Width="17.9916666666667" Height="5" />
                <Cell OrigWidth="18.7854166666667" OrigHeight="5" Text="" LeftLineVisible="false" RightLineVisible="false" BottomLineVisible="false" WordWrap="true" X="126.867708333333" Y="57.9302082379659" Width="18.7854166666667" Height="5" />
                <Cell OrigWidth="19.3145833333333" OrigHeight="5" Text="打印时间：" LeftLineVisible="false" RightLineVisible="false" BottomLineVisible="false" WordWrap="true" X="145.653125" Y="57.9302082379659" Width="19.3145833333333" Height="5" />
                <Cell OrigWidth="34.925" OrigHeight="5" Text="日期" FieldKind="System" LeftLineVisible="false" RightLineVisible="false" BottomLineVisible="false" TextHAlign="Right" WordWrap="true" X="164.967708333333" Y="57.9302082379659" Width="34.925" Height="5" />
              </Cells>
            </Row>
            <Row X="10.4510416666667" Y="62.9302082379659" Width="189.441666666667" Height="5">
              <Cells>
                <Cell TextColor="black" OrigWidth="21.43125" OrigHeight="5" Text="" LeftLineVisible="false" TopLineVisible="false" RightLineVisible="false" BottomLineVisible="false" WordWrap="true" X="10.4510416666667" Y="62.9302082379659" Width="21.43125" Height="5" />
                <Cell TextColor="black" OrigWidth="18.25625" OrigHeight="5" Text="" LeftLineVisible="false" TopLineVisible="false" RightLineVisible="false" BottomLineVisible="false" WordWrap="true" X="31.8822916666667" Y="62.9302082379659" Width="18.25625" Height="5" />
                <Cell TextColor="black" OrigWidth="20.3729166666667" OrigHeight="5" Text="" LeftLineVisible="false" TopLineVisible="false" RightLineVisible="false" BottomLineVisible="false" WordWrap="true" X="50.1385416666667" Y="62.9302082379659" Width="20.3729166666667" Height="5" />
                <Cell TextColor="black" OrigWidth="0.793750000000035" OrigHeight="5" Text="" LeftLineVisible="false" TopLineVisible="false" RightLineVisible="false" BottomLineVisible="false" WordWrap="true" X="70.5114583333334" Y="62.9302082379659" Width="0.793750000000035" Height="5" />
                <Cell TextColor="black" OrigWidth="18.5208333333333" OrigHeight="5" Text="" LeftLineVisible="false" TopLineVisible="false" RightLineVisible="false" BottomLineVisible="false" WordWrap="true" X="71.3052083333334" Y="62.9302082379659" Width="18.5208333333333" Height="5" />
                <Cell TextColor="black" OrigWidth="19.05" OrigHeight="5" Text="" LeftLineVisible="false" TopLineVisible="false" RightLineVisible="false" BottomLineVisible="false" WordWrap="true" X="89.8260416666667" Y="62.9302082379659" Width="19.05" Height="5" />
                <Cell TextColor="black" OrigWidth="17.9916666666667" OrigHeight="5" Text="" LeftLineVisible="false" TopLineVisible="false" RightLineVisible="false" BottomLineVisible="false" WordWrap="true" X="108.876041666667" Y="62.9302082379659" Width="17.9916666666667" Height="5" />
                <Cell TextColor="black" OrigWidth="18.7854166666667" OrigHeight="5" Text="" LeftLineVisible="false" TopLineVisible="false" RightLineVisible="false" BottomLineVisible="false" WordWrap="true" X="126.867708333333" Y="62.9302082379659" Width="18.7854166666667" Height="5" />
                <Cell TextColor="black" OrigWidth="19.3145833333333" OrigHeight="5" Text="" LeftLineVisible="false" TopLineVisible="false" RightLineVisible="false" BottomLineVisible="false" WordWrap="true" X="145.653125" Y="62.9302082379659" Width="19.3145833333333" Height="5" />
                <Cell TextColor="black" OrigWidth="34.925" OrigHeight="5" Text="[管家婆软件]" LeftLineVisible="false" TopLineVisible="false" RightLineVisible="false" BottomLineVisible="false" TextHAlign="Right" WordWrap="true" X="164.967708333333" Y="62.9302082379659" Width="34.925" Height="5" />
              </Cells>
            </Row>
          </Rows>
        </TableElement>
        <TextElement Text="总页码" FieldKind="System" LeftLineVisible="false" TopLineVisible="false" RightLineVisible="false" BottomLineVisible="false" TextHAlign="Right" BandKind="PageHeader" X="179.70834403038" Y="14.7583328564962" Width="20" Height="5" />
        <TextElement Text="至" LeftLineVisible="false" TopLineVisible="false" RightLineVisible="false" BottomLineVisible="false" BandKind="ReportHeader" X="170.602086639404" Y="34.8666661898295" Width="9.15208388964335" Height="5.0000001390775" />
        <TextElement Text="结束日期" FieldKind="Master" LeftLineVisible="false" TopLineVisible="false" RightLineVisible="false" BottomLineVisible="false" BandKind="ReportHeader" X="179.708346048991" Y="34.8666661898295" Width="20" Height="5" />
        <TextElement Text="开始日期" FieldKind="Master" LeftLineVisible="false" TopLineVisible="false" RightLineVisible="false" BottomLineVisible="false" BandKind="ReportHeader" X="147.054169972738" Y="34.8666661898295" Width="20" Height="5" />
        <TextElement Text="客    户" FieldKind="Master" LeftLineVisible="false" TopLineVisible="false" RightLineVisible="false" BottomLineVisible="false" BandKind="ReportHeader" X="10.3875038782756" Y="35.1312495231628" Width="64.979165204366" Height="5.0000001390775" />
        <TextElement Text="表名" FieldKind="Master" LeftLineVisible="false" TopLineVisible="false" RightLineVisible="false" BottomLineVisible="false" TextHAlign="Center" BandKind="ReportHeader" X="9.58125665982564" Y="20.8708332220713" Width="190.391673278809" Height="14.2604163010915" FontSize="20" BoldFont="true" />
      </Elements>
      <Bands>
        <Band IsVisible="false" />
        <Band BandKind="PageHeader" Height="20" />
        <Band BandKind="ReportHeader" Y="19.84375" Height="22.621875" />
        <Band IsVisible="false" BandKind="PageBodyHeader" />
        <Band BandKind="PageDetail" Y="42.5979166666667" Height="234.378125" />
        <Band IsVisible="false" BandKind="PageBodyFooter" />
        <Band IsVisible="false" BandKind="ReportFooter" />
        <Band BandKind="PageFooter" Y="276.754166666667" Height="20" />
      </Bands>
    </Page>
  </Pages>
  <PageSettings MarginLeft="10" MarginTop="20" MarginBottom="20" PageWidth="210" PageHeight="297" />
  <ExpressionFields />
</Report>