<Report MaxRowCount="0">
  <Pages>
    <Page Width="210" Height="297" TextVAlign="Center">
      <OrderFields />
      <Elements>
        <TextElement Text="表名" FieldKind="Master" LeftLineVisible="false" TopLineVisible="false" RightLineVisible="false" BottomLineVisible="false" BandKind="ReportHeader" X="10.1229205449422" Y="23.2562496344248" Width="189.747914123535" Height="10.000000278155" FontSize="20" BoldFont="true" TextHAlign="Center" TextVAlign="Center" />
        <TableElement X="10" Y="40" Width="189.628125" Height="236.422923660278" TextVAlign="Center">
          <Rows>
            <Row X="10" Y="40" Width="189.628125" Height="5" TextVAlign="Center">
              <Cells>
                <Cell OrigWidth="27.4385416666667" OrigHeight="5" Text="单据编号" X="10" Y="40" Width="27.4385416666667" Height="5" TextVAlign="Center" WordWrap="true" />
                <Cell OrigWidth="15.3458333333333" OrigHeight="5" Text="经办人" X="37.4385416666667" Y="40" Width="15.3458333333333" Height="5" TextVAlign="Center" WordWrap="true" />
                <Cell OrigWidth="23.01875" OrigHeight="5" Text="单位全名" X="52.784375" Y="40" Width="23.01875" Height="5" TextVAlign="Center" WordWrap="true" />
                <Cell OrigWidth="19.84375" OrigHeight="5" Text="仓库全名" X="75.803125" Y="40" Width="19.84375" Height="5" TextVAlign="Center" WordWrap="true" />
                <Cell OrigWidth="22.225" OrigHeight="5" Text="部门全名" X="95.646875" Y="40" Width="22.225" Height="5" TextVAlign="Center" WordWrap="true" />
                <Cell OrigWidth="20.1083333333333" OrigHeight="5" Text="金额" X="117.871875" Y="40" Width="20.1083333333333" Height="5" TextVAlign="Center" WordWrap="true" />
                <Cell OrigWidth="36.2479166666667" OrigHeight="5" Text="摘要" X="137.980208333333" Y="40" Width="36.2479166666667" Height="5" TextVAlign="Center" WordWrap="true" />
                <Cell OrigWidth="25.4" OrigHeight="5" Text="是否草稿" X="174.228125" Y="40" Width="25.4" Height="5" TextVAlign="Center" WordWrap="true" />
              </Cells>
            </Row>
            <Row X="10" Y="45" Width="189.628125" Height="5" TextVAlign="Center">
              <Cells>
                <Cell OrigWidth="27.4385416666667" OrigHeight="5" Text="单据编号" FieldKind="Detail" X="10" Y="45" Width="27.4385416666667" Height="5" TextVAlign="Center" WordWrap="true" />
                <Cell OrigWidth="15.3458333333333" OrigHeight="5" Text="经办人" FieldKind="Detail" X="37.4385416666667" Y="45" Width="15.3458333333333" Height="5" TextVAlign="Center" WordWrap="true" />
                <Cell OrigWidth="23.01875" OrigHeight="5" Text="单位全名" FieldKind="Detail" X="52.784375" Y="45" Width="23.01875" Height="5" TextVAlign="Center" WordWrap="true" />
                <Cell OrigWidth="19.84375" OrigHeight="5" Text="仓库全名" FieldKind="Detail" X="75.803125" Y="45" Width="19.84375" Height="5" TextVAlign="Center" WordWrap="true" />
                <Cell OrigWidth="22.225" OrigHeight="5" Text="部门全名" FieldKind="Detail" X="95.646875" Y="45" Width="22.225" Height="5" TextVAlign="Center" WordWrap="true" />
                <Cell OrigWidth="20.1083333333333" OrigHeight="5" Text="金额" FieldKind="Detail" X="117.871875" Y="45" Width="20.1083333333333" Height="5" TextVAlign="Center" WordWrap="true" />
                <Cell OrigWidth="36.2479166666667" OrigHeight="5" Text="摘要" FieldKind="Detail" X="137.980208333333" Y="45" Width="36.2479166666667" Height="5" TextVAlign="Center" WordWrap="true" />
                <Cell OrigWidth="25.4" OrigHeight="5" Text="是否草稿" FieldKind="Detail" X="174.228125" Y="45" Width="25.4" Height="5" TextVAlign="Center" WordWrap="true" />
              </Cells>
            </Row>
            <Row X="10" Y="50" Width="189.628125" Height="5" TextVAlign="Center">
              <Cells>
                <Cell OrigWidth="27.4385416666667" OrigHeight="5" Text="" LeftLineVisible="false" RightLineVisible="false" BottomLineVisible="false" X="10" Y="50" Width="27.4385416666667" Height="5" TextVAlign="Center" WordWrap="true" />
                <Cell OrigWidth="15.3458333333333" OrigHeight="5" Text="" LeftLineVisible="false" RightLineVisible="false" BottomLineVisible="false" X="37.4385416666667" Y="50" Width="15.3458333333333" Height="5" TextVAlign="Center" WordWrap="true" />
                <Cell OrigWidth="23.01875" OrigHeight="5" Text="制表人：" LeftLineVisible="false" RightLineVisible="false" BottomLineVisible="false" X="52.784375" Y="50" Width="23.01875" Height="5" TextVAlign="Center" WordWrap="true" />
                <Cell OrigWidth="19.84375" OrigHeight="5" Text="" LeftLineVisible="false" RightLineVisible="false" BottomLineVisible="false" X="75.803125" Y="50" Width="19.84375" Height="5" TextVAlign="Center" WordWrap="true" />
                <Cell OrigWidth="22.225" OrigHeight="5" Text="" LeftLineVisible="false" RightLineVisible="false" BottomLineVisible="false" X="95.646875" Y="50" Width="22.225" Height="5" TextVAlign="Center" WordWrap="true" />
                <Cell OrigWidth="20.1083333333333" OrigHeight="5" Text="" LeftLineVisible="false" RightLineVisible="false" BottomLineVisible="false" X="117.871875" Y="50" Width="20.1083333333333" Height="5" TextVAlign="Center" WordWrap="true" />
                <Cell OrigWidth="36.2479166666667" OrigHeight="5" Text="打印时间：" LeftLineVisible="false" RightLineVisible="false" BottomLineVisible="false" X="137.980208333333" Y="50" Width="36.2479166666667" Height="5" TextVAlign="Center" WordWrap="true" />
                <Cell OrigWidth="25.4" OrigHeight="5" Text="日期" FieldKind="System" LeftLineVisible="false" RightLineVisible="false" BottomLineVisible="false" X="174.228125" Y="50" Width="25.4" Height="5" TextHAlign="Right" TextVAlign="Center" WordWrap="true" />
              </Cells>
            </Row>
            <Row X="10" Y="55" Width="189.628125" Height="5" TextVAlign="Center">
              <Cells>
                <Cell OrigWidth="27.4385416666667" OrigHeight="5" Text="" LeftLineVisible="false" TopLineVisible="false" RightLineVisible="false" BottomLineVisible="false" X="10" Y="55" Width="27.4385416666667" Height="5" TextColor="black" TextVAlign="Center" WordWrap="true" />
                <Cell OrigWidth="15.3458333333333" OrigHeight="5" Text="" LeftLineVisible="false" TopLineVisible="false" RightLineVisible="false" BottomLineVisible="false" X="37.4385416666667" Y="55" Width="15.3458333333333" Height="5" TextColor="black" TextVAlign="Center" WordWrap="true" />
                <Cell OrigWidth="23.01875" OrigHeight="5" Text="" LeftLineVisible="false" TopLineVisible="false" RightLineVisible="false" BottomLineVisible="false" X="52.784375" Y="55" Width="23.01875" Height="5" TextColor="black" TextVAlign="Center" WordWrap="true" />
                <Cell OrigWidth="19.84375" OrigHeight="5" Text="" LeftLineVisible="false" TopLineVisible="false" RightLineVisible="false" BottomLineVisible="false" X="75.803125" Y="55" Width="19.84375" Height="5" TextColor="black" TextVAlign="Center" WordWrap="true" />
                <Cell OrigWidth="22.225" OrigHeight="5" Text="" LeftLineVisible="false" TopLineVisible="false" RightLineVisible="false" BottomLineVisible="false" X="95.646875" Y="55" Width="22.225" Height="5" TextColor="black" TextVAlign="Center" WordWrap="true" />
                <Cell OrigWidth="20.1083333333333" OrigHeight="5" Text="" LeftLineVisible="false" TopLineVisible="false" RightLineVisible="false" BottomLineVisible="false" X="117.871875" Y="55" Width="20.1083333333333" Height="5" TextColor="black" TextVAlign="Center" WordWrap="true" />
                <Cell OrigWidth="36.2479166666667" OrigHeight="5" Text="" LeftLineVisible="false" TopLineVisible="false" RightLineVisible="false" BottomLineVisible="false" X="137.980208333333" Y="55" Width="36.2479166666667" Height="5" TextColor="black" TextVAlign="Center" WordWrap="true" />
                <Cell OrigWidth="25.4" OrigHeight="5" Text="[管家婆软件]" LeftLineVisible="false" TopLineVisible="false" RightLineVisible="false" BottomLineVisible="false" X="174.228125" Y="55" Width="25.4" Height="5" TextColor="black" TextHAlign="Right" TextVAlign="Center" WordWrap="true" />
              </Cells>
            </Row>
          </Rows>
        </TableElement>
        <TextElement Text="总页码" FieldKind="System" LeftLineVisible="false" TopLineVisible="false" RightLineVisible="false" BottomLineVisible="false" BandKind="PageHeader" X="179.068753306071" Y="14.4937495231628" Width="20" Height="5" TextHAlign="Right" TextVAlign="Center" />
      </Elements>
      <Bands>
        <Band IsVisible="false" TextVAlign="Center" />
        <Band BandKind="PageHeader" Height="20" TextVAlign="Center" />
        <Band BandKind="ReportHeader" Y="19.84375" Height="20.1083333333333" TextVAlign="Center" />
        <Band IsVisible="false" BandKind="PageBodyHeader" TextVAlign="Center" />
        <Band BandKind="PageDetail" Y="39.9520833333333" Height="237" TextVAlign="Center" />
        <Band IsVisible="false" BandKind="PageBodyFooter" TextVAlign="Center" />
        <Band IsVisible="false" BandKind="ReportFooter" TextVAlign="Center" />
        <Band BandKind="PageFooter" Y="276.754166666667" Height="20" TextVAlign="Center" />
      </Bands>
    </Page>
  </Pages>
  <PageSettings MarginLeft="10" MarginTop="20" MarginBottom="20" PageWidth="210" PageHeight="297" />
  <ExpressionFields />
</Report>