<Report MaxRowCount="0">
  <Pages>
    <Page Width="210" Height="297">
      <OrderFields />
      <Elements>
        <TextElement Text="表名" FieldKind="Master" LeftLineVisible="false" TopLineVisible="false" RightLineVisible="false" BottomLineVisible="false" TextHAlign="Center" BandKind="ReportHeader" X="47.4291705449422" Y="26.6916685740153" Width="100" Height="10" FontSize="20" BoldFont="true" />
        <TableElement X="9.921875" Y="40" Width="188.647916666667" Height="236.422923660278">
          <Rows>
            <Row X="9.921875" Y="40" Width="188.647916666667" Height="5">
              <Cells>
                <Cell OrigWidth="97.8958333333333" OrigHeight="5" Text="" LeftLineVisible="false" TopLineVisible="false" RightLineVisible="false" TextHAlign="Center" WordWrap="true" X="9.921875" Y="40" Width="97.8958333333333" Height="5" BoldFont="true" TextColor="black" />
                <Cell OrigWidth="14.5520833333334" OrigHeight="5" Text="" LeftLineVisible="false" TopLineVisible="false" RightLineVisible="false" TextHAlign="Center" WordWrap="true" X="107.817708333333" Y="40" Width="14.5520833333334" Height="5" TextColor="black" />
                <Cell OrigWidth="18.5208333333333" OrigHeight="5" Text="统计时间：" LeftLineVisible="false" TopLineVisible="false" RightLineVisible="false" X="122.369791666667" Y="40" Width="18.5208333333333" Height="5" />
                <Cell OrigWidth="24.8708333333333" OrigHeight="5" Text="开始日期" FieldKind="Master" LeftLineVisible="false" TopLineVisible="false" RightLineVisible="false" TextHAlign="Center" WordWrap="true" X="140.890625" Y="40" Width="24.8708333333333" Height="5" TextColor="black" />
                <Cell OrigWidth="12.4354166666667" OrigHeight="5" Text="至" LeftLineVisible="false" TopLineVisible="false" RightLineVisible="false" TextHAlign="Center" WordWrap="true" X="165.761458333333" Y="40" Width="12.4354166666667" Height="5" TextColor="black" />
                <Cell OrigWidth="20.3729166666667" OrigHeight="5" Text="结束日期" FieldKind="Master" LeftLineVisible="false" TopLineVisible="false" RightLineVisible="false" X="178.196875" Y="40" Width="20.3729166666667" Height="5" />
              </Cells>
            </Row>
            <Row X="9.921875" Y="45" Width="188.647916666667" Height="5.11432291666667">
              <Cells>
                <Cell RowSpan="2" OrigWidth="20.6375" OrigHeight="5.11432291666667" Text="日期" TextHAlign="Center" WordWrap="true" X="9.921875" Y="45" Width="20.6375" Height="10.2286458333333" />
                <Cell RowSpan="2" OrigWidth="44.1854166666667" OrigHeight="5.11432291666667" Text="订单编号" TextHAlign="Center" WordWrap="true" X="30.559375" Y="45" Width="44.1854166666667" Height="10.2286458333333" />
                <Cell OrigWidth="41.8041666666666" OrigHeight="5.11432291666667" Text="订货" TextHAlign="Center" WordWrap="true" X="74.7447916666667" Y="45" Width="41.8041666666666" Height="5.11432291666667" />
                <Cell OrigWidth="38.1" OrigHeight="5.11432291666667" Text="发货" TextHAlign="Center" WordWrap="true" X="116.548958333333" Y="45" Width="38.1" Height="5.11432291666667" />
                <Cell OrigWidth="43.9208333333333" OrigHeight="5.11432291666667" Text="未发货" TextHAlign="Center" WordWrap="true" X="154.648958333333" Y="45" Width="43.9208333333333" Height="5.11432291666667" />
              </Cells>
            </Row>
            <Row X="9.921875" Y="50.1143229166667" Width="188.647916666667" Height="5.11432291666667">
              <Cells>
                <Cell OrigWidth="20.6375" OrigHeight="5.11432291666667" Text="" TextHAlign="Center" WordWrap="true" X="9.921875" Y="50.1143229166667" Width="20.6375" Height="10.2286458333333" BoldFont="true" TextColor="black" />
                <Cell OrigWidth="44.1854166666667" OrigHeight="5.11432291666667" Text="" TextHAlign="Center" WordWrap="true" X="30.559375" Y="50.1143229166667" Width="44.1854166666667" Height="10.2286458333333" BoldFont="true" TextColor="black" />
                <Cell OrigWidth="22.7541666666666" OrigHeight="5.11432291666667" Text="数量" TextHAlign="Center" WordWrap="true" X="74.7447916666667" Y="50.1143229166667" Width="22.7541666666666" Height="5.11432291666667" TextColor="black" />
                <Cell OrigWidth="19.05" OrigHeight="5.11432291666667" Text="金额" TextHAlign="Center" WordWrap="true" X="97.4989583333333" Y="50.1143229166667" Width="19.05" Height="5.11432291666667" TextColor="black" />
                <Cell OrigWidth="20.1083333333333" OrigHeight="5.11432291666667" Text="数量" TextHAlign="Center" WordWrap="true" X="116.548958333333" Y="50.1143229166667" Width="20.1083333333333" Height="5.11432291666667" TextColor="black" />
                <Cell OrigWidth="17.9916666666667" OrigHeight="5.11432291666667" Text="金额" TextHAlign="Center" WordWrap="true" X="136.657291666667" Y="50.1143229166667" Width="17.9916666666667" Height="5.11432291666667" TextColor="black" />
                <Cell OrigWidth="22.7541666666667" OrigHeight="5.11432291666667" Text="数量" TextHAlign="Center" WordWrap="true" X="154.648958333333" Y="50.1143229166667" Width="22.7541666666667" Height="5.11432291666667" TextColor="black" />
                <Cell OrigWidth="21.1666666666667" OrigHeight="5.11432291666667" Text="金额" TextHAlign="Center" WordWrap="true" X="177.403125" Y="50.1143229166667" Width="21.1666666666667" Height="5.11432291666667" TextColor="black" />
              </Cells>
            </Row>
            <Row X="9.921875" Y="55.2286458333333" Width="188.647916666667" Height="10.7848958333333">
              <Cells>
                <Cell OrigWidth="20.6375" OrigHeight="10.7848958333333" Text="日期" FieldKind="Detail" TextHAlign="Center" WordWrap="true" X="9.921875" Y="55.2286458333333" Width="20.6375" Height="10.7848958333333" TextColor="black" />
                <Cell OrigWidth="44.1854166666667" OrigHeight="10.7848958333333" Text="订单编号" FieldKind="Detail" TextHAlign="Center" WordWrap="true" X="30.559375" Y="55.2286458333333" Width="44.1854166666667" Height="10.7848958333333" TextColor="black" />
                <Cell OrigWidth="22.7541666666666" OrigHeight="10.7848958333333" Text="订货数量" FieldKind="Detail" TextHAlign="Center" WordWrap="true" X="74.7447916666667" Y="55.2286458333333" Width="22.7541666666666" Height="10.7848958333333" TextColor="black" />
                <Cell OrigWidth="19.05" OrigHeight="10.7848958333333" Text="订货金额" FieldKind="Detail" TextHAlign="Center" WordWrap="true" X="97.4989583333333" Y="55.2286458333333" Width="19.05" Height="10.7848958333333" TextColor="black" />
                <Cell OrigWidth="20.1083333333333" OrigHeight="10.7848958333333" Text="发货数量" FieldKind="Detail" TextHAlign="Center" WordWrap="true" X="116.548958333333" Y="55.2286458333333" Width="20.1083333333333" Height="10.7848958333333" TextColor="black" />
                <Cell OrigWidth="17.9916666666667" OrigHeight="10.7848958333333" Text="发货金额" FieldKind="Detail" TextHAlign="Center" WordWrap="true" X="136.657291666667" Y="55.2286458333333" Width="17.9916666666667" Height="10.7848958333333" TextColor="black" />
                <Cell OrigWidth="22.7541666666667" OrigHeight="10.7848958333333" Text="未发货数量" FieldKind="Detail" TextHAlign="Center" WordWrap="true" X="154.648958333333" Y="55.2286458333333" Width="22.7541666666667" Height="10.7848958333333" TextColor="black" />
                <Cell OrigWidth="21.1666666666667" OrigHeight="10.7848958333333" Text="未发货金额" FieldKind="Detail" TextHAlign="Center" WordWrap="true" X="177.403125" Y="55.2286458333333" Width="21.1666666666667" Height="10.7848958333333" TextColor="black" />
              </Cells>
            </Row>
            <Row X="9.921875" Y="66.0135416666666" Width="188.647916666667" Height="5">
              <Cells>
                <Cell OrigWidth="24.60625" OrigHeight="5" Text="" LeftLineVisible="false" RightLineVisible="false" BottomLineVisible="false" WordWrap="true" X="9.921875" Y="66.0135416666666" Width="24.60625" Height="5" TextColor="black" />
                <Cell OrigWidth="24.60625" OrigHeight="5" Text="" LeftLineVisible="false" RightLineVisible="false" BottomLineVisible="false" TextHAlign="Center" WordWrap="true" X="34.528125" Y="66.0135416666666" Width="24.60625" Height="5" TextColor="black" />
                <Cell OrigWidth="20" OrigHeight="5" LeftLineVisible="false" BottomLineVisible="false" X="59.134375" Y="66.0135416666666" Width="20" Height="5" />
                <Cell OrigWidth="39.9520833333334" OrigHeight="5" Text="" LeftLineVisible="false" RightLineVisible="false" BottomLineVisible="false" TextHAlign="Center" WordWrap="true" X="79.134375" Y="66.0135416666666" Width="39.9520833333334" Height="5" TextColor="black" />
                <Cell OrigWidth="37.3062499999999" OrigHeight="5" Text="" LeftLineVisible="false" RightLineVisible="false" BottomLineVisible="false" TextHAlign="Center" WordWrap="true" X="119.086458333333" Y="66.0135416666666" Width="37.3062499999999" Height="5" TextColor="black" />
                <Cell OrigWidth="21.5395833333334" OrigHeight="5" Text="打印时间：" LeftLineVisible="false" RightLineVisible="false" BottomLineVisible="false" TextHAlign="Center" WordWrap="true" X="156.392708333333" Y="66.0135416666666" Width="21.5395833333334" Height="5" TextColor="black" />
                <Cell OrigWidth="20.6375" OrigHeight="5" Text="日期" FieldKind="System" LeftLineVisible="false" RightLineVisible="false" BottomLineVisible="false" TextHAlign="Center" WordWrap="true" X="177.932291666667" Y="66.0135416666666" Width="20.6375" Height="5" TextColor="black" />
              </Cells>
            </Row>
            <Row X="9.921875" Y="71.0135416666666" Width="188.647916666667" Height="5">
              <Cells>
                <Cell OrigWidth="24.60625" OrigHeight="5" Text="" LeftLineVisible="false" TopLineVisible="false" RightLineVisible="false" BottomLineVisible="false" TextHAlign="Center" WordWrap="true" X="9.921875" Y="71.0135416666666" Width="24.60625" Height="5" TextColor="black" />
                <Cell OrigWidth="24.60625" OrigHeight="5" Text="" LeftLineVisible="false" TopLineVisible="false" RightLineVisible="false" BottomLineVisible="false" TextHAlign="Center" WordWrap="true" X="34.528125" Y="71.0135416666666" Width="24.60625" Height="5" TextColor="black" />
                <Cell OrigWidth="20" OrigHeight="5" LeftLineVisible="false" TopLineVisible="false" BottomLineVisible="false" X="59.134375" Y="71.0135416666666" Width="20" Height="5" />
                <Cell OrigWidth="39.9520833333334" OrigHeight="5" Text="" LeftLineVisible="false" TopLineVisible="false" RightLineVisible="false" BottomLineVisible="false" TextHAlign="Center" WordWrap="true" X="79.134375" Y="71.0135416666666" Width="39.9520833333334" Height="5" TextColor="black" />
                <Cell OrigWidth="37.3062499999999" OrigHeight="5" Text="" LeftLineVisible="false" TopLineVisible="false" RightLineVisible="false" BottomLineVisible="false" TextHAlign="Center" WordWrap="true" X="119.086458333333" Y="71.0135416666666" Width="37.3062499999999" Height="5" TextColor="black" />
                <Cell OrigWidth="42.1770833333334" OrigHeight="5" Text="[管家婆软件]" LeftLineVisible="false" TopLineVisible="false" RightLineVisible="false" BottomLineVisible="false" TextHAlign="Right" WordWrap="true" X="156.392708333333" Y="71.0135416666666" Width="42.1770833333334" Height="5" TextColor="black" />
              </Cells>
            </Row>
          </Rows>
        </TableElement>
        <TextElement Text="总页码" FieldKind="System" LeftLineVisible="false" TopLineVisible="false" RightLineVisible="false" BottomLineVisible="false" TextHAlign="Right" BandKind="PageHeader" X="175.629169972738" Y="11.5833328564962" Width="20" Height="5" />
      </Elements>
      <Bands>
        <Band IsVisible="false" />
        <Band BandKind="PageHeader" Height="20" />
        <Band BandKind="ReportHeader" Y="19.84375" Height="20" />
        <Band IsVisible="false" BandKind="PageBodyHeader" />
        <Band BandKind="PageDetail" Y="39.9520833333333" Height="237" />
        <Band IsVisible="false" BandKind="PageBodyFooter" />
        <Band IsVisible="false" BandKind="ReportFooter" />
        <Band BandKind="PageFooter" Y="276.754166666667" Height="20" />
      </Bands>
    </Page>
  </Pages>
  <PageSettings MarginLeft="10" MarginTop="20" MarginRight="10" MarginBottom="20" PageWidth="210" PageHeight="297" />
  <ExpressionFields />
</Report>