<Report MaxRowCount="0">
  <Pages>
    <Page Width="210" Height="297" TextVAlign="Center">
      <OrderFields />
      <Elements>
        <TextElement Text="表名" FieldKind="Master" LeftLineVisible="false" TopLineVisible="false" RightLineVisible="false" BottomLineVisible="false" BandKind="ReportHeader" X="10.1229205449422" Y="20.0812496344248" Width="190.541664123535" Height="10.000000278155" FontSize="20" BoldFont="true" TextHAlign="Center" TextVAlign="Center" />
        <TableElement X="10" Y="40" Width="195.448958333334" Height="236.422923660278" TextVAlign="Center">
          <Rows>
            <Row X="10" Y="40" Width="195.448958333333" Height="5" TextVAlign="Center">
              <Cells>
                <Cell OrigWidth="21.8822916666667" OrigHeight="5" AccounttantLineVisble="true" Text="往来单位" X="10" Y="40" Width="21.8822916666667" Height="5" TextVAlign="Center" WordWrap="true" />
                <Cell OrigWidth="18.5208333333333" OrigHeight="5" AccounttantLineVisble="true" Text="单据类型" X="31.8822916666667" Y="40" Width="18.5208333333333" Height="5" TextVAlign="Center" WordWrap="true" />
                <Cell OrigWidth="25.6647149834806" OrigHeight="5" AccounttantLineVisble="true" Text="单据编号" DecimalDigits="0" X="50.403125" Y="40" Width="25.6647149834806" Height="5" TextVAlign="Center" />
                <Cell OrigWidth="16.4839581558793" OrigHeight="5" AccounttantLineVisble="true" Text="单据日期" DecimalDigits="0" X="76.0678399834806" Y="40" Width="16.4839581558793" Height="5" TextVAlign="Center" />
                <Cell OrigWidth="16.4839581558793" OrigHeight="5" AccounttantLineVisble="true" Text="数量" DecimalDigits="0" X="92.5517981393599" Y="40" Width="16.4839581558793" Height="5" TextVAlign="Center" />
                <Cell OrigWidth="16.4839581558793" OrigHeight="5" AccounttantLineVisble="true" Text="单价" DecimalDigits="0" X="109.035756295239" Y="40" Width="16.4839581558793" Height="5" TextVAlign="Center" />
                <Cell OrigWidth="18.5444529253642" OrigHeight="5" AccounttantLineVisble="true" Text="金额" X="125.519714451118" Y="40" Width="18.5444529253642" Height="5" TextVAlign="Center" WordWrap="true" />
                <Cell OrigWidth="18.9190883379978" OrigHeight="5" AccounttantLineVisble="true" Text="已结算金额" X="144.064167376483" Y="40" Width="18.9190883379978" Height="5" TextVAlign="Center" WordWrap="true" />
                <Cell OrigWidth="18.3886192855195" OrigHeight="5" AccounttantLineVisble="true" Text="未结算金额" X="162.98325571448" Y="40" Width="18.3886192855195" Height="5" TextVAlign="Center" WordWrap="true" />
                <Cell OrigWidth="24.0770833333331" OrigHeight="5" AccounttantLineVisble="true" Text="到期日期" X="181.371875" Y="40" Width="24.0770833333331" Height="5" TextVAlign="Center" WordWrap="true" />
              </Cells>
            </Row>
            <Row X="10" Y="45" Width="195.448958333333" Height="5" TextVAlign="Center">
              <Cells>
                <Cell OrigWidth="21.8822916666667" OrigHeight="5" AccounttantLineVisble="true" Text="单位全名" FieldKind="Detail" X="10" Y="45" Width="21.8822916666667" Height="5" TextVAlign="Center" WordWrap="true" />
                <Cell OrigWidth="18.5208333333333" OrigHeight="5" AccounttantLineVisble="true" Text="单据类型" FieldKind="Detail" X="31.8822916666667" Y="45" Width="18.5208333333333" Height="5" TextVAlign="Center" WordWrap="true" />
                <Cell OrigWidth="25.6647149834806" OrigHeight="5" AccounttantLineVisble="true" Text="单据编号" FieldKind="Detail" DecimalDigits="0" X="50.403125" Y="45" Width="25.6647149834806" Height="5" TextVAlign="Center" />
                <Cell OrigWidth="16.4839581558793" OrigHeight="5" AccounttantLineVisble="true" Text="单据日期" FieldKind="Detail" DecimalDigits="0" X="76.0678399834806" Y="45" Width="16.4839581558793" Height="5" TextVAlign="Center" />
                <Cell OrigWidth="16.4839581558793" OrigHeight="5" AccounttantLineVisble="true" Text="数量" FieldKind="Detail" DecimalDigits="0" X="92.5517981393599" Y="45" Width="16.4839581558793" Height="5" TextVAlign="Center" />
                <Cell OrigWidth="16.4839581558793" OrigHeight="5" AccounttantLineVisble="true" Text="单价" FieldKind="Detail" DecimalDigits="0" X="109.035756295239" Y="45" Width="16.4839581558793" Height="5" TextVAlign="Center" />
                <Cell OrigWidth="18.5444529253642" OrigHeight="5" AccounttantLineVisble="true" Text="金额" FieldKind="Detail" X="125.519714451118" Y="45" Width="18.5444529253642" Height="5" TextVAlign="Center" WordWrap="true" />
                <Cell OrigWidth="18.9190883379978" OrigHeight="5" AccounttantLineVisble="true" Text="已结算金额" FieldKind="Detail" X="144.064167376483" Y="45" Width="18.9190883379978" Height="5" TextVAlign="Center" WordWrap="true" />
                <Cell OrigWidth="18.3886192855195" OrigHeight="5" AccounttantLineVisble="true" Text="未结算金额" FieldKind="Detail" X="162.98325571448" Y="45" Width="18.3886192855195" Height="5" TextHAlign="Right" TextVAlign="Center" WordWrap="true" />
                <Cell OrigWidth="24.0770833333331" OrigHeight="5" AccounttantLineVisble="true" Text="到期日期" FieldKind="Detail" X="181.371875" Y="45" Width="24.0770833333331" Height="5" TextHAlign="Right" TextVAlign="Center" WordWrap="true" />
              </Cells>
            </Row>
            <Row X="10" Y="50" Width="195.448958333334" Height="5" TextVAlign="Center">
              <Cells>
                <Cell OrigWidth="171.371875" OrigHeight="5" AccounttantLineVisble="true" Text="打印时间：" LeftLineVisible="false" RightLineVisible="false" BottomLineVisible="false" X="10" Y="50" Width="171.371875" Height="5" TextColor="black" TextHAlign="Right" TextVAlign="Center" WordWrap="true" />
                <Cell OrigWidth="24.0770833333337" OrigHeight="5" AccounttantLineVisble="true" Text="日期" FieldKind="System" LeftLineVisible="false" RightLineVisible="false" BottomLineVisible="false" DecimalDigits="0" X="181.371875" Y="50" Width="24.0770833333337" Height="5" TextColor="black" TextHAlign="Right" TextVAlign="Center" WordWrap="true" />
              </Cells>
            </Row>
            <Row X="10" Y="55" Width="195.448958333334" Height="5" TextVAlign="Center">
              <Cells>
                <Cell OrigWidth="152.983255714481" OrigHeight="5" AccounttantLineVisble="true" Text="" LeftLineVisible="false" TopLineVisible="false" RightLineVisible="false" BottomLineVisible="false" X="10" Y="55" Width="152.983255714481" Height="5" TextColor="black" TextHAlign="Center" TextVAlign="Center" WordWrap="true" />
                <Cell OrigWidth="42.4657026188527" OrigHeight="5" AccounttantLineVisble="true" Text="[管家婆软件]" LeftLineVisible="false" TopLineVisible="false" RightLineVisible="false" BottomLineVisible="false" X="162.983255714481" Y="55" Width="42.4657026188527" Height="5" TextColor="black" TextHAlign="Right" TextVAlign="Center" WordWrap="true" />
              </Cells>
            </Row>
          </Rows>
        </TableElement>
        <TextElement Text="总页码" FieldKind="System" LeftLineVisible="false" TopLineVisible="false" RightLineVisible="false" BottomLineVisible="false" BandKind="PageHeader" X="183.037503306071" Y="13.6999995231628" Width="20" Height="5" TextHAlign="Right" TextVAlign="Center" />
        <TextElement Text="开始日期" FieldKind="Master" LeftLineVisible="false" TopLineVisible="false" RightLineVisible="false" BottomLineVisible="false" DecimalDigits="0" BandKind="ReportHeader" X="9.78958333333333" Y="33.3375" Width="20" Height="5" TextVAlign="Center" />
        <TextElement Text="结束日期" FieldKind="Master" LeftLineVisible="false" TopLineVisible="false" RightLineVisible="false" BottomLineVisible="false" DecimalDigits="0" BandKind="ReportHeader" X="31.75" Y="33.3375" Width="20" Height="5" TextVAlign="Center" />
        <TextElement Text="-" LeftLineVisible="false" TopLineVisible="false" RightLineVisible="false" BottomLineVisible="false" DecimalDigits="0" BandKind="ReportHeader" X="26.4583333333333" Y="33.3375" Width="4.65416722297668" Height="5.0000001390775" TextVAlign="Center" />
      </Elements>
      <Bands>
        <Band IsVisible="false" TextVAlign="Center" />
        <Band BandKind="PageHeader" Height="20" TextVAlign="Center" />
        <Band BandKind="ReportHeader" Y="19.84375" Height="20" TextVAlign="Center" />
        <Band IsVisible="false" BandKind="PageBodyHeader" TextVAlign="Center" />
        <Band BandKind="PageDetail" Y="39.9520833333333" Height="237" TextVAlign="Center" />
        <Band IsVisible="false" BandKind="PageBodyFooter" TextVAlign="Center" />
        <Band IsVisible="false" BandKind="ReportFooter" TextVAlign="Center" />
        <Band BandKind="PageFooter" Y="276.754166666667" Height="20" TextVAlign="Center" />
      </Bands>
    </Page>
  </Pages>
  <PageSettings MarginLeft="10" MarginTop="20" MarginBottom="20" PageWidth="210" PageHeight="297" />
  <ExpressionFields />
</Report>