<Report IsRemoveEmptyRows="true">
  <Pages>
    <Page Width="210" Height="297">
      <OrderFields />
      <Elements>
        <TextElement Text="表名" FieldKind="Master" LeftLineVisible="false" TopLineVisible="false" RightLineVisible="false" BottomLineVisible="false" TextHAlign="Center" BandKind="ReportHeader" X="47.4291705449422" Y="26.6916685740153" Width="100" Height="10" FontSize="20" BoldFont="true" />
        <TableElement X="9.921875" Y="43.9885416666667" Width="186.952083333334" Height="232.30208346049">
          <Rows>
            <Row X="9.921875" Y="43.9885416666667" Width="186.952083333333" Height="5.11432291666667">
              <Cells>
                <Cell OrigWidth="22.225" OrigHeight="5.11432291666667" Text="单据日期" TextHAlign="Center" WordWrap="true" X="9.921875" Y="43.9885416666667" Width="22.225" Height="5.11432291666667" BoldFont="true" />
                <Cell OrigWidth="34.13125" OrigHeight="5.11432291666667" Text="单据编号" TextHAlign="Center" WordWrap="true" X="32.146875" Y="43.9885416666667" Width="34.13125" Height="5.11432291666667" BoldFont="true" />
                <Cell OrigWidth="21.1666666666667" OrigHeight="5.11432291666667" Text="存货" TextHAlign="Center" WordWrap="true" X="66.278125" Y="43.9885416666667" Width="21.1666666666667" Height="5.11432291666667" BoldFont="true" />
                <Cell OrigWidth="23.01875" OrigHeight="5.11432291666667" Text="数量" TextHAlign="Center" WordWrap="true" X="87.4447916666667" Y="43.9885416666667" Width="23.01875" Height="5.11432291666667" BoldFont="true" />
                <Cell OrigWidth="14.8166666666667" OrigHeight="5.11432291666667" Text="单价" TextHAlign="Center" WordWrap="true" X="110.463541666667" Y="43.9885416666667" Width="14.8166666666667" Height="5.11432291666667" BoldFont="true" />
                <Cell OrigWidth="24.0770833333333" OrigHeight="5.11432291666667" Text="金额" TextHAlign="Center" WordWrap="true" X="125.280208333333" Y="43.9885416666667" Width="24.0770833333333" Height="5.11432291666667" BoldFont="true" />
                <Cell OrigWidth="21.9604166666667" OrigHeight="5.11432291666667" Text="往来单位" TextHAlign="Center" WordWrap="true" X="149.357291666667" Y="43.9885416666667" Width="21.9604166666667" Height="5.11432291666667" BoldFont="true" />
                <Cell OrigWidth="25.5562500000001" OrigHeight="5.11432291666667" Text="仓库" TextHAlign="Center" WordWrap="true" X="171.317708333333" Y="43.9885416666667" Width="25.5562500000001" Height="5.11432291666667" BoldFont="true" />
              </Cells>
            </Row>
            <Row X="9.921875" Y="49.1028645833334" Width="186.952083333333" Height="5.11432291666667">
              <Cells>
                <Cell OrigWidth="22.225" OrigHeight="5.11432291666667" Text="日期" FieldKind="Detail" TextHAlign="Center" WordWrap="true" X="9.921875" Y="49.1028645833334" Width="22.225" Height="5.11432291666667" TextColor="black" />
                <Cell OrigWidth="34.13125" OrigHeight="5.11432291666667" Text="单据编号" FieldKind="Detail" TextHAlign="Center" WordWrap="true" X="32.146875" Y="49.1028645833334" Width="34.13125" Height="5.11432291666667" TextColor="black" />
                <Cell OrigWidth="21.1666666666667" OrigHeight="5.11432291666667" Text="存货全名" FieldKind="Detail" TextHAlign="Center" WordWrap="true" X="66.278125" Y="49.1028645833334" Width="21.1666666666667" Height="5.11432291666667" TextColor="black" />
                <Cell OrigWidth="23.01875" OrigHeight="5.11432291666667" Text="数量" FieldKind="Detail" TextHAlign="Center" WordWrap="true" X="87.4447916666667" Y="49.1028645833334" Width="23.01875" Height="5.11432291666667" TextColor="black" />
                <Cell OrigWidth="14.8166666666667" OrigHeight="5.11432291666667" Text="单价" FieldKind="Detail" TextHAlign="Center" WordWrap="true" X="110.463541666667" Y="49.1028645833334" Width="14.8166666666667" Height="5.11432291666667" TextColor="black" />
                <Cell OrigWidth="24.0770833333333" OrigHeight="5.11432291666667" Text="金额" FieldKind="Detail" TextHAlign="Center" WordWrap="true" X="125.280208333333" Y="49.1028645833334" Width="24.0770833333333" Height="5.11432291666667" TextColor="black" />
                <Cell OrigWidth="21.9604166666667" OrigHeight="5.11432291666667" Text="往来单位" FieldKind="Detail" TextHAlign="Center" WordWrap="true" X="149.357291666667" Y="49.1028645833334" Width="21.9604166666667" Height="5.11432291666667" TextColor="black" />
                <Cell OrigWidth="25.5562500000001" OrigHeight="5.11432291666667" Text="仓库" FieldKind="Detail" TextHAlign="Center" WordWrap="true" X="171.317708333333" Y="49.1028645833334" Width="25.5562500000001" Height="5.11432291666667" TextColor="black" />
              </Cells>
            </Row>
            <Row X="9.921875" Y="54.2171875" Width="186.952083333334" Height="5.11432291666667">
              <Cells>
                <Cell OrigWidth="77.5229166666667" OrigHeight="5.11432291666667" Text="合计" TextHAlign="Center" WordWrap="true" X="9.921875" Y="54.2171875" Width="77.5229166666667" Height="5.11432291666667" TextColor="black" />
                <Cell OrigWidth="23.01875" OrigHeight="5.11432291666667" Text="数量" FieldKind="Total" TextHAlign="Center" WordWrap="true" X="87.4447916666667" Y="54.2171875" Width="23.01875" Height="5.11432291666667" TextColor="black" />
                <Cell OrigWidth="14.8166666666667" OrigHeight="5.11432291666667" Text="" TextHAlign="Center" WordWrap="true" X="110.463541666667" Y="54.2171875" Width="14.8166666666667" Height="5.11432291666667" TextColor="black" />
                <Cell OrigWidth="24.0770833333333" OrigHeight="5.11432291666667" Text="金额" FieldKind="Total" TextHAlign="Center" WordWrap="true" X="125.280208333333" Y="54.2171875" Width="24.0770833333333" Height="5.11432291666667" TextColor="black" />
                <Cell OrigWidth="47.516666666667" OrigHeight="5.11432291666667" Text="" TextHAlign="Center" WordWrap="true" X="149.357291666667" Y="54.2171875" Width="47.516666666667" Height="5.11432291666667" TextColor="black" />
              </Cells>
            </Row>
            <Row X="9.921875" Y="59.3315104166667" Width="186.952083333333" Height="5">
              <Cells>
                <Cell OrigWidth="29.7215277777778" OrigHeight="5" Text="核算单位：" LeftLineVisible="false" RightLineVisible="false" BottomLineVisible="false" WordWrap="true" X="9.921875" Y="59.3315104166667" Width="29.7215277777778" Height="5" TextColor="black" />
                <Cell OrigWidth="29.7215277777778" OrigHeight="5" Text="" LeftLineVisible="false" RightLineVisible="false" BottomLineVisible="false" TextHAlign="Center" WordWrap="true" X="39.6434027777778" Y="59.3315104166667" Width="29.7215277777778" Height="5" TextColor="black" />
                <Cell OrigWidth="29.7215277777778" OrigHeight="5" Text="制表人：" LeftLineVisible="false" RightLineVisible="false" BottomLineVisible="false" TextHAlign="Center" WordWrap="true" X="69.3649305555556" Y="59.3315104166667" Width="29.7215277777778" Height="5" TextColor="black" />
                <Cell OrigWidth="37.3062499999999" OrigHeight="5" Text="" LeftLineVisible="false" RightLineVisible="false" BottomLineVisible="false" TextHAlign="Center" WordWrap="true" X="99.0864583333334" Y="59.3315104166667" Width="37.3062499999999" Height="5" TextColor="black" />
                <Cell OrigWidth="33.3375" OrigHeight="5" Text="打印时间：" LeftLineVisible="false" RightLineVisible="false" BottomLineVisible="false" TextHAlign="Center" WordWrap="true" X="136.392708333333" Y="59.3315104166667" Width="33.3375" Height="5" TextColor="black" />
                <Cell OrigWidth="27.14375" OrigHeight="5" Text="日期" FieldKind="System" LeftLineVisible="false" RightLineVisible="false" BottomLineVisible="false" TextHAlign="Center" WordWrap="true" X="169.730208333333" Y="59.3315104166667" Width="27.14375" Height="5" TextColor="black" />
              </Cells>
            </Row>
            <Row X="9.921875" Y="64.3315104166667" Width="186.952083333333" Height="5">
              <Cells>
                <Cell OrigWidth="24.60625" OrigHeight="5" Text="" LeftLineVisible="false" TopLineVisible="false" RightLineVisible="false" BottomLineVisible="false" TextHAlign="Center" WordWrap="true" X="9.921875" Y="64.3315104166667" Width="24.60625" Height="5" TextColor="black" />
                <Cell OrigWidth="24.60625" OrigHeight="5" Text="" LeftLineVisible="false" TopLineVisible="false" RightLineVisible="false" BottomLineVisible="false" TextHAlign="Center" WordWrap="true" X="34.528125" Y="64.3315104166667" Width="24.60625" Height="5" TextColor="black" />
                <Cell OrigWidth="39.9520833333334" OrigHeight="5" Text="" LeftLineVisible="false" TopLineVisible="false" RightLineVisible="false" BottomLineVisible="false" TextHAlign="Center" WordWrap="true" X="59.134375" Y="64.3315104166667" Width="39.9520833333334" Height="5" TextColor="black" />
                <Cell OrigWidth="37.3062499999999" OrigHeight="5" Text="" LeftLineVisible="false" TopLineVisible="false" RightLineVisible="false" BottomLineVisible="false" TextHAlign="Center" WordWrap="true" X="99.0864583333334" Y="64.3315104166667" Width="37.3062499999999" Height="5" TextColor="black" />
                <Cell OrigWidth="60.48125" OrigHeight="5" Text="[管家婆软件]" LeftLineVisible="false" TopLineVisible="false" RightLineVisible="false" BottomLineVisible="false" TextHAlign="Right" WordWrap="true" X="136.392708333333" Y="64.3315104166667" Width="60.48125" Height="5" TextColor="black" />
              </Cells>
            </Row>
          </Rows>
        </TableElement>
        <TextElement Text="总页码" FieldKind="System" LeftLineVisible="false" TopLineVisible="false" RightLineVisible="false" BottomLineVisible="false" TextHAlign="Right" BandKind="PageHeader" X="175.629169972738" Y="11.5833328564962" Width="20" Height="5" />
        <TextElement Text="结束日期" FieldKind="Master" LeftLineVisible="false" TopLineVisible="false" RightLineVisible="false" BottomLineVisible="false" BandKind="ReportHeader" X="69.0020866394043" Y="36.6916688521703" Width="20" Height="5" />
        <TextElement Text="-" LeftLineVisible="false" TopLineVisible="false" RightLineVisible="false" BottomLineVisible="false" BandKind="ReportHeader" X="63.4458366394043" Y="36.691667842865" Width="5.97708388964335" Height="5.0000001390775" />
        <TextElement Text="开始日期" FieldKind="Master" LeftLineVisible="false" TopLineVisible="false" RightLineVisible="false" BottomLineVisible="false" BandKind="ReportHeader" X="40.1624992688497" Y="36.6916688521703" Width="20" Height="5" />
      </Elements>
      <Bands>
        <Band IsVisible="false" />
        <Band BandKind="PageHeader" Height="20" />
        <Band BandKind="ReportHeader" Y="19.84375" Height="23.9447916666667" />
        <Band IsVisible="false" BandKind="PageBodyHeader" />
        <Band BandKind="PageDetail" Y="43.65625" Height="232.898958333333" />
        <Band IsVisible="false" BandKind="PageBodyFooter" />
        <Band IsVisible="false" BandKind="ReportFooter" />
        <Band BandKind="PageFooter" Y="276.754166666667" Height="20" />
      </Bands>
    </Page>
  </Pages>
  <PageSettings MarginLeft="10" MarginTop="20" MarginRight="10" MarginBottom="20" PageWidth="210" PageHeight="297" />
  <ExpressionFields />
</Report>