<Report MaxRowCount="0">
  <Pages>
    <Page Width="210" Height="297" TextVAlign="Center">
      <OrderFields />
      <Elements>
        <TextElement Text="表名" FieldKind="Master" LeftLineVisible="false" TopLineVisible="false" RightLineVisible="false" BottomLineVisible="false" BandKind="ReportHeader" X="9.32917054494222" Y="24.7354168574015" Width="190.758333714803" Height="10.000000278155" FontSize="25" BoldFont="true" TextHAlign="Center" TextVAlign="Center" />
        <TableElement X="10" Y="40" Width="189.892708333333" Height="236.023949305216" TextVAlign="Center">
          <Rows>
            <Row X="10" Y="40" Width="189.892708333333" Height="10" TextVAlign="Center">
              <Cells>
                <Cell TextColor="black" TextHAlign="Center" TextVAlign="Center" WordWrap="true" CellWidth="3.4" OrigWidth="26.6447916666667" OrigHeight="10" Text="客户编号" X="10" Y="40" Width="26.6447916666667" Height="10" />
                <Cell TextColor="black" TextHAlign="Center" TextVAlign="Center" WordWrap="true" CellWidth="3.4" OrigWidth="41.5395833333333" OrigHeight="10" Text="客户全名" X="36.6447916666667" Y="40" Width="41.5395833333333" Height="10" />
                <Cell TextColor="black" TextHAlign="Center" TextVAlign="Center" WordWrap="true" CellWidth="3.4" OrigWidth="46.8003006617228" OrigHeight="10" Text="地区" X="78.184375" Y="40" Width="46.8003006617228" Height="10" />
                <Cell TextColor="black" TextHAlign="Center" TextVAlign="Center" WordWrap="true" CellWidth="3.4" OrigWidth="74.9080326716105" OrigHeight="10" Text="联系人" X="124.984675661723" Y="40" Width="74.9080326716105" Height="10" />
              </Cells>
            </Row>
            <Row X="10" Y="50" Width="189.892708333333" Height="5" TextVAlign="Center">
              <Cells>
                <Cell TextVAlign="Center" WordWrap="true" CellWidth="3.4" OrigWidth="26.6447916666667" OrigHeight="5" Text="客户编号" FieldKind="Detail" X="10" Y="50" Width="26.6447916666667" Height="5" />
                <Cell TextVAlign="Center" WordWrap="true" CellWidth="3.4" OrigWidth="41.5395833333333" OrigHeight="5" Text="客户全名" FieldKind="Detail" X="36.6447916666667" Y="50" Width="41.5395833333333" Height="5" />
                <Cell TextVAlign="Center" WordWrap="true" CellWidth="3.4" OrigWidth="46.8003006617228" OrigHeight="5" Text="地区" FieldKind="Detail" X="78.184375" Y="50" Width="46.8003006617228" Height="5" />
                <Cell TextVAlign="Center" WordWrap="true" CellWidth="3.4" OrigWidth="74.9080326716105" OrigHeight="5" Text="客户联系人" FieldKind="Detail" X="124.984675661723" Y="50" Width="74.9080326716105" Height="5" />
              </Cells>
            </Row>
            <Row X="10" Y="55" Width="189.892708333333" Height="5" TextVAlign="Center">
              <Cells>
                <Cell TextColor="black" TextVAlign="Center" WordWrap="true" CellWidth="3.4" OrigWidth="19.765625" OrigHeight="5" Text="审核单位:" LeftLineVisible="false" RightLineVisible="false" BottomLineVisible="false" X="10" Y="55" Width="19.765625" Height="5" />
                <Cell TextColor="black" TextVAlign="Center" WordWrap="true" CellWidth="3.4" OrigWidth="48.41875" OrigHeight="5" Text="" LeftLineVisible="false" RightLineVisible="false" BottomLineVisible="false" X="29.765625" Y="55" Width="48.41875" Height="5" />
                <Cell TextColor="black" TextVAlign="Center" WordWrap="true" CellWidth="3.4" OrigWidth="1.85208333333329" OrigHeight="5" Text="" LeftLineVisible="false" RightLineVisible="false" BottomLineVisible="false" X="78.184375" Y="55" Width="1.85208333333329" Height="5" />
                <Cell TextColor="black" TextVAlign="Center" WordWrap="true" CellWidth="3.4" OrigWidth="19.3145833333333" OrigHeight="5" Text="制表人:" LeftLineVisible="false" RightLineVisible="false" BottomLineVisible="false" X="80.0364583333333" Y="55" Width="19.3145833333333" Height="5" />
                <Cell TextColor="black" TextVAlign="Center" WordWrap="true" CellWidth="3.4" OrigWidth="30.1625" OrigHeight="5" Text="" LeftLineVisible="false" RightLineVisible="false" BottomLineVisible="false" X="99.3510416666666" Y="55" Width="30.1625" Height="5" />
                <Cell TextColor="black" TextVAlign="Center" WordWrap="true" CellWidth="3.4" OrigWidth="20.3729166666666" OrigHeight="5" Text="" LeftLineVisible="false" RightLineVisible="false" BottomLineVisible="false" X="129.513541666667" Y="55" Width="20.3729166666666" Height="5" />
                <Cell TextColor="black" TextVAlign="Center" WordWrap="true" CellWidth="3.4" OrigWidth="19.5791666666667" OrigHeight="5" Text="打印时间:" LeftLineVisible="false" RightLineVisible="false" BottomLineVisible="false" X="149.886458333333" Y="55" Width="19.5791666666667" Height="5" />
                <Cell TextColor="black" TextVAlign="Center" WordWrap="true" CellWidth="3.4" OrigWidth="30.4270833333334" OrigHeight="5" Text="日期" FieldKind="System" LeftLineVisible="false" RightLineVisible="false" BottomLineVisible="false" X="169.465625" Y="55" Width="30.4270833333334" Height="5" />
              </Cells>
            </Row>
            <Row X="10" Y="60" Width="189.892708333333" Height="5" TextVAlign="Center">
              <Cells>
                <Cell TextColor="black" TextHAlign="Right" TextVAlign="Center" WordWrap="true" CellWidth="3.4" OrigWidth="189.892708333333" OrigHeight="5" Text="[管家婆软件]" LeftLineVisible="false" TopLineVisible="false" RightLineVisible="false" BottomLineVisible="false" X="10" Y="60" Width="189.892708333333" Height="5" />
              </Cells>
            </Row>
          </Rows>
        </TableElement>
        <TextElement Text="总页码" FieldKind="System" LeftLineVisible="false" TopLineVisible="false" RightLineVisible="false" BottomLineVisible="false" BandKind="PageHeader" X="156.314586639404" Y="15.5520828564962" Width="43.8125066121419" Height="5.0000001390775" TextHAlign="Right" TextVAlign="Center" />
      </Elements>
      <Bands>
        <Band IsVisible="false" TextVAlign="Center" />
        <Band BandKind="PageHeader" Height="20" TextVAlign="Center" />
        <Band BandKind="ReportHeader" Y="19.84375" Height="19.84375" TextVAlign="Center" />
        <Band IsVisible="false" BandKind="PageBodyHeader" TextVAlign="Center" />
        <Band BandKind="PageDetail" Y="39.6875" Height="237.15625" TextVAlign="Center" />
        <Band IsVisible="false" BandKind="PageBodyFooter" TextVAlign="Center" />
        <Band IsVisible="false" BandKind="ReportFooter" TextVAlign="Center" />
        <Band BandKind="PageFooter" Y="276.754166666667" Height="20" TextVAlign="Center" />
      </Bands>
    </Page>
  </Pages>
  <PageSettings MarginLeft="10" MarginTop="20" MarginRight="10" MarginBottom="20" PageWidth="210" PageHeight="297" />
  <ExpressionFields />
</Report>