<Report MaxRowCount="0">
  <Pages>
    <Page Width="210" Height="297">
      <OrderFields />
      <Elements>
        <TextElement Text="表名" FieldKind="Master" LeftLineVisible="false" TopLineVisible="false" RightLineVisible="false" BottomLineVisible="false" TextHAlign="Center" BandKind="ReportHeader" X="9.32917054494222" Y="24.7354168574015" Width="190.758333714803" Height="10.000000278155" FontSize="25" BoldFont="true" />
        <TableElement X="10" Y="40" Width="189.892708333333" Height="236.023949305216">
          <Rows>
            <Row X="10" Y="40" Width="189.892708333333" Height="10">
              <Cells>
                <Cell OrigWidth="20.2947916666667" OrigHeight="10" Text="开始日期" FieldKind="Master" LeftLineVisible="false" TopLineVisible="false" RightLineVisible="false" BottomLineVisible="false" TextHAlign="Center" WordWrap="true" X="10" Y="40" Width="20.2947916666667" Height="10" TextColor="black" />
                <Cell TextColor="black" OrigWidth="9.26041666666667" OrigHeight="10" Text="至" LeftLineVisible="false" TopLineVisible="false" RightLineVisible="false" BottomLineVisible="false" TextHAlign="Center" WordWrap="true" X="30.2947916666667" Y="40" Width="9.26041666666667" Height="10" />
                <Cell TextColor="black" OrigWidth="19.84375" OrigHeight="10" Text="结束日期" FieldKind="Master" LeftLineVisible="false" TopLineVisible="false" RightLineVisible="false" BottomLineVisible="false" TextHAlign="Center" WordWrap="true" X="39.5552083333334" Y="40" Width="19.84375" Height="10" />
                <Cell TextColor="black" OrigWidth="19.84375" OrigHeight="10" Text="" LeftLineVisible="false" TopLineVisible="false" RightLineVisible="false" BottomLineVisible="false" TextHAlign="Center" WordWrap="true" X="59.3989583333334" Y="40" Width="19.84375" Height="10" />
                <Cell TextColor="black" OrigWidth="14.2875" OrigHeight="10" Text="存货:" LeftLineVisible="false" TopLineVisible="false" RightLineVisible="false" TextHAlign="Center" WordWrap="true" X="79.2427083333334" Y="40" Width="14.2875" Height="10" />
                <Cell TextColor="black" OrigWidth="35.71875" OrigHeight="10" Text="存    货" FieldKind="Master" LeftLineVisible="false" TopLineVisible="false" RightLineVisible="false" BottomLineVisible="false" TextHAlign="Center" WordWrap="true" X="93.5302083333334" Y="40" Width="35.71875" Height="10" />
                <Cell TextColor="black" OrigWidth="20.3729166666667" OrigHeight="10" Text="" LeftLineVisible="false" TopLineVisible="false" RightLineVisible="false" BottomLineVisible="false" TextHAlign="Center" WordWrap="true" X="129.248958333333" Y="40" Width="20.3729166666667" Height="10" />
                <Cell TextColor="black" OrigWidth="50.270833333333" OrigHeight="10" Text="" LeftLineVisible="false" TopLineVisible="false" RightLineVisible="false" BottomLineVisible="false" TextHAlign="Center" WordWrap="true" X="149.621875" Y="40" Width="50.270833333333" Height="10" />
              </Cells>
            </Row>
            <Row X="10" Y="50" Width="189.892708333333" Height="5">
              <Cells>
                <Cell TextColor="black" RowSpan="2" OrigWidth="31.6487847222222" OrigHeight="5" Text="日期" TextHAlign="Center" WordWrap="true" X="10" Y="50" Width="31.6487847222222" Height="10" />
                <Cell TextColor="black" RowSpan="2" OrigWidth="31.6487847222222" OrigHeight="5" Text="单据号" TextHAlign="Center" WordWrap="true" X="41.6487847222222" Y="50" Width="31.6487847222222" Height="10" />
                <Cell TextColor="black" RowSpan="2" OrigWidth="31.6487847222222" OrigHeight="5" Text="摘要" TextHAlign="Center" WordWrap="true" X="73.2975694444444" Y="50" Width="31.6487847222222" Height="10" />
                <Cell TextColor="black" OrigWidth="31.6487847222222" OrigHeight="5" Text="本期领用" TextHAlign="Center" WordWrap="true" X="104.946354166667" Y="50" Width="31.6487847222222" Height="5" />
                <Cell TextColor="black" OrigWidth="31.6487847222222" OrigHeight="5" Text="本期使用" TextHAlign="Center" WordWrap="true" X="136.595138888889" Y="50" Width="31.6487847222222" Height="5" />
                <Cell TextColor="black" OrigWidth="31.6487847222222" OrigHeight="5" Text="期末在产" TextHAlign="Center" WordWrap="true" X="168.243923611111" Y="50" Width="31.6487847222222" Height="5" />
              </Cells>
            </Row>
            <Row X="10" Y="55" Width="189.892708333333" Height="5">
              <Cells>
                <Cell TextColor="black" OrigWidth="31.6487847222222" OrigHeight="5" Text="" TextHAlign="Center" WordWrap="true" X="10" Y="55" Width="31.6487847222222" Height="10" />
                <Cell TextColor="black" OrigWidth="31.6487847222222" OrigHeight="5" Text="" TextHAlign="Center" WordWrap="true" X="41.6487847222222" Y="55" Width="31.6487847222222" Height="10" />
                <Cell TextColor="black" OrigWidth="31.6487847222222" OrigHeight="5" Text="" TextHAlign="Center" WordWrap="true" X="73.2975694444444" Y="55" Width="31.6487847222222" Height="10" />
                <Cell TextColor="black" OrigWidth="15.8243923611111" OrigHeight="5" Text="数量" TextHAlign="Center" WordWrap="true" X="104.946354166667" Y="55" Width="15.8243923611111" Height="5" />
                <Cell TextColor="black" OrigWidth="15.8243923611111" OrigHeight="5" Text="金额" TextHAlign="Center" WordWrap="true" X="120.770746527778" Y="55" Width="15.8243923611111" Height="5" />
                <Cell TextColor="black" OrigWidth="15.8243923611111" OrigHeight="5" Text="数量" TextHAlign="Center" WordWrap="true" X="136.595138888889" Y="55" Width="15.8243923611111" Height="5" />
                <Cell TextColor="black" OrigWidth="15.8243923611111" OrigHeight="5" Text="金额" TextHAlign="Center" WordWrap="true" X="152.41953125" Y="55" Width="15.8243923611111" Height="5" />
                <Cell TextColor="black" OrigWidth="15.8243923611111" OrigHeight="5" Text="数量" TextHAlign="Center" WordWrap="true" X="168.243923611111" Y="55" Width="15.8243923611111" Height="5" />
                <Cell TextColor="black" OrigWidth="15.8243923611111" OrigHeight="5" Text="金额" TextHAlign="Center" WordWrap="true" X="184.068315972222" Y="55" Width="15.8243923611111" Height="5" />
              </Cells>
            </Row>
            <Row X="10" Y="60" Width="189.892708333333" Height="5">
              <Cells>
                <Cell TextColor="black" OrigWidth="31.6487847222222" OrigHeight="5" Text="日期" FieldKind="Detail" TextHAlign="Center" WordWrap="true" X="10" Y="60" Width="31.6487847222222" Height="5" />
                <Cell TextColor="black" OrigWidth="31.6487847222222" OrigHeight="5" Text="单据号" FieldKind="Detail" TextHAlign="Center" WordWrap="true" X="41.6487847222222" Y="60" Width="31.6487847222222" Height="5" />
                <Cell TextColor="black" OrigWidth="31.6487847222222" OrigHeight="5" Text="摘要" FieldKind="Detail" TextHAlign="Center" WordWrap="true" X="73.2975694444444" Y="60" Width="31.6487847222222" Height="5" />
                <Cell TextColor="black" OrigWidth="15.8243923611111" OrigHeight="5" Text="本期领用数量" FieldKind="Detail" TextHAlign="Center" WordWrap="true" X="104.946354166667" Y="60" Width="15.8243923611111" Height="5" />
                <Cell TextColor="black" OrigWidth="15.8243923611111" OrigHeight="5" Text="本期领用金额" FieldKind="Detail" TextHAlign="Center" WordWrap="true" X="120.770746527778" Y="60" Width="15.8243923611111" Height="5" />
                <Cell TextColor="black" OrigWidth="15.8243923611111" OrigHeight="5" Text="本期使用数量" FieldKind="Detail" TextHAlign="Center" WordWrap="true" X="136.595138888889" Y="60" Width="15.8243923611111" Height="5" />
                <Cell TextColor="black" OrigWidth="15.8243923611111" OrigHeight="5" Text="本期使用金额" FieldKind="Detail" TextHAlign="Center" WordWrap="true" X="152.41953125" Y="60" Width="15.8243923611111" Height="5" />
                <Cell TextColor="black" OrigWidth="15.8243923611111" OrigHeight="5" Text="期末在产数量" FieldKind="Detail" TextHAlign="Center" WordWrap="true" X="168.243923611111" Y="60" Width="15.8243923611111" Height="5" />
                <Cell TextColor="black" OrigWidth="15.8243923611111" OrigHeight="5" Text="期末在产金额" FieldKind="Detail" TextHAlign="Center" WordWrap="true" X="184.068315972222" Y="60" Width="15.8243923611111" Height="5" />
              </Cells>
            </Row>
            <Row X="10" Y="65" Width="189.892708333333" Height="5">
              <Cells>
                <Cell TextColor="black" OrigWidth="19.765625" OrigHeight="5" Text="审核单位:" LeftLineVisible="false" RightLineVisible="false" BottomLineVisible="false" WordWrap="true" X="10" Y="65" Width="19.765625" Height="5" />
                <Cell TextColor="black" OrigWidth="29.6333333333333" OrigHeight="5" Text="" LeftLineVisible="false" RightLineVisible="false" BottomLineVisible="false" WordWrap="true" X="29.765625" Y="65" Width="29.6333333333333" Height="5" />
                <Cell TextColor="black" OrigWidth="20.6375" OrigHeight="5" Text="" LeftLineVisible="false" RightLineVisible="false" BottomLineVisible="false" WordWrap="true" X="59.3989583333333" Y="65" Width="20.6375" Height="5" />
                <Cell TextColor="black" OrigWidth="19.3145833333333" OrigHeight="5" Text="制表人:" LeftLineVisible="false" RightLineVisible="false" BottomLineVisible="false" WordWrap="true" X="80.0364583333333" Y="65" Width="19.3145833333333" Height="5" />
                <Cell TextColor="black" OrigWidth="30.1625" OrigHeight="5" Text="" LeftLineVisible="false" RightLineVisible="false" BottomLineVisible="false" WordWrap="true" X="99.3510416666666" Y="65" Width="30.1625" Height="5" />
                <Cell TextColor="black" OrigWidth="20.3729166666666" OrigHeight="5" Text="" LeftLineVisible="false" RightLineVisible="false" BottomLineVisible="false" WordWrap="true" X="129.513541666667" Y="65" Width="20.3729166666666" Height="5" />
                <Cell TextColor="black" OrigWidth="19.5791666666667" OrigHeight="5" Text="打印时间:" LeftLineVisible="false" RightLineVisible="false" BottomLineVisible="false" WordWrap="true" X="149.886458333333" Y="65" Width="19.5791666666667" Height="5" />
                <Cell TextColor="black" OrigWidth="30.427083333333" OrigHeight="5" Text="日期" FieldKind="System" LeftLineVisible="false" RightLineVisible="false" BottomLineVisible="false" WordWrap="true" X="169.465625" Y="65" Width="30.427083333333" Height="5" />
              </Cells>
            </Row>
            <Row X="10" Y="70" Width="189.892708333333" Height="5">
              <Cells>
                <Cell TextColor="black" OrigWidth="189.892708333333" OrigHeight="5" Text="[管家婆软件]" LeftLineVisible="false" TopLineVisible="false" RightLineVisible="false" BottomLineVisible="false" TextHAlign="Right" WordWrap="true" X="10" Y="70" Width="189.892708333333" Height="5" />
              </Cells>
            </Row>
          </Rows>
        </TableElement>
        <TextElement Text="总页码" FieldKind="System" LeftLineVisible="false" TopLineVisible="false" RightLineVisible="false" BottomLineVisible="false" TextHAlign="Right" BandKind="PageHeader" X="156.314586639404" Y="15.5520828564962" Width="43.8125066121419" Height="5.0000001390775" />
      </Elements>
      <Bands>
        <Band IsVisible="false" />
        <Band BandKind="PageHeader" Height="20" />
        <Band BandKind="ReportHeader" Y="19.84375" Height="19.84375" />
        <Band IsVisible="false" BandKind="PageBodyHeader" />
        <Band BandKind="PageDetail" Y="39.6875" Height="237.15625" />
        <Band IsVisible="false" BandKind="PageBodyFooter" />
        <Band IsVisible="false" BandKind="ReportFooter" />
        <Band BandKind="PageFooter" Y="276.754166666667" Height="20" />
      </Bands>
    </Page>
  </Pages>
  <PageSettings MarginLeft="10" MarginTop="20" MarginRight="10" MarginBottom="20" PageWidth="210" PageHeight="297" />
  <ExpressionFields />
</Report>