<Report>
  <Pages>
    <Page Width="210" Height="297" TextVAlign="Center">
      <OrderFields />
      <Elements>
        <TextElement Text="表名" FieldKind="Master" LeftLineVisible="false" TopLineVisible="false" RightLineVisible="false" BottomLineVisible="false" BandKind="ReportHeader" X="75.4750038782756" Y="25.1083329677582" Width="110" Height="10" FontSize="20" BoldFont="true" TextHAlign="Center" TextVAlign="Center" />
        <TableElement X="10" Y="40" Width="189.098958333334" Height="236.422923660278" TextVAlign="Center">
          <Rows>
            <Row X="10" Y="40" Width="189.098958333333" Height="5" TextVAlign="Center">
              <Cells>
                <Cell OrigWidth="11.828125" OrigHeight="5" AccounttantLineVisble="true" Text="行号" X="10" Y="40" Width="11.828125" Height="5" BoldFont="true" TextHAlign="Center" TextVAlign="Center" WordWrap="true" />
                <Cell OrigWidth="17.7270833333333" OrigHeight="5" AccounttantLineVisble="true" Text="折旧选择" X="21.828125" Y="40" Width="17.7270833333333" Height="5" BoldFont="true" TextHAlign="Center" TextVAlign="Center" WordWrap="true" />
                <Cell OrigWidth="11.90625" OrigHeight="5" AccounttantLineVisble="true" Text="编号" X="39.5552083333333" Y="40" Width="11.90625" Height="5" BoldFont="true" TextHAlign="Center" TextVAlign="Center" WordWrap="true" />
                <Cell OrigWidth="12.1708333333333" OrigHeight="5" AccounttantLineVisble="true" Text="名称" X="51.4614583333333" Y="40" Width="12.1708333333333" Height="5" BoldFont="true" TextHAlign="Center" TextVAlign="Center" WordWrap="true" />
                <Cell OrigWidth="16.6687500000001" OrigHeight="5" AccounttantLineVisble="true" Text="入账日期" X="63.6322916666666" Y="40" Width="16.6687500000001" Height="5" BoldFont="true" TextHAlign="Center" TextVAlign="Center" WordWrap="true" />
                <Cell OrigWidth="28.0458333333333" OrigHeight="5" AccounttantLineVisble="true" Text="使用月份(工作量)" X="80.3010416666667" Y="40" Width="28.0458333333333" Height="5" BoldFont="true" TextHAlign="Center" TextVAlign="Center" WordWrap="true" />
                <Cell OrigWidth="20.6374999999999" OrigHeight="5" AccounttantLineVisble="true" Text="入账原值" X="108.346875" Y="40" Width="20.6374999999999" Height="5" BoldFont="true" TextHAlign="Center" TextVAlign="Center" WordWrap="true" />
                <Cell OrigWidth="17.9916666666667" OrigHeight="5" AccounttantLineVisble="true" Text="累计折旧" X="128.984375" Y="40" Width="17.9916666666667" Height="5" BoldFont="true" TextHAlign="Center" TextVAlign="Center" WordWrap="true" />
                <Cell OrigWidth="23.8125" OrigHeight="5" AccounttantLineVisble="true" Text="残值率（%）" X="146.976041666667" Y="40" Width="23.8125" Height="5" BoldFont="true" TextHAlign="Center" TextVAlign="Center" WordWrap="true" />
                <Cell OrigWidth="28.3104166666667" OrigHeight="5" AccounttantLineVisble="true" Text="当期折旧额" X="170.788541666667" Y="40" Width="28.3104166666667" Height="5" BoldFont="true" TextHAlign="Center" TextVAlign="Center" WordWrap="true" />
              </Cells>
            </Row>
            <Row X="10" Y="45" Width="189.098958333333" Height="5" TextVAlign="Center">
              <Cells>
                <Cell OrigWidth="11.828125" OrigHeight="5" AccounttantLineVisble="true" Text="行号" FieldKind="Detail" X="10" Y="45" Width="11.828125" Height="5" TextHAlign="Center" TextVAlign="Center" WordWrap="true" />
                <Cell OrigWidth="17.7270833333333" OrigHeight="5" AccounttantLineVisble="true" Text="折旧选择" FieldKind="Detail" X="21.828125" Y="45" Width="17.7270833333333" Height="5" TextVAlign="Center" WordWrap="true" />
                <Cell OrigWidth="11.90625" OrigHeight="5" AccounttantLineVisble="true" Text="固定资产编号" FieldKind="Detail" X="39.5552083333333" Y="45" Width="11.90625" Height="5" TextVAlign="Center" WordWrap="true" />
                <Cell OrigWidth="12.1708333333333" OrigHeight="5" AccounttantLineVisble="true" Text="固定资产名称" FieldKind="Detail" X="51.4614583333333" Y="45" Width="12.1708333333333" Height="5" TextVAlign="Center" WordWrap="true" />
                <Cell OrigWidth="16.6687500000001" OrigHeight="5" AccounttantLineVisble="true" Text="入账日期" FieldKind="Detail" X="63.6322916666666" Y="45" Width="16.6687500000001" Height="5" TextVAlign="Center" WordWrap="true" />
                <Cell OrigWidth="28.0458333333333" OrigHeight="5" AccounttantLineVisble="true" Text="使用月份工作量" FieldKind="Detail" X="80.3010416666667" Y="45" Width="28.0458333333333" Height="5" TextHAlign="Right" TextVAlign="Center" WordWrap="true" />
                <Cell OrigWidth="20.6374999999999" OrigHeight="5" AccounttantLineVisble="true" Text="入账原值" FieldKind="Detail" X="108.346875" Y="45" Width="20.6374999999999" Height="5" TextHAlign="Right" TextVAlign="Center" WordWrap="true" />
                <Cell OrigWidth="17.9916666666667" OrigHeight="5" AccounttantLineVisble="true" Text="累计折旧" FieldKind="Detail" X="128.984375" Y="45" Width="17.9916666666667" Height="5" TextHAlign="Right" TextVAlign="Center" WordWrap="true" />
                <Cell OrigWidth="23.8125" OrigHeight="5" AccounttantLineVisble="true" Text="残值率" FieldKind="Detail" X="146.976041666667" Y="45" Width="23.8125" Height="5" TextHAlign="Right" TextVAlign="Center" WordWrap="true" />
                <Cell OrigWidth="28.3104166666667" OrigHeight="5" AccounttantLineVisble="true" Text="当期折旧额" FieldKind="Detail" X="170.788541666667" Y="45" Width="28.3104166666667" Height="5" TextHAlign="Right" TextVAlign="Center" WordWrap="true" />
              </Cells>
            </Row>
            <Row X="10" Y="50" Width="189.098958333333" Height="5" TextVAlign="Center">
              <Cells>
                <Cell OrigWidth="98.346875" OrigHeight="5" AccounttantLineVisble="true" Text="合计" X="10" Y="50" Width="98.346875" Height="5" TextHAlign="Center" TextVAlign="Center" WordWrap="true" />
                <Cell OrigWidth="20.6374999999997" OrigHeight="5" AccounttantLineVisble="true" Text="入账原值" FieldKind="Total" TextFormat="AccountFormat" X="108.346875" Y="50" Width="20.6374999999997" Height="5" TextHAlign="Right" TextVAlign="Center" WordWrap="true" />
                <Cell OrigWidth="17.9916666666667" OrigHeight="5" AccounttantLineVisble="true" Text="累计折旧" FieldKind="Total" TextFormat="AccountFormat" X="128.984375" Y="50" Width="17.9916666666667" Height="5" TextHAlign="Right" TextVAlign="Center" WordWrap="true" />
                <Cell OrigWidth="23.8125" OrigHeight="5" AccounttantLineVisble="true" Text="" X="146.976041666666" Y="50" Width="23.8125" Height="5" TextVAlign="Center" WordWrap="true" />
                <Cell OrigWidth="28.3104166666667" OrigHeight="5" AccounttantLineVisble="true" Text="当期折旧额" FieldKind="Total" TextFormat="AccountFormat" X="170.788541666666" Y="50" Width="28.3104166666667" Height="5" TextHAlign="Right" TextVAlign="Center" WordWrap="true" />
              </Cells>
            </Row>
            <Row X="10" Y="55" Width="189.098958333334" Height="5" TextVAlign="Center">
              <Cells>
                <Cell OrigWidth="136.976041666667" OrigHeight="5" AccounttantLineVisble="true" Text="" LeftLineVisible="false" RightLineVisible="false" BottomLineVisible="false" X="10" Y="55" Width="136.976041666667" Height="5" TextColor="black" TextHAlign="Center" TextVAlign="Center" WordWrap="true" />
                <Cell OrigWidth="23.8125" OrigHeight="5" AccounttantLineVisble="true" Text="打印时间：" LeftLineVisible="false" RightLineVisible="false" BottomLineVisible="false" X="146.976041666667" Y="55" Width="23.8125" Height="5" TextColor="black" TextVAlign="Center" WordWrap="true" />
                <Cell OrigWidth="28.3104166666667" OrigHeight="5" AccounttantLineVisble="true" Text="日期" FieldKind="System" LeftLineVisible="false" RightLineVisible="false" BottomLineVisible="false" X="170.788541666667" Y="55" Width="28.3104166666667" Height="5" TextColor="black" TextVAlign="Center" WordWrap="true" />
              </Cells>
            </Row>
            <Row X="10" Y="60" Width="189.098958333334" Height="5" TextVAlign="Center">
              <Cells>
                <Cell OrigWidth="136.976041666667" OrigHeight="5" AccounttantLineVisble="true" Text="" LeftLineVisible="false" TopLineVisible="false" RightLineVisible="false" BottomLineVisible="false" X="10" Y="60" Width="136.976041666667" Height="5" TextColor="black" TextHAlign="Center" TextVAlign="Center" WordWrap="true" />
                <Cell OrigWidth="23.8125" OrigHeight="5" AccounttantLineVisble="true" Text="" LeftLineVisible="false" TopLineVisible="false" RightLineVisible="false" BottomLineVisible="false" X="146.976041666667" Y="60" Width="23.8125" Height="5" TextColor="black" TextVAlign="Center" WordWrap="true" />
                <Cell OrigWidth="28.3104166666667" OrigHeight="5" AccounttantLineVisble="true" Text="[管家婆软件]" LeftLineVisible="false" TopLineVisible="false" RightLineVisible="false" BottomLineVisible="false" X="170.788541666667" Y="60" Width="28.3104166666667" Height="5" TextColor="black" TextHAlign="Right" TextVAlign="Center" WordWrap="true" />
              </Cells>
            </Row>
            <Row X="10" Y="65" Width="1" Height="5" TextVAlign="Center">
              <Cells>
                <Cell OrigWidth="1" OrigHeight="5" AccounttantLineVisble="true" Text=" " LeftLineVisible="false" TopLineVisible="false" RightLineVisible="false" BottomLineVisible="false" X="10" Y="65" Width="1" Height="5" TextVAlign="Center" WordWrap="true" />
              </Cells>
            </Row>
          </Rows>
        </TableElement>
        <TextElement Text="总页码" FieldKind="System" LeftLineVisible="false" TopLineVisible="false" RightLineVisible="false" BottomLineVisible="false" BandKind="PageHeader" X="181.450003306071" Y="12.3770828564962" Width="20" Height="5" TextHAlign="Right" TextVAlign="Center" />
      </Elements>
      <Bands>
        <Band IsVisible="false" TextVAlign="Center" />
        <Band BandKind="PageHeader" Height="20" TextVAlign="Center" />
        <Band BandKind="ReportHeader" Y="19.84375" Height="20" TextVAlign="Center" />
        <Band IsVisible="false" BandKind="PageBodyHeader" TextVAlign="Center" />
        <Band BandKind="PageDetail" Y="39.9520833333333" Height="237" TextVAlign="Center" />
        <Band IsVisible="false" BandKind="PageBodyFooter" TextVAlign="Center" />
        <Band IsVisible="false" BandKind="ReportFooter" TextVAlign="Center" />
        <Band BandKind="PageFooter" Y="276.754166666667" Height="20" TextVAlign="Center" />
      </Bands>
    </Page>
  </Pages>
  <PageSettings MarginLeft="10" MarginTop="20" MarginBottom="20" PageWidth="210" PageHeight="297" />
  <ExpressionFields />
</Report>