<Report MaxRowCount="0">
  <Pages>
    <Page Width="210" Height="297" TextVAlign="Center">
      <OrderFields />
      <Elements>
        <TableElement X="10.715625" Y="57.7468749046326" Width="188.226041944822" Height="221.999999109904" TextVAlign="Center">
          <Rows>
            <Row X="10.715625" Y="57.7468749046326" Width="188.226041944822" Height="5" TextVAlign="Center">
              <Cells>
                <Cell OrigWidth="42.3158291126556" OrigHeight="5" AccounttantLineVisble="true" Text="行号" DecimalDigits="0" X="10.715625" Y="57.7468749046326" Width="42.3158291126556" Height="5" TextVAlign="Center" />
                <Cell OrigWidth="78.8703853146844" OrigHeight="5" AccounttantLineVisble="true" Text="序列号" DecimalDigits="0" X="53.0314541126556" Y="57.7468749046326" Width="78.8703853146844" Height="5" TextVAlign="Center" />
                <Cell OrigWidth="67.0398275174817" OrigHeight="5" AccounttantLineVisble="true" Text="备注" DecimalDigits="0" X="131.90183942734" Y="57.7468749046326" Width="67.0398275174817" Height="5" TextVAlign="Center" />
              </Cells>
            </Row>
            <Row X="10.715625" Y="62.7468749046326" Width="188.226041944822" Height="5" TextVAlign="Center">
              <Cells>
                <Cell OrigWidth="42.3158291126556" OrigHeight="5" AccounttantLineVisble="true" Text="行号" FieldKind="Detail" DecimalDigits="0" X="10.715625" Y="62.7468749046326" Width="42.3158291126556" Height="5" TextVAlign="Center" />
                <Cell OrigWidth="78.8703853146844" OrigHeight="5" AccounttantLineVisble="true" Text="序列号" FieldKind="Detail" DecimalDigits="0" X="53.0314541126556" Y="62.7468749046326" Width="78.8703853146844" Height="5" TextVAlign="Center" />
                <Cell OrigWidth="67.0398275174817" OrigHeight="5" AccounttantLineVisble="true" Text="备注" FieldKind="Detail" DecimalDigits="0" X="131.90183942734" Y="62.7468749046326" Width="67.0398275174817" Height="5" TextVAlign="Center" />
              </Cells>
            </Row>
            <Row X="10.715625" Y="67.7468749046326" Width="188.226041944822" Height="5" TextVAlign="Center">
              <Cells>
                <Cell OrigWidth="42.3158291126556" OrigHeight="5" AccounttantLineVisble="true" LeftLineVisible="false" RightLineVisible="false" BottomLineVisible="false" DecimalDigits="0" X="10.715625" Y="67.7468749046326" Width="42.3158291126556" Height="5" TextVAlign="Center" />
                <Cell OrigWidth="78.8703853146844" OrigHeight="5" AccounttantLineVisble="true" Text="打印时间：" LeftLineVisible="false" RightLineVisible="false" BottomLineVisible="false" DecimalDigits="0" X="53.0314541126556" Y="67.7468749046326" Width="78.8703853146844" Height="5" TextHAlign="Right" TextVAlign="Center" />
                <Cell OrigWidth="67.0398275174817" OrigHeight="5" AccounttantLineVisble="true" Text="日期" FieldKind="System" LeftLineVisible="false" RightLineVisible="false" BottomLineVisible="false" DecimalDigits="0" X="131.90183942734" Y="67.7468749046326" Width="67.0398275174817" Height="5" TextHAlign="Right" TextVAlign="Center" />
              </Cells>
            </Row>
            <Row X="10.715625" Y="72.7468749046326" Width="188.226041944822" Height="5" TextVAlign="Center">
              <Cells>
                <Cell OrigWidth="42.3158291126556" OrigHeight="5" AccounttantLineVisble="true" Text="" LeftLineVisible="false" TopLineVisible="false" RightLineVisible="false" BottomLineVisible="false" DecimalDigits="0" X="10.715625" Y="72.7468749046326" Width="42.3158291126556" Height="5" TextColor="black" TextVAlign="Center" />
                <Cell OrigWidth="78.8703853146844" OrigHeight="5" AccounttantLineVisble="true" Text="" LeftLineVisible="false" TopLineVisible="false" RightLineVisible="false" BottomLineVisible="false" DecimalDigits="0" X="53.0314541126556" Y="72.7468749046326" Width="78.8703853146844" Height="5" TextColor="black" TextHAlign="Right" TextVAlign="Center" />
                <Cell OrigWidth="67.0398275174817" OrigHeight="5" AccounttantLineVisble="true" Text="[管家婆软件]" LeftLineVisible="false" TopLineVisible="false" RightLineVisible="false" BottomLineVisible="false" DecimalDigits="0" X="131.90183942734" Y="72.7468749046326" Width="67.0398275174817" Height="5" TextColor="black" TextHAlign="Right" TextVAlign="Center" />
              </Cells>
            </Row>
          </Rows>
        </TableElement>
        <TextElement Text="单据类型：" LeftLineVisible="false" TopLineVisible="false" RightLineVisible="false" BottomLineVisible="false" DecimalDigits="0" BandKind="ReportHeader" X="10.8479166666667" Y="24.90625" Width="18.4124985376994" Height="5.0000001390775" TextVAlign="Center" />
        <TextElement Text="单据编号：" LeftLineVisible="false" TopLineVisible="false" RightLineVisible="false" BottomLineVisible="false" DecimalDigits="0" BandKind="ReportHeader" X="94.9854166666667" Y="24.90625" Width="20" Height="5" TextVAlign="Center" />
        <TextElement Text="单据类型" FieldKind="Master" LeftLineVisible="false" TopLineVisible="false" RightLineVisible="false" BottomLineVisible="false" DecimalDigits="0" BandKind="ReportHeader" X="29.6333333333333" Y="24.90625" Width="61.010415204366" Height="5.0000001390775" TextVAlign="Center" />
        <TextElement Text="单据编号" FieldKind="Master" LeftLineVisible="false" TopLineVisible="false" RightLineVisible="false" BottomLineVisible="false" DecimalDigits="0" BandKind="ReportHeader" X="114.829166666667" Y="24.90625" Width="69.4770818710327" Height="5.0000001390775" TextVAlign="Center" />
        <TextElement Text="存    货：" LeftLineVisible="false" TopLineVisible="false" RightLineVisible="false" BottomLineVisible="false" DecimalDigits="0" BandKind="ReportHeader" X="10.8479166666667" Y="30.1979166666667" Width="18.4124985376994" Height="5.0000001390775" TextVAlign="Center" />
        <TextElement Text="存货名称" FieldKind="Master" LeftLineVisible="false" TopLineVisible="false" RightLineVisible="false" BottomLineVisible="false" DecimalDigits="0" BandKind="ReportHeader" X="29.260415204366" Y="30.1708329677582" Width="61.010415204366" Height="5.0000001390775" TextVAlign="Center" />
        <TextElement Text="存货编号：" LeftLineVisible="false" TopLineVisible="false" RightLineVisible="false" BottomLineVisible="false" DecimalDigits="0" BandKind="ReportHeader" X="94.9854166666667" Y="29.9062496344248" Width="20" Height="5" TextVAlign="Center" />
        <TextElement Text="存货编号" FieldKind="Master" LeftLineVisible="false" TopLineVisible="false" RightLineVisible="false" BottomLineVisible="false" DecimalDigits="0" BandKind="ReportHeader" X="114.985417222977" Y="29.9062496344248" Width="69.4770818710327" Height="5.0000001390775" TextVAlign="Center" />
        <TextElement Text="仓    库：" LeftLineVisible="false" TopLineVisible="false" RightLineVisible="false" BottomLineVisible="false" DecimalDigits="0" BandKind="ReportHeader" X="10.8479166666667" Y="34.9604166666667" Width="18.4124985376994" Height="5.0000001390775" TextVAlign="Center" />
        <TextElement Text="仓    库" FieldKind="Master" LeftLineVisible="false" TopLineVisible="false" RightLineVisible="false" BottomLineVisible="false" DecimalDigits="0" BandKind="ReportHeader" X="29.260415204366" Y="34.9333329677582" Width="61.010415204366" Height="5.0000001390775" TextVAlign="Center" />
        <TextElement Text="批    号" FieldKind="Master" LeftLineVisible="false" TopLineVisible="false" RightLineVisible="false" BottomLineVisible="false" DecimalDigits="0" BandKind="ReportHeader" X="114.985417222977" Y="35.1979163010915" Width="69.4770818710327" Height="5.0000001390775" TextVAlign="Center" />
        <TextElement Text="批    号：" LeftLineVisible="false" TopLineVisible="false" RightLineVisible="false" BottomLineVisible="false" DecimalDigits="0" BandKind="ReportHeader" X="94.9854166666667" Y="35.1979163010915" Width="20" Height="5" TextVAlign="Center" />
        <TextElement Text="自定义项1：" LeftLineVisible="false" TopLineVisible="false" RightLineVisible="false" BottomLineVisible="false" DecimalDigits="0" BandKind="ReportHeader" X="10.8479166666667" Y="40.5166666666667" Width="18.4124985376994" Height="5.0000001390775" TextVAlign="Center" />
        <TextElement Text="自定义项1" FieldKind="Master" LeftLineVisible="false" TopLineVisible="false" RightLineVisible="false" BottomLineVisible="false" DecimalDigits="0" BandKind="ReportHeader" X="29.260415204366" Y="40.7541663010915" Width="61.010415204366" Height="5.0000001390775" TextVAlign="Center" />
        <TextElement Text="自定义项2" FieldKind="Master" LeftLineVisible="false" TopLineVisible="false" RightLineVisible="false" BottomLineVisible="false" DecimalDigits="0" BandKind="ReportHeader" X="114.985417222977" Y="40.7541663010915" Width="69.4770818710327" Height="5.0000001390775" TextVAlign="Center" />
        <TextElement Text="自定义项2：" LeftLineVisible="false" TopLineVisible="false" RightLineVisible="false" BottomLineVisible="false" DecimalDigits="0" BandKind="ReportHeader" X="94.9854166666667" Y="40.7541663010915" Width="20" Height="5" TextVAlign="Center" />
        <TextElement Text="到期日期：" LeftLineVisible="false" TopLineVisible="false" RightLineVisible="false" BottomLineVisible="false" DecimalDigits="0" BandKind="ReportHeader" X="10.8479166666667" Y="46.0729166666667" Width="18.4124985376994" Height="5.0000001390775" TextVAlign="Center" />
        <TextElement Text="到期日期" FieldKind="Master" LeftLineVisible="false" TopLineVisible="false" RightLineVisible="false" BottomLineVisible="false" DecimalDigits="0" BandKind="ReportHeader" X="29.260415204366" Y="46.3104163010915" Width="61.010415204366" Height="5.0000001390775" TextVAlign="Center" />
        <TextElement Text="数    量：" LeftLineVisible="false" TopLineVisible="false" RightLineVisible="false" BottomLineVisible="false" DecimalDigits="0" BandKind="ReportHeader" X="94.9854166666667" Y="46.3104163010915" Width="20" Height="5" TextVAlign="Center" />
        <TextElement Text="数    量" FieldKind="Master" LeftLineVisible="false" TopLineVisible="false" RightLineVisible="false" BottomLineVisible="false" DecimalDigits="0" BandKind="ReportHeader" X="114.985417222977" Y="46.3104163010915" Width="69.4770818710327" Height="5.0000001390775" TextVAlign="Center" />
        <TextElement Text="表名" FieldKind="Master" LeftLineVisible="false" TopLineVisible="false" RightLineVisible="false" BottomLineVisible="false" DecimalDigits="0" BandKind="PageHeader" X="9.78958333333333" Y="9.78958333333333" Width="190.127089945475" Height="11.6145829677582" FontSize="20" BoldFont="true" TextHAlign="Center" TextVAlign="Center" />
        <TextElement Text="总页码" FieldKind="System" LeftLineVisible="false" TopLineVisible="false" RightLineVisible="false" BottomLineVisible="false" DecimalDigits="0" BandKind="PageHeader" X="161.660416666667" Y="4.26041652758916" Width="38.2562485376994" Height="5.0000001390775" TextHAlign="Right" TextVAlign="Center" />
      </Elements>
      <Bands>
        <Band IsVisible="false" TextVAlign="Center" />
        <Band BandKind="PageHeader" Height="10" TextVAlign="Center" />
        <Band BandKind="ReportHeader" Y="9.78958333333333" Height="46.6989583333333" TextVAlign="Center" />
        <Band IsVisible="false" BandKind="PageBodyHeader" TextVAlign="Center" />
        <Band BandKind="PageDetail" Y="56.6208333333333" Height="230.301041666667" TextVAlign="Center" />
        <Band IsVisible="false" BandKind="PageBodyFooter" TextVAlign="Center" />
        <Band IsVisible="false" BandKind="ReportFooter" TextVAlign="Center" />
        <Band BandKind="PageFooter" Y="286.808333333333" Height="10" TextVAlign="Center" />
      </Bands>
    </Page>
  </Pages>
  <PageSettings MarginLeft="10" MarginTop="10" MarginRight="10" MarginBottom="10" PageWidth="210" PageHeight="297" MaxRowCount="0" />
  <ExpressionFields />
</Report>