<Report MaxRowCount="0">
  <Pages>
    <Page Width="210" Height="297">
      <OrderFields />
      <Elements>
        <TextElement Text="财贸双全-进价分析曲线" LeftLineVisible="false" TopLineVisible="false" RightLineVisible="false" BottomLineVisible="false" X="85" Y="5" Width="77" Height="10" FontSize="20" BoldFont="true" />
        <TableElement X="10" Y="40" Width="200" Height="237">
          <Rows>
            <Row Height="5">
              <Cells>
                <Cell OrigWidth="20" OrigHeight="5" Text="行号" WordWrap="true" Width="20" Height="5" />
                <Cell OrigWidth="20" OrigHeight="5" Text="供应商编号" WordWrap="true" X="20" Width="20" Height="5" />
                <Cell OrigWidth="20" OrigHeight="5" Text="供应商全名" WordWrap="true" X="40" Width="20" Height="5" />
                <Cell OrigWidth="20" OrigHeight="5" Text="进货日期" WordWrap="true" X="60" Width="20" Height="5" />
                <Cell OrigWidth="20" OrigHeight="5" Text="数量" WordWrap="true" X="80" Width="20" Height="5" />
                <Cell OrigWidth="20" OrigHeight="5" Text="进价折前" WordWrap="true" X="100" Width="20" Height="5" />
                <Cell OrigWidth="20" OrigHeight="5" Text="金额折前" WordWrap="true" X="120" Width="20" Height="5" />
                <Cell OrigWidth="20" OrigHeight="5" Text="进价折后" WordWrap="true" X="140" Width="20" Height="5" />
                <Cell OrigWidth="20" OrigHeight="5" Text="金额折后" WordWrap="true" X="160" Width="20" Height="5" />
                <Cell OrigWidth="20" OrigHeight="5" Text="进价税后" WordWrap="true" X="180" Width="20" Height="5" />
                <Cell OrigWidth="20" OrigHeight="5" Text="金额税后" WordWrap="true" X="200" Width="20" Height="5" />
              </Cells>
            </Row>
            <Row Height="5">
              <Cells>
                <Cell OrigWidth="20" OrigHeight="5" Text="行号" FieldKind="Detail" WordWrap="true" Width="20" Height="5" />
                <Cell OrigWidth="20" OrigHeight="5" Text="供应商编号" FieldKind="Detail" WordWrap="true" X="20" Width="20" Height="5" />
                <Cell OrigWidth="20" OrigHeight="5" Text="供应商全名" FieldKind="Detail" WordWrap="true" X="40" Width="20" Height="5" />
                <Cell OrigWidth="20" OrigHeight="5" Text="进货日期" FieldKind="Detail" WordWrap="true" X="60" Width="20" Height="5" />
                <Cell OrigWidth="20" OrigHeight="5" Text="数量" FieldKind="Detail" WordWrap="true" X="80" Width="20" Height="5" />
                <Cell OrigWidth="20" OrigHeight="5" Text="进价折前" FieldKind="Detail" WordWrap="true" X="100" Width="20" Height="5" />
                <Cell OrigWidth="20" OrigHeight="5" Text="金额折前" FieldKind="Detail" WordWrap="true" X="120" Width="20" Height="5" />
                <Cell OrigWidth="20" OrigHeight="5" Text="进价折后" FieldKind="Detail" WordWrap="true" X="140" Width="20" Height="5" />
                <Cell OrigWidth="20" OrigHeight="5" Text="金额折后" FieldKind="Detail" WordWrap="true" X="160" Width="20" Height="5" />
                <Cell OrigWidth="20" OrigHeight="5" Text="进价税后" FieldKind="Detail" WordWrap="true" X="180" Width="20" Height="5" />
                <Cell OrigWidth="20" OrigHeight="5" Text="金额税后" FieldKind="Detail" WordWrap="true" X="200" Width="20" Height="5" />
              </Cells>
            </Row>
            <Row Height="5">
              <Cells>
                <Cell OrigWidth="20" OrigHeight="5" Text="合计" WordWrap="true" Width="20" Height="5" />
                <Cell OrigWidth="20" OrigHeight="5" Text="" WordWrap="true" X="20" Width="20" Height="5" />
                <Cell OrigWidth="20" OrigHeight="5" Text="" WordWrap="true" X="40" Width="20" Height="5" />
                <Cell OrigWidth="20" OrigHeight="5" Text="" WordWrap="true" X="60" Width="20" Height="5" />
                <Cell OrigWidth="20" OrigHeight="5" Text="" WordWrap="true" X="80" Width="20" Height="5" />
                <Cell OrigWidth="20" OrigHeight="5" Text="" WordWrap="true" X="100" Width="20" Height="5" />
                <Cell OrigWidth="20" OrigHeight="5" Text="" WordWrap="true" X="120" Width="20" Height="5" />
                <Cell OrigWidth="20" OrigHeight="5" Text="" WordWrap="true" X="140" Width="20" Height="5" />
                <Cell OrigWidth="20" OrigHeight="5" Text="" WordWrap="true" X="160" Width="20" Height="5" />
                <Cell OrigWidth="20" OrigHeight="5" Text="" WordWrap="true" X="180" Width="20" Height="5" />
                <Cell OrigWidth="20" OrigHeight="5" Text="" WordWrap="true" X="200" Width="20" Height="5" />
              </Cells>
            </Row>
          </Rows>
        </TableElement>
      </Elements>
      <Bands>
        <Band IsVisible="false" />
        <Band BandKind="PageHeader" Height="20" />
        <Band BandKind="ReportHeader" Y="20" Height="20" />
        <Band IsVisible="false" BandKind="PageBodyHeader" />
        <Band BandKind="PageDetail" Y="40" Height="237" />
        <Band IsVisible="false" BandKind="PageBodyFooter" />
        <Band IsVisible="false" BandKind="ReportFooter" Height="20" />
        <Band BandKind="PageFooter" Y="277" Height="20" />
      </Bands>
    </Page>
  </Pages>
  <PageSettings MarginLeft="10" MarginTop="20" MarginBottom="20" PageWidth="210" PageHeight="297" />
  <ExpressionFields />
</Report>