<Report MaxRowCount="0">
  <Pages>
    <Page Width="210" Height="297" TextVAlign="Center">
      <OrderFields />
      <Elements>
        <TextElement Text="表名" FieldKind="Master" LeftLineVisible="false" TopLineVisible="false" RightLineVisible="false" BottomLineVisible="false" BandKind="ReportHeader" X="9.32917054494222" Y="25.1083329677582" Width="190.649990844727" Height="10.000000278155" FontSize="20" BoldFont="true" TextHAlign="Center" TextVAlign="Center" />
        <TableElement X="10" Y="40" Width="189.892708333333" Height="235.611458333333" TextVAlign="Center">
          <Rows>
            <Row X="10" Y="40" Width="189.892708333333" Height="5" TextVAlign="Center">
              <Cells>
                <Cell OrigWidth="21.0885416666667" OrigHeight="5" AccounttantLineVisble="true" Text="科目编码" X="10" Y="40" Width="21.0885416666667" Height="5" TextHAlign="Center" TextVAlign="Center" WordWrap="true" />
                <Cell OrigWidth="28.575" OrigHeight="5" AccounttantLineVisble="true" Text="科目名称" X="31.0885416666667" Y="40" Width="28.575" Height="5" TextHAlign="Center" TextVAlign="Center" WordWrap="true" />
                <Cell OrigWidth="28.3104166666667" OrigHeight="5" AccounttantLineVisble="true" Text="统计方式" X="59.6635416666667" Y="40" Width="28.3104166666667" Height="5" TextHAlign="Center" TextVAlign="Center" WordWrap="true" />
                <Cell OrigWidth="15.3458333333333" OrigHeight="5" AccounttantLineVisble="true" Text="方向" X="87.9739583333334" Y="40" Width="15.3458333333333" Height="5" TextHAlign="Center" TextVAlign="Center" WordWrap="true" />
                <Cell OrigWidth="32.2791666666667" OrigHeight="5" AccounttantLineVisble="true" Text="合计" X="103.319791666667" Y="40" Width="32.2791666666667" Height="5" TextHAlign="Center" TextVAlign="Center" WordWrap="true" />
                <Cell OrigWidth="20.3729166666666" OrigHeight="5" AccounttantLineVisble="true" Text="客户一" X="135.598958333333" Y="40" Width="20.3729166666666" Height="5" TextHAlign="Center" TextVAlign="Center" WordWrap="true" />
                <Cell OrigWidth="21.6958333333333" OrigHeight="5" AccounttantLineVisble="true" Text="客户二" X="155.971875" Y="40" Width="21.6958333333333" Height="5" TextHAlign="Center" TextVAlign="Center" WordWrap="true" />
                <Cell OrigWidth="22.225" OrigHeight="5" AccounttantLineVisble="true" Text="客户三" X="177.667708333333" Y="40" Width="22.225" Height="5" TextHAlign="Center" TextVAlign="Center" WordWrap="true" />
              </Cells>
            </Row>
            <Row X="10" Y="45" Width="189.892708333333" Height="5" TextVAlign="Center">
              <Cells>
                <Cell OrigWidth="21.0885416666667" OrigHeight="5" AccounttantLineVisble="true" Text="科目编码" FieldKind="Detail" X="10" Y="45" Width="21.0885416666667" Height="5" TextVAlign="Center" WordWrap="true" />
                <Cell OrigWidth="28.575" OrigHeight="5" AccounttantLineVisble="true" Text="科目名称" FieldKind="Detail" X="31.0885416666667" Y="45" Width="28.575" Height="5" TextVAlign="Center" WordWrap="true" />
                <Cell OrigWidth="28.3104166666667" OrigHeight="5" AccounttantLineVisble="true" Text="统计方式" FieldKind="Detail" X="59.6635416666667" Y="45" Width="28.3104166666667" Height="5" TextVAlign="Center" WordWrap="true" />
                <Cell OrigWidth="15.3458333333333" OrigHeight="5" AccounttantLineVisble="true" Text="方向" FieldKind="Detail" X="87.9739583333334" Y="45" Width="15.3458333333333" Height="5" TextHAlign="Center" TextVAlign="Center" WordWrap="true" />
                <Cell OrigWidth="32.2791666666667" OrigHeight="5" AccounttantLineVisble="true" Text="合计" FieldKind="Detail" X="103.319791666667" Y="45" Width="32.2791666666667" Height="5" TextVAlign="Center" WordWrap="true" />
                <Cell OrigWidth="20.3729166666666" OrigHeight="5" AccounttantLineVisble="true" Text="1" FieldKind="Detail" X="135.598958333333" Y="45" Width="20.3729166666666" Height="5" TextVAlign="Center" WordWrap="true" />
                <Cell OrigWidth="21.6958333333333" OrigHeight="5" AccounttantLineVisble="true" Text="2" FieldKind="Detail" X="155.971875" Y="45" Width="21.6958333333333" Height="5" TextVAlign="Center" WordWrap="true" />
                <Cell OrigWidth="22.225" OrigHeight="5" AccounttantLineVisble="true" Text="3" FieldKind="Detail" X="177.667708333333" Y="45" Width="22.225" Height="5" TextVAlign="Center" WordWrap="true" />
              </Cells>
            </Row>
            <Row X="10" Y="50" Width="189.892708333333" Height="5" TextVAlign="Center">
              <Cells>
                <Cell OrigWidth="21.0885416666667" OrigHeight="5" AccounttantLineVisble="true" Text="" LeftLineVisible="false" RightLineVisible="false" BottomLineVisible="false" X="10" Y="50" Width="21.0885416666667" Height="5" TextVAlign="Center" WordWrap="true" />
                <Cell OrigWidth="28.575" OrigHeight="5" AccounttantLineVisble="true" Text="" LeftLineVisible="false" RightLineVisible="false" BottomLineVisible="false" X="31.0885416666667" Y="50" Width="28.575" Height="5" TextVAlign="Center" WordWrap="true" />
                <Cell OrigWidth="28.3104166666667" OrigHeight="5" AccounttantLineVisble="true" Text="" LeftLineVisible="false" RightLineVisible="false" BottomLineVisible="false" X="59.6635416666667" Y="50" Width="28.3104166666667" Height="5" TextVAlign="Center" WordWrap="true" />
                <Cell OrigWidth="15.3458333333333" OrigHeight="5" AccounttantLineVisble="true" Text="" LeftLineVisible="false" RightLineVisible="false" BottomLineVisible="false" X="87.9739583333334" Y="50" Width="15.3458333333333" Height="5" TextVAlign="Center" WordWrap="true" />
                <Cell OrigWidth="32.2791666666667" OrigHeight="5" AccounttantLineVisble="true" Text="" LeftLineVisible="false" RightLineVisible="false" BottomLineVisible="false" X="103.319791666667" Y="50" Width="32.2791666666667" Height="5" TextVAlign="Center" WordWrap="true" />
                <Cell OrigWidth="20.3729166666666" OrigHeight="5" AccounttantLineVisble="true" Text="" LeftLineVisible="false" RightLineVisible="false" BottomLineVisible="false" X="135.598958333333" Y="50" Width="20.3729166666666" Height="5" TextVAlign="Center" WordWrap="true" />
                <Cell OrigWidth="21.9604166666666" OrigHeight="5" AccounttantLineVisble="true" Text="打印时间：" LeftLineVisible="false" RightLineVisible="false" BottomLineVisible="false" X="155.971875" Y="50" Width="21.9604166666666" Height="5" TextHAlign="Right" TextVAlign="Center" WordWrap="true" />
                <Cell OrigWidth="21.9604166666666" OrigHeight="5" AccounttantLineVisble="true" Text="日期" FieldKind="System" LeftLineVisible="false" RightLineVisible="false" BottomLineVisible="false" X="177.932291666667" Y="50" Width="21.9604166666666" Height="5" TextHAlign="Right" TextVAlign="Center" WordWrap="true" />
              </Cells>
            </Row>
            <Row X="10" Y="55" Width="189.892708333333" Height="5" TextVAlign="Center">
              <Cells>
                <Cell OrigWidth="21.0885416666667" OrigHeight="5" AccounttantLineVisble="true" Text="" LeftLineVisible="false" TopLineVisible="false" RightLineVisible="false" BottomLineVisible="false" X="10" Y="55" Width="21.0885416666667" Height="5" TextColor="black" TextVAlign="Center" WordWrap="true" />
                <Cell OrigWidth="28.575" OrigHeight="5" AccounttantLineVisble="true" Text="" LeftLineVisible="false" TopLineVisible="false" RightLineVisible="false" BottomLineVisible="false" X="31.0885416666667" Y="55" Width="28.575" Height="5" TextColor="black" TextVAlign="Center" WordWrap="true" />
                <Cell OrigWidth="28.3104166666667" OrigHeight="5" AccounttantLineVisble="true" Text="" LeftLineVisible="false" TopLineVisible="false" RightLineVisible="false" BottomLineVisible="false" X="59.6635416666667" Y="55" Width="28.3104166666667" Height="5" TextColor="black" TextVAlign="Center" WordWrap="true" />
                <Cell OrigWidth="15.3458333333333" OrigHeight="5" AccounttantLineVisble="true" Text="" LeftLineVisible="false" TopLineVisible="false" RightLineVisible="false" BottomLineVisible="false" X="87.9739583333334" Y="55" Width="15.3458333333333" Height="5" TextColor="black" TextVAlign="Center" WordWrap="true" />
                <Cell OrigWidth="32.2791666666667" OrigHeight="5" AccounttantLineVisble="true" Text="" LeftLineVisible="false" TopLineVisible="false" RightLineVisible="false" BottomLineVisible="false" X="103.319791666667" Y="55" Width="32.2791666666667" Height="5" TextColor="black" TextVAlign="Center" WordWrap="true" />
                <Cell OrigWidth="20.3729166666666" OrigHeight="5" AccounttantLineVisble="true" Text="" LeftLineVisible="false" TopLineVisible="false" RightLineVisible="false" BottomLineVisible="false" X="135.598958333333" Y="55" Width="20.3729166666666" Height="5" TextColor="black" TextVAlign="Center" WordWrap="true" />
                <Cell OrigWidth="43.9208333333333" OrigHeight="5" AccounttantLineVisble="true" Text="[管家婆软件]" LeftLineVisible="false" TopLineVisible="false" RightLineVisible="false" BottomLineVisible="false" X="155.971875" Y="55" Width="43.9208333333333" Height="5" TextColor="black" TextHAlign="Right" TextVAlign="Center" WordWrap="true" />
              </Cells>
            </Row>
            <Row X="10" Y="60" Width="1" Height="3.92395833333333" TextVAlign="Center">
              <Cells>
                <Cell OrigWidth="1" OrigHeight="3.92395833333333" AccounttantLineVisble="true" Text=" " LeftLineVisible="false" TopLineVisible="false" RightLineVisible="false" BottomLineVisible="false" X="10" Y="60" Width="1" Height="3.92395833333333" TextVAlign="Center" WordWrap="true" />
              </Cells>
            </Row>
          </Rows>
        </TableElement>
        <TextElement Text="总页码" FieldKind="System" LeftLineVisible="false" TopLineVisible="false" RightLineVisible="false" BottomLineVisible="false" BandKind="PageHeader" X="157.372919972738" Y="15.2874995231628" Width="42.754165204366" Height="5.0000001390775" TextHAlign="Right" TextVAlign="Center" />
      </Elements>
      <Bands>
        <Band IsVisible="false" TextVAlign="Center" />
        <Band BandKind="PageHeader" Height="20" TextVAlign="Center" />
        <Band BandKind="ReportHeader" Y="19.84375" Height="19.84375" TextVAlign="Center" />
        <Band IsVisible="false" BandKind="PageBodyHeader" TextVAlign="Center" />
        <Band BandKind="PageDetail" Y="39.6875" Height="237.15625" TextVAlign="Center" />
        <Band IsVisible="false" BandKind="PageBodyFooter" TextVAlign="Center" />
        <Band IsVisible="false" BandKind="ReportFooter" TextVAlign="Center" />
        <Band BandKind="PageFooter" Y="276.754166666667" Height="20" TextVAlign="Center" />
      </Bands>
    </Page>
  </Pages>
  <PageSettings MarginLeft="10" MarginTop="20" MarginRight="10" MarginBottom="20" PageWidth="210" PageHeight="297" />
  <ExpressionFields />
</Report>