<Report MaxRowCount="0">
  <Pages>
    <Page Width="210" Height="297" TextVAlign="Center">
      <OrderFields />
      <Elements>
        <TextElement Text="表名" FieldKind="Master" LeftLineVisible="false" TopLineVisible="false" RightLineVisible="false" BottomLineVisible="false" BandKind="ReportHeader" X="9.59375387827555" Y="21.2958335240682" Width="189.964583714803" Height="16.614582602183" FontSize="25" BoldFont="true" TextHAlign="Center" TextVAlign="Center" />
        <TableElement X="10" Y="40" Width="171.636458333333" Height="236.579164123535" TextVAlign="Center">
          <Rows>
            <Row X="10" Y="40" Width="161.769630256294" Height="14.2604153951009" TextVAlign="Center">
              <Cells>
                <Cell TextColor="black" TextHAlign="Center" TextVAlign="Center" WordWrap="true" CellWidth="3.4" OrigWidth="20.0302083333333" OrigHeight="14.2604153951009" Text="会计科目：" LeftLineVisible="false" TopLineVisible="false" RightLineVisible="false" X="10" Y="40" Width="20.0302083333333" Height="14.2604153951009" />
                <Cell TextColor="black" TextVAlign="Center" WordWrap="true" CellWidth="3.4" OrigWidth="19.05" OrigHeight="14.2604153951009" Text="会计科目" FieldKind="Master" LeftLineVisible="false" TopLineVisible="false" RightLineVisible="false" X="30.0302083333333" Y="40" Width="19.05" Height="14.2604153951009" />
                <Cell TextColor="black" TextVAlign="Center" WordWrap="true" CellWidth="3.4" OrigWidth="20.6375" OrigHeight="14.2604153951009" Text="供应商名称：" LeftLineVisible="false" TopLineVisible="false" RightLineVisible="false" X="49.0802083333333" Y="40" Width="20.6375" Height="14.2604153951009" />
                <Cell TextColor="black" TextVAlign="Center" WordWrap="true" CellWidth="3.4" OrigWidth="23.09005540212" OrigHeight="14.2604153951009" Text="供应商名称" FieldKind="Master" LeftLineVisible="false" TopLineVisible="false" RightLineVisible="false" X="69.7177083333333" Y="40" Width="23.09005540212" Height="14.2604153951009" />
                <Cell TextColor="black" TextVAlign="Center" WordWrap="true" CellWidth="3.4" OrigWidth="18.1402121861776" OrigHeight="14.2604153951009" Text="开始日期" FieldKind="Master" LeftLineVisible="false" TopLineVisible="false" RightLineVisible="false" X="92.8077637354533" Y="40" Width="18.1402121861776" Height="14.2604153951009" />
                <Cell TextColor="black" TextVAlign="Center" WordWrap="true" CellWidth="3.4" OrigWidth="7.74718538920084" OrigHeight="14.2604153951009" Text="至" LeftLineVisible="false" TopLineVisible="false" RightLineVisible="false" X="110.947975921631" Y="40" Width="7.74718538920084" Height="14.2604153951009" />
                <Cell TextColor="black" TextVAlign="Center" WordWrap="true" CellWidth="3.4" OrigWidth="53.074468945462" OrigHeight="14.2604153951009" Text="结束日期" FieldKind="Master" LeftLineVisible="false" TopLineVisible="false" RightLineVisible="false" X="118.695161310832" Y="40" Width="53.074468945462" Height="14.2604153951009" />
              </Cells>
            </Row>
            <Row X="10" Y="54.2604153951009" Width="171.636458333333" Height="7.25520833333334" TextVAlign="Center">
              <Cells>
                <Cell TextColor="black" TextHAlign="Center" TextVAlign="Center" WordWrap="true" CellWidth="3.4" OrigWidth="39.0802083333333" OrigHeight="7.25520833333334" Text="日期" RightLineVisible="false" DecimalDigits="0" X="10" Y="54.2604153951009" Width="39.0802083333333" Height="7.25520833333334" />
                <Cell TextColor="black" TextHAlign="Center" TextVAlign="Center" WordWrap="true" RowSpan="2" CellWidth="3.4" OrigWidth="27.78125" OrigHeight="7.25520833333334" Text="摘要" DecimalDigits="0" X="49.0802083333333" Y="54.2604153951009" Width="27.78125" Height="14.5104166666667" />
                <Cell TextColor="black" TextHAlign="Center" TextVAlign="Center" WordWrap="true" RowSpan="2" CellWidth="3.4" OrigWidth="30.1625" OrigHeight="7.25520833333334" Text="借方" DecimalDigits="0" X="76.8614583333333" Y="54.2604153951009" Width="30.1625" Height="14.5104166666667" />
                <Cell TextColor="black" TextHAlign="Center" TextVAlign="Center" WordWrap="true" RowSpan="2" CellWidth="3.4" OrigWidth="30.6081404135005" OrigHeight="7.25520833333334" Text="贷方" DecimalDigits="0" X="107.023958333333" Y="54.2604153951009" Width="30.6081404135005" Height="14.5104166666667" />
                <Cell TextColor="black" TextHAlign="Center" TextVAlign="Center" WordWrap="true" RowSpan="2" CellWidth="3.4" OrigWidth="10.2016861041572" OrigHeight="7.25520833333334" Text="方向" DecimalDigits="0" X="137.632098746834" Y="54.2604153951009" Width="10.2016861041572" Height="14.5104166666667" />
                <Cell TextColor="black" TextHAlign="Center" TextVAlign="Center" RowSpan="2" CellWidth="3.4" OrigWidth="33.8026734823422" OrigHeight="7.25520833333334" Text="余额" DecimalDigits="0" X="147.833784850991" Y="54.2604153951009" Width="33.8026734823422" Height="14.5104166666667" />
              </Cells>
            </Row>
            <Row X="10" Y="61.5156237284343" Width="171.636458333333" Height="7.25520833333334" TextVAlign="Center">
              <Cells>
                <Cell TextColor="black" TextHAlign="Center" TextVAlign="Center" WordWrap="true" CellWidth="3.4" OrigWidth="20.0302083333333" OrigHeight="7.25520833333334" Text="年" X="10" Y="61.5156237284343" Width="20.0302083333333" Height="7.25520833333334" />
                <Cell TextColor="black" TextHAlign="Center" TextVAlign="Center" WordWrap="true" CellWidth="3.4" OrigWidth="19.05" OrigHeight="7.25520833333334" Text="月" X="30.0302083333333" Y="61.5156237284343" Width="19.05" Height="7.25520833333334" />
                <Cell TextColor="black" TextHAlign="Center" TextVAlign="Center" WordWrap="true" CellWidth="3.4" OrigWidth="27.78125" OrigHeight="7.25520833333334" Text="" X="49.0802083333333" Y="61.5156237284343" Width="27.78125" Height="7.25520833333334" />
                <Cell TextColor="black" TextHAlign="Center" TextVAlign="Center" WordWrap="true" CellWidth="3.4" OrigWidth="30.1625" OrigHeight="7.25520833333334" Text="" X="76.8614583333333" Y="61.5156237284343" Width="30.1625" Height="7.25520833333334" />
                <Cell TextColor="black" TextHAlign="Center" TextVAlign="Center" WordWrap="true" CellWidth="3.4" OrigWidth="30.6081404135005" OrigHeight="7.25520833333334" Text="" X="107.023958333333" Y="61.5156237284343" Width="30.6081404135005" Height="7.25520833333334" />
                <Cell TextColor="black" TextHAlign="Center" TextVAlign="Center" WordWrap="true" CellWidth="3.4" OrigWidth="10.2016861041572" OrigHeight="7.25520833333334" Text="" X="137.632098746834" Y="61.5156237284343" Width="10.2016861041572" Height="7.25520833333334" />
                <Cell TextHAlign="Center" TextVAlign="Center" CellWidth="3.4" OrigWidth="33.8026734823422" OrigHeight="7.25520833333334" Text="" X="147.833784850991" Y="61.5156237284343" Width="33.8026734823422" Height="7.25520833333334" />
              </Cells>
            </Row>
            <Row X="10" Y="68.7708320617676" Width="171.636458333333" Height="4.92812499999999" TextVAlign="Center">
              <Cells>
                <Cell TextVAlign="Center" WordWrap="true" CellWidth="3.4" OrigWidth="20.0302083333333" OrigHeight="4.92812499999999" Text="年" FieldKind="Detail" X="10" Y="68.7708320617676" Width="20.0302083333333" Height="4.92812499999999" />
                <Cell TextVAlign="Center" WordWrap="true" CellWidth="3.4" OrigWidth="19.05" OrigHeight="4.92812499999999" Text="月" FieldKind="Detail" X="30.0302083333333" Y="68.7708320617676" Width="19.05" Height="4.92812499999999" />
                <Cell TextVAlign="Center" WordWrap="true" CellWidth="3.4" OrigWidth="27.78125" OrigHeight="4.92812499999999" Text="摘要" FieldKind="Detail" X="49.0802083333333" Y="68.7708320617676" Width="27.78125" Height="4.92812499999999" />
                <Cell TextVAlign="Center" WordWrap="true" CellWidth="3.4" OrigWidth="30.1625" OrigHeight="4.92812499999999" Text="借方" FieldKind="Detail" X="76.8614583333333" Y="68.7708320617676" Width="30.1625" Height="4.92812499999999" />
                <Cell TextVAlign="Center" WordWrap="true" CellWidth="3.4" OrigWidth="30.6081404135005" OrigHeight="4.92812499999999" Text="贷方" FieldKind="Detail" X="107.023958333333" Y="68.7708320617676" Width="30.6081404135005" Height="4.92812499999999" />
                <Cell TextHAlign="Center" TextVAlign="Center" WordWrap="true" CellWidth="3.4" OrigWidth="10.2016861041572" OrigHeight="4.92812499999999" Text="方向" FieldKind="Detail" X="137.632098746834" Y="68.7708320617676" Width="10.2016861041572" Height="4.92812499999999" />
                <Cell TextHAlign="Right" TextVAlign="Center" CellWidth="3.4" OrigWidth="33.8026734823423" OrigHeight="4.92812499999999" Text="余额" FieldKind="Detail" X="147.833784850991" Y="68.7708320617676" Width="33.8026734823423" Height="4.92812499999999" />
              </Cells>
            </Row>
            <Row X="10" Y="73.6989570617676" Width="171.636458333333" Height="5" TextVAlign="Center">
              <Cells>
                <Cell TextColor="black" TextVAlign="Center" WordWrap="true" CellWidth="3.4" OrigWidth="38.4571398867775" OrigHeight="5" Text="" LeftLineVisible="false" RightLineVisible="false" BottomLineVisible="false" X="10" Y="73.6989570617676" Width="38.4571398867775" Height="5" />
                <Cell TextColor="black" TextVAlign="Center" WordWrap="true" CellWidth="3.4" OrigWidth="0.623068446555834" OrigHeight="5" Text="" LeftLineVisible="false" RightLineVisible="false" BottomLineVisible="false" X="48.4571398867775" Y="73.6989570617676" Width="0.623068446555834" Height="5" />
                <Cell TextColor="black" TextVAlign="Center" WordWrap="true" CellWidth="3.4" OrigWidth="27.78125" OrigHeight="5" Text="" LeftLineVisible="false" RightLineVisible="false" BottomLineVisible="false" X="49.0802083333333" Y="73.6989570617676" Width="27.78125" Height="5" />
                <Cell TextColor="black" TextVAlign="Center" WordWrap="true" CellWidth="3.4" OrigWidth="36.7484511022373" OrigHeight="5" Text="" LeftLineVisible="false" RightLineVisible="false" BottomLineVisible="false" X="76.8614583333333" Y="73.6989570617676" Width="36.7484511022373" Height="5" />
                <Cell TextColor="black" TextVAlign="Center" WordWrap="true" CellWidth="3.4" OrigWidth="24.0221893112633" OrigHeight="5" Text="" LeftLineVisible="false" RightLineVisible="false" BottomLineVisible="false" X="113.609909435571" Y="73.6989570617676" Width="24.0221893112633" Height="5" />
                <Cell TextVAlign="Center" CellWidth="3.4" OrigWidth="20.200823419199" OrigHeight="5" Text="打印时间：" LeftLineVisible="false" RightLineVisible="false" BottomLineVisible="false" X="137.632098746834" Y="73.6989570617676" Width="20.200823419199" Height="5" />
                <Cell TextHAlign="Right" TextVAlign="Center" CellWidth="3.4" OrigWidth="23.8035361673004" OrigHeight="5" Text="日期" FieldKind="System" LeftLineVisible="false" RightLineVisible="false" BottomLineVisible="false" X="157.832922166033" Y="73.6989570617676" Width="23.8035361673004" Height="5" />
              </Cells>
            </Row>
            <Row X="10" Y="78.6989570617676" Width="171.636458333333" Height="5" TextVAlign="Center">
              <Cells>
                <Cell TextColor="black" TextVAlign="Center" WordWrap="true" CellWidth="3.4" OrigWidth="7.42344674259339" OrigHeight="5" Text="" LeftLineVisible="false" TopLineVisible="false" RightLineVisible="false" BottomLineVisible="false" X="10" Y="78.6989570617676" Width="7.42344674259339" Height="5" />
                <Cell TextColor="black" TextVAlign="Center" WordWrap="true" CellWidth="3.4" OrigWidth="9.31010794325524" OrigHeight="5" Text="" LeftLineVisible="false" TopLineVisible="false" RightLineVisible="false" BottomLineVisible="false" X="17.4234467425934" Y="78.6989570617676" Width="9.31010794325524" Height="5" />
                <Cell TextColor="black" TextVAlign="Center" WordWrap="true" CellWidth="3.4" OrigWidth="14.2237760244177" OrigHeight="5" Text="" LeftLineVisible="false" TopLineVisible="false" RightLineVisible="false" BottomLineVisible="false" X="26.7335546858486" Y="78.6989570617676" Width="14.2237760244177" Height="5" />
                <Cell TextColor="black" TextVAlign="Center" WordWrap="true" CellWidth="3.4" OrigWidth="7.49980917651118" OrigHeight="5" Text="" LeftLineVisible="false" TopLineVisible="false" RightLineVisible="false" BottomLineVisible="false" X="40.9573307102663" Y="78.6989570617676" Width="7.49980917651118" Height="5" />
                <Cell TextColor="black" TextVAlign="Center" WordWrap="true" CellWidth="3.4" OrigWidth="0.62306844655582" OrigHeight="5" Text="" LeftLineVisible="false" TopLineVisible="false" RightLineVisible="false" BottomLineVisible="false" X="48.4571398867775" Y="78.6989570617676" Width="0.62306844655582" Height="5" />
                <Cell TextColor="black" TextVAlign="Center" WordWrap="true" CellWidth="3.4" OrigWidth="27.78125" OrigHeight="5" Text="" LeftLineVisible="false" TopLineVisible="false" RightLineVisible="false" BottomLineVisible="false" X="49.0802083333333" Y="78.6989570617676" Width="27.78125" Height="5" />
                <Cell TextColor="black" TextVAlign="Center" WordWrap="true" CellWidth="3.4" OrigWidth="60.7706404135007" OrigHeight="5" Text="" LeftLineVisible="false" TopLineVisible="false" RightLineVisible="false" BottomLineVisible="false" X="76.8614583333333" Y="78.6989570617676" Width="60.7706404135007" Height="5" />
                <Cell TextHAlign="Right" TextVAlign="Center" CellWidth="3.4" OrigWidth="44.0043595864994" OrigHeight="5" Text="[管家婆软件]" LeftLineVisible="false" TopLineVisible="false" RightLineVisible="false" BottomLineVisible="false" X="137.632098746834" Y="78.6989570617676" Width="44.0043595864994" Height="5" />
              </Cells>
            </Row>
            <Row X="10" Y="83.6989570617676" Width="2" TextVAlign="Center">
              <Cells>
                <Cell TextVAlign="Center" WordWrap="true" CellWidth="3.4" OrigWidth="2" OrigHeight="-70" Text=" " LeftLineVisible="false" TopLineVisible="false" RightLineVisible="false" BottomLineVisible="false" X="10" Y="83.6989570617676" Width="2" />
              </Cells>
            </Row>
          </Rows>
        </TableElement>
        <TextElement Text="总页码" FieldKind="System" LeftLineVisible="false" TopLineVisible="false" RightLineVisible="false" BottomLineVisible="false" BandKind="PageHeader" X="156.843753306071" Y="14.4937495231628" Width="42.7541692415873" Height="5.0000001390775" TextHAlign="Right" TextVAlign="Center" />
      </Elements>
      <Bands>
        <Band IsVisible="false" TextVAlign="Center" />
        <Band BandKind="PageHeader" Height="20" TextVAlign="Center" />
        <Band BandKind="ReportHeader" Y="19.84375" Height="19.84375" TextVAlign="Center" />
        <Band IsVisible="false" BandKind="PageBodyHeader" TextVAlign="Center" />
        <Band BandKind="PageDetail" Y="39.6875" Height="237.15625" TextVAlign="Center" />
        <Band IsVisible="false" BandKind="PageBodyFooter" TextVAlign="Center" />
        <Band IsVisible="false" BandKind="ReportFooter" TextVAlign="Center" />
        <Band BandKind="PageFooter" Y="276.754166666667" Height="20" TextVAlign="Center" />
      </Bands>
    </Page>
  </Pages>
  <PageSettings MarginLeft="10" MarginTop="20" MarginRight="10" MarginBottom="20" PageWidth="210" PageHeight="297" />
  <ExpressionFields />
</Report>