<Report>
  <Pages>
    <Page Width="210" Height="297">
      <OrderFields />
      <Elements>
        <TextElement Text="表名" FieldKind="Master" LeftLineVisible="false" TopLineVisible="false" RightLineVisible="false" BottomLineVisible="false" TextHAlign="Center" BandKind="ReportHeader" X="47.1645872116089" Y="22.4624996344248" Width="130" Height="10" FontSize="20" BoldFont="true" />
        <TextElement Text="摘要：" LeftLineVisible="false" TopLineVisible="false" RightLineVisible="false" BottomLineVisible="false" BandKind="ReportHeader" X="8.99583333333333" Y="56.2750009218852" Width="15.2854163169861" Height="6.00000016689301" />
        <TextElement Text="摘    要" FieldKind="Master" LeftLineVisible="false" TopLineVisible="false" RightLineVisible="false" BottomLineVisible="false" BandKind="ReportHeader" X="29.36875" Y="56.2750009218852" Width="60" Height="6" />
        <TextElement Text="转出客户应收账款:" LeftLineVisible="false" TopLineVisible="false" RightLineVisible="false" BottomLineVisible="false" BandKind="ReportHeader" X="119.327083333333" Y="49.2166664123535" Width="32.4833329836528" Height="6.00000016689301" />
        <TextElement Text="转出供应商应付账款:" LeftLineVisible="false" TopLineVisible="false" RightLineVisible="false" BottomLineVisible="false" BandKind="ReportHeader" X="119.0625" Y="56.2750009218852" Width="60" Height="6" />
        <TextElement Text="转出供应商:" LeftLineVisible="false" TopLineVisible="false" RightLineVisible="false" BottomLineVisible="false" BandKind="ReportHeader" X="58.2083333333333" Y="49.2166664123535" Width="21.3708329836528" Height="6.00000016689301" />
        <TextElement Text="部    门" FieldKind="Master" LeftLineVisible="false" TopLineVisible="false" RightLineVisible="false" BottomLineVisible="false" BandKind="ReportHeader" X="150.01875" Y="40.4000009218852" Width="50.7395829836528" Height="6.00000016689301" />
        <TextElement Text="部    门:" LeftLineVisible="false" TopLineVisible="false" RightLineVisible="false" BottomLineVisible="false" BandKind="ReportHeader" X="119.85625" Y="40.4000009218852" Width="21.8999996503194" Height="6.00000016689301" />
        <TextElement Text="经 办 人" FieldKind="Master" LeftLineVisible="false" TopLineVisible="false" RightLineVisible="false" BottomLineVisible="false" BandKind="ReportHeader" X="78.8458333333333" Y="40.4000009218852" Width="22.6937496503194" Height="6.00000016689301" />
        <TextElement Text="经办人:" LeftLineVisible="false" TopLineVisible="false" RightLineVisible="false" BottomLineVisible="false" BandKind="ReportHeader" X="58.2083333333333" Y="40.4000009218852" Width="19.5187496503194" Height="6.00000016689301" />
        <TextElement Text="核销类型" FieldKind="Master" LeftLineVisible="false" TopLineVisible="false" RightLineVisible="false" BottomLineVisible="false" BandKind="ReportHeader" X="29.36875" Y="40.1354175885518" Width="21.6354163169861" Height="6.00000016689301" />
        <TextElement Text="核销类型:" LeftLineVisible="false" TopLineVisible="false" RightLineVisible="false" BottomLineVisible="false" BandKind="ReportHeader" X="8.99583333333333" Y="39.8708342552185" Width="17.1374996503194" Height="6.00000016689301" />
        <TextElement Text="单据编号" FieldKind="Master" LeftLineVisible="false" TopLineVisible="false" RightLineVisible="false" BottomLineVisible="false" BandKind="ReportHeader" X="78.3166666666667" Y="32.4625009218852" Width="60" Height="6" />
        <TextElement Text="单据编号:" LeftLineVisible="false" TopLineVisible="false" RightLineVisible="false" BottomLineVisible="false" BandKind="ReportHeader" X="58.4729166666667" Y="32.4624999125799" Width="18.7249996503194" Height="6.00000016689301" />
        <TextElement Text="制单日期" FieldKind="Master" LeftLineVisible="false" TopLineVisible="false" RightLineVisible="false" BottomLineVisible="false" BandKind="ReportHeader" X="29.6333333333333" Y="32.4624999125799" Width="22.4291663169861" Height="6.00000016689301" />
        <TextElement Text="制单日期：" LeftLineVisible="false" TopLineVisible="false" RightLineVisible="false" BottomLineVisible="false" BandKind="ReportHeader" X="8.99583333333333" Y="32.4624999125799" Width="18.1958329836528" Height="6.00000016689301" />
        <TextElement Text="总页码" FieldKind="System" LeftLineVisible="false" TopLineVisible="false" RightLineVisible="false" BottomLineVisible="false" TextHAlign="Right" BandKind="PageHeader" X="150.01875" Y="10.2375009218852" Width="60" Height="6" />
        <TextElement Text="转出供应商" FieldKind="Master" LeftLineVisible="false" TopLineVisible="false" RightLineVisible="false" BottomLineVisible="false" BandKind="ReportHeader" X="79.3208366394043" Y="49.2166664123535" Width="23.4395838896433" Height="5.0000001390775" />
        <TextElement Text="转出客户：" LeftLineVisible="false" TopLineVisible="false" RightLineVisible="false" BottomLineVisible="false" BandKind="ReportHeader" X="8.99583333333333" Y="49.158332602183" Width="20" Height="5" />
        <TextElement Text="转出客户" FieldKind="Master" LeftLineVisible="false" TopLineVisible="false" RightLineVisible="false" BottomLineVisible="false" BandKind="ReportHeader" X="29.36875" Y="49.4229159355164" Width="20" Height="5" />
        <TextElement Text="转出客户应收账款" FieldKind="Master" LeftLineVisible="false" TopLineVisible="false" RightLineVisible="false" BottomLineVisible="false" BandKind="ReportHeader" X="150.493753306071" Y="49.2166664123535" Width="34.0229172229767" Height="5.0000001390775" />
        <TextElement Text="转出供应商应付账款" FieldKind="Master" LeftLineVisible="false" TopLineVisible="false" RightLineVisible="false" BottomLineVisible="false" BandKind="ReportHeader" X="150.758336639404" Y="56.2750009218852" Width="36.9333318710327" Height="5.0000001390775" />
        <TableElement X="10" Y="65.6166666666667" Width="189.628125" Height="210.872916666667">
          <Rows>
            <Row X="10" Y="65.6166666666667" Width="189.628125" Height="5">
              <Cells>
                <Cell TextColor="black" BoldFont="true" OrigWidth="37.9" OrigHeight="5" Text="单据编号" TextHAlign="Center" X="10" Y="65.6166666666667" Width="37.9" Height="5" />
                <Cell TextColor="black" BoldFont="true" OrigWidth="22.0822916666667" OrigHeight="5" Text="日期" TextHAlign="Center" X="47.9" Y="65.6166666666667" Width="22.0822916666667" Height="5" />
                <Cell TextColor="black" BoldFont="true" OrigWidth="22.4895833333333" OrigHeight="5" Text="摘要" TextHAlign="Center" X="69.9822916666667" Y="65.6166666666667" Width="22.4895833333333" Height="5" />
                <Cell TextColor="black" BoldFont="true" OrigWidth="18.5208333333333" OrigHeight="5" Text="金额" TextHAlign="Center" X="92.471875" Y="65.6166666666667" Width="18.5208333333333" Height="5" />
                <Cell TextColor="black" BoldFont="true" OrigWidth="25.1354166666667" OrigHeight="5" Text="已结算额" TextHAlign="Center" X="110.992708333333" Y="65.6166666666667" Width="25.1354166666667" Height="5" />
                <Cell TextColor="black" BoldFont="true" OrigWidth="22.7541666666667" OrigHeight="5" Text="未结算额" TextHAlign="Center" X="136.128125" Y="65.6166666666667" Width="22.7541666666667" Height="5" />
                <Cell TextColor="black" BoldFont="true" OrigWidth="21.6677083333333" OrigHeight="5" Text="本次核销额" TextHAlign="Center" X="158.882291666667" Y="65.6166666666667" Width="21.6677083333333" Height="5" />
                <Cell TextColor="black" BoldFont="true" OrigWidth="19.078125" OrigHeight="5" Text="余额" TextHAlign="Center" X="180.55" Y="65.6166666666667" Width="19.078125" Height="5" />
              </Cells>
            </Row>
            <Row X="10" Y="70.6166666666667" Width="189.628125" Height="5">
              <Cells>
                <Cell OrigWidth="37.9" OrigHeight="5" Text="单据编号" FieldKind="Detail" TextHAlign="Center" X="10" Y="70.6166666666667" Width="37.9" Height="5" />
                <Cell OrigWidth="22.0822916666667" OrigHeight="5" Text="日期" FieldKind="Detail" TextHAlign="Center" X="47.9" Y="70.6166666666667" Width="22.0822916666667" Height="5" />
                <Cell OrigWidth="22.4895833333333" OrigHeight="5" Text="摘要" FieldKind="Detail" TextHAlign="Center" X="69.9822916666667" Y="70.6166666666667" Width="22.4895833333333" Height="5" />
                <Cell OrigWidth="18.5208333333333" OrigHeight="5" Text="金额" FieldKind="Detail" TextHAlign="Center" X="92.471875" Y="70.6166666666667" Width="18.5208333333333" Height="5" />
                <Cell OrigWidth="25.1354166666667" OrigHeight="5" Text="已结算额" FieldKind="Detail" TextHAlign="Center" X="110.992708333333" Y="70.6166666666667" Width="25.1354166666667" Height="5" />
                <Cell OrigWidth="22.7541666666667" OrigHeight="5" Text="未结算额" FieldKind="Detail" TextHAlign="Center" X="136.128125" Y="70.6166666666667" Width="22.7541666666667" Height="5" />
                <Cell OrigWidth="21.6677083333333" OrigHeight="5" Text="本次核销额" FieldKind="Detail" TextHAlign="Center" X="158.882291666667" Y="70.6166666666667" Width="21.6677083333333" Height="5" />
                <Cell OrigWidth="19.078125" OrigHeight="5" Text="余额" FieldKind="Detail" TextHAlign="Center" X="180.55" Y="70.6166666666667" Width="19.078125" Height="5" />
              </Cells>
            </Row>
            <Row X="10" Y="75.6166666666667" Width="189.628125" Height="5">
              <Cells>
                <Cell TextColor="black" OrigWidth="82.471875" OrigHeight="5" Text="合计" TextHAlign="Center" X="10" Y="75.6166666666667" Width="82.471875" Height="5" />
                <Cell TextColor="black" OrigWidth="18.5208333333333" OrigHeight="5" Text="金额" FieldKind="ToCurPageSum" TextHAlign="Center" X="92.471875" Y="75.6166666666667" Width="18.5208333333333" Height="5" />
                <Cell TextColor="black" OrigWidth="25.1354166666667" OrigHeight="5" Text="已结算额" FieldKind="ToCurPageSum" TextHAlign="Center" X="110.992708333333" Y="75.6166666666667" Width="25.1354166666667" Height="5" />
                <Cell TextColor="black" OrigWidth="22.7541666666667" OrigHeight="5" Text="未结算额" FieldKind="ToCurPageSum" TextHAlign="Center" X="136.128125" Y="75.6166666666667" Width="22.7541666666667" Height="5" />
                <Cell TextColor="black" OrigWidth="21.6677083333333" OrigHeight="5" Text="本次核销额" FieldKind="ToCurPageSum" TextHAlign="Center" X="158.882291666667" Y="75.6166666666667" Width="21.6677083333333" Height="5" />
                <Cell TextColor="black" OrigWidth="19.078125" OrigHeight="5" Text="余额" FieldKind="ToCurPageSum" TextHAlign="Center" X="180.55" Y="75.6166666666667" Width="19.078125" Height="5" />
              </Cells>
            </Row>
          </Rows>
        </TableElement>
      </Elements>
      <Bands>
        <Band IsVisible="false" />
        <Band BandKind="PageHeader" Height="20" />
        <Band BandKind="ReportHeader" Y="19.84375" Height="45.640625" />
        <Band IsVisible="false" BandKind="PageBodyHeader" />
        <Band BandKind="PageDetail" Y="65.6166666666667" Height="211.359375" />
        <Band IsVisible="false" BandKind="PageBodyFooter" />
        <Band IsVisible="false" BandKind="ReportFooter" />
        <Band BandKind="PageFooter" Y="276.754166666667" Height="20" />
      </Bands>
    </Page>
    <Page Width="210" Height="297">
      <OrderFields />
      <Elements>
        <TableElement X="10.2645836114883" Y="31.3770838896433" Width="189.363541666667" Height="245.202087402344">
          <Rows>
            <Row X="10.2645836114883" Y="31.3770838896433" Width="189.363541666667" Height="5">
              <Cells>
                <Cell BoldFont="true" OrigWidth="31.4072916666667" OrigHeight="5" Text="单据编号" TextHAlign="Center" WordWrap="true" X="10.2645836114883" Y="31.3770838896433" Width="31.4072916666667" Height="5" />
                <Cell BoldFont="true" OrigWidth="21.9604166666667" OrigHeight="5" Text="日期" TextHAlign="Center" WordWrap="true" X="41.671875278155" Y="31.3770838896433" Width="21.9604166666667" Height="5" />
                <Cell BoldFont="true" OrigWidth="18.7854166666667" OrigHeight="5" Text="摘要" TextHAlign="Center" WordWrap="true" X="63.6322919448217" Y="31.3770838896433" Width="18.7854166666667" Height="5" />
                <Cell BoldFont="true" OrigWidth="21.6958333333333" OrigHeight="5" Text="金额" TextHAlign="Center" WordWrap="true" X="82.4177086114884" Y="31.3770838896433" Width="21.6958333333333" Height="5" />
                <Cell BoldFont="true" OrigWidth="24.0770833333333" OrigHeight="5" Text="已结算额" TextHAlign="Center" WordWrap="true" X="104.113541944822" Y="31.3770838896433" Width="24.0770833333333" Height="5" />
                <Cell BoldFont="true" OrigWidth="26.9875" OrigHeight="5" Text="未结算额" TextHAlign="Center" WordWrap="true" X="128.190625278155" Y="31.3770838896433" Width="26.9875" Height="5" />
                <Cell BoldFont="true" OrigWidth="23.5479166666666" OrigHeight="5" Text="本次核销额" TextHAlign="Center" WordWrap="true" X="155.178125278155" Y="31.3770838896433" Width="23.5479166666666" Height="5" />
                <Cell BoldFont="true" OrigWidth="20.9020833333333" OrigHeight="5" Text="余额" TextHAlign="Center" WordWrap="true" X="178.726041944822" Y="31.3770838896433" Width="20.9020833333333" Height="5" />
              </Cells>
            </Row>
            <Row X="10.2645836114883" Y="36.3770838896433" Width="189.363541666667" Height="5">
              <Cells>
                <Cell OrigWidth="31.4072916666667" OrigHeight="5" Text="单据编号" FieldKind="Detail" TextHAlign="Center" WordWrap="true" X="10.2645836114883" Y="36.3770838896433" Width="31.4072916666667" Height="5" />
                <Cell OrigWidth="21.9604166666667" OrigHeight="5" Text="日期" FieldKind="Detail" TextHAlign="Center" WordWrap="true" X="41.671875278155" Y="36.3770838896433" Width="21.9604166666667" Height="5" />
                <Cell OrigWidth="18.7854166666667" OrigHeight="5" Text="摘要" FieldKind="Detail" TextHAlign="Center" WordWrap="true" X="63.6322919448217" Y="36.3770838896433" Width="18.7854166666667" Height="5" />
                <Cell OrigWidth="21.6958333333333" OrigHeight="5" Text="金额" FieldKind="Detail" TextHAlign="Center" WordWrap="true" X="82.4177086114884" Y="36.3770838896433" Width="21.6958333333333" Height="5" />
                <Cell OrigWidth="24.0770833333333" OrigHeight="5" Text="已结算额" FieldKind="Detail" TextHAlign="Center" WordWrap="true" X="104.113541944822" Y="36.3770838896433" Width="24.0770833333333" Height="5" />
                <Cell OrigWidth="26.9875" OrigHeight="5" Text="未结算额" FieldKind="Detail" TextHAlign="Center" WordWrap="true" X="128.190625278155" Y="36.3770838896433" Width="26.9875" Height="5" />
                <Cell OrigWidth="23.5479166666666" OrigHeight="5" Text="本次核销额" FieldKind="Detail" TextHAlign="Center" WordWrap="true" X="155.178125278155" Y="36.3770838896433" Width="23.5479166666666" Height="5" />
                <Cell OrigWidth="20.9020833333333" OrigHeight="5" Text="余额" FieldKind="Detail" TextHAlign="Center" WordWrap="true" X="178.726041944822" Y="36.3770838896433" Width="20.9020833333333" Height="5" />
              </Cells>
            </Row>
            <Row X="10.2645836114883" Y="41.3770838896433" Width="189.363541666667" Height="5">
              <Cells>
                <Cell TextColor="black" OrigWidth="72.1531250000001" OrigHeight="5" Text="合计" TextHAlign="Center" WordWrap="true" X="10.2645836114883" Y="41.3770838896433" Width="72.1531250000001" Height="5" />
                <Cell TextColor="black" OrigWidth="21.6958333333333" OrigHeight="5" Text="金额" FieldKind="ToCurPageSum" TextHAlign="Center" WordWrap="true" X="82.4177086114884" Y="41.3770838896433" Width="21.6958333333333" Height="5" />
                <Cell TextColor="black" OrigWidth="24.0770833333333" OrigHeight="5" Text="已结算额" FieldKind="ToCurPageSum" TextHAlign="Center" WordWrap="true" X="104.113541944822" Y="41.3770838896433" Width="24.0770833333333" Height="5" />
                <Cell TextColor="black" OrigWidth="26.9875" OrigHeight="5" Text="未结算额" FieldKind="ToCurPageSum" TextHAlign="Center" WordWrap="true" X="128.190625278155" Y="41.3770838896433" Width="26.9875" Height="5" />
                <Cell TextColor="black" OrigWidth="23.5479166666666" OrigHeight="5" Text="本次核销额" FieldKind="ToCurPageSum" TextHAlign="Center" WordWrap="true" X="155.178125278155" Y="41.3770838896433" Width="23.5479166666666" Height="5" />
                <Cell TextColor="black" OrigWidth="20.9020833333333" OrigHeight="5" Text="余额" FieldKind="ToCurPageSum" TextHAlign="Center" WordWrap="true" X="178.726041944822" Y="41.3770838896433" Width="20.9020833333333" Height="5" />
              </Cells>
            </Row>
            <Row X="10.2645836114883" Y="46.3770838896433" Width="189.363541666667" Height="5">
              <Cells>
                <Cell OrigWidth="144.913541666667" OrigHeight="5" Text="" LeftLineVisible="false" RightLineVisible="false" BottomLineVisible="false" WordWrap="true" X="10.2645836114883" Y="46.3770838896433" Width="144.913541666667" Height="5" />
                <Cell OrigWidth="23.5479166666666" OrigHeight="5" Text="打印时间：" LeftLineVisible="false" RightLineVisible="false" BottomLineVisible="false" TextHAlign="Center" WordWrap="true" X="155.178125278155" Y="46.3770838896433" Width="23.5479166666666" Height="5" />
                <Cell OrigWidth="20.9020833333333" OrigHeight="5" Text="日期" FieldKind="System" LeftLineVisible="false" RightLineVisible="false" BottomLineVisible="false" TextHAlign="Center" WordWrap="true" X="178.726041944822" Y="46.3770838896433" Width="20.9020833333333" Height="5" />
              </Cells>
            </Row>
            <Row X="10.2645836114883" Y="51.3770838896433" Width="189.363541666667" Height="5">
              <Cells>
                <Cell TextColor="black" OrigWidth="144.913541666667" OrigHeight="5" Text="" LeftLineVisible="false" TopLineVisible="false" RightLineVisible="false" BottomLineVisible="false" WordWrap="true" X="10.2645836114883" Y="51.3770838896433" Width="144.913541666667" Height="5" />
                <Cell TextColor="black" OrigWidth="23.5479166666666" OrigHeight="5" Text="" LeftLineVisible="false" TopLineVisible="false" RightLineVisible="false" BottomLineVisible="false" TextHAlign="Center" WordWrap="true" X="155.178125278155" Y="51.3770838896433" Width="23.5479166666666" Height="5" />
                <Cell TextColor="black" OrigWidth="20.9020833333333" OrigHeight="5" Text="[管家婆软件]" LeftLineVisible="false" TopLineVisible="false" RightLineVisible="false" BottomLineVisible="false" TextHAlign="Center" WordWrap="true" X="178.726041944822" Y="51.3770838896433" Width="20.9020833333333" Height="5" />
              </Cells>
            </Row>
          </Rows>
        </TableElement>
      </Elements>
      <Bands>
        <Band IsVisible="false" />
        <Band BandKind="PageHeader" Height="20" />
        <Band IsVisible="false" BandKind="ReportHeader" />
        <Band IsVisible="false" BandKind="PageBodyHeader" />
        <Band BandKind="PageDetail" Y="19.84375" Height="257" />
        <Band IsVisible="false" BandKind="PageBodyFooter" />
        <Band IsVisible="false" BandKind="ReportFooter" />
        <Band BandKind="PageFooter" Y="276.754166666667" Height="20" />
      </Bands>
    </Page>
  </Pages>
  <PageSettings MarginLeft="10" MarginTop="20" MarginRight="10" MarginBottom="20" PageWidth="210" PageHeight="297" ContinuousPrintPages="true" />
  <ExpressionFields />
</Report>