<Report MaxRowCount="0">
  <PageSettings MarginLeft="10" MarginTop="20" MarginRight="10" MarginBottom="20" PageWidth="210" PageHeight="297" />
  <ExpressionFields />
  <Pages>
    <Page Width="210" Height="297">
      <Elements>
        <TextElement Text="表名" FieldKind="Master" LeftLineVisible="false" TopLineVisible="false" RightLineVisible="false" BottomLineVisible="false" TextHAlign="Center" BandKind="ReportHeader" X="9.32917054494222" Y="24.7354168574015" Width="190.758333714803" Height="10.000000278155" FontSize="25" BoldFont="true" />
        <TableElement X="10" Y="40" Width="189.892708333333" Height="236.023949305216">
          <Rows>
            <Row X="10" Y="40" Width="189.892708333333" Height="10">
              <Cells>
                <Cell OrigWidth="19.2364583333333" OrigHeight="10" Text="截止日期:" LeftLineVisible="false" TopLineVisible="false" RightLineVisible="false" BottomLineVisible="false" TextHAlign="Center" WordWrap="true" X="10" Y="40" Width="19.2364583333333" Height="10" TextColor="black" />
                <Cell OrigWidth="43.65625" OrigHeight="10" Text="截止日期" FieldKind="Master" LeftLineVisible="false" TopLineVisible="false" RightLineVisible="false" BottomLineVisible="false" WordWrap="true" X="29.2364583333333" Y="40" Width="43.65625" Height="10" TextColor="black" />
                <Cell OrigWidth="20.6375" OrigHeight="10" Text="" LeftLineVisible="false" TopLineVisible="false" RightLineVisible="false" BottomLineVisible="false" TextHAlign="Center" WordWrap="true" X="72.8927083333333" Y="40" Width="20.6375" Height="10" TextColor="black" />
                <Cell OrigWidth="44.7145833333333" OrigHeight="10" Text="" LeftLineVisible="false" TopLineVisible="false" RightLineVisible="false" BottomLineVisible="false" TextHAlign="Center" WordWrap="true" X="93.5302083333333" Y="40" Width="44.7145833333333" Height="10" TextColor="black" />
                <Cell OrigWidth="20.9020833333333" OrigHeight="10" Text="" LeftLineVisible="false" TopLineVisible="false" RightLineVisible="false" BottomLineVisible="false" TextHAlign="Center" WordWrap="true" X="138.244791666667" Y="40" Width="20.9020833333333" Height="10" TextColor="black" />
                <Cell OrigWidth="40.745833333333" OrigHeight="10" Text="" LeftLineVisible="false" TopLineVisible="false" RightLineVisible="false" BottomLineVisible="false" TextHAlign="Center" WordWrap="true" X="159.146875" Y="40" Width="40.745833333333" Height="10" TextColor="black" />
              </Cells>
            </Row>
            <Row X="10" Y="50" Width="189.892708333333" Height="10">
              <Cells>
                <Cell OrigWidth="23.7365885416666" OrigHeight="10" Text="单位编号" TextHAlign="Center" WordWrap="true" X="10" Y="50" Width="23.7365885416666" Height="10" TextColor="black" />
                <Cell OrigWidth="23.7365885416666" OrigHeight="10" Text="单位全名" TextHAlign="Center" WordWrap="true" X="33.7365885416666" Y="50" Width="23.7365885416666" Height="10" TextColor="black" />
                <Cell OrigWidth="23.7365885416666" OrigHeight="10" Text="信用额度" TextHAlign="Center" WordWrap="true" X="57.4731770833332" Y="50" Width="23.7365885416666" Height="10" TextColor="black" />
                <Cell OrigWidth="23.7365885416666" OrigHeight="10" Text="30天以内" TextHAlign="Center" WordWrap="true" X="81.2097656249998" Y="50" Width="23.7365885416666" Height="10" TextColor="black" />
                <Cell OrigWidth="23.7365885416666" OrigHeight="10" Text="31天至60天" TextHAlign="Center" WordWrap="true" X="104.946354166666" Y="50" Width="23.7365885416666" Height="10" TextColor="black" />
                <Cell OrigWidth="23.7365885416666" OrigHeight="10" Text="61天至90天" TextHAlign="Center" WordWrap="true" X="128.682942708333" Y="50" Width="23.7365885416666" Height="10" TextColor="black" />
                <Cell OrigWidth="23.7365885416666" OrigHeight="10" Text="91天至120天" TextHAlign="Center" WordWrap="true" X="152.41953125" Y="50" Width="23.7365885416666" Height="10" TextColor="black" />
                <Cell OrigWidth="23.7365885416666" OrigHeight="10" Text="121天至150天" TextHAlign="Center" WordWrap="true" X="176.156119791666" Y="50" Width="23.7365885416666" Height="10" TextColor="black" />
              </Cells>
            </Row>
            <Row X="10" Y="60" Width="189.892708333333" Height="5">
              <Cells>
                <Cell OrigWidth="23.7365885416666" OrigHeight="5" Text="单位编号" FieldKind="Detail" WordWrap="true" X="10" Y="60" Width="23.7365885416666" Height="5" />
                <Cell OrigWidth="23.7365885416666" OrigHeight="5" Text="单位全名" FieldKind="Detail" WordWrap="true" X="33.7365885416666" Y="60" Width="23.7365885416666" Height="5" />
                <Cell OrigWidth="23.7365885416666" OrigHeight="5" Text="信用额度" FieldKind="Detail" WordWrap="true" X="57.4731770833332" Y="60" Width="23.7365885416666" Height="5" />
                <Cell OrigWidth="23.7365885416666" OrigHeight="5" Text="30天以内" FieldKind="Detail" WordWrap="true" X="81.2097656249998" Y="60" Width="23.7365885416666" Height="5" />
                <Cell OrigWidth="23.7365885416666" OrigHeight="5" Text="31至60天" FieldKind="Detail" WordWrap="true" X="104.946354166666" Y="60" Width="23.7365885416666" Height="5" />
                <Cell OrigWidth="23.7365885416666" OrigHeight="5" Text="61至90天" FieldKind="Detail" WordWrap="true" X="128.682942708333" Y="60" Width="23.7365885416666" Height="5" />
                <Cell OrigWidth="23.7365885416666" OrigHeight="5" Text="91至120天" FieldKind="Detail" WordWrap="true" X="152.41953125" Y="60" Width="23.7365885416666" Height="5" />
                <Cell OrigWidth="23.7365885416666" OrigHeight="5" Text="121至150天" FieldKind="Detail" WordWrap="true" X="176.156119791666" Y="60" Width="23.7365885416666" Height="5" />
              </Cells>
            </Row>
            <Row X="10" Y="65" Width="189.892708333333" Height="5">
              <Cells>
                <Cell OrigWidth="19.765625" OrigHeight="5" Text="审核单位:" LeftLineVisible="false" RightLineVisible="false" BottomLineVisible="false" WordWrap="true" X="10" Y="65" Width="19.765625" Height="5" TextColor="black" />
                <Cell OrigWidth="29.6333333333333" OrigHeight="5" Text="" LeftLineVisible="false" RightLineVisible="false" BottomLineVisible="false" WordWrap="true" X="29.765625" Y="65" Width="29.6333333333333" Height="5" TextColor="black" />
                <Cell OrigWidth="20.6375" OrigHeight="5" Text="" LeftLineVisible="false" RightLineVisible="false" BottomLineVisible="false" WordWrap="true" X="59.3989583333333" Y="65" Width="20.6375" Height="5" TextColor="black" />
                <Cell OrigWidth="19.3145833333333" OrigHeight="5" Text="制表人:" LeftLineVisible="false" RightLineVisible="false" BottomLineVisible="false" WordWrap="true" X="80.0364583333333" Y="65" Width="19.3145833333333" Height="5" TextColor="black" />
                <Cell OrigWidth="30.1625" OrigHeight="5" Text="" LeftLineVisible="false" RightLineVisible="false" BottomLineVisible="false" WordWrap="true" X="99.3510416666666" Y="65" Width="30.1625" Height="5" TextColor="black" />
                <Cell OrigWidth="20.3729166666666" OrigHeight="5" Text="" LeftLineVisible="false" RightLineVisible="false" BottomLineVisible="false" WordWrap="true" X="129.513541666667" Y="65" Width="20.3729166666666" Height="5" TextColor="black" />
                <Cell OrigWidth="19.5791666666667" OrigHeight="5" Text="打印时间:" LeftLineVisible="false" RightLineVisible="false" BottomLineVisible="false" WordWrap="true" X="149.886458333333" Y="65" Width="19.5791666666667" Height="5" TextColor="black" />
                <Cell OrigWidth="30.427083333333" OrigHeight="5" Text="日期" FieldKind="System" LeftLineVisible="false" RightLineVisible="false" BottomLineVisible="false" WordWrap="true" X="169.465625" Y="65" Width="30.427083333333" Height="5" TextColor="black" />
              </Cells>
            </Row>
            <Row X="10" Y="70" Width="189.892708333333" Height="5">
              <Cells>
                <Cell OrigWidth="189.892708333333" OrigHeight="5" Text="[管家婆软件]" LeftLineVisible="false" TopLineVisible="false" RightLineVisible="false" BottomLineVisible="false" TextHAlign="Right" WordWrap="true" X="10" Y="70" Width="189.892708333333" Height="5" TextColor="black" />
              </Cells>
            </Row>
          </Rows>
        </TableElement>
        <TextElement Text="总页码" FieldKind="System" LeftLineVisible="false" TopLineVisible="false" RightLineVisible="false" BottomLineVisible="false" TextHAlign="Right" BandKind="PageHeader" X="156.314586639404" Y="15.5520828564962" Width="43.8125066121419" Height="5.0000001390775" />
      </Elements>
      <Bands>
        <Band IsVisible="false" />
        <Band BandKind="PageHeader" Height="20" />
        <Band BandKind="ReportHeader" Y="19.84375" Height="19.84375" />
        <Band IsVisible="false" BandKind="PageBodyHeader" />
        <Band BandKind="PageDetail" Y="39.6875" Height="237.15625" />
        <Band IsVisible="false" BandKind="PageBodyFooter" />
        <Band IsVisible="false" BandKind="ReportFooter" />
        <Band BandKind="PageFooter" Y="276.754166666667" Height="20" />
      </Bands>
      <OrderFields />
    </Page>
  </Pages>
</Report>