<Report MaxRowCount="0">
  <Pages>
    <Page Width="210" Height="297" TextVAlign="Center">
      <OrderFields />
      <Elements>
        <TextElement Text="表名" FieldKind="Master" LeftLineVisible="false" TopLineVisible="false" RightLineVisible="false" BottomLineVisible="false" BandKind="ReportHeader" X="10.1229205449422" Y="20.0812496344248" Width="190.541664123535" Height="10.000000278155" FontSize="20" BoldFont="true" TextHAlign="Center" TextVAlign="Center" />
        <TableElement X="9.65729166666667" Y="35.5218749046326" Width="189.970833611489" Height="236.138541793823" TextVAlign="Center">
          <Rows>
            <Row X="9.65729166666667" Y="35.5218749046326" Width="189.970833611488" Height="5" TextVAlign="Center">
              <Cells>
                <Cell CellWidth="3.4" OrigWidth="22.7541669448217" OrigHeight="5" Text="仓库编号" X="9.65729166666667" Y="35.5218749046326" Width="22.7541669448217" Height="5" BoldFont="true" TextVAlign="Center" WordWrap="true" />
                <Cell CellWidth="3.4" OrigWidth="30.1625" OrigHeight="5" Text="仓库" X="32.4114586114884" Y="35.5218749046326" Width="30.1625" Height="5" BoldFont="true" TextHAlign="Center" TextVAlign="Center" WordWrap="true" />
                <Cell CellWidth="3.4" OrigWidth="31.75" OrigHeight="5" Text="存货编号" X="62.5739586114884" Y="35.5218749046326" Width="31.75" Height="5" BoldFont="true" TextVAlign="Center" WordWrap="true" />
                <Cell CellWidth="3.4" OrigWidth="38.1" OrigHeight="5" Text="存货" X="94.3239586114884" Y="35.5218749046326" Width="38.1" Height="5" BoldFont="true" TextVAlign="Center" WordWrap="true" />
                <Cell CellWidth="3.4" OrigWidth="32.54375" OrigHeight="5" Text="报警上限" X="132.423958611488" Y="35.5218749046326" Width="32.54375" Height="5" BoldFont="true" TextVAlign="Center" WordWrap="true" />
                <Cell CellWidth="3.4" OrigWidth="34.6604166666666" OrigHeight="5" Text="报警下限" X="164.967708611488" Y="35.5218749046326" Width="34.6604166666666" Height="5" BoldFont="true" TextVAlign="Center" WordWrap="true" />
              </Cells>
            </Row>
            <Row X="9.65729166666667" Y="40.5218749046326" Width="189.970833611488" Height="5" TextVAlign="Center">
              <Cells>
                <Cell CellWidth="3.4" OrigWidth="22.7541669448217" OrigHeight="5" Text="仓库编号" FieldKind="Detail" X="9.65729166666667" Y="40.5218749046326" Width="22.7541669448217" Height="5" TextVAlign="Center" WordWrap="true" />
                <Cell CellWidth="3.4" OrigWidth="30.1625" OrigHeight="5" Text="仓库全名" FieldKind="Detail" X="32.4114586114884" Y="40.5218749046326" Width="30.1625" Height="5" TextHAlign="Center" TextVAlign="Center" WordWrap="true" />
                <Cell CellWidth="3.4" OrigWidth="31.75" OrigHeight="5" Text="存货编号" FieldKind="Detail" X="62.5739586114884" Y="40.5218749046326" Width="31.75" Height="5" TextVAlign="Center" WordWrap="true" />
                <Cell CellWidth="3.4" OrigWidth="38.1" OrigHeight="5" Text="存货全名" FieldKind="Detail" X="94.3239586114884" Y="40.5218749046326" Width="38.1" Height="5" TextVAlign="Center" WordWrap="true" />
                <Cell CellWidth="3.4" OrigWidth="32.54375" OrigHeight="5" Text="报警上限" FieldKind="Detail" X="132.423958611488" Y="40.5218749046326" Width="32.54375" Height="5" TextHAlign="Right" TextVAlign="Center" WordWrap="true" />
                <Cell CellWidth="3.4" OrigWidth="34.6604166666666" OrigHeight="5" Text="报警下限" FieldKind="Detail" X="164.967708611488" Y="40.5218749046326" Width="34.6604166666666" Height="5" TextHAlign="Right" TextVAlign="Center" WordWrap="true" />
              </Cells>
            </Row>
            <Row X="9.65729166666667" Y="45.5218749046326" Width="189.970833611489" Height="5" TextVAlign="Center">
              <Cells>
                <Cell CellWidth="3.4" OrigWidth="122.766666944822" OrigHeight="5" Text="" LeftLineVisible="false" RightLineVisible="false" BottomLineVisible="false" X="9.65729166666667" Y="45.5218749046326" Width="122.766666944822" Height="5" TextColor="black" TextHAlign="Center" TextVAlign="Center" WordWrap="true" />
                <Cell CellWidth="3.4" OrigWidth="32.54375" OrigHeight="5" Text="打印时间：" LeftLineVisible="false" RightLineVisible="false" BottomLineVisible="false" X="132.423958611489" Y="45.5218749046326" Width="32.54375" Height="5" TextColor="black" TextHAlign="Right" TextVAlign="Center" WordWrap="true" />
                <Cell CellWidth="3.4" OrigWidth="34.6604166666666" OrigHeight="5" Text="日期" FieldKind="System" LeftLineVisible="false" RightLineVisible="false" BottomLineVisible="false" X="164.967708611489" Y="45.5218749046326" Width="34.6604166666666" Height="5" TextColor="black" TextHAlign="Right" TextVAlign="Center" WordWrap="true" />
              </Cells>
            </Row>
            <Row X="9.65729166666667" Y="50.5218749046326" Width="189.970833611489" Height="5" TextVAlign="Center">
              <Cells>
                <Cell CellWidth="3.4" OrigWidth="122.766666944822" OrigHeight="5" Text="" LeftLineVisible="false" TopLineVisible="false" RightLineVisible="false" BottomLineVisible="false" X="9.65729166666667" Y="50.5218749046326" Width="122.766666944822" Height="5" TextColor="black" TextHAlign="Center" TextVAlign="Center" WordWrap="true" />
                <Cell CellWidth="3.4" OrigWidth="17.1979166666666" OrigHeight="5" Text="" LeftLineVisible="false" TopLineVisible="false" RightLineVisible="false" BottomLineVisible="false" X="132.423958611489" Y="50.5218749046326" Width="17.1979166666666" Height="5" TextColor="black" TextVAlign="Center" WordWrap="true" />
                <Cell CellWidth="3.4" OrigWidth="50.00625" OrigHeight="5" Text="[管家婆软件]" LeftLineVisible="false" TopLineVisible="false" RightLineVisible="false" BottomLineVisible="false" X="149.621875278155" Y="50.5218749046326" Width="50.00625" Height="5" TextColor="black" TextHAlign="Right" TextVAlign="Center" WordWrap="true" />
              </Cells>
            </Row>
          </Rows>
        </TableElement>
        <TextElement Text="总页码" FieldKind="System" LeftLineVisible="false" TopLineVisible="false" RightLineVisible="false" BottomLineVisible="false" BandKind="PageHeader" X="183.037503306071" Y="13.6999995231628" Width="20" Height="5" TextHAlign="Right" TextVAlign="Center" />
      </Elements>
      <Bands>
        <Band IsVisible="false" TextVAlign="Center" />
        <Band BandKind="PageHeader" Height="20" TextVAlign="Center" />
        <Band BandKind="ReportHeader" Y="19.84375" Height="15.478125" TextVAlign="Center" />
        <Band IsVisible="false" BandKind="PageBodyHeader" TextVAlign="Center" />
        <Band BandKind="PageDetail" Y="34.925" Height="241.365625" TextVAlign="Center" />
        <Band IsVisible="false" BandKind="PageBodyFooter" TextVAlign="Center" />
        <Band IsVisible="false" BandKind="ReportFooter" TextVAlign="Center" />
        <Band BandKind="PageFooter" Y="276.754166666667" Height="20" TextVAlign="Center" />
      </Bands>
    </Page>
  </Pages>
  <PageSettings MarginLeft="10" MarginTop="20" MarginBottom="20" PageWidth="210" PageHeight="297" />
  <ExpressionFields />
</Report>