<Report>
  <Pages>
    <Page Width="210" Height="297" TextVAlign="Center">
      <OrderFields />
      <Elements>
        <TextElement Text="财贸双全-销售按存货开票" LeftLineWidth="3" LeftLineColor="#FFFFFF" TopLineVisible="false" TopLineWidth="0" TopLineColor="#FFFFFF" RightLineVisible="false" RightLineWidth="0" RightLineColor="#FFFFFF" BottomLineVisible="false" BottomLineWidth="0" BottomLineColor="#FFFFFF" DecimalDigits="0" X="85" Y="5" Width="161" Height="10" FontSize="20" BoldFont="true" TextHAlign="Center" TextVAlign="Top" />
        <TableElement X="10" Y="40" Width="200" Height="237" TextVAlign="Center">
          <Rows>
            <Row Height="5" TextVAlign="Center">
              <Cells>
                <Cell OrigWidth="20" OrigHeight="5" AccounttantLineVisble="true" Text="行号" DecimalDigits="0" Width="20" Height="5" TextVAlign="Center" WordWrap="true" />
                <Cell OrigWidth="20" OrigHeight="5" AccounttantLineVisble="true" Text="收货单位全名" DecimalDigits="0" X="20" Width="20" Height="5" TextVAlign="Center" WordWrap="true" />
                <Cell OrigWidth="20" OrigHeight="5" AccounttantLineVisble="true" Text="单据编号" DecimalDigits="0" X="40" Width="20" Height="5" TextVAlign="Center" WordWrap="true" />
                <Cell OrigWidth="20" OrigHeight="5" AccounttantLineVisble="true" Text="收货单位编号" DecimalDigits="0" X="60" Width="20" Height="5" TextVAlign="Center" WordWrap="true" />
                <Cell OrigWidth="20" OrigHeight="5" AccounttantLineVisble="true" Text="收货单位编号1" DecimalDigits="0" X="80" Width="20" Height="5" TextVAlign="Center" WordWrap="true" />
                <Cell OrigWidth="20" OrigHeight="5" AccounttantLineVisble="true" Text="收货单位全名1" DecimalDigits="0" X="100" Width="20" Height="5" TextVAlign="Center" WordWrap="true" />
                <Cell OrigWidth="20" OrigHeight="5" AccounttantLineVisble="true" Text="日期" DecimalDigits="0" X="120" Width="20" Height="5" TextVAlign="Center" WordWrap="true" />
                <Cell OrigWidth="20" OrigHeight="5" AccounttantLineVisble="true" Text="摘要" DecimalDigits="0" X="140" Width="20" Height="5" TextVAlign="Center" WordWrap="true" />
                <Cell OrigWidth="20" OrigHeight="5" AccounttantLineVisble="true" Text="规格" DecimalDigits="0" X="160" Width="20" Height="5" TextVAlign="Center" WordWrap="true" />
                <Cell OrigWidth="20" OrigHeight="5" AccounttantLineVisble="true" Text="型号" DecimalDigits="0" X="180" Width="20" Height="5" TextVAlign="Center" WordWrap="true" />
                <Cell OrigWidth="20" OrigHeight="5" AccounttantLineVisble="true" Text="对方编码" DecimalDigits="0" X="200" Width="20" Height="5" TextVAlign="Center" WordWrap="true" />
                <Cell OrigWidth="20" OrigHeight="5" AccounttantLineVisble="true" Text="数量" DecimalDigits="0" X="220" Width="20" Height="5" TextVAlign="Center" WordWrap="true" />
                <Cell OrigWidth="20" OrigHeight="5" AccounttantLineVisble="true" Text="单价" DecimalDigits="0" X="240" Width="20" Height="5" TextVAlign="Center" WordWrap="true" />
                <Cell OrigWidth="20" OrigHeight="5" AccounttantLineVisble="true" Text="单据金额" DecimalDigits="0" X="260" Width="20" Height="5" TextVAlign="Center" WordWrap="true" />
                <Cell OrigWidth="20" OrigHeight="5" AccounttantLineVisble="true" Text="已开票金额" DecimalDigits="0" X="280" Width="20" Height="5" TextVAlign="Center" WordWrap="true" />
                <Cell OrigWidth="20" OrigHeight="5" AccounttantLineVisble="true" Text="未开票金额" DecimalDigits="0" X="300" Width="20" Height="5" TextVAlign="Center" WordWrap="true" />
                <Cell OrigWidth="20" OrigHeight="5" AccounttantLineVisble="true" Text="已开票数量" DecimalDigits="0" X="320" Width="20" Height="5" TextVAlign="Center" WordWrap="true" />
                <Cell OrigWidth="20" OrigHeight="5" AccounttantLineVisble="true" Text="未开票数量" DecimalDigits="0" X="340" Width="20" Height="5" TextVAlign="Center" WordWrap="true" />
                <Cell OrigWidth="20" OrigHeight="5" AccounttantLineVisble="true" Text="本次开票数量" DecimalDigits="0" X="360" Width="20" Height="5" TextVAlign="Center" WordWrap="true" />
                <Cell OrigWidth="20" OrigHeight="5" AccounttantLineVisble="true" Text="本次开票单价" DecimalDigits="0" X="380" Width="20" Height="5" TextVAlign="Center" WordWrap="true" />
                <Cell OrigWidth="20" OrigHeight="5" AccounttantLineVisble="true" Text="本次开票金额" DecimalDigits="0" X="400" Width="20" Height="5" TextVAlign="Center" WordWrap="true" />
                <Cell OrigWidth="20" OrigHeight="5" AccounttantLineVisble="true" Text="余额" DecimalDigits="0" X="420" Width="20" Height="5" TextVAlign="Center" WordWrap="true" />
              </Cells>
            </Row>
            <Row Height="5" TextVAlign="Center">
              <Cells>
                <Cell OrigWidth="20" OrigHeight="5" AccounttantLineVisble="true" Text="行号" FieldKind="Detail" DecimalDigits="0" Width="20" Height="5" TextVAlign="Center" WordWrap="true" />
                <Cell OrigWidth="20" OrigHeight="5" AccounttantLineVisble="true" Text="收货单位全名" FieldKind="Detail" DecimalDigits="0" X="20" Width="20" Height="5" TextVAlign="Center" WordWrap="true" />
                <Cell OrigWidth="20" OrigHeight="5" AccounttantLineVisble="true" Text="单据编号" FieldKind="Detail" DecimalDigits="0" X="40" Width="20" Height="5" TextVAlign="Center" WordWrap="true" />
                <Cell OrigWidth="20" OrigHeight="5" AccounttantLineVisble="true" Text="收货单位编号" FieldKind="Detail" DecimalDigits="0" X="60" Width="20" Height="5" TextVAlign="Center" WordWrap="true" />
                <Cell OrigWidth="20" OrigHeight="5" AccounttantLineVisble="true" Text="收货单位编号1" FieldKind="Detail" DecimalDigits="0" X="80" Width="20" Height="5" TextVAlign="Center" WordWrap="true" />
                <Cell OrigWidth="20" OrigHeight="5" AccounttantLineVisble="true" Text="收货单位全名1" FieldKind="Detail" DecimalDigits="0" X="100" Width="20" Height="5" TextVAlign="Center" WordWrap="true" />
                <Cell OrigWidth="20" OrigHeight="5" AccounttantLineVisble="true" Text="日期" FieldKind="Detail" DecimalDigits="0" X="120" Width="20" Height="5" TextVAlign="Center" WordWrap="true" />
                <Cell OrigWidth="20" OrigHeight="5" AccounttantLineVisble="true" Text="摘要" FieldKind="Detail" DecimalDigits="0" X="140" Width="20" Height="5" TextVAlign="Center" WordWrap="true" />
                <Cell OrigWidth="20" OrigHeight="5" AccounttantLineVisble="true" Text="规格" FieldKind="Detail" DecimalDigits="0" X="160" Width="20" Height="5" TextVAlign="Center" WordWrap="true" />
                <Cell OrigWidth="20" OrigHeight="5" AccounttantLineVisble="true" Text="型号" FieldKind="Detail" DecimalDigits="0" X="180" Width="20" Height="5" TextVAlign="Center" WordWrap="true" />
                <Cell OrigWidth="20" OrigHeight="5" AccounttantLineVisble="true" Text="对方编码" FieldKind="Detail" DecimalDigits="0" X="200" Width="20" Height="5" TextVAlign="Center" WordWrap="true" />
                <Cell OrigWidth="20" OrigHeight="5" AccounttantLineVisble="true" Text="数量" FieldKind="Detail" DecimalDigits="0" X="220" Width="20" Height="5" TextVAlign="Center" WordWrap="true" />
                <Cell OrigWidth="20" OrigHeight="5" AccounttantLineVisble="true" Text="单价" FieldKind="Detail" DecimalDigits="0" X="240" Width="20" Height="5" TextVAlign="Center" WordWrap="true" />
                <Cell OrigWidth="20" OrigHeight="5" AccounttantLineVisble="true" Text="单据金额" FieldKind="Detail" DecimalDigits="0" X="260" Width="20" Height="5" TextVAlign="Center" WordWrap="true" />
                <Cell OrigWidth="20" OrigHeight="5" AccounttantLineVisble="true" Text="已开票金额" FieldKind="Detail" DecimalDigits="0" X="280" Width="20" Height="5" TextVAlign="Center" WordWrap="true" />
                <Cell OrigWidth="20" OrigHeight="5" AccounttantLineVisble="true" Text="未开票金额" FieldKind="Detail" DecimalDigits="0" X="300" Width="20" Height="5" TextVAlign="Center" WordWrap="true" />
                <Cell OrigWidth="20" OrigHeight="5" AccounttantLineVisble="true" Text="已开票数量" FieldKind="Detail" DecimalDigits="0" X="320" Width="20" Height="5" TextVAlign="Center" WordWrap="true" />
                <Cell OrigWidth="20" OrigHeight="5" AccounttantLineVisble="true" Text="未开票数量" FieldKind="Detail" DecimalDigits="0" X="340" Width="20" Height="5" TextVAlign="Center" WordWrap="true" />
                <Cell OrigWidth="20" OrigHeight="5" AccounttantLineVisble="true" Text="本次开票数量" FieldKind="Detail" DecimalDigits="0" X="360" Width="20" Height="5" TextVAlign="Center" WordWrap="true" />
                <Cell OrigWidth="20" OrigHeight="5" AccounttantLineVisble="true" Text="本次开票单价" FieldKind="Detail" DecimalDigits="0" X="380" Width="20" Height="5" TextVAlign="Center" WordWrap="true" />
                <Cell OrigWidth="20" OrigHeight="5" AccounttantLineVisble="true" Text="本次开票金额" FieldKind="Detail" DecimalDigits="0" X="400" Width="20" Height="5" TextVAlign="Center" WordWrap="true" />
                <Cell OrigWidth="20" OrigHeight="5" AccounttantLineVisble="true" Text="余额" FieldKind="Detail" DecimalDigits="0" X="420" Width="20" Height="5" TextVAlign="Center" WordWrap="true" />
              </Cells>
            </Row>
            <Row Height="5" TextVAlign="Center">
              <Cells>
                <Cell OrigWidth="20" OrigHeight="5" AccounttantLineVisble="true" Text="合计" DecimalDigits="0" Width="20" Height="5" TextVAlign="Center" WordWrap="true" />
                <Cell OrigWidth="20" OrigHeight="5" AccounttantLineVisble="true" Text="" DecimalDigits="0" X="20" Width="20" Height="5" TextVAlign="Center" WordWrap="true" />
                <Cell OrigWidth="20" OrigHeight="5" AccounttantLineVisble="true" Text="" DecimalDigits="0" X="40" Width="20" Height="5" TextVAlign="Center" WordWrap="true" />
                <Cell OrigWidth="20" OrigHeight="5" AccounttantLineVisble="true" Text="" DecimalDigits="0" X="60" Width="20" Height="5" TextVAlign="Center" WordWrap="true" />
                <Cell OrigWidth="20" OrigHeight="5" AccounttantLineVisble="true" Text="" DecimalDigits="0" X="80" Width="20" Height="5" TextVAlign="Center" WordWrap="true" />
                <Cell OrigWidth="20" OrigHeight="5" AccounttantLineVisble="true" Text="" DecimalDigits="0" X="100" Width="20" Height="5" TextVAlign="Center" WordWrap="true" />
                <Cell OrigWidth="20" OrigHeight="5" AccounttantLineVisble="true" Text="" DecimalDigits="0" X="120" Width="20" Height="5" TextVAlign="Center" WordWrap="true" />
                <Cell OrigWidth="20" OrigHeight="5" AccounttantLineVisble="true" Text="" DecimalDigits="0" X="140" Width="20" Height="5" TextVAlign="Center" WordWrap="true" />
                <Cell OrigWidth="20" OrigHeight="5" AccounttantLineVisble="true" Text="" DecimalDigits="0" X="160" Width="20" Height="5" TextVAlign="Center" WordWrap="true" />
                <Cell OrigWidth="20" OrigHeight="5" AccounttantLineVisble="true" Text="" DecimalDigits="0" X="180" Width="20" Height="5" TextVAlign="Center" WordWrap="true" />
                <Cell OrigWidth="20" OrigHeight="5" AccounttantLineVisble="true" Text="" DecimalDigits="0" X="200" Width="20" Height="5" TextVAlign="Center" WordWrap="true" />
                <Cell OrigWidth="20" OrigHeight="5" AccounttantLineVisble="true" Text="" DecimalDigits="0" X="220" Width="20" Height="5" TextVAlign="Center" WordWrap="true" />
                <Cell OrigWidth="20" OrigHeight="5" AccounttantLineVisble="true" Text="" DecimalDigits="0" X="240" Width="20" Height="5" TextVAlign="Center" WordWrap="true" />
                <Cell OrigWidth="20" OrigHeight="5" AccounttantLineVisble="true" Text="" DecimalDigits="0" X="260" Width="20" Height="5" TextVAlign="Center" WordWrap="true" />
                <Cell OrigWidth="20" OrigHeight="5" AccounttantLineVisble="true" Text="" DecimalDigits="0" X="280" Width="20" Height="5" TextVAlign="Center" WordWrap="true" />
                <Cell OrigWidth="20" OrigHeight="5" AccounttantLineVisble="true" Text="" DecimalDigits="0" X="300" Width="20" Height="5" TextVAlign="Center" WordWrap="true" />
                <Cell OrigWidth="20" OrigHeight="5" AccounttantLineVisble="true" Text="" DecimalDigits="0" X="320" Width="20" Height="5" TextVAlign="Center" WordWrap="true" />
                <Cell OrigWidth="20" OrigHeight="5" AccounttantLineVisble="true" Text="" DecimalDigits="0" X="340" Width="20" Height="5" TextVAlign="Center" WordWrap="true" />
                <Cell OrigWidth="20" OrigHeight="5" AccounttantLineVisble="true" Text="" DecimalDigits="0" X="360" Width="20" Height="5" TextVAlign="Center" WordWrap="true" />
                <Cell OrigWidth="20" OrigHeight="5" AccounttantLineVisble="true" Text="" DecimalDigits="0" X="380" Width="20" Height="5" TextVAlign="Center" WordWrap="true" />
                <Cell OrigWidth="20" OrigHeight="5" AccounttantLineVisble="true" Text="" DecimalDigits="0" X="400" Width="20" Height="5" TextVAlign="Center" WordWrap="true" />
                <Cell OrigWidth="20" OrigHeight="5" AccounttantLineVisble="true" Text="" DecimalDigits="0" X="420" Width="20" Height="5" TextVAlign="Center" WordWrap="true" />
              </Cells>
            </Row>
          </Rows>
        </TableElement>
      </Elements>
      <Bands>
        <Band IsVisible="false" TextVAlign="Center" />
        <Band BandKind="PageHeader" Height="20" TextVAlign="Center" />
        <Band BandKind="ReportHeader" Y="20" Height="20" TextVAlign="Center" />
        <Band IsVisible="false" BandKind="PageBodyHeader" TextVAlign="Center" />
        <Band BandKind="PageDetail" Y="40" Height="237" TextVAlign="Center" />
        <Band IsVisible="false" BandKind="PageBodyFooter" TextVAlign="Center" />
        <Band IsVisible="false" BandKind="ReportFooter" Height="20" TextVAlign="Center" />
        <Band BandKind="PageFooter" Y="277" Height="20" TextVAlign="Center" />
      </Bands>
    </Page>
  </Pages>
  <PageSettings MarginLeft="10" MarginTop="20" MarginBottom="20" PageWidth="210" PageHeight="297" />
  <ExpressionFields />
</Report>