<Report MaxRowCount="0">
  <Pages>
    <Page Width="210" Height="297" TextVAlign="Center">
      <OrderFields />
      <Elements>
        <TextElement Text="工贸-采购明细表" LeftLineWidth="3" LeftLineColor="#FFFFFF" TopLineVisible="false" TopLineWidth="0" TopLineColor="#FFFFFF" RightLineVisible="false" RightLineWidth="0" RightLineColor="#FFFFFF" BottomLineVisible="false" BottomLineWidth="0" BottomLineColor="#FFFFFF" DecimalDigits="0" X="85" Y="5" Width="105" Height="10" FontSize="20" BoldFont="true" TextHAlign="Center" TextVAlign="Top" />
        <TableElement X="10" Y="40" Width="200" Height="237" TextVAlign="Center">
          <Rows>
            <Row Height="5" TextVAlign="Center">
              <Cells>
                <Cell TextVAlign="Center" WordWrap="true" CellWidth="3.4" OrigWidth="20" OrigHeight="5" Text="行号" DecimalDigits="0" Width="20" Height="5" />
                <Cell TextVAlign="Center" WordWrap="true" CellWidth="3.4" OrigWidth="20" OrigHeight="5" Text="单据日期" DecimalDigits="0" X="20" Width="20" Height="5" />
                <Cell TextVAlign="Center" WordWrap="true" CellWidth="3.4" OrigWidth="20" OrigHeight="5" Text="单据类型" DecimalDigits="0" X="40" Width="20" Height="5" />
                <Cell TextVAlign="Center" WordWrap="true" CellWidth="3.4" OrigWidth="20" OrigHeight="5" Text="单据编号" DecimalDigits="0" X="60" Width="20" Height="5" />
                <Cell TextVAlign="Center" WordWrap="true" CellWidth="3.4" OrigWidth="20" OrigHeight="5" Text="存货编号" DecimalDigits="0" X="80" Width="20" Height="5" />
                <Cell TextVAlign="Center" WordWrap="true" CellWidth="3.4" OrigWidth="20" OrigHeight="5" Text="存货全名" DecimalDigits="0" X="100" Width="20" Height="5" />
                <Cell TextVAlign="Center" WordWrap="true" CellWidth="3.4" OrigWidth="20" OrigHeight="5" Text="单位全名" DecimalDigits="0" X="120" Width="20" Height="5" />
                <Cell TextVAlign="Center" WordWrap="true" CellWidth="3.4" OrigWidth="20" OrigHeight="5" Text="经办人全名" DecimalDigits="0" X="140" Width="20" Height="5" />
                <Cell TextVAlign="Center" WordWrap="true" CellWidth="3.4" OrigWidth="20" OrigHeight="5" Text="单据摘要" DecimalDigits="0" X="160" Width="20" Height="5" />
                <Cell TextVAlign="Center" WordWrap="true" CellWidth="3.4" OrigWidth="20" OrigHeight="5" Text="采购订单编号" DecimalDigits="0" X="180" Width="20" Height="5" />
                <Cell TextVAlign="Center" WordWrap="true" CellWidth="3.4" OrigWidth="20" OrigHeight="5" Text="自定义字段1" DecimalDigits="0" X="200" Width="20" Height="5" />
                <Cell TextVAlign="Center" WordWrap="true" CellWidth="3.4" OrigWidth="20" OrigHeight="5" Text="自定义字段2" DecimalDigits="0" X="220" Width="20" Height="5" />
                <Cell TextVAlign="Center" WordWrap="true" CellWidth="3.4" OrigWidth="20" OrigHeight="5" Text="自定义字段3" DecimalDigits="0" X="240" Width="20" Height="5" />
                <Cell TextVAlign="Center" WordWrap="true" CellWidth="3.4" OrigWidth="20" OrigHeight="5" Text="自定义字段4" DecimalDigits="0" X="260" Width="20" Height="5" />
                <Cell TextVAlign="Center" WordWrap="true" CellWidth="3.4" OrigWidth="20" OrigHeight="5" Text="自定义字段5" DecimalDigits="0" X="280" Width="20" Height="5" />
                <Cell TextVAlign="Center" WordWrap="true" CellWidth="3.4" OrigWidth="20" OrigHeight="5" Text="自定义字段6" DecimalDigits="0" X="300" Width="20" Height="5" />
                <Cell TextVAlign="Center" WordWrap="true" CellWidth="3.4" OrigWidth="20" OrigHeight="5" Text="自定义字段7" DecimalDigits="0" X="320" Width="20" Height="5" />
                <Cell TextVAlign="Center" WordWrap="true" CellWidth="3.4" OrigWidth="20" OrigHeight="5" Text="自定义字段8" DecimalDigits="0" X="340" Width="20" Height="5" />
                <Cell TextVAlign="Center" WordWrap="true" CellWidth="3.4" OrigWidth="20" OrigHeight="5" Text="自定义字段9" DecimalDigits="0" X="360" Width="20" Height="5" />
                <Cell TextVAlign="Center" WordWrap="true" CellWidth="3.4" OrigWidth="20" OrigHeight="5" Text="自定义字段10" DecimalDigits="0" X="380" Width="20" Height="5" />
                <Cell TextVAlign="Center" WordWrap="true" CellWidth="3.4" OrigWidth="20" OrigHeight="5" Text="自定义字段11" DecimalDigits="0" X="400" Width="20" Height="5" />
                <Cell TextVAlign="Center" WordWrap="true" CellWidth="3.4" OrigWidth="20" OrigHeight="5" Text="自定义字段12" DecimalDigits="0" X="420" Width="20" Height="5" />
                <Cell TextVAlign="Center" WordWrap="true" CellWidth="3.4" OrigWidth="20" OrigHeight="5" Text="自定义字段13" DecimalDigits="0" X="440" Width="20" Height="5" />
                <Cell TextVAlign="Center" WordWrap="true" CellWidth="3.4" OrigWidth="20" OrigHeight="5" Text="自定义字段14" DecimalDigits="0" X="460" Width="20" Height="5" />
                <Cell TextVAlign="Center" WordWrap="true" CellWidth="3.4" OrigWidth="20" OrigHeight="5" Text="自定义字段15" DecimalDigits="0" X="480" Width="20" Height="5" />
                <Cell TextVAlign="Center" WordWrap="true" CellWidth="3.4" OrigWidth="20" OrigHeight="5" Text="自定义字段16" DecimalDigits="0" X="500" Width="20" Height="5" />
                <Cell TextVAlign="Center" WordWrap="true" CellWidth="3.4" OrigWidth="20" OrigHeight="5" Text="单位" DecimalDigits="0" X="520" Width="20" Height="5" />
                <Cell TextVAlign="Center" WordWrap="true" CellWidth="3.4" OrigWidth="20" OrigHeight="5" Text="数量" DecimalDigits="0" X="540" Width="20" Height="5" />
                <Cell TextVAlign="Center" WordWrap="true" CellWidth="3.4" OrigWidth="20" OrigHeight="5" Text="单价" DecimalDigits="0" X="560" Width="20" Height="5" />
                <Cell TextVAlign="Center" WordWrap="true" CellWidth="3.4" OrigWidth="20" OrigHeight="5" Text="金额" DecimalDigits="0" X="580" Width="20" Height="5" />
                <Cell TextVAlign="Center" WordWrap="true" CellWidth="3.4" OrigWidth="20" OrigHeight="5" Text="折扣" DecimalDigits="0" X="600" Width="20" Height="5" />
                <Cell TextVAlign="Center" WordWrap="true" CellWidth="3.4" OrigWidth="20" OrigHeight="5" Text="折后单价" DecimalDigits="0" X="620" Width="20" Height="5" />
                <Cell TextVAlign="Center" WordWrap="true" CellWidth="3.4" OrigWidth="20" OrigHeight="5" Text="折后金额" DecimalDigits="0" X="640" Width="20" Height="5" />
                <Cell TextVAlign="Center" WordWrap="true" CellWidth="3.4" OrigWidth="20" OrigHeight="5" Text="进项税额" DecimalDigits="0" X="660" Width="20" Height="5" />
                <Cell TextVAlign="Center" WordWrap="true" CellWidth="3.4" OrigWidth="20" OrigHeight="5" Text="含税单价" DecimalDigits="0" X="680" Width="20" Height="5" />
                <Cell TextVAlign="Center" WordWrap="true" CellWidth="3.4" OrigWidth="20" OrigHeight="5" Text="价税合计" DecimalDigits="0" X="700" Width="20" Height="5" />
                <Cell TextVAlign="Center" WordWrap="true" CellWidth="3.4" OrigWidth="20" OrigHeight="5" Text="批号" DecimalDigits="0" X="720" Width="20" Height="5" />
                <Cell TextVAlign="Center" WordWrap="true" CellWidth="3.4" OrigWidth="20" OrigHeight="5" Text="到期日期" DecimalDigits="0" X="740" Width="20" Height="5" />
                <Cell TextVAlign="Center" WordWrap="true" CellWidth="3.4" OrigWidth="20" OrigHeight="5" Text="辅1数量" DecimalDigits="0" X="760" Width="20" Height="5" />
                <Cell TextVAlign="Center" WordWrap="true" CellWidth="3.4" OrigWidth="20" OrigHeight="5" Text="辅2数量" DecimalDigits="0" X="780" Width="20" Height="5" />
                <Cell TextVAlign="Center" WordWrap="true" CellWidth="3.4" OrigWidth="20" OrigHeight="5" Text="辅助数量" DecimalDigits="0" X="800" Width="20" Height="5" />
                <Cell TextVAlign="Center" WordWrap="true" CellWidth="3.4" OrigWidth="20" OrigHeight="5" Text="辅1折后单价" DecimalDigits="0" X="820" Width="20" Height="5" />
                <Cell TextVAlign="Center" WordWrap="true" CellWidth="3.4" OrigWidth="20" OrigHeight="5" Text="辅2折后单价" DecimalDigits="0" X="840" Width="20" Height="5" />
                <Cell TextVAlign="Center" WordWrap="true" CellWidth="3.4" OrigWidth="20" OrigHeight="5" Text="税率" DecimalDigits="0" X="860" Width="20" Height="5" />
                <Cell TextVAlign="Center" WordWrap="true" CellWidth="3.4" OrigWidth="20" OrigHeight="5" Text="辅1含税单价" DecimalDigits="0" X="880" Width="20" Height="5" />
                <Cell TextVAlign="Center" WordWrap="true" CellWidth="3.4" OrigWidth="20" OrigHeight="5" Text="辅2含税单价" DecimalDigits="0" X="900" Width="20" Height="5" />
                <Cell TextVAlign="Center" WordWrap="true" CellWidth="3.4" OrigWidth="20" OrigHeight="5" Text="采购费用" DecimalDigits="0" X="920" Width="20" Height="5" />
                <Cell TextVAlign="Center" WordWrap="true" CellWidth="3.4" OrigWidth="20" OrigHeight="5" Text="单位成本" DecimalDigits="0" X="940" Width="20" Height="5" />
                <Cell TextVAlign="Center" WordWrap="true" CellWidth="3.4" OrigWidth="20" OrigHeight="5" Text="成本合计" DecimalDigits="0" X="960" Width="20" Height="5" />
                <Cell TextVAlign="Center" WordWrap="true" CellWidth="3.4" OrigWidth="20" OrigHeight="5" Text="副单位数量" DecimalDigits="0" X="980" Width="20" Height="5" />
                <Cell TextVAlign="Center" WordWrap="true" CellWidth="3.4" OrigWidth="20" OrigHeight="5" Text="行摘要" DecimalDigits="0" X="1000" Width="20" Height="5" />
                <Cell TextVAlign="Center" WordWrap="true" CellWidth="3.4" OrigWidth="20" OrigHeight="5" Text="对方编码" DecimalDigits="0" X="1020" Width="20" Height="5" />
                <Cell TextVAlign="Center" WordWrap="true" CellWidth="3.4" OrigWidth="20" OrigHeight="5" Text="赠品" DecimalDigits="0" X="1040" Width="20" Height="5" />
                <Cell TextVAlign="Center" WordWrap="true" CellWidth="3.4" OrigWidth="20" OrigHeight="5" Text="自由项01" DecimalDigits="0" X="1060" Width="20" Height="5" />
                <Cell TextVAlign="Center" WordWrap="true" CellWidth="3.4" OrigWidth="20" OrigHeight="5" Text="自由项02" DecimalDigits="0" X="1080" Width="20" Height="5" />
                <Cell TextVAlign="Center" WordWrap="true" CellWidth="3.4" OrigWidth="20" OrigHeight="5" Text="自由项03" DecimalDigits="0" X="1100" Width="20" Height="5" />
                <Cell TextVAlign="Center" WordWrap="true" CellWidth="3.4" OrigWidth="20" OrigHeight="5" Text="自由项04" DecimalDigits="0" X="1120" Width="20" Height="5" />
                <Cell TextVAlign="Center" WordWrap="true" CellWidth="3.4" OrigWidth="20" OrigHeight="5" Text="自由项05" DecimalDigits="0" X="1140" Width="20" Height="5" />
                <Cell TextVAlign="Center" WordWrap="true" CellWidth="3.4" OrigWidth="20" OrigHeight="5" Text="自由项06" DecimalDigits="0" X="1160" Width="20" Height="5" />
                <Cell TextVAlign="Center" WordWrap="true" CellWidth="3.4" OrigWidth="20" OrigHeight="5" Text="自由项07" DecimalDigits="0" X="1180" Width="20" Height="5" />
                <Cell TextVAlign="Center" WordWrap="true" CellWidth="3.4" OrigWidth="20" OrigHeight="5" Text="自由项08" DecimalDigits="0" X="1200" Width="20" Height="5" />
                <Cell TextVAlign="Center" WordWrap="true" CellWidth="3.4" OrigWidth="20" OrigHeight="5" Text="自由项09" DecimalDigits="0" X="1220" Width="20" Height="5" />
                <Cell TextVAlign="Center" WordWrap="true" CellWidth="3.4" OrigWidth="20" OrigHeight="5" Text="自由项10" DecimalDigits="0" X="1240" Width="20" Height="5" />
                <Cell TextVAlign="Center" WordWrap="true" CellWidth="3.4" OrigWidth="20" OrigHeight="5" Text="日期自由项1" DecimalDigits="0" X="1260" Width="20" Height="5" />
                <Cell TextVAlign="Center" WordWrap="true" CellWidth="3.4" OrigWidth="20" OrigHeight="5" Text="日期自由项2" DecimalDigits="0" X="1280" Width="20" Height="5" />
                <Cell TextVAlign="Center" WordWrap="true" CellWidth="3.4" OrigWidth="20" OrigHeight="5" Text="日期自由项3" DecimalDigits="0" X="1300" Width="20" Height="5" />
                <Cell TextVAlign="Center" WordWrap="true" CellWidth="3.4" OrigWidth="20" OrigHeight="5" Text="数值自由项1" DecimalDigits="0" X="1320" Width="20" Height="5" />
                <Cell TextVAlign="Center" WordWrap="true" CellWidth="3.4" OrigWidth="20" OrigHeight="5" Text="数值自由项2" DecimalDigits="0" X="1340" Width="20" Height="5" />
                <Cell TextVAlign="Center" WordWrap="true" CellWidth="3.4" OrigWidth="20" OrigHeight="5" Text="数值自由项3" DecimalDigits="0" X="1360" Width="20" Height="5" />
              </Cells>
            </Row>
            <Row Height="5" TextVAlign="Center">
              <Cells>
                <Cell TextVAlign="Center" WordWrap="true" CellWidth="3.4" OrigWidth="20" OrigHeight="5" Text="行号" FieldKind="Detail" DecimalDigits="0" Width="20" Height="5" />
                <Cell TextVAlign="Center" WordWrap="true" CellWidth="3.4" OrigWidth="20" OrigHeight="5" Text="单据日期" FieldKind="Detail" DecimalDigits="0" X="20" Width="20" Height="5" />
                <Cell TextVAlign="Center" WordWrap="true" CellWidth="3.4" OrigWidth="20" OrigHeight="5" Text="单据类型" FieldKind="Detail" DecimalDigits="0" X="40" Width="20" Height="5" />
                <Cell TextVAlign="Center" WordWrap="true" CellWidth="3.4" OrigWidth="20" OrigHeight="5" Text="单据编号" FieldKind="Detail" DecimalDigits="0" X="60" Width="20" Height="5" />
                <Cell TextVAlign="Center" WordWrap="true" CellWidth="3.4" OrigWidth="20" OrigHeight="5" Text="存货编号" FieldKind="Detail" DecimalDigits="0" X="80" Width="20" Height="5" />
                <Cell TextVAlign="Center" WordWrap="true" CellWidth="3.4" OrigWidth="20" OrigHeight="5" Text="存货全名" FieldKind="Detail" DecimalDigits="0" X="100" Width="20" Height="5" />
                <Cell TextVAlign="Center" WordWrap="true" CellWidth="3.4" OrigWidth="20" OrigHeight="5" Text="单位全名" FieldKind="Detail" DecimalDigits="0" X="120" Width="20" Height="5" />
                <Cell TextVAlign="Center" WordWrap="true" CellWidth="3.4" OrigWidth="20" OrigHeight="5" Text="经办人全名" FieldKind="Detail" DecimalDigits="0" X="140" Width="20" Height="5" />
                <Cell TextVAlign="Center" WordWrap="true" CellWidth="3.4" OrigWidth="20" OrigHeight="5" Text="单据摘要" FieldKind="Detail" DecimalDigits="0" X="160" Width="20" Height="5" />
                <Cell TextVAlign="Center" WordWrap="true" CellWidth="3.4" OrigWidth="20" OrigHeight="5" Text="采购订单编号" FieldKind="Detail" DecimalDigits="0" X="180" Width="20" Height="5" />
                <Cell TextVAlign="Center" WordWrap="true" CellWidth="3.4" OrigWidth="20" OrigHeight="5" Text="自定义字段1" FieldKind="Detail" DecimalDigits="0" X="200" Width="20" Height="5" />
                <Cell TextVAlign="Center" WordWrap="true" CellWidth="3.4" OrigWidth="20" OrigHeight="5" Text="自定义字段2" FieldKind="Detail" DecimalDigits="0" X="220" Width="20" Height="5" />
                <Cell TextVAlign="Center" WordWrap="true" CellWidth="3.4" OrigWidth="20" OrigHeight="5" Text="自定义字段3" FieldKind="Detail" DecimalDigits="0" X="240" Width="20" Height="5" />
                <Cell TextVAlign="Center" WordWrap="true" CellWidth="3.4" OrigWidth="20" OrigHeight="5" Text="自定义字段4" FieldKind="Detail" DecimalDigits="0" X="260" Width="20" Height="5" />
                <Cell TextVAlign="Center" WordWrap="true" CellWidth="3.4" OrigWidth="20" OrigHeight="5" Text="自定义字段5" FieldKind="Detail" DecimalDigits="0" X="280" Width="20" Height="5" />
                <Cell TextVAlign="Center" WordWrap="true" CellWidth="3.4" OrigWidth="20" OrigHeight="5" Text="自定义字段6" FieldKind="Detail" DecimalDigits="0" X="300" Width="20" Height="5" />
                <Cell TextVAlign="Center" WordWrap="true" CellWidth="3.4" OrigWidth="20" OrigHeight="5" Text="自定义字段7" FieldKind="Detail" DecimalDigits="0" X="320" Width="20" Height="5" />
                <Cell TextVAlign="Center" WordWrap="true" CellWidth="3.4" OrigWidth="20" OrigHeight="5" Text="自定义字段8" FieldKind="Detail" DecimalDigits="0" X="340" Width="20" Height="5" />
                <Cell TextVAlign="Center" WordWrap="true" CellWidth="3.4" OrigWidth="20" OrigHeight="5" Text="自定义字段9" FieldKind="Detail" DecimalDigits="0" X="360" Width="20" Height="5" />
                <Cell TextVAlign="Center" WordWrap="true" CellWidth="3.4" OrigWidth="20" OrigHeight="5" Text="自定义字段10" FieldKind="Detail" DecimalDigits="0" X="380" Width="20" Height="5" />
                <Cell TextVAlign="Center" WordWrap="true" CellWidth="3.4" OrigWidth="20" OrigHeight="5" Text="自定义字段11" FieldKind="Detail" DecimalDigits="0" X="400" Width="20" Height="5" />
                <Cell TextVAlign="Center" WordWrap="true" CellWidth="3.4" OrigWidth="20" OrigHeight="5" Text="自定义字段12" FieldKind="Detail" DecimalDigits="0" X="420" Width="20" Height="5" />
                <Cell TextVAlign="Center" WordWrap="true" CellWidth="3.4" OrigWidth="20" OrigHeight="5" Text="自定义字段13" FieldKind="Detail" DecimalDigits="0" X="440" Width="20" Height="5" />
                <Cell TextVAlign="Center" WordWrap="true" CellWidth="3.4" OrigWidth="20" OrigHeight="5" Text="自定义字段14" FieldKind="Detail" DecimalDigits="0" X="460" Width="20" Height="5" />
                <Cell TextVAlign="Center" WordWrap="true" CellWidth="3.4" OrigWidth="20" OrigHeight="5" Text="自定义字段15" FieldKind="Detail" DecimalDigits="0" X="480" Width="20" Height="5" />
                <Cell TextVAlign="Center" WordWrap="true" CellWidth="3.4" OrigWidth="20" OrigHeight="5" Text="自定义字段16" FieldKind="Detail" DecimalDigits="0" X="500" Width="20" Height="5" />
                <Cell TextVAlign="Center" WordWrap="true" CellWidth="3.4" OrigWidth="20" OrigHeight="5" Text="单位" FieldKind="Detail" DecimalDigits="0" X="520" Width="20" Height="5" />
                <Cell TextVAlign="Center" WordWrap="true" CellWidth="3.4" OrigWidth="20" OrigHeight="5" Text="数量" FieldKind="Detail" DecimalDigits="0" X="540" Width="20" Height="5" />
                <Cell TextVAlign="Center" WordWrap="true" CellWidth="3.4" OrigWidth="20" OrigHeight="5" Text="单价" FieldKind="Detail" DecimalDigits="0" X="560" Width="20" Height="5" />
                <Cell TextVAlign="Center" WordWrap="true" CellWidth="3.4" OrigWidth="20" OrigHeight="5" Text="金额" FieldKind="Detail" DecimalDigits="0" X="580" Width="20" Height="5" />
                <Cell TextVAlign="Center" WordWrap="true" CellWidth="3.4" OrigWidth="20" OrigHeight="5" Text="折扣" FieldKind="Detail" DecimalDigits="0" X="600" Width="20" Height="5" />
                <Cell TextVAlign="Center" WordWrap="true" CellWidth="3.4" OrigWidth="20" OrigHeight="5" Text="折后单价" FieldKind="Detail" DecimalDigits="0" X="620" Width="20" Height="5" />
                <Cell TextVAlign="Center" WordWrap="true" CellWidth="3.4" OrigWidth="20" OrigHeight="5" Text="折后金额" FieldKind="Detail" DecimalDigits="0" X="640" Width="20" Height="5" />
                <Cell TextVAlign="Center" WordWrap="true" CellWidth="3.4" OrigWidth="20" OrigHeight="5" Text="进项税额" FieldKind="Detail" DecimalDigits="0" X="660" Width="20" Height="5" />
                <Cell TextVAlign="Center" WordWrap="true" CellWidth="3.4" OrigWidth="20" OrigHeight="5" Text="含税单价" FieldKind="Detail" DecimalDigits="0" X="680" Width="20" Height="5" />
                <Cell TextVAlign="Center" WordWrap="true" CellWidth="3.4" OrigWidth="20" OrigHeight="5" Text="价税合计" FieldKind="Detail" DecimalDigits="0" X="700" Width="20" Height="5" />
                <Cell TextVAlign="Center" WordWrap="true" CellWidth="3.4" OrigWidth="20" OrigHeight="5" Text="批号" FieldKind="Detail" DecimalDigits="0" X="720" Width="20" Height="5" />
                <Cell TextVAlign="Center" WordWrap="true" CellWidth="3.4" OrigWidth="20" OrigHeight="5" Text="到期日期" FieldKind="Detail" DecimalDigits="0" X="740" Width="20" Height="5" />
                <Cell TextVAlign="Center" WordWrap="true" CellWidth="3.4" OrigWidth="20" OrigHeight="5" Text="辅1数量" FieldKind="Detail" DecimalDigits="0" X="760" Width="20" Height="5" />
                <Cell TextVAlign="Center" WordWrap="true" CellWidth="3.4" OrigWidth="20" OrigHeight="5" Text="辅2数量" FieldKind="Detail" DecimalDigits="0" X="780" Width="20" Height="5" />
                <Cell TextVAlign="Center" WordWrap="true" CellWidth="3.4" OrigWidth="20" OrigHeight="5" Text="辅助数量" FieldKind="Detail" DecimalDigits="0" X="800" Width="20" Height="5" />
                <Cell TextVAlign="Center" WordWrap="true" CellWidth="3.4" OrigWidth="20" OrigHeight="5" Text="辅1折后单价" FieldKind="Detail" DecimalDigits="0" X="820" Width="20" Height="5" />
                <Cell TextVAlign="Center" WordWrap="true" CellWidth="3.4" OrigWidth="20" OrigHeight="5" Text="辅2折后单价" FieldKind="Detail" DecimalDigits="0" X="840" Width="20" Height="5" />
                <Cell TextVAlign="Center" WordWrap="true" CellWidth="3.4" OrigWidth="20" OrigHeight="5" Text="税率" FieldKind="Detail" DecimalDigits="0" X="860" Width="20" Height="5" />
                <Cell TextVAlign="Center" WordWrap="true" CellWidth="3.4" OrigWidth="20" OrigHeight="5" Text="辅1含税单价" FieldKind="Detail" DecimalDigits="0" X="880" Width="20" Height="5" />
                <Cell TextVAlign="Center" WordWrap="true" CellWidth="3.4" OrigWidth="20" OrigHeight="5" Text="辅2含税单价" FieldKind="Detail" DecimalDigits="0" X="900" Width="20" Height="5" />
                <Cell TextVAlign="Center" WordWrap="true" CellWidth="3.4" OrigWidth="20" OrigHeight="5" Text="采购费用" FieldKind="Detail" DecimalDigits="0" X="920" Width="20" Height="5" />
                <Cell TextVAlign="Center" WordWrap="true" CellWidth="3.4" OrigWidth="20" OrigHeight="5" Text="单位成本" FieldKind="Detail" DecimalDigits="0" X="940" Width="20" Height="5" />
                <Cell TextVAlign="Center" WordWrap="true" CellWidth="3.4" OrigWidth="20" OrigHeight="5" Text="成本合计" FieldKind="Detail" DecimalDigits="0" X="960" Width="20" Height="5" />
                <Cell TextVAlign="Center" WordWrap="true" CellWidth="3.4" OrigWidth="20" OrigHeight="5" Text="副单位数量" FieldKind="Detail" DecimalDigits="0" X="980" Width="20" Height="5" />
                <Cell TextVAlign="Center" WordWrap="true" CellWidth="3.4" OrigWidth="20" OrigHeight="5" Text="行摘要" FieldKind="Detail" DecimalDigits="0" X="1000" Width="20" Height="5" />
                <Cell TextVAlign="Center" WordWrap="true" CellWidth="3.4" OrigWidth="20" OrigHeight="5" Text="对方编码" FieldKind="Detail" DecimalDigits="0" X="1020" Width="20" Height="5" />
                <Cell TextVAlign="Center" WordWrap="true" CellWidth="3.4" OrigWidth="20" OrigHeight="5" Text="赠品" FieldKind="Detail" DecimalDigits="0" X="1040" Width="20" Height="5" />
                <Cell TextVAlign="Center" WordWrap="true" CellWidth="3.4" OrigWidth="20" OrigHeight="5" Text="自由项01" FieldKind="Detail" DecimalDigits="0" X="1060" Width="20" Height="5" />
                <Cell TextVAlign="Center" WordWrap="true" CellWidth="3.4" OrigWidth="20" OrigHeight="5" Text="自由项02" FieldKind="Detail" DecimalDigits="0" X="1080" Width="20" Height="5" />
                <Cell TextVAlign="Center" WordWrap="true" CellWidth="3.4" OrigWidth="20" OrigHeight="5" Text="自由项03" FieldKind="Detail" DecimalDigits="0" X="1100" Width="20" Height="5" />
                <Cell TextVAlign="Center" WordWrap="true" CellWidth="3.4" OrigWidth="20" OrigHeight="5" Text="自由项04" FieldKind="Detail" DecimalDigits="0" X="1120" Width="20" Height="5" />
                <Cell TextVAlign="Center" WordWrap="true" CellWidth="3.4" OrigWidth="20" OrigHeight="5" Text="自由项05" FieldKind="Detail" DecimalDigits="0" X="1140" Width="20" Height="5" />
                <Cell TextVAlign="Center" WordWrap="true" CellWidth="3.4" OrigWidth="20" OrigHeight="5" Text="自由项06" FieldKind="Detail" DecimalDigits="0" X="1160" Width="20" Height="5" />
                <Cell TextVAlign="Center" WordWrap="true" CellWidth="3.4" OrigWidth="20" OrigHeight="5" Text="自由项07" FieldKind="Detail" DecimalDigits="0" X="1180" Width="20" Height="5" />
                <Cell TextVAlign="Center" WordWrap="true" CellWidth="3.4" OrigWidth="20" OrigHeight="5" Text="自由项08" FieldKind="Detail" DecimalDigits="0" X="1200" Width="20" Height="5" />
                <Cell TextVAlign="Center" WordWrap="true" CellWidth="3.4" OrigWidth="20" OrigHeight="5" Text="自由项09" FieldKind="Detail" DecimalDigits="0" X="1220" Width="20" Height="5" />
                <Cell TextVAlign="Center" WordWrap="true" CellWidth="3.4" OrigWidth="20" OrigHeight="5" Text="自由项10" FieldKind="Detail" DecimalDigits="0" X="1240" Width="20" Height="5" />
                <Cell TextVAlign="Center" WordWrap="true" CellWidth="3.4" OrigWidth="20" OrigHeight="5" Text="日期自由项1" FieldKind="Detail" DecimalDigits="0" X="1260" Width="20" Height="5" />
                <Cell TextVAlign="Center" WordWrap="true" CellWidth="3.4" OrigWidth="20" OrigHeight="5" Text="日期自由项2" FieldKind="Detail" DecimalDigits="0" X="1280" Width="20" Height="5" />
                <Cell TextVAlign="Center" WordWrap="true" CellWidth="3.4" OrigWidth="20" OrigHeight="5" Text="日期自由项3" FieldKind="Detail" DecimalDigits="0" X="1300" Width="20" Height="5" />
                <Cell TextVAlign="Center" WordWrap="true" CellWidth="3.4" OrigWidth="20" OrigHeight="5" Text="数值自由项1" FieldKind="Detail" DecimalDigits="0" X="1320" Width="20" Height="5" />
                <Cell TextVAlign="Center" WordWrap="true" CellWidth="3.4" OrigWidth="20" OrigHeight="5" Text="数值自由项2" FieldKind="Detail" DecimalDigits="0" X="1340" Width="20" Height="5" />
                <Cell TextVAlign="Center" WordWrap="true" CellWidth="3.4" OrigWidth="20" OrigHeight="5" Text="数值自由项3" FieldKind="Detail" DecimalDigits="0" X="1360" Width="20" Height="5" />
              </Cells>
            </Row>
            <Row Height="5" TextVAlign="Center">
              <Cells>
                <Cell TextVAlign="Center" WordWrap="true" CellWidth="3.4" OrigWidth="20" OrigHeight="5" Text="合计" DecimalDigits="0" Width="20" Height="5" />
                <Cell TextVAlign="Center" WordWrap="true" CellWidth="3.4" OrigWidth="20" OrigHeight="5" Text="" DecimalDigits="0" X="20" Width="20" Height="5" />
                <Cell TextVAlign="Center" WordWrap="true" CellWidth="3.4" OrigWidth="20" OrigHeight="5" Text="" DecimalDigits="0" X="40" Width="20" Height="5" />
                <Cell TextVAlign="Center" WordWrap="true" CellWidth="3.4" OrigWidth="20" OrigHeight="5" Text="" DecimalDigits="0" X="60" Width="20" Height="5" />
                <Cell TextVAlign="Center" WordWrap="true" CellWidth="3.4" OrigWidth="20" OrigHeight="5" Text="" DecimalDigits="0" X="80" Width="20" Height="5" />
                <Cell TextVAlign="Center" WordWrap="true" CellWidth="3.4" OrigWidth="20" OrigHeight="5" Text="" DecimalDigits="0" X="100" Width="20" Height="5" />
                <Cell TextVAlign="Center" WordWrap="true" CellWidth="3.4" OrigWidth="20" OrigHeight="5" Text="" DecimalDigits="0" X="120" Width="20" Height="5" />
                <Cell TextVAlign="Center" WordWrap="true" CellWidth="3.4" OrigWidth="20" OrigHeight="5" Text="" DecimalDigits="0" X="140" Width="20" Height="5" />
                <Cell TextVAlign="Center" WordWrap="true" CellWidth="3.4" OrigWidth="20" OrigHeight="5" Text="" DecimalDigits="0" X="160" Width="20" Height="5" />
                <Cell TextVAlign="Center" WordWrap="true" CellWidth="3.4" OrigWidth="20" OrigHeight="5" Text="" DecimalDigits="0" X="180" Width="20" Height="5" />
                <Cell TextVAlign="Center" WordWrap="true" CellWidth="3.4" OrigWidth="20" OrigHeight="5" Text="" DecimalDigits="0" X="200" Width="20" Height="5" />
                <Cell TextVAlign="Center" WordWrap="true" CellWidth="3.4" OrigWidth="20" OrigHeight="5" Text="" DecimalDigits="0" X="220" Width="20" Height="5" />
                <Cell TextVAlign="Center" WordWrap="true" CellWidth="3.4" OrigWidth="20" OrigHeight="5" Text="" DecimalDigits="0" X="240" Width="20" Height="5" />
                <Cell TextVAlign="Center" WordWrap="true" CellWidth="3.4" OrigWidth="20" OrigHeight="5" Text="" DecimalDigits="0" X="260" Width="20" Height="5" />
                <Cell TextVAlign="Center" WordWrap="true" CellWidth="3.4" OrigWidth="20" OrigHeight="5" Text="" DecimalDigits="0" X="280" Width="20" Height="5" />
                <Cell TextVAlign="Center" WordWrap="true" CellWidth="3.4" OrigWidth="20" OrigHeight="5" Text="" DecimalDigits="0" X="300" Width="20" Height="5" />
                <Cell TextVAlign="Center" WordWrap="true" CellWidth="3.4" OrigWidth="20" OrigHeight="5" Text="" DecimalDigits="0" X="320" Width="20" Height="5" />
                <Cell TextVAlign="Center" WordWrap="true" CellWidth="3.4" OrigWidth="20" OrigHeight="5" Text="" DecimalDigits="0" X="340" Width="20" Height="5" />
                <Cell TextVAlign="Center" WordWrap="true" CellWidth="3.4" OrigWidth="20" OrigHeight="5" Text="" DecimalDigits="0" X="360" Width="20" Height="5" />
                <Cell TextVAlign="Center" WordWrap="true" CellWidth="3.4" OrigWidth="20" OrigHeight="5" Text="" DecimalDigits="0" X="380" Width="20" Height="5" />
                <Cell TextVAlign="Center" WordWrap="true" CellWidth="3.4" OrigWidth="20" OrigHeight="5" Text="" DecimalDigits="0" X="400" Width="20" Height="5" />
                <Cell TextVAlign="Center" WordWrap="true" CellWidth="3.4" OrigWidth="20" OrigHeight="5" Text="" DecimalDigits="0" X="420" Width="20" Height="5" />
                <Cell TextVAlign="Center" WordWrap="true" CellWidth="3.4" OrigWidth="20" OrigHeight="5" Text="" DecimalDigits="0" X="440" Width="20" Height="5" />
                <Cell TextVAlign="Center" WordWrap="true" CellWidth="3.4" OrigWidth="20" OrigHeight="5" Text="" DecimalDigits="0" X="460" Width="20" Height="5" />
                <Cell TextVAlign="Center" WordWrap="true" CellWidth="3.4" OrigWidth="20" OrigHeight="5" Text="" DecimalDigits="0" X="480" Width="20" Height="5" />
                <Cell TextVAlign="Center" WordWrap="true" CellWidth="3.4" OrigWidth="20" OrigHeight="5" Text="" DecimalDigits="0" X="500" Width="20" Height="5" />
                <Cell TextVAlign="Center" WordWrap="true" CellWidth="3.4" OrigWidth="20" OrigHeight="5" Text="" DecimalDigits="0" X="520" Width="20" Height="5" />
                <Cell TextVAlign="Center" WordWrap="true" CellWidth="3.4" OrigWidth="20" OrigHeight="5" Text="" DecimalDigits="0" X="540" Width="20" Height="5" />
                <Cell TextVAlign="Center" WordWrap="true" CellWidth="3.4" OrigWidth="20" OrigHeight="5" Text="" DecimalDigits="0" X="560" Width="20" Height="5" />
                <Cell TextVAlign="Center" WordWrap="true" CellWidth="3.4" OrigWidth="20" OrigHeight="5" Text="" DecimalDigits="0" X="580" Width="20" Height="5" />
                <Cell TextVAlign="Center" WordWrap="true" CellWidth="3.4" OrigWidth="20" OrigHeight="5" Text="" DecimalDigits="0" X="600" Width="20" Height="5" />
                <Cell TextVAlign="Center" WordWrap="true" CellWidth="3.4" OrigWidth="20" OrigHeight="5" Text="" DecimalDigits="0" X="620" Width="20" Height="5" />
                <Cell TextVAlign="Center" WordWrap="true" CellWidth="3.4" OrigWidth="20" OrigHeight="5" Text="" DecimalDigits="0" X="640" Width="20" Height="5" />
                <Cell TextVAlign="Center" WordWrap="true" CellWidth="3.4" OrigWidth="20" OrigHeight="5" Text="" DecimalDigits="0" X="660" Width="20" Height="5" />
                <Cell TextVAlign="Center" WordWrap="true" CellWidth="3.4" OrigWidth="20" OrigHeight="5" Text="" DecimalDigits="0" X="680" Width="20" Height="5" />
                <Cell TextVAlign="Center" WordWrap="true" CellWidth="3.4" OrigWidth="20" OrigHeight="5" Text="" DecimalDigits="0" X="700" Width="20" Height="5" />
                <Cell TextVAlign="Center" WordWrap="true" CellWidth="3.4" OrigWidth="20" OrigHeight="5" Text="" DecimalDigits="0" X="720" Width="20" Height="5" />
                <Cell TextVAlign="Center" WordWrap="true" CellWidth="3.4" OrigWidth="20" OrigHeight="5" Text="" DecimalDigits="0" X="740" Width="20" Height="5" />
                <Cell TextVAlign="Center" WordWrap="true" CellWidth="3.4" OrigWidth="20" OrigHeight="5" Text="" DecimalDigits="0" X="760" Width="20" Height="5" />
                <Cell TextVAlign="Center" WordWrap="true" CellWidth="3.4" OrigWidth="20" OrigHeight="5" Text="" DecimalDigits="0" X="780" Width="20" Height="5" />
                <Cell TextVAlign="Center" WordWrap="true" CellWidth="3.4" OrigWidth="20" OrigHeight="5" Text="" DecimalDigits="0" X="800" Width="20" Height="5" />
                <Cell TextVAlign="Center" WordWrap="true" CellWidth="3.4" OrigWidth="20" OrigHeight="5" Text="" DecimalDigits="0" X="820" Width="20" Height="5" />
                <Cell TextVAlign="Center" WordWrap="true" CellWidth="3.4" OrigWidth="20" OrigHeight="5" Text="" DecimalDigits="0" X="840" Width="20" Height="5" />
                <Cell TextVAlign="Center" WordWrap="true" CellWidth="3.4" OrigWidth="20" OrigHeight="5" Text="" DecimalDigits="0" X="860" Width="20" Height="5" />
                <Cell TextVAlign="Center" WordWrap="true" CellWidth="3.4" OrigWidth="20" OrigHeight="5" Text="" DecimalDigits="0" X="880" Width="20" Height="5" />
                <Cell TextVAlign="Center" WordWrap="true" CellWidth="3.4" OrigWidth="20" OrigHeight="5" Text="" DecimalDigits="0" X="900" Width="20" Height="5" />
                <Cell TextVAlign="Center" WordWrap="true" CellWidth="3.4" OrigWidth="20" OrigHeight="5" Text="" DecimalDigits="0" X="920" Width="20" Height="5" />
                <Cell TextVAlign="Center" WordWrap="true" CellWidth="3.4" OrigWidth="20" OrigHeight="5" Text="" DecimalDigits="0" X="940" Width="20" Height="5" />
                <Cell TextVAlign="Center" WordWrap="true" CellWidth="3.4" OrigWidth="20" OrigHeight="5" Text="" DecimalDigits="0" X="960" Width="20" Height="5" />
                <Cell TextVAlign="Center" WordWrap="true" CellWidth="3.4" OrigWidth="20" OrigHeight="5" Text="" DecimalDigits="0" X="980" Width="20" Height="5" />
                <Cell TextVAlign="Center" WordWrap="true" CellWidth="3.4" OrigWidth="20" OrigHeight="5" Text="" DecimalDigits="0" X="1000" Width="20" Height="5" />
                <Cell TextVAlign="Center" WordWrap="true" CellWidth="3.4" OrigWidth="20" OrigHeight="5" Text="" DecimalDigits="0" X="1020" Width="20" Height="5" />
                <Cell TextVAlign="Center" WordWrap="true" CellWidth="3.4" OrigWidth="20" OrigHeight="5" Text="" DecimalDigits="0" X="1040" Width="20" Height="5" />
                <Cell TextVAlign="Center" WordWrap="true" CellWidth="3.4" OrigWidth="20" OrigHeight="5" Text="" DecimalDigits="0" X="1060" Width="20" Height="5" />
                <Cell TextVAlign="Center" WordWrap="true" CellWidth="3.4" OrigWidth="20" OrigHeight="5" Text="" DecimalDigits="0" X="1080" Width="20" Height="5" />
                <Cell TextVAlign="Center" WordWrap="true" CellWidth="3.4" OrigWidth="20" OrigHeight="5" Text="" DecimalDigits="0" X="1100" Width="20" Height="5" />
                <Cell TextVAlign="Center" WordWrap="true" CellWidth="3.4" OrigWidth="20" OrigHeight="5" Text="" DecimalDigits="0" X="1120" Width="20" Height="5" />
                <Cell TextVAlign="Center" WordWrap="true" CellWidth="3.4" OrigWidth="20" OrigHeight="5" Text="" DecimalDigits="0" X="1140" Width="20" Height="5" />
                <Cell TextVAlign="Center" WordWrap="true" CellWidth="3.4" OrigWidth="20" OrigHeight="5" Text="" DecimalDigits="0" X="1160" Width="20" Height="5" />
                <Cell TextVAlign="Center" WordWrap="true" CellWidth="3.4" OrigWidth="20" OrigHeight="5" Text="" DecimalDigits="0" X="1180" Width="20" Height="5" />
                <Cell TextVAlign="Center" WordWrap="true" CellWidth="3.4" OrigWidth="20" OrigHeight="5" Text="" DecimalDigits="0" X="1200" Width="20" Height="5" />
                <Cell TextVAlign="Center" WordWrap="true" CellWidth="3.4" OrigWidth="20" OrigHeight="5" Text="" DecimalDigits="0" X="1220" Width="20" Height="5" />
                <Cell TextVAlign="Center" WordWrap="true" CellWidth="3.4" OrigWidth="20" OrigHeight="5" Text="" DecimalDigits="0" X="1240" Width="20" Height="5" />
                <Cell TextVAlign="Center" WordWrap="true" CellWidth="3.4" OrigWidth="20" OrigHeight="5" Text="" DecimalDigits="0" X="1260" Width="20" Height="5" />
                <Cell TextVAlign="Center" WordWrap="true" CellWidth="3.4" OrigWidth="20" OrigHeight="5" Text="" DecimalDigits="0" X="1280" Width="20" Height="5" />
                <Cell TextVAlign="Center" WordWrap="true" CellWidth="3.4" OrigWidth="20" OrigHeight="5" Text="" DecimalDigits="0" X="1300" Width="20" Height="5" />
                <Cell TextVAlign="Center" WordWrap="true" CellWidth="3.4" OrigWidth="20" OrigHeight="5" Text="" DecimalDigits="0" X="1320" Width="20" Height="5" />
                <Cell TextVAlign="Center" WordWrap="true" CellWidth="3.4" OrigWidth="20" OrigHeight="5" Text="" DecimalDigits="0" X="1340" Width="20" Height="5" />
                <Cell TextVAlign="Center" WordWrap="true" CellWidth="3.4" OrigWidth="20" OrigHeight="5" Text="" DecimalDigits="0" X="1360" Width="20" Height="5" />
              </Cells>
            </Row>
          </Rows>
        </TableElement>
      </Elements>
      <Bands>
        <Band IsVisible="false" TextVAlign="Center" />
        <Band BandKind="PageHeader" Height="20" TextVAlign="Center" />
        <Band BandKind="ReportHeader" Y="20" Height="20" TextVAlign="Center" />
        <Band IsVisible="false" BandKind="PageBodyHeader" TextVAlign="Center" />
        <Band BandKind="PageDetail" Y="40" Height="237" TextVAlign="Center" />
        <Band IsVisible="false" BandKind="PageBodyFooter" TextVAlign="Center" />
        <Band IsVisible="false" BandKind="ReportFooter" Height="20" TextVAlign="Center" />
        <Band BandKind="PageFooter" Y="277" Height="20" TextVAlign="Center" />
      </Bands>
    </Page>
  </Pages>
  <PageSettings MarginLeft="10" MarginTop="20" MarginBottom="20" PageWidth="210" PageHeight="297" MaxRowCount="0" />
  <ExpressionFields />
</Report>