<Report MaxRowCount="0">
  <Pages>
    <Page Width="210" Height="297" TextVAlign="Center">
      <OrderFields />
      <Elements>
        <TextElement Text="表名" FieldKind="Master" LeftLineVisible="false" TopLineVisible="false" RightLineVisible="false" BottomLineVisible="false" BandKind="ReportHeader" X="9.32917054494222" Y="25.1083329677582" Width="190.649990844727" Height="10.000000278155" FontSize="20" BoldFont="true" TextHAlign="Center" TextVAlign="Center" />
        <TableElement X="10" Y="40" Width="190" Height="235.611458333333" TextVAlign="Center">
          <Rows>
            <Row X="10" Y="40" Width="190" Height="5" TextVAlign="Center">
              <Cells>
                <Cell CellWidth="3.4" OrigWidth="32.6169723510742" OrigHeight="5" Text="编码" X="10" Y="40" Width="32.6169723510742" Height="5" TextHAlign="Center" TextVAlign="Center" WordWrap="true" />
                <Cell TextHAlign="Center" TextVAlign="Center" WordWrap="true" CellWidth="3.4" OrigWidth="79.464569791158" OrigHeight="5" Text="名称" X="42.6169723510742" Y="40" Width="79.464569791158" Height="5" />
                <Cell TextHAlign="Center" TextVAlign="Center" WordWrap="true" CellWidth="3.4" OrigWidth="30.7812311887775" OrigHeight="5" Text="方向" X="122.081542142232" Y="40" Width="30.7812311887775" Height="5" />
                <Cell TextHAlign="Center" TextVAlign="Center" WordWrap="true" CellWidth="3.4" OrigWidth="47.13722666899" OrigHeight="5" Text="金额" X="152.86277333101" Y="40" Width="47.13722666899" Height="5" />
              </Cells>
            </Row>
            <Row X="10" Y="45" Width="190" Height="5" TextVAlign="Center">
              <Cells>
                <Cell TextVAlign="Center" WordWrap="true" CellWidth="3.4" OrigWidth="32.6169723510742" OrigHeight="5" Text="编码" FieldKind="Detail" X="10" Y="45" Width="32.6169723510742" Height="5" />
                <Cell TextVAlign="Center" WordWrap="true" CellWidth="3.4" OrigWidth="79.464569791158" OrigHeight="5" Text="名称" FieldKind="Detail" X="42.6169723510742" Y="45" Width="79.464569791158" Height="5" />
                <Cell TextVAlign="Center" WordWrap="true" CellWidth="3.4" OrigWidth="30.7812311887775" OrigHeight="5" Text="方向" FieldKind="Detail" X="122.081542142232" Y="45" Width="30.7812311887775" Height="5" />
                <Cell TextVAlign="Center" WordWrap="true" CellWidth="3.4" OrigWidth="47.13722666899" OrigHeight="5" Text="金额" FieldKind="Detail" X="152.86277333101" Y="45" Width="47.13722666899" Height="5" />
              </Cells>
            </Row>
            <Row X="10" Y="50" Width="190" Height="5" TextVAlign="Center">
              <Cells>
                <Cell TextVAlign="Center" WordWrap="true" CellWidth="3.4" OrigWidth="26.4581666273069" OrigHeight="5" Text="" LeftLineVisible="false" RightLineVisible="false" BottomLineVisible="false" X="10" Y="50" Width="26.4581666273069" Height="5" />
                <Cell TextVAlign="Center" WordWrap="true" CellWidth="3.4" OrigWidth="35.8508484524713" OrigHeight="5" Text="" LeftLineVisible="false" RightLineVisible="false" BottomLineVisible="false" X="36.4581666273069" Y="50" Width="35.8508484524713" Height="5" />
                <Cell TextVAlign="Center" WordWrap="true" CellWidth="3.4" OrigWidth="35.5188961519855" OrigHeight="5" Text="" LeftLineVisible="false" RightLineVisible="false" BottomLineVisible="false" X="72.3090150797782" Y="50" Width="35.5188961519855" Height="5" />
                <Cell TextVAlign="Center" WordWrap="true" CellWidth="3.4" OrigWidth="19.253233428179" OrigHeight="5" Text="" LeftLineVisible="false" RightLineVisible="false" BottomLineVisible="false" X="107.827911231764" Y="50" Width="19.253233428179" Height="5" />
                <Cell TextVAlign="Center" WordWrap="true" CellWidth="3.4" OrigWidth="25.7816286710671" OrigHeight="5" Text="" LeftLineVisible="false" RightLineVisible="false" BottomLineVisible="false" X="127.081144659943" Y="50" Width="25.7816286710671" Height="5" />
                <Cell TextHAlign="Right" TextVAlign="Center" WordWrap="true" CellWidth="3.4" OrigWidth="25.9351793209678" OrigHeight="5" Text="打印时间：" LeftLineVisible="false" RightLineVisible="false" BottomLineVisible="false" X="152.86277333101" Y="50" Width="25.9351793209678" Height="5" />
                <Cell TextHAlign="Right" TextVAlign="Center" WordWrap="true" CellWidth="3.4" OrigWidth="21.2020473480224" OrigHeight="5" Text="日期" FieldKind="System" LeftLineVisible="false" RightLineVisible="false" BottomLineVisible="false" X="178.797952651978" Y="50" Width="21.2020473480224" Height="5" />
              </Cells>
            </Row>
            <Row X="10" Y="55" Width="190" Height="5" TextVAlign="Center">
              <Cells>
                <Cell TextColor="black" TextVAlign="Center" WordWrap="true" CellWidth="3.4" OrigWidth="26.4581666273069" OrigHeight="5" Text="" LeftLineVisible="false" TopLineVisible="false" RightLineVisible="false" BottomLineVisible="false" X="10" Y="55" Width="26.4581666273069" Height="5" />
                <Cell TextColor="black" TextVAlign="Center" WordWrap="true" CellWidth="3.4" OrigWidth="35.8508484524713" OrigHeight="5" Text="" LeftLineVisible="false" TopLineVisible="false" RightLineVisible="false" BottomLineVisible="false" X="36.4581666273069" Y="55" Width="35.8508484524713" Height="5" />
                <Cell TextColor="black" TextVAlign="Center" WordWrap="true" CellWidth="3.4" OrigWidth="35.5188961519855" OrigHeight="5" Text="" LeftLineVisible="false" TopLineVisible="false" RightLineVisible="false" BottomLineVisible="false" X="72.3090150797782" Y="55" Width="35.5188961519855" Height="5" />
                <Cell TextColor="black" TextVAlign="Center" WordWrap="true" CellWidth="3.4" OrigWidth="19.253233428179" OrigHeight="5" Text="" LeftLineVisible="false" TopLineVisible="false" RightLineVisible="false" BottomLineVisible="false" X="107.827911231764" Y="55" Width="19.253233428179" Height="5" />
                <Cell TextColor="black" TextVAlign="Center" WordWrap="true" CellWidth="3.4" OrigWidth="25.7816286710671" OrigHeight="5" Text="" LeftLineVisible="false" TopLineVisible="false" RightLineVisible="false" BottomLineVisible="false" X="127.081144659943" Y="55" Width="25.7816286710671" Height="5" />
                <Cell TextColor="black" TextHAlign="Right" TextVAlign="Center" WordWrap="true" CellWidth="3.4" OrigWidth="47.1372266689902" OrigHeight="5" Text="[管家婆软件]" LeftLineVisible="false" TopLineVisible="false" RightLineVisible="false" BottomLineVisible="false" X="152.86277333101" Y="55" Width="47.1372266689902" Height="5" />
              </Cells>
            </Row>
            <Row X="10" Y="60" Width="2" Height="3.92395833333333" TextVAlign="Center">
              <Cells>
                <Cell TextVAlign="Center" WordWrap="true" CellWidth="3.4" OrigWidth="2" OrigHeight="3.92395833333333" Text=" " LeftLineVisible="false" TopLineVisible="false" RightLineVisible="false" BottomLineVisible="false" X="10" Y="60" Width="2" Height="3.92395833333333" />
              </Cells>
            </Row>
          </Rows>
        </TableElement>
        <TextElement Text="总页码" FieldKind="System" LeftLineVisible="false" TopLineVisible="false" RightLineVisible="false" BottomLineVisible="false" BandKind="PageHeader" X="157.372919972738" Y="15.2874995231628" Width="42.754165204366" Height="5.0000001390775" TextHAlign="Right" TextVAlign="Center" />
      </Elements>
      <Bands>
        <Band IsVisible="false" TextVAlign="Center" />
        <Band BandKind="PageHeader" Height="20" TextVAlign="Center" />
        <Band BandKind="ReportHeader" Y="19.84375" Height="19.84375" TextVAlign="Center" />
        <Band IsVisible="false" BandKind="PageBodyHeader" TextVAlign="Center" />
        <Band BandKind="PageDetail" Y="39.6875" Height="237.15625" TextVAlign="Center" />
        <Band IsVisible="false" BandKind="PageBodyFooter" TextVAlign="Center" />
        <Band IsVisible="false" BandKind="ReportFooter" TextVAlign="Center" />
        <Band BandKind="PageFooter" Y="276.754166666667" Height="20" TextVAlign="Center" />
      </Bands>
    </Page>
  </Pages>
  <PageSettings MarginLeft="10" MarginTop="20" MarginRight="10" MarginBottom="20" PageWidth="210" PageHeight="297" />
  <ExpressionFields />
</Report>