<Report MaxRowCount="0">
  <Pages>
    <Page Width="210" Height="297" TextVAlign="Center">
      <OrderFields />
      <Elements>
        <TextElement Text="表名" FieldKind="Master" LeftLineWidth="3" LeftLineColor="#FFFFFF" TopLineVisible="false" TopLineWidth="0" TopLineColor="#FFFFFF" RightLineVisible="false" RightLineWidth="0" RightLineColor="#FFFFFF" BottomLineVisible="false" BottomLineWidth="0" BottomLineColor="#FFFFFF" DecimalDigits="0" BandKind="PageHeader" X="14.8854205449422" Y="9.49791630109151" Width="181.637508010864" Height="10.000000278155" FontSize="20" BoldFont="true" TextHAlign="Center" TextVAlign="Top" />
        <TableElement X="10" Y="40" Width="179.952084477742" Height="236.687506993612" TextVAlign="Center">
          <Rows>
            <Row X="10" Y="40" Width="179.952084477742" Height="5" TextVAlign="Center">
              <Cells>
                <Cell CellWidth="3.4" OrigWidth="20" OrigHeight="5" Text="行号" DecimalDigits="0" X="10" Y="40" Width="20" Height="5" TextVAlign="Center" WordWrap="true" />
                <Cell CellWidth="3.4" OrigWidth="20" OrigHeight="5" Text="存货编号" DecimalDigits="0" X="30" Y="40" Width="20" Height="5" TextVAlign="Center" WordWrap="true" />
                <Cell CellWidth="3.4" OrigWidth="20" OrigHeight="5" Text="存货全名" DecimalDigits="0" X="50" Y="40" Width="20" Height="5" TextVAlign="Center" WordWrap="true" />
                <Cell CellWidth="3.4" OrigWidth="27.1437474568685" OrigHeight="5" Text="存货条码" DecimalDigits="0" X="70" Y="40" Width="27.1437474568685" Height="5" TextVAlign="Center" WordWrap="true" />
                <Cell CellWidth="3.4" OrigWidth="17.354165204366" OrigHeight="5" Text="计量单位" DecimalDigits="0" X="97.1437474568685" Y="40" Width="17.354165204366" Height="5" TextVAlign="Center" WordWrap="true" />
                <Cell CellWidth="3.4" OrigWidth="21.8520980199178" OrigHeight="5" Text="参考零售价" DecimalDigits="0" X="114.497912661234" Y="40" Width="21.8520980199178" Height="5" TextVAlign="Center" WordWrap="true" />
                <Cell CellWidth="3.4" OrigWidth="20.2645737965902" OrigHeight="5" Text="最低售价" DecimalDigits="0" X="136.350010681152" Y="40" Width="20.2645737965902" Height="5" TextVAlign="Center" WordWrap="true" />
                <Cell CellWidth="3.4" OrigWidth="33.3375" OrigHeight="5" Text="协议价" DecimalDigits="0" X="156.614584477742" Y="40" Width="33.3375" Height="5" TextVAlign="Center" WordWrap="true" />
              </Cells>
            </Row>
            <Row X="10" Y="45" Width="179.952084477742" Height="5" TextVAlign="Center">
              <Cells>
                <Cell CellWidth="3.4" OrigWidth="20" OrigHeight="5" Text="行号" FieldKind="Detail" DecimalDigits="0" X="10" Y="45" Width="20" Height="5" TextVAlign="Center" WordWrap="true" />
                <Cell CellWidth="3.4" OrigWidth="20" OrigHeight="5" Text="存货编号" FieldKind="Detail" DecimalDigits="0" X="30" Y="45" Width="20" Height="5" TextVAlign="Center" WordWrap="true" />
                <Cell CellWidth="3.4" OrigWidth="20" OrigHeight="5" Text="存货全名" FieldKind="Detail" DecimalDigits="0" X="50" Y="45" Width="20" Height="5" TextVAlign="Center" WordWrap="true" />
                <Cell CellWidth="3.4" OrigWidth="27.1437474568685" OrigHeight="5" Text="存货条码" FieldKind="Detail" DecimalDigits="0" X="70" Y="45" Width="27.1437474568685" Height="5" TextVAlign="Center" WordWrap="true" />
                <Cell CellWidth="3.4" OrigWidth="17.354165204366" OrigHeight="5" Text="计量单位" FieldKind="Detail" DecimalDigits="0" X="97.1437474568685" Y="45" Width="17.354165204366" Height="5" TextVAlign="Center" WordWrap="true" />
                <Cell CellWidth="3.4" OrigWidth="21.8520980199178" OrigHeight="5" Text="参考零售价" FieldKind="Detail" DecimalDigits="0" X="114.497912661234" Y="45" Width="21.8520980199178" Height="5" TextVAlign="Center" WordWrap="true" />
                <Cell CellWidth="3.4" OrigWidth="20.2645737965902" OrigHeight="5" Text="最低售价" FieldKind="Detail" DecimalDigits="0" X="136.350010681152" Y="45" Width="20.2645737965902" Height="5" TextVAlign="Center" WordWrap="true" />
                <Cell CellWidth="3.4" OrigWidth="33.3375" OrigHeight="5" Text="协议价" FieldKind="Detail" DecimalDigits="0" X="156.614584477742" Y="45" Width="33.3375" Height="5" TextVAlign="Center" WordWrap="true" />
              </Cells>
            </Row>
          </Rows>
        </TableElement>
      </Elements>
      <Bands>
        <Band IsVisible="false" TextVAlign="Center" />
        <Band BandKind="PageHeader" Height="20" TextVAlign="Center" />
        <Band BandKind="ReportHeader" Y="19.84375" Height="20" TextVAlign="Center" />
        <Band IsVisible="false" BandKind="PageBodyHeader" TextVAlign="Center" />
        <Band BandKind="PageDetail" Y="39.9520833333333" Height="237" TextVAlign="Center" />
        <Band IsVisible="false" BandKind="PageBodyFooter" TextVAlign="Center" />
        <Band IsVisible="false" BandKind="ReportFooter" TextVAlign="Center" />
        <Band BandKind="PageFooter" Y="276.754166666667" Height="20" TextVAlign="Center" />
      </Bands>
    </Page>
  </Pages>
  <PageSettings MarginLeft="10" MarginTop="20" MarginRight="10" MarginBottom="20" PageWidth="210" PageHeight="297" MaxRowCount="0" />
  <ExpressionFields />
</Report>