<Report>
  <Pages>
    <Page Width="210" Height="297" TextVAlign="Center">
      <OrderFields />
      <Elements>
        <TextElement Text="表名" FieldKind="Master" LeftLineVisible="false" TopLineVisible="false" RightLineVisible="false" BottomLineVisible="false" BandKind="ReportHeader" X="9.85833721160889" Y="21.9333349863688" Width="189.856240844727" Height="10.000000278155" FontSize="20" BoldFont="true" TextHAlign="Center" TextVAlign="Center" />
        <TableElement X="10.4510416666667" Y="57.2177082379659" Width="189.441666666667" Height="208.397922388713" TextVAlign="Center">
          <Rows>
            <Row X="10.4510416666667" Y="57.2177082379659" Width="189.441666666667" Height="5" TextVAlign="Center">
              <Cells>
                <Cell OrigWidth="26.19375" OrigHeight="5" AccounttantLineVisble="true" Text="费用项目" X="10.4510416666667" Y="57.2177082379659" Width="26.19375" Height="5" BoldFont="true" TextHAlign="Center" TextVAlign="Center" WordWrap="true" />
                <Cell OrigWidth="28.0458333333333" OrigHeight="5" AccounttantLineVisble="true" Text="科目编号" X="36.6447916666667" Y="57.2177082379659" Width="28.0458333333333" Height="5" BoldFont="true" TextHAlign="Center" TextVAlign="Center" WordWrap="true" />
                <Cell OrigWidth="26.7229166666667" OrigHeight="5" AccounttantLineVisble="true" Text="会计科目" X="64.690625" Y="57.2177082379659" Width="26.7229166666667" Height="5" BoldFont="true" TextHAlign="Center" TextVAlign="Center" WordWrap="true" />
                <Cell OrigWidth="22.4895833333333" OrigHeight="5" AccounttantLineVisble="true" Text="部门编号" X="91.4135416666667" Y="57.2177082379659" Width="22.4895833333333" Height="5" BoldFont="true" TextHAlign="Center" TextVAlign="Center" WordWrap="true" />
                <Cell OrigWidth="19.5791666666667" OrigHeight="5" AccounttantLineVisble="true" Text="部门全名" X="113.903125" Y="57.2177082379659" Width="19.5791666666667" Height="5" BoldFont="true" TextHAlign="Center" TextVAlign="Center" WordWrap="true" />
                <Cell OrigWidth="20.1083333333333" OrigHeight="5" AccounttantLineVisble="true" Text="项目编号" X="133.482291666667" Y="57.2177082379659" Width="20.1083333333333" Height="5" BoldFont="true" TextHAlign="Center" TextVAlign="Center" WordWrap="true" />
                <Cell OrigWidth="21.9604166666667" OrigHeight="5" AccounttantLineVisble="true" Text="项目全名" X="153.590625" Y="57.2177082379659" Width="21.9604166666667" Height="5" BoldFont="true" TextHAlign="Center" TextVAlign="Center" WordWrap="true" />
                <Cell OrigWidth="24.3416666666667" OrigHeight="5" AccounttantLineVisble="true" Text="金额" X="175.551041666667" Y="57.2177082379659" Width="24.3416666666667" Height="5" BoldFont="true" TextHAlign="Center" TextVAlign="Center" WordWrap="true" />
              </Cells>
            </Row>
            <Row X="10.4510416666667" Y="62.2177082379659" Width="189.441666666667" Height="5" TextVAlign="Center">
              <Cells>
                <Cell OrigWidth="26.19375" OrigHeight="5" AccounttantLineVisble="true" Text="费用项目" FieldKind="Detail" X="10.4510416666667" Y="62.2177082379659" Width="26.19375" Height="5" TextHAlign="Center" TextVAlign="Center" WordWrap="true" />
                <Cell OrigWidth="28.0458333333333" OrigHeight="5" AccounttantLineVisble="true" Text="科目编码" FieldKind="Detail" X="36.6447916666667" Y="62.2177082379659" Width="28.0458333333333" Height="5" TextHAlign="Center" TextVAlign="Center" WordWrap="true" />
                <Cell OrigWidth="26.7229166666667" OrigHeight="5" AccounttantLineVisble="true" Text="会计科目" FieldKind="Detail" X="64.690625" Y="62.2177082379659" Width="26.7229166666667" Height="5" TextHAlign="Center" TextVAlign="Center" WordWrap="true" />
                <Cell OrigWidth="22.4895833333333" OrigHeight="5" AccounttantLineVisble="true" Text="部门编号" FieldKind="Detail" X="91.4135416666667" Y="62.2177082379659" Width="22.4895833333333" Height="5" TextHAlign="Center" TextVAlign="Center" WordWrap="true" />
                <Cell OrigWidth="19.5791666666667" OrigHeight="5" AccounttantLineVisble="true" Text="部门全名" FieldKind="Detail" X="113.903125" Y="62.2177082379659" Width="19.5791666666667" Height="5" TextHAlign="Center" TextVAlign="Center" WordWrap="true" />
                <Cell OrigWidth="20.1083333333333" OrigHeight="5" AccounttantLineVisble="true" Text="项目编号" FieldKind="Detail" X="133.482291666667" Y="62.2177082379659" Width="20.1083333333333" Height="5" TextHAlign="Center" TextVAlign="Center" WordWrap="true" />
                <Cell OrigWidth="21.9604166666667" OrigHeight="5" AccounttantLineVisble="true" Text="项目全名" FieldKind="Detail" X="153.590625" Y="62.2177082379659" Width="21.9604166666667" Height="5" TextHAlign="Center" TextVAlign="Center" WordWrap="true" />
                <Cell OrigWidth="24.3416666666667" OrigHeight="5" AccounttantLineVisble="true" Text="金额" FieldKind="Detail" TextFormat="RetainDotPosition" X="175.551041666667" Y="62.2177082379659" Width="24.3416666666667" Height="5" TextHAlign="Right" TextVAlign="Center" WordWrap="true" />
              </Cells>
            </Row>
            <Row X="10.4510416666667" Y="67.2177082379659" Width="189.441666666667" Height="5" TextVAlign="Center">
              <Cells>
                <Cell OrigWidth="26.19375" OrigHeight="5" AccounttantLineVisble="true" Text="合计" X="10.4510416666667" Y="67.2177082379659" Width="26.19375" Height="5" TextHAlign="Center" TextVAlign="Center" WordWrap="true" />
                <Cell OrigWidth="138.90625" OrigHeight="5" AccounttantLineVisble="true" Text="" X="36.6447916666667" Y="67.2177082379659" Width="138.90625" Height="5" TextVAlign="Center" WordWrap="true" />
                <Cell OrigWidth="24.3416666666667" OrigHeight="5" AccounttantLineVisble="true" Text="金额" FieldKind="ToCurPageSum" TextFormat="RetainDotPosition" X="175.551041666667" Y="67.2177082379659" Width="24.3416666666667" Height="5" TextHAlign="Right" TextVAlign="Center" WordWrap="true" />
              </Cells>
            </Row>
            <Row X="10.4510416666667" Y="72.2177082379659" Width="189.441666666667" Height="4.64374999999995" TextVAlign="Center">
              <Cells>
                <Cell OrigWidth="26.19375" OrigHeight="4.64374999999995" AccounttantLineVisble="true" Text="" LeftLineVisible="false" RightLineVisible="false" BottomLineVisible="false" X="10.4510416666667" Y="72.2177082379659" Width="26.19375" Height="4.64374999999995" TextColor="black" TextVAlign="Center" WordWrap="true" />
                <Cell OrigWidth="28.0458333333333" OrigHeight="4.64374999999995" AccounttantLineVisble="true" Text="" LeftLineVisible="false" RightLineVisible="false" BottomLineVisible="false" X="36.6447916666667" Y="72.2177082379659" Width="28.0458333333333" Height="4.64374999999995" TextColor="black" TextVAlign="Center" WordWrap="true" />
                <Cell OrigWidth="26.7229166666667" OrigHeight="4.64374999999995" AccounttantLineVisble="true" Text="" LeftLineVisible="false" RightLineVisible="false" BottomLineVisible="false" X="64.690625" Y="72.2177082379659" Width="26.7229166666667" Height="4.64374999999995" TextColor="black" TextVAlign="Center" WordWrap="true" />
                <Cell OrigWidth="42.06875" OrigHeight="4.64374999999995" AccounttantLineVisble="true" Text="" LeftLineVisible="false" RightLineVisible="false" BottomLineVisible="false" X="91.4135416666667" Y="72.2177082379659" Width="42.06875" Height="4.64374999999995" TextColor="black" TextVAlign="Center" WordWrap="true" />
                <Cell OrigWidth="42.06875" OrigHeight="4.64374999999995" AccounttantLineVisble="true" Text="打印时间：" LeftLineVisible="false" RightLineVisible="false" BottomLineVisible="false" X="133.482291666667" Y="72.2177082379659" Width="42.06875" Height="4.64374999999995" TextColor="black" TextHAlign="Right" TextVAlign="Center" WordWrap="true" />
                <Cell OrigWidth="24.3416666666667" OrigHeight="4.64374999999995" AccounttantLineVisble="true" Text="日期" FieldKind="System" LeftLineVisible="false" RightLineVisible="false" BottomLineVisible="false" X="175.551041666667" Y="72.2177082379659" Width="24.3416666666667" Height="4.64374999999995" TextColor="black" TextHAlign="Right" TextVAlign="Center" WordWrap="true" />
              </Cells>
            </Row>
            <Row X="10.4510416666667" Y="76.8614582379658" Width="189.441666666667" Height="5" TextVAlign="Center">
              <Cells>
                <Cell OrigWidth="26.19375" OrigHeight="5" AccounttantLineVisble="true" Text="" LeftLineVisible="false" TopLineVisible="false" RightLineVisible="false" BottomLineVisible="false" X="10.4510416666667" Y="76.8614582379658" Width="26.19375" Height="5" TextColor="black" TextVAlign="Center" WordWrap="true" />
                <Cell OrigWidth="28.0458333333333" OrigHeight="5" AccounttantLineVisble="true" Text="" LeftLineVisible="false" TopLineVisible="false" RightLineVisible="false" BottomLineVisible="false" X="36.6447916666667" Y="76.8614582379658" Width="28.0458333333333" Height="5" TextColor="black" TextVAlign="Center" WordWrap="true" />
                <Cell OrigWidth="26.7229166666667" OrigHeight="5" AccounttantLineVisble="true" Text="" LeftLineVisible="false" TopLineVisible="false" RightLineVisible="false" BottomLineVisible="false" X="64.690625" Y="76.8614582379658" Width="26.7229166666667" Height="5" TextColor="black" TextVAlign="Center" WordWrap="true" />
                <Cell OrigWidth="42.06875" OrigHeight="5" AccounttantLineVisble="true" Text="" LeftLineVisible="false" TopLineVisible="false" RightLineVisible="false" BottomLineVisible="false" X="91.4135416666667" Y="76.8614582379658" Width="42.06875" Height="5" TextColor="black" TextVAlign="Center" WordWrap="true" />
                <Cell OrigWidth="42.06875" OrigHeight="5" AccounttantLineVisble="true" Text="" LeftLineVisible="false" TopLineVisible="false" RightLineVisible="false" BottomLineVisible="false" X="133.482291666667" Y="76.8614582379658" Width="42.06875" Height="5" TextColor="black" TextVAlign="Center" WordWrap="true" />
                <Cell OrigWidth="24.3416666666667" OrigHeight="5" AccounttantLineVisble="true" Text="[管家婆软件]" LeftLineVisible="false" TopLineVisible="false" RightLineVisible="false" BottomLineVisible="false" X="175.551041666667" Y="76.8614582379658" Width="24.3416666666667" Height="5" TextColor="black" TextHAlign="Right" TextVAlign="Center" WordWrap="true" />
              </Cells>
            </Row>
          </Rows>
        </TableElement>
        <TextElement Text="总页码" FieldKind="System" LeftLineVisible="false" TopLineVisible="false" RightLineVisible="false" BottomLineVisible="false" BandKind="PageHeader" X="167.956253306071" Y="15.0000004172325" Width="32.4354172229767" Height="5.0000001390775" TextHAlign="Right" TextVAlign="Center" />
        <TextElement Text="报 销 人" FieldKind="Master" LeftLineVisible="false" TopLineVisible="false" RightLineVisible="false" BottomLineVisible="false" BandKind="ReportHeader" X="30.108332602183" Y="35.3958328564962" Width="20" Height="5" TextVAlign="Center" />
        <TextElement Text="报 销 人：" LeftLineVisible="false" TopLineVisible="false" RightLineVisible="false" BottomLineVisible="false" BandKind="ReportHeader" X="9.85833721160889" Y="35.3958328564962" Width="20" Height="5" TextVAlign="Center" />
        <TextElement Text="附件张数" FieldKind="Master" LeftLineVisible="false" TopLineVisible="false" RightLineVisible="false" BottomLineVisible="false" BandKind="ReportHeader" X="151.022919972738" Y="35.3958328564962" Width="47.516665204366" Height="5.0000001390775" TextVAlign="Center" />
        <TextElement Text="附件张数：" LeftLineVisible="false" TopLineVisible="false" RightLineVisible="false" BottomLineVisible="false" BandKind="ReportHeader" X="131.179169972738" Y="35.3958328564962" Width="20" Height="5" TextVAlign="Center" />
        <TextElement Text="预借金额" FieldKind="Master" LeftLineVisible="false" TopLineVisible="false" RightLineVisible="false" BottomLineVisible="false" TextFormat="RetainDotPosition" BandKind="ReportHeader" X="29.8583377679189" Y="47.5666661898295" Width="20" Height="5" TextVAlign="Center" />
        <TextElement Text="预借金额：" LeftLineVisible="false" TopLineVisible="false" RightLineVisible="false" BottomLineVisible="false" BandKind="ReportHeader" X="9.85833721160889" Y="47.5666661898295" Width="20" Height="5" TextVAlign="Center" />
        <TextElement Text="报销事由" FieldKind="Master" LeftLineVisible="false" TopLineVisible="false" RightLineVisible="false" BottomLineVisible="false" BandKind="ReportHeader" X="29.8583377679189" Y="41.454167842865" Width="20" Height="5" TextVAlign="Center" />
        <TextElement Text="报销事由：" LeftLineVisible="false" TopLineVisible="false" RightLineVisible="false" BottomLineVisible="false" BandKind="ReportHeader" X="9.85833721160889" Y="41.454167842865" Width="20" Height="5" TextVAlign="Center" />
        <TextElement Text="部    门" FieldKind="Master" LeftLineVisible="false" TopLineVisible="false" RightLineVisible="false" BottomLineVisible="false" BandKind="ReportHeader" X="91.756253306071" Y="35.3958328564962" Width="20" Height="5" TextVAlign="Center" />
        <TextElement Text="部    门：" LeftLineVisible="false" TopLineVisible="false" RightLineVisible="false" BottomLineVisible="false" BandKind="ReportHeader" X="71.2270881017049" Y="35.3958328564962" Width="20" Height="5" TextVAlign="Center" />
        <TextElement Text="退补账户" FieldKind="Master" LeftLineVisible="false" TopLineVisible="false" RightLineVisible="false" BottomLineVisible="false" BandKind="ReportHeader" X="152.022919972738" Y="49.1270845095316" Width="19.4708318710327" Height="5.0000001390775" TextVAlign="Center" />
        <TextElement Text="未冲抵金额：" LeftLineVisible="false" TopLineVisible="false" RightLineVisible="false" BottomLineVisible="false" BandKind="ReportHeader" X="131.179169972738" Y="42.7770845095317" Width="20" Height="5" TextVAlign="Center" />
        <TextElement Text="已冲抵金额" FieldKind="Master" LeftLineVisible="false" TopLineVisible="false" RightLineVisible="false" BottomLineVisible="false" TextFormat="RetainDotPosition" BandKind="ReportHeader" X="91.8729128519694" Y="42.566666050752" Width="21.8520818710327" Height="5.0000001390775" TextVAlign="Center" />
        <TextElement Text="已冲抵金额：" LeftLineVisible="false" TopLineVisible="false" RightLineVisible="false" BottomLineVisible="false" BandKind="ReportHeader" X="70.8541699727376" Y="42.566666050752" Width="20" Height="5" TextVAlign="Center" />
        <TextElement Text="未冲抵金额" FieldKind="Master" LeftLineVisible="false" TopLineVisible="false" RightLineVisible="false" BottomLineVisible="false" TextFormat="RetainDotPosition" BandKind="ReportHeader" X="151.022919972738" Y="42.8041661898295" Width="20" Height="5" TextVAlign="Center" />
        <TextElement Text="退补金额" FieldKind="Master" LeftLineVisible="false" TopLineVisible="false" RightLineVisible="false" BottomLineVisible="false" TextFormat="RetainDotPosition" BandKind="ReportHeader" X="91.756253306071" Y="49.4187495231628" Width="20" Height="5" TextVAlign="Center" />
        <TextElement Text="退补账户：" LeftLineVisible="false" TopLineVisible="false" RightLineVisible="false" BottomLineVisible="false" BandKind="ReportHeader" X="132.095837211609" Y="49.4187495231628" Width="20" Height="5" TextVAlign="Center" />
        <TextElement Text="退补金额：" LeftLineVisible="false" TopLineVisible="false" RightLineVisible="false" BottomLineVisible="false" BandKind="ReportHeader" X="71.7562527497609" Y="49.1541661898295" Width="20" Height="5" TextVAlign="Center" />
      </Elements>
      <Bands>
        <Band IsVisible="false" TextVAlign="Center" />
        <Band BandKind="PageHeader" Height="20" TextVAlign="Center" />
        <Band BandKind="ReportHeader" Y="19.84375" Height="35.0572916666667" TextVAlign="Center" />
        <Band IsVisible="false" BandKind="PageBodyHeader" TextVAlign="Center" />
        <Band BandKind="PageDetail" Y="54.5041666666667" Height="221.942708333333" TextVAlign="Center" />
        <Band IsVisible="false" BandKind="PageBodyFooter" TextVAlign="Center" />
        <Band IsVisible="false" BandKind="ReportFooter" TextVAlign="Center" />
        <Band BandKind="PageFooter" Y="276.754166666667" Height="20" TextVAlign="Center" />
      </Bands>
    </Page>
  </Pages>
  <PageSettings MarginLeft="10" MarginTop="20" MarginRight="10" MarginBottom="20" PageWidth="210" PageHeight="297" />
  <ExpressionFields />
</Report>