<Report MaxRowCount="0">
  <Pages>
    <Page Width="210" Height="297">
      <OrderFields />
      <Elements>
        <TextElement Text="表名" FieldKind="Master" LeftLineVisible="false" TopLineVisible="false" RightLineVisible="false" BottomLineVisible="false" TextHAlign="Center" BandKind="ReportHeader" X="47.4291705449422" Y="26.6916685740153" Width="100" Height="10" FontSize="20" BoldFont="true" />
        <TableElement X="9.921875" Y="40" Width="186.002083333333" Height="236.422923660278">
          <Rows>
            <Row X="9.921875" Y="40" Width="186.002083333333" Height="5.11432291666667">
              <Cells>
                <Cell OrigWidth="27.78125" OrigHeight="5.11432291666667" Text="存货编号" TextHAlign="Center" WordWrap="true" X="9.921875" Y="40" Width="27.78125" Height="5.11432291666667" BoldFont="true" />
                <Cell OrigWidth="23.8125" OrigHeight="5.11432291666667" Text="存货全名" TextHAlign="Center" WordWrap="true" X="37.703125" Y="40" Width="23.8125" Height="5.11432291666667" BoldFont="true" />
                <Cell OrigWidth="26.4583333333333" OrigHeight="5.11432291666667" Text="销售收入" TextHAlign="Center" WordWrap="true" X="61.515625" Y="40" Width="26.4583333333333" Height="5.11432291666667" BoldFont="true" />
                <Cell OrigWidth="26.19375" OrigHeight="5.11432291666667" Text="销售成本" TextHAlign="Center" WordWrap="true" X="87.9739583333333" Y="40" Width="26.19375" Height="5.11432291666667" BoldFont="true" />
                <Cell OrigWidth="40.878125" OrigHeight="5.11432291666667" Text="销售毛利" TextHAlign="Center" WordWrap="true" X="114.167708333333" Y="40" Width="40.878125" Height="5.11432291666667" BoldFont="true" />
                <Cell OrigWidth="40.878125" OrigHeight="5.11432291666667" Text="销售毛利率（%）" TextHAlign="Center" WordWrap="true" X="155.045833333333" Y="40" Width="40.878125" Height="5.11432291666667" BoldFont="true" />
              </Cells>
            </Row>
            <Row X="9.921875" Y="45.1143229166667" Width="186.002083333333" Height="5.11432291666667">
              <Cells>
                <Cell OrigWidth="27.78125" OrigHeight="5.11432291666667" Text="存货编号" FieldKind="Detail" TextHAlign="Center" WordWrap="true" X="9.921875" Y="45.1143229166667" Width="27.78125" Height="5.11432291666667" TextColor="black" />
                <Cell OrigWidth="23.8125" OrigHeight="5.11432291666667" Text="存货全名" FieldKind="Detail" TextHAlign="Center" WordWrap="true" X="37.703125" Y="45.1143229166667" Width="23.8125" Height="5.11432291666667" TextColor="black" />
                <Cell OrigWidth="26.4583333333333" OrigHeight="5.11432291666667" Text="销售收入" FieldKind="Detail" TextHAlign="Center" WordWrap="true" X="61.515625" Y="45.1143229166667" Width="26.4583333333333" Height="5.11432291666667" TextColor="black" />
                <Cell OrigWidth="26.19375" OrigHeight="5.11432291666667" Text="销售成本" FieldKind="Detail" TextHAlign="Center" WordWrap="true" X="87.9739583333333" Y="45.1143229166667" Width="26.19375" Height="5.11432291666667" TextColor="black" />
                <Cell OrigWidth="40.878125" OrigHeight="5.11432291666667" Text="销售毛利" FieldKind="Detail" TextHAlign="Center" WordWrap="true" X="114.167708333333" Y="45.1143229166667" Width="40.878125" Height="5.11432291666667" TextColor="black" />
                <Cell OrigWidth="40.878125" OrigHeight="5.11432291666667" Text="销售毛利率" FieldKind="Detail" TextHAlign="Center" WordWrap="true" X="155.045833333333" Y="45.1143229166667" Width="40.878125" Height="5.11432291666667" TextColor="black" />
              </Cells>
            </Row>
            <Row X="9.921875" Y="50.2286458333333" Width="186.002083333333" Height="5">
              <Cells>
                <Cell OrigWidth="24.60625" OrigHeight="5" Text="核算单位：" LeftLineVisible="false" RightLineVisible="false" BottomLineVisible="false" TextHAlign="Center" WordWrap="true" X="9.921875" Y="50.2286458333333" Width="24.60625" Height="5" TextColor="black" />
                <Cell OrigWidth="24.60625" OrigHeight="5" Text="" LeftLineVisible="false" RightLineVisible="false" BottomLineVisible="false" TextHAlign="Center" WordWrap="true" X="34.528125" Y="50.2286458333333" Width="24.60625" Height="5" TextColor="black" />
                <Cell OrigWidth="39.9520833333334" OrigHeight="5" Text="制表人：" LeftLineVisible="false" RightLineVisible="false" BottomLineVisible="false" TextHAlign="Right" WordWrap="true" X="59.134375" Y="50.2286458333333" Width="39.9520833333334" Height="5" TextColor="black" />
                <Cell OrigWidth="37.3062499999999" OrigHeight="5" Text="" LeftLineVisible="false" RightLineVisible="false" BottomLineVisible="false" TextHAlign="Center" WordWrap="true" X="99.0864583333334" Y="50.2286458333333" Width="37.3062499999999" Height="5" TextColor="black" />
                <Cell OrigWidth="33.3375" OrigHeight="5" Text="打印时间：" LeftLineVisible="false" RightLineVisible="false" BottomLineVisible="false" TextHAlign="Center" WordWrap="true" X="136.392708333333" Y="50.2286458333333" Width="33.3375" Height="5" TextColor="black" />
                <Cell OrigWidth="26.19375" OrigHeight="5" Text="日期" FieldKind="System" LeftLineVisible="false" RightLineVisible="false" BottomLineVisible="false" TextHAlign="Center" WordWrap="true" X="169.730208333333" Y="50.2286458333333" Width="26.19375" Height="5" TextColor="black" />
              </Cells>
            </Row>
            <Row X="9.921875" Y="55.2286458333333" Width="186.002083333333" Height="5">
              <Cells>
                <Cell OrigWidth="24.60625" OrigHeight="5" Text="" LeftLineVisible="false" TopLineVisible="false" RightLineVisible="false" BottomLineVisible="false" TextHAlign="Center" WordWrap="true" X="9.921875" Y="55.2286458333333" Width="24.60625" Height="5" TextColor="black" />
                <Cell OrigWidth="24.60625" OrigHeight="5" Text="" LeftLineVisible="false" TopLineVisible="false" RightLineVisible="false" BottomLineVisible="false" TextHAlign="Center" WordWrap="true" X="34.528125" Y="55.2286458333333" Width="24.60625" Height="5" TextColor="black" />
                <Cell OrigWidth="39.9520833333334" OrigHeight="5" Text="" LeftLineVisible="false" TopLineVisible="false" RightLineVisible="false" BottomLineVisible="false" TextHAlign="Center" WordWrap="true" X="59.134375" Y="55.2286458333333" Width="39.9520833333334" Height="5" TextColor="black" />
                <Cell OrigWidth="37.3062499999999" OrigHeight="5" Text="" LeftLineVisible="false" TopLineVisible="false" RightLineVisible="false" BottomLineVisible="false" TextHAlign="Center" WordWrap="true" X="99.0864583333334" Y="55.2286458333333" Width="37.3062499999999" Height="5" TextColor="black" />
                <Cell OrigWidth="59.53125" OrigHeight="5" Text="[管家婆软件]" LeftLineVisible="false" TopLineVisible="false" RightLineVisible="false" BottomLineVisible="false" TextHAlign="Right" WordWrap="true" X="136.392708333333" Y="55.2286458333333" Width="59.53125" Height="5" TextColor="black" />
              </Cells>
            </Row>
          </Rows>
        </TableElement>
        <TextElement Text="总页码" FieldKind="System" LeftLineVisible="false" TopLineVisible="false" RightLineVisible="false" BottomLineVisible="false" TextHAlign="Right" BandKind="PageHeader" X="175.629169972738" Y="11.5833328564962" Width="20" Height="5" />
      </Elements>
      <Bands>
        <Band IsVisible="false" />
        <Band BandKind="PageHeader" Height="20" />
        <Band BandKind="ReportHeader" Y="19.84375" Height="20" />
        <Band IsVisible="false" BandKind="PageBodyHeader" />
        <Band BandKind="PageDetail" Y="39.6875" Height="237" />
        <Band IsVisible="false" BandKind="PageBodyFooter" />
        <Band IsVisible="false" BandKind="ReportFooter" />
        <Band BandKind="PageFooter" Y="276.754166666667" Height="20" />
      </Bands>
    </Page>
  </Pages>
  <PageSettings MarginLeft="10" MarginTop="20" MarginRight="10" MarginBottom="20" PageWidth="210" PageHeight="297" />
  <ExpressionFields />
</Report>