<Report MaxRowCount="0">
  <Pages>
    <Page Width="210" Height="297">
      <OrderFields />
      <Elements>
        <TextElement Text="表名" FieldKind="Master" LeftLineVisible="false" TopLineVisible="false" RightLineVisible="false" BottomLineVisible="false" TextHAlign="Center" BandKind="ReportHeader" X="9.32917054494222" Y="21.6687496344248" Width="190.222917429606" Height="10.000000278155" FontSize="20" BoldFont="true" />
        <TableElement X="10" Y="40" Width="189.892708333333" Height="236.422923660278">
          <Rows>
            <Row X="10" Y="40" Width="189.892708333333" Height="5">
              <Cells>
                <Cell OrigWidth="20" OrigHeight="5" Text="日期" WordWrap="true" X="10" Y="40" Width="20" Height="5" />
                <Cell OrigWidth="33.3677083333333" OrigHeight="5" Text="单据编号" WordWrap="true" X="30" Y="40" Width="33.3677083333333" Height="5" />
                <Cell OrigWidth="22.225" OrigHeight="5" Text="单据类型" WordWrap="true" X="63.3677083333333" Y="40" Width="22.225" Height="5" />
                <Cell OrigWidth="27.78125" OrigHeight="5" Text="金额" WordWrap="true" X="85.5927083333333" Y="40" Width="27.78125" Height="5" />
                <Cell OrigWidth="29.6333333333333" OrigHeight="5" Text="摘要" WordWrap="true" X="113.373958333333" Y="40" Width="29.6333333333333" Height="5" />
                <Cell OrigWidth="31.75" OrigHeight="5" Text="经办人" WordWrap="true" X="143.007291666667" Y="40" Width="31.75" Height="5" />
                <Cell OrigWidth="25.1354166666667" OrigHeight="5" Text="制单人" WordWrap="true" X="174.757291666667" Y="40" Width="25.1354166666667" Height="5" />
              </Cells>
            </Row>
            <Row X="10" Y="45" Width="189.892708333333" Height="5">
              <Cells>
                <Cell OrigWidth="20" OrigHeight="5" Text="日期" FieldKind="Detail" WordWrap="true" X="10" Y="45" Width="20" Height="5" />
                <Cell OrigWidth="33.3677083333333" OrigHeight="5" Text="单据编号" FieldKind="Detail" WordWrap="true" X="30" Y="45" Width="33.3677083333333" Height="5" />
                <Cell OrigWidth="22.225" OrigHeight="5" Text="单据类型" FieldKind="Detail" WordWrap="true" X="63.3677083333333" Y="45" Width="22.225" Height="5" />
                <Cell OrigWidth="27.78125" OrigHeight="5" Text="金额" FieldKind="Detail" WordWrap="true" X="85.5927083333333" Y="45" Width="27.78125" Height="5" />
                <Cell OrigWidth="29.6333333333333" OrigHeight="5" Text="摘要" FieldKind="Detail" WordWrap="true" X="113.373958333333" Y="45" Width="29.6333333333333" Height="5" />
                <Cell OrigWidth="31.75" OrigHeight="5" Text="经手人" FieldKind="Detail" WordWrap="true" X="143.007291666667" Y="45" Width="31.75" Height="5" />
                <Cell OrigWidth="25.1354166666667" OrigHeight="5" Text="制单人" FieldKind="Detail" WordWrap="true" X="174.757291666667" Y="45" Width="25.1354166666667" Height="5" />
              </Cells>
            </Row>
            <Row X="10" Y="50" Width="189.892708333333" Height="5">
              <Cells>
                <Cell OrigWidth="20" OrigHeight="5" Text="核算单位：" LeftLineVisible="false" RightLineVisible="false" BottomLineVisible="false" WordWrap="true" X="10" Y="50" Width="20" Height="5" />
                <Cell OrigWidth="33.3677083333333" OrigHeight="5" Text="" LeftLineVisible="false" RightLineVisible="false" BottomLineVisible="false" WordWrap="true" X="30" Y="50" Width="33.3677083333333" Height="5" />
                <Cell OrigWidth="22.225" OrigHeight="5" Text="" LeftLineVisible="false" RightLineVisible="false" BottomLineVisible="false" WordWrap="true" X="63.3677083333333" Y="50" Width="22.225" Height="5" />
                <Cell OrigWidth="27.78125" OrigHeight="5" Text="" LeftLineVisible="false" RightLineVisible="false" BottomLineVisible="false" WordWrap="true" X="85.5927083333333" Y="50" Width="27.78125" Height="5" />
                <Cell OrigWidth="29.6333333333333" OrigHeight="5" Text="" LeftLineVisible="false" RightLineVisible="false" BottomLineVisible="false" WordWrap="true" X="113.373958333333" Y="50" Width="29.6333333333333" Height="5" />
                <Cell OrigWidth="31.75" OrigHeight="5" Text="打印时间：" LeftLineVisible="false" RightLineVisible="false" BottomLineVisible="false" WordWrap="true" X="143.007291666667" Y="50" Width="31.75" Height="5" />
                <Cell OrigWidth="25.1354166666667" OrigHeight="5" Text="日期" FieldKind="System" LeftLineVisible="false" RightLineVisible="false" BottomLineVisible="false" TextHAlign="Right" WordWrap="true" X="174.757291666667" Y="50" Width="25.1354166666667" Height="5" />
              </Cells>
            </Row>
            <Row X="10" Y="55" Width="189.892708333333" Height="5">
              <Cells>
                <Cell OrigWidth="20" OrigHeight="5" Text="" LeftLineVisible="false" TopLineVisible="false" RightLineVisible="false" BottomLineVisible="false" WordWrap="true" X="10" Y="55" Width="20" Height="5" TextColor="black" />
                <Cell OrigWidth="33.3677083333333" OrigHeight="5" Text="" LeftLineVisible="false" TopLineVisible="false" RightLineVisible="false" BottomLineVisible="false" WordWrap="true" X="30" Y="55" Width="33.3677083333333" Height="5" TextColor="black" />
                <Cell OrigWidth="22.225" OrigHeight="5" Text="" LeftLineVisible="false" TopLineVisible="false" RightLineVisible="false" BottomLineVisible="false" WordWrap="true" X="63.3677083333333" Y="55" Width="22.225" Height="5" TextColor="black" />
                <Cell OrigWidth="27.78125" OrigHeight="5" Text="" LeftLineVisible="false" TopLineVisible="false" RightLineVisible="false" BottomLineVisible="false" WordWrap="true" X="85.5927083333333" Y="55" Width="27.78125" Height="5" TextColor="black" />
                <Cell OrigWidth="29.6333333333333" OrigHeight="5" Text="" LeftLineVisible="false" TopLineVisible="false" RightLineVisible="false" BottomLineVisible="false" WordWrap="true" X="113.373958333333" Y="55" Width="29.6333333333333" Height="5" TextColor="black" />
                <Cell OrigWidth="31.75" OrigHeight="5" Text="" LeftLineVisible="false" TopLineVisible="false" RightLineVisible="false" BottomLineVisible="false" WordWrap="true" X="143.007291666667" Y="55" Width="31.75" Height="5" TextColor="black" />
                <Cell OrigWidth="25.1354166666667" OrigHeight="5" Text="[管家婆软件]" LeftLineVisible="false" TopLineVisible="false" RightLineVisible="false" BottomLineVisible="false" TextHAlign="Right" WordWrap="true" X="174.757291666667" Y="55" Width="25.1354166666667" Height="5" TextColor="black" />
              </Cells>
            </Row>
          </Rows>
        </TableElement>
        <TextElement Text="结束日期：" LeftLineVisible="false" TopLineVisible="false" RightLineVisible="false" BottomLineVisible="false" BandKind="ReportHeader" X="63.7104159355164" Y="34.3374995231628" Width="20" Height="5" />
        <TextElement Text="开始日期" FieldKind="Master" LeftLineVisible="false" TopLineVisible="false" RightLineVisible="false" BottomLineVisible="false" BandKind="ReportHeader" X="29.8437492688497" Y="34.3374995231628" Width="20" Height="5" />
        <TextElement Text="开始日期：" LeftLineVisible="false" TopLineVisible="false" RightLineVisible="false" BottomLineVisible="false" BandKind="ReportHeader" X="9.32917054494222" Y="34.3374995231628" Width="20" Height="5" />
        <TextElement Text="结束日期" FieldKind="Master" LeftLineVisible="false" TopLineVisible="false" RightLineVisible="false" BottomLineVisible="false" BandKind="ReportHeader" X="83.818753306071" Y="34.3374995231628" Width="20" Height="5" />
        <TextElement Text="总页码" FieldKind="System" LeftLineVisible="false" TopLineVisible="false" RightLineVisible="false" BottomLineVisible="false" TextHAlign="Right" BandKind="PageHeader" X="179.552087418238" Y="14.7583328564962" Width="20" Height="5" />
      </Elements>
      <Bands>
        <Band IsVisible="false" />
        <Band BandKind="PageHeader" Height="20" />
        <Band BandKind="ReportHeader" Y="19.84375" Height="20" />
        <Band IsVisible="false" BandKind="PageBodyHeader" />
        <Band BandKind="PageDetail" Y="39.6875" Height="237" />
        <Band IsVisible="false" BandKind="PageBodyFooter" />
        <Band IsVisible="false" BandKind="ReportFooter" />
        <Band BandKind="PageFooter" Y="276.754166666667" Height="20" />
      </Bands>
    </Page>
  </Pages>
  <PageSettings MarginLeft="10" MarginTop="20" MarginRight="10" MarginBottom="20" PageWidth="210" PageHeight="297" />
  <ExpressionFields />
</Report>