<Report MaxRowCount="0">
  <Pages>
    <Page Width="210" Height="297">
      <OrderFields />
      <Elements>
        <TextElement Text="工贸-库存数量汇总表列表(包括未审核单据)" LeftLineVisible="false" TopLineVisible="false" RightLineVisible="false" BottomLineVisible="false" X="85" Y="5" Width="210" Height="10" FontSize="20" BoldFont="true" />
        <TableElement X="10" Y="40" Width="190" Height="237">
          <Rows>
            <Row Height="5">
              <Cells>
                <Cell OrigWidth="20" OrigHeight="5" Text="行号" WordWrap="true" Width="20" Height="5" />
                <Cell OrigWidth="20" OrigHeight="5" Text="存货编号" WordWrap="true" X="20" Width="20" Height="5" />
                <Cell OrigWidth="20" OrigHeight="5" Text="存货全名" WordWrap="true" X="40" Width="20" Height="5" />
                <Cell OrigWidth="20" OrigHeight="5" Text="期初结存数量" WordWrap="true" X="60" Width="20" Height="5" />
                <Cell OrigWidth="20" OrigHeight="5" Text="期初结存副单位数量" WordWrap="true" X="80" Width="20" Height="5" />
                <Cell OrigWidth="20" OrigHeight="5" Text="采购数量" WordWrap="true" X="100" Width="20" Height="5" />
                <Cell OrigWidth="20" OrigHeight="5" Text="进货副单位数量" WordWrap="true" X="120" Width="20" Height="5" />
                <Cell OrigWidth="20" OrigHeight="5" Text="进货退货数量" WordWrap="true" X="140" Width="20" Height="5" />
                <Cell OrigWidth="20" OrigHeight="5" Text="进货退货副单位数量" WordWrap="true" X="160" Width="20" Height="5" />
                <Cell OrigWidth="20" OrigHeight="5" Text="生产入库数量" WordWrap="true" X="180" Width="20" Height="5" />
                <Cell OrigWidth="20" OrigHeight="5" Text="生产入库副单位数量" WordWrap="true" X="200" Width="20" Height="5" />
                <Cell OrigWidth="20" OrigHeight="5" Text="报溢数量" WordWrap="true" X="220" Width="20" Height="5" />
                <Cell OrigWidth="20" OrigHeight="5" Text="报溢副单位数量" WordWrap="true" X="240" Width="20" Height="5" />
                <Cell OrigWidth="20" OrigHeight="5" Text="其他入库数量" WordWrap="true" X="260" Width="20" Height="5" />
                <Cell OrigWidth="20" OrigHeight="5" Text="其他入库副单位数量" WordWrap="true" X="280" Width="20" Height="5" />
                <Cell OrigWidth="20" OrigHeight="5" Text="调拨入库数量" WordWrap="true" X="300" Width="20" Height="5" />
                <Cell OrigWidth="20" OrigHeight="5" Text="调拨入库副单位数量" WordWrap="true" X="320" Width="20" Height="5" />
                <Cell OrigWidth="20" OrigHeight="5" Text="估价入库数量" WordWrap="true" X="340" Width="20" Height="5" />
                <Cell OrigWidth="20" OrigHeight="5" Text="估价入库副单位数量" WordWrap="true" X="360" Width="20" Height="5" />
                <Cell OrigWidth="20" OrigHeight="5" Text="完工验收数量" WordWrap="true" X="380" Width="20" Height="5" />
                <Cell OrigWidth="20" OrigHeight="5" Text="完工验收副单位数量" WordWrap="true" X="400" Width="20" Height="5" />
                <Cell OrigWidth="20" OrigHeight="5" Text="委外完工验收数量" WordWrap="true" X="420" Width="20" Height="5" />
                <Cell OrigWidth="20" OrigHeight="5" Text="委外完工验收副单位数量" WordWrap="true" X="440" Width="20" Height="5" />
                <Cell OrigWidth="20" OrigHeight="5" Text="入库合计数量" WordWrap="true" X="460" Width="20" Height="5" />
                <Cell OrigWidth="20" OrigHeight="5" Text="入库合计副单位数量" WordWrap="true" X="480" Width="20" Height="5" />
                <Cell OrigWidth="20" OrigHeight="5" Text="销售数量" WordWrap="true" X="500" Width="20" Height="5" />
                <Cell OrigWidth="20" OrigHeight="5" Text="销售副单位数量" WordWrap="true" X="520" Width="20" Height="5" />
                <Cell OrigWidth="20" OrigHeight="5" Text="销售退货数量" WordWrap="true" X="540" Width="20" Height="5" />
                <Cell OrigWidth="20" OrigHeight="5" Text="销售退货副单位数量" WordWrap="true" X="560" Width="20" Height="5" />
                <Cell OrigWidth="20" OrigHeight="5" Text="生产出库数量" WordWrap="true" X="580" Width="20" Height="5" />
                <Cell OrigWidth="20" OrigHeight="5" Text="生产出库副单位数量" WordWrap="true" X="600" Width="20" Height="5" />
                <Cell OrigWidth="20" OrigHeight="5" Text="报损数量" WordWrap="true" X="620" Width="20" Height="5" />
                <Cell OrigWidth="20" OrigHeight="5" Text="报损副单位数量" WordWrap="true" X="640" Width="20" Height="5" />
                <Cell OrigWidth="20" OrigHeight="5" Text="其他出库数量" WordWrap="true" X="660" Width="20" Height="5" />
                <Cell OrigWidth="20" OrigHeight="5" Text="其他出库副单位数量" WordWrap="true" X="680" Width="20" Height="5" />
                <Cell OrigWidth="20" OrigHeight="5" Text="调拨出库数量" WordWrap="true" X="700" Width="20" Height="5" />
                <Cell OrigWidth="20" OrigHeight="5" Text="调拨出库副单位数量" WordWrap="true" X="720" Width="20" Height="5" />
                <Cell OrigWidth="20" OrigHeight="5" Text="委托数量" WordWrap="true" X="740" Width="20" Height="5" />
                <Cell OrigWidth="20" OrigHeight="5" Text="委托副单位数量" WordWrap="true" X="760" Width="20" Height="5" />
                <Cell OrigWidth="20" OrigHeight="5" Text="委托退货数量" WordWrap="true" X="780" Width="20" Height="5" />
                <Cell OrigWidth="20" OrigHeight="5" Text="委托退货副单位数量" WordWrap="true" X="800" Width="20" Height="5" />
                <Cell OrigWidth="20" OrigHeight="5" Text="领料数量" WordWrap="true" X="820" Width="20" Height="5" />
                <Cell OrigWidth="20" OrigHeight="5" Text="领料副单位数量" WordWrap="true" X="840" Width="20" Height="5" />
                <Cell OrigWidth="20" OrigHeight="5" Text="退料数量" WordWrap="true" X="860" Width="20" Height="5" />
                <Cell OrigWidth="20" OrigHeight="5" Text="退料副单位数量" WordWrap="true" X="880" Width="20" Height="5" />
                <Cell OrigWidth="20" OrigHeight="5" Text="委外领料数量" WordWrap="true" X="900" Width="20" Height="5" />
                <Cell OrigWidth="20" OrigHeight="5" Text="委外领料副单位数量" WordWrap="true" X="920" Width="20" Height="5" />
                <Cell OrigWidth="20" OrigHeight="5" Text="委外退料数量" WordWrap="true" X="940" Width="20" Height="5" />
                <Cell OrigWidth="20" OrigHeight="5" Text="委外退料副单位数量" WordWrap="true" X="960" Width="20" Height="5" />
                <Cell OrigWidth="20" OrigHeight="5" Text="出库合计数量" WordWrap="true" X="980" Width="20" Height="5" />
                <Cell OrigWidth="20" OrigHeight="5" Text="出库合计副单位数量" WordWrap="true" X="1000" Width="20" Height="5" />
                <Cell OrigWidth="20" OrigHeight="5" Text="期末结存数量" WordWrap="true" X="1020" Width="20" Height="5" />
                <Cell OrigWidth="20" OrigHeight="5" Text="期末结存副单位数量" WordWrap="true" X="1040" Width="20" Height="5" />
              </Cells>
            </Row>
            <Row Height="5">
              <Cells>
                <Cell OrigWidth="20" OrigHeight="5" Text="行号" FieldKind="Detail" WordWrap="true" Width="20" Height="5" />
                <Cell OrigWidth="20" OrigHeight="5" Text="存货编号" FieldKind="Detail" WordWrap="true" X="20" Width="20" Height="5" />
                <Cell OrigWidth="20" OrigHeight="5" Text="存货全名" FieldKind="Detail" WordWrap="true" X="40" Width="20" Height="5" />
                <Cell OrigWidth="20" OrigHeight="5" Text="期初结存数量" FieldKind="Detail" WordWrap="true" X="60" Width="20" Height="5" />
                <Cell OrigWidth="20" OrigHeight="5" Text="期初结存副单位数量" FieldKind="Detail" WordWrap="true" X="80" Width="20" Height="5" />
                <Cell OrigWidth="20" OrigHeight="5" Text="采购数量" FieldKind="Detail" WordWrap="true" X="100" Width="20" Height="5" />
                <Cell OrigWidth="20" OrigHeight="5" Text="进货副单位数量" FieldKind="Detail" WordWrap="true" X="120" Width="20" Height="5" />
                <Cell OrigWidth="20" OrigHeight="5" Text="进货退货数量" FieldKind="Detail" WordWrap="true" X="140" Width="20" Height="5" />
                <Cell OrigWidth="20" OrigHeight="5" Text="进货退货副单位数量" FieldKind="Detail" WordWrap="true" X="160" Width="20" Height="5" />
                <Cell OrigWidth="20" OrigHeight="5" Text="生产入库数量" FieldKind="Detail" WordWrap="true" X="180" Width="20" Height="5" />
                <Cell OrigWidth="20" OrigHeight="5" Text="生产入库副单位数量" FieldKind="Detail" WordWrap="true" X="200" Width="20" Height="5" />
                <Cell OrigWidth="20" OrigHeight="5" Text="报溢数量" FieldKind="Detail" WordWrap="true" X="220" Width="20" Height="5" />
                <Cell OrigWidth="20" OrigHeight="5" Text="报溢副单位数量" FieldKind="Detail" WordWrap="true" X="240" Width="20" Height="5" />
                <Cell OrigWidth="20" OrigHeight="5" Text="其他入库数量" FieldKind="Detail" WordWrap="true" X="260" Width="20" Height="5" />
                <Cell OrigWidth="20" OrigHeight="5" Text="其他入库副单位数量" FieldKind="Detail" WordWrap="true" X="280" Width="20" Height="5" />
                <Cell OrigWidth="20" OrigHeight="5" Text="调拨入库数量" FieldKind="Detail" WordWrap="true" X="300" Width="20" Height="5" />
                <Cell OrigWidth="20" OrigHeight="5" Text="调拨入库副单位数量" FieldKind="Detail" WordWrap="true" X="320" Width="20" Height="5" />
                <Cell OrigWidth="20" OrigHeight="5" Text="估价入库数量" FieldKind="Detail" WordWrap="true" X="340" Width="20" Height="5" />
                <Cell OrigWidth="20" OrigHeight="5" Text="估价入库副单位数量" FieldKind="Detail" WordWrap="true" X="360" Width="20" Height="5" />
                <Cell OrigWidth="20" OrigHeight="5" Text="完工验收数量" FieldKind="Detail" WordWrap="true" X="380" Width="20" Height="5" />
                <Cell OrigWidth="20" OrigHeight="5" Text="完工验收副单位数量" FieldKind="Detail" WordWrap="true" X="400" Width="20" Height="5" />
                <Cell OrigWidth="20" OrigHeight="5" Text="委外完工验收数量" FieldKind="Detail" WordWrap="true" X="420" Width="20" Height="5" />
                <Cell OrigWidth="20" OrigHeight="5" Text="委外完工验收副单位数量" FieldKind="Detail" WordWrap="true" X="440" Width="20" Height="5" />
                <Cell OrigWidth="20" OrigHeight="5" Text="入库合计数量" FieldKind="Detail" WordWrap="true" X="460" Width="20" Height="5" />
                <Cell OrigWidth="20" OrigHeight="5" Text="入库合计副单位数量" FieldKind="Detail" WordWrap="true" X="480" Width="20" Height="5" />
                <Cell OrigWidth="20" OrigHeight="5" Text="销售数量" FieldKind="Detail" WordWrap="true" X="500" Width="20" Height="5" />
                <Cell OrigWidth="20" OrigHeight="5" Text="销售副单位数量" FieldKind="Detail" WordWrap="true" X="520" Width="20" Height="5" />
                <Cell OrigWidth="20" OrigHeight="5" Text="销售退货数量" FieldKind="Detail" WordWrap="true" X="540" Width="20" Height="5" />
                <Cell OrigWidth="20" OrigHeight="5" Text="销售退货副单位数量" FieldKind="Detail" WordWrap="true" X="560" Width="20" Height="5" />
                <Cell OrigWidth="20" OrigHeight="5" Text="生产出库数量" FieldKind="Detail" WordWrap="true" X="580" Width="20" Height="5" />
                <Cell OrigWidth="20" OrigHeight="5" Text="生产出库副单位数量" FieldKind="Detail" WordWrap="true" X="600" Width="20" Height="5" />
                <Cell OrigWidth="20" OrigHeight="5" Text="报损数量" FieldKind="Detail" WordWrap="true" X="620" Width="20" Height="5" />
                <Cell OrigWidth="20" OrigHeight="5" Text="报损副单位数量" FieldKind="Detail" WordWrap="true" X="640" Width="20" Height="5" />
                <Cell OrigWidth="20" OrigHeight="5" Text="其他出库数量" FieldKind="Detail" WordWrap="true" X="660" Width="20" Height="5" />
                <Cell OrigWidth="20" OrigHeight="5" Text="其他出库副单位数量" FieldKind="Detail" WordWrap="true" X="680" Width="20" Height="5" />
                <Cell OrigWidth="20" OrigHeight="5" Text="调拨出库数量" FieldKind="Detail" WordWrap="true" X="700" Width="20" Height="5" />
                <Cell OrigWidth="20" OrigHeight="5" Text="调拨出库副单位数量" FieldKind="Detail" WordWrap="true" X="720" Width="20" Height="5" />
                <Cell OrigWidth="20" OrigHeight="5" Text="委托数量" FieldKind="Detail" WordWrap="true" X="740" Width="20" Height="5" />
                <Cell OrigWidth="20" OrigHeight="5" Text="委托副单位数量" FieldKind="Detail" WordWrap="true" X="760" Width="20" Height="5" />
                <Cell OrigWidth="20" OrigHeight="5" Text="委托退货数量" FieldKind="Detail" WordWrap="true" X="780" Width="20" Height="5" />
                <Cell OrigWidth="20" OrigHeight="5" Text="委托退货副单位数量" FieldKind="Detail" WordWrap="true" X="800" Width="20" Height="5" />
                <Cell OrigWidth="20" OrigHeight="5" Text="领料数量" FieldKind="Detail" WordWrap="true" X="820" Width="20" Height="5" />
                <Cell OrigWidth="20" OrigHeight="5" Text="领料副单位数量" FieldKind="Detail" WordWrap="true" X="840" Width="20" Height="5" />
                <Cell OrigWidth="20" OrigHeight="5" Text="退料数量" FieldKind="Detail" WordWrap="true" X="860" Width="20" Height="5" />
                <Cell OrigWidth="20" OrigHeight="5" Text="退料副单位数量" FieldKind="Detail" WordWrap="true" X="880" Width="20" Height="5" />
                <Cell OrigWidth="20" OrigHeight="5" Text="委外领料数量" FieldKind="Detail" WordWrap="true" X="900" Width="20" Height="5" />
                <Cell OrigWidth="20" OrigHeight="5" Text="委外领料副单位数量" FieldKind="Detail" WordWrap="true" X="920" Width="20" Height="5" />
                <Cell OrigWidth="20" OrigHeight="5" Text="委外退料数量" FieldKind="Detail" WordWrap="true" X="940" Width="20" Height="5" />
                <Cell OrigWidth="20" OrigHeight="5" Text="委外退料副单位数量" FieldKind="Detail" WordWrap="true" X="960" Width="20" Height="5" />
                <Cell OrigWidth="20" OrigHeight="5" Text="出库合计数量" FieldKind="Detail" WordWrap="true" X="980" Width="20" Height="5" />
                <Cell OrigWidth="20" OrigHeight="5" Text="出库合计副单位数量" FieldKind="Detail" WordWrap="true" X="1000" Width="20" Height="5" />
                <Cell OrigWidth="20" OrigHeight="5" Text="期末结存数量" FieldKind="Detail" WordWrap="true" X="1020" Width="20" Height="5" />
                <Cell OrigWidth="20" OrigHeight="5" Text="期末结存副单位数量" FieldKind="Detail" WordWrap="true" X="1040" Width="20" Height="5" />
              </Cells>
            </Row>
            <Row Height="5">
              <Cells>
                <Cell OrigWidth="20" OrigHeight="5" Text="合计" WordWrap="true" Width="20" Height="5" />
                <Cell OrigWidth="20" OrigHeight="5" Text="" WordWrap="true" X="20" Width="20" Height="5" />
                <Cell OrigWidth="20" OrigHeight="5" Text="" WordWrap="true" X="40" Width="20" Height="5" />
                <Cell OrigWidth="20" OrigHeight="5" Text="" WordWrap="true" X="60" Width="20" Height="5" />
                <Cell OrigWidth="20" OrigHeight="5" Text="" WordWrap="true" X="80" Width="20" Height="5" />
                <Cell OrigWidth="20" OrigHeight="5" Text="" WordWrap="true" X="100" Width="20" Height="5" />
                <Cell OrigWidth="20" OrigHeight="5" Text="" WordWrap="true" X="120" Width="20" Height="5" />
                <Cell OrigWidth="20" OrigHeight="5" Text="" WordWrap="true" X="140" Width="20" Height="5" />
                <Cell OrigWidth="20" OrigHeight="5" Text="" WordWrap="true" X="160" Width="20" Height="5" />
                <Cell OrigWidth="20" OrigHeight="5" Text="" WordWrap="true" X="180" Width="20" Height="5" />
                <Cell OrigWidth="20" OrigHeight="5" Text="" WordWrap="true" X="200" Width="20" Height="5" />
                <Cell OrigWidth="20" OrigHeight="5" Text="" WordWrap="true" X="220" Width="20" Height="5" />
                <Cell OrigWidth="20" OrigHeight="5" Text="" WordWrap="true" X="240" Width="20" Height="5" />
                <Cell OrigWidth="20" OrigHeight="5" Text="" WordWrap="true" X="260" Width="20" Height="5" />
                <Cell OrigWidth="20" OrigHeight="5" Text="" WordWrap="true" X="280" Width="20" Height="5" />
                <Cell OrigWidth="20" OrigHeight="5" Text="" WordWrap="true" X="300" Width="20" Height="5" />
                <Cell OrigWidth="20" OrigHeight="5" Text="" WordWrap="true" X="320" Width="20" Height="5" />
                <Cell OrigWidth="20" OrigHeight="5" Text="" WordWrap="true" X="340" Width="20" Height="5" />
                <Cell OrigWidth="20" OrigHeight="5" Text="" WordWrap="true" X="360" Width="20" Height="5" />
                <Cell OrigWidth="20" OrigHeight="5" Text="" WordWrap="true" X="380" Width="20" Height="5" />
                <Cell OrigWidth="20" OrigHeight="5" Text="" WordWrap="true" X="400" Width="20" Height="5" />
                <Cell OrigWidth="20" OrigHeight="5" Text="" WordWrap="true" X="420" Width="20" Height="5" />
                <Cell OrigWidth="20" OrigHeight="5" Text="" WordWrap="true" X="440" Width="20" Height="5" />
                <Cell OrigWidth="20" OrigHeight="5" Text="" WordWrap="true" X="460" Width="20" Height="5" />
                <Cell OrigWidth="20" OrigHeight="5" Text="" WordWrap="true" X="480" Width="20" Height="5" />
                <Cell OrigWidth="20" OrigHeight="5" Text="" WordWrap="true" X="500" Width="20" Height="5" />
                <Cell OrigWidth="20" OrigHeight="5" Text="" WordWrap="true" X="520" Width="20" Height="5" />
                <Cell OrigWidth="20" OrigHeight="5" Text="" WordWrap="true" X="540" Width="20" Height="5" />
                <Cell OrigWidth="20" OrigHeight="5" Text="" WordWrap="true" X="560" Width="20" Height="5" />
                <Cell OrigWidth="20" OrigHeight="5" Text="" WordWrap="true" X="580" Width="20" Height="5" />
                <Cell OrigWidth="20" OrigHeight="5" Text="" WordWrap="true" X="600" Width="20" Height="5" />
                <Cell OrigWidth="20" OrigHeight="5" Text="" WordWrap="true" X="620" Width="20" Height="5" />
                <Cell OrigWidth="20" OrigHeight="5" Text="" WordWrap="true" X="640" Width="20" Height="5" />
                <Cell OrigWidth="20" OrigHeight="5" Text="" WordWrap="true" X="660" Width="20" Height="5" />
                <Cell OrigWidth="20" OrigHeight="5" Text="" WordWrap="true" X="680" Width="20" Height="5" />
                <Cell OrigWidth="20" OrigHeight="5" Text="" WordWrap="true" X="700" Width="20" Height="5" />
                <Cell OrigWidth="20" OrigHeight="5" Text="" WordWrap="true" X="720" Width="20" Height="5" />
                <Cell OrigWidth="20" OrigHeight="5" Text="" WordWrap="true" X="740" Width="20" Height="5" />
                <Cell OrigWidth="20" OrigHeight="5" Text="" WordWrap="true" X="760" Width="20" Height="5" />
                <Cell OrigWidth="20" OrigHeight="5" Text="" WordWrap="true" X="780" Width="20" Height="5" />
                <Cell OrigWidth="20" OrigHeight="5" Text="" WordWrap="true" X="800" Width="20" Height="5" />
                <Cell OrigWidth="20" OrigHeight="5" Text="" WordWrap="true" X="820" Width="20" Height="5" />
                <Cell OrigWidth="20" OrigHeight="5" Text="" WordWrap="true" X="840" Width="20" Height="5" />
                <Cell OrigWidth="20" OrigHeight="5" Text="" WordWrap="true" X="860" Width="20" Height="5" />
                <Cell OrigWidth="20" OrigHeight="5" Text="" WordWrap="true" X="880" Width="20" Height="5" />
                <Cell OrigWidth="20" OrigHeight="5" Text="" WordWrap="true" X="900" Width="20" Height="5" />
                <Cell OrigWidth="20" OrigHeight="5" Text="" WordWrap="true" X="920" Width="20" Height="5" />
                <Cell OrigWidth="20" OrigHeight="5" Text="" WordWrap="true" X="940" Width="20" Height="5" />
                <Cell OrigWidth="20" OrigHeight="5" Text="" WordWrap="true" X="960" Width="20" Height="5" />
                <Cell OrigWidth="20" OrigHeight="5" Text="" WordWrap="true" X="980" Width="20" Height="5" />
                <Cell OrigWidth="20" OrigHeight="5" Text="" WordWrap="true" X="1000" Width="20" Height="5" />
                <Cell OrigWidth="20" OrigHeight="5" Text="" WordWrap="true" X="1020" Width="20" Height="5" />
                <Cell OrigWidth="20" OrigHeight="5" Text="" WordWrap="true" X="1040" Width="20" Height="5" />
              </Cells>
            </Row>
          </Rows>
        </TableElement>
      </Elements>
      <Bands>
        <Band IsVisible="false" />
        <Band BandKind="PageHeader" Height="20" />
        <Band BandKind="ReportHeader" Y="20" Height="20" />
        <Band IsVisible="false" BandKind="PageBodyHeader" />
        <Band BandKind="PageDetail" Y="40" Height="237" />
        <Band IsVisible="false" BandKind="PageBodyFooter" />
        <Band IsVisible="false" BandKind="ReportFooter" Height="20" />
        <Band BandKind="PageFooter" Y="277" Height="20" />
      </Bands>
    </Page>
  </Pages>
  <PageSettings MarginLeft="10" MarginTop="20" MarginBottom="20" PageWidth="210" PageHeight="297" />
  <ExpressionFields />
</Report>