<Report MaxRowCount="0">
  <Pages>
    <Page Width="210" Height="297" TextVAlign="Center">
      <OrderFields />
      <Elements>
        <TextElement Text="表名" FieldKind="Master" LeftLineWidth="3" LeftLineColor="#FFFFFF" TopLineVisible="false" TopLineWidth="0" TopLineColor="#FFFFFF" RightLineVisible="false" RightLineWidth="0" RightLineColor="#FFFFFF" BottomLineVisible="false" BottomLineWidth="0" BottomLineColor="#FFFFFF" DecimalDigits="0" BandKind="ReportHeader" X="9.59375387827555" Y="23.7854163010915" Width="189.908337148031" Height="10.000000278155" FontSize="20" BoldFont="true" TextHAlign="Center" TextVAlign="Top" />
        <TableElement X="10" Y="40" Width="190" Height="236.422923660278" TextVAlign="Center">
          <Rows>
            <Row X="10" Y="40" Width="190" Height="5" TextVAlign="Center">
              <Cells>
                <Cell CellWidth="3.4" OrigWidth="21.0520572980245" OrigHeight="5" Text="行号" DecimalDigits="0" X="10" Y="40" Width="21.0520572980245" Height="5" TextVAlign="Center" WordWrap="true" />
                <Cell CellWidth="3.4" OrigWidth="32.7871015866598" OrigHeight="5" Text="编号" DecimalDigits="0" X="31.0520572980245" Y="40" Width="32.7871015866598" Height="5" TextVAlign="Center" WordWrap="true" />
                <Cell CellWidth="3.4" OrigWidth="50.5067499298389" OrigHeight="5" Text="说明" DecimalDigits="0" X="63.8391588846842" Y="40" Width="50.5067499298389" Height="5" TextVAlign="Center" WordWrap="true" />
                <Cell CellWidth="3.4" OrigWidth="40.7121297609983" OrigHeight="5" Text="凭证类型" DecimalDigits="0" X="114.345908814523" Y="40" Width="40.7121297609983" Height="5" TextVAlign="Center" WordWrap="true" />
                <Cell CellWidth="3.4" OrigWidth="44.9419614244786" OrigHeight="5" Text="附件张数" DecimalDigits="0" X="155.058038575521" Y="40" Width="44.9419614244786" Height="5" TextVAlign="Center" WordWrap="true" />
              </Cells>
            </Row>
            <Row X="10" Y="45" Width="190" Height="5" TextVAlign="Center">
              <Cells>
                <Cell CellWidth="3.4" OrigWidth="21.0520572980245" OrigHeight="5" Text="行号" FieldKind="Detail" DecimalDigits="0" X="10" Y="45" Width="21.0520572980245" Height="5" TextVAlign="Center" WordWrap="true" />
                <Cell CellWidth="3.4" OrigWidth="32.7871015866598" OrigHeight="5" Text="编号" FieldKind="Detail" DecimalDigits="0" X="31.0520572980245" Y="45" Width="32.7871015866598" Height="5" TextVAlign="Center" WordWrap="true" />
                <Cell CellWidth="3.4" OrigWidth="50.506749929839" OrigHeight="5" Text="说明" FieldKind="Detail" DecimalDigits="0" X="63.8391588846842" Y="45" Width="50.506749929839" Height="5" TextVAlign="Center" WordWrap="true" />
                <Cell CellWidth="3.4" OrigWidth="40.7121297609983" OrigHeight="5" Text="凭证类型" FieldKind="Detail" DecimalDigits="0" X="114.345908814523" Y="45" Width="40.7121297609983" Height="5" TextVAlign="Center" WordWrap="true" />
                <Cell CellWidth="3.4" OrigWidth="44.9419614244786" OrigHeight="5" Text="附件张数" FieldKind="Detail" DecimalDigits="0" X="155.058038575521" Y="45" Width="44.9419614244786" Height="5" TextVAlign="Center" WordWrap="true" />
              </Cells>
            </Row>
            <Row X="10" Y="50" Width="190" Height="4.90104166666666" TextVAlign="Center">
              <Cells>
                <Cell CellWidth="3.4" OrigWidth="19.9834566778599" OrigHeight="4.90104166666666" Text="" LeftLineVisible="false" RightLineVisible="false" BottomLineVisible="false" DecimalDigits="0" X="10" Y="50" Width="19.9834566778599" Height="4.90104166666666" TextVAlign="Center" WordWrap="true" />
                <Cell CellWidth="3.4" OrigWidth="1.0686006201646" OrigHeight="4.90104166666666" Text="" LeftLineVisible="false" RightLineVisible="false" BottomLineVisible="false" DecimalDigits="0" X="29.9834566778599" Y="50" Width="1.0686006201646" Height="4.90104166666666" TextVAlign="Center" WordWrap="true" />
                <Cell CellWidth="3.4" OrigWidth="32.7871015866598" OrigHeight="4.90104166666666" Text="" LeftLineVisible="false" RightLineVisible="false" BottomLineVisible="false" DecimalDigits="0" X="31.0520572980245" Y="50" Width="32.7871015866598" Height="4.90104166666666" TextVAlign="Center" WordWrap="true" />
                <Cell CellWidth="3.4" OrigWidth="50.506749929839" OrigHeight="4.90104166666666" Text="" LeftLineVisible="false" RightLineVisible="false" BottomLineVisible="false" DecimalDigits="0" X="63.8391588846842" Y="50" Width="50.506749929839" Height="4.90104166666666" TextVAlign="Center" WordWrap="true" />
                <Cell CellWidth="3.4" OrigWidth="40.7121297609983" OrigHeight="4.90104166666666" Text="打印时间" LeftLineVisible="false" RightLineVisible="false" BottomLineVisible="false" DecimalDigits="0" X="114.345908814523" Y="50" Width="40.7121297609983" Height="4.90104166666666" TextHAlign="Right" TextVAlign="Center" WordWrap="true" />
                <Cell CellWidth="3.4" OrigWidth="44.9419614244786" OrigHeight="4.90104166666666" Text="日期" FieldKind="System" LeftLineVisible="false" RightLineVisible="false" BottomLineVisible="false" DecimalDigits="0" X="155.058038575521" Y="50" Width="44.9419614244786" Height="4.90104166666666" TextHAlign="Right" TextVAlign="Center" WordWrap="true" />
              </Cells>
            </Row>
            <Row X="10" Y="54.9010416666667" Width="190" Height="5" TextVAlign="Center">
              <Cells>
                <Cell CellWidth="3.4" OrigWidth="19.9834566778599" OrigHeight="5" Text="" LeftLineVisible="false" TopLineVisible="false" RightLineVisible="false" BottomLineVisible="false" DecimalDigits="0" X="10" Y="54.9010416666667" Width="19.9834566778599" Height="5" TextColor="black" TextVAlign="Center" WordWrap="true" />
                <Cell CellWidth="3.4" OrigWidth="1.0686006201646" OrigHeight="5" Text="" LeftLineVisible="false" TopLineVisible="false" RightLineVisible="false" BottomLineVisible="false" DecimalDigits="0" X="29.9834566778599" Y="54.9010416666667" Width="1.0686006201646" Height="5" TextColor="black" TextVAlign="Center" WordWrap="true" />
                <Cell CellWidth="3.4" OrigWidth="32.7871015866598" OrigHeight="5" Text="" LeftLineVisible="false" TopLineVisible="false" RightLineVisible="false" BottomLineVisible="false" DecimalDigits="0" X="31.0520572980245" Y="54.9010416666667" Width="32.7871015866598" Height="5" TextColor="black" TextVAlign="Center" WordWrap="true" />
                <Cell CellWidth="3.4" OrigWidth="50.506749929839" OrigHeight="5" Text="" LeftLineVisible="false" TopLineVisible="false" RightLineVisible="false" BottomLineVisible="false" DecimalDigits="0" X="63.8391588846842" Y="54.9010416666667" Width="50.506749929839" Height="5" TextColor="black" TextVAlign="Center" WordWrap="true" />
                <Cell CellWidth="3.4" OrigWidth="40.7121297609983" OrigHeight="5" Text="" LeftLineVisible="false" TopLineVisible="false" RightLineVisible="false" BottomLineVisible="false" DecimalDigits="0" X="114.345908814523" Y="54.9010416666667" Width="40.7121297609983" Height="5" TextColor="black" TextVAlign="Center" WordWrap="true" />
                <Cell CellWidth="3.4" OrigWidth="44.9419614244786" OrigHeight="5" Text="【管家婆软件】" LeftLineVisible="false" TopLineVisible="false" RightLineVisible="false" BottomLineVisible="false" DecimalDigits="0" X="155.058038575521" Y="54.9010416666667" Width="44.9419614244786" Height="5" TextColor="black" TextHAlign="Right" TextVAlign="Center" WordWrap="true" />
              </Cells>
            </Row>
          </Rows>
        </TableElement>
      </Elements>
      <Bands>
        <Band IsVisible="false" TextVAlign="Center" />
        <Band BandKind="PageHeader" Height="20" TextVAlign="Center" />
        <Band BandKind="ReportHeader" Y="19.84375" Height="20" TextVAlign="Center" />
        <Band IsVisible="false" BandKind="PageBodyHeader" TextVAlign="Center" />
        <Band BandKind="PageDetail" Y="39.6875" Height="237" TextVAlign="Center" />
        <Band IsVisible="false" BandKind="PageBodyFooter" TextVAlign="Center" />
        <Band IsVisible="false" BandKind="ReportFooter" TextVAlign="Center" />
        <Band BandKind="PageFooter" Y="276.754166666667" Height="20" TextVAlign="Center" />
      </Bands>
    </Page>
  </Pages>
  <PageSettings MarginLeft="10" MarginTop="20" MarginRight="10" MarginBottom="20" PageWidth="210" PageHeight="297" MaxRowCount="0" />
  <ExpressionFields />
</Report>