<Report MaxRowCount="0">
  <Pages>
    <Page Width="210" Height="297" TextVAlign="Center">
      <OrderFields />
      <Elements>
        <TextElement Text="表名" FieldKind="Master" LeftLineVisible="false" TopLineVisible="false" RightLineVisible="false" BottomLineVisible="false" BandKind="ReportHeader" X="47.4291705449422" Y="26.6916685740153" Width="100" Height="10" FontSize="20" BoldFont="true" TextHAlign="Center" TextVAlign="Center" />
        <TableElement X="9.921875" Y="40" Width="189.970833333333" Height="236.422923660278" TextVAlign="Center">
          <Rows>
            <Row X="9.921875" Y="40" Width="189.970833333333" Height="5.11432291666667" TextVAlign="Center">
              <Cells>
                <Cell CellWidth="3.4" OrigWidth="19.3145833333333" OrigHeight="5.11432291666667" Text="" LeftLineVisible="false" TopLineVisible="false" RightLineVisible="false" X="9.921875" Y="40" Width="19.3145833333333" Height="5.11432291666667" BoldFont="true" TextColor="black" TextHAlign="Center" TextVAlign="Center" WordWrap="true" />
                <Cell CellWidth="3.4" OrigWidth="26.19375" OrigHeight="5.11432291666667" Text="" LeftLineVisible="false" TopLineVisible="false" RightLineVisible="false" X="29.2364583333333" Y="40" Width="26.19375" Height="5.11432291666667" BoldFont="true" TextColor="black" TextHAlign="Center" TextVAlign="Center" WordWrap="true" />
                <Cell CellWidth="3.4" OrigWidth="22.225" OrigHeight="5.11432291666667" Text="" LeftLineVisible="false" TopLineVisible="false" RightLineVisible="false" X="55.4302083333333" Y="40" Width="22.225" Height="5.11432291666667" BoldFont="true" TextColor="black" TextHAlign="Center" TextVAlign="Center" WordWrap="true" />
                <Cell CellWidth="3.4" OrigWidth="23.5479166666667" OrigHeight="5.11432291666667" Text="" LeftLineVisible="false" TopLineVisible="false" RightLineVisible="false" X="77.6552083333333" Y="40" Width="23.5479166666667" Height="5.11432291666667" BoldFont="true" TextColor="black" TextHAlign="Center" TextVAlign="Center" WordWrap="true" />
                <Cell CellWidth="3.4" OrigWidth="17.7270833333333" OrigHeight="5.11432291666667" Text="" LeftLineVisible="false" TopLineVisible="false" RightLineVisible="false" X="101.203125" Y="40" Width="17.7270833333333" Height="5.11432291666667" BoldFont="true" TextColor="black" TextHAlign="Center" TextVAlign="Center" WordWrap="true" />
                <Cell CellWidth="3.4" OrigWidth="19.05" OrigHeight="5.11432291666667" Text="开始日期" FieldKind="Master" LeftLineVisible="false" TopLineVisible="false" RightLineVisible="false" X="118.930208333333" Y="40" Width="19.05" Height="5.11432291666667" TextColor="black" TextHAlign="Right" TextVAlign="Center" WordWrap="true" />
                <Cell CellWidth="3.4" OrigWidth="13.7583333333334" OrigHeight="5.11432291666667" Text="至" LeftLineVisible="false" TopLineVisible="false" RightLineVisible="false" X="137.980208333333" Y="40" Width="13.7583333333334" Height="5.11432291666667" TextColor="black" TextHAlign="Center" TextVAlign="Center" WordWrap="true" />
                <Cell CellWidth="3.4" OrigWidth="48.1541666666667" OrigHeight="5" Text="结束日期" FieldKind="Master" LeftLineVisible="false" TopLineVisible="false" RightLineVisible="false" X="151.738541666667" Y="40" Width="48.1541666666667" Height="5.11432291666667" TextColor="black" TextVAlign="Center" />
              </Cells>
            </Row>
            <Row X="9.921875" Y="45.1143229166667" Width="189.970833333333" Height="5.11432291666667" TextVAlign="Center">
              <Cells>
                <Cell CellWidth="3.4" OrigWidth="19.3145833333333" OrigHeight="5.11432291666667" Text="日期" X="9.921875" Y="45.1143229166667" Width="19.3145833333333" Height="5.11432291666667" BoldFont="true" TextHAlign="Center" TextVAlign="Center" WordWrap="true" />
                <Cell CellWidth="3.4" OrigWidth="26.19375" OrigHeight="5.11432291666667" Text="存货编号" X="29.2364583333333" Y="45.1143229166667" Width="26.19375" Height="5.11432291666667" BoldFont="true" TextHAlign="Center" TextVAlign="Center" WordWrap="true" />
                <Cell CellWidth="3.4" OrigWidth="22.225" OrigHeight="5.11432291666667" Text="存货全名" X="55.4302083333333" Y="45.1143229166667" Width="22.225" Height="5.11432291666667" BoldFont="true" TextHAlign="Center" TextVAlign="Center" WordWrap="true" />
                <Cell CellWidth="3.4" OrigWidth="23.5479166666667" OrigHeight="5.11432291666667" Text="出库仓库" X="77.6552083333333" Y="45.1143229166667" Width="23.5479166666667" Height="5.11432291666667" BoldFont="true" TextHAlign="Center" TextVAlign="Center" WordWrap="true" />
                <Cell CellWidth="3.4" OrigWidth="17.7270833333333" OrigHeight="5.11432291666667" Text="入库仓库" X="101.203125" Y="45.1143229166667" Width="17.7270833333333" Height="5.11432291666667" BoldFont="true" TextHAlign="Center" TextVAlign="Center" WordWrap="true" />
                <Cell CellWidth="3.4" OrigWidth="19.05" OrigHeight="5.11432291666667" Text="数量" X="118.930208333333" Y="45.1143229166667" Width="19.05" Height="5.11432291666667" BoldFont="true" TextHAlign="Center" TextVAlign="Center" WordWrap="true" />
                <Cell CellWidth="3.4" OrigWidth="13.7583333333334" OrigHeight="5.11432291666667" Text="单价" X="137.980208333333" Y="45.1143229166667" Width="13.7583333333334" Height="5.11432291666667" BoldFont="true" TextHAlign="Center" TextVAlign="Center" WordWrap="true" />
                <Cell CellWidth="3.4" OrigWidth="11.1125" OrigHeight="5" Text="金额" X="151.738541666667" Y="45.1143229166667" Width="11.1125" Height="5.11432291666667" BoldFont="true" TextHAlign="Center" TextVAlign="Center" />
                <Cell CellWidth="3.4" OrigWidth="17.9916666666667" OrigHeight="5" Text="职员" X="162.851041666667" Y="45.1143229166667" Width="17.9916666666667" Height="5.11432291666667" BoldFont="true" TextHAlign="Center" TextVAlign="Center" />
                <Cell CellWidth="3.4" OrigWidth="19.05" OrigHeight="5" Text="部门全名" X="180.842708333333" Y="45.1143229166667" Width="19.05" Height="5.11432291666667" BoldFont="true" TextHAlign="Center" TextVAlign="Center" />
              </Cells>
            </Row>
            <Row X="9.921875" Y="50.2286458333333" Width="189.970833333333" Height="5.11432291666667" TextVAlign="Center">
              <Cells>
                <Cell CellWidth="3.4" OrigWidth="19.3145833333333" OrigHeight="5.11432291666667" Text="日期" FieldKind="Detail" X="9.921875" Y="50.2286458333333" Width="19.3145833333333" Height="5.11432291666667" TextColor="black" TextHAlign="Center" TextVAlign="Center" WordWrap="true" />
                <Cell CellWidth="3.4" OrigWidth="26.19375" OrigHeight="5.11432291666667" Text="存货编号" FieldKind="Detail" X="29.2364583333333" Y="50.2286458333333" Width="26.19375" Height="5.11432291666667" TextColor="black" TextHAlign="Center" TextVAlign="Center" WordWrap="true" />
                <Cell CellWidth="3.4" OrigWidth="22.225" OrigHeight="5.11432291666667" Text="存货全名" FieldKind="Detail" X="55.4302083333333" Y="50.2286458333333" Width="22.225" Height="5.11432291666667" TextColor="black" TextHAlign="Center" TextVAlign="Center" WordWrap="true" />
                <Cell CellWidth="3.4" OrigWidth="23.5479166666667" OrigHeight="5.11432291666667" Text="出库仓库" FieldKind="Detail" X="77.6552083333333" Y="50.2286458333333" Width="23.5479166666667" Height="5.11432291666667" TextColor="black" TextHAlign="Center" TextVAlign="Center" WordWrap="true" />
                <Cell CellWidth="3.4" OrigWidth="17.7270833333333" OrigHeight="5.11432291666667" Text="入库仓库" FieldKind="Detail" X="101.203125" Y="50.2286458333333" Width="17.7270833333333" Height="5.11432291666667" TextColor="black" TextHAlign="Center" TextVAlign="Center" WordWrap="true" />
                <Cell CellWidth="3.4" OrigWidth="19.05" OrigHeight="5.11432291666667" Text="数量" FieldKind="Detail" X="118.930208333333" Y="50.2286458333333" Width="19.05" Height="5.11432291666667" TextColor="black" TextHAlign="Center" TextVAlign="Center" WordWrap="true" />
                <Cell CellWidth="3.4" OrigWidth="13.7583333333334" OrigHeight="5.11432291666667" Text="入库单价" FieldKind="Detail" X="137.980208333333" Y="50.2286458333333" Width="13.7583333333334" Height="5.11432291666667" TextColor="black" TextHAlign="Center" TextVAlign="Center" WordWrap="true" />
                <Cell CellWidth="3.4" OrigWidth="11.1125" OrigHeight="5" Text="入库金额" FieldKind="Detail" X="151.738541666667" Y="50.2286458333333" Width="11.1125" Height="5.11432291666667" TextVAlign="Center" />
                <Cell CellWidth="3.4" OrigWidth="17.9916666666667" OrigHeight="5" Text="职员全名" FieldKind="Detail" X="162.851041666667" Y="50.2286458333333" Width="17.9916666666667" Height="5.11432291666667" TextVAlign="Center" />
                <Cell CellWidth="3.4" OrigWidth="19.05" OrigHeight="5" Text="部门全名" FieldKind="Detail" X="180.842708333333" Y="50.2286458333333" Width="19.05" Height="5.11432291666667" TextVAlign="Center" />
              </Cells>
            </Row>
            <Row X="9.921875" Y="55.34296875" Width="189.970833333333" Height="5" TextVAlign="Center">
              <Cells>
                <Cell CellWidth="3.4" OrigWidth="24.60625" OrigHeight="5" Text="核算单位:" LeftLineVisible="false" RightLineVisible="false" BottomLineVisible="false" X="9.921875" Y="55.34296875" Width="24.60625" Height="5" TextColor="black" TextHAlign="Center" TextVAlign="Center" WordWrap="true" />
                <Cell CellWidth="3.4" OrigWidth="24.60625" OrigHeight="5" Text="" LeftLineVisible="false" RightLineVisible="false" BottomLineVisible="false" X="34.528125" Y="55.34296875" Width="24.60625" Height="5" TextColor="black" TextHAlign="Center" TextVAlign="Center" WordWrap="true" />
                <Cell CellWidth="3.4" OrigWidth="39.9520833333334" OrigHeight="5" Text="制表人：" LeftLineVisible="false" RightLineVisible="false" BottomLineVisible="false" X="59.134375" Y="55.34296875" Width="39.9520833333334" Height="5" TextColor="black" TextHAlign="Right" TextVAlign="Center" WordWrap="true" />
                <Cell CellWidth="3.4" OrigWidth="37.3062499999999" OrigHeight="5" Text="" LeftLineVisible="false" RightLineVisible="false" BottomLineVisible="false" X="99.0864583333334" Y="55.34296875" Width="37.3062499999999" Height="5" TextColor="black" TextHAlign="Center" TextVAlign="Center" WordWrap="true" />
                <Cell CellWidth="3.4" OrigWidth="33.3375" OrigHeight="5" Text="打印时间：" LeftLineVisible="false" RightLineVisible="false" BottomLineVisible="false" X="136.392708333333" Y="55.34296875" Width="33.3375" Height="5" TextColor="black" TextHAlign="Center" TextVAlign="Center" WordWrap="true" />
                <Cell CellWidth="3.4" OrigWidth="30.1625" OrigHeight="5" Text="日期" FieldKind="System" LeftLineVisible="false" RightLineVisible="false" BottomLineVisible="false" X="169.730208333333" Y="55.34296875" Width="30.1625" Height="5" TextColor="black" TextHAlign="Center" TextVAlign="Center" WordWrap="true" />
              </Cells>
            </Row>
            <Row X="9.921875" Y="60.34296875" Width="189.970833333333" Height="5" TextVAlign="Center">
              <Cells>
                <Cell CellWidth="3.4" OrigWidth="24.60625" OrigHeight="5" Text="" LeftLineVisible="false" TopLineVisible="false" RightLineVisible="false" BottomLineVisible="false" X="9.921875" Y="60.34296875" Width="24.60625" Height="5" TextColor="black" TextHAlign="Center" TextVAlign="Center" WordWrap="true" />
                <Cell CellWidth="3.4" OrigWidth="24.60625" OrigHeight="5" Text="" LeftLineVisible="false" TopLineVisible="false" RightLineVisible="false" BottomLineVisible="false" X="34.528125" Y="60.34296875" Width="24.60625" Height="5" TextColor="black" TextHAlign="Center" TextVAlign="Center" WordWrap="true" />
                <Cell CellWidth="3.4" OrigWidth="39.9520833333334" OrigHeight="5" Text="" LeftLineVisible="false" TopLineVisible="false" RightLineVisible="false" BottomLineVisible="false" X="59.134375" Y="60.34296875" Width="39.9520833333334" Height="5" TextColor="black" TextHAlign="Center" TextVAlign="Center" WordWrap="true" />
                <Cell CellWidth="3.4" OrigWidth="37.3062499999999" OrigHeight="5" Text="" LeftLineVisible="false" TopLineVisible="false" RightLineVisible="false" BottomLineVisible="false" X="99.0864583333334" Y="60.34296875" Width="37.3062499999999" Height="5" TextColor="black" TextHAlign="Center" TextVAlign="Center" WordWrap="true" />
                <Cell CellWidth="3.4" OrigWidth="63.5" OrigHeight="5" Text="[管家婆软件]" LeftLineVisible="false" TopLineVisible="false" RightLineVisible="false" BottomLineVisible="false" X="136.392708333333" Y="60.34296875" Width="63.5" Height="5" TextColor="black" TextHAlign="Right" TextVAlign="Center" WordWrap="true" />
              </Cells>
            </Row>
          </Rows>
        </TableElement>
        <TextElement Text="总页码" FieldKind="System" LeftLineVisible="false" TopLineVisible="false" RightLineVisible="false" BottomLineVisible="false" BandKind="PageHeader" X="175.629169972738" Y="11.5833328564962" Width="20" Height="5" TextHAlign="Right" TextVAlign="Center" />
      </Elements>
      <Bands>
        <Band IsVisible="false" TextVAlign="Center" />
        <Band BandKind="PageHeader" Height="20" TextVAlign="Center" />
        <Band BandKind="ReportHeader" Y="19.84375" Height="20" TextVAlign="Center" />
        <Band IsVisible="false" BandKind="PageBodyHeader" TextVAlign="Center" />
        <Band BandKind="PageDetail" Y="39.9520833333333" Height="237" TextVAlign="Center" />
        <Band IsVisible="false" BandKind="PageBodyFooter" TextVAlign="Center" />
        <Band IsVisible="false" BandKind="ReportFooter" TextVAlign="Center" />
        <Band BandKind="PageFooter" Y="276.754166666667" Height="20" TextVAlign="Center" />
      </Bands>
    </Page>
  </Pages>
  <PageSettings MarginLeft="10" MarginTop="20" MarginRight="10" MarginBottom="20" PageWidth="210" PageHeight="297" />
  <ExpressionFields />
</Report>