<Report MaxRowCount="0">
  <Pages>
    <Page Width="210" Height="297" TextVAlign="Center">
      <OrderFields />
      <Elements>
        <TextElement Text="财贸双全-应付按单结算查询" LeftLineWidth="3" LeftLineColor="#FFFFFF" TopLineVisible="false" TopLineWidth="0" TopLineColor="#FFFFFF" RightLineVisible="false" RightLineWidth="0" RightLineColor="#FFFFFF" BottomLineVisible="false" BottomLineWidth="0" BottomLineColor="#FFFFFF" DecimalDigits="0" X="85" Y="5" Width="175" Height="10" FontSize="20" BoldFont="true" TextVAlign="Center" />
        <TableElement X="10" Y="40" Width="200" Height="237" TextVAlign="Center">
          <Rows>
            <Row Height="5" TextVAlign="Center">
              <Cells>
                <Cell OrigWidth="20" OrigHeight="5" AccounttantLineVisble="true" Text="行号" DecimalDigits="0" Width="20" Height="5" TextVAlign="Center" WordWrap="true" />
                <Cell OrigWidth="20" OrigHeight="5" AccounttantLineVisble="true" Text="单据类型" DecimalDigits="0" X="20" Width="20" Height="5" TextVAlign="Center" WordWrap="true" />
                <Cell OrigWidth="20" OrigHeight="5" AccounttantLineVisble="true" Text="单据编号" DecimalDigits="0" X="40" Width="20" Height="5" TextVAlign="Center" WordWrap="true" />
                <Cell OrigWidth="20" OrigHeight="5" AccounttantLineVisble="true" Text="单位编号" DecimalDigits="0" X="60" Width="20" Height="5" TextVAlign="Center" WordWrap="true" />
                <Cell OrigWidth="20" OrigHeight="5" AccounttantLineVisble="true" Text="单位全名" DecimalDigits="0" X="80" Width="20" Height="5" TextVAlign="Center" WordWrap="true" />
                <Cell OrigWidth="20" OrigHeight="5" AccounttantLineVisble="true" Text="职员编号" DecimalDigits="0" X="100" Width="20" Height="5" TextVAlign="Center" WordWrap="true" />
                <Cell OrigWidth="20" OrigHeight="5" AccounttantLineVisble="true" Text="职员全名" DecimalDigits="0" X="120" Width="20" Height="5" TextVAlign="Center" WordWrap="true" />
                <Cell OrigWidth="20" OrigHeight="5" AccounttantLineVisble="true" Text="日期" DecimalDigits="0" X="140" Width="20" Height="5" TextVAlign="Center" WordWrap="true" />
                <Cell OrigWidth="20" OrigHeight="5" AccounttantLineVisble="true" Text="单据摘要" DecimalDigits="0" X="160" Width="20" Height="5" TextVAlign="Center" WordWrap="true" />
                <Cell OrigWidth="20" OrigHeight="5" AccounttantLineVisble="true" Text="单据金额" DecimalDigits="0" X="180" Width="20" Height="5" TextVAlign="Center" WordWrap="true" />
                <Cell OrigWidth="20" OrigHeight="5" AccounttantLineVisble="true" Text="期初已结算金额" DecimalDigits="0" X="200" Width="20" Height="5" TextVAlign="Center" WordWrap="true" />
                <Cell OrigWidth="20" OrigHeight="5" AccounttantLineVisble="true" Text="自结算金额" DecimalDigits="0" X="220" Width="20" Height="5" TextVAlign="Center" WordWrap="true" />
                <Cell OrigWidth="20" OrigHeight="5" AccounttantLineVisble="true" Text="自付款金额" DecimalDigits="0" X="240" Width="20" Height="5" TextVAlign="Center" WordWrap="true" />
                <Cell OrigWidth="20" OrigHeight="5" AccounttantLineVisble="true" Text="付款结算金额" DecimalDigits="0" X="260" Width="20" Height="5" TextVAlign="Center" WordWrap="true" />
                <Cell OrigWidth="20" OrigHeight="5" AccounttantLineVisble="true" Text="核销结算金额" DecimalDigits="0" X="280" Width="20" Height="5" TextVAlign="Center" WordWrap="true" />
                <Cell OrigWidth="20" OrigHeight="5" AccounttantLineVisble="true" Text="合计结算金额" DecimalDigits="0" X="300" Width="20" Height="5" TextVAlign="Center" WordWrap="true" />
                <Cell OrigWidth="20" OrigHeight="5" AccounttantLineVisble="true" Text="未结算金额" DecimalDigits="0" X="320" Width="20" Height="5" TextVAlign="Center" WordWrap="true" />
              </Cells>
            </Row>
            <Row Height="5" TextVAlign="Center">
              <Cells>
                <Cell OrigWidth="20" OrigHeight="5" AccounttantLineVisble="true" Text="行号" FieldKind="Detail" DecimalDigits="0" Width="20" Height="5" TextVAlign="Center" WordWrap="true" />
                <Cell OrigWidth="20" OrigHeight="5" AccounttantLineVisble="true" Text="单据类型" FieldKind="Detail" DecimalDigits="0" X="20" Width="20" Height="5" TextVAlign="Center" WordWrap="true" />
                <Cell OrigWidth="20" OrigHeight="5" AccounttantLineVisble="true" Text="单据编号" FieldKind="Detail" DecimalDigits="0" X="40" Width="20" Height="5" TextVAlign="Center" WordWrap="true" />
                <Cell OrigWidth="20" OrigHeight="5" AccounttantLineVisble="true" Text="单位编号" FieldKind="Detail" DecimalDigits="0" X="60" Width="20" Height="5" TextVAlign="Center" WordWrap="true" />
                <Cell OrigWidth="20" OrigHeight="5" AccounttantLineVisble="true" Text="单位全名" FieldKind="Detail" DecimalDigits="0" X="80" Width="20" Height="5" TextVAlign="Center" WordWrap="true" />
                <Cell OrigWidth="20" OrigHeight="5" AccounttantLineVisble="true" Text="职员编号" FieldKind="Detail" DecimalDigits="0" X="100" Width="20" Height="5" TextVAlign="Center" WordWrap="true" />
                <Cell OrigWidth="20" OrigHeight="5" AccounttantLineVisble="true" Text="职员全名" FieldKind="Detail" DecimalDigits="0" X="120" Width="20" Height="5" TextVAlign="Center" WordWrap="true" />
                <Cell OrigWidth="20" OrigHeight="5" AccounttantLineVisble="true" Text="日期" FieldKind="Detail" DecimalDigits="0" X="140" Width="20" Height="5" TextVAlign="Center" WordWrap="true" />
                <Cell OrigWidth="20" OrigHeight="5" AccounttantLineVisble="true" Text="单据摘要" FieldKind="Detail" DecimalDigits="0" X="160" Width="20" Height="5" TextVAlign="Center" WordWrap="true" />
                <Cell OrigWidth="20" OrigHeight="5" AccounttantLineVisble="true" Text="单据金额" FieldKind="Detail" DecimalDigits="0" X="180" Width="20" Height="5" TextVAlign="Center" WordWrap="true" />
                <Cell OrigWidth="20" OrigHeight="5" AccounttantLineVisble="true" Text="期初已结算金额" FieldKind="Detail" DecimalDigits="0" X="200" Width="20" Height="5" TextVAlign="Center" WordWrap="true" />
                <Cell OrigWidth="20" OrigHeight="5" AccounttantLineVisble="true" Text="自结算金额" FieldKind="Detail" DecimalDigits="0" X="220" Width="20" Height="5" TextVAlign="Center" WordWrap="true" />
                <Cell OrigWidth="20" OrigHeight="5" AccounttantLineVisble="true" Text="自付款金额" FieldKind="Detail" DecimalDigits="0" X="240" Width="20" Height="5" TextVAlign="Center" WordWrap="true" />
                <Cell OrigWidth="20" OrigHeight="5" AccounttantLineVisble="true" Text="付款结算金额" FieldKind="Detail" DecimalDigits="0" X="260" Width="20" Height="5" TextVAlign="Center" WordWrap="true" />
                <Cell OrigWidth="20" OrigHeight="5" AccounttantLineVisble="true" Text="核销结算金额" FieldKind="Detail" DecimalDigits="0" X="280" Width="20" Height="5" TextVAlign="Center" WordWrap="true" />
                <Cell OrigWidth="20" OrigHeight="5" AccounttantLineVisble="true" Text="合计结算金额" FieldKind="Detail" DecimalDigits="0" X="300" Width="20" Height="5" TextVAlign="Center" WordWrap="true" />
                <Cell OrigWidth="20" OrigHeight="5" AccounttantLineVisble="true" Text="未结算金额" FieldKind="Detail" DecimalDigits="0" X="320" Width="20" Height="5" TextVAlign="Center" WordWrap="true" />
              </Cells>
            </Row>
            <Row Height="5" TextVAlign="Center">
              <Cells>
                <Cell OrigWidth="20" OrigHeight="5" AccounttantLineVisble="true" Text="合计" DecimalDigits="0" Width="20" Height="5" TextVAlign="Center" WordWrap="true" />
                <Cell OrigWidth="20" OrigHeight="5" AccounttantLineVisble="true" Text="" DecimalDigits="0" X="20" Width="20" Height="5" TextVAlign="Center" WordWrap="true" />
                <Cell OrigWidth="20" OrigHeight="5" AccounttantLineVisble="true" Text="" DecimalDigits="0" X="40" Width="20" Height="5" TextVAlign="Center" WordWrap="true" />
                <Cell OrigWidth="20" OrigHeight="5" AccounttantLineVisble="true" Text="" DecimalDigits="0" X="60" Width="20" Height="5" TextVAlign="Center" WordWrap="true" />
                <Cell OrigWidth="20" OrigHeight="5" AccounttantLineVisble="true" Text="" DecimalDigits="0" X="80" Width="20" Height="5" TextVAlign="Center" WordWrap="true" />
                <Cell OrigWidth="20" OrigHeight="5" AccounttantLineVisble="true" Text="" DecimalDigits="0" X="100" Width="20" Height="5" TextVAlign="Center" WordWrap="true" />
                <Cell OrigWidth="20" OrigHeight="5" AccounttantLineVisble="true" Text="" DecimalDigits="0" X="120" Width="20" Height="5" TextVAlign="Center" WordWrap="true" />
                <Cell OrigWidth="20" OrigHeight="5" AccounttantLineVisble="true" Text="" DecimalDigits="0" X="140" Width="20" Height="5" TextVAlign="Center" WordWrap="true" />
                <Cell OrigWidth="20" OrigHeight="5" AccounttantLineVisble="true" Text="" DecimalDigits="0" X="160" Width="20" Height="5" TextVAlign="Center" WordWrap="true" />
                <Cell OrigWidth="20" OrigHeight="5" AccounttantLineVisble="true" Text="" DecimalDigits="0" X="180" Width="20" Height="5" TextVAlign="Center" WordWrap="true" />
                <Cell OrigWidth="20" OrigHeight="5" AccounttantLineVisble="true" Text="" DecimalDigits="0" X="200" Width="20" Height="5" TextVAlign="Center" WordWrap="true" />
                <Cell OrigWidth="20" OrigHeight="5" AccounttantLineVisble="true" Text="" DecimalDigits="0" X="220" Width="20" Height="5" TextVAlign="Center" WordWrap="true" />
                <Cell OrigWidth="20" OrigHeight="5" AccounttantLineVisble="true" Text="" DecimalDigits="0" X="240" Width="20" Height="5" TextVAlign="Center" WordWrap="true" />
                <Cell OrigWidth="20" OrigHeight="5" AccounttantLineVisble="true" Text="" DecimalDigits="0" X="260" Width="20" Height="5" TextVAlign="Center" WordWrap="true" />
                <Cell OrigWidth="20" OrigHeight="5" AccounttantLineVisble="true" Text="" DecimalDigits="0" X="280" Width="20" Height="5" TextVAlign="Center" WordWrap="true" />
                <Cell OrigWidth="20" OrigHeight="5" AccounttantLineVisble="true" Text="" DecimalDigits="0" X="300" Width="20" Height="5" TextVAlign="Center" WordWrap="true" />
                <Cell OrigWidth="20" OrigHeight="5" AccounttantLineVisble="true" Text="" DecimalDigits="0" X="320" Width="20" Height="5" TextVAlign="Center" WordWrap="true" />
              </Cells>
            </Row>
          </Rows>
        </TableElement>
      </Elements>
      <Bands>
        <Band IsVisible="false" TextVAlign="Center" />
        <Band BandKind="PageHeader" Height="20" TextVAlign="Center" />
        <Band BandKind="ReportHeader" Y="20" Height="20" TextVAlign="Center" />
        <Band IsVisible="false" BandKind="PageBodyHeader" TextVAlign="Center" />
        <Band BandKind="PageDetail" Y="40" Height="237" TextVAlign="Center" />
        <Band IsVisible="false" BandKind="PageBodyFooter" TextVAlign="Center" />
        <Band IsVisible="false" BandKind="ReportFooter" Height="20" TextVAlign="Center" />
        <Band BandKind="PageFooter" Y="277" Height="20" TextVAlign="Center" />
      </Bands>
    </Page>
  </Pages>
  <PageSettings MarginLeft="10" MarginTop="20" MarginBottom="20" PageWidth="210" PageHeight="297" />
  <ExpressionFields />
</Report>