<Report MaxRowCount="0">
  <Pages>
    <Page Width="210" Height="297" TextVAlign="Center">
      <OrderFields />
      <Elements>
        <TextElement Text="表名" FieldKind="Master" LeftLineVisible="false" TopLineVisible="false" RightLineVisible="false" BottomLineVisible="false" BandKind="ReportHeader" X="9.59375387827555" Y="21.2958335240682" Width="189.964583714803" Height="16.614582602183" FontSize="25" BoldFont="true" TextHAlign="Center" TextVAlign="Center" />
        <TableElement X="10" Y="40" Width="170.313541666667" Height="236.579164123535" TextVAlign="Center">
          <Rows>
            <Row X="10" Y="40" Width="160.182130256294" Height="12.9374987284342" TextVAlign="Center">
              <Cells>
                <Cell CellWidth="3.4" OrigWidth="20.8239583333333" OrigHeight="12.9374987284342" Text="会计科目：" LeftLineVisible="false" TopLineVisible="false" RightLineVisible="false" X="10" Y="40" Width="20.8239583333333" Height="12.9374987284342" TextColor="black" TextHAlign="Center" TextVAlign="Center" WordWrap="true" />
                <Cell CellWidth="3.4" OrigWidth="14.8166666666667" OrigHeight="12.9374987284342" Text="会计科目" FieldKind="Master" LeftLineVisible="false" TopLineVisible="false" RightLineVisible="false" X="30.8239583333333" Y="40" Width="14.8166666666667" Height="12.9374987284342" TextColor="black" TextVAlign="Center" WordWrap="true" />
                <Cell CellWidth="3.4" OrigWidth="20.9020833333333" OrigHeight="12.9374987284342" Text="供应商名称：" LeftLineVisible="false" TopLineVisible="false" RightLineVisible="false" X="45.640625" Y="40" Width="20.9020833333333" Height="12.9374987284342" TextColor="black" TextVAlign="Center" WordWrap="true" />
                <Cell CellWidth="3.4" OrigWidth="21.6958333333333" OrigHeight="12.9374987284342" Text="供应商名称" FieldKind="Master" LeftLineVisible="false" TopLineVisible="false" RightLineVisible="false" X="66.5427083333333" Y="40" Width="21.6958333333333" Height="12.9374987284342" TextColor="black" TextVAlign="Center" WordWrap="true" />
                <Cell CellWidth="3.4" OrigWidth="16.66875" OrigHeight="12.9374987284342" Text="显示方式：" LeftLineVisible="false" TopLineVisible="false" RightLineVisible="false" X="88.2385416666666" Y="40" Width="16.66875" Height="12.9374987284342" TextColor="black" TextVAlign="Center" WordWrap="true" />
                <Cell CellWidth="3.4" OrigWidth="17.4624999999999" OrigHeight="12.9374987284342" Text="显示方式" FieldKind="Master" LeftLineVisible="false" TopLineVisible="false" RightLineVisible="false" X="104.907291666667" Y="40" Width="17.4624999999999" Height="12.9374987284342" TextColor="black" TextVAlign="Center" WordWrap="true" />
                <Cell CellWidth="3.4" OrigWidth="18.5208333333333" OrigHeight="12.9374987284342" Text="开始日期" FieldKind="Master" LeftLineVisible="false" TopLineVisible="false" RightLineVisible="false" X="122.369791666667" Y="40" Width="18.5208333333333" Height="12.9374987284342" TextColor="black" TextVAlign="Center" WordWrap="true" />
                <Cell CellWidth="3.4" OrigWidth="8.46666666666667" OrigHeight="12.9374987284342" Text="至" LeftLineVisible="false" TopLineVisible="false" RightLineVisible="false" X="140.890625" Y="40" Width="8.46666666666667" Height="12.9374987284342" TextColor="black" TextVAlign="Center" WordWrap="true" />
                <Cell CellWidth="3.4" OrigWidth="20.824838589627" OrigHeight="12.9374987284342" Text="结束日期" FieldKind="Master" LeftLineVisible="false" TopLineVisible="false" RightLineVisible="false" X="149.357291666666" Y="40" Width="20.824838589627" Height="12.9374987284342" TextColor="black" TextVAlign="Center" WordWrap="true" />
              </Cells>
            </Row>
            <Row X="10" Y="52.9374987284342" Width="170.313541666667" Height="7.42141927083333" TextVAlign="Center">
              <Cells>
                <Cell CellWidth="3.4" OrigWidth="20.8239583333333" OrigHeight="7.42141927083333" Text="日期" X="10" Y="52.9374987284342" Width="20.8239583333333" Height="7.42141927083333" TextColor="black" TextHAlign="Center" TextVAlign="Center" WordWrap="true" />
                <Cell RowSpan="2" CellWidth="3.4" OrigWidth="23.5479166666667" OrigHeight="7.42141927083333" Text="摘要" X="30.8239583333333" Y="52.9374987284342" Width="23.5479166666668" Height="15.0177734375" TextColor="black" TextHAlign="Center" TextVAlign="Center" WordWrap="true" />
                <Cell CellWidth="3.4" OrigWidth="35.1895833333333" OrigHeight="7.42141927083333" Text="借方" X="54.371875" Y="52.9374987284342" Width="35.1895833333333" Height="7.42141927083333" TextColor="black" TextHAlign="Center" TextVAlign="Center" WordWrap="true" />
                <Cell CellWidth="3.4" OrigWidth="36.5125" OrigHeight="7.42141927083333" Text="贷方" X="89.5614583333333" Y="52.9374987284342" Width="36.5125" Height="7.42141927083333" TextColor="black" TextHAlign="Center" TextVAlign="Center" WordWrap="true" />
                <Cell RowSpan="2" CellWidth="3.4" OrigWidth="11.6416666666667" OrigHeight="7.42141927083333" Text="方向" X="126.073958333333" Y="52.9374987284342" Width="11.6416666666667" Height="15.0177734375" TextColor="black" TextHAlign="Center" TextVAlign="Center" WordWrap="true" />
                <Cell CellWidth="3.4" OrigWidth="42.5979166666667" OrigHeight="7.42141927083333" Text="余额" X="137.715625" Y="52.9374987284342" Width="42.5979166666667" Height="7.42141927083333" TextHAlign="Center" TextVAlign="Center" />
              </Cells>
            </Row>
            <Row X="10" Y="60.3589179992675" Width="170.313541666667" Height="7.59635416666666" TextVAlign="Center">
              <Cells>
                <Cell CellWidth="3.4" OrigWidth="10.4119791666667" OrigHeight="7.59635416666666" Text="年" X="10" Y="60.3589179992675" Width="10.4119791666667" Height="7.59635416666666" TextColor="black" TextHAlign="Center" TextVAlign="Center" WordWrap="true" />
                <Cell CellWidth="3.4" OrigWidth="10.4119791666666" OrigHeight="7.59635416666666" Text="月" X="20.4119791666667" Y="60.3589179992675" Width="10.4119791666666" Height="7.59635416666666" TextColor="black" TextHAlign="Center" TextVAlign="Center" WordWrap="true" />
                <Cell CellWidth="3.4" OrigWidth="23.5479166666668" OrigHeight="7.59635416666666" Text="" X="30.8239583333333" Y="60.3589179992675" Width="23.5479166666668" Height="7.25520833333334" TextColor="black" TextHAlign="Center" TextVAlign="Center" WordWrap="true" />
                <Cell CellWidth="3.4" OrigWidth="17.4625" OrigHeight="7.59635416666666" Text="外币" X="54.3718750000001" Y="60.3589179992675" Width="17.4625" Height="7.59635416666666" TextColor="black" TextHAlign="Center" TextVAlign="Center" WordWrap="true" />
                <Cell CellWidth="3.4" OrigWidth="17.7270833333333" OrigHeight="7.59635416666666" Text="金额" X="71.8343750000001" Y="60.3589179992675" Width="17.7270833333333" Height="7.59635416666666" TextColor="black" TextHAlign="Center" TextVAlign="Center" WordWrap="true" />
                <Cell CellWidth="3.4" OrigWidth="19.05" OrigHeight="7.59635416666666" Text="外币" X="89.5614583333334" Y="60.3589179992675" Width="19.05" Height="7.59635416666666" TextColor="black" TextHAlign="Center" TextVAlign="Center" WordWrap="true" />
                <Cell CellWidth="3.4" OrigWidth="17.4625" OrigHeight="7.59635416666666" Text="金额" X="108.611458333333" Y="60.3589179992675" Width="17.4625" Height="7.59635416666666" TextColor="black" TextHAlign="Center" TextVAlign="Center" WordWrap="true" />
                <Cell CellWidth="3.4" OrigWidth="11.6416666666667" OrigHeight="7.59635416666666" Text="" X="126.073958333333" Y="60.3589179992675" Width="11.6416666666667" Height="7.25520833333334" TextColor="black" TextHAlign="Center" TextVAlign="Center" WordWrap="true" />
                <Cell CellWidth="3.4" OrigWidth="21.43125" OrigHeight="7.59635416666666" Text="外币" X="137.715625" Y="60.3589179992675" Width="21.43125" Height="7.59635416666666" TextColor="black" TextHAlign="Center" TextVAlign="Center" />
                <Cell CellWidth="3.4" OrigWidth="21.1666666666668" OrigHeight="7.59635416666666" Text="金额" X="159.146875" Y="60.3589179992675" Width="21.1666666666668" Height="7.59635416666666" TextColor="black" TextHAlign="Center" TextVAlign="Center" />
              </Cells>
            </Row>
            <Row X="10" Y="67.9552721659342" Width="170.313541666667" Height="4.92812499999999" TextVAlign="Center">
              <Cells>
                <Cell CellWidth="3.4" OrigWidth="10.4119791666667" OrigHeight="4.92812499999999" Text="年" FieldKind="Detail" X="10" Y="67.9552721659342" Width="10.4119791666667" Height="4.92812499999999" TextVAlign="Center" WordWrap="true" />
                <Cell CellWidth="3.4" OrigWidth="10.4119791666666" OrigHeight="4.92812499999999" Text="月" FieldKind="Detail" X="20.4119791666667" Y="67.9552721659342" Width="10.4119791666666" Height="4.92812499999999" TextVAlign="Center" WordWrap="true" />
                <Cell CellWidth="3.4" OrigWidth="23.5479166666668" OrigHeight="4.92812499999999" Text="摘要" FieldKind="Detail" X="30.8239583333333" Y="67.9552721659342" Width="23.5479166666668" Height="4.92812499999999" TextVAlign="Center" WordWrap="true" />
                <Cell CellWidth="3.4" OrigWidth="17.4625" OrigHeight="4.92812499999999" Text="借方外币" FieldKind="Detail" X="54.3718750000001" Y="67.9552721659342" Width="17.4625" Height="4.92812499999999" TextVAlign="Center" WordWrap="true" />
                <Cell CellWidth="3.4" OrigWidth="17.7270833333333" OrigHeight="4.92812499999999" Text="借方金额" FieldKind="Detail" X="71.8343750000001" Y="67.9552721659342" Width="17.7270833333333" Height="4.92812499999999" TextVAlign="Center" WordWrap="true" />
                <Cell CellWidth="3.4" OrigWidth="19.05" OrigHeight="4.92812499999999" Text="贷方外币" FieldKind="Detail" X="89.5614583333334" Y="67.9552721659342" Width="19.05" Height="4.92812499999999" TextVAlign="Center" WordWrap="true" />
                <Cell CellWidth="3.4" OrigWidth="17.4625" OrigHeight="4.92812499999999" Text="贷方金额" FieldKind="Detail" X="108.611458333333" Y="67.9552721659342" Width="17.4625" Height="4.92812499999999" TextVAlign="Center" WordWrap="true" />
                <Cell CellWidth="3.4" OrigWidth="11.6416666666667" OrigHeight="4.92812499999999" Text="方向" FieldKind="Detail" X="126.073958333333" Y="67.9552721659342" Width="11.6416666666667" Height="4.92812499999999" TextHAlign="Center" TextVAlign="Center" WordWrap="true" />
                <Cell CellWidth="3.4" OrigWidth="21.43125" OrigHeight="4.92812499999999" Text="余额外币" FieldKind="Detail" X="137.715625" Y="67.9552721659342" Width="21.43125" Height="4.92812499999999" TextHAlign="Right" TextVAlign="Center" />
                <Cell CellWidth="3.4" OrigWidth="21.1666666666668" OrigHeight="4.92812499999999" Text="余额金额" FieldKind="Detail" X="159.146875" Y="67.9552721659342" Width="21.1666666666668" Height="4.92812499999999" TextHAlign="Right" TextVAlign="Center" />
              </Cells>
            </Row>
            <Row X="10" Y="72.8833971659342" Width="170.048958333333" Height="5" TextVAlign="Center">
              <Cells>
                <Cell CellWidth="3.4" OrigWidth="20.8239583333333" OrigHeight="5" Text="" LeftLineVisible="false" RightLineVisible="false" BottomLineVisible="false" X="10" Y="72.8833971659342" Width="20.8239583333333" Height="5" TextColor="black" TextVAlign="Center" WordWrap="true" />
                <Cell CellWidth="3.4" OrigWidth="58.7375" OrigHeight="5" Text="" LeftLineVisible="false" RightLineVisible="false" BottomLineVisible="false" X="30.8239583333333" Y="72.8833971659342" Width="58.7375" Height="5" TextColor="black" TextVAlign="Center" WordWrap="true" />
                <Cell CellWidth="3.4" OrigWidth="22.4609511022374" OrigHeight="5" Text="" LeftLineVisible="false" RightLineVisible="false" BottomLineVisible="false" X="89.5614583333333" Y="72.8833971659342" Width="22.4609511022374" Height="5" TextColor="black" TextVAlign="Center" WordWrap="true" />
                <Cell CellWidth="3.4" OrigWidth="24.0221893112633" OrigHeight="5" Text="" LeftLineVisible="false" RightLineVisible="false" BottomLineVisible="false" X="112.022409435571" Y="72.8833971659342" Width="24.0221893112633" Height="5" TextColor="black" TextVAlign="Center" WordWrap="true" />
                <Cell CellWidth="3.4" OrigWidth="20.200823419199" OrigHeight="5" Text="打印时间：" LeftLineVisible="false" RightLineVisible="false" BottomLineVisible="false" X="136.044598746834" Y="72.8833971659342" Width="20.200823419199" Height="5" TextVAlign="Center" />
                <Cell CellWidth="3.4" OrigWidth="23.8035361673004" OrigHeight="5" Text="日期" FieldKind="System" LeftLineVisible="false" RightLineVisible="false" BottomLineVisible="false" X="156.245422166033" Y="72.8833971659342" Width="23.8035361673004" Height="5" TextHAlign="Right" TextVAlign="Center" />
              </Cells>
            </Row>
            <Row X="10" Y="77.8833971659342" Width="170.048958333333" Height="5" TextVAlign="Center">
              <Cells>
                <Cell CellWidth="3.4" OrigWidth="7.42344674259339" OrigHeight="5" Text="" LeftLineVisible="false" TopLineVisible="false" RightLineVisible="false" BottomLineVisible="false" X="10" Y="77.8833971659342" Width="7.42344674259339" Height="5" TextColor="black" TextVAlign="Center" WordWrap="true" />
                <Cell CellWidth="3.4" OrigWidth="9.31010794325524" OrigHeight="5" Text="" LeftLineVisible="false" TopLineVisible="false" RightLineVisible="false" BottomLineVisible="false" X="17.4234467425934" Y="77.8833971659342" Width="9.31010794325524" Height="5" TextColor="black" TextVAlign="Center" WordWrap="true" />
                <Cell CellWidth="3.4" OrigWidth="4.0904036474847" OrigHeight="5" Text="" LeftLineVisible="false" TopLineVisible="false" RightLineVisible="false" BottomLineVisible="false" X="26.7335546858486" Y="77.8833971659342" Width="4.0904036474847" Height="5" TextColor="black" TextVAlign="Center" WordWrap="true" />
                <Cell CellWidth="3.4" OrigWidth="58.7375" OrigHeight="5" Text="" LeftLineVisible="false" TopLineVisible="false" RightLineVisible="false" BottomLineVisible="false" X="30.8239583333333" Y="77.8833971659342" Width="58.7375" Height="5" TextColor="black" TextVAlign="Center" WordWrap="true" />
                <Cell CellWidth="3.4" OrigWidth="46.4831404135007" OrigHeight="5" Text="" LeftLineVisible="false" TopLineVisible="false" RightLineVisible="false" BottomLineVisible="false" X="89.5614583333333" Y="77.8833971659342" Width="46.4831404135007" Height="5" TextColor="black" TextVAlign="Center" WordWrap="true" />
                <Cell CellWidth="3.4" OrigWidth="44.0043595864994" OrigHeight="5" Text="[管家婆软件]" LeftLineVisible="false" TopLineVisible="false" RightLineVisible="false" BottomLineVisible="false" X="136.044598746834" Y="77.8833971659342" Width="44.0043595864994" Height="5" TextHAlign="Right" TextVAlign="Center" />
              </Cells>
            </Row>
            <Row X="10" Y="82.8833971659342" Width="2" TextVAlign="Center">
              <Cells>
                <Cell CellWidth="3.4" OrigWidth="2" OrigHeight="-70" Text=" " LeftLineVisible="false" TopLineVisible="false" RightLineVisible="false" BottomLineVisible="false" X="10" Y="82.8833971659342" Width="2" TextVAlign="Center" WordWrap="true" />
              </Cells>
            </Row>
          </Rows>
        </TableElement>
        <TextElement Text="总页码" FieldKind="System" LeftLineVisible="false" TopLineVisible="false" RightLineVisible="false" BottomLineVisible="false" BandKind="PageHeader" X="156.843753306071" Y="14.4937495231628" Width="42.7541692415873" Height="5.0000001390775" TextHAlign="Right" TextVAlign="Center" />
      </Elements>
      <Bands>
        <Band IsVisible="false" TextVAlign="Center" />
        <Band BandKind="PageHeader" Height="20" TextVAlign="Center" />
        <Band BandKind="ReportHeader" Y="19.84375" Height="19.84375" TextVAlign="Center" />
        <Band IsVisible="false" BandKind="PageBodyHeader" TextVAlign="Center" />
        <Band BandKind="PageDetail" Y="39.6875" Height="237.15625" TextVAlign="Center" />
        <Band IsVisible="false" BandKind="PageBodyFooter" TextVAlign="Center" />
        <Band IsVisible="false" BandKind="ReportFooter" TextVAlign="Center" />
        <Band BandKind="PageFooter" Y="276.754166666667" Height="20" TextVAlign="Center" />
      </Bands>
    </Page>
  </Pages>
  <PageSettings MarginLeft="10" MarginTop="20" MarginRight="10" MarginBottom="20" PageWidth="210" PageHeight="297" />
  <ExpressionFields />
</Report>