<Report MaxRowCount="0">
  <Pages>
    <Page Width="210" Height="297" TextVAlign="Center">
      <OrderFields />
      <Elements>
        <TextElement Text="库存分布情况表" LeftLineWidth="3" LeftLineColor="#FFFFFF" TopLineVisible="false" TopLineWidth="0" TopLineColor="#FFFFFF" RightLineVisible="false" RightLineWidth="0" RightLineColor="#FFFFFF" BottomLineVisible="false" BottomLineWidth="0" BottomLineColor="#FFFFFF" DecimalDigits="0" X="25.2041705449422" Y="5.52916680574417" Width="161" Height="10" FontSize="20" BoldFont="true" TextHAlign="Center" TextVAlign="Top" />
        <TableElement X="10" Y="40" Width="193.120838165283" Height="236.422923660278" TextVAlign="Center">
          <Rows>
            <Row X="10" Y="40" Width="193.120838165283" Height="5" TextVAlign="Center">
              <Cells>
                <Cell CellWidth="3.4" OrigWidth="28.5714285714286" OrigHeight="5" Text="行号" DecimalDigits="0" X="10" Y="40" Width="28.5714285714286" Height="5" TextVAlign="Center" WordWrap="true" />
                <Cell CellWidth="3.4" OrigWidth="28.5714285714286" OrigHeight="5" Text="存货编号" DecimalDigits="0" X="38.5714285714286" Y="40" Width="28.5714285714286" Height="5" TextVAlign="Center" WordWrap="true" />
                <Cell CellWidth="3.4" OrigWidth="28.5714285714286" OrigHeight="5" Text="存货全名" DecimalDigits="0" X="67.1428571428572" Y="40" Width="28.5714285714286" Height="5" TextVAlign="Center" WordWrap="true" />
                <Cell CellWidth="3.4" OrigWidth="23.7333289736793" OrigHeight="5" Text="合计数量" DecimalDigits="0" X="95.7142857142858" Y="40" Width="23.7333289736793" Height="5" TextVAlign="Center" WordWrap="true" />
                <Cell CellWidth="3.4" OrigWidth="33.4095281691778" OrigHeight="5" Text="合计单位成本" DecimalDigits="0" X="119.447614687965" Y="40" Width="33.4095281691778" Height="5" TextVAlign="Center" WordWrap="true" />
                <Cell CellWidth="3.4" OrigWidth="21.4276808784122" OrigHeight="5" Text="合计金额" DecimalDigits="0" X="152.857142857143" Y="40" Width="21.4276808784122" Height="5" TextVAlign="Center" WordWrap="true" />
                <Cell CellWidth="3.4" OrigWidth="28.8360144297282" OrigHeight="5" Text="合计副单位数量" DecimalDigits="0" X="174.284823735555" Y="40" Width="28.8360144297282" Height="5" TextVAlign="Center" WordWrap="true" />
              </Cells>
            </Row>
            <Row X="10" Y="45" Width="193.120838165283" Height="5" TextVAlign="Center">
              <Cells>
                <Cell CellWidth="3.4" OrigWidth="28.5714285714286" OrigHeight="5" Text="行号" FieldKind="Detail" DecimalDigits="0" X="10" Y="45" Width="28.5714285714286" Height="5" TextVAlign="Center" WordWrap="true" />
                <Cell CellWidth="3.4" OrigWidth="28.5714285714286" OrigHeight="5" Text="存货编号" FieldKind="Detail" DecimalDigits="0" X="38.5714285714286" Y="45" Width="28.5714285714286" Height="5" TextVAlign="Center" WordWrap="true" />
                <Cell CellWidth="3.4" OrigWidth="28.5714285714286" OrigHeight="5" Text="存货全名" FieldKind="Detail" DecimalDigits="0" X="67.1428571428572" Y="45" Width="28.5714285714286" Height="5" TextVAlign="Center" WordWrap="true" />
                <Cell CellWidth="3.4" OrigWidth="23.7333289736793" OrigHeight="5" Text="合计数量" FieldKind="Detail" DecimalDigits="0" X="95.7142857142858" Y="45" Width="23.7333289736793" Height="5" TextVAlign="Center" WordWrap="true" />
                <Cell CellWidth="3.4" OrigWidth="33.4095281691778" OrigHeight="5" Text="合计单位成本" FieldKind="Detail" DecimalDigits="0" X="119.447614687965" Y="45" Width="33.4095281691778" Height="5" TextVAlign="Center" WordWrap="true" />
                <Cell CellWidth="3.4" OrigWidth="21.4276808784122" OrigHeight="5" Text="合计金额" FieldKind="Detail" DecimalDigits="0" X="152.857142857143" Y="45" Width="21.4276808784122" Height="5" TextVAlign="Center" WordWrap="true" />
                <Cell CellWidth="3.4" OrigWidth="28.8360144297282" OrigHeight="5" Text="合计副单位数量" FieldKind="Detail" DecimalDigits="0" X="174.284823735555" Y="45" Width="28.8360144297282" Height="5" TextVAlign="Center" WordWrap="true" />
              </Cells>
            </Row>
            <Row X="10" Y="50" Width="193.120838165283" Height="5" TextVAlign="Center">
              <Cells>
                <Cell CellWidth="3.4" OrigWidth="28.5714285714286" OrigHeight="5" Text="合计" DecimalDigits="0" X="10" Y="50" Width="28.5714285714286" Height="5" TextVAlign="Center" WordWrap="true" />
                <Cell CellWidth="3.4" OrigWidth="28.5714285714286" OrigHeight="5" Text="" DecimalDigits="0" X="38.5714285714286" Y="50" Width="28.5714285714286" Height="5" TextVAlign="Center" WordWrap="true" />
                <Cell CellWidth="3.4" OrigWidth="28.5714285714286" OrigHeight="5" Text="" DecimalDigits="0" X="67.1428571428572" Y="50" Width="28.5714285714286" Height="5" TextVAlign="Center" WordWrap="true" />
                <Cell CellWidth="3.4" OrigWidth="23.7333289736793" OrigHeight="5" Text="合计数量" FieldKind="ToCurPageSum" DecimalDigits="0" X="95.7142857142858" Y="50" Width="23.7333289736793" Height="5" TextVAlign="Center" WordWrap="true" />
                <Cell CellWidth="3.4" OrigWidth="33.4095281691778" OrigHeight="5" Text="合计单位成本" FieldKind="ToCurPageSum" DecimalDigits="0" X="119.447614687965" Y="50" Width="33.4095281691778" Height="5" TextVAlign="Center" WordWrap="true" />
                <Cell CellWidth="3.4" OrigWidth="21.4276808784122" OrigHeight="5" Text="合计金额" FieldKind="ToCurPageSum" DecimalDigits="0" X="152.857142857143" Y="50" Width="21.4276808784122" Height="5" TextVAlign="Center" WordWrap="true" />
                <Cell CellWidth="3.4" OrigWidth="28.8360144297282" OrigHeight="5" Text="合计副单位数量" FieldKind="ToCurPageSum" DecimalDigits="0" X="174.284823735555" Y="50" Width="28.8360144297282" Height="5" TextVAlign="Center" WordWrap="true" />
              </Cells>
            </Row>
          </Rows>
        </TableElement>
      </Elements>
      <Bands>
        <Band IsVisible="false" TextVAlign="Center" />
        <Band BandKind="PageHeader" Height="20" TextVAlign="Center" />
        <Band BandKind="ReportHeader" Y="19.84375" Height="20" TextVAlign="Center" />
        <Band IsVisible="false" BandKind="PageBodyHeader" TextVAlign="Center" />
        <Band BandKind="PageDetail" Y="39.9520833333333" Height="237" TextVAlign="Center" />
        <Band IsVisible="false" BandKind="PageBodyFooter" TextVAlign="Center" />
        <Band IsVisible="false" BandKind="ReportFooter" TextVAlign="Center" />
        <Band BandKind="PageFooter" Y="276.754166666667" Height="20" TextVAlign="Center" />
      </Bands>
    </Page>
  </Pages>
  <PageSettings MarginLeft="10" MarginTop="20" MarginBottom="20" PageWidth="210" PageHeight="297" MaxRowCount="0" />
  <ExpressionFields />
</Report>