<Report MaxRowCount="0">
  <Pages>
    <Page Width="210" Height="297" TextVAlign="Center">
      <OrderFields />
      <Elements>
        <TextElement Text="表名" FieldKind="Master" LeftLineVisible="false" TopLineVisible="false" RightLineVisible="false" BottomLineVisible="false" BandKind="ReportHeader" X="47.4291705449422" Y="26.6916685740153" Width="100" Height="10" FontSize="20" BoldFont="true" TextHAlign="Center" TextVAlign="Center" />
        <TableElement X="9.921875" Y="40" Width="186.952083333333" Height="236.422923660278" TextVAlign="Center">
          <Rows>
            <Row X="9.921875" Y="40" Width="186.952083333333" Height="5.640625" TextVAlign="Center">
              <Cells>
                <Cell CellWidth="3.4" OrigWidth="27.78125" OrigHeight="5.640625" Text="交货日期:" LeftLineVisible="false" TopLineVisible="false" RightLineVisible="false" X="9.921875" Y="40" Width="27.78125" Height="5.640625" TextColor="black" TextHAlign="Center" TextVAlign="Center" WordWrap="true" />
                <Cell CellWidth="3.4" OrigWidth="23.8125" OrigHeight="5.640625" Text="交货日期" FieldKind="Master" LeftLineVisible="false" TopLineVisible="false" RightLineVisible="false" X="37.703125" Y="40" Width="23.8125" Height="5.640625" TextColor="black" TextHAlign="Center" TextVAlign="Center" WordWrap="true" />
                <Cell CellWidth="3.4" OrigWidth="27.2520833333333" OrigHeight="5.640625" Text="开始日期：" LeftLineVisible="false" TopLineVisible="false" RightLineVisible="false" X="61.515625" Y="40" Width="27.2520833333333" Height="5.640625" TextColor="black" TextHAlign="Right" TextVAlign="Center" WordWrap="true" />
                <Cell CellWidth="3.4" OrigWidth="24.3416666666667" OrigHeight="5.640625" Text="开始日期" FieldKind="Master" LeftLineVisible="false" TopLineVisible="false" RightLineVisible="false" X="88.7677083333333" Y="40" Width="24.3416666666667" Height="5.640625" TextColor="black" TextVAlign="Center" WordWrap="true" />
                <Cell CellWidth="3.4" OrigWidth="19.3145833333333" OrigHeight="5.640625" Text="结束日期：" LeftLineVisible="false" TopLineVisible="false" RightLineVisible="false" X="113.109375" Y="40" Width="19.3145833333333" Height="5.640625" TextColor="black" TextHAlign="Right" TextVAlign="Center" WordWrap="true" />
                <Cell CellWidth="3.4" OrigWidth="26.19375" OrigHeight="5.640625" Text="结束日期" FieldKind="Master" LeftLineVisible="false" TopLineVisible="false" RightLineVisible="false" X="132.423958333333" Y="40" Width="26.19375" Height="5.640625" TextColor="black" TextVAlign="Center" WordWrap="true" />
                <Cell CellWidth="3.4" OrigWidth="18.25625" OrigHeight="5.640625" Text="" LeftLineVisible="false" TopLineVisible="false" RightLineVisible="false" X="158.617708333333" Y="40" Width="18.25625" Height="5.640625" TextColor="black" TextHAlign="Center" TextVAlign="Center" WordWrap="true" />
                <Cell CellWidth="3.4" OrigWidth="20" OrigHeight="5.640625" Text="" LeftLineVisible="false" TopLineVisible="false" RightLineVisible="false" X="176.873958333333" Y="40" Width="20" Height="5.640625" TextColor="black" TextVAlign="Center" />
              </Cells>
            </Row>
            <Row X="9.921875" Y="45.640625" Width="186.952083333333" Height="5.11432291666667" TextVAlign="Center">
              <Cells>
                <Cell CellWidth="3.4" OrigWidth="27.78125" OrigHeight="5.11432291666667" Text="日期" X="9.921875" Y="45.640625" Width="27.78125" Height="5.11432291666667" TextHAlign="Center" TextVAlign="Center" WordWrap="true" />
                <Cell CellWidth="3.4" OrigWidth="23.8125" OrigHeight="5.11432291666667" Text="订单编号" X="37.703125" Y="45.640625" Width="23.8125" Height="5.11432291666667" TextHAlign="Center" TextVAlign="Center" WordWrap="true" />
                <Cell CellWidth="3.4" OrigWidth="27.2520833333333" OrigHeight="5.11432291666667" Text="单位名称" X="61.515625" Y="45.640625" Width="27.2520833333333" Height="5.11432291666667" TextHAlign="Center" TextVAlign="Center" WordWrap="true" />
                <Cell CellWidth="3.4" OrigWidth="24.3416666666667" OrigHeight="5.11432291666667" Text="经办人" X="88.7677083333333" Y="45.640625" Width="24.3416666666667" Height="5.11432291666667" TextHAlign="Center" TextVAlign="Center" WordWrap="true" />
                <Cell CellWidth="3.4" OrigWidth="45.5083333333333" OrigHeight="5.11432291666667" Text="交货日期" X="113.109375" Y="45.640625" Width="45.5083333333333" Height="5.11432291666667" TextHAlign="Center" TextVAlign="Center" WordWrap="true" />
                <Cell CellWidth="3.4" OrigWidth="38.25625" OrigHeight="5.11432291666667" Text="是否完成" X="158.617708333333" Y="45.640625" Width="38.25625" Height="5.11432291666667" TextHAlign="Center" TextVAlign="Center" WordWrap="true" />
              </Cells>
            </Row>
            <Row X="9.921875" Y="50.7549479166667" Width="186.952083333333" Height="5.11432291666667" TextVAlign="Center">
              <Cells>
                <Cell CellWidth="3.4" OrigWidth="27.78125" OrigHeight="5.11432291666667" Text="日期" FieldKind="Detail" X="9.921875" Y="50.7549479166667" Width="27.78125" Height="5.11432291666667" TextColor="black" TextHAlign="Center" TextVAlign="Center" WordWrap="true" />
                <Cell CellWidth="3.4" OrigWidth="23.8125" OrigHeight="5.11432291666667" Text="订单编号" FieldKind="Detail" X="37.703125" Y="50.7549479166667" Width="23.8125" Height="5.11432291666667" TextColor="black" TextHAlign="Center" TextVAlign="Center" WordWrap="true" />
                <Cell CellWidth="3.4" OrigWidth="27.2520833333333" OrigHeight="5.11432291666667" Text="客户全名" FieldKind="Detail" X="61.515625" Y="50.7549479166667" Width="27.2520833333333" Height="5.11432291666667" TextColor="black" TextHAlign="Center" TextVAlign="Center" WordWrap="true" />
                <Cell CellWidth="3.4" OrigWidth="24.3416666666667" OrigHeight="5.11432291666667" Text="经办人全名" FieldKind="Detail" X="88.7677083333333" Y="50.7549479166667" Width="24.3416666666667" Height="5.11432291666667" TextColor="black" TextHAlign="Center" TextVAlign="Center" WordWrap="true" />
                <Cell CellWidth="3.4" OrigWidth="45.5083333333333" OrigHeight="5.11432291666667" Text="交货日期" FieldKind="Detail" X="113.109375" Y="50.7549479166667" Width="45.5083333333333" Height="5.11432291666667" TextColor="black" TextHAlign="Center" TextVAlign="Center" WordWrap="true" />
                <Cell CellWidth="3.4" OrigWidth="38.25625" OrigHeight="5.11432291666667" Text="是否完成" FieldKind="Detail" X="158.617708333333" Y="50.7549479166667" Width="38.25625" Height="5.11432291666667" TextColor="black" TextHAlign="Center" TextVAlign="Center" WordWrap="true" />
              </Cells>
            </Row>
            <Row X="9.921875" Y="55.8692708333333" Width="186.952083333333" Height="5" TextVAlign="Center">
              <Cells>
                <Cell CellWidth="3.4" OrigWidth="24.60625" OrigHeight="5" Text="核算单位:" LeftLineVisible="false" RightLineVisible="false" BottomLineVisible="false" X="9.921875" Y="55.8692708333333" Width="24.60625" Height="5" TextColor="black" TextHAlign="Center" TextVAlign="Center" WordWrap="true" />
                <Cell CellWidth="3.4" OrigWidth="24.60625" OrigHeight="5" Text="" LeftLineVisible="false" RightLineVisible="false" BottomLineVisible="false" X="34.528125" Y="55.8692708333333" Width="24.60625" Height="5" TextColor="black" TextHAlign="Center" TextVAlign="Center" WordWrap="true" />
                <Cell CellWidth="3.4" OrigWidth="39.9520833333334" OrigHeight="5" Text="" LeftLineVisible="false" RightLineVisible="false" BottomLineVisible="false" X="59.134375" Y="55.8692708333333" Width="39.9520833333334" Height="5" TextColor="black" TextHAlign="Right" TextVAlign="Center" WordWrap="true" />
                <Cell CellWidth="3.4" OrigWidth="37.3062499999999" OrigHeight="5" Text="" LeftLineVisible="false" RightLineVisible="false" BottomLineVisible="false" X="99.0864583333334" Y="55.8692708333333" Width="37.3062499999999" Height="5" TextColor="black" TextHAlign="Center" TextVAlign="Center" WordWrap="true" />
                <Cell CellWidth="3.4" OrigWidth="33.3375" OrigHeight="5" Text="打印时间：" LeftLineVisible="false" RightLineVisible="false" BottomLineVisible="false" X="136.392708333333" Y="55.8692708333333" Width="33.3375" Height="5" TextColor="black" TextHAlign="Center" TextVAlign="Center" WordWrap="true" />
                <Cell CellWidth="3.4" OrigWidth="27.14375" OrigHeight="5" Text="日期" FieldKind="System" LeftLineVisible="false" RightLineVisible="false" BottomLineVisible="false" X="169.730208333333" Y="55.8692708333333" Width="27.14375" Height="5" TextColor="black" TextHAlign="Center" TextVAlign="Center" WordWrap="true" />
              </Cells>
            </Row>
            <Row X="9.921875" Y="60.8692708333333" Width="186.952083333333" Height="5" TextVAlign="Center">
              <Cells>
                <Cell CellWidth="3.4" OrigWidth="24.60625" OrigHeight="5" Text="" LeftLineVisible="false" TopLineVisible="false" RightLineVisible="false" BottomLineVisible="false" X="9.921875" Y="60.8692708333333" Width="24.60625" Height="5" TextColor="black" TextHAlign="Center" TextVAlign="Center" WordWrap="true" />
                <Cell CellWidth="3.4" OrigWidth="24.60625" OrigHeight="5" Text="" LeftLineVisible="false" TopLineVisible="false" RightLineVisible="false" BottomLineVisible="false" X="34.528125" Y="60.8692708333333" Width="24.60625" Height="5" TextColor="black" TextHAlign="Center" TextVAlign="Center" WordWrap="true" />
                <Cell CellWidth="3.4" OrigWidth="39.9520833333334" OrigHeight="5" Text="" LeftLineVisible="false" TopLineVisible="false" RightLineVisible="false" BottomLineVisible="false" X="59.134375" Y="60.8692708333333" Width="39.9520833333334" Height="5" TextColor="black" TextHAlign="Center" TextVAlign="Center" WordWrap="true" />
                <Cell CellWidth="3.4" OrigWidth="37.3062499999999" OrigHeight="5" Text="" LeftLineVisible="false" TopLineVisible="false" RightLineVisible="false" BottomLineVisible="false" X="99.0864583333334" Y="60.8692708333333" Width="37.3062499999999" Height="5" TextColor="black" TextHAlign="Center" TextVAlign="Center" WordWrap="true" />
                <Cell CellWidth="3.4" OrigWidth="60.48125" OrigHeight="5" Text="[管家婆软件]" LeftLineVisible="false" TopLineVisible="false" RightLineVisible="false" BottomLineVisible="false" X="136.392708333333" Y="60.8692708333333" Width="60.48125" Height="5" TextColor="black" TextHAlign="Right" TextVAlign="Center" WordWrap="true" />
              </Cells>
            </Row>
          </Rows>
        </TableElement>
        <TextElement Text="总页码" FieldKind="System" LeftLineVisible="false" TopLineVisible="false" RightLineVisible="false" BottomLineVisible="false" BandKind="PageHeader" X="175.629169972738" Y="11.5833328564962" Width="20" Height="5" TextHAlign="Right" TextVAlign="Center" />
      </Elements>
      <Bands>
        <Band IsVisible="false" TextVAlign="Center" />
        <Band BandKind="PageHeader" Height="20" TextVAlign="Center" />
        <Band BandKind="ReportHeader" Y="19.84375" Height="20" TextVAlign="Center" />
        <Band IsVisible="false" BandKind="PageBodyHeader" TextVAlign="Center" />
        <Band BandKind="PageDetail" Y="39.9520833333333" Height="237" TextVAlign="Center" />
        <Band IsVisible="false" BandKind="PageBodyFooter" TextVAlign="Center" />
        <Band IsVisible="false" BandKind="ReportFooter" TextVAlign="Center" />
        <Band BandKind="PageFooter" Y="276.754166666667" Height="20" TextVAlign="Center" />
      </Bands>
    </Page>
  </Pages>
  <PageSettings MarginLeft="10" MarginTop="20" MarginRight="10" MarginBottom="20" PageWidth="210" PageHeight="297" />
  <ExpressionFields />
</Report>