<Report MaxRowCount="0">
  <Pages>
    <Page Width="210" Height="297" TextVAlign="Center">
      <OrderFields />
      <Elements>
        <TextElement Text="表名" FieldKind="Master" LeftLineVisible="false" TopLineVisible="false" RightLineVisible="false" BottomLineVisible="false" BandKind="ReportHeader" X="47.4291705449422" Y="25.3687519073486" Width="100" Height="10" FontSize="20" BoldFont="true" TextHAlign="Center" TextVAlign="Center" />
        <TableElement X="9.921875" Y="40" Width="189.970833333334" Height="236.422923660278" TextVAlign="Center">
          <Rows>
            <Row X="9.921875" Y="40" Width="189.970833333334" Height="5.11432291666667" TextVAlign="Center">
              <Cells>
                <Cell CellWidth="3.4" OrigWidth="148.960416666667" OrigHeight="5.11432291666667" Text="" LeftLineVisible="false" TopLineVisible="false" RightLineVisible="false" BottomLineVisible="false" X="9.921875" Y="40" Width="148.960416666667" Height="5.11432291666667" BoldFont="true" TextColor="black" TextHAlign="Center" TextVAlign="Center" WordWrap="true" />
                <Cell RowSpan="3" CellWidth="3.4" OrigWidth="41.0104166666667" OrigHeight="5" LeftLineVisible="false" TopLineVisible="false" RightLineVisible="false" X="158.882291666667" Y="40" Width="41.0104166666667" Height="15.34296875" TextVAlign="Center" />
              </Cells>
            </Row>
            <Row X="9.921875" Y="45.1143229166667" Width="189.970833333333" Height="5.11432291666667" TextVAlign="Center">
              <Cells>
                <Cell CellWidth="3.4" OrigWidth="18.5562132697385" OrigHeight="5.11432291666667" Text="开始日期：" LeftLineVisible="false" TopLineVisible="false" RightLineVisible="false" BottomLineVisible="false" X="9.921875" Y="45.1143229166667" Width="18.5562132697385" Height="5.11432291666667" TextColor="black" TextHAlign="Right" TextVAlign="Center" WordWrap="true" />
                <Cell CellWidth="3.4" OrigWidth="23.3859126139171" OrigHeight="5.11432291666667" Text="开始日期" FieldKind="Master" LeftLineVisible="false" TopLineVisible="false" RightLineVisible="false" BottomLineVisible="false" X="28.4780882697385" Y="45.1143229166667" Width="23.3859126139171" Height="5.11432291666667" TextColor="black" TextHAlign="Center" TextVAlign="Center" WordWrap="true" />
                <Cell CellWidth="3.4" OrigWidth="21.860744399966" OrigHeight="5.11432291666667" Text="结束日期：" LeftLineVisible="false" TopLineVisible="false" RightLineVisible="false" BottomLineVisible="false" X="51.8640008836556" Y="45.1143229166667" Width="21.860744399966" Height="5.11432291666667" TextColor="black" TextHAlign="Right" TextVAlign="Center" WordWrap="true" />
                <Cell CellWidth="3.4" OrigWidth="21.0981602929904" OrigHeight="5.11432291666667" Text="结束日期" FieldKind="Master" LeftLineVisible="false" TopLineVisible="false" RightLineVisible="false" BottomLineVisible="false" X="73.7247452836216" Y="45.1143229166667" Width="21.0981602929904" Height="5.11432291666667" TextColor="black" TextVAlign="Center" WordWrap="true" />
                <Cell CellWidth="3.4" OrigWidth="64.0593860900547" OrigHeight="5.11432291666667" Text="" LeftLineVisible="false" TopLineVisible="false" RightLineVisible="false" BottomLineVisible="false" X="94.822905576612" Y="45.1143229166667" Width="64.0593860900547" Height="5.11432291666667" TextColor="black" TextHAlign="Center" TextVAlign="Center" WordWrap="true" />
                <Cell CellWidth="3.4" OrigWidth="41.0104166666667" OrigHeight="5" Text="" X="158.882291666667" Y="45.1143229166667" Width="41.0104166666667" Height="5.11432291666667" TextVAlign="Center" />
              </Cells>
            </Row>
            <Row X="9.921875" Y="50.2286458333333" Width="189.970833333333" Height="5.11432291666667" TextVAlign="Center">
              <Cells>
                <Cell CellWidth="3.4" OrigWidth="15.08125" OrigHeight="5.11432291666667" Text="行号" X="9.921875" Y="50.2286458333333" Width="15.08125" Height="5.11432291666667" TextHAlign="Center" TextVAlign="Center" WordWrap="true" />
                <Cell CellWidth="3.4" OrigWidth="18.25625" OrigHeight="5.11432291666667" Text="存货编号" X="25.003125" Y="50.2286458333333" Width="18.25625" Height="5.11432291666667" TextHAlign="Center" TextVAlign="Center" WordWrap="true" />
                <Cell CellWidth="3.4" OrigWidth="19.84375" OrigHeight="5.11432291666667" Text="存货全名" X="43.259375" Y="50.2286458333333" Width="19.84375" Height="5.11432291666667" TextHAlign="Center" TextVAlign="Center" WordWrap="true" />
                <Cell CellWidth="3.4" OrigWidth="19.05" OrigHeight="5.11432291666667" Text="采购数量" X="63.103125" Y="50.2286458333333" Width="19.05" Height="5.11432291666667" TextHAlign="Center" TextVAlign="Center" WordWrap="true" />
                <Cell CellWidth="3.4" OrigWidth="20.1083333333333" OrigHeight="5.11432291666667" Text="退货数量" X="82.153125" Y="50.2286458333333" Width="20.1083333333333" Height="5.11432291666667" TextHAlign="Center" TextVAlign="Center" WordWrap="true" />
                <Cell CellWidth="3.4" OrigWidth="23.5479166666667" OrigHeight="5.11432291666667" Text="退货比例（%）" X="102.261458333333" Y="50.2286458333333" Width="23.5479166666667" Height="5.11432291666667" TextHAlign="Center" TextVAlign="Center" WordWrap="true" />
                <Cell CellWidth="3.4" OrigWidth="20.1083333333333" OrigHeight="5.11432291666667" Text="采购金额" X="125.809375" Y="50.2286458333333" Width="20.1083333333333" Height="5.11432291666667" TextHAlign="Center" TextVAlign="Center" WordWrap="true" />
                <Cell CellWidth="3.4" OrigWidth="21.6958333333333" OrigHeight="5.11432291666667" Text="退货金额" X="145.917708333333" Y="50.2286458333333" Width="21.6958333333333" Height="5.11432291666667" TextHAlign="Center" TextVAlign="Center" WordWrap="true" />
                <Cell CellWidth="3.4" OrigWidth="32.2791666666667" OrigHeight="5" Text="退货金额比例%" X="167.613541666667" Y="50.2286458333333" Width="32.2791666666667" Height="5.11432291666667" TextVAlign="Center" />
              </Cells>
            </Row>
            <Row X="9.921875" Y="55.34296875" Width="189.970833333333" Height="5.11432291666667" TextVAlign="Center">
              <Cells>
                <Cell CellWidth="3.4" OrigWidth="15.08125" OrigHeight="5.11432291666667" Text="行号" FieldKind="Detail" X="9.921875" Y="55.34296875" Width="15.08125" Height="5.11432291666667" TextColor="black" TextHAlign="Center" TextVAlign="Center" WordWrap="true" />
                <Cell CellWidth="3.4" OrigWidth="18.25625" OrigHeight="5.11432291666667" Text="存货编号" FieldKind="Detail" X="25.003125" Y="55.34296875" Width="18.25625" Height="5.11432291666667" TextColor="black" TextHAlign="Center" TextVAlign="Center" WordWrap="true" />
                <Cell CellWidth="3.4" OrigWidth="19.84375" OrigHeight="5.11432291666667" Text="存货全名" FieldKind="Detail" X="43.259375" Y="55.34296875" Width="19.84375" Height="5.11432291666667" TextColor="black" TextHAlign="Center" TextVAlign="Center" WordWrap="true" />
                <Cell CellWidth="3.4" OrigWidth="19.05" OrigHeight="5.11432291666667" Text="采购数量" FieldKind="Detail" X="63.103125" Y="55.34296875" Width="19.05" Height="5.11432291666667" TextColor="black" TextHAlign="Center" TextVAlign="Center" WordWrap="true" />
                <Cell CellWidth="3.4" OrigWidth="20.1083333333333" OrigHeight="5.11432291666667" Text="退货数量" FieldKind="Detail" X="82.153125" Y="55.34296875" Width="20.1083333333333" Height="5.11432291666667" TextColor="black" TextHAlign="Center" TextVAlign="Center" WordWrap="true" />
                <Cell CellWidth="3.4" OrigWidth="23.5479166666667" OrigHeight="5.11432291666667" Text="退货比例" FieldKind="Detail" X="102.261458333333" Y="55.34296875" Width="23.5479166666667" Height="5.11432291666667" TextColor="black" TextHAlign="Center" TextVAlign="Center" WordWrap="true" />
                <Cell CellWidth="3.4" OrigWidth="20.1083333333333" OrigHeight="5.11432291666667" Text="采购金额" FieldKind="Detail" X="125.809375" Y="55.34296875" Width="20.1083333333333" Height="5.11432291666667" TextColor="black" TextHAlign="Center" TextVAlign="Center" WordWrap="true" />
                <Cell CellWidth="3.4" OrigWidth="21.6958333333333" OrigHeight="5.11432291666667" Text="退货金额" FieldKind="Detail" X="145.917708333333" Y="55.34296875" Width="21.6958333333333" Height="5.11432291666667" TextColor="black" TextHAlign="Center" TextVAlign="Center" WordWrap="true" />
                <Cell CellWidth="3.4" OrigWidth="32.2791666666667" OrigHeight="5" Text="退货金额比例" FieldKind="Detail" X="167.613541666667" Y="55.34296875" Width="32.2791666666667" Height="5.11432291666667" TextVAlign="Center" />
              </Cells>
            </Row>
            <Row X="9.921875" Y="60.4572916666667" Width="189.970833333333" Height="5" TextVAlign="Center">
              <Cells>
                <Cell CellWidth="3.4" OrigWidth="23.6401073162423" OrigHeight="5" Text="核算单位：" LeftLineVisible="false" RightLineVisible="false" BottomLineVisible="false" X="9.921875" Y="60.4572916666667" Width="23.6401073162423" Height="5" TextColor="black" TextVAlign="Center" WordWrap="true" />
                <Cell CellWidth="3.4" OrigWidth="23.6401073162423" OrigHeight="5" Text="" LeftLineVisible="false" RightLineVisible="false" BottomLineVisible="false" X="33.5619823162423" Y="60.4572916666667" Width="23.6401073162423" Height="5" TextColor="black" TextHAlign="Center" TextVAlign="Center" WordWrap="true" />
                <Cell CellWidth="3.4" OrigWidth="38.3834000511031" OrigHeight="5" Text="制表人：" LeftLineVisible="false" RightLineVisible="false" BottomLineVisible="false" X="57.2020896324846" Y="60.4572916666667" Width="38.3834000511031" Height="5" TextColor="black" TextHAlign="Right" TextVAlign="Center" WordWrap="true" />
                <Cell CellWidth="3.4" OrigWidth="35.8414530278511" OrigHeight="5" Text="" LeftLineVisible="false" RightLineVisible="false" BottomLineVisible="false" X="95.5854896835877" Y="60.4572916666667" Width="35.8414530278511" Height="5" TextColor="black" TextHAlign="Center" TextVAlign="Center" WordWrap="true" />
                <Cell CellWidth="3.4" OrigWidth="36.1865989552278" OrigHeight="5" Text="打印时间：" LeftLineVisible="false" RightLineVisible="false" BottomLineVisible="false" X="131.426942711439" Y="60.4572916666667" Width="36.1865989552278" Height="5" TextColor="black" TextHAlign="Right" TextVAlign="Center" WordWrap="true" />
                <Cell CellWidth="3.4" OrigWidth="32.2791666666666" OrigHeight="5" Text="日期" FieldKind="System" LeftLineVisible="false" RightLineVisible="false" BottomLineVisible="false" X="167.613541666667" Y="60.4572916666667" Width="32.2791666666666" Height="5" TextVAlign="Center" />
              </Cells>
            </Row>
            <Row X="9.921875" Y="65.4572916666667" Width="189.970833333333" Height="5" TextVAlign="Center">
              <Cells>
                <Cell CellWidth="3.4" OrigWidth="23.6401073162423" OrigHeight="5" Text="" LeftLineVisible="false" TopLineVisible="false" RightLineVisible="false" BottomLineVisible="false" X="9.921875" Y="65.4572916666667" Width="23.6401073162423" Height="5" TextColor="black" TextHAlign="Center" TextVAlign="Center" WordWrap="true" />
                <Cell CellWidth="3.4" OrigWidth="23.6401073162423" OrigHeight="5" Text="" LeftLineVisible="false" TopLineVisible="false" RightLineVisible="false" BottomLineVisible="false" X="33.5619823162423" Y="65.4572916666667" Width="23.6401073162423" Height="5" TextColor="black" TextHAlign="Center" TextVAlign="Center" WordWrap="true" />
                <Cell CellWidth="3.4" OrigWidth="38.3834000511031" OrigHeight="5" Text="" LeftLineVisible="false" TopLineVisible="false" RightLineVisible="false" BottomLineVisible="false" X="57.2020896324846" Y="65.4572916666667" Width="38.3834000511031" Height="5" TextColor="black" TextHAlign="Center" TextVAlign="Center" WordWrap="true" />
                <Cell CellWidth="3.4" OrigWidth="35.8414530278511" OrigHeight="5" Text="" LeftLineVisible="false" TopLineVisible="false" RightLineVisible="false" BottomLineVisible="false" X="95.5854896835877" Y="65.4572916666667" Width="35.8414530278511" Height="5" TextColor="black" TextHAlign="Center" TextVAlign="Center" WordWrap="true" />
                <Cell CellWidth="3.4" OrigWidth="68.4657656218945" OrigHeight="5" Text="[管家婆软件]" LeftLineVisible="false" TopLineVisible="false" RightLineVisible="false" BottomLineVisible="false" X="131.426942711439" Y="65.4572916666667" Width="68.4657656218945" Height="5" TextColor="black" TextHAlign="Right" TextVAlign="Center" WordWrap="true" />
              </Cells>
            </Row>
          </Rows>
        </TableElement>
        <TextElement Text="总页码" FieldKind="System" LeftLineVisible="false" TopLineVisible="false" RightLineVisible="false" BottomLineVisible="false" BandKind="PageHeader" X="175.629169972738" Y="11.5833328564962" Width="20" Height="5" TextHAlign="Right" TextVAlign="Center" />
      </Elements>
      <Bands>
        <Band IsVisible="false" TextVAlign="Center" />
        <Band BandKind="PageHeader" Height="20" TextVAlign="Center" />
        <Band BandKind="ReportHeader" Y="19.84375" Height="20" TextVAlign="Center" />
        <Band IsVisible="false" BandKind="PageBodyHeader" TextVAlign="Center" />
        <Band BandKind="PageDetail" Y="39.9520833333333" Height="237" TextVAlign="Center" />
        <Band IsVisible="false" BandKind="PageBodyFooter" TextVAlign="Center" />
        <Band IsVisible="false" BandKind="ReportFooter" TextVAlign="Center" />
        <Band BandKind="PageFooter" Y="276.754166666667" Height="20" TextVAlign="Center" />
      </Bands>
    </Page>
  </Pages>
  <PageSettings MarginLeft="10" MarginTop="20" MarginRight="10" MarginBottom="20" PageWidth="210" PageHeight="297" />
  <ExpressionFields />
</Report>