<Report MaxRowCount="0">
  <Pages>
    <Page Width="210" Height="297">
      <OrderFields />
      <Elements>
        <TextElement Text="表名" FieldKind="Master" LeftLineVisible="false" TopLineVisible="false" RightLineVisible="false" BottomLineVisible="false" TextHAlign="Center" BandKind="ReportHeader" X="47.4291705449422" Y="26.6916685740153" Width="100" Height="10" FontSize="20" BoldFont="true" />
        <TableElement X="9.921875" Y="40" Width="186.952083333333" Height="236.422923660278">
          <Rows>
            <Row X="9.921875" Y="40" Width="186.952083333333" Height="5.11432291666667">
              <Cells>
                <Cell TextColor="black" OrigWidth="19.5791666666667" OrigHeight="5.11432291666667" Text="开始日期" FieldKind="Master" LeftLineVisible="false" TopLineVisible="false" RightLineVisible="false" TextHAlign="Center" WordWrap="true" X="9.921875" Y="40" Width="19.5791666666667" Height="5.11432291666667" />
                <Cell TextColor="black" OrigWidth="22.225" OrigHeight="5.11432291666667" Text="至" LeftLineVisible="false" TopLineVisible="false" RightLineVisible="false" TextHAlign="Center" WordWrap="true" X="29.5010416666667" Y="40" Width="22.225" Height="5.11432291666667" />
                <Cell TextColor="black" OrigWidth="21.1666666666667" OrigHeight="5.11432291666667" Text="结束日期" FieldKind="Master" LeftLineVisible="false" TopLineVisible="false" RightLineVisible="false" TextHAlign="Center" WordWrap="true" X="51.7260416666667" Y="40" Width="21.1666666666667" Height="5.11432291666667" />
                <Cell TextColor="black" OrigWidth="23.01875" OrigHeight="5.11432291666667" Text="" LeftLineVisible="false" TopLineVisible="false" RightLineVisible="false" TextHAlign="Center" WordWrap="true" X="72.8927083333334" Y="40" Width="23.01875" Height="5.11432291666667" />
                <Cell TextColor="black" BoldFont="true" OrigWidth="23.2833333333333" OrigHeight="5.11432291666667" Text="" LeftLineVisible="false" TopLineVisible="false" RightLineVisible="false" TextHAlign="Center" WordWrap="true" X="95.9114583333334" Y="40" Width="23.2833333333333" Height="5.11432291666667" />
                <Cell TextColor="black" OrigWidth="77.6791666666667" OrigHeight="5.11432291666667" Text="仓    库" FieldKind="Master" LeftLineVisible="false" TopLineVisible="false" RightLineVisible="false" WordWrap="true" X="119.194791666667" Y="40" Width="77.6791666666667" Height="5.11432291666667" />
              </Cells>
            </Row>
            <Row X="9.921875" Y="45.1143229166667" Width="186.952083333333" Height="5.11432291666667">
              <Cells>
                <Cell BoldFont="true" OrigWidth="19.5791666666667" OrigHeight="5.11432291666667" Text="行号" TextHAlign="Center" WordWrap="true" X="9.921875" Y="45.1143229166667" Width="19.5791666666667" Height="5.11432291666667" />
                <Cell BoldFont="true" OrigWidth="22.225" OrigHeight="5.11432291666667" Text="存货编号" TextHAlign="Center" WordWrap="true" X="29.5010416666667" Y="45.1143229166667" Width="22.225" Height="5.11432291666667" />
                <Cell BoldFont="true" OrigWidth="21.1666666666667" OrigHeight="5.11432291666667" Text="存货全名" TextHAlign="Center" WordWrap="true" X="51.7260416666667" Y="45.1143229166667" Width="21.1666666666667" Height="5.11432291666667" />
                <Cell BoldFont="true" OrigWidth="23.01875" OrigHeight="5.11432291666667" Text="销售数量" TextHAlign="Center" WordWrap="true" X="72.8927083333334" Y="45.1143229166667" Width="23.01875" Height="5.11432291666667" />
                <Cell BoldFont="true" OrigWidth="23.2833333333333" OrigHeight="5.11432291666667" Text="销售基数" TextHAlign="Center" WordWrap="true" X="95.9114583333334" Y="45.1143229166667" Width="23.2833333333333" Height="5.11432291666667" />
                <Cell BoldFont="true" OrigWidth="29.6333333333333" OrigHeight="5.11432291666667" Text="销售比例（%）" TextHAlign="Center" WordWrap="true" X="119.194791666667" Y="45.1143229166667" Width="29.6333333333333" Height="5.11432291666667" />
                <Cell BoldFont="true" OrigWidth="28.0458333333334" OrigHeight="5.11432291666667" Text="进货数量" TextHAlign="Center" WordWrap="true" X="148.828125" Y="45.1143229166667" Width="28.0458333333334" Height="5.11432291666667" />
                <Cell BoldFont="true" OrigWidth="20" OrigHeight="5" Text="上期库存" X="176.873958333333" Y="45.1143229166667" Width="20" Height="5.11432291666667" />
              </Cells>
            </Row>
            <Row X="9.921875" Y="50.2286458333333" Width="186.952083333333" Height="5.11432291666667">
              <Cells>
                <Cell TextColor="black" OrigWidth="19.5791666666667" OrigHeight="5.11432291666667" Text="行号" FieldKind="Detail" TextHAlign="Center" WordWrap="true" X="9.921875" Y="50.2286458333333" Width="19.5791666666667" Height="5.11432291666667" />
                <Cell TextColor="black" OrigWidth="22.225" OrigHeight="5.11432291666667" Text="存货编号" FieldKind="Detail" TextHAlign="Center" WordWrap="true" X="29.5010416666667" Y="50.2286458333333" Width="22.225" Height="5.11432291666667" />
                <Cell TextColor="black" OrigWidth="21.1666666666667" OrigHeight="5.11432291666667" Text="存货全名" FieldKind="Detail" TextHAlign="Center" WordWrap="true" X="51.7260416666667" Y="50.2286458333333" Width="21.1666666666667" Height="5.11432291666667" />
                <Cell TextColor="black" OrigWidth="23.01875" OrigHeight="5.11432291666667" Text="销售数量" FieldKind="Detail" TextHAlign="Center" WordWrap="true" X="72.8927083333334" Y="50.2286458333333" Width="23.01875" Height="5.11432291666667" />
                <Cell TextColor="black" OrigWidth="23.2833333333333" OrigHeight="5.11432291666667" Text="销售基数" FieldKind="Detail" TextHAlign="Center" WordWrap="true" X="95.9114583333334" Y="50.2286458333333" Width="23.2833333333333" Height="5.11432291666667" />
                <Cell TextColor="black" OrigWidth="29.6333333333333" OrigHeight="5.11432291666667" Text="销售比例" FieldKind="Detail" TextHAlign="Center" WordWrap="true" X="119.194791666667" Y="50.2286458333333" Width="29.6333333333333" Height="5.11432291666667" />
                <Cell TextColor="black" OrigWidth="28.0458333333334" OrigHeight="5.11432291666667" Text="进货数量" FieldKind="Detail" TextHAlign="Center" WordWrap="true" X="148.828125" Y="50.2286458333333" Width="28.0458333333334" Height="5.11432291666667" />
                <Cell OrigWidth="20" OrigHeight="5" Text="上期库存" FieldKind="Detail" X="176.873958333333" Y="50.2286458333333" Width="20" Height="5.11432291666667" />
              </Cells>
            </Row>
            <Row X="9.921875" Y="55.34296875" Width="186.952083333333" Height="5">
              <Cells>
                <Cell TextColor="black" OrigWidth="24.60625" OrigHeight="5" Text="核算单位:" LeftLineVisible="false" RightLineVisible="false" BottomLineVisible="false" TextHAlign="Center" WordWrap="true" X="9.921875" Y="55.34296875" Width="24.60625" Height="5" />
                <Cell TextColor="black" OrigWidth="24.60625" OrigHeight="5" Text="" LeftLineVisible="false" RightLineVisible="false" BottomLineVisible="false" TextHAlign="Center" WordWrap="true" X="34.528125" Y="55.34296875" Width="24.60625" Height="5" />
                <Cell TextColor="black" OrigWidth="39.9520833333334" OrigHeight="5" Text="制表人：" LeftLineVisible="false" RightLineVisible="false" BottomLineVisible="false" TextHAlign="Right" WordWrap="true" X="59.134375" Y="55.34296875" Width="39.9520833333334" Height="5" />
                <Cell TextColor="black" OrigWidth="37.3062499999999" OrigHeight="5" Text="" LeftLineVisible="false" RightLineVisible="false" BottomLineVisible="false" TextHAlign="Center" WordWrap="true" X="99.0864583333334" Y="55.34296875" Width="37.3062499999999" Height="5" />
                <Cell TextColor="black" OrigWidth="33.3375" OrigHeight="5" Text="打印时间：" LeftLineVisible="false" RightLineVisible="false" BottomLineVisible="false" TextHAlign="Center" WordWrap="true" X="136.392708333333" Y="55.34296875" Width="33.3375" Height="5" />
                <Cell TextColor="black" OrigWidth="27.14375" OrigHeight="5" Text="日期" FieldKind="System" LeftLineVisible="false" RightLineVisible="false" BottomLineVisible="false" TextHAlign="Center" WordWrap="true" X="169.730208333333" Y="55.34296875" Width="27.14375" Height="5" />
              </Cells>
            </Row>
            <Row X="9.921875" Y="60.34296875" Width="186.952083333333" Height="5">
              <Cells>
                <Cell TextColor="black" OrigWidth="24.60625" OrigHeight="5" Text="" LeftLineVisible="false" TopLineVisible="false" RightLineVisible="false" BottomLineVisible="false" TextHAlign="Center" WordWrap="true" X="9.921875" Y="60.34296875" Width="24.60625" Height="5" />
                <Cell TextColor="black" OrigWidth="24.60625" OrigHeight="5" Text="" LeftLineVisible="false" TopLineVisible="false" RightLineVisible="false" BottomLineVisible="false" TextHAlign="Center" WordWrap="true" X="34.528125" Y="60.34296875" Width="24.60625" Height="5" />
                <Cell TextColor="black" OrigWidth="39.9520833333334" OrigHeight="5" Text="" LeftLineVisible="false" TopLineVisible="false" RightLineVisible="false" BottomLineVisible="false" TextHAlign="Center" WordWrap="true" X="59.134375" Y="60.34296875" Width="39.9520833333334" Height="5" />
                <Cell TextColor="black" OrigWidth="37.3062499999999" OrigHeight="5" Text="" LeftLineVisible="false" TopLineVisible="false" RightLineVisible="false" BottomLineVisible="false" TextHAlign="Center" WordWrap="true" X="99.0864583333334" Y="60.34296875" Width="37.3062499999999" Height="5" />
                <Cell TextColor="black" OrigWidth="60.48125" OrigHeight="5" Text="[管家婆软件]" LeftLineVisible="false" TopLineVisible="false" RightLineVisible="false" BottomLineVisible="false" TextHAlign="Right" WordWrap="true" X="136.392708333333" Y="60.34296875" Width="60.48125" Height="5" />
              </Cells>
            </Row>
          </Rows>
        </TableElement>
        <TextElement Text="总页码" FieldKind="System" LeftLineVisible="false" TopLineVisible="false" RightLineVisible="false" BottomLineVisible="false" TextHAlign="Right" BandKind="PageHeader" X="175.629169972738" Y="11.5833328564962" Width="20" Height="5" />
      </Elements>
      <Bands>
        <Band IsVisible="false" />
        <Band BandKind="PageHeader" Height="20" />
        <Band BandKind="ReportHeader" Y="19.84375" Height="20" />
        <Band IsVisible="false" BandKind="PageBodyHeader" />
        <Band BandKind="PageDetail" Y="39.9520833333333" Height="237" />
        <Band IsVisible="false" BandKind="PageBodyFooter" />
        <Band IsVisible="false" BandKind="ReportFooter" />
        <Band BandKind="PageFooter" Y="276.754166666667" Height="20" />
      </Bands>
    </Page>
  </Pages>
  <PageSettings MarginLeft="10" MarginTop="20" MarginRight="10" MarginBottom="20" PageWidth="210" PageHeight="297" />
  <ExpressionFields />
</Report>