<Report ReportKind="OverprintReport" IsAssociateDataSet="true">
  <Pages>
    <Page Background="" Width="241" Height="139.7" TextVAlign="Center">
      <OrderFields />
      <Elements>
        <TextElement Text="凭证标题" FieldKind="Master" LeftLineVisible="false" TopLineVisible="false" RightLineVisible="false" BottomLineVisible="false" BandKind="PageBodyHeader" X="69" Y="4.5" Width="76" Height="9" FontSize="22" BoldFont="true" BackColor="" TextHAlign="Center" TextVAlign="Center" />
        <TextElement Text="制作单位" FieldKind="Master" LeftLineVisible="false" TopLineVisible="false" RightLineVisible="false" BottomLineVisible="false" BandKind="PageBodyHeader" X="45.0270844459534" Y="16.5208333333333" Width="90" Height="5" BackColor="" TextVAlign="Center" />
        <TextElement Text="录单日期" FieldKind="Master" LeftLineVisible="false" TopLineVisible="false" RightLineVisible="false" BottomLineVisible="false" BandKind="PageBodyHeader" X="172.799998346964" Y="4.49999992847443" Width="32.7166682243347" Height="5.0000001390775" BackColor="" TextVAlign="Center" />
        <TextElement Text="本币名称" FieldKind="Master" LeftLineVisible="false" TopLineVisible="false" RightLineVisible="false" BottomLineVisible="false" BandKind="PageBodyHeader" X="172.799998346964" Y="9.9333331942558" Width="43.3" Height="5" BackColor="" TextVAlign="Center" />
        <TextElement Text="凭证号" FieldKind="Master" LeftLineVisible="false" TopLineVisible="false" RightLineVisible="false" BottomLineVisible="false" BandKind="PageBodyHeader" X="172.535415013631" Y="14.66875" Width="13.3854172229767" Height="5" BackColor="" TextVAlign="Center" />
        <TextElement Text="—" LeftLineVisible="false" TopLineVisible="false" RightLineVisible="false" BottomLineVisible="false" BandKind="PageBodyHeader" X="185.706251907349" Y="14.66875" Width="4.65416722297668" Height="5" BackColor="" TextVAlign="Center" />
        <TextElement Text="总页码" FieldKind="System" LeftLineVisible="false" TopLineVisible="false" RightLineVisible="false" BottomLineVisible="false" BandKind="PageBodyHeader" X="188.699996821086" Y="14.66875" Width="21" Height="5" BackColor="" TextVAlign="Center" />
        <TextElement Text="记账" FieldKind="Master" LeftLineVisible="false" TopLineVisible="false" RightLineVisible="false" BottomLineVisible="false" BandKind="PageBodyHeader" X="45.55625111262" Y="122.206250953674" Width="35" Height="5" BackColor="" TextVAlign="Center" />
        <TextElement Text="审核" FieldKind="Master" LeftLineVisible="false" TopLineVisible="false" RightLineVisible="false" BottomLineVisible="false" BandKind="PageBodyHeader" X="110.762497901917" Y="122.206250953674" Width="35" Height="5" BackColor="" TextVAlign="Center" />
        <TextElement Text="制单" FieldKind="Master" LeftLineVisible="false" TopLineVisible="false" RightLineVisible="false" BottomLineVisible="false" BandKind="PageBodyHeader" X="179.143748728434" Y="122.206250953674" Width="35" Height="5" BackColor="" TextVAlign="Center" />
        <TextElement Text="会计主管" FieldKind="Master" LeftLineVisible="false" TopLineVisible="false" RightLineVisible="false" BottomLineVisible="false" BandKind="PageBodyHeader" X="45.55625111262" Y="127.677081425985" Width="35" Height="5" BackColor="" TextVAlign="Center" />
        <TextElement Text="出纳" FieldKind="Master" LeftLineVisible="false" TopLineVisible="false" RightLineVisible="false" BottomLineVisible="false" BandKind="PageBodyHeader" X="110.762497901917" Y="127.677081425985" Width="35" Height="5" BackColor="" TextVAlign="Center" />
        <TextElement Text="经办人" FieldKind="Master" LeftLineVisible="false" TopLineVisible="false" RightLineVisible="false" BottomLineVisible="false" BandKind="PageBodyHeader" X="179.143748728434" Y="126.941669273376" Width="35" Height="5" BackColor="" TextVAlign="Center" />
        <TableElement X="20.3833336512248" Y="24.4708325703939" Width="191" Height="95.4052090962728" BackColor="" TextVAlign="Center">
          <Rows>
            <Row X="20.3833336512248" Y="24.4708325703939" Width="191" Height="9" TextVAlign="Center">
              <Cells>
                <Cell OrigWidth="38.3697916666667" OrigHeight="9" AccounttantLineVisble="true" LeftLineVisible="false" TopLineVisible="false" RightLineVisible="false" BottomLineVisible="false" X="20.3833336512248" Y="24.4708325703939" Width="38.3697916666667" Height="9" BackColor="" TextVAlign="Center" />
                <Cell OrigWidth="82.6302083333333" OrigHeight="9" AccounttantLineVisble="true" LeftLineVisible="false" TopLineVisible="false" RightLineVisible="false" BottomLineVisible="false" X="58.7531253178915" Y="24.4708325703939" Width="82.6302083333333" Height="9" BackColor="" TextVAlign="Center" />
                <Cell OrigWidth="35" OrigHeight="9" AccounttantLineVisble="true" LeftLineVisible="false" TopLineVisible="false" RightLineVisible="false" BottomLineVisible="false" X="141.383333651225" Y="24.4708325703939" Width="35" Height="9" BackColor="" TextVAlign="Center" />
                <Cell OrigWidth="35" OrigHeight="9" AccounttantLineVisble="true" LeftLineVisible="false" TopLineVisible="false" RightLineVisible="false" BottomLineVisible="false" X="176.383333651225" Y="24.4708325703939" Width="35" Height="9" BackColor="" TextVAlign="Center" />
              </Cells>
            </Row>
            <Row X="20.3833336512248" Y="33.4708325703939" Width="191" Height="13" TextVAlign="Center">
              <Cells>
                <Cell OrigWidth="38.3697916666667" OrigHeight="13" AccounttantLineVisble="true" Text="凭证摘要" FieldKind="Detail" LeftLineVisible="false" TopLineVisible="false" RightLineVisible="false" BottomLineVisible="false" X="20.3833336512248" Y="33.4708325703939" Width="38.3697916666667" Height="13" BackColor="" TextVAlign="Center" WordWrap="true" />
                <Cell OrigWidth="82.6302083333333" OrigHeight="13" AccounttantLineVisble="true" Text="科目全名" FieldKind="Detail" LeftLineVisible="false" TopLineVisible="false" RightLineVisible="false" BottomLineVisible="false" X="58.7531253178915" Y="33.4708325703939" Width="82.6302083333333" Height="13" BackColor="" TextVAlign="Center" />
                <Cell OrigWidth="35" OrigHeight="13" AccounttantLineVisble="true" Text="借方金额" FieldKind="Detail" LeftLineVisible="false" TopLineVisible="false" RightLineVisible="false" BottomLineVisible="false" TextFormat="AccountFormat" X="141.383333651225" Y="33.4708325703939" Width="35" Height="13" BackColor="" TextHAlign="Right" TextVAlign="Center" />
                <Cell OrigWidth="35" OrigHeight="13" AccounttantLineVisble="true" Text="贷方金额" FieldKind="Detail" LeftLineVisible="false" TopLineVisible="false" RightLineVisible="false" BottomLineVisible="false" TextFormat="AccountFormat" X="176.383333651225" Y="33.4708325703939" Width="35" Height="13" BackColor="" TextHAlign="Right" TextVAlign="Center" />
              </Cells>
            </Row>
            <Row IsDashRow="true" X="20.3833336512248" Y="46.4708325703939" Width="191" Height="13" TextVAlign="Center">
              <Cells>
                <Cell OrigWidth="38.3697916666667" OrigHeight="13" AccounttantLineVisble="true" Text="" FieldKind="Detail" LeftLineVisible="false" LeftLineKind="Dash" LeftLineColor="green" TopLineVisible="false" TopLineColor="black" RightLineVisible="false" RightLineKind="Dash" RightLineColor="green" BottomLineVisible="false" BottomLineKind="Dash" BottomLineColor="green" DecimalDigits="0" X="20.3833336512248" Y="46.4708325703939" Width="38.3697916666667" Height="13" BackColor="" TextVAlign="Center" WordWrap="true" />
                <Cell OrigWidth="82.6302083333333" OrigHeight="13" AccounttantLineVisble="true" Text="" FieldKind="Detail" LeftLineVisible="false" LeftLineKind="Dash" LeftLineColor="green" TopLineVisible="false" TopLineColor="black" RightLineVisible="false" RightLineKind="Dash" RightLineColor="green" BottomLineVisible="false" BottomLineKind="Dash" BottomLineColor="green" DecimalDigits="0" X="58.7531253178915" Y="46.4708325703939" Width="82.6302083333333" Height="13" BackColor="" TextVAlign="Center" />
                <Cell OrigWidth="35" OrigHeight="13" AccounttantLineVisble="true" Text="" FieldKind="Detail" LeftLineVisible="false" LeftLineKind="Dash" LeftLineColor="green" TopLineVisible="false" TopLineColor="black" RightLineVisible="false" RightLineKind="Dash" RightLineColor="green" BottomLineVisible="false" BottomLineKind="Dash" BottomLineColor="green" TextFormat="AccountFormat" DecimalDigits="0" X="141.383333651225" Y="46.4708325703939" Width="35" Height="13" BackColor="" TextHAlign="Right" TextVAlign="Center" />
                <Cell OrigWidth="35" OrigHeight="13" AccounttantLineVisble="true" Text="" FieldKind="Detail" LeftLineVisible="false" LeftLineKind="Dash" LeftLineColor="green" TopLineVisible="false" TopLineColor="black" RightLineVisible="false" RightLineKind="Dash" RightLineColor="green" BottomLineVisible="false" BottomLineKind="Dash" BottomLineColor="green" TextFormat="AccountFormat" DecimalDigits="0" X="176.383333651225" Y="46.4708325703939" Width="35" Height="13" BackColor="" TextHAlign="Right" TextVAlign="Center" />
              </Cells>
            </Row>
            <Row IsDashRow="true" X="20.3833336512248" Y="59.4708325703939" Width="191" Height="13" TextVAlign="Center">
              <Cells>
                <Cell OrigWidth="38.3697916666667" OrigHeight="13" AccounttantLineVisble="true" Text="" FieldKind="Detail" LeftLineVisible="false" LeftLineKind="Dash" LeftLineColor="green" TopLineVisible="false" TopLineKind="Dash" TopLineColor="green" RightLineVisible="false" RightLineKind="Dash" RightLineColor="green" BottomLineVisible="false" BottomLineKind="Dash" BottomLineColor="green" DecimalDigits="0" X="20.3833336512248" Y="59.4708325703939" Width="38.3697916666667" Height="13" BackColor="" TextVAlign="Center" WordWrap="true" />
                <Cell OrigWidth="82.6302083333333" OrigHeight="13" AccounttantLineVisble="true" Text="" FieldKind="Detail" LeftLineVisible="false" LeftLineKind="Dash" LeftLineColor="green" TopLineVisible="false" TopLineKind="Dash" TopLineColor="green" RightLineVisible="false" RightLineKind="Dash" RightLineColor="green" BottomLineVisible="false" BottomLineKind="Dash" BottomLineColor="green" DecimalDigits="0" X="58.7531253178915" Y="59.4708325703939" Width="82.6302083333333" Height="13" BackColor="" TextVAlign="Center" />
                <Cell OrigWidth="35" OrigHeight="13" AccounttantLineVisble="true" Text="" FieldKind="Detail" LeftLineVisible="false" LeftLineKind="Dash" LeftLineColor="green" TopLineVisible="false" TopLineKind="Dash" TopLineColor="green" RightLineVisible="false" RightLineKind="Dash" RightLineColor="green" BottomLineVisible="false" BottomLineKind="Dash" BottomLineColor="green" TextFormat="AccountFormat" DecimalDigits="0" X="141.383333651225" Y="59.4708325703939" Width="35" Height="13" BackColor="" TextHAlign="Right" TextVAlign="Center" />
                <Cell OrigWidth="35" OrigHeight="13" AccounttantLineVisble="true" Text="" FieldKind="Detail" LeftLineVisible="false" LeftLineKind="Dash" LeftLineColor="green" TopLineVisible="false" TopLineKind="Dash" TopLineColor="green" RightLineVisible="false" RightLineKind="Dash" RightLineColor="green" BottomLineVisible="false" BottomLineKind="Dash" BottomLineColor="green" TextFormat="AccountFormat" DecimalDigits="0" X="176.383333651225" Y="59.4708325703939" Width="35" Height="13" BackColor="" TextHAlign="Right" TextVAlign="Center" />
              </Cells>
            </Row>
            <Row IsDashRow="true" X="20.3833336512248" Y="72.4708325703939" Width="191" Height="13" TextVAlign="Center">
              <Cells>
                <Cell OrigWidth="38.3697916666667" OrigHeight="13" AccounttantLineVisble="true" Text="" FieldKind="Detail" LeftLineVisible="false" LeftLineKind="Dash" LeftLineColor="green" TopLineVisible="false" TopLineKind="Dash" TopLineColor="green" RightLineVisible="false" RightLineKind="Dash" RightLineColor="green" BottomLineVisible="false" BottomLineKind="Dash" BottomLineColor="green" DecimalDigits="0" X="20.3833336512248" Y="72.4708325703939" Width="38.3697916666667" Height="13" BackColor="" TextVAlign="Center" WordWrap="true" />
                <Cell OrigWidth="82.6302083333333" OrigHeight="13" AccounttantLineVisble="true" Text="" FieldKind="Detail" LeftLineVisible="false" LeftLineKind="Dash" LeftLineColor="green" TopLineVisible="false" TopLineKind="Dash" TopLineColor="green" RightLineVisible="false" RightLineKind="Dash" RightLineColor="green" BottomLineVisible="false" BottomLineKind="Dash" BottomLineColor="green" DecimalDigits="0" X="58.7531253178915" Y="72.4708325703939" Width="82.6302083333333" Height="13" BackColor="" TextVAlign="Center" />
                <Cell OrigWidth="35" OrigHeight="13" AccounttantLineVisble="true" Text="" FieldKind="Detail" LeftLineVisible="false" LeftLineKind="Dash" LeftLineColor="green" TopLineVisible="false" TopLineKind="Dash" TopLineColor="green" RightLineVisible="false" RightLineKind="Dash" RightLineColor="green" BottomLineVisible="false" BottomLineKind="Dash" BottomLineColor="green" TextFormat="AccountFormat" DecimalDigits="0" X="141.383333651225" Y="72.4708325703939" Width="35" Height="13" BackColor="" TextHAlign="Right" TextVAlign="Center" />
                <Cell OrigWidth="35" OrigHeight="13" AccounttantLineVisble="true" Text="" FieldKind="Detail" LeftLineVisible="false" LeftLineKind="Dash" LeftLineColor="green" TopLineVisible="false" TopLineKind="Dash" TopLineColor="green" RightLineVisible="false" RightLineKind="Dash" RightLineColor="green" BottomLineVisible="false" BottomLineKind="Dash" BottomLineColor="green" TextFormat="AccountFormat" DecimalDigits="0" X="176.383333651225" Y="72.4708325703939" Width="35" Height="13" BackColor="" TextHAlign="Right" TextVAlign="Center" />
              </Cells>
            </Row>
            <Row IsDashRow="true" X="20.3833336512248" Y="85.4708325703939" Width="191" Height="13" TextVAlign="Center">
              <Cells>
                <Cell OrigWidth="38.3697916666667" OrigHeight="13" AccounttantLineVisble="true" Text="" FieldKind="Detail" LeftLineVisible="false" LeftLineKind="Dash" LeftLineColor="green" TopLineVisible="false" TopLineKind="Dash" TopLineColor="green" RightLineVisible="false" RightLineKind="Dash" RightLineColor="green" BottomLineVisible="false" BottomLineKind="Dash" BottomLineColor="green" DecimalDigits="0" X="20.3833336512248" Y="85.4708325703939" Width="38.3697916666667" Height="13" BackColor="" TextVAlign="Center" WordWrap="true" />
                <Cell OrigWidth="82.6302083333333" OrigHeight="13" AccounttantLineVisble="true" Text="" FieldKind="Detail" LeftLineVisible="false" LeftLineKind="Dash" LeftLineColor="green" TopLineVisible="false" TopLineKind="Dash" TopLineColor="green" RightLineVisible="false" RightLineKind="Dash" RightLineColor="green" BottomLineVisible="false" BottomLineKind="Dash" BottomLineColor="green" DecimalDigits="0" X="58.7531253178915" Y="85.4708325703939" Width="82.6302083333333" Height="13" BackColor="" TextVAlign="Center" />
                <Cell OrigWidth="35" OrigHeight="13" AccounttantLineVisble="true" Text="" FieldKind="Detail" LeftLineVisible="false" LeftLineKind="Dash" LeftLineColor="green" TopLineVisible="false" TopLineKind="Dash" TopLineColor="green" RightLineVisible="false" RightLineKind="Dash" RightLineColor="green" BottomLineVisible="false" BottomLineKind="Dash" BottomLineColor="green" TextFormat="AccountFormat" DecimalDigits="0" X="141.383333651225" Y="85.4708325703939" Width="35" Height="13" BackColor="" TextHAlign="Right" TextVAlign="Center" />
                <Cell OrigWidth="35" OrigHeight="13" AccounttantLineVisble="true" Text="" FieldKind="Detail" LeftLineVisible="false" LeftLineKind="Dash" LeftLineColor="green" TopLineVisible="false" TopLineKind="Dash" TopLineColor="green" RightLineVisible="false" RightLineKind="Dash" RightLineColor="green" BottomLineVisible="false" BottomLineKind="Dash" BottomLineColor="green" TextFormat="AccountFormat" DecimalDigits="0" X="176.383333651225" Y="85.4708325703939" Width="35" Height="13" BackColor="" TextHAlign="Right" TextVAlign="Center" />
              </Cells>
            </Row>
            <Row IsDashRow="true" X="20.3833336512248" Y="98.4708325703939" Width="191" Height="13" TextVAlign="Center">
              <Cells>
                <Cell OrigWidth="38.3697916666667" OrigHeight="13" AccounttantLineVisble="true" Text="" FieldKind="Detail" LeftLineVisible="false" LeftLineKind="Dash" LeftLineColor="green" TopLineVisible="false" TopLineKind="Dash" TopLineColor="green" RightLineVisible="false" RightLineKind="Dash" RightLineColor="green" BottomLineVisible="false" BottomLineKind="Dash" BottomLineColor="green" DecimalDigits="0" X="20.3833336512248" Y="98.4708325703939" Width="38.3697916666667" Height="13" BackColor="" TextVAlign="Center" WordWrap="true" />
                <Cell OrigWidth="82.6302083333333" OrigHeight="13" AccounttantLineVisble="true" Text="" FieldKind="Detail" LeftLineVisible="false" LeftLineKind="Dash" LeftLineColor="green" TopLineVisible="false" TopLineKind="Dash" TopLineColor="green" RightLineVisible="false" RightLineKind="Dash" RightLineColor="green" BottomLineVisible="false" BottomLineKind="Dash" BottomLineColor="green" DecimalDigits="0" X="58.7531253178915" Y="98.4708325703939" Width="82.6302083333333" Height="13" BackColor="" TextVAlign="Center" />
                <Cell OrigWidth="35" OrigHeight="13" AccounttantLineVisble="true" Text="" FieldKind="Detail" LeftLineVisible="false" LeftLineKind="Dash" LeftLineColor="green" TopLineVisible="false" TopLineKind="Dash" TopLineColor="green" RightLineVisible="false" RightLineKind="Dash" RightLineColor="green" BottomLineVisible="false" BottomLineKind="Dash" BottomLineColor="green" TextFormat="AccountFormat" DecimalDigits="0" X="141.383333651225" Y="98.4708325703939" Width="35" Height="13" BackColor="" TextHAlign="Right" TextVAlign="Center" />
                <Cell OrigWidth="35" OrigHeight="13" AccounttantLineVisble="true" Text="" FieldKind="Detail" LeftLineVisible="false" LeftLineKind="Dash" LeftLineColor="green" TopLineVisible="false" TopLineKind="Dash" TopLineColor="green" RightLineVisible="false" RightLineKind="Dash" RightLineColor="green" BottomLineVisible="false" BottomLineKind="Dash" BottomLineColor="green" TextFormat="AccountFormat" DecimalDigits="0" X="176.383333651225" Y="98.4708325703939" Width="35" Height="13" BackColor="" TextHAlign="Right" TextVAlign="Center" />
              </Cells>
            </Row>
            <Row X="20.3833336512248" Y="111.470832570394" Width="191" Height="8.40520909627276" TextVAlign="Center">
              <Cells>
                <Cell OrigWidth="38.3697916666667" OrigHeight="8.40520909627276" AccounttantLineVisble="true" Text="" LeftLineVisible="false" TopLineVisible="false" RightLineVisible="false" BottomLineVisible="false" X="20.3833336512248" Y="111.470832570394" Width="38.3697916666667" Height="8.40520909627276" TextColor="black" BackColor="" TextVAlign="Center" />
                <Cell OrigWidth="82.6302083333333" OrigHeight="8.40520909627276" AccounttantLineVisble="true" Text="借方金额" FieldKind="Total" LeftLineVisible="false" TopLineVisible="false" RightLineVisible="false" BottomLineVisible="false" TextFormat="MoneyToUpper" X="58.7531253178915" Y="111.470832570394" Width="82.6302083333333" Height="8.40520909627276" TextColor="black" BackColor="" TextVAlign="Center" />
                <Cell OrigWidth="35" OrigHeight="8.40520909627276" AccounttantLineVisble="true" Text="借方金额" FieldKind="ToCurPageSum" LeftLineVisible="false" TopLineVisible="false" RightLineVisible="false" BottomLineVisible="false" TextFormat="AccountFormat" X="141.383333651225" Y="111.470832570394" Width="35" Height="8.40520909627276" TextColor="black" BackColor="" TextHAlign="Right" TextVAlign="Center" />
                <Cell OrigWidth="35" OrigHeight="8.40520909627276" AccounttantLineVisble="true" Text="贷方金额" FieldKind="ToCurPageSum" LeftLineVisible="false" TopLineVisible="false" RightLineVisible="false" BottomLineVisible="false" TextFormat="AccountFormat" X="176.383333651225" Y="111.470832570394" Width="35" Height="8.40520909627276" TextColor="black" BackColor="" TextHAlign="Right" TextVAlign="Center" />
              </Cells>
            </Row>
          </Rows>
        </TableElement>
        <TextElement Text="附件" FieldKind="Master" LeftLineVisible="false" TopLineVisible="false" RightLineVisible="false" BottomLineVisible="false" BandKind="PageBodyHeader" X="215.52082417806" Y="49.3291666666667" Width="12.4770807902018" Height="5.0000001390775" BackColor="" TextVAlign="Center" />
      </Elements>
      <Bands>
        <Band IsVisible="false" TextVAlign="Center" />
        <Band BandKind="PageHeader" TextVAlign="Center" />
        <Band IsVisible="false" BandKind="ReportHeader" TextVAlign="Center" />
        <Band IsVisible="false" BandKind="PageBodyHeader" TextVAlign="Center" />
        <Band BandKind="PageDetail" Height="139.7" TextVAlign="Center" />
        <Band IsVisible="false" BandKind="PageBodyFooter" TextVAlign="Center" />
        <Band IsVisible="false" BandKind="ReportFooter" TextVAlign="Center" />
        <Band BandKind="PageFooter" Y="139.7" TextVAlign="Center" />
      </Bands>
    </Page>
  </Pages>
  <PageSettings PrinterName="默认打印机" PaperTypeName="自定义纸张" MarginLeft="14" PaperSizeIndex="113" PageWidth="241" PageHeight="139.7" IsFixedRowCount="true" IsFixedRowHeigt="true" MaxRowCount="6" PaperBinIndex="-1" />
  <ExpressionFields />
</Report>