<Report IsRemoveEmptyRows="true">
  <Pages>
    <Page Width="210" Height="297">
      <OrderFields />
      <Elements>
        <TextElement Text="总页码" FieldKind="System" LeftLineVisible="false" TopLineVisible="false" RightLineVisible="false" BottomLineVisible="false" BandKind="PageHeader" X="175.629169972738" Y="14.2291661898295" Width="25.0270838896434" Height="5.0000001390775" />
        <TextElement Text="表名" FieldKind="Master" LeftLineVisible="false" TopLineVisible="false" RightLineVisible="false" BottomLineVisible="false" TextHAlign="Center" BandKind="ReportHeader" X="9.20625027815501" Y="20.0499995231628" Width="190.920839945475" Height="20.6104163010915" FontSize="22" BoldFont="true" />
        <TableElement X="9.65729166666667" Y="39.6875" Width="190.235416666667" Height="213.254166666667">
          <Rows>
            <Row X="9.65729166666667" Y="39.6875" Width="146.579166666667" Height="5">
              <Cells>
                <Cell OrigWidth="19.84375" OrigHeight="5" Text="制 单 人：" LeftLineVisible="false" TopLineVisible="false" RightLineVisible="false" BottomLineVisible="false" X="9.65729166666667" Y="39.6875" Width="19.84375" Height="5" TextColor="black" />
                <Cell OrigWidth="40.2166666666667" OrigHeight="5" Text="制单人" FieldKind="Master" LeftLineVisible="false" TopLineVisible="false" RightLineVisible="false" BottomLineVisible="false" WordWrap="true" X="29.5010416666667" Y="39.6875" Width="40.2166666666667" Height="5" TextColor="black" />
                <Cell OrigWidth="4.76249999999999" OrigHeight="5" Text="" LeftLineVisible="false" TopLineVisible="false" RightLineVisible="false" BottomLineVisible="false" X="69.7177083333334" Y="39.6875" Width="4.76249999999999" Height="5" TextColor="black" />
                <Cell OrigWidth="21.9604166666667" OrigHeight="5" Text="制单日期：" LeftLineVisible="false" TopLineVisible="false" RightLineVisible="false" BottomLineVisible="false" X="74.4802083333334" Y="39.6875" Width="21.9604166666667" Height="5" TextColor="black" />
                <Cell OrigWidth="39.1583333333333" OrigHeight="5" Text="制单日期" FieldKind="Master" LeftLineVisible="false" TopLineVisible="false" RightLineVisible="false" BottomLineVisible="false" WordWrap="true" X="96.4406250000001" Y="39.6875" Width="39.1583333333333" Height="5" TextColor="black" />
                <Cell OrigWidth="4.23333333333332" OrigHeight="5" Text="" LeftLineVisible="false" TopLineVisible="false" RightLineVisible="false" BottomLineVisible="false" X="135.598958333333" Y="39.6875" Width="4.23333333333332" Height="5" TextColor="black" />
                <Cell OrigWidth="16.4041666666666" OrigHeight="5" Text="单据编号：" LeftLineVisible="false" TopLineVisible="false" RightLineVisible="false" BottomLineVisible="false" X="139.832291666667" Y="39.6875" Width="16.4041666666666" Height="5" TextColor="black" />
              </Cells>
            </Row>
            <Row X="9.65729166666667" Y="44.6875" Width="146.579166666667" Height="5">
              <Cells>
                <Cell OrigWidth="19.84375" OrigHeight="5" Text="仓    库：" LeftLineVisible="false" TopLineVisible="false" RightLineVisible="false" BottomLineVisible="false" X="9.65729166666667" Y="44.6875" Width="19.84375" Height="5" TextColor="black" />
                <Cell OrigWidth="40.2166666666667" OrigHeight="5" Text="仓    库" FieldKind="Master" LeftLineVisible="false" TopLineVisible="false" RightLineVisible="false" BottomLineVisible="false" WordWrap="true" X="29.5010416666667" Y="44.6875" Width="40.2166666666667" Height="5" TextColor="black" />
                <Cell OrigWidth="4.76249999999999" OrigHeight="5" Text="" LeftLineVisible="false" TopLineVisible="false" RightLineVisible="false" BottomLineVisible="false" X="69.7177083333334" Y="44.6875" Width="4.76249999999999" Height="5" TextColor="black" />
                <Cell OrigWidth="21.9604166666667" OrigHeight="5" Text="业务类型：" LeftLineVisible="false" TopLineVisible="false" RightLineVisible="false" BottomLineVisible="false" X="74.4802083333334" Y="44.6875" Width="21.9604166666667" Height="5" TextColor="black" />
                <Cell OrigWidth="39.1583333333333" OrigHeight="5" Text="业务类型" FieldKind="Master" LeftLineVisible="false" TopLineVisible="false" RightLineVisible="false" BottomLineVisible="false" WordWrap="true" X="96.4406250000001" Y="44.6875" Width="39.1583333333333" Height="5" TextColor="black" />
                <Cell OrigWidth="4.23333333333332" OrigHeight="5" Text="" LeftLineVisible="false" TopLineVisible="false" RightLineVisible="false" BottomLineVisible="false" X="135.598958333333" Y="44.6875" Width="4.23333333333332" Height="5" TextColor="black" />
                <Cell OrigWidth="16.4041666666666" OrigHeight="5" Text="" LeftLineVisible="false" TopLineVisible="false" RightLineVisible="false" BottomLineVisible="false" X="139.832291666667" Y="44.6875" Width="16.4041666666666" Height="5" TextColor="black" />
              </Cells>
            </Row>
            <Row X="9.65729166666667" Y="49.6875" Width="19.84375" Height="5">
              <Cells>
                <Cell OrigWidth="19.84375" OrigHeight="5" Text="摘    要：" LeftLineVisible="false" TopLineVisible="false" RightLineVisible="false" BottomLineVisible="false" X="9.65729166666667" Y="49.6875" Width="19.84375" Height="5" TextColor="black" />
              </Cells>
            </Row>
            <Row X="9.65729166666667" Y="54.6875" Width="190.235416666667" Height="10">
              <Cells>
                <Cell OrigWidth="12.7" OrigHeight="10" Text="单据日期" TextHAlign="Center" WordWrap="true" X="9.65729166666667" Y="54.6875" Width="12.7" Height="10" />
                <Cell OrigWidth="12.6294444444444" OrigHeight="10" Text="单据编号" TextHAlign="Center" WordWrap="true" X="22.3572916666667" Y="54.6875" Width="12.6294444444444" Height="10" />
                <Cell OrigWidth="12.6647222222222" OrigHeight="10" Text="派工单号" TextHAlign="Center" WordWrap="true" X="34.9867361111111" Y="54.6875" Width="12.6647222222222" Height="10" />
                <Cell OrigWidth="12.6647222222222" OrigHeight="10" Text="车间全名" TextHAlign="Center" WordWrap="true" X="47.6514583333333" Y="54.6875" Width="12.6647222222222" Height="10" />
                <Cell OrigWidth="12.6647222222222" OrigHeight="10" Text="存货全名" TextHAlign="Center" WordWrap="true" X="60.3161805555555" Y="54.6875" Width="12.6647222222222" Height="10" />
                <Cell OrigWidth="12.6647222222222" OrigHeight="10" Text="客户全名" TextHAlign="Center" WordWrap="true" X="72.9809027777777" Y="54.6875" Width="12.6647222222222" Height="10" />
                <Cell OrigWidth="12.6647222222222" OrigHeight="10" Text="生产者全名" TextHAlign="Center" WordWrap="true" X="85.6456249999999" Y="54.6875" Width="12.6647222222222" Height="10" />
                <Cell OrigWidth="12.6647222222222" OrigHeight="10" Text="验收正品数" TextHAlign="Center" WordWrap="true" X="98.310347222222" Y="54.6875" Width="12.6647222222222" Height="10" />
                <Cell OrigWidth="12.6647222222222" OrigHeight="10" Text="验收次品数" TextHAlign="Center" WordWrap="true" X="110.975069444444" Y="54.6875" Width="12.6647222222222" Height="10" />
                <Cell OrigWidth="12.6647222222222" OrigHeight="10" Text="验收总数" TextHAlign="Center" WordWrap="true" X="123.639791666666" Y="54.6875" Width="12.6647222222222" Height="10" />
                <Cell OrigWidth="12.6647222222222" OrigHeight="10" Text="耗用工时" TextHAlign="Center" WordWrap="true" X="136.304513888889" Y="54.6875" Width="12.6647222222222" Height="10" />
                <Cell OrigWidth="12.6647222222222" OrigHeight="10" Text="单价" TextHAlign="Center" WordWrap="true" X="148.969236111111" Y="54.6875" Width="12.6647222222222" Height="10" />
                <Cell OrigWidth="12.6647222222222" OrigHeight="10" Text="金额" TextHAlign="Center" WordWrap="true" X="161.633958333333" Y="54.6875" Width="12.6647222222222" Height="10" />
                <Cell OrigWidth="25.5940277777781" OrigHeight="10" Text="单据备注" TextHAlign="Center" WordWrap="true" X="174.298680555555" Y="54.6875" Width="25.5940277777781" Height="10" />
              </Cells>
            </Row>
            <Row X="9.65729166666667" Y="64.6875" Width="190.235416666667" Height="5">
              <Cells>
                <Cell OrigWidth="12.7" OrigHeight="5" Text="单据日期" FieldKind="Detail" WordWrap="true" X="9.65729166666667" Y="64.6875" Width="12.7" Height="5" />
                <Cell OrigWidth="12.6294444444444" OrigHeight="5" Text="单据编号" FieldKind="Detail" WordWrap="true" X="22.3572916666667" Y="64.6875" Width="12.6294444444444" Height="5" />
                <Cell OrigWidth="12.6647222222222" OrigHeight="5" Text="派工单号" FieldKind="Detail" WordWrap="true" X="34.9867361111111" Y="64.6875" Width="12.6647222222222" Height="5" />
                <Cell OrigWidth="12.6647222222222" OrigHeight="5" Text="车间全名" FieldKind="Detail" WordWrap="true" X="47.6514583333333" Y="64.6875" Width="12.6647222222222" Height="5" />
                <Cell OrigWidth="12.6647222222222" OrigHeight="5" Text="存货全名" FieldKind="Detail" WordWrap="true" X="60.3161805555555" Y="64.6875" Width="12.6647222222222" Height="5" />
                <Cell OrigWidth="12.6647222222222" OrigHeight="5" Text="单位全名" FieldKind="Detail" WordWrap="true" X="72.9809027777777" Y="64.6875" Width="12.6647222222222" Height="5" />
                <Cell OrigWidth="12.6647222222222" OrigHeight="5" Text="职员全名" FieldKind="Detail" WordWrap="true" X="85.6456249999999" Y="64.6875" Width="12.6647222222222" Height="5" />
                <Cell OrigWidth="12.6647222222222" OrigHeight="5" Text="验收正品" FieldKind="Detail" WordWrap="true" X="98.310347222222" Y="64.6875" Width="12.6647222222222" Height="5" />
                <Cell OrigWidth="12.6647222222222" OrigHeight="5" Text="验收次品" FieldKind="Detail" WordWrap="true" X="110.975069444444" Y="64.6875" Width="12.6647222222222" Height="5" />
                <Cell OrigWidth="12.6647222222222" OrigHeight="5" Text="验收总数" FieldKind="Detail" WordWrap="true" X="123.639791666666" Y="64.6875" Width="12.6647222222222" Height="5" />
                <Cell OrigWidth="12.6647222222222" OrigHeight="5" Text="耗用工时" FieldKind="Detail" WordWrap="true" X="136.304513888889" Y="64.6875" Width="12.6647222222222" Height="5" />
                <Cell OrigWidth="12.6647222222222" OrigHeight="5" Text="单价" FieldKind="Detail" WordWrap="true" X="148.969236111111" Y="64.6875" Width="12.6647222222222" Height="5" />
                <Cell OrigWidth="12.6647222222222" OrigHeight="5" Text="金额" FieldKind="Detail" WordWrap="true" X="161.633958333333" Y="64.6875" Width="12.6647222222222" Height="5" />
                <Cell OrigWidth="25.5940277777781" OrigHeight="5" Text="单据备注" FieldKind="Detail" WordWrap="true" X="174.298680555555" Y="64.6875" Width="25.5940277777781" Height="5" />
              </Cells>
            </Row>
            <Row X="9.65729166666667" Y="69.6875" Width="190.235416666667" Height="5">
              <Cells>
                <Cell OrigWidth="12.7" OrigHeight="5" Text="合计" TextHAlign="Center" X="9.65729166666667" Y="69.6875" Width="12.7" Height="5" TextColor="black" />
                <Cell OrigWidth="12.6294444444444" OrigHeight="5" Text="" X="22.3572916666667" Y="69.6875" Width="12.6294444444444" Height="5" TextColor="black" />
                <Cell OrigWidth="12.6647222222222" OrigHeight="5" Text="" X="34.9867361111111" Y="69.6875" Width="12.6647222222222" Height="5" TextColor="black" />
                <Cell OrigWidth="12.6647222222222" OrigHeight="5" Text="" X="47.6514583333333" Y="69.6875" Width="12.6647222222222" Height="5" TextColor="black" />
                <Cell OrigWidth="12.6647222222222" OrigHeight="5" Text="" X="60.3161805555555" Y="69.6875" Width="12.6647222222222" Height="5" TextColor="black" />
                <Cell OrigWidth="12.6647222222222" OrigHeight="5" Text="" X="72.9809027777777" Y="69.6875" Width="12.6647222222222" Height="5" TextColor="black" />
                <Cell OrigWidth="12.6647222222222" OrigHeight="5" Text="" X="85.6456249999999" Y="69.6875" Width="12.6647222222222" Height="5" TextColor="black" />
                <Cell OrigWidth="12.6647222222222" OrigHeight="5" Text="验收正品" FieldKind="Total" WordWrap="true" X="98.310347222222" Y="69.6875" Width="12.6647222222222" Height="5" TextColor="black" />
                <Cell OrigWidth="12.6647222222222" OrigHeight="5" Text="验收次品" FieldKind="Total" WordWrap="true" X="110.975069444444" Y="69.6875" Width="12.6647222222222" Height="5" TextColor="black" />
                <Cell OrigWidth="12.6647222222222" OrigHeight="5" Text="验收总数" FieldKind="Total" WordWrap="true" X="123.639791666666" Y="69.6875" Width="12.6647222222222" Height="5" TextColor="black" />
                <Cell OrigWidth="12.6647222222222" OrigHeight="5" Text="耗用工时" FieldKind="Total" WordWrap="true" X="136.304513888889" Y="69.6875" Width="12.6647222222222" Height="5" TextColor="black" />
                <Cell OrigWidth="12.6647222222222" OrigHeight="5" Text="" X="148.969236111111" Y="69.6875" Width="12.6647222222222" Height="5" TextColor="black" />
                <Cell OrigWidth="12.6647222222222" OrigHeight="5" Text="金额" FieldKind="Total" WordWrap="true" X="161.633958333333" Y="69.6875" Width="12.6647222222222" Height="5" TextColor="black" />
                <Cell OrigWidth="25.5940277777781" OrigHeight="5" Text="" X="174.298680555555" Y="69.6875" Width="25.5940277777781" Height="5" TextColor="black" />
              </Cells>
            </Row>
          </Rows>
        </TableElement>
        <TextElement Text="单据编号" FieldKind="Master" LeftLineVisible="false" TopLineVisible="false" RightLineVisible="false" BottomLineVisible="false" BandKind="ReportHeader" X="156.579169972738" Y="39.6562478701274" Width="43.2833318710327" Height="5.0000001390775" />
        <TextElement Text="摘    要" FieldKind="Master" LeftLineVisible="false" TopLineVisible="false" RightLineVisible="false" BottomLineVisible="false" WordWrap="true" BandKind="PageBodyHeader" X="25.345832602183" Y="49.6833328564962" Width="174.781256612142" Height="5.0000001390775" />
      </Elements>
      <Bands>
        <Band IsVisible="false" />
        <Band BandKind="PageHeader" Height="20" />
        <Band BandKind="ReportHeader" Y="19.84375" Height="20" />
        <Band IsVisible="false" BandKind="PageBodyHeader" />
        <Band BandKind="PageDetail" Y="39.9520833333333" Height="237" />
        <Band IsVisible="false" BandKind="PageBodyFooter" />
        <Band IsVisible="false" BandKind="ReportFooter" />
        <Band BandKind="PageFooter" Y="276.754166666667" Height="20" />
      </Bands>
    </Page>
    <Page Width="210" Height="297">
      <OrderFields />
      <Elements>
        <TableElement X="9.65729166666667" Y="30.6916666666667" Width="189.970833333333" Height="148.695833333333">
          <Rows>
            <Row X="9.65729166666667" Y="30.6916666666667" Width="189.970833333333" Height="10">
              <Cells>
                <Cell OrigWidth="18.9970833333333" OrigHeight="10" Text="任务单号" TextHAlign="Center" WordWrap="true" X="9.65729166666667" Y="30.6916666666667" Width="18.9970833333333" Height="10" />
                <Cell OrigWidth="18.9970833333333" OrigHeight="10" Text="派工单号" TextHAlign="Center" WordWrap="true" X="28.654375" Y="30.6916666666667" Width="18.9970833333333" Height="10" />
                <Cell OrigWidth="18.9970833333333" OrigHeight="10" Text="存货全名" TextHAlign="Center" WordWrap="true" X="47.6514583333333" Y="30.6916666666667" Width="18.9970833333333" Height="10" />
                <Cell OrigWidth="18.9970833333333" OrigHeight="10" Text="累计领用数量" TextHAlign="Center" WordWrap="true" X="66.6485416666666" Y="30.6916666666667" Width="18.9970833333333" Height="10" />
                <Cell OrigWidth="18.9970833333333" OrigHeight="10" Text="累计已用数量" TextHAlign="Center" WordWrap="true" X="85.6456249999999" Y="30.6916666666667" Width="18.9970833333333" Height="10" />
                <Cell OrigWidth="18.9970833333333" OrigHeight="10" Text="未用数量" TextHAlign="Center" WordWrap="true" X="104.642708333333" Y="30.6916666666667" Width="18.9970833333333" Height="10" />
                <Cell OrigWidth="18.9970833333333" OrigHeight="10" Text="本次使用数量" TextHAlign="Center" WordWrap="true" X="123.639791666666" Y="30.6916666666667" Width="18.9970833333333" Height="10" />
                <Cell OrigWidth="18.9970833333333" OrigHeight="10" Text="单位成本" TextHAlign="Center" WordWrap="true" X="142.636875" Y="30.6916666666667" Width="18.9970833333333" Height="10" />
                <Cell OrigWidth="18.9970833333333" OrigHeight="10" Text="本次使用金额" TextHAlign="Center" WordWrap="true" X="161.633958333333" Y="30.6916666666667" Width="18.9970833333333" Height="10" />
                <Cell OrigWidth="18.9970833333333" OrigHeight="10" Text="行摘要" TextHAlign="Center" WordWrap="true" X="180.631041666666" Y="30.6916666666667" Width="18.9970833333333" Height="10" />
              </Cells>
            </Row>
            <Row X="9.65729166666667" Y="40.6916666666667" Width="189.970833333333" Height="5">
              <Cells>
                <Cell OrigWidth="18.9970833333333" OrigHeight="5" Text="任务单号" FieldKind="Detail" WordWrap="true" X="9.65729166666667" Y="40.6916666666667" Width="18.9970833333333" Height="5" />
                <Cell OrigWidth="18.9970833333333" OrigHeight="5" Text="派工单号" FieldKind="Detail" WordWrap="true" X="28.654375" Y="40.6916666666667" Width="18.9970833333333" Height="5" />
                <Cell OrigWidth="18.9970833333333" OrigHeight="5" Text="存货全名" FieldKind="Detail" WordWrap="true" X="47.6514583333333" Y="40.6916666666667" Width="18.9970833333333" Height="5" />
                <Cell OrigWidth="18.9970833333333" OrigHeight="5" Text="累计领用数量" FieldKind="Detail" WordWrap="true" X="66.6485416666666" Y="40.6916666666667" Width="18.9970833333333" Height="5" />
                <Cell OrigWidth="18.9970833333333" OrigHeight="5" Text="累计已用数量" FieldKind="Detail" WordWrap="true" X="85.6456249999999" Y="40.6916666666667" Width="18.9970833333333" Height="5" />
                <Cell OrigWidth="18.9970833333333" OrigHeight="5" Text="未用数量" FieldKind="Detail" WordWrap="true" X="104.642708333333" Y="40.6916666666667" Width="18.9970833333333" Height="5" />
                <Cell OrigWidth="18.9970833333333" OrigHeight="5" Text="本次使用数量" FieldKind="Detail" WordWrap="true" X="123.639791666666" Y="40.6916666666667" Width="18.9970833333333" Height="5" />
                <Cell OrigWidth="18.9970833333333" OrigHeight="5" Text="单位成本" FieldKind="Detail" WordWrap="true" X="142.636875" Y="40.6916666666667" Width="18.9970833333333" Height="5" />
                <Cell OrigWidth="18.9970833333333" OrigHeight="5" Text="本次使用金额" FieldKind="Detail" WordWrap="true" X="161.633958333333" Y="40.6916666666667" Width="18.9970833333333" Height="5" />
                <Cell OrigWidth="18.9970833333333" OrigHeight="5" Text="行摘要" FieldKind="Detail" WordWrap="true" X="180.631041666666" Y="40.6916666666667" Width="18.9970833333333" Height="5" />
              </Cells>
            </Row>
            <Row X="9.65729166666667" Y="45.6916666666667" Width="189.970833333333" Height="5">
              <Cells>
                <Cell OrigWidth="18.9970833333333" OrigHeight="5" Text="合计" TextHAlign="Center" X="9.65729166666667" Y="45.6916666666667" Width="18.9970833333333" Height="5" TextColor="black" />
                <Cell OrigWidth="18.9970833333333" OrigHeight="5" Text="" X="28.654375" Y="45.6916666666667" Width="18.9970833333333" Height="5" TextColor="black" />
                <Cell OrigWidth="18.9970833333333" OrigHeight="5" Text="" X="47.6514583333333" Y="45.6916666666667" Width="18.9970833333333" Height="5" TextColor="black" />
                <Cell OrigWidth="18.9970833333333" OrigHeight="5" Text="累计领用数量" FieldKind="Total" WordWrap="true" X="66.6485416666666" Y="45.6916666666667" Width="18.9970833333333" Height="5" TextColor="black" />
                <Cell OrigWidth="18.9970833333333" OrigHeight="5" Text="累计已用数量" FieldKind="Total" WordWrap="true" X="85.6456249999999" Y="45.6916666666667" Width="18.9970833333333" Height="5" TextColor="black" />
                <Cell OrigWidth="18.9970833333333" OrigHeight="5" Text="未用数量" FieldKind="Total" WordWrap="true" X="104.642708333333" Y="45.6916666666667" Width="18.9970833333333" Height="5" TextColor="black" />
                <Cell OrigWidth="18.9970833333333" OrigHeight="5" Text="本次使用数量" FieldKind="Total" WordWrap="true" X="123.639791666666" Y="45.6916666666667" Width="18.9970833333333" Height="5" TextColor="black" />
                <Cell OrigWidth="18.9970833333333" OrigHeight="5" Text="" X="142.636875" Y="45.6916666666667" Width="18.9970833333333" Height="5" TextColor="black" />
                <Cell OrigWidth="18.9970833333333" OrigHeight="5" Text="本次使用金额" FieldKind="Total" WordWrap="true" X="161.633958333333" Y="45.6916666666667" Width="18.9970833333333" Height="5" TextColor="black" />
                <Cell OrigWidth="18.9970833333333" OrigHeight="5" Text="" X="180.631041666666" Y="45.6916666666667" Width="18.9970833333333" Height="5" TextColor="black" />
              </Cells>
            </Row>
            <Row X="9.65729166666667" Y="50.6916666666667" Width="189.970833333333" Height="5">
              <Cells>
                <Cell OrigWidth="19.84375" OrigHeight="5" Text="审核单位：" LeftLineVisible="false" RightLineVisible="false" BottomLineVisible="false" X="9.65729166666667" Y="50.6916666666667" Width="19.84375" Height="5" />
                <Cell OrigWidth="29.8979166666667" OrigHeight="5" Text="" LeftLineVisible="false" RightLineVisible="false" BottomLineVisible="false" X="29.5010416666667" Y="50.6916666666667" Width="29.8979166666667" Height="5" />
                <Cell OrigWidth="20.3729166666667" OrigHeight="5" Text="" LeftLineVisible="false" RightLineVisible="false" BottomLineVisible="false" X="59.3989583333334" Y="50.6916666666667" Width="20.3729166666667" Height="5" />
                <Cell OrigWidth="19.84375" OrigHeight="5" Text="制表人：" LeftLineVisible="false" RightLineVisible="false" BottomLineVisible="false" X="79.7718750000001" Y="50.6916666666667" Width="19.84375" Height="5" />
                <Cell OrigWidth="29.8979166666667" OrigHeight="5" Text="" LeftLineVisible="false" RightLineVisible="false" BottomLineVisible="false" X="99.6156250000001" Y="50.6916666666667" Width="29.8979166666667" Height="5" />
                <Cell OrigWidth="20.1083333333333" OrigHeight="5" Text="" LeftLineVisible="false" RightLineVisible="false" BottomLineVisible="false" X="129.513541666667" Y="50.6916666666667" Width="20.1083333333333" Height="5" />
                <Cell OrigWidth="20.1083333333333" OrigHeight="5" Text="打印时间：" LeftLineVisible="false" RightLineVisible="false" BottomLineVisible="false" X="149.621875" Y="50.6916666666667" Width="20.1083333333333" Height="5" />
                <Cell OrigWidth="29.8979166666667" OrigHeight="5" Text="日期" FieldKind="System" LeftLineVisible="false" RightLineVisible="false" BottomLineVisible="false" X="169.730208333333" Y="50.6916666666667" Width="29.8979166666667" Height="5" />
              </Cells>
            </Row>
            <Row X="9.65729166666667" Y="55.6916666666667" Width="189.970833333333" Height="5">
              <Cells>
                <Cell OrigWidth="19.84375" OrigHeight="5" Text="" LeftLineVisible="false" TopLineVisible="false" RightLineVisible="false" BottomLineVisible="false" X="9.65729166666667" Y="55.6916666666667" Width="19.84375" Height="5" TextColor="black" />
                <Cell OrigWidth="29.8979166666667" OrigHeight="5" Text="" LeftLineVisible="false" TopLineVisible="false" RightLineVisible="false" BottomLineVisible="false" X="29.5010416666667" Y="55.6916666666667" Width="29.8979166666667" Height="5" TextColor="black" />
                <Cell OrigWidth="20.3729166666667" OrigHeight="5" Text="" LeftLineVisible="false" TopLineVisible="false" RightLineVisible="false" BottomLineVisible="false" X="59.3989583333334" Y="55.6916666666667" Width="20.3729166666667" Height="5" TextColor="black" />
                <Cell OrigWidth="19.84375" OrigHeight="5" Text="" LeftLineVisible="false" TopLineVisible="false" RightLineVisible="false" BottomLineVisible="false" X="79.7718750000001" Y="55.6916666666667" Width="19.84375" Height="5" TextColor="black" />
                <Cell OrigWidth="29.8979166666667" OrigHeight="5" Text="" LeftLineVisible="false" TopLineVisible="false" RightLineVisible="false" BottomLineVisible="false" X="99.6156250000001" Y="55.6916666666667" Width="29.8979166666667" Height="5" TextColor="black" />
                <Cell OrigWidth="20.1083333333333" OrigHeight="5" Text="" LeftLineVisible="false" TopLineVisible="false" RightLineVisible="false" BottomLineVisible="false" X="129.513541666667" Y="55.6916666666667" Width="20.1083333333333" Height="5" TextColor="black" />
                <Cell OrigWidth="20.1083333333333" OrigHeight="5" Text="" LeftLineVisible="false" TopLineVisible="false" RightLineVisible="false" BottomLineVisible="false" X="149.621875" Y="55.6916666666667" Width="20.1083333333333" Height="5" TextColor="black" />
                <Cell OrigWidth="29.8979166666667" OrigHeight="5" Text="[管家婆软件]" LeftLineVisible="false" TopLineVisible="false" RightLineVisible="false" BottomLineVisible="false" TextHAlign="Right" X="169.730208333333" Y="55.6916666666667" Width="29.8979166666667" Height="5" TextColor="black" />
              </Cells>
            </Row>
          </Rows>
        </TableElement>
      </Elements>
      <Bands>
        <Band IsVisible="false" />
        <Band BandKind="PageHeader" Height="20" />
        <Band IsVisible="false" BandKind="ReportHeader" />
        <Band IsVisible="false" BandKind="PageBodyHeader" />
        <Band BandKind="PageDetail" Y="19.84375" Height="257" />
        <Band IsVisible="false" BandKind="PageBodyFooter" />
        <Band IsVisible="false" BandKind="ReportFooter" />
        <Band BandKind="PageFooter" Y="276.754166666667" Height="20" />
      </Bands>
    </Page>
  </Pages>
  <PageSettings MarginLeft="10" MarginTop="20" MarginBottom="20" PageWidth="210" PageHeight="297" ContinuousPrintPages="true" />
  <ExpressionFields />
</Report>