<Report ReportKind="OverprintReport">
  <Pages>
    <Page Background="" Width="241" Height="139.7" TextVAlign="Center">
      <OrderFields />
      <Elements>
        <TextElement Text="凭证标题" FieldKind="Master" LeftLineVisible="false" TopLineVisible="false" RightLineVisible="false" BottomLineVisible="false" BandKind="PageBodyHeader" X="70" Y="3.5" Width="76" Height="9" FontSize="22" BoldFont="true" BackColor="" TextHAlign="Center" TextVAlign="Center" />
        <TextElement Text="制作单位" FieldKind="Master" LeftLineVisible="false" TopLineVisible="false" RightLineVisible="false" BottomLineVisible="false" BandKind="PageBodyHeader" X="46.0270844459534" Y="15.5208333333333" Width="90" Height="5" BackColor="" TextVAlign="Center" />
        <TextElement Text="录单日期" FieldKind="Master" LeftLineVisible="false" TopLineVisible="false" RightLineVisible="false" BottomLineVisible="false" BandKind="PageBodyHeader" X="173.799998346964" Y="3.49999992847443" Width="32.7166682243347" Height="5.0000001390775" BackColor="" TextVAlign="Center" />
        <TextElement Text="本币名称" FieldKind="Master" LeftLineVisible="false" TopLineVisible="false" RightLineVisible="false" BottomLineVisible="false" BandKind="PageBodyHeader" X="173.799998346964" Y="8.9333331942558" Width="43.3" Height="5" BackColor="" TextVAlign="Center" />
        <TextElement Text="凭证号" FieldKind="Master" LeftLineVisible="false" TopLineVisible="false" RightLineVisible="false" BottomLineVisible="false" BandKind="PageBodyHeader" X="173.535415013631" Y="13.66875" Width="13.3854172229767" Height="5" BackColor="" TextVAlign="Center" />
        <TextElement Text="—" LeftLineVisible="false" TopLineVisible="false" RightLineVisible="false" BottomLineVisible="false" BandKind="PageBodyHeader" X="186.706251907349" Y="13.66875" Width="4.65416722297668" Height="5" BackColor="" TextVAlign="Center" />
        <TextElement Text="总页码" FieldKind="System" LeftLineVisible="false" TopLineVisible="false" RightLineVisible="false" BottomLineVisible="false" BandKind="PageBodyHeader" X="189.699996821086" Y="13.66875" Width="21" Height="5" BackColor="" TextVAlign="Center" />
        <TextElement Text="记账" FieldKind="Master" LeftLineVisible="false" TopLineVisible="false" RightLineVisible="false" BottomLineVisible="false" BandKind="PageBodyHeader" X="46.55625111262" Y="122.206250953674" Width="35" Height="5" BackColor="" TextVAlign="Center" />
        <TextElement Text="审核" FieldKind="Master" LeftLineVisible="false" TopLineVisible="false" RightLineVisible="false" BottomLineVisible="false" BandKind="PageBodyHeader" X="111.762497901917" Y="122.206250953674" Width="35" Height="5" BackColor="" TextVAlign="Center" />
        <TextElement Text="制单" FieldKind="Master" LeftLineVisible="false" TopLineVisible="false" RightLineVisible="false" BottomLineVisible="false" BandKind="PageBodyHeader" X="180.143748728434" Y="122.206250953674" Width="35" Height="5" BackColor="" TextVAlign="Center" />
        <TextElement Text="会计主管" FieldKind="Master" LeftLineVisible="false" TopLineVisible="false" RightLineVisible="false" BottomLineVisible="false" BandKind="PageBodyHeader" X="46.55625111262" Y="127.677081425985" Width="35" Height="5" BackColor="" TextVAlign="Center" />
        <TextElement Text="出纳" FieldKind="Master" LeftLineVisible="false" TopLineVisible="false" RightLineVisible="false" BottomLineVisible="false" BandKind="PageBodyHeader" X="111.762497901917" Y="127.677081425985" Width="35" Height="5" BackColor="" TextVAlign="Center" />
        <TextElement Text="经办人" FieldKind="Master" LeftLineVisible="false" TopLineVisible="false" RightLineVisible="false" BottomLineVisible="false" BandKind="PageBodyHeader" X="180.143748728434" Y="126.941669273376" Width="35" Height="5" BackColor="" TextVAlign="Center" />
        <TableElement X="21.3833336512248" Y="23.4708325703939" Width="192.5" Height="95.4052090962728" BackColor="" TextVAlign="Center">
          <Rows>
            <Row X="21.3833336512248" Y="23.4708325703939" Width="192.5" Height="9" TextVAlign="Center">
              <Cells>
                <Cell OrigWidth="38" OrigHeight="9" AccounttantLineVisble="true" LeftLineVisible="false" TopLineVisible="false" RightLineVisible="false" BottomLineVisible="false" X="21.3833336512248" Y="23.4708325703939" Width="38" Height="9" BackColor="" TextVAlign="Center" />
                <Cell OrigWidth="83" OrigHeight="9" AccounttantLineVisble="true" LeftLineVisible="false" TopLineVisible="false" RightLineVisible="false" BottomLineVisible="false" X="59.3833336512248" Y="23.4708325703939" Width="83" Height="9" BackColor="" TextVAlign="Center" />
                <Cell OrigWidth="35" OrigHeight="9" AccounttantLineVisble="true" LeftLineVisible="false" TopLineVisible="false" RightLineVisible="false" BottomLineVisible="false" X="142.383333651225" Y="23.4708325703939" Width="35" Height="9" BackColor="" TextVAlign="Center" />
                <Cell OrigWidth="36.5" OrigHeight="9" AccounttantLineVisble="true" LeftLineVisible="false" TopLineVisible="false" RightLineVisible="false" BottomLineVisible="false" X="177.383333651225" Y="23.4708325703939" Width="36.5" Height="9" BackColor="" TextVAlign="Center" />
              </Cells>
            </Row>
            <Row X="21.3833336512248" Y="32.4708325703939" Width="192.5" Height="13" TextVAlign="Center">
              <Cells>
                <Cell OrigWidth="38" OrigHeight="13" AccounttantLineVisble="true" Text="摘要" FieldKind="Detail" LeftLineVisible="false" TopLineVisible="false" RightLineVisible="false" BottomLineVisible="false" X="21.3833336512248" Y="32.4708325703939" Width="38" Height="13" BackColor="" TextVAlign="Center" WordWrap="true" />
                <Cell OrigWidth="83" OrigHeight="13" AccounttantLineVisble="true" Text="科目" FieldKind="Detail" LeftLineVisible="false" TopLineVisible="false" RightLineVisible="false" BottomLineVisible="false" X="59.3833336512248" Y="32.4708325703939" Width="83" Height="13" BackColor="" TextVAlign="Center" />
                <Cell OrigWidth="35" OrigHeight="13" AccounttantLineVisble="true" Text="借方金额" FieldKind="Detail" LeftLineVisible="false" TopLineVisible="false" RightLineVisible="false" BottomLineVisible="false" TextFormat="AccountFormat" X="142.383333651225" Y="32.4708325703939" Width="35" Height="13" BackColor="" TextHAlign="Right" TextVAlign="Center" />
                <Cell OrigWidth="36.5" OrigHeight="13" AccounttantLineVisble="true" Text="贷方金额" FieldKind="Detail" LeftLineVisible="false" TopLineVisible="false" RightLineVisible="false" BottomLineVisible="false" TextFormat="AccountFormat" X="177.383333651225" Y="32.4708325703939" Width="36.5" Height="13" BackColor="" TextHAlign="Right" TextVAlign="Center" />
              </Cells>
            </Row>
            <Row IsDashRow="true" X="21.3833336512248" Y="45.4708325703939" Width="192.5" Height="13" TextVAlign="Center">
              <Cells>
                <Cell OrigWidth="38" OrigHeight="13" AccounttantLineVisble="true" Text="" FieldKind="Detail" LeftLineVisible="false" LeftLineKind="Dash" LeftLineColor="green" TopLineVisible="false" TopLineColor="black" RightLineVisible="false" RightLineKind="Dash" RightLineColor="green" BottomLineVisible="false" BottomLineKind="Dash" BottomLineColor="green" DecimalDigits="0" X="21.3833336512248" Y="45.4708325703939" Width="38" Height="13" BackColor="" TextVAlign="Center" WordWrap="true" />
                <Cell OrigWidth="83" OrigHeight="13" AccounttantLineVisble="true" Text="" FieldKind="Detail" LeftLineVisible="false" LeftLineKind="Dash" LeftLineColor="green" TopLineVisible="false" TopLineColor="black" RightLineVisible="false" RightLineKind="Dash" RightLineColor="green" BottomLineVisible="false" BottomLineKind="Dash" BottomLineColor="green" DecimalDigits="0" X="59.3833336512248" Y="45.4708325703939" Width="83" Height="13" BackColor="" TextVAlign="Center" />
                <Cell OrigWidth="35" OrigHeight="13" AccounttantLineVisble="true" Text="" FieldKind="Detail" LeftLineVisible="false" LeftLineKind="Dash" LeftLineColor="green" TopLineVisible="false" TopLineColor="black" RightLineVisible="false" RightLineKind="Dash" RightLineColor="green" BottomLineVisible="false" BottomLineKind="Dash" BottomLineColor="green" TextFormat="AccountFormat" DecimalDigits="0" X="142.383333651225" Y="45.4708325703939" Width="35" Height="13" BackColor="" TextHAlign="Right" TextVAlign="Center" />
                <Cell OrigWidth="36.5" OrigHeight="13" AccounttantLineVisble="true" Text="" FieldKind="Detail" LeftLineVisible="false" LeftLineKind="Dash" LeftLineColor="green" TopLineVisible="false" TopLineColor="black" RightLineVisible="false" RightLineKind="Dash" RightLineColor="green" BottomLineVisible="false" BottomLineKind="Dash" BottomLineColor="green" TextFormat="AccountFormat" DecimalDigits="0" X="177.383333651225" Y="45.4708325703939" Width="36.5" Height="13" BackColor="" TextHAlign="Right" TextVAlign="Center" />
              </Cells>
            </Row>
            <Row IsDashRow="true" X="21.3833336512248" Y="58.4708325703939" Width="192.5" Height="13" TextVAlign="Center">
              <Cells>
                <Cell OrigWidth="38" OrigHeight="13" AccounttantLineVisble="true" Text="" FieldKind="Detail" LeftLineVisible="false" LeftLineKind="Dash" LeftLineColor="green" TopLineVisible="false" TopLineKind="Dash" TopLineColor="green" RightLineVisible="false" RightLineKind="Dash" RightLineColor="green" BottomLineVisible="false" BottomLineKind="Dash" BottomLineColor="green" DecimalDigits="0" X="21.3833336512248" Y="58.4708325703939" Width="38" Height="13" BackColor="" TextVAlign="Center" WordWrap="true" />
                <Cell OrigWidth="83" OrigHeight="13" AccounttantLineVisble="true" Text="" FieldKind="Detail" LeftLineVisible="false" LeftLineKind="Dash" LeftLineColor="green" TopLineVisible="false" TopLineKind="Dash" TopLineColor="green" RightLineVisible="false" RightLineKind="Dash" RightLineColor="green" BottomLineVisible="false" BottomLineKind="Dash" BottomLineColor="green" DecimalDigits="0" X="59.3833336512248" Y="58.4708325703939" Width="83" Height="13" BackColor="" TextVAlign="Center" />
                <Cell OrigWidth="35" OrigHeight="13" AccounttantLineVisble="true" Text="" FieldKind="Detail" LeftLineVisible="false" LeftLineKind="Dash" LeftLineColor="green" TopLineVisible="false" TopLineKind="Dash" TopLineColor="green" RightLineVisible="false" RightLineKind="Dash" RightLineColor="green" BottomLineVisible="false" BottomLineKind="Dash" BottomLineColor="green" TextFormat="AccountFormat" DecimalDigits="0" X="142.383333651225" Y="58.4708325703939" Width="35" Height="13" BackColor="" TextHAlign="Right" TextVAlign="Center" />
                <Cell OrigWidth="36.5" OrigHeight="13" AccounttantLineVisble="true" Text="" FieldKind="Detail" LeftLineVisible="false" LeftLineKind="Dash" LeftLineColor="green" TopLineVisible="false" TopLineKind="Dash" TopLineColor="green" RightLineVisible="false" RightLineKind="Dash" RightLineColor="green" BottomLineVisible="false" BottomLineKind="Dash" BottomLineColor="green" TextFormat="AccountFormat" DecimalDigits="0" X="177.383333651225" Y="58.4708325703939" Width="36.5" Height="13" BackColor="" TextHAlign="Right" TextVAlign="Center" />
              </Cells>
            </Row>
            <Row IsDashRow="true" X="21.3833336512248" Y="71.4708325703939" Width="192.5" Height="13" TextVAlign="Center">
              <Cells>
                <Cell OrigWidth="38" OrigHeight="13" AccounttantLineVisble="true" Text="" FieldKind="Detail" LeftLineVisible="false" LeftLineKind="Dash" LeftLineColor="green" TopLineVisible="false" TopLineKind="Dash" TopLineColor="green" RightLineVisible="false" RightLineKind="Dash" RightLineColor="green" BottomLineVisible="false" BottomLineKind="Dash" BottomLineColor="green" DecimalDigits="0" X="21.3833336512248" Y="71.4708325703939" Width="38" Height="13" BackColor="" TextVAlign="Center" WordWrap="true" />
                <Cell OrigWidth="83" OrigHeight="13" AccounttantLineVisble="true" Text="" FieldKind="Detail" LeftLineVisible="false" LeftLineKind="Dash" LeftLineColor="green" TopLineVisible="false" TopLineKind="Dash" TopLineColor="green" RightLineVisible="false" RightLineKind="Dash" RightLineColor="green" BottomLineVisible="false" BottomLineKind="Dash" BottomLineColor="green" DecimalDigits="0" X="59.3833336512248" Y="71.4708325703939" Width="83" Height="13" BackColor="" TextVAlign="Center" />
                <Cell OrigWidth="35" OrigHeight="13" AccounttantLineVisble="true" Text="" FieldKind="Detail" LeftLineVisible="false" LeftLineKind="Dash" LeftLineColor="green" TopLineVisible="false" TopLineKind="Dash" TopLineColor="green" RightLineVisible="false" RightLineKind="Dash" RightLineColor="green" BottomLineVisible="false" BottomLineKind="Dash" BottomLineColor="green" TextFormat="AccountFormat" DecimalDigits="0" X="142.383333651225" Y="71.4708325703939" Width="35" Height="13" BackColor="" TextHAlign="Right" TextVAlign="Center" />
                <Cell OrigWidth="36.5" OrigHeight="13" AccounttantLineVisble="true" Text="" FieldKind="Detail" LeftLineVisible="false" LeftLineKind="Dash" LeftLineColor="green" TopLineVisible="false" TopLineKind="Dash" TopLineColor="green" RightLineVisible="false" RightLineKind="Dash" RightLineColor="green" BottomLineVisible="false" BottomLineKind="Dash" BottomLineColor="green" TextFormat="AccountFormat" DecimalDigits="0" X="177.383333651225" Y="71.4708325703939" Width="36.5" Height="13" BackColor="" TextHAlign="Right" TextVAlign="Center" />
              </Cells>
            </Row>
            <Row IsDashRow="true" X="21.3833336512248" Y="84.4708325703939" Width="192.5" Height="13" TextVAlign="Center">
              <Cells>
                <Cell OrigWidth="38" OrigHeight="13" AccounttantLineVisble="true" Text="" FieldKind="Detail" LeftLineVisible="false" LeftLineKind="Dash" LeftLineColor="green" TopLineVisible="false" TopLineKind="Dash" TopLineColor="green" RightLineVisible="false" RightLineKind="Dash" RightLineColor="green" BottomLineVisible="false" BottomLineKind="Dash" BottomLineColor="green" DecimalDigits="0" X="21.3833336512248" Y="84.4708325703939" Width="38" Height="13" BackColor="" TextVAlign="Center" WordWrap="true" />
                <Cell OrigWidth="83" OrigHeight="13" AccounttantLineVisble="true" Text="" FieldKind="Detail" LeftLineVisible="false" LeftLineKind="Dash" LeftLineColor="green" TopLineVisible="false" TopLineKind="Dash" TopLineColor="green" RightLineVisible="false" RightLineKind="Dash" RightLineColor="green" BottomLineVisible="false" BottomLineKind="Dash" BottomLineColor="green" DecimalDigits="0" X="59.3833336512248" Y="84.4708325703939" Width="83" Height="13" BackColor="" TextVAlign="Center" />
                <Cell OrigWidth="35" OrigHeight="13" AccounttantLineVisble="true" Text="" FieldKind="Detail" LeftLineVisible="false" LeftLineKind="Dash" LeftLineColor="green" TopLineVisible="false" TopLineKind="Dash" TopLineColor="green" RightLineVisible="false" RightLineKind="Dash" RightLineColor="green" BottomLineVisible="false" BottomLineKind="Dash" BottomLineColor="green" TextFormat="AccountFormat" DecimalDigits="0" X="142.383333651225" Y="84.4708325703939" Width="35" Height="13" BackColor="" TextHAlign="Right" TextVAlign="Center" />
                <Cell OrigWidth="36.5" OrigHeight="13" AccounttantLineVisble="true" Text="" FieldKind="Detail" LeftLineVisible="false" LeftLineKind="Dash" LeftLineColor="green" TopLineVisible="false" TopLineKind="Dash" TopLineColor="green" RightLineVisible="false" RightLineKind="Dash" RightLineColor="green" BottomLineVisible="false" BottomLineKind="Dash" BottomLineColor="green" TextFormat="AccountFormat" DecimalDigits="0" X="177.383333651225" Y="84.4708325703939" Width="36.5" Height="13" BackColor="" TextHAlign="Right" TextVAlign="Center" />
              </Cells>
            </Row>
            <Row IsDashRow="true" X="21.3833336512248" Y="97.4708325703939" Width="192.5" Height="13" TextVAlign="Center">
              <Cells>
                <Cell OrigWidth="38" OrigHeight="13" AccounttantLineVisble="true" Text="" FieldKind="Detail" LeftLineVisible="false" LeftLineKind="Dash" LeftLineColor="green" TopLineVisible="false" TopLineKind="Dash" TopLineColor="green" RightLineVisible="false" RightLineKind="Dash" RightLineColor="green" BottomLineVisible="false" BottomLineKind="Dash" BottomLineColor="green" DecimalDigits="0" X="21.3833336512248" Y="97.4708325703939" Width="38" Height="13" BackColor="" TextVAlign="Center" WordWrap="true" />
                <Cell OrigWidth="83" OrigHeight="13" AccounttantLineVisble="true" Text="" FieldKind="Detail" LeftLineVisible="false" LeftLineKind="Dash" LeftLineColor="green" TopLineVisible="false" TopLineKind="Dash" TopLineColor="green" RightLineVisible="false" RightLineKind="Dash" RightLineColor="green" BottomLineVisible="false" BottomLineKind="Dash" BottomLineColor="green" DecimalDigits="0" X="59.3833336512248" Y="97.4708325703939" Width="83" Height="13" BackColor="" TextVAlign="Center" />
                <Cell OrigWidth="35" OrigHeight="13" AccounttantLineVisble="true" Text="" FieldKind="Detail" LeftLineVisible="false" LeftLineKind="Dash" LeftLineColor="green" TopLineVisible="false" TopLineKind="Dash" TopLineColor="green" RightLineVisible="false" RightLineKind="Dash" RightLineColor="green" BottomLineVisible="false" BottomLineKind="Dash" BottomLineColor="green" TextFormat="AccountFormat" DecimalDigits="0" X="142.383333651225" Y="97.4708325703939" Width="35" Height="13" BackColor="" TextHAlign="Right" TextVAlign="Center" />
                <Cell OrigWidth="36.5" OrigHeight="13" AccounttantLineVisble="true" Text="" FieldKind="Detail" LeftLineVisible="false" LeftLineKind="Dash" LeftLineColor="green" TopLineVisible="false" TopLineKind="Dash" TopLineColor="green" RightLineVisible="false" RightLineKind="Dash" RightLineColor="green" BottomLineVisible="false" BottomLineKind="Dash" BottomLineColor="green" TextFormat="AccountFormat" DecimalDigits="0" X="177.383333651225" Y="97.4708325703939" Width="36.5" Height="13" BackColor="" TextHAlign="Right" TextVAlign="Center" />
              </Cells>
            </Row>
            <Row X="21.3833336512248" Y="110.470832570394" Width="192.5" Height="8.40520909627276" TextVAlign="Center">
              <Cells>
                <Cell OrigWidth="38" OrigHeight="8.40520909627276" AccounttantLineVisble="true" Text="" LeftLineVisible="false" TopLineVisible="false" RightLineVisible="false" BottomLineVisible="false" X="21.3833336512248" Y="110.470832570394" Width="38" Height="8.40520909627276" TextColor="black" BackColor="" TextVAlign="Center" />
                <Cell OrigWidth="83" OrigHeight="8.40520909627276" AccounttantLineVisble="true" Text="借方金额" FieldKind="Total" LeftLineVisible="false" TopLineVisible="false" RightLineVisible="false" BottomLineVisible="false" TextFormat="MoneyToUpper" X="59.3833336512248" Y="110.470832570394" Width="83" Height="8.40520909627276" TextColor="black" BackColor="" TextVAlign="Center" />
                <Cell OrigWidth="35" OrigHeight="8.40520909627276" AccounttantLineVisble="true" Text="借方金额" FieldKind="ToCurPageSum" LeftLineVisible="false" TopLineVisible="false" RightLineVisible="false" BottomLineVisible="false" TextFormat="AccountFormat" X="142.383333651225" Y="110.470832570394" Width="35" Height="8.40520909627276" TextColor="black" BackColor="" TextHAlign="Right" TextVAlign="Center" />
                <Cell OrigWidth="36.5" OrigHeight="8.40520909627276" AccounttantLineVisble="true" Text="贷方金额" FieldKind="ToCurPageSum" LeftLineVisible="false" TopLineVisible="false" RightLineVisible="false" BottomLineVisible="false" TextFormat="AccountFormat" X="177.383333651225" Y="110.470832570394" Width="36.5" Height="8.40520909627276" TextColor="black" BackColor="" TextHAlign="Right" TextVAlign="Center" />
              </Cells>
            </Row>
          </Rows>
        </TableElement>
        <TextElement Text="附件" FieldKind="Master" LeftLineVisible="false" TopLineVisible="false" RightLineVisible="false" BottomLineVisible="false" BandKind="PageBodyHeader" X="216.52082417806" Y="48.3291666666667" Width="12.4770807902018" Height="5.0000001390775" BackColor="" TextVAlign="Center" />
      </Elements>
      <Bands>
        <Band IsVisible="false" TextVAlign="Center" />
        <Band BandKind="PageHeader" TextVAlign="Center" />
        <Band IsVisible="false" BandKind="ReportHeader" TextVAlign="Center" />
        <Band IsVisible="false" BandKind="PageBodyHeader" TextVAlign="Center" />
        <Band BandKind="PageDetail" Height="139.7" TextVAlign="Center" />
        <Band IsVisible="false" BandKind="PageBodyFooter" TextVAlign="Center" />
        <Band IsVisible="false" BandKind="ReportFooter" TextVAlign="Center" />
        <Band BandKind="PageFooter" Y="139.7" TextVAlign="Center" />
      </Bands>
    </Page>
  </Pages>
  <PageSettings PrinterName="默认打印机" PaperTypeName="自定义纸张" MarginLeft="14" PaperSizeIndex="113" PageWidth="241" PageHeight="139.7" IsFixedRowCount="true" IsFixedRowHeigt="true" MaxRowCount="6" PaperBinIndex="-1" />
  <ExpressionFields />
</Report>