<Report MaxRowCount="0">
  <Pages>
    <Page Width="210" Height="297" TextVAlign="Center">
      <OrderFields />
      <Elements>
        <TableElement X="10" Y="50" Width="190" Height="226.579160817464" TextVAlign="Center">
          <Rows>
            <Row X="10" Y="50" Width="190" Height="5" TextVAlign="Center">
              <Cells>
                <Cell OrigWidth="27.1428571428571" OrigHeight="5" AccounttantLineVisble="true" Text="仓库全名" DecimalDigits="0" X="10" Y="50" Width="27.1428571428571" Height="5" TextVAlign="Center" />
                <Cell OrigWidth="27.1428571428571" OrigHeight="5" AccounttantLineVisble="true" Text="存货全名" DecimalDigits="0" X="37.1428571428571" Y="50" Width="27.1428571428571" Height="5" TextVAlign="Center" />
                <Cell OrigWidth="27.1428571428571" OrigHeight="5" AccounttantLineVisble="true" Text="自定义项1" DecimalDigits="0" X="64.2857142857143" Y="50" Width="27.1428571428571" Height="5" TextVAlign="Center" />
                <Cell OrigWidth="27.1428571428571" OrigHeight="5" AccounttantLineVisble="true" Text="自定义项2" DecimalDigits="0" X="91.4285714285714" Y="50" Width="27.1428571428571" Height="5" TextVAlign="Center" />
                <Cell OrigWidth="27.1428571428571" OrigHeight="5" AccounttantLineVisble="true" Text="到期日期" DecimalDigits="0" X="118.571428571429" Y="50" Width="27.1428571428571" Height="5" TextVAlign="Center" />
                <Cell OrigWidth="27.1428571428571" OrigHeight="5" AccounttantLineVisble="true" Text="批号" DecimalDigits="0" X="145.714285714286" Y="50" Width="27.1428571428571" Height="5" TextVAlign="Center" />
                <Cell OrigWidth="27.1428571428571" OrigHeight="5" AccounttantLineVisble="true" Text="数量" DecimalDigits="0" X="172.857142857143" Y="50" Width="27.1428571428571" Height="5" TextVAlign="Center" />
              </Cells>
            </Row>
            <Row X="10" Y="55" Width="190" Height="5" TextVAlign="Center">
              <Cells>
                <Cell OrigWidth="27.1428571428571" OrigHeight="5" AccounttantLineVisble="true" Text="仓库全名" FieldKind="Detail" DecimalDigits="0" X="10" Y="55" Width="27.1428571428571" Height="5" TextVAlign="Center" />
                <Cell OrigWidth="27.1428571428571" OrigHeight="5" AccounttantLineVisble="true" Text="存货全名" FieldKind="Detail" DecimalDigits="0" X="37.1428571428571" Y="55" Width="27.1428571428571" Height="5" TextVAlign="Center" />
                <Cell OrigWidth="27.1428571428571" OrigHeight="5" AccounttantLineVisble="true" Text="自定义1全名" FieldKind="Detail" DecimalDigits="0" X="64.2857142857143" Y="55" Width="27.1428571428571" Height="5" TextVAlign="Center" />
                <Cell OrigWidth="27.1428571428571" OrigHeight="5" AccounttantLineVisble="true" Text="自定义2全名" FieldKind="Detail" DecimalDigits="0" X="91.4285714285714" Y="55" Width="27.1428571428571" Height="5" TextVAlign="Center" />
                <Cell OrigWidth="27.1428571428571" OrigHeight="5" AccounttantLineVisble="true" Text="到期日期" FieldKind="Detail" DecimalDigits="0" X="118.571428571429" Y="55" Width="27.1428571428571" Height="5" TextVAlign="Center" />
                <Cell OrigWidth="27.1428571428571" OrigHeight="5" AccounttantLineVisble="true" Text="批号" FieldKind="Detail" DecimalDigits="0" X="145.714285714286" Y="55" Width="27.1428571428571" Height="5" TextVAlign="Center" />
                <Cell OrigWidth="27.1428571428571" OrigHeight="5" AccounttantLineVisble="true" Text="数量" FieldKind="Detail" DecimalDigits="0" X="172.857142857143" Y="55" Width="27.1428571428571" Height="5" TextVAlign="Center" />
              </Cells>
            </Row>
          </Rows>
        </TableElement>
        <TextElement Text="表名" FieldKind="Master" LeftLineVisible="false" TopLineVisible="false" RightLineVisible="false" BottomLineVisible="false" DecimalDigits="0" BandKind="PageBodyHeader" X="8.73125" Y="21.9604166666667" Width="191.185423278809" Height="16.9062496344248" FontSize="20" TextHAlign="Center" TextVAlign="Center" />
        <TextElement Text="总页码" FieldKind="System" LeftLineVisible="false" TopLineVisible="false" RightLineVisible="false" BottomLineVisible="false" DecimalDigits="0" BandKind="PageHeader" X="179.916672722499" Y="14.5520833333333" Width="20" Height="5" TextVAlign="Center" />
      </Elements>
      <Bands>
        <Band IsVisible="false" TextVAlign="Center" />
        <Band BandKind="PageHeader" Height="20" TextVAlign="Center" />
        <Band IsVisible="false" BandKind="ReportHeader" TextVAlign="Center" />
        <Band IsVisible="false" BandKind="PageBodyHeader" TextVAlign="Center" />
        <Band BandKind="PageDetail" Y="19.84375" Height="257" TextVAlign="Center" />
        <Band IsVisible="false" BandKind="PageBodyFooter" TextVAlign="Center" />
        <Band IsVisible="false" BandKind="ReportFooter" TextVAlign="Center" />
        <Band BandKind="PageFooter" Y="276.754166666667" Height="20" TextVAlign="Center" />
      </Bands>
    </Page>
  </Pages>
  <PageSettings MarginLeft="10" MarginTop="20" MarginRight="10" MarginBottom="20" PageWidth="210" PageHeight="297" MaxRowCount="0" />
  <ExpressionFields />
</Report>