<Report IsRemoveEmptyRows="true">
  <Pages>
    <Page Width="210" Height="297" TextVAlign="Center">
      <OrderFields />
      <Elements>
        <TextElement Text="表名" FieldKind="Master" LeftLineVisible="false" TopLineVisible="false" RightLineVisible="false" BottomLineVisible="false" BandKind="ReportHeader" X="9.59375387827555" Y="20.3458329677582" Width="191.491670735677" Height="10.000000278155" FontSize="20" BoldFont="true" TextHAlign="Center" TextVAlign="Center" />
        <TableElement X="9.65729166666667" Y="40" Width="189.970833333334" Height="236.422923660278" TextVAlign="Center">
          <Rows>
            <Row X="9.65729166666667" Y="40" Width="189.970833333334" Height="5" TextVAlign="Center">
              <Cells>
                <Cell TextColor="black" TextHAlign="Center" TextVAlign="Center" WordWrap="true" CellWidth="3.4" OrigWidth="18.9970833333334" OrigHeight="5" Text="会计期间" DecimalDigits="0" X="9.65729166666667" Y="40" Width="18.9970833333334" Height="5" />
                <Cell TextColor="black" TextHAlign="Center" TextVAlign="Center" WordWrap="true" CellWidth="3.4" OrigWidth="18.9970833333334" OrigHeight="5" Text="科目编号" DecimalDigits="0" X="28.6543750000001" Y="40" Width="18.9970833333334" Height="5" />
                <Cell TextColor="black" TextHAlign="Center" TextVAlign="Center" WordWrap="true" CellWidth="3.4" OrigWidth="18.9970833333334" OrigHeight="5" Text="科目全名" DecimalDigits="0" X="47.6514583333335" Y="40" Width="18.9970833333334" Height="5" />
                <Cell TextColor="black" TextHAlign="Center" TextVAlign="Center" WordWrap="true" CellWidth="3.4" OrigWidth="18.9970833333334" OrigHeight="5" Text="外币名称" DecimalDigits="0" X="66.6485416666668" Y="40" Width="18.9970833333334" Height="5" />
                <Cell TextColor="black" TextHAlign="Center" TextVAlign="Center" WordWrap="true" CellWidth="3.4" OrigWidth="18.9970833333334" OrigHeight="5" Text="方向" DecimalDigits="0" X="85.6456250000002" Y="40" Width="18.9970833333334" Height="5" />
                <Cell TextColor="black" TextHAlign="Center" TextVAlign="Center" WordWrap="true" CellWidth="3.4" OrigWidth="18.9970833333334" OrigHeight="5" Text="外币余额" DecimalDigits="0" X="104.642708333334" Y="40" Width="18.9970833333334" Height="5" />
                <Cell TextColor="black" TextHAlign="Center" TextVAlign="Center" WordWrap="true" CellWidth="3.4" OrigWidth="18.9970833333334" OrigHeight="5" Text="调整前本币余额" DecimalDigits="0" X="123.639791666667" Y="40" Width="18.9970833333334" Height="5" />
                <Cell TextColor="black" TextHAlign="Center" TextVAlign="Center" WordWrap="true" CellWidth="3.4" OrigWidth="18.9970833333334" OrigHeight="5" Text="调整汇率" DecimalDigits="0" X="142.636875" Y="40" Width="18.9970833333334" Height="5" />
                <Cell TextColor="black" TextHAlign="Center" TextVAlign="Center" WordWrap="true" CellWidth="3.4" OrigWidth="18.9970833333334" OrigHeight="5" Text="调整后本币余额" DecimalDigits="0" X="161.633958333334" Y="40" Width="18.9970833333334" Height="5" />
                <Cell TextColor="black" TextHAlign="Center" TextVAlign="Center" WordWrap="true" CellWidth="3.4" OrigWidth="18.9970833333334" OrigHeight="5" Text="调整金额" DecimalDigits="0" X="180.631041666667" Y="40" Width="18.9970833333334" Height="5" />
              </Cells>
            </Row>
            <Row X="9.65729166666667" Y="45" Width="189.970833333334" Height="5" TextVAlign="Center">
              <Cells>
                <Cell TextVAlign="Center" WordWrap="true" CellWidth="3.4" OrigWidth="18.9970833333333" OrigHeight="5" Text="会计期间" FieldKind="Detail" X="9.65729166666667" Y="45" Width="18.9970833333333" Height="5" />
                <Cell TextVAlign="Center" WordWrap="true" CellWidth="3.4" OrigWidth="18.9970833333334" OrigHeight="5" Text="科目编号" FieldKind="Detail" DecimalDigits="0" X="28.654375" Y="45" Width="18.9970833333334" Height="5" />
                <Cell TextVAlign="Center" WordWrap="true" CellWidth="3.4" OrigWidth="18.9970833333334" OrigHeight="5" Text="科目全名" FieldKind="Detail" DecimalDigits="0" X="47.6514583333334" Y="45" Width="18.9970833333334" Height="5" />
                <Cell TextVAlign="Center" WordWrap="true" CellWidth="3.4" OrigWidth="18.9970833333334" OrigHeight="5" Text="外币名称" FieldKind="Detail" DecimalDigits="0" X="66.6485416666668" Y="45" Width="18.9970833333334" Height="5" />
                <Cell TextVAlign="Center" WordWrap="true" CellWidth="3.4" OrigWidth="18.9970833333334" OrigHeight="5" Text="方向" FieldKind="Detail" DecimalDigits="0" X="85.6456250000002" Y="45" Width="18.9970833333334" Height="5" />
                <Cell TextVAlign="Center" WordWrap="true" CellWidth="3.4" OrigWidth="18.9970833333334" OrigHeight="5" Text="外币余额" FieldKind="Detail" DecimalDigits="0" X="104.642708333334" Y="45" Width="18.9970833333334" Height="5" />
                <Cell TextVAlign="Center" WordWrap="true" CellWidth="3.4" OrigWidth="18.9970833333334" OrigHeight="5" Text="调整前本币余额" FieldKind="Detail" DecimalDigits="0" X="123.639791666667" Y="45" Width="18.9970833333334" Height="5" />
                <Cell TextVAlign="Center" WordWrap="true" CellWidth="3.4" OrigWidth="18.9970833333334" OrigHeight="5" Text="调整汇率" FieldKind="Detail" DecimalDigits="0" X="142.636875" Y="45" Width="18.9970833333334" Height="5" />
                <Cell TextVAlign="Center" WordWrap="true" CellWidth="3.4" OrigWidth="18.9970833333334" OrigHeight="5" Text="调整后本币余额" FieldKind="Detail" DecimalDigits="0" X="161.633958333334" Y="45" Width="18.9970833333334" Height="5" />
                <Cell TextVAlign="Center" WordWrap="true" CellWidth="3.4" OrigWidth="18.9970833333334" OrigHeight="5" Text="调整金额" FieldKind="Detail" DecimalDigits="0" X="180.631041666667" Y="45" Width="18.9970833333334" Height="5" />
              </Cells>
            </Row>
            <Row X="9.65729166666667" Y="50" Width="189.970833333334" Height="5" TextVAlign="Center">
              <Cells>
                <Cell TextHAlign="Center" TextVAlign="Center" WordWrap="true" CellWidth="3.4" OrigWidth="18.9970833333333" OrigHeight="5" Text="合计：" X="9.65729166666667" Y="50" Width="18.9970833333333" Height="5" />
                <Cell TextVAlign="Center" WordWrap="true" CellWidth="3.4" OrigWidth="18.9970833333334" OrigHeight="5" Text="" DecimalDigits="0" X="28.654375" Y="50" Width="18.9970833333334" Height="5" />
                <Cell TextVAlign="Center" WordWrap="true" CellWidth="3.4" OrigWidth="18.9970833333334" OrigHeight="5" Text="" DecimalDigits="0" X="47.6514583333334" Y="50" Width="18.9970833333334" Height="5" />
                <Cell TextVAlign="Center" WordWrap="true" CellWidth="3.4" OrigWidth="18.9970833333334" OrigHeight="5" Text="" DecimalDigits="0" X="66.6485416666668" Y="50" Width="18.9970833333334" Height="5" />
                <Cell TextVAlign="Center" WordWrap="true" CellWidth="3.4" OrigWidth="18.9970833333334" OrigHeight="5" Text="" DecimalDigits="0" X="85.6456250000002" Y="50" Width="18.9970833333334" Height="5" />
                <Cell TextVAlign="Center" WordWrap="true" CellWidth="3.4" OrigWidth="18.9970833333334" OrigHeight="5" Text="外币余额" FieldKind="ToCurPageSum" DecimalDigits="0" X="104.642708333334" Y="50" Width="18.9970833333334" Height="5" />
                <Cell TextVAlign="Center" WordWrap="true" CellWidth="3.4" OrigWidth="18.9970833333334" OrigHeight="5" Text="调整前本币余额" FieldKind="ToCurPageSum" DecimalDigits="0" X="123.639791666667" Y="50" Width="18.9970833333334" Height="5" />
                <Cell TextVAlign="Center" WordWrap="true" CellWidth="3.4" OrigWidth="18.9970833333334" OrigHeight="5" Text="" DecimalDigits="0" X="142.636875" Y="50" Width="18.9970833333334" Height="5" />
                <Cell TextVAlign="Center" WordWrap="true" CellWidth="3.4" OrigWidth="18.9970833333334" OrigHeight="5" Text="调整后本币余额" FieldKind="ToCurPageSum" DecimalDigits="0" X="161.633958333334" Y="50" Width="18.9970833333334" Height="5" />
                <Cell TextVAlign="Center" WordWrap="true" CellWidth="3.4" OrigWidth="18.9970833333334" OrigHeight="5" Text="调整金额" FieldKind="ToCurPageSum" DecimalDigits="0" X="180.631041666667" Y="50" Width="18.9970833333334" Height="5" />
              </Cells>
            </Row>
            <Row X="9.65729166666667" Y="55" Width="189.970833333333" Height="5" TextVAlign="Center">
              <Cells>
                <Cell TextColor="black" TextVAlign="Center" WordWrap="true" CellWidth="3.4" OrigWidth="14.0229166666667" OrigHeight="5" Text="" LeftLineVisible="false" RightLineVisible="false" BottomLineVisible="false" X="9.65729166666667" Y="55" Width="14.0229166666667" Height="5" />
                <Cell TextColor="black" TextVAlign="Center" WordWrap="true" CellWidth="3.4" OrigWidth="16.66875" OrigHeight="5" Text="" LeftLineVisible="false" RightLineVisible="false" BottomLineVisible="false" X="23.6802083333334" Y="55" Width="16.66875" Height="5" />
                <Cell TextColor="black" TextVAlign="Center" WordWrap="true" CellWidth="3.4" OrigWidth="17.9916666666667" OrigHeight="5" Text="" LeftLineVisible="false" RightLineVisible="false" BottomLineVisible="false" X="40.3489583333334" Y="55" Width="17.9916666666667" Height="5" />
                <Cell TextColor="black" TextVAlign="Center" WordWrap="true" CellWidth="3.4" OrigWidth="19.5791666666667" OrigHeight="5" Text="" LeftLineVisible="false" RightLineVisible="false" BottomLineVisible="false" X="58.3406250000001" Y="55" Width="19.5791666666667" Height="5" />
                <Cell TextColor="black" TextVAlign="Center" WordWrap="true" CellWidth="3.4" OrigWidth="18.5208333333333" OrigHeight="5" Text="" LeftLineVisible="false" RightLineVisible="false" BottomLineVisible="false" X="77.9197916666668" Y="55" Width="18.5208333333333" Height="5" />
                <Cell TextColor="black" TextVAlign="Center" WordWrap="true" CellWidth="3.4" OrigWidth="21.1666666666666" OrigHeight="5" Text="" LeftLineVisible="false" RightLineVisible="false" BottomLineVisible="false" X="96.4406250000001" Y="55" Width="21.1666666666666" Height="5" />
                <Cell TextColor="black" TextVAlign="Center" WordWrap="true" CellWidth="3.4" OrigWidth="22.4895833333333" OrigHeight="5" Text="" LeftLineVisible="false" RightLineVisible="false" BottomLineVisible="false" X="117.607291666667" Y="55" Width="22.4895833333333" Height="5" />
                <Cell TextColor="black" TextVAlign="Center" WordWrap="true" CellWidth="3.4" OrigWidth="14.8166666666667" OrigHeight="5" Text="" LeftLineVisible="false" RightLineVisible="false" BottomLineVisible="false" X="140.096875" Y="55" Width="14.8166666666667" Height="5" />
                <Cell TextColor="black" TextVAlign="Center" WordWrap="true" CellWidth="3.4" OrigWidth="24.60625" OrigHeight="5" Text="打印时间：" LeftLineVisible="false" RightLineVisible="false" BottomLineVisible="false" X="154.913541666667" Y="55" Width="24.60625" Height="5" />
                <Cell TextColor="black" TextHAlign="Right" TextVAlign="Center" WordWrap="true" CellWidth="3.4" OrigWidth="20.1083333333333" OrigHeight="5" Text="日期" FieldKind="System" LeftLineVisible="false" RightLineVisible="false" BottomLineVisible="false" X="179.519791666667" Y="55" Width="20.1083333333333" Height="5" />
              </Cells>
            </Row>
            <Row X="9.65729166666667" Y="60" Width="189.970833333333" Height="5" TextVAlign="Center">
              <Cells>
                <Cell TextColor="black" TextVAlign="Center" WordWrap="true" CellWidth="3.4" OrigWidth="14.0229166666667" OrigHeight="5" Text="" LeftLineVisible="false" TopLineVisible="false" RightLineVisible="false" BottomLineVisible="false" X="9.65729166666667" Y="60" Width="14.0229166666667" Height="5" />
                <Cell TextColor="black" TextVAlign="Center" WordWrap="true" CellWidth="3.4" OrigWidth="16.66875" OrigHeight="5" Text="" LeftLineVisible="false" TopLineVisible="false" RightLineVisible="false" BottomLineVisible="false" X="23.6802083333334" Y="60" Width="16.66875" Height="5" />
                <Cell TextColor="black" TextVAlign="Center" WordWrap="true" CellWidth="3.4" OrigWidth="17.9916666666667" OrigHeight="5" Text="" LeftLineVisible="false" TopLineVisible="false" RightLineVisible="false" BottomLineVisible="false" X="40.3489583333334" Y="60" Width="17.9916666666667" Height="5" />
                <Cell TextColor="black" TextVAlign="Center" WordWrap="true" CellWidth="3.4" OrigWidth="19.5791666666667" OrigHeight="5" Text="" LeftLineVisible="false" TopLineVisible="false" RightLineVisible="false" BottomLineVisible="false" X="58.3406250000001" Y="60" Width="19.5791666666667" Height="5" />
                <Cell TextColor="black" TextVAlign="Center" WordWrap="true" CellWidth="3.4" OrigWidth="18.5208333333333" OrigHeight="5" Text="" LeftLineVisible="false" TopLineVisible="false" RightLineVisible="false" BottomLineVisible="false" X="77.9197916666668" Y="60" Width="18.5208333333333" Height="5" />
                <Cell TextColor="black" TextVAlign="Center" WordWrap="true" CellWidth="3.4" OrigWidth="21.1666666666666" OrigHeight="5" Text="" LeftLineVisible="false" TopLineVisible="false" RightLineVisible="false" BottomLineVisible="false" X="96.4406250000001" Y="60" Width="21.1666666666666" Height="5" />
                <Cell TextColor="black" TextVAlign="Center" WordWrap="true" CellWidth="3.4" OrigWidth="22.4895833333333" OrigHeight="5" Text="" LeftLineVisible="false" TopLineVisible="false" RightLineVisible="false" BottomLineVisible="false" X="117.607291666667" Y="60" Width="22.4895833333333" Height="5" />
                <Cell TextColor="black" TextVAlign="Center" WordWrap="true" CellWidth="3.4" OrigWidth="14.8166666666667" OrigHeight="5" Text="" LeftLineVisible="false" TopLineVisible="false" RightLineVisible="false" BottomLineVisible="false" X="140.096875" Y="60" Width="14.8166666666667" Height="5" />
                <Cell TextColor="black" TextVAlign="Center" WordWrap="true" CellWidth="3.4" OrigWidth="24.60625" OrigHeight="5" Text="" LeftLineVisible="false" TopLineVisible="false" RightLineVisible="false" BottomLineVisible="false" X="154.913541666667" Y="60" Width="24.60625" Height="5" />
                <Cell TextColor="black" TextHAlign="Right" TextVAlign="Center" WordWrap="true" CellWidth="3.4" OrigWidth="20.1083333333333" OrigHeight="5" Text="[管家婆软件]" LeftLineVisible="false" TopLineVisible="false" RightLineVisible="false" BottomLineVisible="false" X="179.519791666667" Y="60" Width="20.1083333333333" Height="5" />
              </Cells>
            </Row>
          </Rows>
        </TableElement>
        <TextElement Text="总页码" FieldKind="System" LeftLineVisible="false" TopLineVisible="false" RightLineVisible="false" BottomLineVisible="false" BandKind="PageHeader" X="181.085424057643" Y="14.7583328564962" Width="20" Height="5" TextHAlign="Right" TextVAlign="Center" />
      </Elements>
      <Bands>
        <Band IsVisible="false" TextVAlign="Center" />
        <Band BandKind="PageHeader" Height="20" TextVAlign="Center" />
        <Band BandKind="ReportHeader" Y="19.84375" Height="20" TextVAlign="Center" />
        <Band IsVisible="false" BandKind="PageBodyHeader" TextVAlign="Center" />
        <Band BandKind="PageDetail" Y="39.6875" Height="237" TextVAlign="Center" />
        <Band IsVisible="false" BandKind="PageBodyFooter" TextVAlign="Center" />
        <Band IsVisible="false" BandKind="ReportFooter" TextVAlign="Center" />
        <Band BandKind="PageFooter" Y="276.754166666667" Height="20" TextVAlign="Center" />
      </Bands>
    </Page>
  </Pages>
  <PageSettings MarginLeft="10" MarginTop="20" MarginBottom="20" PageWidth="210" PageHeight="297" />
  <ExpressionFields />
</Report>