<Report ReportKind="OverprintReport">
  <Pages>
    <Page Background="" IsGrayBackground="true" Width="241" Height="114.3" TextVAlign="Center">
      <OrderFields />
      <Elements>
        <TextElement Text="凭证标题" FieldKind="Master" LeftLineVisible="false" TopLineVisible="false" RightLineVisible="false" BottomLineVisible="false" BandKind="PageBodyHeader" X="80.2291655858358" Y="2.76458326180776" Width="70" Height="9" FontSize="22" BoldFont="true" BackColor="" TextHAlign="Center" TextVAlign="Center" />
        <TextElement Text="制作单位" FieldKind="Master" LeftLineVisible="false" TopLineVisible="false" RightLineVisible="false" BottomLineVisible="false" BandKind="PageBodyHeader" X="43.7083327611287" Y="22.7354159037272" Width="90" Height="5" BackColor="" TextVAlign="Center" />
        <TextElement Text="本币名称：人民币" LeftLineVisible="false" TopLineVisible="false" RightLineVisible="false" BottomLineVisible="false" BandKind="PageBodyHeader" X="173.708335367839" Y="5.73541694482167" Width="38" Height="5" FontSize="10" BackColor="" TextVAlign="Center" />
        <TextElement Text="凭证号" FieldKind="Master" LeftLineVisible="false" TopLineVisible="false" RightLineVisible="false" BottomLineVisible="false" BandKind="PageBodyHeader" X="173.708335367839" Y="13.4625" Width="13" Height="5" FontSize="10" BackColor="" TextVAlign="Center" />
        <TextElement Text="—" LeftLineVisible="false" TopLineVisible="false" RightLineVisible="false" BottomLineVisible="false" BandKind="PageBodyHeader" X="186.708333206177" Y="13.4625" Width="3" Height="5" FontSize="10" BackColor="" TextVAlign="Center" />
        <TextElement Text="总页码" FieldKind="System" LeftLineVisible="false" TopLineVisible="false" RightLineVisible="false" BottomLineVisible="false" BandKind="PageBodyHeader" X="189.708327738444" Y="13.4625" Width="22" Height="5" FontSize="10" BackColor="" TextVAlign="Center" />
        <TextElement Text="记账" FieldKind="Master" LeftLineVisible="false" TopLineVisible="false" RightLineVisible="false" BottomLineVisible="false" BandKind="PageBodyHeader" X="74.7083300908406" Y="94.735413869222" Width="28.2020838896433" Height="5.0000001390775" BackColor="" TextVAlign="Center" />
        <TextElement Text="审核" FieldKind="Master" LeftLineVisible="false" TopLineVisible="false" RightLineVisible="false" BottomLineVisible="false" BandKind="PageBodyHeader" X="112.708336194356" Y="94.735413869222" Width="45.135415204366" Height="5.0000001390775" BackColor="" TextVAlign="Center" />
        <TextElement Text="制单" FieldKind="Master" LeftLineVisible="false" TopLineVisible="false" RightLineVisible="false" BottomLineVisible="false" BandKind="PageBodyHeader" X="168.820826848348" Y="94.735413869222" Width="15.5020838896433" Height="5.0000001390775" BackColor="" TextVAlign="Center" />
        <TableElement X="27.2947916666667" Y="29.7354175567627" Width="185" Height="64.0000017801921" TextVAlign="Center">
          <Rows>
            <Row X="28.2947916666667" Y="29.7354175567627" Width="185" Height="7" TextVAlign="Center">
              <Cells>
                <Cell OrigWidth="40" OrigHeight="7" AccounttantLineVisble="true" LeftLineVisible="false" TopLineVisible="false" RightLineVisible="false" BottomLineVisible="false" X="28.2947916666667" Y="29.7354175567627" Width="40" Height="7" FontSize="8" TextVAlign="Center" />
                <Cell OrigWidth="93" OrigHeight="7" AccounttantLineVisble="true" LeftLineVisible="false" TopLineVisible="false" RightLineVisible="false" BottomLineVisible="false" X="68.2947916666667" Y="29.7354175567627" Width="93" Height="7" FontSize="8" TextVAlign="Center" />
                <Cell OrigWidth="26" OrigHeight="7" AccounttantLineVisble="true" LeftLineVisible="false" TopLineVisible="false" RightLineVisible="false" BottomLineVisible="false" X="161.294791666667" Y="29.7354175567627" Width="26" Height="7" FontSize="8" TextVAlign="Center" />
                <Cell OrigWidth="26" OrigHeight="7" AccounttantLineVisble="true" LeftLineVisible="false" TopLineVisible="false" RightLineVisible="false" BottomLineVisible="false" X="187.294791666667" Y="29.7354175567627" Width="26" Height="7" FontSize="8" TextVAlign="Center" />
              </Cells>
            </Row>
            <Row X="28.2947916666667" Y="36.7354175567627" Width="185" Height="10" TextVAlign="Center">
              <Cells>
                <Cell OrigWidth="40" OrigHeight="10" AccounttantLineVisble="true" Text="摘要" FieldKind="Detail" LeftLineVisible="false" TopLineVisible="false" RightLineVisible="false" BottomLineVisible="false" X="28.2947916666667" Y="36.7354175567627" Width="40" Height="10" FontSize="8" TextVAlign="Center" WordWrap="true" />
                <Cell OrigWidth="93" OrigHeight="10" AccounttantLineVisble="true" Text="科目" FieldKind="Detail" LeftLineVisible="false" TopLineVisible="false" RightLineVisible="false" BottomLineVisible="false" X="68.2947916666667" Y="36.7354175567627" Width="93" Height="10" FontSize="8" TextVAlign="Center" />
                <Cell OrigWidth="26" OrigHeight="10" AccounttantLineVisble="true" Text="借方金额" FieldKind="Detail" LeftLineVisible="false" TopLineVisible="false" RightLineVisible="false" BottomLineVisible="false" TextFormat="AccountFormat" X="161.294791666667" Y="36.7354175567627" Width="26" Height="10" FontSize="8" TextHAlign="Right" TextVAlign="Center" />
                <Cell OrigWidth="26" OrigHeight="10" AccounttantLineVisble="true" Text="贷方金额" FieldKind="Detail" LeftLineVisible="false" TopLineVisible="false" RightLineVisible="false" BottomLineVisible="false" TextFormat="AccountFormat" X="187.294791666667" Y="36.7354175567627" Width="26" Height="10" FontSize="8" TextHAlign="Right" TextVAlign="Center" />
              </Cells>
            </Row>
            <Row IsDashRow="true" X="28.2947916666667" Y="46.7354175567627" Width="185" Height="10" TextVAlign="Center">
              <Cells>
                <Cell OrigWidth="40" OrigHeight="10" AccounttantLineVisble="true" Text="" FieldKind="Detail" LeftLineVisible="false" LeftLineKind="Dash" LeftLineColor="green" TopLineVisible="false" TopLineColor="black" RightLineVisible="false" RightLineKind="Dash" RightLineColor="green" BottomLineVisible="false" BottomLineKind="Dash" BottomLineColor="green" DecimalDigits="0" X="28.2947916666667" Y="46.7354175567627" Width="40" Height="10" FontSize="8" TextVAlign="Center" WordWrap="true" />
                <Cell OrigWidth="93" OrigHeight="10" AccounttantLineVisble="true" Text="" FieldKind="Detail" LeftLineVisible="false" LeftLineKind="Dash" LeftLineColor="green" TopLineVisible="false" TopLineColor="black" RightLineVisible="false" RightLineKind="Dash" RightLineColor="green" BottomLineVisible="false" BottomLineKind="Dash" BottomLineColor="green" DecimalDigits="0" X="68.2947916666667" Y="46.7354175567627" Width="93" Height="10" FontSize="8" TextVAlign="Center" />
                <Cell OrigWidth="26" OrigHeight="10" AccounttantLineVisble="true" Text="" FieldKind="Detail" LeftLineVisible="false" LeftLineKind="Dash" LeftLineColor="green" TopLineVisible="false" TopLineColor="black" RightLineVisible="false" RightLineKind="Dash" RightLineColor="green" BottomLineVisible="false" BottomLineKind="Dash" BottomLineColor="green" TextFormat="AccountFormat" DecimalDigits="0" X="161.294791666667" Y="46.7354175567627" Width="26" Height="10" FontSize="8" TextHAlign="Right" TextVAlign="Center" />
                <Cell OrigWidth="26" OrigHeight="10" AccounttantLineVisble="true" Text="" FieldKind="Detail" LeftLineVisible="false" LeftLineKind="Dash" LeftLineColor="green" TopLineVisible="false" TopLineColor="black" RightLineVisible="false" RightLineKind="Dash" RightLineColor="green" BottomLineVisible="false" BottomLineKind="Dash" BottomLineColor="green" TextFormat="AccountFormat" DecimalDigits="0" X="187.294791666667" Y="46.7354175567627" Width="26" Height="10" FontSize="8" TextHAlign="Right" TextVAlign="Center" />
              </Cells>
            </Row>
            <Row IsDashRow="true" X="28.2947916666667" Y="56.7354175567627" Width="185" Height="10" TextVAlign="Center">
              <Cells>
                <Cell OrigWidth="40" OrigHeight="10" AccounttantLineVisble="true" Text="" FieldKind="Detail" LeftLineVisible="false" LeftLineKind="Dash" LeftLineColor="green" TopLineVisible="false" TopLineKind="Dash" TopLineColor="green" RightLineVisible="false" RightLineKind="Dash" RightLineColor="green" BottomLineVisible="false" BottomLineKind="Dash" BottomLineColor="green" DecimalDigits="0" X="28.2947916666667" Y="56.7354175567627" Width="40" Height="10" FontSize="8" TextVAlign="Center" WordWrap="true" />
                <Cell OrigWidth="93" OrigHeight="10" AccounttantLineVisble="true" Text="" FieldKind="Detail" LeftLineVisible="false" LeftLineKind="Dash" LeftLineColor="green" TopLineVisible="false" TopLineKind="Dash" TopLineColor="green" RightLineVisible="false" RightLineKind="Dash" RightLineColor="green" BottomLineVisible="false" BottomLineKind="Dash" BottomLineColor="green" DecimalDigits="0" X="68.2947916666667" Y="56.7354175567627" Width="93" Height="10" FontSize="8" TextVAlign="Center" />
                <Cell OrigWidth="26" OrigHeight="10" AccounttantLineVisble="true" Text="" FieldKind="Detail" LeftLineVisible="false" LeftLineKind="Dash" LeftLineColor="green" TopLineVisible="false" TopLineKind="Dash" TopLineColor="green" RightLineVisible="false" RightLineKind="Dash" RightLineColor="green" BottomLineVisible="false" BottomLineKind="Dash" BottomLineColor="green" TextFormat="AccountFormat" DecimalDigits="0" X="161.294791666667" Y="56.7354175567627" Width="26" Height="10" FontSize="8" TextHAlign="Right" TextVAlign="Center" />
                <Cell OrigWidth="26" OrigHeight="10" AccounttantLineVisble="true" Text="" FieldKind="Detail" LeftLineVisible="false" LeftLineKind="Dash" LeftLineColor="green" TopLineVisible="false" TopLineKind="Dash" TopLineColor="green" RightLineVisible="false" RightLineKind="Dash" RightLineColor="green" BottomLineVisible="false" BottomLineKind="Dash" BottomLineColor="green" TextFormat="AccountFormat" DecimalDigits="0" X="187.294791666667" Y="56.7354175567627" Width="26" Height="10" FontSize="8" TextHAlign="Right" TextVAlign="Center" />
              </Cells>
            </Row>
            <Row IsDashRow="true" X="28.2947916666667" Y="66.7354175567627" Width="185" Height="10" TextVAlign="Center">
              <Cells>
                <Cell OrigWidth="40" OrigHeight="10" AccounttantLineVisble="true" Text="" FieldKind="Detail" LeftLineVisible="false" LeftLineKind="Dash" LeftLineColor="green" TopLineVisible="false" TopLineKind="Dash" TopLineColor="green" RightLineVisible="false" RightLineKind="Dash" RightLineColor="green" BottomLineVisible="false" BottomLineKind="Dash" BottomLineColor="green" DecimalDigits="0" X="28.2947916666667" Y="66.7354175567627" Width="40" Height="10" FontSize="8" TextVAlign="Center" WordWrap="true" />
                <Cell OrigWidth="93" OrigHeight="10" AccounttantLineVisble="true" Text="" FieldKind="Detail" LeftLineVisible="false" LeftLineKind="Dash" LeftLineColor="green" TopLineVisible="false" TopLineKind="Dash" TopLineColor="green" RightLineVisible="false" RightLineKind="Dash" RightLineColor="green" BottomLineVisible="false" BottomLineKind="Dash" BottomLineColor="green" DecimalDigits="0" X="68.2947916666667" Y="66.7354175567627" Width="93" Height="10" FontSize="8" TextVAlign="Center" />
                <Cell OrigWidth="26" OrigHeight="10" AccounttantLineVisble="true" Text="" FieldKind="Detail" LeftLineVisible="false" LeftLineKind="Dash" LeftLineColor="green" TopLineVisible="false" TopLineKind="Dash" TopLineColor="green" RightLineVisible="false" RightLineKind="Dash" RightLineColor="green" BottomLineVisible="false" BottomLineKind="Dash" BottomLineColor="green" TextFormat="AccountFormat" DecimalDigits="0" X="161.294791666667" Y="66.7354175567627" Width="26" Height="10" FontSize="8" TextHAlign="Right" TextVAlign="Center" />
                <Cell OrigWidth="26" OrigHeight="10" AccounttantLineVisble="true" Text="" FieldKind="Detail" LeftLineVisible="false" LeftLineKind="Dash" LeftLineColor="green" TopLineVisible="false" TopLineKind="Dash" TopLineColor="green" RightLineVisible="false" RightLineKind="Dash" RightLineColor="green" BottomLineVisible="false" BottomLineKind="Dash" BottomLineColor="green" TextFormat="AccountFormat" DecimalDigits="0" X="187.294791666667" Y="66.7354175567627" Width="26" Height="10" FontSize="8" TextHAlign="Right" TextVAlign="Center" />
              </Cells>
            </Row>
            <Row IsDashRow="true" X="28.2947916666667" Y="76.7354175567627" Width="185" Height="10" TextVAlign="Center">
              <Cells>
                <Cell OrigWidth="40" OrigHeight="10" AccounttantLineVisble="true" Text="" FieldKind="Detail" LeftLineVisible="false" LeftLineKind="Dash" LeftLineColor="green" TopLineVisible="false" TopLineKind="Dash" TopLineColor="green" RightLineVisible="false" RightLineKind="Dash" RightLineColor="green" BottomLineVisible="false" BottomLineKind="Dash" BottomLineColor="green" DecimalDigits="0" X="28.2947916666667" Y="76.7354175567627" Width="40" Height="10" FontSize="8" TextVAlign="Center" WordWrap="true" />
                <Cell OrigWidth="93" OrigHeight="10" AccounttantLineVisble="true" Text="" FieldKind="Detail" LeftLineVisible="false" LeftLineKind="Dash" LeftLineColor="green" TopLineVisible="false" TopLineKind="Dash" TopLineColor="green" RightLineVisible="false" RightLineKind="Dash" RightLineColor="green" BottomLineVisible="false" BottomLineKind="Dash" BottomLineColor="green" DecimalDigits="0" X="68.2947916666667" Y="76.7354175567627" Width="93" Height="10" FontSize="8" TextVAlign="Center" />
                <Cell OrigWidth="26" OrigHeight="10" AccounttantLineVisble="true" Text="" FieldKind="Detail" LeftLineVisible="false" LeftLineKind="Dash" LeftLineColor="green" TopLineVisible="false" TopLineKind="Dash" TopLineColor="green" RightLineVisible="false" RightLineKind="Dash" RightLineColor="green" BottomLineVisible="false" BottomLineKind="Dash" BottomLineColor="green" TextFormat="AccountFormat" DecimalDigits="0" X="161.294791666667" Y="76.7354175567627" Width="26" Height="10" FontSize="8" TextHAlign="Right" TextVAlign="Center" />
                <Cell OrigWidth="26" OrigHeight="10" AccounttantLineVisble="true" Text="" FieldKind="Detail" LeftLineVisible="false" LeftLineKind="Dash" LeftLineColor="green" TopLineVisible="false" TopLineKind="Dash" TopLineColor="green" RightLineVisible="false" RightLineKind="Dash" RightLineColor="green" BottomLineVisible="false" BottomLineKind="Dash" BottomLineColor="green" TextFormat="AccountFormat" DecimalDigits="0" X="187.294791666667" Y="76.7354175567627" Width="26" Height="10" FontSize="8" TextHAlign="Right" TextVAlign="Center" />
              </Cells>
            </Row>
            <Row X="28.2947916666667" Y="86.7354175567627" Width="185" Height="7" TextVAlign="Center">
              <Cells>
                <Cell OrigWidth="40" OrigHeight="7" AccounttantLineVisble="true" LeftLineVisible="false" TopLineVisible="false" RightLineVisible="false" BottomLineVisible="false" X="28.2947916666667" Y="86.7354175567627" Width="40" Height="7" FontSize="8" TextVAlign="Center" />
                <Cell OrigWidth="93" OrigHeight="7" AccounttantLineVisble="true" Text="借方金额" FieldKind="Total" LeftLineVisible="false" TopLineVisible="false" RightLineVisible="false" BottomLineVisible="false" TextFormat="MoneyToUpper" X="68.2947916666667" Y="86.7354175567627" Width="93" Height="7" FontSize="8" TextVAlign="Center" />
                <Cell OrigWidth="26" OrigHeight="7" AccounttantLineVisble="true" Text="借方金额" FieldKind="ToCurPageSum" LeftLineVisible="false" TopLineVisible="false" RightLineVisible="false" BottomLineVisible="false" TextFormat="AccountFormat" X="161.294791666667" Y="86.7354175567627" Width="26" Height="7" FontSize="8" TextHAlign="Right" TextVAlign="Center" />
                <Cell OrigWidth="26" OrigHeight="7" AccounttantLineVisble="true" Text="贷方金额" FieldKind="ToCurPageSum" LeftLineVisible="false" TopLineVisible="false" RightLineVisible="false" BottomLineVisible="false" TextFormat="AccountFormat" X="187.294791666667" Y="86.7354175567627" Width="26" Height="7" FontSize="8" TextHAlign="Right" TextVAlign="Center" />
              </Cells>
            </Row>
          </Rows>
        </TableElement>
        <TextElement Text="录单日期" FieldKind="Master" LeftLineVisible="false" TopLineVisible="false" RightLineVisible="false" BottomLineVisible="false" TextFormat="DateToChn" BandKind="PageBodyHeader" X="80.2291655858358" Y="13.7354161580404" Width="70" Height="5" FontSize="10" BackColor="" TextHAlign="Center" TextVAlign="Center" />
        <TextElement Text="核算单位：" LeftLineVisible="false" TopLineVisible="false" RightLineVisible="false" BottomLineVisible="false" BandKind="PageBodyHeader" X="26.1791661262512" Y="22.7354159037272" Width="15.5291665792465" Height="5.0000001390775" BackColor="" TextVAlign="Center" />
        <TextElement Text="财务主管：" LeftLineVisible="false" TopLineVisible="false" RightLineVisible="false" BottomLineVisible="false" BandKind="PageBodyHeader" X="26.7083327929179" Y="94.735413869222" Width="15" Height="5" BackColor="" TextVAlign="Center" />
        <TextElement Text="记账：" LeftLineVisible="false" TopLineVisible="false" RightLineVisible="false" BottomLineVisible="false" BandKind="PageBodyHeader" X="65.7083303451538" Y="94.735413869222" Width="9.32291688919067" Height="5.0000001390775" BackColor="" TextVAlign="Center" />
        <TextElement Text="复核：" LeftLineVisible="false" TopLineVisible="false" RightLineVisible="false" BottomLineVisible="false" BandKind="PageBodyHeader" X="103.708336448669" Y="94.735413869222" Width="8.52916688919067" Height="5.0000001390775" BackColor="" TextVAlign="Center" />
        <TextElement Text="制单：" LeftLineVisible="false" TopLineVisible="false" RightLineVisible="false" BottomLineVisible="false" BandKind="PageBodyHeader" X="158.497910435994" Y="94.735413869222" Width="9.05833355585734" Height="5.0000001390775" BackColor="" TextVAlign="Center" />
        <TextElement Text="经办人：" LeftLineVisible="false" TopLineVisible="false" RightLineVisible="false" BottomLineVisible="false" BandKind="PageBodyHeader" X="185.412498219808" Y="94.735413869222" Width="13.0583336671193" Height="5.0000001390775" BackColor="" TextVAlign="Center" />
        <TextElement Text="会计主管" FieldKind="Master" LeftLineVisible="false" TopLineVisible="false" RightLineVisible="false" BottomLineVisible="false" BandKind="PageBodyHeader" X="41.9249992688497" Y="94.735413869222" Width="23.96875055631" Height="5.0000001390775" BackColor="" TextVAlign="Center" />
        <TextElement Text="经办人" FieldKind="Master" LeftLineVisible="false" TopLineVisible="false" RightLineVisible="false" BottomLineVisible="false" BandKind="PageBodyHeader" X="198.643748092651" Y="94.735413869222" Width="16.5604172229767" Height="5.0000001390775" BackColor="" TextVAlign="Center" />
        <TextElement Text="附单据数" LeftLineVisible="false" TopLineVisible="false" RightLineVisible="false" BottomLineVisible="false" BandKind="PageBodyHeader" X="26.7083327929179" Y="87.9000035603841" Width="13.3854172229767" Height="5.0000001390775" FontSize="8" BackColor="" TextVAlign="Center" />
        <TextElement Text="附件" FieldKind="Master" LeftLineVisible="false" TopLineVisible="false" RightLineVisible="false" BottomLineVisible="false" BandKind="PageBodyHeader" X="40.1208337148031" Y="87.9000035603841" Width="11.5333338896434" Height="5.0000001390775" FontSize="8" BackColor="" TextHAlign="Center" TextVAlign="Center" />
        <TextElement Text="张" LeftLineVisible="false" TopLineVisible="false" RightLineVisible="false" BottomLineVisible="false" BandKind="PageBodyHeader" X="52.5916648864746" Y="87.9000035603841" Width="6.77083388964335" Height="5.0000001390775" FontSize="8" BackColor="" TextVAlign="Center" />
      </Elements>
      <Bands>
        <Band IsVisible="false" TextVAlign="Center" />
        <Band BandKind="PageHeader" TextVAlign="Center" />
        <Band IsVisible="false" BandKind="ReportHeader" TextVAlign="Center" />
        <Band IsVisible="false" BandKind="PageBodyHeader" TextVAlign="Center" />
        <Band BandKind="PageDetail" Height="114.3" TextVAlign="Center" />
        <Band IsVisible="false" BandKind="PageBodyFooter" TextVAlign="Center" />
        <Band IsVisible="false" BandKind="ReportFooter" TextVAlign="Center" />
        <Band BandKind="PageFooter" Y="114.3" TextVAlign="Center" />
      </Bands>
    </Page>
  </Pages>
  <PageSettings PrinterName="默认打印机" PaperTypeName="自定义纸张" PaperSizeIndex="113" PageWidth="241" PageHeight="114.3" IsFixedRowCount="true" IsFixedRowHeigt="true" MaxRowCount="5" PaperBinIndex="-1" />
  <ExpressionFields />
</Report>