<Report MaxRowCount="0">
  <Pages>
    <Page Width="210" Height="297">
      <OrderFields />
      <Elements>
        <TextElement Text="表名" FieldKind="Master" LeftLineVisible="false" TopLineVisible="false" RightLineVisible="false" BottomLineVisible="false" TextHAlign="Center" BandKind="ReportHeader" X="46.6354205449422" Y="25.633335240682" Width="100" Height="10" FontSize="20" BoldFont="true" />
        <TableElement X="9.65729166666667" Y="45.5760416666667" Width="188" Height="230.846875127157">
          <Rows>
            <Row X="9.65729166666667" Y="45.5760416666667" Width="188" Height="5">
              <Cells>
                <Cell OrigWidth="15.08125" OrigHeight="5" Text="日期" TextHAlign="Center" WordWrap="true" X="9.65729166666667" Y="45.5760416666667" Width="15.08125" Height="5" BoldFont="true" />
                <Cell OrigWidth="32.2791666666667" OrigHeight="5" Text="单据编号" TextHAlign="Center" WordWrap="true" X="24.7385416666667" Y="45.5760416666667" Width="32.2791666666667" Height="5" BoldFont="true" />
                <Cell OrigWidth="16.66875" OrigHeight="5" Text="摘要" TextHAlign="Center" WordWrap="true" X="57.0177083333334" Y="45.5760416666667" Width="16.66875" Height="5" BoldFont="true" />
                <Cell OrigWidth="19.3145833333333" OrigHeight="5" Text="单据类型" TextHAlign="Center" WordWrap="true" X="73.6864583333334" Y="45.5760416666667" Width="19.3145833333333" Height="5" BoldFont="true" />
                <Cell OrigWidth="18.5208333333333" OrigHeight="5" Text="批号" TextHAlign="Center" WordWrap="true" X="93.0010416666667" Y="45.5760416666667" Width="18.5208333333333" Height="5" BoldFont="true" />
                <Cell OrigWidth="31.4854166666667" OrigHeight="5" Text="收入数量" TextHAlign="Center" WordWrap="true" X="111.521875" Y="45.5760416666667" Width="31.4854166666667" Height="5" BoldFont="true" />
                <Cell OrigWidth="28.3104166666667" OrigHeight="5" Text="发出数量" TextHAlign="Center" WordWrap="true" X="143.007291666667" Y="45.5760416666667" Width="28.3104166666667" Height="5" BoldFont="true" />
                <Cell OrigWidth="26.339583333333" OrigHeight="5" Text="结存数量" TextHAlign="Center" WordWrap="true" X="171.317708333333" Y="45.5760416666667" Width="26.339583333333" Height="5" BoldFont="true" />
              </Cells>
            </Row>
            <Row X="9.65729166666667" Y="50.5760416666667" Width="187.999999999999" Height="5">
              <Cells>
                <Cell OrigWidth="15.08125" OrigHeight="5" Text="日期" FieldKind="Detail" TextHAlign="Center" WordWrap="true" X="9.65729166666667" Y="50.5760416666667" Width="15.08125" Height="5" TextColor="black" />
                <Cell OrigWidth="32.2791666666667" OrigHeight="5" Text="单据编号" FieldKind="Detail" TextHAlign="Center" WordWrap="true" X="24.7385416666667" Y="50.5760416666667" Width="32.2791666666667" Height="5" TextColor="black" />
                <Cell OrigWidth="16.66875" OrigHeight="5" Text="摘要" FieldKind="Detail" TextHAlign="Center" WordWrap="true" X="57.0177083333334" Y="50.5760416666667" Width="16.66875" Height="5" TextColor="black" />
                <Cell OrigWidth="19.3145833333333" OrigHeight="5" Text="单据类型" FieldKind="Detail" TextHAlign="Center" WordWrap="true" X="73.6864583333334" Y="50.5760416666667" Width="19.3145833333333" Height="5" TextColor="black" />
                <Cell OrigWidth="18.5208333333333" OrigHeight="5" Text="批号" FieldKind="Detail" TextHAlign="Center" WordWrap="true" X="93.0010416666667" Y="50.5760416666667" Width="18.5208333333333" Height="5" TextColor="black" />
                <Cell OrigWidth="31.4854166666667" OrigHeight="5" Text="收入数量" FieldKind="Detail" TextHAlign="Center" WordWrap="true" X="111.521875" Y="50.5760416666667" Width="31.4854166666667" Height="5" TextColor="black" />
                <Cell OrigWidth="28.3104166666667" OrigHeight="5" Text="发出数量" FieldKind="Detail" TextHAlign="Center" WordWrap="true" X="143.007291666667" Y="50.5760416666667" Width="28.3104166666667" Height="5" TextColor="black" />
                <Cell OrigWidth="26.3395833333328" OrigHeight="5" Text="结存数量" FieldKind="Detail" TextHAlign="Center" WordWrap="true" X="171.317708333333" Y="50.5760416666667" Width="26.3395833333328" Height="5" TextColor="black" />
              </Cells>
            </Row>
            <Row X="9.65729166666667" Y="55.5760416666667" Width="188" Height="5">
              <Cells>
                <Cell OrigWidth="29.0236439499304" OrigHeight="5" Text="" LeftLineVisible="false" RightLineVisible="false" BottomLineVisible="false" WordWrap="true" X="9.65729166666667" Y="55.5760416666667" Width="29.0236439499304" Height="5" />
                <Cell OrigWidth="69.2906815020861" OrigHeight="5" Text="" LeftLineVisible="false" RightLineVisible="false" BottomLineVisible="false" WordWrap="true" X="38.6809356165971" Y="55.5760416666667" Width="69.2906815020861" Height="5" />
                <Cell OrigWidth="47.0653685674548" OrigHeight="5" Text="打印时间：" LeftLineVisible="false" RightLineVisible="false" BottomLineVisible="false" TextHAlign="Right" WordWrap="true" X="107.971617118683" Y="55.5760416666667" Width="47.0653685674548" Height="5" />
                <Cell OrigWidth="42.6203059805283" OrigHeight="5" Text="日期" FieldKind="System" LeftLineVisible="false" RightLineVisible="false" BottomLineVisible="false" TextHAlign="Center" WordWrap="true" X="155.036985686138" Y="55.5760416666667" Width="42.6203059805283" Height="5" />
              </Cells>
            </Row>
            <Row X="9.65729166666667" Y="60.5760416666667" Width="188" Height="5">
              <Cells>
                <Cell OrigWidth="29.0236439499304" OrigHeight="5" Text="" LeftLineVisible="false" TopLineVisible="false" RightLineVisible="false" BottomLineVisible="false" WordWrap="true" X="9.65729166666667" Y="60.5760416666667" Width="29.0236439499304" Height="5" TextColor="black" />
                <Cell OrigWidth="69.2906815020861" OrigHeight="5" Text="" LeftLineVisible="false" TopLineVisible="false" RightLineVisible="false" BottomLineVisible="false" WordWrap="true" X="38.6809356165971" Y="60.5760416666667" Width="69.2906815020861" Height="5" TextColor="black" />
                <Cell OrigWidth="89.6856745479831" OrigHeight="5" Text="[管家婆软件]" LeftLineVisible="false" TopLineVisible="false" RightLineVisible="false" BottomLineVisible="false" TextHAlign="Right" WordWrap="true" X="107.971617118683" Y="60.5760416666667" Width="89.6856745479831" Height="5" TextColor="black" />
              </Cells>
            </Row>
            <Row X="9.65729166666667" Y="65.5760416666667" Width="2" Height="5">
              <Cells>
                <Cell OrigWidth="2" OrigHeight="5" Text=" " LeftLineVisible="false" TopLineVisible="false" RightLineVisible="false" BottomLineVisible="false" WordWrap="true" X="9.65729166666667" Y="65.5760416666667" Width="2" Height="5" />
              </Cells>
            </Row>
          </Rows>
        </TableElement>
        <TextElement Text="总页码" FieldKind="System" LeftLineVisible="false" TopLineVisible="false" RightLineVisible="false" BottomLineVisible="false" TextHAlign="Right" BandKind="PageHeader" X="175.629169972738" Y="11.5833328564962" Width="20" Height="5" />
        <TextElement Text="存    货" FieldKind="Master" LeftLineVisible="false" TopLineVisible="false" RightLineVisible="false" BottomLineVisible="false" BandKind="ReportHeader" X="114.775003306071" Y="39.0999995231628" Width="27.6729172229767" Height="5.0000001390775" />
        <TextElement Text="结束日期" FieldKind="Master" LeftLineVisible="false" TopLineVisible="false" RightLineVisible="false" BottomLineVisible="false" BandKind="ReportHeader" X="180.127086639404" Y="39.0999995231628" Width="20" Height="5" />
        <TextElement Text="至" LeftLineVisible="false" TopLineVisible="false" RightLineVisible="false" BottomLineVisible="false" BandKind="ReportHeader" X="169.808336639404" Y="39.0999995231628" Width="6.77083388964335" Height="5.0000001390775" />
        <TextElement Text="开始日期" FieldKind="Master" LeftLineVisible="false" TopLineVisible="false" RightLineVisible="false" BottomLineVisible="false" BandKind="ReportHeader" X="145.995836639404" Y="39.0999995231628" Width="20" Height="5" />
      </Elements>
      <Bands>
        <Band IsVisible="false" />
        <Band BandKind="PageHeader" Height="20" />
        <Band BandKind="ReportHeader" Y="19.84375" Height="25.5322916666667" />
        <Band IsVisible="false" BandKind="PageBodyHeader" />
        <Band BandKind="PageDetail" Y="45.24375" Height="231.467708333333" />
        <Band IsVisible="false" BandKind="PageBodyFooter" />
        <Band IsVisible="false" BandKind="ReportFooter" />
        <Band BandKind="PageFooter" Y="276.754166666667" Height="20" />
      </Bands>
    </Page>
  </Pages>
  <PageSettings MarginLeft="10" MarginTop="20" MarginRight="10" MarginBottom="20" PageWidth="210" PageHeight="297" />
  <ExpressionFields />
</Report>