<Report>
  <Pages>
    <Page Width="210" Height="297" TextVAlign="Center">
      <OrderFields />
      <Elements>
        <TextElement Text="表名" FieldKind="Master" LeftLineVisible="false" TopLineVisible="false" RightLineVisible="false" BottomLineVisible="false" BandKind="ReportHeader" X="9.85833721160889" Y="21.9333349863688" Width="189.856240844727" Height="10.000000278155" FontSize="20" BoldFont="true" TextHAlign="Center" TextVAlign="Center" />
        <TableElement X="10.1864583333333" Y="63.5677122751872" Width="189.441666666667" Height="208.397922388713" TextVAlign="Center">
          <Rows>
            <Row X="10.1864583333333" Y="63.5677122751872" Width="189.441666666667" Height="5" TextVAlign="Center">
              <Cells>
                <Cell CellWidth="3.4" OrigWidth="20.5291666666667" OrigHeight="5" Text="存货编号" X="10.1864583333333" Y="63.5677122751872" Width="20.5291666666667" Height="5" TextVAlign="Center" WordWrap="true" />
                <Cell CellWidth="3.4" OrigWidth="24.45" OrigHeight="5" Text="存货全名" X="30.715625" Y="63.5677122751872" Width="24.45" Height="5" TextVAlign="Center" WordWrap="true" />
                <Cell CellWidth="3.4" OrigWidth="20.3729166666667" OrigHeight="5" Text="单位" X="55.165625" Y="63.5677122751872" Width="20.3729166666667" Height="5" TextVAlign="Center" WordWrap="true" />
                <Cell CellWidth="3.4" OrigWidth="20.1083333333333" OrigHeight="5" Text="数量" X="75.5385416666667" Y="63.5677122751872" Width="20.1083333333333" Height="5" TextVAlign="Center" WordWrap="true" />
                <Cell CellWidth="3.4" OrigWidth="16.66875" OrigHeight="5" Text="单价" X="95.646875" Y="63.5677122751872" Width="16.66875" Height="5" TextVAlign="Center" WordWrap="true" />
                <Cell CellWidth="3.4" OrigWidth="21.6958333333333" OrigHeight="5" Text="金额" X="112.315625" Y="63.5677122751872" Width="21.6958333333333" Height="5" TextVAlign="Center" WordWrap="true" />
                <Cell CellWidth="3.4" OrigWidth="23.01875" OrigHeight="5" Text="含税单价" X="134.011458333333" Y="63.5677122751872" Width="23.01875" Height="5" TextVAlign="Center" WordWrap="true" />
                <Cell CellWidth="3.4" OrigWidth="23.5479166666667" OrigHeight="5" Text="含税金额" X="157.030208333333" Y="63.5677122751872" Width="23.5479166666667" Height="5" TextVAlign="Center" WordWrap="true" />
                <Cell CellWidth="3.4" OrigWidth="19.05" OrigHeight="5" Text="收货数量" X="180.578125" Y="63.5677122751872" Width="19.05" Height="5" TextVAlign="Center" />
              </Cells>
            </Row>
            <Row X="10.1864583333333" Y="68.5677122751872" Width="189.441666666667" Height="5" TextVAlign="Center">
              <Cells>
                <Cell CellWidth="3.4" OrigWidth="20.5291666666667" OrigHeight="5" Text="存货编号" FieldKind="Detail" X="10.1864583333333" Y="68.5677122751872" Width="20.5291666666667" Height="5" TextVAlign="Center" WordWrap="true" />
                <Cell CellWidth="3.4" OrigWidth="24.45" OrigHeight="5" Text="存货全名" FieldKind="Detail" X="30.715625" Y="68.5677122751872" Width="24.45" Height="5" TextVAlign="Center" WordWrap="true" />
                <Cell CellWidth="3.4" OrigWidth="20.3729166666667" OrigHeight="5" Text="单位" FieldKind="Detail" X="55.165625" Y="68.5677122751872" Width="20.3729166666667" Height="5" TextVAlign="Center" WordWrap="true" />
                <Cell CellWidth="3.4" OrigWidth="20.1083333333333" OrigHeight="5" Text="数量" FieldKind="Detail" X="75.5385416666667" Y="68.5677122751872" Width="20.1083333333333" Height="5" TextVAlign="Center" WordWrap="true" />
                <Cell CellWidth="3.4" OrigWidth="16.66875" OrigHeight="5" Text="单价" FieldKind="Detail" X="95.646875" Y="68.5677122751872" Width="16.66875" Height="5" TextVAlign="Center" WordWrap="true" />
                <Cell CellWidth="3.4" OrigWidth="21.6958333333333" OrigHeight="5" Text="金额" FieldKind="Detail" X="112.315625" Y="68.5677122751872" Width="21.6958333333333" Height="5" TextVAlign="Center" WordWrap="true" />
                <Cell CellWidth="3.4" OrigWidth="23.01875" OrigHeight="5" Text="含税单价" FieldKind="Detail" X="134.011458333333" Y="68.5677122751872" Width="23.01875" Height="5" TextVAlign="Center" WordWrap="true" />
                <Cell CellWidth="3.4" OrigWidth="23.5479166666667" OrigHeight="5" Text="价税合计" FieldKind="Detail" X="157.030208333333" Y="68.5677122751872" Width="23.5479166666667" Height="5" TextVAlign="Center" WordWrap="true" />
                <Cell CellWidth="3.4" OrigWidth="19.05" OrigHeight="5" Text="收货数量" FieldKind="Detail" X="180.578125" Y="68.5677122751872" Width="19.05" Height="5" TextVAlign="Center" />
              </Cells>
            </Row>
            <Row X="10.1864583333333" Y="73.5677122751872" Width="189.441666666667" Height="5" TextVAlign="Center">
              <Cells>
                <Cell CellWidth="3.4" OrigWidth="20.5291666666667" OrigHeight="5" Text="合计：" X="10.1864583333333" Y="73.5677122751872" Width="20.5291666666667" Height="5" TextVAlign="Center" WordWrap="true" />
                <Cell CellWidth="3.4" OrigWidth="24.45" OrigHeight="5" Text="" X="30.715625" Y="73.5677122751872" Width="24.45" Height="5" TextVAlign="Center" WordWrap="true" />
                <Cell CellWidth="3.4" OrigWidth="20.3729166666667" OrigHeight="5" Text="" X="55.165625" Y="73.5677122751872" Width="20.3729166666667" Height="5" TextVAlign="Center" WordWrap="true" />
                <Cell CellWidth="3.4" OrigWidth="20.1083333333333" OrigHeight="5" Text="数量" FieldKind="ToCurPageSum" X="75.5385416666667" Y="73.5677122751872" Width="20.1083333333333" Height="5" TextVAlign="Center" WordWrap="true" />
                <Cell CellWidth="3.4" OrigWidth="16.66875" OrigHeight="5" Text="" X="95.646875" Y="73.5677122751872" Width="16.66875" Height="5" TextVAlign="Center" WordWrap="true" />
                <Cell CellWidth="3.4" OrigWidth="21.6958333333333" OrigHeight="5" Text="金额" FieldKind="ToCurPageSum" X="112.315625" Y="73.5677122751872" Width="21.6958333333333" Height="5" TextVAlign="Center" WordWrap="true" />
                <Cell CellWidth="3.4" OrigWidth="23.01875" OrigHeight="5" Text="" X="134.011458333333" Y="73.5677122751872" Width="23.01875" Height="5" TextVAlign="Center" WordWrap="true" />
                <Cell CellWidth="3.4" OrigWidth="23.5479166666667" OrigHeight="5" Text="价税合计" FieldKind="ToCurPageSum" X="157.030208333333" Y="73.5677122751872" Width="23.5479166666667" Height="5" TextVAlign="Center" WordWrap="true" />
                <Cell CellWidth="3.4" OrigWidth="19.05" OrigHeight="5" Text="收货数量" FieldKind="ToCurPageSum" X="180.578125" Y="73.5677122751872" Width="19.05" Height="5" TextVAlign="Center" />
              </Cells>
            </Row>
            <Row X="10.1864583333333" Y="78.5677122751872" Width="189.441666666667" Height="5" TextVAlign="Center">
              <Cells>
                <Cell CellWidth="3.4" OrigWidth="20.5291666666667" OrigHeight="4.64374999999995" Text="" LeftLineVisible="false" RightLineVisible="false" BottomLineVisible="false" X="10.1864583333333" Y="78.5677122751872" Width="20.5291666666667" Height="5" TextColor="black" TextVAlign="Center" WordWrap="true" />
                <Cell CellWidth="3.4" OrigWidth="24.45" OrigHeight="4.64374999999995" Text="" LeftLineVisible="false" RightLineVisible="false" BottomLineVisible="false" X="30.715625" Y="78.5677122751872" Width="24.45" Height="5" TextColor="black" TextVAlign="Center" WordWrap="true" />
                <Cell CellWidth="3.4" OrigWidth="20.3729166666667" OrigHeight="4.64374999999995" Text="" LeftLineVisible="false" RightLineVisible="false" BottomLineVisible="false" X="55.165625" Y="78.5677122751872" Width="20.3729166666667" Height="5" TextColor="black" TextVAlign="Center" WordWrap="true" />
                <Cell CellWidth="3.4" OrigWidth="20.1083333333333" OrigHeight="4.64374999999995" Text="" LeftLineVisible="false" RightLineVisible="false" BottomLineVisible="false" X="75.5385416666667" Y="78.5677122751872" Width="20.1083333333333" Height="5" TextColor="black" TextVAlign="Center" WordWrap="true" />
                <Cell CellWidth="3.4" OrigWidth="16.66875" OrigHeight="4.64374999999995" Text="" LeftLineVisible="false" RightLineVisible="false" BottomLineVisible="false" X="95.646875" Y="78.5677122751872" Width="16.66875" Height="5" TextColor="black" TextVAlign="Center" WordWrap="true" />
                <Cell CellWidth="3.4" OrigWidth="21.6958333333333" OrigHeight="4.64374999999995" Text="" LeftLineVisible="false" RightLineVisible="false" BottomLineVisible="false" X="112.315625" Y="78.5677122751872" Width="21.6958333333333" Height="5" TextColor="black" TextVAlign="Center" WordWrap="true" />
                <Cell CellWidth="3.4" OrigWidth="23.01875" OrigHeight="4.64374999999995" Text="" LeftLineVisible="false" RightLineVisible="false" BottomLineVisible="false" X="134.011458333333" Y="78.5677122751872" Width="23.01875" Height="5" TextColor="black" TextVAlign="Center" WordWrap="true" />
                <Cell CellWidth="3.4" OrigWidth="23.5479166666667" OrigHeight="4.64374999999995" Text="打印时间：" LeftLineVisible="false" RightLineVisible="false" BottomLineVisible="false" X="157.030208333333" Y="78.5677122751872" Width="23.5479166666667" Height="5" TextColor="black" TextVAlign="Center" WordWrap="true" />
                <Cell CellWidth="3.4" OrigWidth="19.05" OrigHeight="5" Text="日期" FieldKind="System" LeftLineVisible="false" RightLineVisible="false" BottomLineVisible="false" X="180.578125" Y="78.5677122751872" Width="19.05" Height="5" TextHAlign="Right" TextVAlign="Center" />
              </Cells>
            </Row>
            <Row X="10.1864583333333" Y="83.5677122751872" Width="189.441666666667" Height="5" TextVAlign="Center">
              <Cells>
                <Cell CellWidth="3.4" OrigWidth="20.5291666666667" OrigHeight="5" Text="" LeftLineVisible="false" TopLineVisible="false" RightLineVisible="false" BottomLineVisible="false" X="10.1864583333333" Y="83.5677122751872" Width="20.5291666666667" Height="5" TextColor="black" TextVAlign="Center" WordWrap="true" />
                <Cell CellWidth="3.4" OrigWidth="24.45" OrigHeight="5" Text="" LeftLineVisible="false" TopLineVisible="false" RightLineVisible="false" BottomLineVisible="false" X="30.715625" Y="83.5677122751872" Width="24.45" Height="5" TextColor="black" TextVAlign="Center" WordWrap="true" />
                <Cell CellWidth="3.4" OrigWidth="20.3729166666667" OrigHeight="5" Text="" LeftLineVisible="false" TopLineVisible="false" RightLineVisible="false" BottomLineVisible="false" X="55.165625" Y="83.5677122751872" Width="20.3729166666667" Height="5" TextColor="black" TextVAlign="Center" WordWrap="true" />
                <Cell CellWidth="3.4" OrigWidth="20.1083333333333" OrigHeight="5" Text="" LeftLineVisible="false" TopLineVisible="false" RightLineVisible="false" BottomLineVisible="false" X="75.5385416666667" Y="83.5677122751872" Width="20.1083333333333" Height="5" TextColor="black" TextVAlign="Center" WordWrap="true" />
                <Cell CellWidth="3.4" OrigWidth="16.66875" OrigHeight="5" Text="" LeftLineVisible="false" TopLineVisible="false" RightLineVisible="false" BottomLineVisible="false" X="95.646875" Y="83.5677122751872" Width="16.66875" Height="5" TextColor="black" TextVAlign="Center" WordWrap="true" />
                <Cell CellWidth="3.4" OrigWidth="21.6958333333333" OrigHeight="5" Text="" LeftLineVisible="false" TopLineVisible="false" RightLineVisible="false" BottomLineVisible="false" X="112.315625" Y="83.5677122751872" Width="21.6958333333333" Height="5" TextColor="black" TextVAlign="Center" WordWrap="true" />
                <Cell CellWidth="3.4" OrigWidth="23.01875" OrigHeight="5" Text="" LeftLineVisible="false" TopLineVisible="false" RightLineVisible="false" BottomLineVisible="false" X="134.011458333333" Y="83.5677122751872" Width="23.01875" Height="5" TextColor="black" TextVAlign="Center" WordWrap="true" />
                <Cell CellWidth="3.4" OrigWidth="23.5479166666667" OrigHeight="5" Text="" LeftLineVisible="false" TopLineVisible="false" RightLineVisible="false" BottomLineVisible="false" X="157.030208333333" Y="83.5677122751872" Width="23.5479166666667" Height="5" TextColor="black" TextHAlign="Right" TextVAlign="Center" WordWrap="true" />
                <Cell CellWidth="3.4" OrigWidth="19.05" OrigHeight="5" Text="[管家婆软件]" LeftLineVisible="false" TopLineVisible="false" RightLineVisible="false" BottomLineVisible="false" X="180.578125" Y="83.5677122751872" Width="19.05" Height="5" TextHAlign="Right" TextVAlign="Center" />
              </Cells>
            </Row>
          </Rows>
        </TableElement>
        <TextElement Text="总页码" FieldKind="System" LeftLineVisible="false" TopLineVisible="false" RightLineVisible="false" BottomLineVisible="false" BandKind="PageHeader" X="167.956253306071" Y="15.0000004172325" Width="32.4354172229767" Height="5.0000001390775" TextHAlign="Right" TextVAlign="Center" />
        <TextElement Text="制单日期" FieldKind="Master" LeftLineVisible="false" TopLineVisible="false" RightLineVisible="false" BottomLineVisible="false" BandKind="ReportHeader" X="91.4916699727376" Y="35.3958328564962" Width="20" Height="5" TextVAlign="Center" />
        <TextElement Text="录单日期：" LeftLineVisible="false" TopLineVisible="false" RightLineVisible="false" BottomLineVisible="false" BandKind="ReportHeader" X="71.118753306071" Y="35.3958328564962" Width="20.00000055631" Height="5.0000001390775" TextVAlign="Center" />
        <TextElement Text="操作员" FieldKind="Master" LeftLineVisible="false" TopLineVisible="false" RightLineVisible="false" BottomLineVisible="false" BandKind="ReportHeader" X="31.9604159355164" Y="35.3958328564962" Width="20" Height="5" TextVAlign="Center" />
        <TextElement Text="制单人：" LeftLineVisible="false" TopLineVisible="false" RightLineVisible="false" BottomLineVisible="false" BandKind="ReportHeader" X="12.1166669448217" Y="35.3958328564962" Width="20" Height="5" TextVAlign="Center" />
        <TextElement Text="单据编号" FieldKind="Master" LeftLineVisible="false" TopLineVisible="false" RightLineVisible="false" BottomLineVisible="false" BandKind="ReportHeader" X="151.022919972738" Y="35.3958328564962" Width="49.104165204366" Height="5.0000001390775" TextVAlign="Center" />
        <TextElement Text="单据编号：" LeftLineVisible="false" TopLineVisible="false" RightLineVisible="false" BottomLineVisible="false" BandKind="ReportHeader" X="131.179169972738" Y="35.3958328564962" Width="20" Height="5" TextVAlign="Center" />
        <TextElement Text="供 应 商" FieldKind="Master" LeftLineVisible="false" TopLineVisible="false" RightLineVisible="false" BottomLineVisible="false" BandKind="ReportHeader" X="31.9604159355164" Y="45.7145828564962" Width="20" Height="5" TextVAlign="Center" />
        <TextElement Text="供货单位：" LeftLineVisible="false" TopLineVisible="false" RightLineVisible="false" BottomLineVisible="false" BandKind="ReportHeader" X="11.9604153792063" Y="45.4499995231628" Width="20" Height="5" TextVAlign="Center" />
        <TextElement Text="经 办 人" FieldKind="Master" LeftLineVisible="false" TopLineVisible="false" RightLineVisible="false" BottomLineVisible="false" BandKind="ReportHeader" X="31.9604159355164" Y="40.3958329955737" Width="20" Height="5" TextVAlign="Center" />
        <TextElement Text="经办人：" LeftLineVisible="false" TopLineVisible="false" RightLineVisible="false" BottomLineVisible="false" BandKind="ReportHeader" X="12.1166669448217" Y="40.3958329955737" Width="20" Height="5" TextVAlign="Center" />
        <TextElement Text="交货日期" FieldKind="Master" LeftLineVisible="false" TopLineVisible="false" RightLineVisible="false" BottomLineVisible="false" BandKind="ReportHeader" X="31.9604159355164" Y="50.7416661898295" Width="20" Height="5" TextVAlign="Center" />
        <TextElement Text="交货日期：" LeftLineVisible="false" TopLineVisible="false" RightLineVisible="false" BottomLineVisible="false" BandKind="ReportHeader" X="11.9604153792063" Y="50.7416661898295" Width="20" Height="5" TextVAlign="Center" />
        <TextElement Text="部    门" FieldKind="Master" LeftLineVisible="false" TopLineVisible="false" RightLineVisible="false" BottomLineVisible="false" BandKind="ReportHeader" X="91.2270866394043" Y="40.6874995231628" Width="20" Height="5" TextVAlign="Center" />
        <TextElement Text="部    门：" LeftLineVisible="false" TopLineVisible="false" RightLineVisible="false" BottomLineVisible="false" BandKind="ReportHeader" X="71.2270860830943" Y="40.3958345095317" Width="20" Height="5" TextVAlign="Center" />
        <TextElement Text="提货方式" FieldKind="Master" LeftLineVisible="false" TopLineVisible="false" RightLineVisible="false" BottomLineVisible="false" BandKind="ReportHeader" X="91.2270866394043" Y="45.9791661898295" Width="20" Height="5" TextVAlign="Center" />
        <TextElement Text="提货方式：" LeftLineVisible="false" TopLineVisible="false" RightLineVisible="false" BottomLineVisible="false" BandKind="ReportHeader" X="71.118753306071" Y="45.7145828564962" Width="20.00000055631" Height="5.26458347241084" TextVAlign="Center" />
        <TextElement Text="收货仓库" FieldKind="Master" LeftLineVisible="false" TopLineVisible="false" RightLineVisible="false" BottomLineVisible="false" BandKind="ReportHeader" X="151.022919972738" Y="40.3958345095317" Width="49.3687485376994" Height="5.0000001390775" TextVAlign="Center" />
        <TextElement Text="收货仓库：" LeftLineVisible="false" TopLineVisible="false" RightLineVisible="false" BottomLineVisible="false" BandKind="ReportHeader" X="130.914586639404" Y="40.3958329955737" Width="20" Height="5" TextVAlign="Center" />
        <TextElement Text="付款方式" FieldKind="Master" LeftLineVisible="false" TopLineVisible="false" RightLineVisible="false" BottomLineVisible="false" BandKind="ReportHeader" X="151.022919972738" Y="45.4499995231628" Width="48.8395818710327" Height="5.0000001390775" TextVAlign="Center" />
        <TextElement Text="付款方式：" LeftLineVisible="false" TopLineVisible="false" RightLineVisible="false" BottomLineVisible="false" BandKind="ReportHeader" X="131.179169972738" Y="45.4499995231628" Width="20" Height="5" TextVAlign="Center" />
        <TextElement Text="摘    要" FieldKind="Master" LeftLineVisible="false" TopLineVisible="false" RightLineVisible="false" BottomLineVisible="false" BandKind="ReportHeader" X="91.2270866394043" Y="51.2708328564962" Width="107.841665204366" Height="5.0000001390775" TextVAlign="Center" />
        <TextElement Text="摘    要：" LeftLineVisible="false" TopLineVisible="false" RightLineVisible="false" BottomLineVisible="false" BandKind="ReportHeader" X="71.2270860830943" Y="51.2708328564962" Width="20" Height="5" TextVAlign="Center" />
      </Elements>
      <Bands>
        <Band IsVisible="false" TextVAlign="Center" />
        <Band BandKind="PageHeader" Height="20" TextVAlign="Center" />
        <Band BandKind="ReportHeader" Y="19.84375" Height="42.465625" TextVAlign="Center" />
        <Band IsVisible="false" BandKind="PageBodyHeader" TextVAlign="Center" />
        <Band BandKind="PageDetail" Y="62.4416666666667" Height="214.534375" TextVAlign="Center" />
        <Band IsVisible="false" BandKind="PageBodyFooter" TextVAlign="Center" />
        <Band IsVisible="false" BandKind="ReportFooter" TextVAlign="Center" />
        <Band BandKind="PageFooter" Y="276.754166666667" Height="20" TextVAlign="Center" />
      </Bands>
    </Page>
  </Pages>
  <PageSettings MarginLeft="10" MarginTop="20" MarginRight="10" MarginBottom="20" PageWidth="210" PageHeight="297" />
  <ExpressionFields />
</Report>